<?xml version="1.0" encoding="UTF-8"?>
<testsuite xmlns:xsi="http://www.w3.org/2001/XMLSchema-instance" xsi:noNamespaceSchemaLocation="https://maven.apache.org/surefire/maven-surefire-plugin/xsd/surefire-test-report-3.0.xsd" version="3.0" name="TestSuite" time="256.624" tests="4" errors="0" skipped="0" failures="2">
  <properties>
    <property name="sun.desktop" value="windows"/>
    <property name="awt.toolkit" value="sun.awt.windows.WToolkit"/>
    <property name="java.specification.version" value="11"/>
    <property name="webdriver.chrome.driver" value="C:\Users\nasreenk\.m2\repository\webdriver\chromedriver\win32\84.0.4147.30\chromedriver.exe"/>
    <property name="sun.cpu.isalist" value="amd64"/>
    <property name="sun.jnu.encoding" value="Cp1252"/>
    <property name="java.class.path" value="E:\InelliJ\SeleniumTestJavaArtifact2july\SeleniumTestJavaArtifact\target\test-classes;E:\InelliJ\SeleniumTestJavaArtifact2july\SeleniumTestJavaArtifact\target\classes;C:\Users\nasreenk\.m2\repository\io\github\bonigarcia\webdrivermanager\4.0.0\webdrivermanager-4.0.0.jar;C:\Users\nasreenk\.m2\repository\commons-io\commons-io\2.6\commons-io-2.6.jar;C:\Users\nasreenk\.m2\repository\com\google\code\gson\gson\2.8.6\gson-2.8.6.jar;C:\Users\nasreenk\.m2\repository\org\apache\commons\commons-lang3\3.10\commons-lang3-3.10.jar;C:\Users\nasreenk\.m2\repository\org\apache\httpcomponents\client5\httpclient5\5.0\httpclient5-5.0.jar;C:\Users\nasreenk\.m2\repository\org\apache\httpcomponents\core5\httpcore5\5.0\httpcore5-5.0.jar;C:\Users\nasreenk\.m2\repository\org\apache\httpcomponents\core5\httpcore5-h2\5.0\httpcore5-h2-5.0.jar;C:\Users\nasreenk\.m2\repository\commons-codec\commons-codec\1.13\commons-codec-1.13.jar;C:\Users\nasreenk\.m2\repository\org\rauschig\jarchivelib\1.0.0\jarchivelib-1.0.0.jar;C:\Users\nasreenk\.m2\repository\org\apache\commons\commons-compress\1.18\commons-compress-1.18.jar;C:\Users\nasreenk\.m2\repository\org\seleniumhq\selenium\selenium-java\3.141.59\selenium-java-3.141.59.jar;C:\Users\nasreenk\.m2\repository\org\seleniumhq\selenium\selenium-api\3.141.59\selenium-api-3.141.59.jar;C:\Users\nasreenk\.m2\repository\org\seleniumhq\selenium\selenium-chrome-driver\3.141.59\selenium-chrome-driver-3.141.59.jar;C:\Users\nasreenk\.m2\repository\org\seleniumhq\selenium\selenium-edge-driver\3.141.59\selenium-edge-driver-3.141.59.jar;C:\Users\nasreenk\.m2\repository\org\seleniumhq\selenium\selenium-firefox-driver\3.141.59\selenium-firefox-driver-3.141.59.jar;C:\Users\nasreenk\.m2\repository\org\seleniumhq\selenium\selenium-ie-driver\3.141.59\selenium-ie-driver-3.141.59.jar;C:\Users\nasreenk\.m2\repository\org\seleniumhq\selenium\selenium-opera-driver\3.141.59\selenium-opera-driver-3.141.59.jar;C:\Users\nasreenk\.m2\repository\org\seleniumhq\selenium\selenium-remote-driver\3.141.59\selenium-remote-driver-3.141.59.jar;C:\Users\nasreenk\.m2\repository\org\seleniumhq\selenium\selenium-safari-driver\3.141.59\selenium-safari-driver-3.141.59.jar;C:\Users\nasreenk\.m2\repository\org\seleniumhq\selenium\selenium-support\3.141.59\selenium-support-3.141.59.jar;C:\Users\nasreenk\.m2\repository\net\bytebuddy\byte-buddy\1.8.15\byte-buddy-1.8.15.jar;C:\Users\nasreenk\.m2\repository\org\apache\commons\commons-exec\1.3\commons-exec-1.3.jar;C:\Users\nasreenk\.m2\repository\com\google\guava\guava\25.0-jre\guava-25.0-jre.jar;C:\Users\nasreenk\.m2\repository\org\checkerframework\checker-compat-qual\2.0.0\checker-compat-qual-2.0.0.jar;C:\Users\nasreenk\.m2\repository\com\google\errorprone\error_prone_annotations\2.1.3\error_prone_annotations-2.1.3.jar;C:\Users\nasreenk\.m2\repository\com\google\j2objc\j2objc-annotations\1.1\j2objc-annotations-1.1.jar;C:\Users\nasreenk\.m2\repository\org\codehaus\mojo\animal-sniffer-annotations\1.14\animal-sniffer-annotations-1.14.jar;C:\Users\nasreenk\.m2\repository\com\squareup\okhttp3\okhttp\3.11.0\okhttp-3.11.0.jar;C:\Users\nasreenk\.m2\repository\com\squareup\okio\okio\1.14.0\okio-1.14.0.jar;C:\Users\nasreenk\.m2\repository\org\testng\testng\7.1.0\testng-7.1.0.jar;C:\Users\nasreenk\.m2\repository\com\beust\jcommander\1.72\jcommander-1.72.jar;C:\Users\nasreenk\.m2\repository\com\google\inject\guice\4.1.0\guice-4.1.0-no_aop.jar;C:\Users\nasreenk\.m2\repository\javax\inject\javax.inject\1\javax.inject-1.jar;C:\Users\nasreenk\.m2\repository\aopalliance\aopalliance\1.0\aopalliance-1.0.jar;C:\Users\nasreenk\.m2\repository\org\yaml\snakeyaml\1.21\snakeyaml-1.21.jar;C:\Users\nasreenk\.m2\repository\com\codoid\products\fillo\1.21\fillo-1.21.jar;C:\Users\nasreenk\.m2\repository\org\testng\reportng\1.2.2\reportng-1.2.2.jar;C:\Users\nasreenk\.m2\repository\org\freemarker\freemarker\2.3.28\freemarker-2.3.28.jar;C:\Users\nasreenk\.m2\repository\com\google\inject\guice\4.2.0\guice-4.2.0.jar;C:\Users\nasreenk\.m2\repository\io\qameta\allure\allure-testng\2.13.2\allure-testng-2.13.2.jar;C:\Users\nasreenk\.m2\repository\io\qameta\allure\allure-java-commons\2.13.2\allure-java-commons-2.13.2.jar;C:\Users\nasreenk\.m2\repository\io\qameta\allure\allure-model\2.13.2\allure-model-2.13.2.jar;C:\Users\nasreenk\.m2\repository\com\fasterxml\jackson\core\jackson-databind\2.9.8\jackson-databind-2.9.8.jar;C:\Users\nasreenk\.m2\repository\com\fasterxml\jackson\core\jackson-annotations\2.9.0\jackson-annotations-2.9.0.jar;C:\Users\nasreenk\.m2\repository\com\fasterxml\jackson\core\jackson-core\2.9.8\jackson-core-2.9.8.jar;C:\Users\nasreenk\.m2\repository\org\apache\tika\tika-core\1.20\tika-core-1.20.jar;C:\Users\nasreenk\.m2\repository\org\jooq\joor-java-8\0.9.10\joor-java-8-0.9.10.jar;C:\Users\nasreenk\.m2\repository\com\aventstack\extentreports\4.1.3\extentreports-4.1.3.jar;C:\Users\nasreenk\.m2\repository\org\apache\httpcomponents\httpclient\4.5.2\httpclient-4.5.2.jar;C:\Users\nasreenk\.m2\repository\org\apache\httpcomponents\httpcore\4.4.4\httpcore-4.4.4.jar;C:\Users\nasreenk\.m2\repository\commons-logging\commons-logging\1.2\commons-logging-1.2.jar;C:\Users\nasreenk\.m2\repository\org\apache\httpcomponents\httpmime\4.5.2\httpmime-4.5.2.jar;C:\Users\nasreenk\.m2\repository\org\mongodb\mongodb-driver\3.12.0\mongodb-driver-3.12.0.jar;C:\Users\nasreenk\.m2\repository\org\mongodb\mongodb-driver-core\3.12.0\mongodb-driver-core-3.12.0.jar;C:\Users\nasreenk\.m2\repository\org\mongodb\bson\3.12.0\bson-3.12.0.jar;C:\Users\nasreenk\.m2\repository\com\sun\mail\javax.mail\1.6.2\javax.mail-1.6.2.jar;C:\Users\nasreenk\.m2\repository\javax\activation\activation\1.1\activation-1.1.jar;C:\Users\nasreenk\.m2\repository\org\jsoup\jsoup\1.12.1\jsoup-1.12.1.jar;C:\Users\nasreenk\.m2\repository\com\google\code\findbugs\jsr305\3.0.2\jsr305-3.0.2.jar;C:\Users\nasreenk\.m2\repository\org\slf4j\slf4j-api\1.7.30\slf4j-api-1.7.30.jar;C:\Users\nasreenk\.m2\repository\org\slf4j\slf4j-log4j12\1.7.30\slf4j-log4j12-1.7.30.jar;C:\Users\nasreenk\.m2\repository\log4j\log4j\1.2.17\log4j-1.2.17.jar;C:\Users\nasreenk\.m2\repository\org\apache\logging\log4j\log4j-core\2.13.2\log4j-core-2.13.2.jar;C:\Users\nasreenk\.m2\repository\org\apache\logging\log4j\log4j-api\2.13.2\log4j-api-2.13.2.jar;C:\Users\nasreenk\.m2\repository\net\sourceforge\csvjdbc\csvjdbc\1.0.36\csvjdbc-1.0.36.jar;"/>
    <property name="java.vm.vendor" value="Oracle Corporation"/>
    <property name="sun.arch.data.model" value="64"/>
    <property name="user.variant" value=""/>
    <property name="java.vendor.url" value="https://openjdk.java.net/"/>
    <property name="user.timezone" value="Asia/Calcutta"/>
    <property name="java.vm.specification.version" value="11"/>
    <property name="os.name" value="Windows 10"/>
    <property name="sun.java.launcher" value="SUN_STANDARD"/>
    <property name="user.country" value="IN"/>
    <property name="sun.boot.library.path" value="C:\Program Files\Java\jdk-11.0.7\bin"/>
    <property name="sun.java.command" value="C:\Users\nasreenk\AppData\Local\Temp\surefire1025553207295692734\surefirebooter10090703985323393941.jar C:\Users\nasreenk\AppData\Local\Temp\surefire1025553207295692734 2020-08-12T16-54-17_605-jvmRun1 surefire9552315921748293218tmp surefire_013341352646781082378tmp"/>
    <property name="jdk.debug" value="release"/>
    <property name="surefire.test.class.path" value="E:\InelliJ\SeleniumTestJavaArtifact2july\SeleniumTestJavaArtifact\target\test-classes;E:\InelliJ\SeleniumTestJavaArtifact2july\SeleniumTestJavaArtifact\target\classes;C:\Users\nasreenk\.m2\repository\io\github\bonigarcia\webdrivermanager\4.0.0\webdrivermanager-4.0.0.jar;C:\Users\nasreenk\.m2\repository\commons-io\commons-io\2.6\commons-io-2.6.jar;C:\Users\nasreenk\.m2\repository\com\google\code\gson\gson\2.8.6\gson-2.8.6.jar;C:\Users\nasreenk\.m2\repository\org\apache\commons\commons-lang3\3.10\commons-lang3-3.10.jar;C:\Users\nasreenk\.m2\repository\org\apache\httpcomponents\client5\httpclient5\5.0\httpclient5-5.0.jar;C:\Users\nasreenk\.m2\repository\org\apache\httpcomponents\core5\httpcore5\5.0\httpcore5-5.0.jar;C:\Users\nasreenk\.m2\repository\org\apache\httpcomponents\core5\httpcore5-h2\5.0\httpcore5-h2-5.0.jar;C:\Users\nasreenk\.m2\repository\commons-codec\commons-codec\1.13\commons-codec-1.13.jar;C:\Users\nasreenk\.m2\repository\org\rauschig\jarchivelib\1.0.0\jarchivelib-1.0.0.jar;C:\Users\nasreenk\.m2\repository\org\apache\commons\commons-compress\1.18\commons-compress-1.18.jar;C:\Users\nasreenk\.m2\repository\org\seleniumhq\selenium\selenium-java\3.141.59\selenium-java-3.141.59.jar;C:\Users\nasreenk\.m2\repository\org\seleniumhq\selenium\selenium-api\3.141.59\selenium-api-3.141.59.jar;C:\Users\nasreenk\.m2\repository\org\seleniumhq\selenium\selenium-chrome-driver\3.141.59\selenium-chrome-driver-3.141.59.jar;C:\Users\nasreenk\.m2\repository\org\seleniumhq\selenium\selenium-edge-driver\3.141.59\selenium-edge-driver-3.141.59.jar;C:\Users\nasreenk\.m2\repository\org\seleniumhq\selenium\selenium-firefox-driver\3.141.59\selenium-firefox-driver-3.141.59.jar;C:\Users\nasreenk\.m2\repository\org\seleniumhq\selenium\selenium-ie-driver\3.141.59\selenium-ie-driver-3.141.59.jar;C:\Users\nasreenk\.m2\repository\org\seleniumhq\selenium\selenium-opera-driver\3.141.59\selenium-opera-driver-3.141.59.jar;C:\Users\nasreenk\.m2\repository\org\seleniumhq\selenium\selenium-remote-driver\3.141.59\selenium-remote-driver-3.141.59.jar;C:\Users\nasreenk\.m2\repository\org\seleniumhq\selenium\selenium-safari-driver\3.141.59\selenium-safari-driver-3.141.59.jar;C:\Users\nasreenk\.m2\repository\org\seleniumhq\selenium\selenium-support\3.141.59\selenium-support-3.141.59.jar;C:\Users\nasreenk\.m2\repository\net\bytebuddy\byte-buddy\1.8.15\byte-buddy-1.8.15.jar;C:\Users\nasreenk\.m2\repository\org\apache\commons\commons-exec\1.3\commons-exec-1.3.jar;C:\Users\nasreenk\.m2\repository\com\google\guava\guava\25.0-jre\guava-25.0-jre.jar;C:\Users\nasreenk\.m2\repository\org\checkerframework\checker-compat-qual\2.0.0\checker-compat-qual-2.0.0.jar;C:\Users\nasreenk\.m2\repository\com\google\errorprone\error_prone_annotations\2.1.3\error_prone_annotations-2.1.3.jar;C:\Users\nasreenk\.m2\repository\com\google\j2objc\j2objc-annotations\1.1\j2objc-annotations-1.1.jar;C:\Users\nasreenk\.m2\repository\org\codehaus\mojo\animal-sniffer-annotations\1.14\animal-sniffer-annotations-1.14.jar;C:\Users\nasreenk\.m2\repository\com\squareup\okhttp3\okhttp\3.11.0\okhttp-3.11.0.jar;C:\Users\nasreenk\.m2\repository\com\squareup\okio\okio\1.14.0\okio-1.14.0.jar;C:\Users\nasreenk\.m2\repository\org\testng\testng\7.1.0\testng-7.1.0.jar;C:\Users\nasreenk\.m2\repository\com\beust\jcommander\1.72\jcommander-1.72.jar;C:\Users\nasreenk\.m2\repository\com\google\inject\guice\4.1.0\guice-4.1.0-no_aop.jar;C:\Users\nasreenk\.m2\repository\javax\inject\javax.inject\1\javax.inject-1.jar;C:\Users\nasreenk\.m2\repository\aopalliance\aopalliance\1.0\aopalliance-1.0.jar;C:\Users\nasreenk\.m2\repository\org\yaml\snakeyaml\1.21\snakeyaml-1.21.jar;C:\Users\nasreenk\.m2\repository\com\codoid\products\fillo\1.21\fillo-1.21.jar;C:\Users\nasreenk\.m2\repository\org\testng\reportng\1.2.2\reportng-1.2.2.jar;C:\Users\nasreenk\.m2\repository\org\freemarker\freemarker\2.3.28\freemarker-2.3.28.jar;C:\Users\nasreenk\.m2\repository\com\google\inject\guice\4.2.0\guice-4.2.0.jar;C:\Users\nasreenk\.m2\repository\io\qameta\allure\allure-testng\2.13.2\allure-testng-2.13.2.jar;C:\Users\nasreenk\.m2\repository\io\qameta\allure\allure-java-commons\2.13.2\allure-java-commons-2.13.2.jar;C:\Users\nasreenk\.m2\repository\io\qameta\allure\allure-model\2.13.2\allure-model-2.13.2.jar;C:\Users\nasreenk\.m2\repository\com\fasterxml\jackson\core\jackson-databind\2.9.8\jackson-databind-2.9.8.jar;C:\Users\nasreenk\.m2\repository\com\fasterxml\jackson\core\jackson-annotations\2.9.0\jackson-annotations-2.9.0.jar;C:\Users\nasreenk\.m2\repository\com\fasterxml\jackson\core\jackson-core\2.9.8\jackson-core-2.9.8.jar;C:\Users\nasreenk\.m2\repository\org\apache\tika\tika-core\1.20\tika-core-1.20.jar;C:\Users\nasreenk\.m2\repository\org\jooq\joor-java-8\0.9.10\joor-java-8-0.9.10.jar;C:\Users\nasreenk\.m2\repository\com\aventstack\extentreports\4.1.3\extentreports-4.1.3.jar;C:\Users\nasreenk\.m2\repository\org\apache\httpcomponents\httpclient\4.5.2\httpclient-4.5.2.jar;C:\Users\nasreenk\.m2\repository\org\apache\httpcomponents\httpcore\4.4.4\httpcore-4.4.4.jar;C:\Users\nasreenk\.m2\repository\commons-logging\commons-logging\1.2\commons-logging-1.2.jar;C:\Users\nasreenk\.m2\repository\org\apache\httpcomponents\httpmime\4.5.2\httpmime-4.5.2.jar;C:\Users\nasreenk\.m2\repository\org\mongodb\mongodb-driver\3.12.0\mongodb-driver-3.12.0.jar;C:\Users\nasreenk\.m2\repository\org\mongodb\mongodb-driver-core\3.12.0\mongodb-driver-core-3.12.0.jar;C:\Users\nasreenk\.m2\repository\org\mongodb\bson\3.12.0\bson-3.12.0.jar;C:\Users\nasreenk\.m2\repository\com\sun\mail\javax.mail\1.6.2\javax.mail-1.6.2.jar;C:\Users\nasreenk\.m2\repository\javax\activation\activation\1.1\activation-1.1.jar;C:\Users\nasreenk\.m2\repository\org\jsoup\jsoup\1.12.1\jsoup-1.12.1.jar;C:\Users\nasreenk\.m2\repository\com\google\code\findbugs\jsr305\3.0.2\jsr305-3.0.2.jar;C:\Users\nasreenk\.m2\repository\org\slf4j\slf4j-api\1.7.30\slf4j-api-1.7.30.jar;C:\Users\nasreenk\.m2\repository\org\slf4j\slf4j-log4j12\1.7.30\slf4j-log4j12-1.7.30.jar;C:\Users\nasreenk\.m2\repository\log4j\log4j\1.2.17\log4j-1.2.17.jar;C:\Users\nasreenk\.m2\repository\org\apache\logging\log4j\log4j-core\2.13.2\log4j-core-2.13.2.jar;C:\Users\nasreenk\.m2\repository\org\apache\logging\log4j\log4j-api\2.13.2\log4j-api-2.13.2.jar;C:\Users\nasreenk\.m2\repository\net\sourceforge\csvjdbc\csvjdbc\1.0.36\csvjdbc-1.0.36.jar;"/>
    <property name="sun.cpu.endian" value="little"/>
    <property name="user.home" value="C:\Users\nasreenk"/>
    <property name="user.language" value="en"/>
    <property name="java.specification.vendor" value="Oracle Corporation"/>
    <property name="java.version.date" value="2020-04-14"/>
    <property name="java.home" value="C:\Program Files\Java\jdk-11.0.7"/>
    <property name="file.separator" value="\"/>
    <property name="basedir" value="E:\InelliJ\SeleniumTestJavaArtifact2july\SeleniumTestJavaArtifact"/>
    <property name="java.vm.compressedOopsMode" value="32-bit"/>
    <property name="line.separator" value="&#10;"/>
    <property name="filename" value="utilities.listener.WebEventListener"/>
    <property name="java.specification.name" value="Java Platform API Specification"/>
    <property name="java.vm.specification.vendor" value="Oracle Corporation"/>
    <property name="java.awt.graphicsenv" value="sun.awt.Win32GraphicsEnvironment"/>
    <property name="idea.version2020.1.1" value="true"/>
    <property name="surefire.real.class.path" value="C:\Users\nasreenk\AppData\Local\Temp\surefire1025553207295692734\surefirebooter10090703985323393941.jar"/>
    <property name="user.script" value=""/>
    <property name="sun.management.compiler" value="HotSpot 64-Bit Tiered Compilers"/>
    <property name="java.runtime.version" value="11.0.7+8-LTS"/>
    <property name="user.name" value="Nasreenk"/>
    <property name="path.separator" value=";"/>
    <property name="os.version" value="10.0"/>
    <property name="java.runtime.name" value="Java(TM) SE Runtime Environment"/>
    <property name="file.encoding" value="Cp1252"/>
    <property name="java.vm.name" value="Java HotSpot(TM) 64-Bit Server VM"/>
    <property name="java.vendor.version" value="18.9"/>
    <property name="localRepository" value="C:\Users\nasreenk\.m2\repository"/>
    <property name="java.vendor.url.bug" value="https://bugreport.java.com/bugreport/"/>
    <property name="java.io.tmpdir" value="C:\Users\nasreenk\AppData\Local\Temp\"/>
    <property name="java.version" value="11.0.7"/>
    <property name="user.dir" value="E:\InelliJ\SeleniumTestJavaArtifact2july\SeleniumTestJavaArtifact"/>
    <property name="os.arch" value="amd64"/>
    <property name="java.vm.specification.name" value="Java Virtual Machine Specification"/>
    <property name="java.awt.printerjob" value="sun.awt.windows.WPrinterJob"/>
    <property name="sun.os.patch.level" value=""/>
    <property name="java.library.path" value="C:\Program Files\Java\jdk-11.0.7\bin;C:\WINDOWS\Sun\Java\bin;C:\WINDOWS\system32;C:\WINDOWS;C:\ProgramData\Oracle\Java\javapath;C:\WINDOWS\system32;C:\WINDOWS;C:\Users\AditiB\AppData\Roaming\npm;%AppData%\npm;C:\Program Files\nodejs\;C:\WINDOWS\System32\Wbem;C:\WINDOWS\System32\WindowsPowerShell\v1.0\;C:\Program Files (x86)\Bitvise SSH Client;C:\WINDOWS\System32\OpenSSH\;C:\Program Files\Geth;C:\Program Files\Git\cmd;C:\Python27;C:\Go\bin;C:\Program Files\PuTTY\;C:\Program Files\Java\nssm-2.24\nssm-2.24\win64;C:\Program Files (x86)\Java\jdk1.8.0_25\bin;C:\Program Files (x86)\Java\jre1.8.0_25\bin;C:\android-sdk\platform-tools;C:\android-sdk\tools;E:\jmeter\apache-jmeter-5.2.1\bin;C:\Users\nasreenk\scoop\shims;C:\Program Files\Java\jdk-13.0.2\bin;;."/>
    <property name="java.vendor" value="Oracle Corporation"/>
    <property name="java.vm.info" value="mixed mode"/>
    <property name="java.vm.version" value="11.0.7+8-LTS"/>
    <property name="sun.io.unicode.encoding" value="UnicodeLittle"/>
    <property name="java.class.version" value="55.0"/>
  </properties>
  <testcase name="signIn" classname="pages.LoginPageTest" time="6.295"/>
  <testcase name="clickOnConsignment" classname="pages.TestPageConsinment" time="25.882"/>
  <testcase name="doStarted" classname="pages.TestPageConsinment" time="128.221">
    <failure message="Expected condition failed: waiting for element to be clickable: Proxy element for: AjaxElementLocator &apos;By.xpath: // button[@id=&apos;Cancel_sendercontactaddedit&apos;]//div[contains(text(),&apos;Cancel&apos;)]&apos; (tried for 40 second(s) with 500 milliseconds interval)" type="org.openqa.selenium.TimeoutException"><![CDATA[org.openqa.selenium.TimeoutException: Expected condition failed: waiting for element to be clickable: Proxy element for: AjaxElementLocator 'By.xpath: // button[@id='Cancel_sendercontactaddedit']//div[contains(text(),'Cancel')]' (tried for 40 second(s) with 500 milliseconds interval)
	at pages.TestPageConsinment.doStarted(TestPageConsinment.java:79)
Caused by: org.openqa.selenium.NoSuchElementException: Timed out after 40 seconds. Unable to locate the element
	at pages.TestPageConsinment.doStarted(TestPageConsinment.java:79)
Caused by: org.openqa.selenium.NoSuchElementException: 
no such element: Unable to locate element: {"method":"xpath","selector":"// button[@id='Cancel_sendercontactaddedit']//div[contains(text(),'Cancel')]"}
  (Session info: chrome=84.0.4147.105)
For documentation on this error, please visit: https://www.seleniumhq.org/exceptions/no_such_element.html
Build info: version: '3.141.59', revision: 'e82be7d358', time: '2018-11-14T08:17:03'
System info: host: 'WJLP-1098', ip: '192.168.65.1', os.name: 'Windows 10', os.arch: 'amd64', os.version: '10.0', java.version: '11.0.7'
Driver info: org.openqa.selenium.chrome.ChromeDriver
Capabilities {acceptInsecureCerts: false, browserName: chrome, browserVersion: 84.0.4147.105, chrome: {chromedriverVersion: 84.0.4147.30 (48b3e868b4cc0..., userDataDir: C:\Users\nasreenk\AppData\L...}, goog:chromeOptions: {debuggerAddress: localhost:49352}, javascriptEnabled: true, networkConnectionEnabled: false, pageLoadStrategy: none, platform: WINDOWS, platformName: WINDOWS, proxy: Proxy(), setWindowRect: true, strictFileInteractability: false, timeouts: {implicit: 0, pageLoad: 300000, script: 30000}, unhandledPromptBehavior: dismiss and notify, webauthn:virtualAuthenticators: true}
Session ID: 93e9e2831dd076ae70f107116af8ac24
*** Element info: {Using=xpath, value=// button[@id='Cancel_sendercontactaddedit']//div[contains(text(),'Cancel')]}
	at pages.TestPageConsinment.doStarted(TestPageConsinment.java:79)
]]></failure>
    <system-out><![CDATA[I am in onTestStart method doStarted start
2020-08-12/16:55:42.740  INFO: listener.WebEventListener - Before Finding element: By.xpath: //div[@class='spinner-inner']/parent::*/parent::div[contains(@class,'active')]
75505 [main] INFO utilities.listener.WebEventListener  - Before Finding element: By.xpath: //div[@class='spinner-inner']/parent::*/parent::div[contains(@class,'active')]
2020-08-12/16:55:42.825  INFO: listener.WebEventListener - Before Finding element: By.xpath: //div[@class='spinner-inner']/parent::*/parent::div[contains(@class,'active')]
75590 [main] INFO utilities.listener.WebEventListener  - Before Finding element: By.xpath: //div[@class='spinner-inner']/parent::*/parent::div[contains(@class,'active')]
2020-08-12/16:55:43.135  INFO: listener.WebEventListener - Before Finding element: By.xpath: //div[@class='spinner-inner']/parent::*/parent::div[contains(@class,'active')]
75900 [main] INFO utilities.listener.WebEventListener  - Before Finding element: By.xpath: //div[@class='spinner-inner']/parent::*/parent::div[contains(@class,'active')]
2020-08-12/16:55:43.426  INFO: listener.WebEventListener - Before Finding element: By.xpath: //div[@class='spinner-inner']/parent::*/parent::div[contains(@class,'active')]
76191 [main] INFO utilities.listener.WebEventListener  - Before Finding element: By.xpath: //div[@class='spinner-inner']/parent::*/parent::div[contains(@class,'active')]
2020-08-12/16:55:43.729  INFO: listener.WebEventListener - Before Finding element: By.xpath: //div[@class='spinner-inner']/parent::*/parent::div[contains(@class,'active')]
76494 [main] INFO utilities.listener.WebEventListener  - Before Finding element: By.xpath: //div[@class='spinner-inner']/parent::*/parent::div[contains(@class,'active')]
2020-08-12/16:55:45.466  INFO: listener.WebEventListener - Before Finding element: By.xpath: //div[@class='spinner-inner']/parent::*/parent::div[contains(@class,'active')]
78231 [main] INFO utilities.listener.WebEventListener  - Before Finding element: By.xpath: //div[@class='spinner-inner']/parent::*/parent::div[contains(@class,'active')]
2020-08-12/16:55:46.635  INFO: listener.WebEventListener - Element Found and highlighted: [[ChromeDriver: chrome on WINDOWS (93e9e2831dd076ae70f107116af8ac24)] -> xpath: //div[@class='spinner-inner']/parent::*/parent::div[contains(@class,'active')]]
79400 [main] INFO utilities.listener.WebEventListener  - Element Found and highlighted: [[ChromeDriver: chrome on WINDOWS (93e9e2831dd076ae70f107116af8ac24)] -> xpath: //div[@class='spinner-inner']/parent::*/parent::div[contains(@class,'active')]]
xpath locatorType
//div[@class='spinner-inner']/parent::*/parent::div[contains(@class,'active')] locatorPath
2020-08-12/16:55:46.641  INFO: listener.WebEventListener - Before Finding element: By.xpath: //div[@class='spinner-inner']/parent::*/parent::div[contains(@class,'active')]
79406 [main] INFO utilities.listener.WebEventListener  - Before Finding element: By.xpath: //div[@class='spinner-inner']/parent::*/parent::div[contains(@class,'active')]
2020-08-12/16:55:47.207  INFO: listener.WebEventListener - Element Found and highlighted: [[ChromeDriver: chrome on WINDOWS (93e9e2831dd076ae70f107116af8ac24)] -> xpath: //div[@class='spinner-inner']/parent::*/parent::div[contains(@class,'active')]]
79972 [main] INFO utilities.listener.WebEventListener  - Element Found and highlighted: [[ChromeDriver: chrome on WINDOWS (93e9e2831dd076ae70f107116af8ac24)] -> xpath: //div[@class='spinner-inner']/parent::*/parent::div[contains(@class,'active')]]
2020-08-12/16:55:47.282  INFO: listener.WebEventListener - Before Finding element: By.xpath: //div[@class='spinner-inner']/parent::*/parent::div[contains(@class,'active')]
80047 [main] INFO utilities.listener.WebEventListener  - Before Finding element: By.xpath: //div[@class='spinner-inner']/parent::*/parent::div[contains(@class,'active')]
2020-08-12/16:55:47.531  INFO: listener.WebEventListener - Element Found and highlighted: [[ChromeDriver: chrome on WINDOWS (93e9e2831dd076ae70f107116af8ac24)] -> xpath: //div[@class='spinner-inner']/parent::*/parent::div[contains(@class,'active')]]
80296 [main] INFO utilities.listener.WebEventListener  - Element Found and highlighted: [[ChromeDriver: chrome on WINDOWS (93e9e2831dd076ae70f107116af8ac24)] -> xpath: //div[@class='spinner-inner']/parent::*/parent::div[contains(@class,'active')]]
xpath locatorType
//div[@class='spinner-inner']/parent::*/parent::div[contains(@class,'active')] locatorPath
2020-08-12/16:55:47.539  INFO: listener.WebEventListener - Before Finding element: By.xpath: //div[@class='spinner-inner']/parent::*/parent::div[contains(@class,'active')]
80304 [main] INFO utilities.listener.WebEventListener  - Before Finding element: By.xpath: //div[@class='spinner-inner']/parent::*/parent::div[contains(@class,'active')]
2020-08-12/16:55:47.793  INFO: listener.WebEventListener - Element Found and highlighted: [[ChromeDriver: chrome on WINDOWS (93e9e2831dd076ae70f107116af8ac24)] -> xpath: //div[@class='spinner-inner']/parent::*/parent::div[contains(@class,'active')]]
80558 [main] INFO utilities.listener.WebEventListener  - Element Found and highlighted: [[ChromeDriver: chrome on WINDOWS (93e9e2831dd076ae70f107116af8ac24)] -> xpath: //div[@class='spinner-inner']/parent::*/parent::div[contains(@class,'active')]]
2020-08-12/16:55:48.338  INFO: listener.WebEventListener - Before Finding element: By.xpath: //div[@class='spinner-inner']/parent::*/parent::div[contains(@class,'active')]
81103 [main] INFO utilities.listener.WebEventListener  - Before Finding element: By.xpath: //div[@class='spinner-inner']/parent::*/parent::div[contains(@class,'active')]
2020-08-12/16:55:48.586  INFO: listener.WebEventListener - Element Found and highlighted: [[ChromeDriver: chrome on WINDOWS (93e9e2831dd076ae70f107116af8ac24)] -> xpath: //div[@class='spinner-inner']/parent::*/parent::div[contains(@class,'active')]]
81351 [main] INFO utilities.listener.WebEventListener  - Element Found and highlighted: [[ChromeDriver: chrome on WINDOWS (93e9e2831dd076ae70f107116af8ac24)] -> xpath: //div[@class='spinner-inner']/parent::*/parent::div[contains(@class,'active')]]
2020-08-12/16:55:49.138  INFO: listener.WebEventListener - Before Finding element: By.xpath: //div[@class='spinner-inner']/parent::*/parent::div[contains(@class,'active')]
81903 [main] INFO utilities.listener.WebEventListener  - Before Finding element: By.xpath: //div[@class='spinner-inner']/parent::*/parent::div[contains(@class,'active')]
2020-08-12/16:55:49.394  INFO: listener.WebEventListener - Element Found and highlighted: [[ChromeDriver: chrome on WINDOWS (93e9e2831dd076ae70f107116af8ac24)] -> xpath: //div[@class='spinner-inner']/parent::*/parent::div[contains(@class,'active')]]
82159 [main] INFO utilities.listener.WebEventListener  - Element Found and highlighted: [[ChromeDriver: chrome on WINDOWS (93e9e2831dd076ae70f107116af8ac24)] -> xpath: //div[@class='spinner-inner']/parent::*/parent::div[contains(@class,'active')]]
2020-08-12/16:55:49.965  INFO: listener.WebEventListener - Before Finding element: By.xpath: //div[@class='spinner-inner']/parent::*/parent::div[contains(@class,'active')]
82730 [main] INFO utilities.listener.WebEventListener  - Before Finding element: By.xpath: //div[@class='spinner-inner']/parent::*/parent::div[contains(@class,'active')]
2020-08-12/16:55:50.221  INFO: listener.WebEventListener - Element Found and highlighted: [[ChromeDriver: chrome on WINDOWS (93e9e2831dd076ae70f107116af8ac24)] -> xpath: //div[@class='spinner-inner']/parent::*/parent::div[contains(@class,'active')]]
82986 [main] INFO utilities.listener.WebEventListener  - Element Found and highlighted: [[ChromeDriver: chrome on WINDOWS (93e9e2831dd076ae70f107116af8ac24)] -> xpath: //div[@class='spinner-inner']/parent::*/parent::div[contains(@class,'active')]]
2020-08-12/16:55:50.774  INFO: listener.WebEventListener - Before Finding element: By.xpath: //div[@class='spinner-inner']/parent::*/parent::div[contains(@class,'active')]
83539 [main] INFO utilities.listener.WebEventListener  - Before Finding element: By.xpath: //div[@class='spinner-inner']/parent::*/parent::div[contains(@class,'active')]
2020-08-12/16:55:51.021  INFO: listener.WebEventListener - Element Found and highlighted: [[ChromeDriver: chrome on WINDOWS (93e9e2831dd076ae70f107116af8ac24)] -> xpath: //div[@class='spinner-inner']/parent::*/parent::div[contains(@class,'active')]]
83786 [main] INFO utilities.listener.WebEventListener  - Element Found and highlighted: [[ChromeDriver: chrome on WINDOWS (93e9e2831dd076ae70f107116af8ac24)] -> xpath: //div[@class='spinner-inner']/parent::*/parent::div[contains(@class,'active')]]
2020-08-12/16:55:51.566  INFO: listener.WebEventListener - Before Finding element: By.xpath: //div[@class='spinner-inner']/parent::*/parent::div[contains(@class,'active')]
84331 [main] INFO utilities.listener.WebEventListener  - Before Finding element: By.xpath: //div[@class='spinner-inner']/parent::*/parent::div[contains(@class,'active')]
2020-08-12/16:55:51.877  INFO: listener.WebEventListener - Element Found and highlighted: [[ChromeDriver: chrome on WINDOWS (93e9e2831dd076ae70f107116af8ac24)] -> xpath: //div[@class='spinner-inner']/parent::*/parent::div[contains(@class,'active')]]
84642 [main] INFO utilities.listener.WebEventListener  - Element Found and highlighted: [[ChromeDriver: chrome on WINDOWS (93e9e2831dd076ae70f107116af8ac24)] -> xpath: //div[@class='spinner-inner']/parent::*/parent::div[contains(@class,'active')]]
2020-08-12/16:55:52.023  INFO: listener.WebEventListener - Before Finding element: By.xpath: //input[@id='ConsignmentID']
84788 [main] INFO utilities.listener.WebEventListener  - Before Finding element: By.xpath: //input[@id='ConsignmentID']
2020-08-12/16:55:52.294  INFO: listener.WebEventListener - Element Found and highlighted: [[ChromeDriver: chrome on WINDOWS (93e9e2831dd076ae70f107116af8ac24)] -> xpath: //input[@id='ConsignmentID']]
85059 [main] INFO utilities.listener.WebEventListener  - Element Found and highlighted: [[ChromeDriver: chrome on WINDOWS (93e9e2831dd076ae70f107116af8ac24)] -> xpath: //input[@id='ConsignmentID']]
2020-08-12/16:55:52.350  INFO: listener.WebEventListener - Default Value :
85115 [main] INFO utilities.listener.WebEventListener  - Default Value :
2020-08-12/16:55:53.265  INFO: listener.WebEventListener - Entered Value :UAT42092136
86030 [main] INFO utilities.listener.WebEventListener  - Entered Value :UAT42092136
2020-08-12/16:55:53.267  INFO: listener.WebEventListener - Before Finding element: By.xpath: //div[@class='spinner-inner']/parent::*/parent::div[contains(@class,'active')]
86032 [main] INFO utilities.listener.WebEventListener  - Before Finding element: By.xpath: //div[@class='spinner-inner']/parent::*/parent::div[contains(@class,'active')]
2020-08-12/16:55:53.783  INFO: listener.WebEventListener - Element Found and highlighted: [[ChromeDriver: chrome on WINDOWS (93e9e2831dd076ae70f107116af8ac24)] -> xpath: //div[@class='spinner-inner']/parent::*/parent::div[contains(@class,'active')]]
86548 [main] INFO utilities.listener.WebEventListener  - Element Found and highlighted: [[ChromeDriver: chrome on WINDOWS (93e9e2831dd076ae70f107116af8ac24)] -> xpath: //div[@class='spinner-inner']/parent::*/parent::div[contains(@class,'active')]]
xpath locatorType
//div[@class='spinner-inner']/parent::*/parent::div[contains(@class,'active')] locatorPath
2020-08-12/16:55:53.784  INFO: listener.WebEventListener - Before Finding element: By.xpath: //div[@class='spinner-inner']/parent::*/parent::div[contains(@class,'active')]
86549 [main] INFO utilities.listener.WebEventListener  - Before Finding element: By.xpath: //div[@class='spinner-inner']/parent::*/parent::div[contains(@class,'active')]
2020-08-12/16:55:54.043  INFO: listener.WebEventListener - Element Found and highlighted: [[ChromeDriver: chrome on WINDOWS (93e9e2831dd076ae70f107116af8ac24)] -> xpath: //div[@class='spinner-inner']/parent::*/parent::div[contains(@class,'active')]]
86808 [main] INFO utilities.listener.WebEventListener  - Element Found and highlighted: [[ChromeDriver: chrome on WINDOWS (93e9e2831dd076ae70f107116af8ac24)] -> xpath: //div[@class='spinner-inner']/parent::*/parent::div[contains(@class,'active')]]
2020-08-12/16:55:54.108  INFO: listener.WebEventListener - Before Finding element: By.xpath: //div[@class='spinner-inner']/parent::*/parent::div[contains(@class,'active')]
86873 [main] INFO utilities.listener.WebEventListener  - Before Finding element: By.xpath: //div[@class='spinner-inner']/parent::*/parent::div[contains(@class,'active')]
2020-08-12/16:55:54.387  INFO: listener.WebEventListener - Element Found and highlighted: [[ChromeDriver: chrome on WINDOWS (93e9e2831dd076ae70f107116af8ac24)] -> xpath: //div[@class='spinner-inner']/parent::*/parent::div[contains(@class,'active')]]
87152 [main] INFO utilities.listener.WebEventListener  - Element Found and highlighted: [[ChromeDriver: chrome on WINDOWS (93e9e2831dd076ae70f107116af8ac24)] -> xpath: //div[@class='spinner-inner']/parent::*/parent::div[contains(@class,'active')]]
xpath locatorType
//div[@class='spinner-inner']/parent::*/parent::div[contains(@class,'active')] locatorPath
2020-08-12/16:55:54.388  INFO: listener.WebEventListener - Before Finding element: By.xpath: //div[@class='spinner-inner']/parent::*/parent::div[contains(@class,'active')]
87153 [main] INFO utilities.listener.WebEventListener  - Before Finding element: By.xpath: //div[@class='spinner-inner']/parent::*/parent::div[contains(@class,'active')]
2020-08-12/16:55:54.642  INFO: listener.WebEventListener - Element Found and highlighted: [[ChromeDriver: chrome on WINDOWS (93e9e2831dd076ae70f107116af8ac24)] -> xpath: //div[@class='spinner-inner']/parent::*/parent::div[contains(@class,'active')]]
87407 [main] INFO utilities.listener.WebEventListener  - Element Found and highlighted: [[ChromeDriver: chrome on WINDOWS (93e9e2831dd076ae70f107116af8ac24)] -> xpath: //div[@class='spinner-inner']/parent::*/parent::div[contains(@class,'active')]]
2020-08-12/16:55:55.196  INFO: listener.WebEventListener - Before Finding element: By.xpath: //div[@class='spinner-inner']/parent::*/parent::div[contains(@class,'active')]
87961 [main] INFO utilities.listener.WebEventListener  - Before Finding element: By.xpath: //div[@class='spinner-inner']/parent::*/parent::div[contains(@class,'active')]
2020-08-12/16:55:55.449  INFO: listener.WebEventListener - Element Found and highlighted: [[ChromeDriver: chrome on WINDOWS (93e9e2831dd076ae70f107116af8ac24)] -> xpath: //div[@class='spinner-inner']/parent::*/parent::div[contains(@class,'active')]]
88214 [main] INFO utilities.listener.WebEventListener  - Element Found and highlighted: [[ChromeDriver: chrome on WINDOWS (93e9e2831dd076ae70f107116af8ac24)] -> xpath: //div[@class='spinner-inner']/parent::*/parent::div[contains(@class,'active')]]
2020-08-12/16:55:55.996  INFO: listener.WebEventListener - Before Finding element: By.xpath: //div[@class='spinner-inner']/parent::*/parent::div[contains(@class,'active')]
88761 [main] INFO utilities.listener.WebEventListener  - Before Finding element: By.xpath: //div[@class='spinner-inner']/parent::*/parent::div[contains(@class,'active')]
2020-08-12/16:55:56.245  INFO: listener.WebEventListener - Element Found and highlighted: [[ChromeDriver: chrome on WINDOWS (93e9e2831dd076ae70f107116af8ac24)] -> xpath: //div[@class='spinner-inner']/parent::*/parent::div[contains(@class,'active')]]
89010 [main] INFO utilities.listener.WebEventListener  - Element Found and highlighted: [[ChromeDriver: chrome on WINDOWS (93e9e2831dd076ae70f107116af8ac24)] -> xpath: //div[@class='spinner-inner']/parent::*/parent::div[contains(@class,'active')]]
2020-08-12/16:55:56.786  INFO: listener.WebEventListener - Before Finding element: By.xpath: //div[@class='spinner-inner']/parent::*/parent::div[contains(@class,'active')]
89551 [main] INFO utilities.listener.WebEventListener  - Before Finding element: By.xpath: //div[@class='spinner-inner']/parent::*/parent::div[contains(@class,'active')]
2020-08-12/16:55:57.058  INFO: listener.WebEventListener - Element Found and highlighted: [[ChromeDriver: chrome on WINDOWS (93e9e2831dd076ae70f107116af8ac24)] -> xpath: //div[@class='spinner-inner']/parent::*/parent::div[contains(@class,'active')]]
89823 [main] INFO utilities.listener.WebEventListener  - Element Found and highlighted: [[ChromeDriver: chrome on WINDOWS (93e9e2831dd076ae70f107116af8ac24)] -> xpath: //div[@class='spinner-inner']/parent::*/parent::div[contains(@class,'active')]]
2020-08-12/16:55:57.124  INFO: listener.WebEventListener - Before Finding element: By.xpath: //input[@id='BilledTo']
89889 [main] INFO utilities.listener.WebEventListener  - Before Finding element: By.xpath: //input[@id='BilledTo']
2020-08-12/16:55:57.430  INFO: listener.WebEventListener - Element Found and highlighted: [[ChromeDriver: chrome on WINDOWS (93e9e2831dd076ae70f107116af8ac24)] -> xpath: //input[@id='BilledTo']]
90195 [main] INFO utilities.listener.WebEventListener  - Element Found and highlighted: [[ChromeDriver: chrome on WINDOWS (93e9e2831dd076ae70f107116af8ac24)] -> xpath: //input[@id='BilledTo']]
2020-08-12/16:55:57.431  INFO: listener.WebEventListener - beforeClickOn xpath: //input[@id='BilledTo']]
90196 [main] INFO utilities.listener.WebEventListener  - beforeClickOn xpath: //input[@id='BilledTo']]
2020-08-12/16:55:57.537  INFO: listener.WebEventListener - after click on
90302 [main] INFO utilities.listener.WebEventListener  - after click on
2020-08-12/16:55:57.605  INFO: listener.WebEventListener - Default Value :
90370 [main] INFO utilities.listener.WebEventListener  - Default Value :
2020-08-12/16:55:57.819  INFO: listener.WebEventListener - Entered Value :CELW01
90584 [main] INFO utilities.listener.WebEventListener  - Entered Value :CELW01
2020-08-12/16:55:57.819  INFO: listener.WebEventListener - beforeClickOn xpath: //input[@id='BilledTo']]
90584 [main] INFO utilities.listener.WebEventListener  - beforeClickOn xpath: //input[@id='BilledTo']]
2020-08-12/16:55:57.890  INFO: listener.WebEventListener - after click on
90655 [main] INFO utilities.listener.WebEventListener  - after click on
2020-08-12/16:55:57.890  INFO: listener.WebEventListener - Before Finding element: By.xpath: //div[@class='v-menu__content theme--light menuable__content__active v-autocomplete__content']//div[@role='listitem'][1]
90655 [main] INFO utilities.listener.WebEventListener  - Before Finding element: By.xpath: //div[@class='v-menu__content theme--light menuable__content__active v-autocomplete__content']//div[@role='listitem'][1]
2020-08-12/16:55:57.927  INFO: listener.WebEventListener - Before Finding element: By.xpath: //div[@class='v-menu__content theme--light menuable__content__active v-autocomplete__content']//div[@role='listitem'][1]
90692 [main] INFO utilities.listener.WebEventListener  - Before Finding element: By.xpath: //div[@class='v-menu__content theme--light menuable__content__active v-autocomplete__content']//div[@role='listitem'][1]
2020-08-12/16:55:58.199  INFO: listener.WebEventListener - Before Finding element: By.xpath: //div[@class='v-menu__content theme--light menuable__content__active v-autocomplete__content']//div[@role='listitem'][1]
90964 [main] INFO utilities.listener.WebEventListener  - Before Finding element: By.xpath: //div[@class='v-menu__content theme--light menuable__content__active v-autocomplete__content']//div[@role='listitem'][1]
2020-08-12/16:55:58.474  INFO: listener.WebEventListener - Before Finding element: By.xpath: //div[@class='v-menu__content theme--light menuable__content__active v-autocomplete__content']//div[@role='listitem'][1]
91239 [main] INFO utilities.listener.WebEventListener  - Before Finding element: By.xpath: //div[@class='v-menu__content theme--light menuable__content__active v-autocomplete__content']//div[@role='listitem'][1]
2020-08-12/16:55:58.750  INFO: listener.WebEventListener - Before Finding element: By.xpath: //div[@class='v-menu__content theme--light menuable__content__active v-autocomplete__content']//div[@role='listitem'][1]
91515 [main] INFO utilities.listener.WebEventListener  - Before Finding element: By.xpath: //div[@class='v-menu__content theme--light menuable__content__active v-autocomplete__content']//div[@role='listitem'][1]
2020-08-12/16:55:59.025  INFO: listener.WebEventListener - Before Finding element: By.xpath: //div[@class='v-menu__content theme--light menuable__content__active v-autocomplete__content']//div[@role='listitem'][1]
91790 [main] INFO utilities.listener.WebEventListener  - Before Finding element: By.xpath: //div[@class='v-menu__content theme--light menuable__content__active v-autocomplete__content']//div[@role='listitem'][1]
2020-08-12/16:55:59.305  INFO: listener.WebEventListener - Before Finding element: By.xpath: //div[@class='v-menu__content theme--light menuable__content__active v-autocomplete__content']//div[@role='listitem'][1]
92070 [main] INFO utilities.listener.WebEventListener  - Before Finding element: By.xpath: //div[@class='v-menu__content theme--light menuable__content__active v-autocomplete__content']//div[@role='listitem'][1]
2020-08-12/16:55:59.582  INFO: listener.WebEventListener - Before Finding element: By.xpath: //div[@class='v-menu__content theme--light menuable__content__active v-autocomplete__content']//div[@role='listitem'][1]
92347 [main] INFO utilities.listener.WebEventListener  - Before Finding element: By.xpath: //div[@class='v-menu__content theme--light menuable__content__active v-autocomplete__content']//div[@role='listitem'][1]
2020-08-12/16:55:59.856  INFO: listener.WebEventListener - Before Finding element: By.xpath: //div[@class='v-menu__content theme--light menuable__content__active v-autocomplete__content']//div[@role='listitem'][1]
92621 [main] INFO utilities.listener.WebEventListener  - Before Finding element: By.xpath: //div[@class='v-menu__content theme--light menuable__content__active v-autocomplete__content']//div[@role='listitem'][1]
2020-08-12/16:56:00.126  INFO: listener.WebEventListener - Before Finding element: By.xpath: //div[@class='v-menu__content theme--light menuable__content__active v-autocomplete__content']//div[@role='listitem'][1]
92891 [main] INFO utilities.listener.WebEventListener  - Before Finding element: By.xpath: //div[@class='v-menu__content theme--light menuable__content__active v-autocomplete__content']//div[@role='listitem'][1]
2020-08-12/16:56:00.382  INFO: listener.WebEventListener - Element Found and highlighted: [[ChromeDriver: chrome on WINDOWS (93e9e2831dd076ae70f107116af8ac24)] -> xpath: //div[@class='v-menu__content theme--light menuable__content__active v-autocomplete__content']//div[@role='listitem'][1]]
93147 [main] INFO utilities.listener.WebEventListener  - Element Found and highlighted: [[ChromeDriver: chrome on WINDOWS (93e9e2831dd076ae70f107116af8ac24)] -> xpath: //div[@class='v-menu__content theme--light menuable__content__active v-autocomplete__content']//div[@role='listitem'][1]]
hhhhhhhhhhhhhhhhhhhhhh
2020-08-12/16:56:00.447  INFO: listener.WebEventListener - beforeClickOn xpath: //div[@class='v-menu__content theme--light menuable__content__active v-autocomplete__content']//div[@role='listitem'][1]]
93212 [main] INFO utilities.listener.WebEventListener  - beforeClickOn xpath: //div[@class='v-menu__content theme--light menuable__content__active v-autocomplete__content']//div[@role='listitem'][1]]
2020-08-12/16:56:00.622  INFO: listener.WebEventListener - after click on
93387 [main] INFO utilities.listener.WebEventListener  - after click on
2020-08-12/16:56:00.623  INFO: listener.WebEventListener - Before Finding element: By.xpath: //label[text()='Commodity']/parent::*/div[1]/div
93388 [main] INFO utilities.listener.WebEventListener  - Before Finding element: By.xpath: //label[text()='Commodity']/parent::*/div[1]/div
2020-08-12/16:56:00.674  INFO: listener.WebEventListener - Before Finding element: By.xpath: //label[text()='Commodity']/parent::*/div[1]/div
93439 [main] INFO utilities.listener.WebEventListener  - Before Finding element: By.xpath: //label[text()='Commodity']/parent::*/div[1]/div
2020-08-12/16:56:00.948  INFO: listener.WebEventListener - Before Finding element: By.xpath: //label[text()='Commodity']/parent::*/div[1]/div
93713 [main] INFO utilities.listener.WebEventListener  - Before Finding element: By.xpath: //label[text()='Commodity']/parent::*/div[1]/div
2020-08-12/16:56:01.235  INFO: listener.WebEventListener - Before Finding element: By.xpath: //label[text()='Commodity']/parent::*/div[1]/div
94000 [main] INFO utilities.listener.WebEventListener  - Before Finding element: By.xpath: //label[text()='Commodity']/parent::*/div[1]/div
2020-08-12/16:56:01.502  INFO: listener.WebEventListener - Before Finding element: By.xpath: //label[text()='Commodity']/parent::*/div[1]/div
94267 [main] INFO utilities.listener.WebEventListener  - Before Finding element: By.xpath: //label[text()='Commodity']/parent::*/div[1]/div
2020-08-12/16:56:01.771  INFO: listener.WebEventListener - Before Finding element: By.xpath: //label[text()='Commodity']/parent::*/div[1]/div
94536 [main] INFO utilities.listener.WebEventListener  - Before Finding element: By.xpath: //label[text()='Commodity']/parent::*/div[1]/div
2020-08-12/16:56:02.043  INFO: listener.WebEventListener - Before Finding element: By.xpath: //label[text()='Commodity']/parent::*/div[1]/div
94808 [main] INFO utilities.listener.WebEventListener  - Before Finding element: By.xpath: //label[text()='Commodity']/parent::*/div[1]/div
2020-08-12/16:56:02.322  INFO: listener.WebEventListener - Before Finding element: By.xpath: //label[text()='Commodity']/parent::*/div[1]/div
95087 [main] INFO utilities.listener.WebEventListener  - Before Finding element: By.xpath: //label[text()='Commodity']/parent::*/div[1]/div
2020-08-12/16:56:02.595  INFO: listener.WebEventListener - Before Finding element: By.xpath: //label[text()='Commodity']/parent::*/div[1]/div
95360 [main] INFO utilities.listener.WebEventListener  - Before Finding element: By.xpath: //label[text()='Commodity']/parent::*/div[1]/div
2020-08-12/16:56:02.866  INFO: listener.WebEventListener - Before Finding element: By.xpath: //label[text()='Commodity']/parent::*/div[1]/div
95631 [main] INFO utilities.listener.WebEventListener  - Before Finding element: By.xpath: //label[text()='Commodity']/parent::*/div[1]/div
2020-08-12/16:56:03.144  INFO: listener.WebEventListener - Before Finding element: By.xpath: //label[text()='Commodity']/parent::*/div[1]/div
95909 [main] INFO utilities.listener.WebEventListener  - Before Finding element: By.xpath: //label[text()='Commodity']/parent::*/div[1]/div
2020-08-12/16:56:03.463  INFO: listener.WebEventListener - Before Finding element: By.xpath: //label[text()='Commodity']/parent::*/div[1]/div
96228 [main] INFO utilities.listener.WebEventListener  - Before Finding element: By.xpath: //label[text()='Commodity']/parent::*/div[1]/div
2020-08-12/16:56:03.755  INFO: listener.WebEventListener - Before Finding element: By.xpath: //label[text()='Commodity']/parent::*/div[1]/div
96520 [main] INFO utilities.listener.WebEventListener  - Before Finding element: By.xpath: //label[text()='Commodity']/parent::*/div[1]/div
2020-08-12/16:56:04.024  INFO: listener.WebEventListener - Before Finding element: By.xpath: //label[text()='Commodity']/parent::*/div[1]/div
96789 [main] INFO utilities.listener.WebEventListener  - Before Finding element: By.xpath: //label[text()='Commodity']/parent::*/div[1]/div
2020-08-12/16:56:04.297  INFO: listener.WebEventListener - Before Finding element: By.xpath: //label[text()='Commodity']/parent::*/div[1]/div
97062 [main] INFO utilities.listener.WebEventListener  - Before Finding element: By.xpath: //label[text()='Commodity']/parent::*/div[1]/div
2020-08-12/16:56:04.692  INFO: listener.WebEventListener - Element Found and highlighted: [[ChromeDriver: chrome on WINDOWS (93e9e2831dd076ae70f107116af8ac24)] -> xpath: //label[text()='Commodity']/parent::*/div[1]/div]
97457 [main] INFO utilities.listener.WebEventListener  - Element Found and highlighted: [[ChromeDriver: chrome on WINDOWS (93e9e2831dd076ae70f107116af8ac24)] -> xpath: //label[text()='Commodity']/parent::*/div[1]/div]
2020-08-12/16:56:04.760  INFO: listener.WebEventListener - beforeClickOn xpath: //label[text()='Commodity']/parent::*/div[1]/div]
97525 [main] INFO utilities.listener.WebEventListener  - beforeClickOn xpath: //label[text()='Commodity']/parent::*/div[1]/div]
2020-08-12/16:56:04.847  INFO: listener.WebEventListener - after click on
97612 [main] INFO utilities.listener.WebEventListener  - after click on
2020-08-12/16:56:04.847  INFO: listener.WebEventListener - Before Finding element: By.xpath: //div[@class='v-menu__content theme--light menuable__content__active']//div[@role='listitem' and @class='primary--text']
97612 [main] INFO utilities.listener.WebEventListener  - Before Finding element: By.xpath: //div[@class='v-menu__content theme--light menuable__content__active']//div[@role='listitem' and @class='primary--text']
2020-08-12/16:56:04.909  INFO: listener.WebEventListener - Before Finding element: By.xpath: //div[@class='v-menu__content theme--light menuable__content__active']//div[@role='listitem' and @class='primary--text']
97674 [main] INFO utilities.listener.WebEventListener  - Before Finding element: By.xpath: //div[@class='v-menu__content theme--light menuable__content__active']//div[@role='listitem' and @class='primary--text']
2020-08-12/16:56:05.222  INFO: listener.WebEventListener - Before Finding element: By.xpath: //div[@class='v-menu__content theme--light menuable__content__active']//div[@role='listitem' and @class='primary--text']
97987 [main] INFO utilities.listener.WebEventListener  - Before Finding element: By.xpath: //div[@class='v-menu__content theme--light menuable__content__active']//div[@role='listitem' and @class='primary--text']
2020-08-12/16:56:05.494  INFO: listener.WebEventListener - Before Finding element: By.xpath: //div[@class='v-menu__content theme--light menuable__content__active']//div[@role='listitem' and @class='primary--text']
98259 [main] INFO utilities.listener.WebEventListener  - Before Finding element: By.xpath: //div[@class='v-menu__content theme--light menuable__content__active']//div[@role='listitem' and @class='primary--text']
2020-08-12/16:56:05.739  INFO: listener.WebEventListener - Element Found and highlighted: [[ChromeDriver: chrome on WINDOWS (93e9e2831dd076ae70f107116af8ac24)] -> xpath: //div[@class='v-menu__content theme--light menuable__content__active']//div[@role='listitem' and @class='primary--text']]
98504 [main] INFO utilities.listener.WebEventListener  - Element Found and highlighted: [[ChromeDriver: chrome on WINDOWS (93e9e2831dd076ae70f107116af8ac24)] -> xpath: //div[@class='v-menu__content theme--light menuable__content__active']//div[@role='listitem' and @class='primary--text']]
2020-08-12/16:56:05.792  INFO: listener.WebEventListener - beforeClickOn xpath: //div[@class='v-menu__content theme--light menuable__content__active']//div[@role='listitem' and @class='primary--text']]
98557 [main] INFO utilities.listener.WebEventListener  - beforeClickOn xpath: //div[@class='v-menu__content theme--light menuable__content__active']//div[@role='listitem' and @class='primary--text']]
2020-08-12/16:56:05.876  INFO: listener.WebEventListener - after click on
98641 [main] INFO utilities.listener.WebEventListener  - after click on
2020-08-12/16:56:05.877  INFO: listener.WebEventListener - Before Finding element: By.xpath: //div[@class='v-select__selections']/div[contains(text(),'Cellular Equipment')]
98642 [main] INFO utilities.listener.WebEventListener  - Before Finding element: By.xpath: //div[@class='v-select__selections']/div[contains(text(),'Cellular Equipment')]
2020-08-12/16:56:06.172  INFO: listener.WebEventListener - Element Found and highlighted: [[ChromeDriver: chrome on WINDOWS (93e9e2831dd076ae70f107116af8ac24)] -> xpath: //div[@class='v-select__selections']/div[contains(text(),'Cellular Equipment')]]
98937 [main] INFO utilities.listener.WebEventListener  - Element Found and highlighted: [[ChromeDriver: chrome on WINDOWS (93e9e2831dd076ae70f107116af8ac24)] -> xpath: //div[@class='v-select__selections']/div[contains(text(),'Cellular Equipment')]]
2020-08-12/16:56:06.253  INFO: listener.WebEventListener - beforeClickOn xpath: //div[@class='v-select__selections']/div[contains(text(),'Cellular Equipment')]]
99018 [main] INFO utilities.listener.WebEventListener  - beforeClickOn xpath: //div[@class='v-select__selections']/div[contains(text(),'Cellular Equipment')]]
2020-08-12/16:56:06.315  INFO: listener.WebEventListener - after click on
99080 [main] INFO utilities.listener.WebEventListener  - after click on
2020-08-12/16:56:06.315  INFO: listener.WebEventListener - Before Finding element: By.xpath: //div[@class='v-list__tile__content']/div[contains(text(),'Documentation')]
99080 [main] INFO utilities.listener.WebEventListener  - Before Finding element: By.xpath: //div[@class='v-list__tile__content']/div[contains(text(),'Documentation')]
2020-08-12/16:56:06.656  INFO: listener.WebEventListener - Element Found and highlighted: [[ChromeDriver: chrome on WINDOWS (93e9e2831dd076ae70f107116af8ac24)] -> xpath: //div[@class='v-list__tile__content']/div[contains(text(),'Documentation')]]
99421 [main] INFO utilities.listener.WebEventListener  - Element Found and highlighted: [[ChromeDriver: chrome on WINDOWS (93e9e2831dd076ae70f107116af8ac24)] -> xpath: //div[@class='v-list__tile__content']/div[contains(text(),'Documentation')]]
2020-08-12/16:56:06.710  INFO: listener.WebEventListener - beforeClickOn xpath: //div[@class='v-list__tile__content']/div[contains(text(),'Documentation')]]
99475 [main] INFO utilities.listener.WebEventListener  - beforeClickOn xpath: //div[@class='v-list__tile__content']/div[contains(text(),'Documentation')]]
2020-08-12/16:56:06.947  INFO: listener.WebEventListener - after click on
99712 [main] INFO utilities.listener.WebEventListener  - after click on
2020-08-12/16:56:06.949  INFO: listener.WebEventListener - Before Finding element: By.xpath: //button[@id='CommodityContinue']
99714 [main] INFO utilities.listener.WebEventListener  - Before Finding element: By.xpath: //button[@id='CommodityContinue']
2020-08-12/16:56:07.270  INFO: listener.WebEventListener - Element Found and highlighted: [[ChromeDriver: chrome on WINDOWS (93e9e2831dd076ae70f107116af8ac24)] -> xpath: //button[@id='CommodityContinue']]
100035 [main] INFO utilities.listener.WebEventListener  - Element Found and highlighted: [[ChromeDriver: chrome on WINDOWS (93e9e2831dd076ae70f107116af8ac24)] -> xpath: //button[@id='CommodityContinue']]
2020-08-12/16:56:07.341  INFO: listener.WebEventListener - beforeClickOn xpath: //button[@id='CommodityContinue']]
100106 [main] INFO utilities.listener.WebEventListener  - beforeClickOn xpath: //button[@id='CommodityContinue']]
2020-08-12/16:56:07.521  INFO: listener.WebEventListener - after click on
100286 [main] INFO utilities.listener.WebEventListener  - after click on
2020-08-12/16:56:12.524  INFO: listener.WebEventListener - Before Finding element: By.xpath: //div[@class='v-select__selections']/div[contains(text(),'Documentation')]
105289 [main] INFO utilities.listener.WebEventListener  - Before Finding element: By.xpath: //div[@class='v-select__selections']/div[contains(text(),'Documentation')]
2020-08-12/16:56:12.796  INFO: listener.WebEventListener - Element Found and highlighted: [[ChromeDriver: chrome on WINDOWS (93e9e2831dd076ae70f107116af8ac24)] -> xpath: //div[@class='v-select__selections']/div[contains(text(),'Documentation')]]
105561 [main] INFO utilities.listener.WebEventListener  - Element Found and highlighted: [[ChromeDriver: chrome on WINDOWS (93e9e2831dd076ae70f107116af8ac24)] -> xpath: //div[@class='v-select__selections']/div[contains(text(),'Documentation')]]
2020-08-12/16:56:12.850  INFO: listener.WebEventListener - beforeClickOn xpath: //div[@class='v-select__selections']/div[contains(text(),'Documentation')]]
105615 [main] INFO utilities.listener.WebEventListener  - beforeClickOn xpath: //div[@class='v-select__selections']/div[contains(text(),'Documentation')]]
2020-08-12/16:56:12.932  INFO: listener.WebEventListener - after click on
105697 [main] INFO utilities.listener.WebEventListener  - after click on
2020-08-12/16:56:12.932  INFO: listener.WebEventListener - Before Finding element: By.xpath: //div[@class='v-list__tile__content']/div[contains(text(),'Jewellery')]
105697 [main] INFO utilities.listener.WebEventListener  - Before Finding element: By.xpath: //div[@class='v-list__tile__content']/div[contains(text(),'Jewellery')]
2020-08-12/16:56:13.257  INFO: listener.WebEventListener - Element Found and highlighted: [[ChromeDriver: chrome on WINDOWS (93e9e2831dd076ae70f107116af8ac24)] -> xpath: //div[@class='v-list__tile__content']/div[contains(text(),'Jewellery')]]
106022 [main] INFO utilities.listener.WebEventListener  - Element Found and highlighted: [[ChromeDriver: chrome on WINDOWS (93e9e2831dd076ae70f107116af8ac24)] -> xpath: //div[@class='v-list__tile__content']/div[contains(text(),'Jewellery')]]
2020-08-12/16:56:13.302  INFO: listener.WebEventListener - beforeClickOn xpath: //div[@class='v-list__tile__content']/div[contains(text(),'Jewellery')]]
106067 [main] INFO utilities.listener.WebEventListener  - beforeClickOn xpath: //div[@class='v-list__tile__content']/div[contains(text(),'Jewellery')]]
2020-08-12/16:56:13.561  INFO: listener.WebEventListener - after click on
106326 [main] INFO utilities.listener.WebEventListener  - after click on
2020-08-12/16:56:13.562  INFO: listener.WebEventListener - Before Finding element: By.xpath: //button[@class='v-btn v-btn--outline v-btn--depressed theme--light primary--text']/div[contains(text(),'Continue')]
106327 [main] INFO utilities.listener.WebEventListener  - Before Finding element: By.xpath: //button[@class='v-btn v-btn--outline v-btn--depressed theme--light primary--text']/div[contains(text(),'Continue')]
2020-08-12/16:56:13.849  INFO: listener.WebEventListener - Element Found and highlighted: [[ChromeDriver: chrome on WINDOWS (93e9e2831dd076ae70f107116af8ac24)] -> xpath: //button[@class='v-btn v-btn--outline v-btn--depressed theme--light primary--text']/div[contains(text(),'Continue')]]
106614 [main] INFO utilities.listener.WebEventListener  - Element Found and highlighted: [[ChromeDriver: chrome on WINDOWS (93e9e2831dd076ae70f107116af8ac24)] -> xpath: //button[@class='v-btn v-btn--outline v-btn--depressed theme--light primary--text']/div[contains(text(),'Continue')]]
2020-08-12/16:56:13.913  INFO: listener.WebEventListener - beforeClickOn xpath: //button[@class='v-btn v-btn--outline v-btn--depressed theme--light primary--text']/div[contains(text(),'Continue')]]
106678 [main] INFO utilities.listener.WebEventListener  - beforeClickOn xpath: //button[@class='v-btn v-btn--outline v-btn--depressed theme--light primary--text']/div[contains(text(),'Continue')]]
2020-08-12/16:56:14.087  INFO: listener.WebEventListener - after click on
106852 [main] INFO utilities.listener.WebEventListener  - after click on
2020-08-12/16:56:19.088  INFO: listener.WebEventListener - Before Finding element: By.xpath: //div[@id='stepSender']
111853 [main] INFO utilities.listener.WebEventListener  - Before Finding element: By.xpath: //div[@id='stepSender']
2020-08-12/16:56:19.347  INFO: listener.WebEventListener - Element Found and highlighted: [[ChromeDriver: chrome on WINDOWS (93e9e2831dd076ae70f107116af8ac24)] -> xpath: //div[@id='stepSender']]
112112 [main] INFO utilities.listener.WebEventListener  - Element Found and highlighted: [[ChromeDriver: chrome on WINDOWS (93e9e2831dd076ae70f107116af8ac24)] -> xpath: //div[@id='stepSender']]
2020-08-12/16:56:19.417  INFO: listener.WebEventListener - beforeClickOn xpath: //div[@id='stepSender']]
112182 [main] INFO utilities.listener.WebEventListener  - beforeClickOn xpath: //div[@id='stepSender']]
2020-08-12/16:56:19.619  INFO: listener.WebEventListener - after click on
112384 [main] INFO utilities.listener.WebEventListener  - after click on
2020-08-12/16:56:21.622  INFO: listener.WebEventListener - Before Finding element: By.xpath: //div[contains(text(),'Reset')]
114387 [main] INFO utilities.listener.WebEventListener  - Before Finding element: By.xpath: //div[contains(text(),'Reset')]
2020-08-12/16:56:21.885  INFO: listener.WebEventListener - Element Found and highlighted: [[ChromeDriver: chrome on WINDOWS (93e9e2831dd076ae70f107116af8ac24)] -> xpath: //div[contains(text(),'Reset')]]
114650 [main] INFO utilities.listener.WebEventListener  - Element Found and highlighted: [[ChromeDriver: chrome on WINDOWS (93e9e2831dd076ae70f107116af8ac24)] -> xpath: //div[contains(text(),'Reset')]]
2020-08-12/16:56:21.930  INFO: listener.WebEventListener - beforeClickOn xpath: //div[contains(text(),'Reset')]]
114695 [main] INFO utilities.listener.WebEventListener  - beforeClickOn xpath: //div[contains(text(),'Reset')]]
2020-08-12/16:56:22.376  INFO: listener.WebEventListener - after click on
115141 [main] INFO utilities.listener.WebEventListener  - after click on
2020-08-12/16:56:22.377  INFO: listener.WebEventListener - Before Finding element: By.xpath: //input[@id='SenderName']
115142 [main] INFO utilities.listener.WebEventListener  - Before Finding element: By.xpath: //input[@id='SenderName']
2020-08-12/16:56:22.798  INFO: listener.WebEventListener - Element Found and highlighted: [[ChromeDriver: chrome on WINDOWS (93e9e2831dd076ae70f107116af8ac24)] -> xpath: //input[@id='SenderName']]
115563 [main] INFO utilities.listener.WebEventListener  - Element Found and highlighted: [[ChromeDriver: chrome on WINDOWS (93e9e2831dd076ae70f107116af8ac24)] -> xpath: //input[@id='SenderName']]
2020-08-12/16:56:22.943  INFO: listener.WebEventListener - Default Value :
115708 [main] INFO utilities.listener.WebEventListener  - Default Value :
2020-08-12/16:56:23.099  INFO: listener.WebEventListener - Entered Value :Cell
115864 [main] INFO utilities.listener.WebEventListener  - Entered Value :Cell
2020-08-12/16:56:23.147  INFO: listener.WebEventListener - beforeClickOn xpath: //input[@id='SenderName']]
115912 [main] INFO utilities.listener.WebEventListener  - beforeClickOn xpath: //input[@id='SenderName']]
2020-08-12/16:56:23.234  INFO: listener.WebEventListener - after click on
115999 [main] INFO utilities.listener.WebEventListener  - after click on
2020-08-12/16:56:23.236  INFO: listener.WebEventListener - Before Finding element: By.xpath: //div[contains(text(),'CELL C - COMPANY OWNED STORES, CELL C, 084 174 4000')]
116001 [main] INFO utilities.listener.WebEventListener  - Before Finding element: By.xpath: //div[contains(text(),'CELL C - COMPANY OWNED STORES, CELL C, 084 174 4000')]
2020-08-12/16:56:23.262  INFO: listener.WebEventListener - Before Finding element: By.xpath: //div[contains(text(),'CELL C - COMPANY OWNED STORES, CELL C, 084 174 4000')]
116027 [main] INFO utilities.listener.WebEventListener  - Before Finding element: By.xpath: //div[contains(text(),'CELL C - COMPANY OWNED STORES, CELL C, 084 174 4000')]
2020-08-12/16:56:23.527  INFO: listener.WebEventListener - Before Finding element: By.xpath: //div[contains(text(),'CELL C - COMPANY OWNED STORES, CELL C, 084 174 4000')]
116292 [main] INFO utilities.listener.WebEventListener  - Before Finding element: By.xpath: //div[contains(text(),'CELL C - COMPANY OWNED STORES, CELL C, 084 174 4000')]
2020-08-12/16:56:23.810  INFO: listener.WebEventListener - Before Finding element: By.xpath: //div[contains(text(),'CELL C - COMPANY OWNED STORES, CELL C, 084 174 4000')]
116575 [main] INFO utilities.listener.WebEventListener  - Before Finding element: By.xpath: //div[contains(text(),'CELL C - COMPANY OWNED STORES, CELL C, 084 174 4000')]
2020-08-12/16:56:24.082  INFO: listener.WebEventListener - Before Finding element: By.xpath: //div[contains(text(),'CELL C - COMPANY OWNED STORES, CELL C, 084 174 4000')]
116847 [main] INFO utilities.listener.WebEventListener  - Before Finding element: By.xpath: //div[contains(text(),'CELL C - COMPANY OWNED STORES, CELL C, 084 174 4000')]
2020-08-12/16:56:24.376  INFO: listener.WebEventListener - Element Found and highlighted: [[ChromeDriver: chrome on WINDOWS (93e9e2831dd076ae70f107116af8ac24)] -> xpath: //div[contains(text(),'CELL C - COMPANY OWNED STORES, CELL C, 084 174 4000')]]
117141 [main] INFO utilities.listener.WebEventListener  - Element Found and highlighted: [[ChromeDriver: chrome on WINDOWS (93e9e2831dd076ae70f107116af8ac24)] -> xpath: //div[contains(text(),'CELL C - COMPANY OWNED STORES, CELL C, 084 174 4000')]]
2020-08-12/16:56:24.419  INFO: listener.WebEventListener - beforeClickOn xpath: //div[contains(text(),'CELL C - COMPANY OWNED STORES, CELL C, 084 174 4000')]]
117184 [main] INFO utilities.listener.WebEventListener  - beforeClickOn xpath: //div[contains(text(),'CELL C - COMPANY OWNED STORES, CELL C, 084 174 4000')]]
2020-08-12/16:56:24.545  INFO: listener.WebEventListener - after click on
117310 [main] INFO utilities.listener.WebEventListener  - after click on
2020-08-12/16:56:24.547  INFO: listener.WebEventListener - Before Finding element: By.xpath: //button[@id='SenderContactNew']//div[@class='v-btn__content'][contains(text(),'New Contact')]
117312 [main] INFO utilities.listener.WebEventListener  - Before Finding element: By.xpath: //button[@id='SenderContactNew']//div[@class='v-btn__content'][contains(text(),'New Contact')]
2020-08-12/16:56:24.632  INFO: listener.WebEventListener - Before Finding element: By.xpath: //button[@id='SenderContactNew']//div[@class='v-btn__content'][contains(text(),'New Contact')]
117397 [main] INFO utilities.listener.WebEventListener  - Before Finding element: By.xpath: //button[@id='SenderContactNew']//div[@class='v-btn__content'][contains(text(),'New Contact')]
2020-08-12/16:56:24.949  INFO: listener.WebEventListener - Before Finding element: By.xpath: //button[@id='SenderContactNew']//div[@class='v-btn__content'][contains(text(),'New Contact')]
117714 [main] INFO utilities.listener.WebEventListener  - Before Finding element: By.xpath: //button[@id='SenderContactNew']//div[@class='v-btn__content'][contains(text(),'New Contact')]
2020-08-12/16:56:25.229  INFO: listener.WebEventListener - Before Finding element: By.xpath: //button[@id='SenderContactNew']//div[@class='v-btn__content'][contains(text(),'New Contact')]
117994 [main] INFO utilities.listener.WebEventListener  - Before Finding element: By.xpath: //button[@id='SenderContactNew']//div[@class='v-btn__content'][contains(text(),'New Contact')]
2020-08-12/16:56:25.508  INFO: listener.WebEventListener - Before Finding element: By.xpath: //button[@id='SenderContactNew']//div[@class='v-btn__content'][contains(text(),'New Contact')]
118273 [main] INFO utilities.listener.WebEventListener  - Before Finding element: By.xpath: //button[@id='SenderContactNew']//div[@class='v-btn__content'][contains(text(),'New Contact')]
2020-08-12/16:56:25.778  INFO: listener.WebEventListener - Before Finding element: By.xpath: //button[@id='SenderContactNew']//div[@class='v-btn__content'][contains(text(),'New Contact')]
118543 [main] INFO utilities.listener.WebEventListener  - Before Finding element: By.xpath: //button[@id='SenderContactNew']//div[@class='v-btn__content'][contains(text(),'New Contact')]
2020-08-12/16:56:26.047  INFO: listener.WebEventListener - Before Finding element: By.xpath: //button[@id='SenderContactNew']//div[@class='v-btn__content'][contains(text(),'New Contact')]
118812 [main] INFO utilities.listener.WebEventListener  - Before Finding element: By.xpath: //button[@id='SenderContactNew']//div[@class='v-btn__content'][contains(text(),'New Contact')]
2020-08-12/16:56:26.314  INFO: listener.WebEventListener - Before Finding element: By.xpath: //button[@id='SenderContactNew']//div[@class='v-btn__content'][contains(text(),'New Contact')]
119079 [main] INFO utilities.listener.WebEventListener  - Before Finding element: By.xpath: //button[@id='SenderContactNew']//div[@class='v-btn__content'][contains(text(),'New Contact')]
2020-08-12/16:56:26.582  INFO: listener.WebEventListener - Before Finding element: By.xpath: //button[@id='SenderContactNew']//div[@class='v-btn__content'][contains(text(),'New Contact')]
119347 [main] INFO utilities.listener.WebEventListener  - Before Finding element: By.xpath: //button[@id='SenderContactNew']//div[@class='v-btn__content'][contains(text(),'New Contact')]
2020-08-12/16:56:26.849  INFO: listener.WebEventListener - Before Finding element: By.xpath: //button[@id='SenderContactNew']//div[@class='v-btn__content'][contains(text(),'New Contact')]
119614 [main] INFO utilities.listener.WebEventListener  - Before Finding element: By.xpath: //button[@id='SenderContactNew']//div[@class='v-btn__content'][contains(text(),'New Contact')]
2020-08-12/16:56:27.115  INFO: listener.WebEventListener - Before Finding element: By.xpath: //button[@id='SenderContactNew']//div[@class='v-btn__content'][contains(text(),'New Contact')]
119880 [main] INFO utilities.listener.WebEventListener  - Before Finding element: By.xpath: //button[@id='SenderContactNew']//div[@class='v-btn__content'][contains(text(),'New Contact')]
2020-08-12/16:56:27.382  INFO: listener.WebEventListener - Before Finding element: By.xpath: //button[@id='SenderContactNew']//div[@class='v-btn__content'][contains(text(),'New Contact')]
120147 [main] INFO utilities.listener.WebEventListener  - Before Finding element: By.xpath: //button[@id='SenderContactNew']//div[@class='v-btn__content'][contains(text(),'New Contact')]
2020-08-12/16:56:27.652  INFO: listener.WebEventListener - Before Finding element: By.xpath: //button[@id='SenderContactNew']//div[@class='v-btn__content'][contains(text(),'New Contact')]
120417 [main] INFO utilities.listener.WebEventListener  - Before Finding element: By.xpath: //button[@id='SenderContactNew']//div[@class='v-btn__content'][contains(text(),'New Contact')]
2020-08-12/16:56:27.921  INFO: listener.WebEventListener - Before Finding element: By.xpath: //button[@id='SenderContactNew']//div[@class='v-btn__content'][contains(text(),'New Contact')]
120686 [main] INFO utilities.listener.WebEventListener  - Before Finding element: By.xpath: //button[@id='SenderContactNew']//div[@class='v-btn__content'][contains(text(),'New Contact')]
2020-08-12/16:56:28.188  INFO: listener.WebEventListener - Before Finding element: By.xpath: //button[@id='SenderContactNew']//div[@class='v-btn__content'][contains(text(),'New Contact')]
120953 [main] INFO utilities.listener.WebEventListener  - Before Finding element: By.xpath: //button[@id='SenderContactNew']//div[@class='v-btn__content'][contains(text(),'New Contact')]
2020-08-12/16:56:28.454  INFO: listener.WebEventListener - Before Finding element: By.xpath: //button[@id='SenderContactNew']//div[@class='v-btn__content'][contains(text(),'New Contact')]
121219 [main] INFO utilities.listener.WebEventListener  - Before Finding element: By.xpath: //button[@id='SenderContactNew']//div[@class='v-btn__content'][contains(text(),'New Contact')]
2020-08-12/16:56:28.883  INFO: listener.WebEventListener - Element Found and highlighted: [[ChromeDriver: chrome on WINDOWS (93e9e2831dd076ae70f107116af8ac24)] -> xpath: //button[@id='SenderContactNew']//div[@class='v-btn__content'][contains(text(),'New Contact')]]
121648 [main] INFO utilities.listener.WebEventListener  - Element Found and highlighted: [[ChromeDriver: chrome on WINDOWS (93e9e2831dd076ae70f107116af8ac24)] -> xpath: //button[@id='SenderContactNew']//div[@class='v-btn__content'][contains(text(),'New Contact')]]
2020-08-12/16:56:28.960  INFO: listener.WebEventListener - beforeClickOn xpath: //button[@id='SenderContactNew']//div[@class='v-btn__content'][contains(text(),'New Contact')]]
121725 [main] INFO utilities.listener.WebEventListener  - beforeClickOn xpath: //button[@id='SenderContactNew']//div[@class='v-btn__content'][contains(text(),'New Contact')]]
2020-08-12/16:56:29.367  INFO: listener.WebEventListener - after click on
122132 [main] INFO utilities.listener.WebEventListener  - after click on
2020-08-12/16:56:29.368  INFO: listener.WebEventListener - Before Finding element: By.xpath: //div[contains(text(),'Cancel')]
122133 [main] INFO utilities.listener.WebEventListener  - Before Finding element: By.xpath: //div[contains(text(),'Cancel')]
2020-08-12/16:56:29.730  INFO: listener.WebEventListener - Element Found and highlighted: [[ChromeDriver: chrome on WINDOWS (93e9e2831dd076ae70f107116af8ac24)] -> xpath: //div[contains(text(),'Cancel')]]
122495 [main] INFO utilities.listener.WebEventListener  - Element Found and highlighted: [[ChromeDriver: chrome on WINDOWS (93e9e2831dd076ae70f107116af8ac24)] -> xpath: //div[contains(text(),'Cancel')]]
2020-08-12/16:56:29.780  INFO: listener.WebEventListener - beforeClickOn xpath: //div[contains(text(),'Cancel')]]
122545 [main] INFO utilities.listener.WebEventListener  - beforeClickOn xpath: //div[contains(text(),'Cancel')]]
2020-08-12/16:56:29.983  INFO: listener.WebEventListener - after click on
122748 [main] INFO utilities.listener.WebEventListener  - after click on
2020-08-12/16:56:29.984  INFO: listener.WebEventListener - Before Finding element: By.xpath: //button[@id='SenderContactEdit']//div[contains(text(),'Edit Contact')]
122749 [main] INFO utilities.listener.WebEventListener  - Before Finding element: By.xpath: //button[@id='SenderContactEdit']//div[contains(text(),'Edit Contact')]
2020-08-12/16:56:30.236  INFO: listener.WebEventListener - Element Found and highlighted: [[ChromeDriver: chrome on WINDOWS (93e9e2831dd076ae70f107116af8ac24)] -> xpath: //button[@id='SenderContactEdit']//div[contains(text(),'Edit Contact')]]
123001 [main] INFO utilities.listener.WebEventListener  - Element Found and highlighted: [[ChromeDriver: chrome on WINDOWS (93e9e2831dd076ae70f107116af8ac24)] -> xpath: //button[@id='SenderContactEdit']//div[contains(text(),'Edit Contact')]]
2020-08-12/16:56:30.306  INFO: listener.WebEventListener - beforeClickOn xpath: //button[@id='SenderContactEdit']//div[contains(text(),'Edit Contact')]]
123071 [main] INFO utilities.listener.WebEventListener  - beforeClickOn xpath: //button[@id='SenderContactEdit']//div[contains(text(),'Edit Contact')]]
2020-08-12/16:56:30.418  INFO: listener.WebEventListener - after click on
123183 [main] INFO utilities.listener.WebEventListener  - after click on
2020-08-12/16:56:30.419  INFO: listener.WebEventListener - Before Finding element: By.xpath: // button[@id='Cancel_sendercontactaddedit']//div[contains(text(),'Cancel')]
123184 [main] INFO utilities.listener.WebEventListener  - Before Finding element: By.xpath: // button[@id='Cancel_sendercontactaddedit']//div[contains(text(),'Cancel')]
2020-08-12/16:56:30.466  INFO: listener.WebEventListener - Before Finding element: By.xpath: // button[@id='Cancel_sendercontactaddedit']//div[contains(text(),'Cancel')]
123231 [main] INFO utilities.listener.WebEventListener  - Before Finding element: By.xpath: // button[@id='Cancel_sendercontactaddedit']//div[contains(text(),'Cancel')]
2020-08-12/16:56:30.748  INFO: listener.WebEventListener - Before Finding element: By.xpath: // button[@id='Cancel_sendercontactaddedit']//div[contains(text(),'Cancel')]
123513 [main] INFO utilities.listener.WebEventListener  - Before Finding element: By.xpath: // button[@id='Cancel_sendercontactaddedit']//div[contains(text(),'Cancel')]
2020-08-12/16:56:31.025  INFO: listener.WebEventListener - Before Finding element: By.xpath: // button[@id='Cancel_sendercontactaddedit']//div[contains(text(),'Cancel')]
123790 [main] INFO utilities.listener.WebEventListener  - Before Finding element: By.xpath: // button[@id='Cancel_sendercontactaddedit']//div[contains(text(),'Cancel')]
2020-08-12/16:56:31.292  INFO: listener.WebEventListener - Before Finding element: By.xpath: // button[@id='Cancel_sendercontactaddedit']//div[contains(text(),'Cancel')]
124057 [main] INFO utilities.listener.WebEventListener  - Before Finding element: By.xpath: // button[@id='Cancel_sendercontactaddedit']//div[contains(text(),'Cancel')]
2020-08-12/16:56:31.560  INFO: listener.WebEventListener - Before Finding element: By.xpath: // button[@id='Cancel_sendercontactaddedit']//div[contains(text(),'Cancel')]
124325 [main] INFO utilities.listener.WebEventListener  - Before Finding element: By.xpath: // button[@id='Cancel_sendercontactaddedit']//div[contains(text(),'Cancel')]
2020-08-12/16:56:31.979  INFO: listener.WebEventListener - Before Finding element: By.xpath: // button[@id='Cancel_sendercontactaddedit']//div[contains(text(),'Cancel')]
124744 [main] INFO utilities.listener.WebEventListener  - Before Finding element: By.xpath: // button[@id='Cancel_sendercontactaddedit']//div[contains(text(),'Cancel')]
2020-08-12/16:56:32.251  INFO: listener.WebEventListener - Before Finding element: By.xpath: // button[@id='Cancel_sendercontactaddedit']//div[contains(text(),'Cancel')]
125016 [main] INFO utilities.listener.WebEventListener  - Before Finding element: By.xpath: // button[@id='Cancel_sendercontactaddedit']//div[contains(text(),'Cancel')]
2020-08-12/16:56:32.518  INFO: listener.WebEventListener - Before Finding element: By.xpath: // button[@id='Cancel_sendercontactaddedit']//div[contains(text(),'Cancel')]
125283 [main] INFO utilities.listener.WebEventListener  - Before Finding element: By.xpath: // button[@id='Cancel_sendercontactaddedit']//div[contains(text(),'Cancel')]
2020-08-12/16:56:32.793  INFO: listener.WebEventListener - Before Finding element: By.xpath: // button[@id='Cancel_sendercontactaddedit']//div[contains(text(),'Cancel')]
125558 [main] INFO utilities.listener.WebEventListener  - Before Finding element: By.xpath: // button[@id='Cancel_sendercontactaddedit']//div[contains(text(),'Cancel')]
2020-08-12/16:56:33.058  INFO: listener.WebEventListener - Before Finding element: By.xpath: // button[@id='Cancel_sendercontactaddedit']//div[contains(text(),'Cancel')]
125823 [main] INFO utilities.listener.WebEventListener  - Before Finding element: By.xpath: // button[@id='Cancel_sendercontactaddedit']//div[contains(text(),'Cancel')]
2020-08-12/16:56:33.327  INFO: listener.WebEventListener - Before Finding element: By.xpath: // button[@id='Cancel_sendercontactaddedit']//div[contains(text(),'Cancel')]
126092 [main] INFO utilities.listener.WebEventListener  - Before Finding element: By.xpath: // button[@id='Cancel_sendercontactaddedit']//div[contains(text(),'Cancel')]
2020-08-12/16:56:33.602  INFO: listener.WebEventListener - Before Finding element: By.xpath: // button[@id='Cancel_sendercontactaddedit']//div[contains(text(),'Cancel')]
126367 [main] INFO utilities.listener.WebEventListener  - Before Finding element: By.xpath: // button[@id='Cancel_sendercontactaddedit']//div[contains(text(),'Cancel')]
2020-08-12/16:56:33.871  INFO: listener.WebEventListener - Before Finding element: By.xpath: // button[@id='Cancel_sendercontactaddedit']//div[contains(text(),'Cancel')]
126636 [main] INFO utilities.listener.WebEventListener  - Before Finding element: By.xpath: // button[@id='Cancel_sendercontactaddedit']//div[contains(text(),'Cancel')]
2020-08-12/16:56:34.141  INFO: listener.WebEventListener - Before Finding element: By.xpath: // button[@id='Cancel_sendercontactaddedit']//div[contains(text(),'Cancel')]
126906 [main] INFO utilities.listener.WebEventListener  - Before Finding element: By.xpath: // button[@id='Cancel_sendercontactaddedit']//div[contains(text(),'Cancel')]
2020-08-12/16:56:34.423  INFO: listener.WebEventListener - Before Finding element: By.xpath: // button[@id='Cancel_sendercontactaddedit']//div[contains(text(),'Cancel')]
127188 [main] INFO utilities.listener.WebEventListener  - Before Finding element: By.xpath: // button[@id='Cancel_sendercontactaddedit']//div[contains(text(),'Cancel')]
2020-08-12/16:56:34.694  INFO: listener.WebEventListener - Before Finding element: By.xpath: // button[@id='Cancel_sendercontactaddedit']//div[contains(text(),'Cancel')]
127459 [main] INFO utilities.listener.WebEventListener  - Before Finding element: By.xpath: // button[@id='Cancel_sendercontactaddedit']//div[contains(text(),'Cancel')]
2020-08-12/16:56:34.961  INFO: listener.WebEventListener - Before Finding element: By.xpath: // button[@id='Cancel_sendercontactaddedit']//div[contains(text(),'Cancel')]
127726 [main] INFO utilities.listener.WebEventListener  - Before Finding element: By.xpath: // button[@id='Cancel_sendercontactaddedit']//div[contains(text(),'Cancel')]
2020-08-12/16:56:35.226  INFO: listener.WebEventListener - Before Finding element: By.xpath: // button[@id='Cancel_sendercontactaddedit']//div[contains(text(),'Cancel')]
127991 [main] INFO utilities.listener.WebEventListener  - Before Finding element: By.xpath: // button[@id='Cancel_sendercontactaddedit']//div[contains(text(),'Cancel')]
2020-08-12/16:56:35.492  INFO: listener.WebEventListener - Before Finding element: By.xpath: // button[@id='Cancel_sendercontactaddedit']//div[contains(text(),'Cancel')]
128257 [main] INFO utilities.listener.WebEventListener  - Before Finding element: By.xpath: // button[@id='Cancel_sendercontactaddedit']//div[contains(text(),'Cancel')]
2020-08-12/16:56:35.757  INFO: listener.WebEventListener - Before Finding element: By.xpath: // button[@id='Cancel_sendercontactaddedit']//div[contains(text(),'Cancel')]
128522 [main] INFO utilities.listener.WebEventListener  - Before Finding element: By.xpath: // button[@id='Cancel_sendercontactaddedit']//div[contains(text(),'Cancel')]
2020-08-12/16:56:36.026  INFO: listener.WebEventListener - Before Finding element: By.xpath: // button[@id='Cancel_sendercontactaddedit']//div[contains(text(),'Cancel')]
128791 [main] INFO utilities.listener.WebEventListener  - Before Finding element: By.xpath: // button[@id='Cancel_sendercontactaddedit']//div[contains(text(),'Cancel')]
2020-08-12/16:56:36.294  INFO: listener.WebEventListener - Before Finding element: By.xpath: // button[@id='Cancel_sendercontactaddedit']//div[contains(text(),'Cancel')]
129059 [main] INFO utilities.listener.WebEventListener  - Before Finding element: By.xpath: // button[@id='Cancel_sendercontactaddedit']//div[contains(text(),'Cancel')]
2020-08-12/16:56:36.559  INFO: listener.WebEventListener - Before Finding element: By.xpath: // button[@id='Cancel_sendercontactaddedit']//div[contains(text(),'Cancel')]
129324 [main] INFO utilities.listener.WebEventListener  - Before Finding element: By.xpath: // button[@id='Cancel_sendercontactaddedit']//div[contains(text(),'Cancel')]
2020-08-12/16:56:36.825  INFO: listener.WebEventListener - Before Finding element: By.xpath: // button[@id='Cancel_sendercontactaddedit']//div[contains(text(),'Cancel')]
129590 [main] INFO utilities.listener.WebEventListener  - Before Finding element: By.xpath: // button[@id='Cancel_sendercontactaddedit']//div[contains(text(),'Cancel')]
2020-08-12/16:56:37.089  INFO: listener.WebEventListener - Before Finding element: By.xpath: // button[@id='Cancel_sendercontactaddedit']//div[contains(text(),'Cancel')]
129854 [main] INFO utilities.listener.WebEventListener  - Before Finding element: By.xpath: // button[@id='Cancel_sendercontactaddedit']//div[contains(text(),'Cancel')]
2020-08-12/16:56:37.355  INFO: listener.WebEventListener - Before Finding element: By.xpath: // button[@id='Cancel_sendercontactaddedit']//div[contains(text(),'Cancel')]
130120 [main] INFO utilities.listener.WebEventListener  - Before Finding element: By.xpath: // button[@id='Cancel_sendercontactaddedit']//div[contains(text(),'Cancel')]
2020-08-12/16:56:37.621  INFO: listener.WebEventListener - Before Finding element: By.xpath: // button[@id='Cancel_sendercontactaddedit']//div[contains(text(),'Cancel')]
130386 [main] INFO utilities.listener.WebEventListener  - Before Finding element: By.xpath: // button[@id='Cancel_sendercontactaddedit']//div[contains(text(),'Cancel')]
2020-08-12/16:56:37.888  INFO: listener.WebEventListener - Before Finding element: By.xpath: // button[@id='Cancel_sendercontactaddedit']//div[contains(text(),'Cancel')]
130653 [main] INFO utilities.listener.WebEventListener  - Before Finding element: By.xpath: // button[@id='Cancel_sendercontactaddedit']//div[contains(text(),'Cancel')]
2020-08-12/16:56:38.154  INFO: listener.WebEventListener - Before Finding element: By.xpath: // button[@id='Cancel_sendercontactaddedit']//div[contains(text(),'Cancel')]
130919 [main] INFO utilities.listener.WebEventListener  - Before Finding element: By.xpath: // button[@id='Cancel_sendercontactaddedit']//div[contains(text(),'Cancel')]
2020-08-12/16:56:38.421  INFO: listener.WebEventListener - Before Finding element: By.xpath: // button[@id='Cancel_sendercontactaddedit']//div[contains(text(),'Cancel')]
131186 [main] INFO utilities.listener.WebEventListener  - Before Finding element: By.xpath: // button[@id='Cancel_sendercontactaddedit']//div[contains(text(),'Cancel')]
2020-08-12/16:56:38.689  INFO: listener.WebEventListener - Before Finding element: By.xpath: // button[@id='Cancel_sendercontactaddedit']//div[contains(text(),'Cancel')]
131454 [main] INFO utilities.listener.WebEventListener  - Before Finding element: By.xpath: // button[@id='Cancel_sendercontactaddedit']//div[contains(text(),'Cancel')]
2020-08-12/16:56:38.961  INFO: listener.WebEventListener - Before Finding element: By.xpath: // button[@id='Cancel_sendercontactaddedit']//div[contains(text(),'Cancel')]
131726 [main] INFO utilities.listener.WebEventListener  - Before Finding element: By.xpath: // button[@id='Cancel_sendercontactaddedit']//div[contains(text(),'Cancel')]
2020-08-12/16:56:39.229  INFO: listener.WebEventListener - Before Finding element: By.xpath: // button[@id='Cancel_sendercontactaddedit']//div[contains(text(),'Cancel')]
131994 [main] INFO utilities.listener.WebEventListener  - Before Finding element: By.xpath: // button[@id='Cancel_sendercontactaddedit']//div[contains(text(),'Cancel')]
2020-08-12/16:56:39.498  INFO: listener.WebEventListener - Before Finding element: By.xpath: // button[@id='Cancel_sendercontactaddedit']//div[contains(text(),'Cancel')]
132263 [main] INFO utilities.listener.WebEventListener  - Before Finding element: By.xpath: // button[@id='Cancel_sendercontactaddedit']//div[contains(text(),'Cancel')]
2020-08-12/16:56:39.771  INFO: listener.WebEventListener - Before Finding element: By.xpath: // button[@id='Cancel_sendercontactaddedit']//div[contains(text(),'Cancel')]
132536 [main] INFO utilities.listener.WebEventListener  - Before Finding element: By.xpath: // button[@id='Cancel_sendercontactaddedit']//div[contains(text(),'Cancel')]
2020-08-12/16:56:40.037  INFO: listener.WebEventListener - Before Finding element: By.xpath: // button[@id='Cancel_sendercontactaddedit']//div[contains(text(),'Cancel')]
132802 [main] INFO utilities.listener.WebEventListener  - Before Finding element: By.xpath: // button[@id='Cancel_sendercontactaddedit']//div[contains(text(),'Cancel')]
2020-08-12/16:56:40.304  INFO: listener.WebEventListener - Before Finding element: By.xpath: // button[@id='Cancel_sendercontactaddedit']//div[contains(text(),'Cancel')]
133069 [main] INFO utilities.listener.WebEventListener  - Before Finding element: By.xpath: // button[@id='Cancel_sendercontactaddedit']//div[contains(text(),'Cancel')]
2020-08-12/16:56:40.570  INFO: listener.WebEventListener - Before Finding element: By.xpath: // button[@id='Cancel_sendercontactaddedit']//div[contains(text(),'Cancel')]
133335 [main] INFO utilities.listener.WebEventListener  - Before Finding element: By.xpath: // button[@id='Cancel_sendercontactaddedit']//div[contains(text(),'Cancel')]
2020-08-12/16:56:40.836  INFO: listener.WebEventListener - Before Finding element: By.xpath: // button[@id='Cancel_sendercontactaddedit']//div[contains(text(),'Cancel')]
133601 [main] INFO utilities.listener.WebEventListener  - Before Finding element: By.xpath: // button[@id='Cancel_sendercontactaddedit']//div[contains(text(),'Cancel')]
2020-08-12/16:56:41.102  INFO: listener.WebEventListener - Before Finding element: By.xpath: // button[@id='Cancel_sendercontactaddedit']//div[contains(text(),'Cancel')]
133867 [main] INFO utilities.listener.WebEventListener  - Before Finding element: By.xpath: // button[@id='Cancel_sendercontactaddedit']//div[contains(text(),'Cancel')]
2020-08-12/16:56:41.369  INFO: listener.WebEventListener - Before Finding element: By.xpath: // button[@id='Cancel_sendercontactaddedit']//div[contains(text(),'Cancel')]
134134 [main] INFO utilities.listener.WebEventListener  - Before Finding element: By.xpath: // button[@id='Cancel_sendercontactaddedit']//div[contains(text(),'Cancel')]
2020-08-12/16:56:41.637  INFO: listener.WebEventListener - Before Finding element: By.xpath: // button[@id='Cancel_sendercontactaddedit']//div[contains(text(),'Cancel')]
134402 [main] INFO utilities.listener.WebEventListener  - Before Finding element: By.xpath: // button[@id='Cancel_sendercontactaddedit']//div[contains(text(),'Cancel')]
2020-08-12/16:56:41.903  INFO: listener.WebEventListener - Before Finding element: By.xpath: // button[@id='Cancel_sendercontactaddedit']//div[contains(text(),'Cancel')]
134668 [main] INFO utilities.listener.WebEventListener  - Before Finding element: By.xpath: // button[@id='Cancel_sendercontactaddedit']//div[contains(text(),'Cancel')]
2020-08-12/16:56:42.169  INFO: listener.WebEventListener - Before Finding element: By.xpath: // button[@id='Cancel_sendercontactaddedit']//div[contains(text(),'Cancel')]
134934 [main] INFO utilities.listener.WebEventListener  - Before Finding element: By.xpath: // button[@id='Cancel_sendercontactaddedit']//div[contains(text(),'Cancel')]
2020-08-12/16:56:42.434  INFO: listener.WebEventListener - Before Finding element: By.xpath: // button[@id='Cancel_sendercontactaddedit']//div[contains(text(),'Cancel')]
135199 [main] INFO utilities.listener.WebEventListener  - Before Finding element: By.xpath: // button[@id='Cancel_sendercontactaddedit']//div[contains(text(),'Cancel')]
2020-08-12/16:56:42.700  INFO: listener.WebEventListener - Before Finding element: By.xpath: // button[@id='Cancel_sendercontactaddedit']//div[contains(text(),'Cancel')]
135465 [main] INFO utilities.listener.WebEventListener  - Before Finding element: By.xpath: // button[@id='Cancel_sendercontactaddedit']//div[contains(text(),'Cancel')]
2020-08-12/16:56:42.966  INFO: listener.WebEventListener - Before Finding element: By.xpath: // button[@id='Cancel_sendercontactaddedit']//div[contains(text(),'Cancel')]
135731 [main] INFO utilities.listener.WebEventListener  - Before Finding element: By.xpath: // button[@id='Cancel_sendercontactaddedit']//div[contains(text(),'Cancel')]
2020-08-12/16:56:43.233  INFO: listener.WebEventListener - Before Finding element: By.xpath: // button[@id='Cancel_sendercontactaddedit']//div[contains(text(),'Cancel')]
135998 [main] INFO utilities.listener.WebEventListener  - Before Finding element: By.xpath: // button[@id='Cancel_sendercontactaddedit']//div[contains(text(),'Cancel')]
2020-08-12/16:56:43.502  INFO: listener.WebEventListener - Before Finding element: By.xpath: // button[@id='Cancel_sendercontactaddedit']//div[contains(text(),'Cancel')]
136267 [main] INFO utilities.listener.WebEventListener  - Before Finding element: By.xpath: // button[@id='Cancel_sendercontactaddedit']//div[contains(text(),'Cancel')]
2020-08-12/16:56:43.779  INFO: listener.WebEventListener - Before Finding element: By.xpath: // button[@id='Cancel_sendercontactaddedit']//div[contains(text(),'Cancel')]
136544 [main] INFO utilities.listener.WebEventListener  - Before Finding element: By.xpath: // button[@id='Cancel_sendercontactaddedit']//div[contains(text(),'Cancel')]
2020-08-12/16:56:44.044  INFO: listener.WebEventListener - Before Finding element: By.xpath: // button[@id='Cancel_sendercontactaddedit']//div[contains(text(),'Cancel')]
136809 [main] INFO utilities.listener.WebEventListener  - Before Finding element: By.xpath: // button[@id='Cancel_sendercontactaddedit']//div[contains(text(),'Cancel')]
2020-08-12/16:56:44.313  INFO: listener.WebEventListener - Before Finding element: By.xpath: // button[@id='Cancel_sendercontactaddedit']//div[contains(text(),'Cancel')]
137078 [main] INFO utilities.listener.WebEventListener  - Before Finding element: By.xpath: // button[@id='Cancel_sendercontactaddedit']//div[contains(text(),'Cancel')]
2020-08-12/16:56:44.587  INFO: listener.WebEventListener - Before Finding element: By.xpath: // button[@id='Cancel_sendercontactaddedit']//div[contains(text(),'Cancel')]
137352 [main] INFO utilities.listener.WebEventListener  - Before Finding element: By.xpath: // button[@id='Cancel_sendercontactaddedit']//div[contains(text(),'Cancel')]
2020-08-12/16:56:44.859  INFO: listener.WebEventListener - Before Finding element: By.xpath: // button[@id='Cancel_sendercontactaddedit']//div[contains(text(),'Cancel')]
137624 [main] INFO utilities.listener.WebEventListener  - Before Finding element: By.xpath: // button[@id='Cancel_sendercontactaddedit']//div[contains(text(),'Cancel')]
2020-08-12/16:56:45.124  INFO: listener.WebEventListener - Before Finding element: By.xpath: // button[@id='Cancel_sendercontactaddedit']//div[contains(text(),'Cancel')]
137889 [main] INFO utilities.listener.WebEventListener  - Before Finding element: By.xpath: // button[@id='Cancel_sendercontactaddedit']//div[contains(text(),'Cancel')]
2020-08-12/16:56:45.391  INFO: listener.WebEventListener - Before Finding element: By.xpath: // button[@id='Cancel_sendercontactaddedit']//div[contains(text(),'Cancel')]
138156 [main] INFO utilities.listener.WebEventListener  - Before Finding element: By.xpath: // button[@id='Cancel_sendercontactaddedit']//div[contains(text(),'Cancel')]
2020-08-12/16:56:45.659  INFO: listener.WebEventListener - Before Finding element: By.xpath: // button[@id='Cancel_sendercontactaddedit']//div[contains(text(),'Cancel')]
138424 [main] INFO utilities.listener.WebEventListener  - Before Finding element: By.xpath: // button[@id='Cancel_sendercontactaddedit']//div[contains(text(),'Cancel')]
2020-08-12/16:56:45.929  INFO: listener.WebEventListener - Before Finding element: By.xpath: // button[@id='Cancel_sendercontactaddedit']//div[contains(text(),'Cancel')]
138694 [main] INFO utilities.listener.WebEventListener  - Before Finding element: By.xpath: // button[@id='Cancel_sendercontactaddedit']//div[contains(text(),'Cancel')]
2020-08-12/16:56:46.199  INFO: listener.WebEventListener - Before Finding element: By.xpath: // button[@id='Cancel_sendercontactaddedit']//div[contains(text(),'Cancel')]
138964 [main] INFO utilities.listener.WebEventListener  - Before Finding element: By.xpath: // button[@id='Cancel_sendercontactaddedit']//div[contains(text(),'Cancel')]
2020-08-12/16:56:46.466  INFO: listener.WebEventListener - Before Finding element: By.xpath: // button[@id='Cancel_sendercontactaddedit']//div[contains(text(),'Cancel')]
139231 [main] INFO utilities.listener.WebEventListener  - Before Finding element: By.xpath: // button[@id='Cancel_sendercontactaddedit']//div[contains(text(),'Cancel')]
2020-08-12/16:56:46.735  INFO: listener.WebEventListener - Before Finding element: By.xpath: // button[@id='Cancel_sendercontactaddedit']//div[contains(text(),'Cancel')]
139500 [main] INFO utilities.listener.WebEventListener  - Before Finding element: By.xpath: // button[@id='Cancel_sendercontactaddedit']//div[contains(text(),'Cancel')]
2020-08-12/16:56:47.008  INFO: listener.WebEventListener - Before Finding element: By.xpath: // button[@id='Cancel_sendercontactaddedit']//div[contains(text(),'Cancel')]
139773 [main] INFO utilities.listener.WebEventListener  - Before Finding element: By.xpath: // button[@id='Cancel_sendercontactaddedit']//div[contains(text(),'Cancel')]
2020-08-12/16:56:47.282  INFO: listener.WebEventListener - Before Finding element: By.xpath: // button[@id='Cancel_sendercontactaddedit']//div[contains(text(),'Cancel')]
140047 [main] INFO utilities.listener.WebEventListener  - Before Finding element: By.xpath: // button[@id='Cancel_sendercontactaddedit']//div[contains(text(),'Cancel')]
2020-08-12/16:56:47.550  INFO: listener.WebEventListener - Before Finding element: By.xpath: // button[@id='Cancel_sendercontactaddedit']//div[contains(text(),'Cancel')]
140315 [main] INFO utilities.listener.WebEventListener  - Before Finding element: By.xpath: // button[@id='Cancel_sendercontactaddedit']//div[contains(text(),'Cancel')]
2020-08-12/16:56:47.819  INFO: listener.WebEventListener - Before Finding element: By.xpath: // button[@id='Cancel_sendercontactaddedit']//div[contains(text(),'Cancel')]
140584 [main] INFO utilities.listener.WebEventListener  - Before Finding element: By.xpath: // button[@id='Cancel_sendercontactaddedit']//div[contains(text(),'Cancel')]
2020-08-12/16:56:48.086  INFO: listener.WebEventListener - Before Finding element: By.xpath: // button[@id='Cancel_sendercontactaddedit']//div[contains(text(),'Cancel')]
140851 [main] INFO utilities.listener.WebEventListener  - Before Finding element: By.xpath: // button[@id='Cancel_sendercontactaddedit']//div[contains(text(),'Cancel')]
2020-08-12/16:56:48.352  INFO: listener.WebEventListener - Before Finding element: By.xpath: // button[@id='Cancel_sendercontactaddedit']//div[contains(text(),'Cancel')]
141117 [main] INFO utilities.listener.WebEventListener  - Before Finding element: By.xpath: // button[@id='Cancel_sendercontactaddedit']//div[contains(text(),'Cancel')]
2020-08-12/16:56:48.619  INFO: listener.WebEventListener - Before Finding element: By.xpath: // button[@id='Cancel_sendercontactaddedit']//div[contains(text(),'Cancel')]
141384 [main] INFO utilities.listener.WebEventListener  - Before Finding element: By.xpath: // button[@id='Cancel_sendercontactaddedit']//div[contains(text(),'Cancel')]
2020-08-12/16:56:48.889  INFO: listener.WebEventListener - Before Finding element: By.xpath: // button[@id='Cancel_sendercontactaddedit']//div[contains(text(),'Cancel')]
141654 [main] INFO utilities.listener.WebEventListener  - Before Finding element: By.xpath: // button[@id='Cancel_sendercontactaddedit']//div[contains(text(),'Cancel')]
2020-08-12/16:56:49.155  INFO: listener.WebEventListener - Before Finding element: By.xpath: // button[@id='Cancel_sendercontactaddedit']//div[contains(text(),'Cancel')]
141920 [main] INFO utilities.listener.WebEventListener  - Before Finding element: By.xpath: // button[@id='Cancel_sendercontactaddedit']//div[contains(text(),'Cancel')]
2020-08-12/16:56:49.421  INFO: listener.WebEventListener - Before Finding element: By.xpath: // button[@id='Cancel_sendercontactaddedit']//div[contains(text(),'Cancel')]
142186 [main] INFO utilities.listener.WebEventListener  - Before Finding element: By.xpath: // button[@id='Cancel_sendercontactaddedit']//div[contains(text(),'Cancel')]
2020-08-12/16:56:49.692  INFO: listener.WebEventListener - Before Finding element: By.xpath: // button[@id='Cancel_sendercontactaddedit']//div[contains(text(),'Cancel')]
142457 [main] INFO utilities.listener.WebEventListener  - Before Finding element: By.xpath: // button[@id='Cancel_sendercontactaddedit']//div[contains(text(),'Cancel')]
2020-08-12/16:56:49.964  INFO: listener.WebEventListener - Before Finding element: By.xpath: // button[@id='Cancel_sendercontactaddedit']//div[contains(text(),'Cancel')]
142729 [main] INFO utilities.listener.WebEventListener  - Before Finding element: By.xpath: // button[@id='Cancel_sendercontactaddedit']//div[contains(text(),'Cancel')]
2020-08-12/16:56:50.229  INFO: listener.WebEventListener - Before Finding element: By.xpath: // button[@id='Cancel_sendercontactaddedit']//div[contains(text(),'Cancel')]
142994 [main] INFO utilities.listener.WebEventListener  - Before Finding element: By.xpath: // button[@id='Cancel_sendercontactaddedit']//div[contains(text(),'Cancel')]
2020-08-12/16:56:50.494  INFO: listener.WebEventListener - Before Finding element: By.xpath: // button[@id='Cancel_sendercontactaddedit']//div[contains(text(),'Cancel')]
143259 [main] INFO utilities.listener.WebEventListener  - Before Finding element: By.xpath: // button[@id='Cancel_sendercontactaddedit']//div[contains(text(),'Cancel')]
2020-08-12/16:56:50.761  INFO: listener.WebEventListener - Before Finding element: By.xpath: // button[@id='Cancel_sendercontactaddedit']//div[contains(text(),'Cancel')]
143526 [main] INFO utilities.listener.WebEventListener  - Before Finding element: By.xpath: // button[@id='Cancel_sendercontactaddedit']//div[contains(text(),'Cancel')]
2020-08-12/16:56:51.028  INFO: listener.WebEventListener - Before Finding element: By.xpath: // button[@id='Cancel_sendercontactaddedit']//div[contains(text(),'Cancel')]
143793 [main] INFO utilities.listener.WebEventListener  - Before Finding element: By.xpath: // button[@id='Cancel_sendercontactaddedit']//div[contains(text(),'Cancel')]
2020-08-12/16:56:51.301  INFO: listener.WebEventListener - Before Finding element: By.xpath: // button[@id='Cancel_sendercontactaddedit']//div[contains(text(),'Cancel')]
144066 [main] INFO utilities.listener.WebEventListener  - Before Finding element: By.xpath: // button[@id='Cancel_sendercontactaddedit']//div[contains(text(),'Cancel')]
2020-08-12/16:56:51.570  INFO: listener.WebEventListener - Before Finding element: By.xpath: // button[@id='Cancel_sendercontactaddedit']//div[contains(text(),'Cancel')]
144335 [main] INFO utilities.listener.WebEventListener  - Before Finding element: By.xpath: // button[@id='Cancel_sendercontactaddedit']//div[contains(text(),'Cancel')]
2020-08-12/16:56:51.837  INFO: listener.WebEventListener - Before Finding element: By.xpath: // button[@id='Cancel_sendercontactaddedit']//div[contains(text(),'Cancel')]
144602 [main] INFO utilities.listener.WebEventListener  - Before Finding element: By.xpath: // button[@id='Cancel_sendercontactaddedit']//div[contains(text(),'Cancel')]
2020-08-12/16:56:52.103  INFO: listener.WebEventListener - Before Finding element: By.xpath: // button[@id='Cancel_sendercontactaddedit']//div[contains(text(),'Cancel')]
144868 [main] INFO utilities.listener.WebEventListener  - Before Finding element: By.xpath: // button[@id='Cancel_sendercontactaddedit']//div[contains(text(),'Cancel')]
2020-08-12/16:56:52.370  INFO: listener.WebEventListener - Before Finding element: By.xpath: // button[@id='Cancel_sendercontactaddedit']//div[contains(text(),'Cancel')]
145135 [main] INFO utilities.listener.WebEventListener  - Before Finding element: By.xpath: // button[@id='Cancel_sendercontactaddedit']//div[contains(text(),'Cancel')]
2020-08-12/16:56:52.638  INFO: listener.WebEventListener - Before Finding element: By.xpath: // button[@id='Cancel_sendercontactaddedit']//div[contains(text(),'Cancel')]
145403 [main] INFO utilities.listener.WebEventListener  - Before Finding element: By.xpath: // button[@id='Cancel_sendercontactaddedit']//div[contains(text(),'Cancel')]
2020-08-12/16:56:52.904  INFO: listener.WebEventListener - Before Finding element: By.xpath: // button[@id='Cancel_sendercontactaddedit']//div[contains(text(),'Cancel')]
145669 [main] INFO utilities.listener.WebEventListener  - Before Finding element: By.xpath: // button[@id='Cancel_sendercontactaddedit']//div[contains(text(),'Cancel')]
2020-08-12/16:56:53.171  INFO: listener.WebEventListener - Before Finding element: By.xpath: // button[@id='Cancel_sendercontactaddedit']//div[contains(text(),'Cancel')]
145936 [main] INFO utilities.listener.WebEventListener  - Before Finding element: By.xpath: // button[@id='Cancel_sendercontactaddedit']//div[contains(text(),'Cancel')]
2020-08-12/16:56:53.484  INFO: listener.WebEventListener - Before Finding element: By.xpath: // button[@id='Cancel_sendercontactaddedit']//div[contains(text(),'Cancel')]
146249 [main] INFO utilities.listener.WebEventListener  - Before Finding element: By.xpath: // button[@id='Cancel_sendercontactaddedit']//div[contains(text(),'Cancel')]
2020-08-12/16:56:53.771  INFO: listener.WebEventListener - Before Finding element: By.xpath: // button[@id='Cancel_sendercontactaddedit']//div[contains(text(),'Cancel')]
146536 [main] INFO utilities.listener.WebEventListener  - Before Finding element: By.xpath: // button[@id='Cancel_sendercontactaddedit']//div[contains(text(),'Cancel')]
2020-08-12/16:56:54.036  INFO: listener.WebEventListener - Before Finding element: By.xpath: // button[@id='Cancel_sendercontactaddedit']//div[contains(text(),'Cancel')]
146801 [main] INFO utilities.listener.WebEventListener  - Before Finding element: By.xpath: // button[@id='Cancel_sendercontactaddedit']//div[contains(text(),'Cancel')]
2020-08-12/16:56:54.306  INFO: listener.WebEventListener - Before Finding element: By.xpath: // button[@id='Cancel_sendercontactaddedit']//div[contains(text(),'Cancel')]
147071 [main] INFO utilities.listener.WebEventListener  - Before Finding element: By.xpath: // button[@id='Cancel_sendercontactaddedit']//div[contains(text(),'Cancel')]
2020-08-12/16:56:54.574  INFO: listener.WebEventListener - Before Finding element: By.xpath: // button[@id='Cancel_sendercontactaddedit']//div[contains(text(),'Cancel')]
147339 [main] INFO utilities.listener.WebEventListener  - Before Finding element: By.xpath: // button[@id='Cancel_sendercontactaddedit']//div[contains(text(),'Cancel')]
2020-08-12/16:56:54.845  INFO: listener.WebEventListener - Before Finding element: By.xpath: // button[@id='Cancel_sendercontactaddedit']//div[contains(text(),'Cancel')]
147610 [main] INFO utilities.listener.WebEventListener  - Before Finding element: By.xpath: // button[@id='Cancel_sendercontactaddedit']//div[contains(text(),'Cancel')]
2020-08-12/16:56:55.110  INFO: listener.WebEventListener - Before Finding element: By.xpath: // button[@id='Cancel_sendercontactaddedit']//div[contains(text(),'Cancel')]
147875 [main] INFO utilities.listener.WebEventListener  - Before Finding element: By.xpath: // button[@id='Cancel_sendercontactaddedit']//div[contains(text(),'Cancel')]
2020-08-12/16:56:55.377  INFO: listener.WebEventListener - Before Finding element: By.xpath: // button[@id='Cancel_sendercontactaddedit']//div[contains(text(),'Cancel')]
148142 [main] INFO utilities.listener.WebEventListener  - Before Finding element: By.xpath: // button[@id='Cancel_sendercontactaddedit']//div[contains(text(),'Cancel')]
2020-08-12/16:56:55.641  INFO: listener.WebEventListener - Before Finding element: By.xpath: // button[@id='Cancel_sendercontactaddedit']//div[contains(text(),'Cancel')]
148406 [main] INFO utilities.listener.WebEventListener  - Before Finding element: By.xpath: // button[@id='Cancel_sendercontactaddedit']//div[contains(text(),'Cancel')]
2020-08-12/16:56:55.908  INFO: listener.WebEventListener - Before Finding element: By.xpath: // button[@id='Cancel_sendercontactaddedit']//div[contains(text(),'Cancel')]
148673 [main] INFO utilities.listener.WebEventListener  - Before Finding element: By.xpath: // button[@id='Cancel_sendercontactaddedit']//div[contains(text(),'Cancel')]
2020-08-12/16:56:56.174  INFO: listener.WebEventListener - Before Finding element: By.xpath: // button[@id='Cancel_sendercontactaddedit']//div[contains(text(),'Cancel')]
148939 [main] INFO utilities.listener.WebEventListener  - Before Finding element: By.xpath: // button[@id='Cancel_sendercontactaddedit']//div[contains(text(),'Cancel')]
2020-08-12/16:56:56.439  INFO: listener.WebEventListener - Before Finding element: By.xpath: // button[@id='Cancel_sendercontactaddedit']//div[contains(text(),'Cancel')]
149204 [main] INFO utilities.listener.WebEventListener  - Before Finding element: By.xpath: // button[@id='Cancel_sendercontactaddedit']//div[contains(text(),'Cancel')]
2020-08-12/16:56:56.708  INFO: listener.WebEventListener - Before Finding element: By.xpath: // button[@id='Cancel_sendercontactaddedit']//div[contains(text(),'Cancel')]
149473 [main] INFO utilities.listener.WebEventListener  - Before Finding element: By.xpath: // button[@id='Cancel_sendercontactaddedit']//div[contains(text(),'Cancel')]
2020-08-12/16:56:56.989  INFO: listener.WebEventListener - Before Finding element: By.xpath: // button[@id='Cancel_sendercontactaddedit']//div[contains(text(),'Cancel')]
149754 [main] INFO utilities.listener.WebEventListener  - Before Finding element: By.xpath: // button[@id='Cancel_sendercontactaddedit']//div[contains(text(),'Cancel')]
2020-08-12/16:56:57.255  INFO: listener.WebEventListener - Before Finding element: By.xpath: // button[@id='Cancel_sendercontactaddedit']//div[contains(text(),'Cancel')]
150020 [main] INFO utilities.listener.WebEventListener  - Before Finding element: By.xpath: // button[@id='Cancel_sendercontactaddedit']//div[contains(text(),'Cancel')]
2020-08-12/16:56:57.521  INFO: listener.WebEventListener - Before Finding element: By.xpath: // button[@id='Cancel_sendercontactaddedit']//div[contains(text(),'Cancel')]
150286 [main] INFO utilities.listener.WebEventListener  - Before Finding element: By.xpath: // button[@id='Cancel_sendercontactaddedit']//div[contains(text(),'Cancel')]
2020-08-12/16:56:57.787  INFO: listener.WebEventListener - Before Finding element: By.xpath: // button[@id='Cancel_sendercontactaddedit']//div[contains(text(),'Cancel')]
150552 [main] INFO utilities.listener.WebEventListener  - Before Finding element: By.xpath: // button[@id='Cancel_sendercontactaddedit']//div[contains(text(),'Cancel')]
2020-08-12/16:56:58.055  INFO: listener.WebEventListener - Before Finding element: By.xpath: // button[@id='Cancel_sendercontactaddedit']//div[contains(text(),'Cancel')]
150820 [main] INFO utilities.listener.WebEventListener  - Before Finding element: By.xpath: // button[@id='Cancel_sendercontactaddedit']//div[contains(text(),'Cancel')]
2020-08-12/16:56:58.322  INFO: listener.WebEventListener - Before Finding element: By.xpath: // button[@id='Cancel_sendercontactaddedit']//div[contains(text(),'Cancel')]
151087 [main] INFO utilities.listener.WebEventListener  - Before Finding element: By.xpath: // button[@id='Cancel_sendercontactaddedit']//div[contains(text(),'Cancel')]
2020-08-12/16:56:58.590  INFO: listener.WebEventListener - Before Finding element: By.xpath: // button[@id='Cancel_sendercontactaddedit']//div[contains(text(),'Cancel')]
151355 [main] INFO utilities.listener.WebEventListener  - Before Finding element: By.xpath: // button[@id='Cancel_sendercontactaddedit']//div[contains(text(),'Cancel')]
2020-08-12/16:56:58.857  INFO: listener.WebEventListener - Before Finding element: By.xpath: // button[@id='Cancel_sendercontactaddedit']//div[contains(text(),'Cancel')]
151622 [main] INFO utilities.listener.WebEventListener  - Before Finding element: By.xpath: // button[@id='Cancel_sendercontactaddedit']//div[contains(text(),'Cancel')]
2020-08-12/16:56:59.123  INFO: listener.WebEventListener - Before Finding element: By.xpath: // button[@id='Cancel_sendercontactaddedit']//div[contains(text(),'Cancel')]
151888 [main] INFO utilities.listener.WebEventListener  - Before Finding element: By.xpath: // button[@id='Cancel_sendercontactaddedit']//div[contains(text(),'Cancel')]
2020-08-12/16:56:59.393  INFO: listener.WebEventListener - Before Finding element: By.xpath: // button[@id='Cancel_sendercontactaddedit']//div[contains(text(),'Cancel')]
152158 [main] INFO utilities.listener.WebEventListener  - Before Finding element: By.xpath: // button[@id='Cancel_sendercontactaddedit']//div[contains(text(),'Cancel')]
2020-08-12/16:56:59.664  INFO: listener.WebEventListener - Before Finding element: By.xpath: // button[@id='Cancel_sendercontactaddedit']//div[contains(text(),'Cancel')]
152429 [main] INFO utilities.listener.WebEventListener  - Before Finding element: By.xpath: // button[@id='Cancel_sendercontactaddedit']//div[contains(text(),'Cancel')]
2020-08-12/16:56:59.934  INFO: listener.WebEventListener - Before Finding element: By.xpath: // button[@id='Cancel_sendercontactaddedit']//div[contains(text(),'Cancel')]
152699 [main] INFO utilities.listener.WebEventListener  - Before Finding element: By.xpath: // button[@id='Cancel_sendercontactaddedit']//div[contains(text(),'Cancel')]
2020-08-12/16:57:00.202  INFO: listener.WebEventListener - Before Finding element: By.xpath: // button[@id='Cancel_sendercontactaddedit']//div[contains(text(),'Cancel')]
152967 [main] INFO utilities.listener.WebEventListener  - Before Finding element: By.xpath: // button[@id='Cancel_sendercontactaddedit']//div[contains(text(),'Cancel')]
2020-08-12/16:57:00.468  INFO: listener.WebEventListener - Before Finding element: By.xpath: // button[@id='Cancel_sendercontactaddedit']//div[contains(text(),'Cancel')]
153233 [main] INFO utilities.listener.WebEventListener  - Before Finding element: By.xpath: // button[@id='Cancel_sendercontactaddedit']//div[contains(text(),'Cancel')]
2020-08-12/16:57:00.738  INFO: listener.WebEventListener - Before Finding element: By.xpath: // button[@id='Cancel_sendercontactaddedit']//div[contains(text(),'Cancel')]
153503 [main] INFO utilities.listener.WebEventListener  - Before Finding element: By.xpath: // button[@id='Cancel_sendercontactaddedit']//div[contains(text(),'Cancel')]
2020-08-12/16:57:01.006  INFO: listener.WebEventListener - Before Finding element: By.xpath: // button[@id='Cancel_sendercontactaddedit']//div[contains(text(),'Cancel')]
153771 [main] INFO utilities.listener.WebEventListener  - Before Finding element: By.xpath: // button[@id='Cancel_sendercontactaddedit']//div[contains(text(),'Cancel')]
2020-08-12/16:57:01.272  INFO: listener.WebEventListener - Before Finding element: By.xpath: // button[@id='Cancel_sendercontactaddedit']//div[contains(text(),'Cancel')]
154037 [main] INFO utilities.listener.WebEventListener  - Before Finding element: By.xpath: // button[@id='Cancel_sendercontactaddedit']//div[contains(text(),'Cancel')]
2020-08-12/16:57:01.540  INFO: listener.WebEventListener - Before Finding element: By.xpath: // button[@id='Cancel_sendercontactaddedit']//div[contains(text(),'Cancel')]
154305 [main] INFO utilities.listener.WebEventListener  - Before Finding element: By.xpath: // button[@id='Cancel_sendercontactaddedit']//div[contains(text(),'Cancel')]
2020-08-12/16:57:01.810  INFO: listener.WebEventListener - Before Finding element: By.xpath: // button[@id='Cancel_sendercontactaddedit']//div[contains(text(),'Cancel')]
154575 [main] INFO utilities.listener.WebEventListener  - Before Finding element: By.xpath: // button[@id='Cancel_sendercontactaddedit']//div[contains(text(),'Cancel')]
2020-08-12/16:57:02.075  INFO: listener.WebEventListener - Before Finding element: By.xpath: // button[@id='Cancel_sendercontactaddedit']//div[contains(text(),'Cancel')]
154840 [main] INFO utilities.listener.WebEventListener  - Before Finding element: By.xpath: // button[@id='Cancel_sendercontactaddedit']//div[contains(text(),'Cancel')]
2020-08-12/16:57:02.342  INFO: listener.WebEventListener - Before Finding element: By.xpath: // button[@id='Cancel_sendercontactaddedit']//div[contains(text(),'Cancel')]
155107 [main] INFO utilities.listener.WebEventListener  - Before Finding element: By.xpath: // button[@id='Cancel_sendercontactaddedit']//div[contains(text(),'Cancel')]
2020-08-12/16:57:02.611  INFO: listener.WebEventListener - Before Finding element: By.xpath: // button[@id='Cancel_sendercontactaddedit']//div[contains(text(),'Cancel')]
155376 [main] INFO utilities.listener.WebEventListener  - Before Finding element: By.xpath: // button[@id='Cancel_sendercontactaddedit']//div[contains(text(),'Cancel')]
2020-08-12/16:57:02.879  INFO: listener.WebEventListener - Before Finding element: By.xpath: // button[@id='Cancel_sendercontactaddedit']//div[contains(text(),'Cancel')]
155644 [main] INFO utilities.listener.WebEventListener  - Before Finding element: By.xpath: // button[@id='Cancel_sendercontactaddedit']//div[contains(text(),'Cancel')]
2020-08-12/16:57:03.146  INFO: listener.WebEventListener - Before Finding element: By.xpath: // button[@id='Cancel_sendercontactaddedit']//div[contains(text(),'Cancel')]
155911 [main] INFO utilities.listener.WebEventListener  - Before Finding element: By.xpath: // button[@id='Cancel_sendercontactaddedit']//div[contains(text(),'Cancel')]
2020-08-12/16:57:03.413  INFO: listener.WebEventListener - Before Finding element: By.xpath: // button[@id='Cancel_sendercontactaddedit']//div[contains(text(),'Cancel')]
156178 [main] INFO utilities.listener.WebEventListener  - Before Finding element: By.xpath: // button[@id='Cancel_sendercontactaddedit']//div[contains(text(),'Cancel')]
2020-08-12/16:57:03.683  INFO: listener.WebEventListener - Before Finding element: By.xpath: // button[@id='Cancel_sendercontactaddedit']//div[contains(text(),'Cancel')]
156448 [main] INFO utilities.listener.WebEventListener  - Before Finding element: By.xpath: // button[@id='Cancel_sendercontactaddedit']//div[contains(text(),'Cancel')]
2020-08-12/16:57:03.954  INFO: listener.WebEventListener - Before Finding element: By.xpath: // button[@id='Cancel_sendercontactaddedit']//div[contains(text(),'Cancel')]
156719 [main] INFO utilities.listener.WebEventListener  - Before Finding element: By.xpath: // button[@id='Cancel_sendercontactaddedit']//div[contains(text(),'Cancel')]
2020-08-12/16:57:04.225  INFO: listener.WebEventListener - Before Finding element: By.xpath: // button[@id='Cancel_sendercontactaddedit']//div[contains(text(),'Cancel')]
156990 [main] INFO utilities.listener.WebEventListener  - Before Finding element: By.xpath: // button[@id='Cancel_sendercontactaddedit']//div[contains(text(),'Cancel')]
2020-08-12/16:57:04.497  INFO: listener.WebEventListener - Before Finding element: By.xpath: // button[@id='Cancel_sendercontactaddedit']//div[contains(text(),'Cancel')]
157262 [main] INFO utilities.listener.WebEventListener  - Before Finding element: By.xpath: // button[@id='Cancel_sendercontactaddedit']//div[contains(text(),'Cancel')]
2020-08-12/16:57:04.767  INFO: listener.WebEventListener - Before Finding element: By.xpath: // button[@id='Cancel_sendercontactaddedit']//div[contains(text(),'Cancel')]
157532 [main] INFO utilities.listener.WebEventListener  - Before Finding element: By.xpath: // button[@id='Cancel_sendercontactaddedit']//div[contains(text(),'Cancel')]
2020-08-12/16:57:05.032  INFO: listener.WebEventListener - Before Finding element: By.xpath: // button[@id='Cancel_sendercontactaddedit']//div[contains(text(),'Cancel')]
157797 [main] INFO utilities.listener.WebEventListener  - Before Finding element: By.xpath: // button[@id='Cancel_sendercontactaddedit']//div[contains(text(),'Cancel')]
2020-08-12/16:57:05.302  INFO: listener.WebEventListener - Before Finding element: By.xpath: // button[@id='Cancel_sendercontactaddedit']//div[contains(text(),'Cancel')]
158067 [main] INFO utilities.listener.WebEventListener  - Before Finding element: By.xpath: // button[@id='Cancel_sendercontactaddedit']//div[contains(text(),'Cancel')]
2020-08-12/16:57:05.570  INFO: listener.WebEventListener - Before Finding element: By.xpath: // button[@id='Cancel_sendercontactaddedit']//div[contains(text(),'Cancel')]
158335 [main] INFO utilities.listener.WebEventListener  - Before Finding element: By.xpath: // button[@id='Cancel_sendercontactaddedit']//div[contains(text(),'Cancel')]
2020-08-12/16:57:05.834  INFO: listener.WebEventListener - Before Finding element: By.xpath: // button[@id='Cancel_sendercontactaddedit']//div[contains(text(),'Cancel')]
158599 [main] INFO utilities.listener.WebEventListener  - Before Finding element: By.xpath: // button[@id='Cancel_sendercontactaddedit']//div[contains(text(),'Cancel')]
2020-08-12/16:57:06.100  INFO: listener.WebEventListener - Before Finding element: By.xpath: // button[@id='Cancel_sendercontactaddedit']//div[contains(text(),'Cancel')]
158865 [main] INFO utilities.listener.WebEventListener  - Before Finding element: By.xpath: // button[@id='Cancel_sendercontactaddedit']//div[contains(text(),'Cancel')]
2020-08-12/16:57:06.370  INFO: listener.WebEventListener - Before Finding element: By.xpath: // button[@id='Cancel_sendercontactaddedit']//div[contains(text(),'Cancel')]
159135 [main] INFO utilities.listener.WebEventListener  - Before Finding element: By.xpath: // button[@id='Cancel_sendercontactaddedit']//div[contains(text(),'Cancel')]
2020-08-12/16:57:06.654  INFO: listener.WebEventListener - Before Finding element: By.xpath: // button[@id='Cancel_sendercontactaddedit']//div[contains(text(),'Cancel')]
159419 [main] INFO utilities.listener.WebEventListener  - Before Finding element: By.xpath: // button[@id='Cancel_sendercontactaddedit']//div[contains(text(),'Cancel')]
2020-08-12/16:57:06.935  INFO: listener.WebEventListener - Before Finding element: By.xpath: // button[@id='Cancel_sendercontactaddedit']//div[contains(text(),'Cancel')]
159700 [main] INFO utilities.listener.WebEventListener  - Before Finding element: By.xpath: // button[@id='Cancel_sendercontactaddedit']//div[contains(text(),'Cancel')]
2020-08-12/16:57:07.203  INFO: listener.WebEventListener - Before Finding element: By.xpath: // button[@id='Cancel_sendercontactaddedit']//div[contains(text(),'Cancel')]
159968 [main] INFO utilities.listener.WebEventListener  - Before Finding element: By.xpath: // button[@id='Cancel_sendercontactaddedit']//div[contains(text(),'Cancel')]
2020-08-12/16:57:07.523  INFO: listener.WebEventListener - Before Finding element: By.xpath: // button[@id='Cancel_sendercontactaddedit']//div[contains(text(),'Cancel')]
160288 [main] INFO utilities.listener.WebEventListener  - Before Finding element: By.xpath: // button[@id='Cancel_sendercontactaddedit']//div[contains(text(),'Cancel')]
2020-08-12/16:57:07.796  INFO: listener.WebEventListener - Before Finding element: By.xpath: // button[@id='Cancel_sendercontactaddedit']//div[contains(text(),'Cancel')]
160561 [main] INFO utilities.listener.WebEventListener  - Before Finding element: By.xpath: // button[@id='Cancel_sendercontactaddedit']//div[contains(text(),'Cancel')]
2020-08-12/16:57:08.068  INFO: listener.WebEventListener - Before Finding element: By.xpath: // button[@id='Cancel_sendercontactaddedit']//div[contains(text(),'Cancel')]
160833 [main] INFO utilities.listener.WebEventListener  - Before Finding element: By.xpath: // button[@id='Cancel_sendercontactaddedit']//div[contains(text(),'Cancel')]
2020-08-12/16:57:08.335  INFO: listener.WebEventListener - Before Finding element: By.xpath: // button[@id='Cancel_sendercontactaddedit']//div[contains(text(),'Cancel')]
161100 [main] INFO utilities.listener.WebEventListener  - Before Finding element: By.xpath: // button[@id='Cancel_sendercontactaddedit']//div[contains(text(),'Cancel')]
2020-08-12/16:57:08.609  INFO: listener.WebEventListener - Before Finding element: By.xpath: // button[@id='Cancel_sendercontactaddedit']//div[contains(text(),'Cancel')]
161374 [main] INFO utilities.listener.WebEventListener  - Before Finding element: By.xpath: // button[@id='Cancel_sendercontactaddedit']//div[contains(text(),'Cancel')]
2020-08-12/16:57:08.876  INFO: listener.WebEventListener - Before Finding element: By.xpath: // button[@id='Cancel_sendercontactaddedit']//div[contains(text(),'Cancel')]
161641 [main] INFO utilities.listener.WebEventListener  - Before Finding element: By.xpath: // button[@id='Cancel_sendercontactaddedit']//div[contains(text(),'Cancel')]
2020-08-12/16:57:09.144  INFO: listener.WebEventListener - Before Finding element: By.xpath: // button[@id='Cancel_sendercontactaddedit']//div[contains(text(),'Cancel')]
161909 [main] INFO utilities.listener.WebEventListener  - Before Finding element: By.xpath: // button[@id='Cancel_sendercontactaddedit']//div[contains(text(),'Cancel')]
2020-08-12/16:57:09.413  INFO: listener.WebEventListener - Before Finding element: By.xpath: // button[@id='Cancel_sendercontactaddedit']//div[contains(text(),'Cancel')]
162178 [main] INFO utilities.listener.WebEventListener  - Before Finding element: By.xpath: // button[@id='Cancel_sendercontactaddedit']//div[contains(text(),'Cancel')]
2020-08-12/16:57:09.683  INFO: listener.WebEventListener - Before Finding element: By.xpath: // button[@id='Cancel_sendercontactaddedit']//div[contains(text(),'Cancel')]
162448 [main] INFO utilities.listener.WebEventListener  - Before Finding element: By.xpath: // button[@id='Cancel_sendercontactaddedit']//div[contains(text(),'Cancel')]
2020-08-12/16:57:09.953  INFO: listener.WebEventListener - Before Finding element: By.xpath: // button[@id='Cancel_sendercontactaddedit']//div[contains(text(),'Cancel')]
162718 [main] INFO utilities.listener.WebEventListener  - Before Finding element: By.xpath: // button[@id='Cancel_sendercontactaddedit']//div[contains(text(),'Cancel')]
2020-08-12/16:57:10.219  INFO: listener.WebEventListener - Before Finding element: By.xpath: // button[@id='Cancel_sendercontactaddedit']//div[contains(text(),'Cancel')]
162984 [main] INFO utilities.listener.WebEventListener  - Before Finding element: By.xpath: // button[@id='Cancel_sendercontactaddedit']//div[contains(text(),'Cancel')]
2020-08-12/16:57:10.484  INFO: listener.WebEventListener - Before Finding element: By.xpath: // button[@id='Cancel_sendercontactaddedit']//div[contains(text(),'Cancel')]
163249 [main] INFO utilities.listener.WebEventListener  - Before Finding element: By.xpath: // button[@id='Cancel_sendercontactaddedit']//div[contains(text(),'Cancel')]
2020-08-12/16:57:10.512  INFO: listener.WebEventListener - Before Finding element: By.xpath: // button[@id='Cancel_sendercontactaddedit']//div[contains(text(),'Cancel')]
163277 [main] INFO utilities.listener.WebEventListener  - Before Finding element: By.xpath: // button[@id='Cancel_sendercontactaddedit']//div[contains(text(),'Cancel')]
2020-08-12/16:57:10.547  INFO: listener.WebEventListener - Before Finding element: By.xpath: // button[@id='Cancel_sendercontactaddedit']//div[contains(text(),'Cancel')]
163312 [main] INFO utilities.listener.WebEventListener  - Before Finding element: By.xpath: // button[@id='Cancel_sendercontactaddedit']//div[contains(text(),'Cancel')]
2020-08-12/16:57:10.827  INFO: listener.WebEventListener - Before Finding element: By.xpath: // button[@id='Cancel_sendercontactaddedit']//div[contains(text(),'Cancel')]
163592 [main] INFO utilities.listener.WebEventListener  - Before Finding element: By.xpath: // button[@id='Cancel_sendercontactaddedit']//div[contains(text(),'Cancel')]
2020-08-12/16:57:11.099  INFO: listener.WebEventListener - Before Finding element: By.xpath: // button[@id='Cancel_sendercontactaddedit']//div[contains(text(),'Cancel')]
163864 [main] INFO utilities.listener.WebEventListener  - Before Finding element: By.xpath: // button[@id='Cancel_sendercontactaddedit']//div[contains(text(),'Cancel')]
2020-08-12/16:57:11.373  INFO: listener.WebEventListener - Before Finding element: By.xpath: // button[@id='Cancel_sendercontactaddedit']//div[contains(text(),'Cancel')]
164138 [main] INFO utilities.listener.WebEventListener  - Before Finding element: By.xpath: // button[@id='Cancel_sendercontactaddedit']//div[contains(text(),'Cancel')]
2020-08-12/16:57:11.673  INFO: listener.WebEventListener - Before Finding element: By.xpath: // button[@id='Cancel_sendercontactaddedit']//div[contains(text(),'Cancel')]
164438 [main] INFO utilities.listener.WebEventListener  - Before Finding element: By.xpath: // button[@id='Cancel_sendercontactaddedit']//div[contains(text(),'Cancel')]
2020-08-12/16:57:11.941  INFO: listener.WebEventListener - Before Finding element: By.xpath: // button[@id='Cancel_sendercontactaddedit']//div[contains(text(),'Cancel')]
164706 [main] INFO utilities.listener.WebEventListener  - Before Finding element: By.xpath: // button[@id='Cancel_sendercontactaddedit']//div[contains(text(),'Cancel')]
2020-08-12/16:57:12.222  INFO: listener.WebEventListener - Before Finding element: By.xpath: // button[@id='Cancel_sendercontactaddedit']//div[contains(text(),'Cancel')]
164987 [main] INFO utilities.listener.WebEventListener  - Before Finding element: By.xpath: // button[@id='Cancel_sendercontactaddedit']//div[contains(text(),'Cancel')]
2020-08-12/16:57:12.490  INFO: listener.WebEventListener - Before Finding element: By.xpath: // button[@id='Cancel_sendercontactaddedit']//div[contains(text(),'Cancel')]
165255 [main] INFO utilities.listener.WebEventListener  - Before Finding element: By.xpath: // button[@id='Cancel_sendercontactaddedit']//div[contains(text(),'Cancel')]
2020-08-12/16:57:12.765  INFO: listener.WebEventListener - Before Finding element: By.xpath: // button[@id='Cancel_sendercontactaddedit']//div[contains(text(),'Cancel')]
165530 [main] INFO utilities.listener.WebEventListener  - Before Finding element: By.xpath: // button[@id='Cancel_sendercontactaddedit']//div[contains(text(),'Cancel')]
2020-08-12/16:57:13.041  INFO: listener.WebEventListener - Before Finding element: By.xpath: // button[@id='Cancel_sendercontactaddedit']//div[contains(text(),'Cancel')]
165806 [main] INFO utilities.listener.WebEventListener  - Before Finding element: By.xpath: // button[@id='Cancel_sendercontactaddedit']//div[contains(text(),'Cancel')]
2020-08-12/16:57:13.314  INFO: listener.WebEventListener - Before Finding element: By.xpath: // button[@id='Cancel_sendercontactaddedit']//div[contains(text(),'Cancel')]
166079 [main] INFO utilities.listener.WebEventListener  - Before Finding element: By.xpath: // button[@id='Cancel_sendercontactaddedit']//div[contains(text(),'Cancel')]
2020-08-12/16:57:13.602  INFO: listener.WebEventListener - Before Finding element: By.xpath: // button[@id='Cancel_sendercontactaddedit']//div[contains(text(),'Cancel')]
166367 [main] INFO utilities.listener.WebEventListener  - Before Finding element: By.xpath: // button[@id='Cancel_sendercontactaddedit']//div[contains(text(),'Cancel')]
2020-08-12/16:57:13.919  INFO: listener.WebEventListener - Before Finding element: By.xpath: // button[@id='Cancel_sendercontactaddedit']//div[contains(text(),'Cancel')]
166684 [main] INFO utilities.listener.WebEventListener  - Before Finding element: By.xpath: // button[@id='Cancel_sendercontactaddedit']//div[contains(text(),'Cancel')]
2020-08-12/16:57:14.240  INFO: listener.WebEventListener - Before Finding element: By.xpath: // button[@id='Cancel_sendercontactaddedit']//div[contains(text(),'Cancel')]
167005 [main] INFO utilities.listener.WebEventListener  - Before Finding element: By.xpath: // button[@id='Cancel_sendercontactaddedit']//div[contains(text(),'Cancel')]
2020-08-12/16:57:14.519  INFO: listener.WebEventListener - Before Finding element: By.xpath: // button[@id='Cancel_sendercontactaddedit']//div[contains(text(),'Cancel')]
167284 [main] INFO utilities.listener.WebEventListener  - Before Finding element: By.xpath: // button[@id='Cancel_sendercontactaddedit']//div[contains(text(),'Cancel')]
2020-08-12/16:57:15.026  INFO: listener.WebEventListener - Before Finding element: By.xpath: // button[@id='Cancel_sendercontactaddedit']//div[contains(text(),'Cancel')]
167791 [main] INFO utilities.listener.WebEventListener  - Before Finding element: By.xpath: // button[@id='Cancel_sendercontactaddedit']//div[contains(text(),'Cancel')]
2020-08-12/16:57:15.307  INFO: listener.WebEventListener - Before Finding element: By.xpath: // button[@id='Cancel_sendercontactaddedit']//div[contains(text(),'Cancel')]
168072 [main] INFO utilities.listener.WebEventListener  - Before Finding element: By.xpath: // button[@id='Cancel_sendercontactaddedit']//div[contains(text(),'Cancel')]
2020-08-12/16:57:15.576  INFO: listener.WebEventListener - Before Finding element: By.xpath: // button[@id='Cancel_sendercontactaddedit']//div[contains(text(),'Cancel')]
168341 [main] INFO utilities.listener.WebEventListener  - Before Finding element: By.xpath: // button[@id='Cancel_sendercontactaddedit']//div[contains(text(),'Cancel')]
2020-08-12/16:57:15.841  INFO: listener.WebEventListener - Before Finding element: By.xpath: // button[@id='Cancel_sendercontactaddedit']//div[contains(text(),'Cancel')]
168606 [main] INFO utilities.listener.WebEventListener  - Before Finding element: By.xpath: // button[@id='Cancel_sendercontactaddedit']//div[contains(text(),'Cancel')]
2020-08-12/16:57:16.117  INFO: listener.WebEventListener - Before Finding element: By.xpath: // button[@id='Cancel_sendercontactaddedit']//div[contains(text(),'Cancel')]
168882 [main] INFO utilities.listener.WebEventListener  - Before Finding element: By.xpath: // button[@id='Cancel_sendercontactaddedit']//div[contains(text(),'Cancel')]
2020-08-12/16:57:16.403  INFO: listener.WebEventListener - Before Finding element: By.xpath: // button[@id='Cancel_sendercontactaddedit']//div[contains(text(),'Cancel')]
169168 [main] INFO utilities.listener.WebEventListener  - Before Finding element: By.xpath: // button[@id='Cancel_sendercontactaddedit']//div[contains(text(),'Cancel')]
2020-08-12/16:57:16.674  INFO: listener.WebEventListener - Before Finding element: By.xpath: // button[@id='Cancel_sendercontactaddedit']//div[contains(text(),'Cancel')]
169439 [main] INFO utilities.listener.WebEventListener  - Before Finding element: By.xpath: // button[@id='Cancel_sendercontactaddedit']//div[contains(text(),'Cancel')]
2020-08-12/16:57:16.947  INFO: listener.WebEventListener - Before Finding element: By.xpath: // button[@id='Cancel_sendercontactaddedit']//div[contains(text(),'Cancel')]
169712 [main] INFO utilities.listener.WebEventListener  - Before Finding element: By.xpath: // button[@id='Cancel_sendercontactaddedit']//div[contains(text(),'Cancel')]
2020-08-12/16:57:17.216  INFO: listener.WebEventListener - Before Finding element: By.xpath: // button[@id='Cancel_sendercontactaddedit']//div[contains(text(),'Cancel')]
169981 [main] INFO utilities.listener.WebEventListener  - Before Finding element: By.xpath: // button[@id='Cancel_sendercontactaddedit']//div[contains(text(),'Cancel')]
2020-08-12/16:57:17.493  INFO: listener.WebEventListener - Before Finding element: By.xpath: // button[@id='Cancel_sendercontactaddedit']//div[contains(text(),'Cancel')]
170258 [main] INFO utilities.listener.WebEventListener  - Before Finding element: By.xpath: // button[@id='Cancel_sendercontactaddedit']//div[contains(text(),'Cancel')]
2020-08-12/16:57:17.766  INFO: listener.WebEventListener - Before Finding element: By.xpath: // button[@id='Cancel_sendercontactaddedit']//div[contains(text(),'Cancel')]
170531 [main] INFO utilities.listener.WebEventListener  - Before Finding element: By.xpath: // button[@id='Cancel_sendercontactaddedit']//div[contains(text(),'Cancel')]
2020-08-12/16:57:18.033  INFO: listener.WebEventListener - Before Finding element: By.xpath: // button[@id='Cancel_sendercontactaddedit']//div[contains(text(),'Cancel')]
170798 [main] INFO utilities.listener.WebEventListener  - Before Finding element: By.xpath: // button[@id='Cancel_sendercontactaddedit']//div[contains(text(),'Cancel')]
2020-08-12/16:57:18.325  INFO: listener.WebEventListener - Before Finding element: By.xpath: // button[@id='Cancel_sendercontactaddedit']//div[contains(text(),'Cancel')]
171090 [main] INFO utilities.listener.WebEventListener  - Before Finding element: By.xpath: // button[@id='Cancel_sendercontactaddedit']//div[contains(text(),'Cancel')]
2020-08-12/16:57:18.591  INFO: listener.WebEventListener - Before Finding element: By.xpath: // button[@id='Cancel_sendercontactaddedit']//div[contains(text(),'Cancel')]
171356 [main] INFO utilities.listener.WebEventListener  - Before Finding element: By.xpath: // button[@id='Cancel_sendercontactaddedit']//div[contains(text(),'Cancel')]
2020-08-12/16:57:18.857  INFO: listener.WebEventListener - Before Finding element: By.xpath: // button[@id='Cancel_sendercontactaddedit']//div[contains(text(),'Cancel')]
171622 [main] INFO utilities.listener.WebEventListener  - Before Finding element: By.xpath: // button[@id='Cancel_sendercontactaddedit']//div[contains(text(),'Cancel')]
2020-08-12/16:57:19.123  INFO: listener.WebEventListener - Before Finding element: By.xpath: // button[@id='Cancel_sendercontactaddedit']//div[contains(text(),'Cancel')]
171888 [main] INFO utilities.listener.WebEventListener  - Before Finding element: By.xpath: // button[@id='Cancel_sendercontactaddedit']//div[contains(text(),'Cancel')]
2020-08-12/16:57:19.397  INFO: listener.WebEventListener - Before Finding element: By.xpath: // button[@id='Cancel_sendercontactaddedit']//div[contains(text(),'Cancel')]
172162 [main] INFO utilities.listener.WebEventListener  - Before Finding element: By.xpath: // button[@id='Cancel_sendercontactaddedit']//div[contains(text(),'Cancel')]
2020-08-12/16:57:19.665  INFO: listener.WebEventListener - Before Finding element: By.xpath: // button[@id='Cancel_sendercontactaddedit']//div[contains(text(),'Cancel')]
172430 [main] INFO utilities.listener.WebEventListener  - Before Finding element: By.xpath: // button[@id='Cancel_sendercontactaddedit']//div[contains(text(),'Cancel')]
2020-08-12/16:57:19.935  INFO: listener.WebEventListener - Before Finding element: By.xpath: // button[@id='Cancel_sendercontactaddedit']//div[contains(text(),'Cancel')]
172700 [main] INFO utilities.listener.WebEventListener  - Before Finding element: By.xpath: // button[@id='Cancel_sendercontactaddedit']//div[contains(text(),'Cancel')]
2020-08-12/16:57:20.202  INFO: listener.WebEventListener - Before Finding element: By.xpath: // button[@id='Cancel_sendercontactaddedit']//div[contains(text(),'Cancel')]
172967 [main] INFO utilities.listener.WebEventListener  - Before Finding element: By.xpath: // button[@id='Cancel_sendercontactaddedit']//div[contains(text(),'Cancel')]
2020-08-12/16:57:20.475  INFO: listener.WebEventListener - Before Finding element: By.xpath: // button[@id='Cancel_sendercontactaddedit']//div[contains(text(),'Cancel')]
173240 [main] INFO utilities.listener.WebEventListener  - Before Finding element: By.xpath: // button[@id='Cancel_sendercontactaddedit']//div[contains(text(),'Cancel')]
2020-08-12/16:57:20.741  INFO: listener.WebEventListener - Before Finding element: By.xpath: // button[@id='Cancel_sendercontactaddedit']//div[contains(text(),'Cancel')]
173506 [main] INFO utilities.listener.WebEventListener  - Before Finding element: By.xpath: // button[@id='Cancel_sendercontactaddedit']//div[contains(text(),'Cancel')]
2020-08-12/16:57:21.008  INFO: listener.WebEventListener - Before Finding element: By.xpath: // button[@id='Cancel_sendercontactaddedit']//div[contains(text(),'Cancel')]
173773 [main] INFO utilities.listener.WebEventListener  - Before Finding element: By.xpath: // button[@id='Cancel_sendercontactaddedit']//div[contains(text(),'Cancel')]
2020-08-12/16:57:21.290  INFO: listener.WebEventListener - Before Finding element: By.xpath: // button[@id='Cancel_sendercontactaddedit']//div[contains(text(),'Cancel')]
174055 [main] INFO utilities.listener.WebEventListener  - Before Finding element: By.xpath: // button[@id='Cancel_sendercontactaddedit']//div[contains(text(),'Cancel')]
2020-08-12/16:57:21.567  INFO: listener.WebEventListener - Before Finding element: By.xpath: // button[@id='Cancel_sendercontactaddedit']//div[contains(text(),'Cancel')]
174332 [main] INFO utilities.listener.WebEventListener  - Before Finding element: By.xpath: // button[@id='Cancel_sendercontactaddedit']//div[contains(text(),'Cancel')]
2020-08-12/16:57:21.842  INFO: listener.WebEventListener - Before Finding element: By.xpath: // button[@id='Cancel_sendercontactaddedit']//div[contains(text(),'Cancel')]
174607 [main] INFO utilities.listener.WebEventListener  - Before Finding element: By.xpath: // button[@id='Cancel_sendercontactaddedit']//div[contains(text(),'Cancel')]
2020-08-12/16:57:22.108  INFO: listener.WebEventListener - Before Finding element: By.xpath: // button[@id='Cancel_sendercontactaddedit']//div[contains(text(),'Cancel')]
174873 [main] INFO utilities.listener.WebEventListener  - Before Finding element: By.xpath: // button[@id='Cancel_sendercontactaddedit']//div[contains(text(),'Cancel')]
2020-08-12/16:57:22.393  INFO: listener.WebEventListener - Before Finding element: By.xpath: // button[@id='Cancel_sendercontactaddedit']//div[contains(text(),'Cancel')]
175158 [main] INFO utilities.listener.WebEventListener  - Before Finding element: By.xpath: // button[@id='Cancel_sendercontactaddedit']//div[contains(text(),'Cancel')]
2020-08-12/16:57:22.674  INFO: listener.WebEventListener - Before Finding element: By.xpath: // button[@id='Cancel_sendercontactaddedit']//div[contains(text(),'Cancel')]
175439 [main] INFO utilities.listener.WebEventListener  - Before Finding element: By.xpath: // button[@id='Cancel_sendercontactaddedit']//div[contains(text(),'Cancel')]
2020-08-12/16:57:22.940  INFO: listener.WebEventListener - Before Finding element: By.xpath: // button[@id='Cancel_sendercontactaddedit']//div[contains(text(),'Cancel')]
175705 [main] INFO utilities.listener.WebEventListener  - Before Finding element: By.xpath: // button[@id='Cancel_sendercontactaddedit']//div[contains(text(),'Cancel')]
2020-08-12/16:57:23.205  INFO: listener.WebEventListener - Before Finding element: By.xpath: // button[@id='Cancel_sendercontactaddedit']//div[contains(text(),'Cancel')]
175970 [main] INFO utilities.listener.WebEventListener  - Before Finding element: By.xpath: // button[@id='Cancel_sendercontactaddedit']//div[contains(text(),'Cancel')]
2020-08-12/16:57:23.472  INFO: listener.WebEventListener - Before Finding element: By.xpath: // button[@id='Cancel_sendercontactaddedit']//div[contains(text(),'Cancel')]
176237 [main] INFO utilities.listener.WebEventListener  - Before Finding element: By.xpath: // button[@id='Cancel_sendercontactaddedit']//div[contains(text(),'Cancel')]
2020-08-12/16:57:23.739  INFO: listener.WebEventListener - Before Finding element: By.xpath: // button[@id='Cancel_sendercontactaddedit']//div[contains(text(),'Cancel')]
176504 [main] INFO utilities.listener.WebEventListener  - Before Finding element: By.xpath: // button[@id='Cancel_sendercontactaddedit']//div[contains(text(),'Cancel')]
2020-08-12/16:57:24.002  INFO: listener.WebEventListener - Before Finding element: By.xpath: // button[@id='Cancel_sendercontactaddedit']//div[contains(text(),'Cancel')]
176767 [main] INFO utilities.listener.WebEventListener  - Before Finding element: By.xpath: // button[@id='Cancel_sendercontactaddedit']//div[contains(text(),'Cancel')]
2020-08-12/16:57:24.269  INFO: listener.WebEventListener - Before Finding element: By.xpath: // button[@id='Cancel_sendercontactaddedit']//div[contains(text(),'Cancel')]
177034 [main] INFO utilities.listener.WebEventListener  - Before Finding element: By.xpath: // button[@id='Cancel_sendercontactaddedit']//div[contains(text(),'Cancel')]
2020-08-12/16:57:24.539  INFO: listener.WebEventListener - Before Finding element: By.xpath: // button[@id='Cancel_sendercontactaddedit']//div[contains(text(),'Cancel')]
177304 [main] INFO utilities.listener.WebEventListener  - Before Finding element: By.xpath: // button[@id='Cancel_sendercontactaddedit']//div[contains(text(),'Cancel')]
2020-08-12/16:57:24.807  INFO: listener.WebEventListener - Before Finding element: By.xpath: // button[@id='Cancel_sendercontactaddedit']//div[contains(text(),'Cancel')]
177572 [main] INFO utilities.listener.WebEventListener  - Before Finding element: By.xpath: // button[@id='Cancel_sendercontactaddedit']//div[contains(text(),'Cancel')]
2020-08-12/16:57:25.075  INFO: listener.WebEventListener - Before Finding element: By.xpath: // button[@id='Cancel_sendercontactaddedit']//div[contains(text(),'Cancel')]
177840 [main] INFO utilities.listener.WebEventListener  - Before Finding element: By.xpath: // button[@id='Cancel_sendercontactaddedit']//div[contains(text(),'Cancel')]
2020-08-12/16:57:25.339  INFO: listener.WebEventListener - Before Finding element: By.xpath: // button[@id='Cancel_sendercontactaddedit']//div[contains(text(),'Cancel')]
178104 [main] INFO utilities.listener.WebEventListener  - Before Finding element: By.xpath: // button[@id='Cancel_sendercontactaddedit']//div[contains(text(),'Cancel')]
2020-08-12/16:57:25.603  INFO: listener.WebEventListener - Before Finding element: By.xpath: // button[@id='Cancel_sendercontactaddedit']//div[contains(text(),'Cancel')]
178368 [main] INFO utilities.listener.WebEventListener  - Before Finding element: By.xpath: // button[@id='Cancel_sendercontactaddedit']//div[contains(text(),'Cancel')]
2020-08-12/16:57:25.886  INFO: listener.WebEventListener - Before Finding element: By.xpath: // button[@id='Cancel_sendercontactaddedit']//div[contains(text(),'Cancel')]
178651 [main] INFO utilities.listener.WebEventListener  - Before Finding element: By.xpath: // button[@id='Cancel_sendercontactaddedit']//div[contains(text(),'Cancel')]
2020-08-12/16:57:26.166  INFO: listener.WebEventListener - Before Finding element: By.xpath: // button[@id='Cancel_sendercontactaddedit']//div[contains(text(),'Cancel')]
178931 [main] INFO utilities.listener.WebEventListener  - Before Finding element: By.xpath: // button[@id='Cancel_sendercontactaddedit']//div[contains(text(),'Cancel')]
2020-08-12/16:57:26.433  INFO: listener.WebEventListener - Before Finding element: By.xpath: // button[@id='Cancel_sendercontactaddedit']//div[contains(text(),'Cancel')]
179198 [main] INFO utilities.listener.WebEventListener  - Before Finding element: By.xpath: // button[@id='Cancel_sendercontactaddedit']//div[contains(text(),'Cancel')]
2020-08-12/16:57:26.704  INFO: listener.WebEventListener - Before Finding element: By.xpath: // button[@id='Cancel_sendercontactaddedit']//div[contains(text(),'Cancel')]
179469 [main] INFO utilities.listener.WebEventListener  - Before Finding element: By.xpath: // button[@id='Cancel_sendercontactaddedit']//div[contains(text(),'Cancel')]
2020-08-12/16:57:26.981  INFO: listener.WebEventListener - Before Finding element: By.xpath: // button[@id='Cancel_sendercontactaddedit']//div[contains(text(),'Cancel')]
179746 [main] INFO utilities.listener.WebEventListener  - Before Finding element: By.xpath: // button[@id='Cancel_sendercontactaddedit']//div[contains(text(),'Cancel')]
2020-08-12/16:57:27.245  INFO: listener.WebEventListener - Before Finding element: By.xpath: // button[@id='Cancel_sendercontactaddedit']//div[contains(text(),'Cancel')]
180010 [main] INFO utilities.listener.WebEventListener  - Before Finding element: By.xpath: // button[@id='Cancel_sendercontactaddedit']//div[contains(text(),'Cancel')]
2020-08-12/16:57:27.527  INFO: listener.WebEventListener - Before Finding element: By.xpath: // button[@id='Cancel_sendercontactaddedit']//div[contains(text(),'Cancel')]
180292 [main] INFO utilities.listener.WebEventListener  - Before Finding element: By.xpath: // button[@id='Cancel_sendercontactaddedit']//div[contains(text(),'Cancel')]
2020-08-12/16:57:27.809  INFO: listener.WebEventListener - Before Finding element: By.xpath: // button[@id='Cancel_sendercontactaddedit']//div[contains(text(),'Cancel')]
180574 [main] INFO utilities.listener.WebEventListener  - Before Finding element: By.xpath: // button[@id='Cancel_sendercontactaddedit']//div[contains(text(),'Cancel')]
2020-08-12/16:57:28.075  INFO: listener.WebEventListener - Before Finding element: By.xpath: // button[@id='Cancel_sendercontactaddedit']//div[contains(text(),'Cancel')]
180840 [main] INFO utilities.listener.WebEventListener  - Before Finding element: By.xpath: // button[@id='Cancel_sendercontactaddedit']//div[contains(text(),'Cancel')]
2020-08-12/16:57:28.357  INFO: listener.WebEventListener - Before Finding element: By.xpath: // button[@id='Cancel_sendercontactaddedit']//div[contains(text(),'Cancel')]
181122 [main] INFO utilities.listener.WebEventListener  - Before Finding element: By.xpath: // button[@id='Cancel_sendercontactaddedit']//div[contains(text(),'Cancel')]
2020-08-12/16:57:28.625  INFO: listener.WebEventListener - Before Finding element: By.xpath: // button[@id='Cancel_sendercontactaddedit']//div[contains(text(),'Cancel')]
181390 [main] INFO utilities.listener.WebEventListener  - Before Finding element: By.xpath: // button[@id='Cancel_sendercontactaddedit']//div[contains(text(),'Cancel')]
2020-08-12/16:57:28.890  INFO: listener.WebEventListener - Before Finding element: By.xpath: // button[@id='Cancel_sendercontactaddedit']//div[contains(text(),'Cancel')]
181655 [main] INFO utilities.listener.WebEventListener  - Before Finding element: By.xpath: // button[@id='Cancel_sendercontactaddedit']//div[contains(text(),'Cancel')]
2020-08-12/16:57:29.159  INFO: listener.WebEventListener - Before Finding element: By.xpath: // button[@id='Cancel_sendercontactaddedit']//div[contains(text(),'Cancel')]
181924 [main] INFO utilities.listener.WebEventListener  - Before Finding element: By.xpath: // button[@id='Cancel_sendercontactaddedit']//div[contains(text(),'Cancel')]
2020-08-12/16:57:29.428  INFO: listener.WebEventListener - Before Finding element: By.xpath: // button[@id='Cancel_sendercontactaddedit']//div[contains(text(),'Cancel')]
182193 [main] INFO utilities.listener.WebEventListener  - Before Finding element: By.xpath: // button[@id='Cancel_sendercontactaddedit']//div[contains(text(),'Cancel')]
2020-08-12/16:57:29.703  INFO: listener.WebEventListener - Before Finding element: By.xpath: // button[@id='Cancel_sendercontactaddedit']//div[contains(text(),'Cancel')]
182468 [main] INFO utilities.listener.WebEventListener  - Before Finding element: By.xpath: // button[@id='Cancel_sendercontactaddedit']//div[contains(text(),'Cancel')]
2020-08-12/16:57:29.969  INFO: listener.WebEventListener - Before Finding element: By.xpath: // button[@id='Cancel_sendercontactaddedit']//div[contains(text(),'Cancel')]
182734 [main] INFO utilities.listener.WebEventListener  - Before Finding element: By.xpath: // button[@id='Cancel_sendercontactaddedit']//div[contains(text(),'Cancel')]
2020-08-12/16:57:30.236  INFO: listener.WebEventListener - Before Finding element: By.xpath: // button[@id='Cancel_sendercontactaddedit']//div[contains(text(),'Cancel')]
183001 [main] INFO utilities.listener.WebEventListener  - Before Finding element: By.xpath: // button[@id='Cancel_sendercontactaddedit']//div[contains(text(),'Cancel')]
2020-08-12/16:57:30.510  INFO: listener.WebEventListener - Before Finding element: By.xpath: // button[@id='Cancel_sendercontactaddedit']//div[contains(text(),'Cancel')]
183275 [main] INFO utilities.listener.WebEventListener  - Before Finding element: By.xpath: // button[@id='Cancel_sendercontactaddedit']//div[contains(text(),'Cancel')]
2020-08-12/16:57:30.782  INFO: listener.WebEventListener - Before Finding element: By.xpath: // button[@id='Cancel_sendercontactaddedit']//div[contains(text(),'Cancel')]
183547 [main] INFO utilities.listener.WebEventListener  - Before Finding element: By.xpath: // button[@id='Cancel_sendercontactaddedit']//div[contains(text(),'Cancel')]
2020-08-12/16:57:31.054  INFO: listener.WebEventListener - Before Finding element: By.xpath: // button[@id='Cancel_sendercontactaddedit']//div[contains(text(),'Cancel')]
183819 [main] INFO utilities.listener.WebEventListener  - Before Finding element: By.xpath: // button[@id='Cancel_sendercontactaddedit']//div[contains(text(),'Cancel')]
2020-08-12/16:57:31.322  INFO: listener.WebEventListener - Before Finding element: By.xpath: // button[@id='Cancel_sendercontactaddedit']//div[contains(text(),'Cancel')]
184087 [main] INFO utilities.listener.WebEventListener  - Before Finding element: By.xpath: // button[@id='Cancel_sendercontactaddedit']//div[contains(text(),'Cancel')]
2020-08-12/16:57:31.604  INFO: listener.WebEventListener - Before Finding element: By.xpath: // button[@id='Cancel_sendercontactaddedit']//div[contains(text(),'Cancel')]
184369 [main] INFO utilities.listener.WebEventListener  - Before Finding element: By.xpath: // button[@id='Cancel_sendercontactaddedit']//div[contains(text(),'Cancel')]
2020-08-12/16:57:31.885  INFO: listener.WebEventListener - Before Finding element: By.xpath: // button[@id='Cancel_sendercontactaddedit']//div[contains(text(),'Cancel')]
184650 [main] INFO utilities.listener.WebEventListener  - Before Finding element: By.xpath: // button[@id='Cancel_sendercontactaddedit']//div[contains(text(),'Cancel')]
2020-08-12/16:57:32.159  INFO: listener.WebEventListener - Before Finding element: By.xpath: // button[@id='Cancel_sendercontactaddedit']//div[contains(text(),'Cancel')]
184924 [main] INFO utilities.listener.WebEventListener  - Before Finding element: By.xpath: // button[@id='Cancel_sendercontactaddedit']//div[contains(text(),'Cancel')]
2020-08-12/16:57:32.439  INFO: listener.WebEventListener - Before Finding element: By.xpath: // button[@id='Cancel_sendercontactaddedit']//div[contains(text(),'Cancel')]
185204 [main] INFO utilities.listener.WebEventListener  - Before Finding element: By.xpath: // button[@id='Cancel_sendercontactaddedit']//div[contains(text(),'Cancel')]
2020-08-12/16:57:32.721  INFO: listener.WebEventListener - Before Finding element: By.xpath: // button[@id='Cancel_sendercontactaddedit']//div[contains(text(),'Cancel')]
185486 [main] INFO utilities.listener.WebEventListener  - Before Finding element: By.xpath: // button[@id='Cancel_sendercontactaddedit']//div[contains(text(),'Cancel')]
2020-08-12/16:57:32.993  INFO: listener.WebEventListener - Before Finding element: By.xpath: // button[@id='Cancel_sendercontactaddedit']//div[contains(text(),'Cancel')]
185758 [main] INFO utilities.listener.WebEventListener  - Before Finding element: By.xpath: // button[@id='Cancel_sendercontactaddedit']//div[contains(text(),'Cancel')]
2020-08-12/16:57:33.268  INFO: listener.WebEventListener - Before Finding element: By.xpath: // button[@id='Cancel_sendercontactaddedit']//div[contains(text(),'Cancel')]
186033 [main] INFO utilities.listener.WebEventListener  - Before Finding element: By.xpath: // button[@id='Cancel_sendercontactaddedit']//div[contains(text(),'Cancel')]
2020-08-12/16:57:33.534  INFO: listener.WebEventListener - Before Finding element: By.xpath: // button[@id='Cancel_sendercontactaddedit']//div[contains(text(),'Cancel')]
186299 [main] INFO utilities.listener.WebEventListener  - Before Finding element: By.xpath: // button[@id='Cancel_sendercontactaddedit']//div[contains(text(),'Cancel')]
2020-08-12/16:57:33.801  INFO: listener.WebEventListener - Before Finding element: By.xpath: // button[@id='Cancel_sendercontactaddedit']//div[contains(text(),'Cancel')]
186566 [main] INFO utilities.listener.WebEventListener  - Before Finding element: By.xpath: // button[@id='Cancel_sendercontactaddedit']//div[contains(text(),'Cancel')]
2020-08-12/16:57:34.069  INFO: listener.WebEventListener - Before Finding element: By.xpath: // button[@id='Cancel_sendercontactaddedit']//div[contains(text(),'Cancel')]
186834 [main] INFO utilities.listener.WebEventListener  - Before Finding element: By.xpath: // button[@id='Cancel_sendercontactaddedit']//div[contains(text(),'Cancel')]
2020-08-12/16:57:34.350  INFO: listener.WebEventListener - Before Finding element: By.xpath: // button[@id='Cancel_sendercontactaddedit']//div[contains(text(),'Cancel')]
187115 [main] INFO utilities.listener.WebEventListener  - Before Finding element: By.xpath: // button[@id='Cancel_sendercontactaddedit']//div[contains(text(),'Cancel')]
2020-08-12/16:57:34.622  INFO: listener.WebEventListener - Before Finding element: By.xpath: // button[@id='Cancel_sendercontactaddedit']//div[contains(text(),'Cancel')]
187387 [main] INFO utilities.listener.WebEventListener  - Before Finding element: By.xpath: // button[@id='Cancel_sendercontactaddedit']//div[contains(text(),'Cancel')]
2020-08-12/16:57:34.892  INFO: listener.WebEventListener - Before Finding element: By.xpath: // button[@id='Cancel_sendercontactaddedit']//div[contains(text(),'Cancel')]
187657 [main] INFO utilities.listener.WebEventListener  - Before Finding element: By.xpath: // button[@id='Cancel_sendercontactaddedit']//div[contains(text(),'Cancel')]
2020-08-12/16:57:35.157  INFO: listener.WebEventListener - Before Finding element: By.xpath: // button[@id='Cancel_sendercontactaddedit']//div[contains(text(),'Cancel')]
187922 [main] INFO utilities.listener.WebEventListener  - Before Finding element: By.xpath: // button[@id='Cancel_sendercontactaddedit']//div[contains(text(),'Cancel')]
2020-08-12/16:57:35.424  INFO: listener.WebEventListener - Before Finding element: By.xpath: // button[@id='Cancel_sendercontactaddedit']//div[contains(text(),'Cancel')]
188189 [main] INFO utilities.listener.WebEventListener  - Before Finding element: By.xpath: // button[@id='Cancel_sendercontactaddedit']//div[contains(text(),'Cancel')]
2020-08-12/16:57:35.694  INFO: listener.WebEventListener - Before Finding element: By.xpath: // button[@id='Cancel_sendercontactaddedit']//div[contains(text(),'Cancel')]
188459 [main] INFO utilities.listener.WebEventListener  - Before Finding element: By.xpath: // button[@id='Cancel_sendercontactaddedit']//div[contains(text(),'Cancel')]
2020-08-12/16:57:35.969  INFO: listener.WebEventListener - Before Finding element: By.xpath: // button[@id='Cancel_sendercontactaddedit']//div[contains(text(),'Cancel')]
188734 [main] INFO utilities.listener.WebEventListener  - Before Finding element: By.xpath: // button[@id='Cancel_sendercontactaddedit']//div[contains(text(),'Cancel')]
2020-08-12/16:57:36.234  INFO: listener.WebEventListener - Before Finding element: By.xpath: // button[@id='Cancel_sendercontactaddedit']//div[contains(text(),'Cancel')]
188999 [main] INFO utilities.listener.WebEventListener  - Before Finding element: By.xpath: // button[@id='Cancel_sendercontactaddedit']//div[contains(text(),'Cancel')]
2020-08-12/16:57:36.513  INFO: listener.WebEventListener - Before Finding element: By.xpath: // button[@id='Cancel_sendercontactaddedit']//div[contains(text(),'Cancel')]
189278 [main] INFO utilities.listener.WebEventListener  - Before Finding element: By.xpath: // button[@id='Cancel_sendercontactaddedit']//div[contains(text(),'Cancel')]
2020-08-12/16:57:36.798  INFO: listener.WebEventListener - Before Finding element: By.xpath: // button[@id='Cancel_sendercontactaddedit']//div[contains(text(),'Cancel')]
189563 [main] INFO utilities.listener.WebEventListener  - Before Finding element: By.xpath: // button[@id='Cancel_sendercontactaddedit']//div[contains(text(),'Cancel')]
2020-08-12/16:57:37.063  INFO: listener.WebEventListener - Before Finding element: By.xpath: // button[@id='Cancel_sendercontactaddedit']//div[contains(text(),'Cancel')]
189828 [main] INFO utilities.listener.WebEventListener  - Before Finding element: By.xpath: // button[@id='Cancel_sendercontactaddedit']//div[contains(text(),'Cancel')]
2020-08-12/16:57:37.345  INFO: listener.WebEventListener - Before Finding element: By.xpath: // button[@id='Cancel_sendercontactaddedit']//div[contains(text(),'Cancel')]
190110 [main] INFO utilities.listener.WebEventListener  - Before Finding element: By.xpath: // button[@id='Cancel_sendercontactaddedit']//div[contains(text(),'Cancel')]
2020-08-12/16:57:37.619  INFO: listener.WebEventListener - Before Finding element: By.xpath: // button[@id='Cancel_sendercontactaddedit']//div[contains(text(),'Cancel')]
190384 [main] INFO utilities.listener.WebEventListener  - Before Finding element: By.xpath: // button[@id='Cancel_sendercontactaddedit']//div[contains(text(),'Cancel')]
2020-08-12/16:57:37.888  INFO: listener.WebEventListener - Before Finding element: By.xpath: // button[@id='Cancel_sendercontactaddedit']//div[contains(text(),'Cancel')]
190653 [main] INFO utilities.listener.WebEventListener  - Before Finding element: By.xpath: // button[@id='Cancel_sendercontactaddedit']//div[contains(text(),'Cancel')]
2020-08-12/16:57:38.169  INFO: listener.WebEventListener - Before Finding element: By.xpath: // button[@id='Cancel_sendercontactaddedit']//div[contains(text(),'Cancel')]
190934 [main] INFO utilities.listener.WebEventListener  - Before Finding element: By.xpath: // button[@id='Cancel_sendercontactaddedit']//div[contains(text(),'Cancel')]
2020-08-12/16:57:38.441  INFO: listener.WebEventListener - Before Finding element: By.xpath: // button[@id='Cancel_sendercontactaddedit']//div[contains(text(),'Cancel')]
191206 [main] INFO utilities.listener.WebEventListener  - Before Finding element: By.xpath: // button[@id='Cancel_sendercontactaddedit']//div[contains(text(),'Cancel')]
2020-08-12/16:57:38.723  INFO: listener.WebEventListener - Before Finding element: By.xpath: // button[@id='Cancel_sendercontactaddedit']//div[contains(text(),'Cancel')]
191488 [main] INFO utilities.listener.WebEventListener  - Before Finding element: By.xpath: // button[@id='Cancel_sendercontactaddedit']//div[contains(text(),'Cancel')]
2020-08-12/16:57:38.988  INFO: listener.WebEventListener - Before Finding element: By.xpath: // button[@id='Cancel_sendercontactaddedit']//div[contains(text(),'Cancel')]
191753 [main] INFO utilities.listener.WebEventListener  - Before Finding element: By.xpath: // button[@id='Cancel_sendercontactaddedit']//div[contains(text(),'Cancel')]
2020-08-12/16:57:39.259  INFO: listener.WebEventListener - Before Finding element: By.xpath: // button[@id='Cancel_sendercontactaddedit']//div[contains(text(),'Cancel')]
192024 [main] INFO utilities.listener.WebEventListener  - Before Finding element: By.xpath: // button[@id='Cancel_sendercontactaddedit']//div[contains(text(),'Cancel')]
2020-08-12/16:57:39.525  INFO: listener.WebEventListener - Before Finding element: By.xpath: // button[@id='Cancel_sendercontactaddedit']//div[contains(text(),'Cancel')]
192290 [main] INFO utilities.listener.WebEventListener  - Before Finding element: By.xpath: // button[@id='Cancel_sendercontactaddedit']//div[contains(text(),'Cancel')]
2020-08-12/16:57:39.792  INFO: listener.WebEventListener - Before Finding element: By.xpath: // button[@id='Cancel_sendercontactaddedit']//div[contains(text(),'Cancel')]
192557 [main] INFO utilities.listener.WebEventListener  - Before Finding element: By.xpath: // button[@id='Cancel_sendercontactaddedit']//div[contains(text(),'Cancel')]
2020-08-12/16:57:40.058  INFO: listener.WebEventListener - Before Finding element: By.xpath: // button[@id='Cancel_sendercontactaddedit']//div[contains(text(),'Cancel')]
192823 [main] INFO utilities.listener.WebEventListener  - Before Finding element: By.xpath: // button[@id='Cancel_sendercontactaddedit']//div[contains(text(),'Cancel')]
2020-08-12/16:57:40.338  INFO: listener.WebEventListener - Before Finding element: By.xpath: // button[@id='Cancel_sendercontactaddedit']//div[contains(text(),'Cancel')]
193103 [main] INFO utilities.listener.WebEventListener  - Before Finding element: By.xpath: // button[@id='Cancel_sendercontactaddedit']//div[contains(text(),'Cancel')]
2020-08-12/16:57:40.617  INFO: listener.WebEventListener - Before Finding element: By.xpath: // button[@id='Cancel_sendercontactaddedit']//div[contains(text(),'Cancel')]
193382 [main] INFO utilities.listener.WebEventListener  - Before Finding element: By.xpath: // button[@id='Cancel_sendercontactaddedit']//div[contains(text(),'Cancel')]
2020-08-12/16:57:40.895  INFO: listener.WebEventListener - Before Finding element: By.xpath: // button[@id='Cancel_sendercontactaddedit']//div[contains(text(),'Cancel')]
193660 [main] INFO utilities.listener.WebEventListener  - Before Finding element: By.xpath: // button[@id='Cancel_sendercontactaddedit']//div[contains(text(),'Cancel')]
2020-08-12/16:57:41.161  INFO: listener.WebEventListener - Before Finding element: By.xpath: // button[@id='Cancel_sendercontactaddedit']//div[contains(text(),'Cancel')]
193926 [main] INFO utilities.listener.WebEventListener  - Before Finding element: By.xpath: // button[@id='Cancel_sendercontactaddedit']//div[contains(text(),'Cancel')]
2020-08-12/16:57:41.445  INFO: listener.WebEventListener - Before Finding element: By.xpath: // button[@id='Cancel_sendercontactaddedit']//div[contains(text(),'Cancel')]
194210 [main] INFO utilities.listener.WebEventListener  - Before Finding element: By.xpath: // button[@id='Cancel_sendercontactaddedit']//div[contains(text(),'Cancel')]
2020-08-12/16:57:41.725  INFO: listener.WebEventListener - Before Finding element: By.xpath: // button[@id='Cancel_sendercontactaddedit']//div[contains(text(),'Cancel')]
194490 [main] INFO utilities.listener.WebEventListener  - Before Finding element: By.xpath: // button[@id='Cancel_sendercontactaddedit']//div[contains(text(),'Cancel')]
2020-08-12/16:57:41.990  INFO: listener.WebEventListener - Before Finding element: By.xpath: // button[@id='Cancel_sendercontactaddedit']//div[contains(text(),'Cancel')]
194755 [main] INFO utilities.listener.WebEventListener  - Before Finding element: By.xpath: // button[@id='Cancel_sendercontactaddedit']//div[contains(text(),'Cancel')]
2020-08-12/16:57:42.255  INFO: listener.WebEventListener - Before Finding element: By.xpath: // button[@id='Cancel_sendercontactaddedit']//div[contains(text(),'Cancel')]
195020 [main] INFO utilities.listener.WebEventListener  - Before Finding element: By.xpath: // button[@id='Cancel_sendercontactaddedit']//div[contains(text(),'Cancel')]
2020-08-12/16:57:42.535  INFO: listener.WebEventListener - Before Finding element: By.xpath: // button[@id='Cancel_sendercontactaddedit']//div[contains(text(),'Cancel')]
195300 [main] INFO utilities.listener.WebEventListener  - Before Finding element: By.xpath: // button[@id='Cancel_sendercontactaddedit']//div[contains(text(),'Cancel')]
2020-08-12/16:57:42.804  INFO: listener.WebEventListener - Before Finding element: By.xpath: // button[@id='Cancel_sendercontactaddedit']//div[contains(text(),'Cancel')]
195569 [main] INFO utilities.listener.WebEventListener  - Before Finding element: By.xpath: // button[@id='Cancel_sendercontactaddedit']//div[contains(text(),'Cancel')]
2020-08-12/16:57:43.084  INFO: listener.WebEventListener - Before Finding element: By.xpath: // button[@id='Cancel_sendercontactaddedit']//div[contains(text(),'Cancel')]
195849 [main] INFO utilities.listener.WebEventListener  - Before Finding element: By.xpath: // button[@id='Cancel_sendercontactaddedit']//div[contains(text(),'Cancel')]
2020-08-12/16:57:43.354  INFO: listener.WebEventListener - Before Finding element: By.xpath: // button[@id='Cancel_sendercontactaddedit']//div[contains(text(),'Cancel')]
196119 [main] INFO utilities.listener.WebEventListener  - Before Finding element: By.xpath: // button[@id='Cancel_sendercontactaddedit']//div[contains(text(),'Cancel')]
2020-08-12/16:57:43.621  INFO: listener.WebEventListener - Before Finding element: By.xpath: // button[@id='Cancel_sendercontactaddedit']//div[contains(text(),'Cancel')]
196386 [main] INFO utilities.listener.WebEventListener  - Before Finding element: By.xpath: // button[@id='Cancel_sendercontactaddedit']//div[contains(text(),'Cancel')]
2020-08-12/16:57:43.889  INFO: listener.WebEventListener - Before Finding element: By.xpath: // button[@id='Cancel_sendercontactaddedit']//div[contains(text(),'Cancel')]
196654 [main] INFO utilities.listener.WebEventListener  - Before Finding element: By.xpath: // button[@id='Cancel_sendercontactaddedit']//div[contains(text(),'Cancel')]
2020-08-12/16:57:44.159  INFO: listener.WebEventListener - Before Finding element: By.xpath: // button[@id='Cancel_sendercontactaddedit']//div[contains(text(),'Cancel')]
196924 [main] INFO utilities.listener.WebEventListener  - Before Finding element: By.xpath: // button[@id='Cancel_sendercontactaddedit']//div[contains(text(),'Cancel')]
2020-08-12/16:57:44.425  INFO: listener.WebEventListener - Before Finding element: By.xpath: // button[@id='Cancel_sendercontactaddedit']//div[contains(text(),'Cancel')]
197190 [main] INFO utilities.listener.WebEventListener  - Before Finding element: By.xpath: // button[@id='Cancel_sendercontactaddedit']//div[contains(text(),'Cancel')]
2020-08-12/16:57:44.693  INFO: listener.WebEventListener - Before Finding element: By.xpath: // button[@id='Cancel_sendercontactaddedit']//div[contains(text(),'Cancel')]
197458 [main] INFO utilities.listener.WebEventListener  - Before Finding element: By.xpath: // button[@id='Cancel_sendercontactaddedit']//div[contains(text(),'Cancel')]
2020-08-12/16:57:44.964  INFO: listener.WebEventListener - Before Finding element: By.xpath: // button[@id='Cancel_sendercontactaddedit']//div[contains(text(),'Cancel')]
197729 [main] INFO utilities.listener.WebEventListener  - Before Finding element: By.xpath: // button[@id='Cancel_sendercontactaddedit']//div[contains(text(),'Cancel')]
2020-08-12/16:57:45.229  INFO: listener.WebEventListener - Before Finding element: By.xpath: // button[@id='Cancel_sendercontactaddedit']//div[contains(text(),'Cancel')]
197994 [main] INFO utilities.listener.WebEventListener  - Before Finding element: By.xpath: // button[@id='Cancel_sendercontactaddedit']//div[contains(text(),'Cancel')]
2020-08-12/16:57:45.509  INFO: listener.WebEventListener - Before Finding element: By.xpath: // button[@id='Cancel_sendercontactaddedit']//div[contains(text(),'Cancel')]
198274 [main] INFO utilities.listener.WebEventListener  - Before Finding element: By.xpath: // button[@id='Cancel_sendercontactaddedit']//div[contains(text(),'Cancel')]
2020-08-12/16:57:45.779  INFO: listener.WebEventListener - Before Finding element: By.xpath: // button[@id='Cancel_sendercontactaddedit']//div[contains(text(),'Cancel')]
198544 [main] INFO utilities.listener.WebEventListener  - Before Finding element: By.xpath: // button[@id='Cancel_sendercontactaddedit']//div[contains(text(),'Cancel')]
2020-08-12/16:57:46.060  INFO: listener.WebEventListener - Before Finding element: By.xpath: // button[@id='Cancel_sendercontactaddedit']//div[contains(text(),'Cancel')]
198825 [main] INFO utilities.listener.WebEventListener  - Before Finding element: By.xpath: // button[@id='Cancel_sendercontactaddedit']//div[contains(text(),'Cancel')]
2020-08-12/16:57:46.340  INFO: listener.WebEventListener - Before Finding element: By.xpath: // button[@id='Cancel_sendercontactaddedit']//div[contains(text(),'Cancel')]
199105 [main] INFO utilities.listener.WebEventListener  - Before Finding element: By.xpath: // button[@id='Cancel_sendercontactaddedit']//div[contains(text(),'Cancel')]
2020-08-12/16:57:46.620  INFO: listener.WebEventListener - Before Finding element: By.xpath: // button[@id='Cancel_sendercontactaddedit']//div[contains(text(),'Cancel')]
199385 [main] INFO utilities.listener.WebEventListener  - Before Finding element: By.xpath: // button[@id='Cancel_sendercontactaddedit']//div[contains(text(),'Cancel')]
2020-08-12/16:57:46.902  INFO: listener.WebEventListener - Before Finding element: By.xpath: // button[@id='Cancel_sendercontactaddedit']//div[contains(text(),'Cancel')]
199667 [main] INFO utilities.listener.WebEventListener  - Before Finding element: By.xpath: // button[@id='Cancel_sendercontactaddedit']//div[contains(text(),'Cancel')]
2020-08-12/16:57:47.180  INFO: listener.WebEventListener - Before Finding element: By.xpath: // button[@id='Cancel_sendercontactaddedit']//div[contains(text(),'Cancel')]
199945 [main] INFO utilities.listener.WebEventListener  - Before Finding element: By.xpath: // button[@id='Cancel_sendercontactaddedit']//div[contains(text(),'Cancel')]
2020-08-12/16:57:47.452  INFO: listener.WebEventListener - Before Finding element: By.xpath: // button[@id='Cancel_sendercontactaddedit']//div[contains(text(),'Cancel')]
200217 [main] INFO utilities.listener.WebEventListener  - Before Finding element: By.xpath: // button[@id='Cancel_sendercontactaddedit']//div[contains(text(),'Cancel')]
2020-08-12/16:57:47.717  INFO: listener.WebEventListener - Before Finding element: By.xpath: // button[@id='Cancel_sendercontactaddedit']//div[contains(text(),'Cancel')]
200482 [main] INFO utilities.listener.WebEventListener  - Before Finding element: By.xpath: // button[@id='Cancel_sendercontactaddedit']//div[contains(text(),'Cancel')]
2020-08-12/16:57:47.981  INFO: listener.WebEventListener - Before Finding element: By.xpath: // button[@id='Cancel_sendercontactaddedit']//div[contains(text(),'Cancel')]
200746 [main] INFO utilities.listener.WebEventListener  - Before Finding element: By.xpath: // button[@id='Cancel_sendercontactaddedit']//div[contains(text(),'Cancel')]
2020-08-12/16:57:48.250  INFO: listener.WebEventListener - Before Finding element: By.xpath: // button[@id='Cancel_sendercontactaddedit']//div[contains(text(),'Cancel')]
201015 [main] INFO utilities.listener.WebEventListener  - Before Finding element: By.xpath: // button[@id='Cancel_sendercontactaddedit']//div[contains(text(),'Cancel')]
2020-08-12/16:57:48.529  INFO: listener.WebEventListener - Before Finding element: By.xpath: // button[@id='Cancel_sendercontactaddedit']//div[contains(text(),'Cancel')]
201294 [main] INFO utilities.listener.WebEventListener  - Before Finding element: By.xpath: // button[@id='Cancel_sendercontactaddedit']//div[contains(text(),'Cancel')]
2020-08-12/16:57:48.812  INFO: listener.WebEventListener - Before Finding element: By.xpath: // button[@id='Cancel_sendercontactaddedit']//div[contains(text(),'Cancel')]
201577 [main] INFO utilities.listener.WebEventListener  - Before Finding element: By.xpath: // button[@id='Cancel_sendercontactaddedit']//div[contains(text(),'Cancel')]
2020-08-12/16:57:49.094  INFO: listener.WebEventListener - Before Finding element: By.xpath: // button[@id='Cancel_sendercontactaddedit']//div[contains(text(),'Cancel')]
201859 [main] INFO utilities.listener.WebEventListener  - Before Finding element: By.xpath: // button[@id='Cancel_sendercontactaddedit']//div[contains(text(),'Cancel')]
2020-08-12/16:57:49.378  INFO: listener.WebEventListener - Before Finding element: By.xpath: // button[@id='Cancel_sendercontactaddedit']//div[contains(text(),'Cancel')]
202143 [main] INFO utilities.listener.WebEventListener  - Before Finding element: By.xpath: // button[@id='Cancel_sendercontactaddedit']//div[contains(text(),'Cancel')]
2020-08-12/16:57:49.644  INFO: listener.WebEventListener - Before Finding element: By.xpath: // button[@id='Cancel_sendercontactaddedit']//div[contains(text(),'Cancel')]
202409 [main] INFO utilities.listener.WebEventListener  - Before Finding element: By.xpath: // button[@id='Cancel_sendercontactaddedit']//div[contains(text(),'Cancel')]
2020-08-12/16:57:49.910  INFO: listener.WebEventListener - Before Finding element: By.xpath: // button[@id='Cancel_sendercontactaddedit']//div[contains(text(),'Cancel')]
202675 [main] INFO utilities.listener.WebEventListener  - Before Finding element: By.xpath: // button[@id='Cancel_sendercontactaddedit']//div[contains(text(),'Cancel')]
2020-08-12/16:57:50.190  INFO: listener.WebEventListener - Before Finding element: By.xpath: // button[@id='Cancel_sendercontactaddedit']//div[contains(text(),'Cancel')]
202955 [main] INFO utilities.listener.WebEventListener  - Before Finding element: By.xpath: // button[@id='Cancel_sendercontactaddedit']//div[contains(text(),'Cancel')]
2020-08-12/16:57:50.469  INFO: listener.WebEventListener - Before Finding element: By.xpath: // button[@id='Cancel_sendercontactaddedit']//div[contains(text(),'Cancel')]
203234 [main] INFO utilities.listener.WebEventListener  - Before Finding element: By.xpath: // button[@id='Cancel_sendercontactaddedit']//div[contains(text(),'Cancel')]
2020-08-12/16:57:50.752  INFO: listener.WebEventListener - Before Finding element: By.xpath: // button[@id='Cancel_sendercontactaddedit']//div[contains(text(),'Cancel')]
203517 [main] INFO utilities.listener.WebEventListener  - Before Finding element: By.xpath: // button[@id='Cancel_sendercontactaddedit']//div[contains(text(),'Cancel')]
I am in onTestFailure method doStarted failed
]]></system-out>
  </testcase>
  <testcase name="doStarted" classname="pages.TestPageConsinment" time="40.132">
    <failure message="Index 1 out of bounds for length 1" type="java.lang.ArrayIndexOutOfBoundsException"><![CDATA[java.lang.ArrayIndexOutOfBoundsException: Index 1 out of bounds for length 1
	at pages.TestPageConsinment.doStarted(TestPageConsinment.java:42)
]]></failure>
    <system-out><![CDATA[I am in onTestStart method doStarted start
2020-08-12/16:57:50.884  INFO: listener.WebEventListener - Before Finding element: By.xpath: //div[@class='spinner-inner']/parent::*/parent::div[contains(@class,'active')]
203649 [main] INFO utilities.listener.WebEventListener  - Before Finding element: By.xpath: //div[@class='spinner-inner']/parent::*/parent::div[contains(@class,'active')]
2020-08-12/16:57:50.909  INFO: listener.WebEventListener - Before Finding element: By.xpath: //div[@class='spinner-inner']/parent::*/parent::div[contains(@class,'active')]
203674 [main] INFO utilities.listener.WebEventListener  - Before Finding element: By.xpath: //div[@class='spinner-inner']/parent::*/parent::div[contains(@class,'active')]
2020-08-12/16:57:51.176  INFO: listener.WebEventListener - Before Finding element: By.xpath: //div[@class='spinner-inner']/parent::*/parent::div[contains(@class,'active')]
203941 [main] INFO utilities.listener.WebEventListener  - Before Finding element: By.xpath: //div[@class='spinner-inner']/parent::*/parent::div[contains(@class,'active')]
2020-08-12/16:57:51.450  INFO: listener.WebEventListener - Before Finding element: By.xpath: //div[@class='spinner-inner']/parent::*/parent::div[contains(@class,'active')]
204215 [main] INFO utilities.listener.WebEventListener  - Before Finding element: By.xpath: //div[@class='spinner-inner']/parent::*/parent::div[contains(@class,'active')]
2020-08-12/16:57:51.715  INFO: listener.WebEventListener - Before Finding element: By.xpath: //div[@class='spinner-inner']/parent::*/parent::div[contains(@class,'active')]
204480 [main] INFO utilities.listener.WebEventListener  - Before Finding element: By.xpath: //div[@class='spinner-inner']/parent::*/parent::div[contains(@class,'active')]
2020-08-12/16:57:51.983  INFO: listener.WebEventListener - Before Finding element: By.xpath: //div[@class='spinner-inner']/parent::*/parent::div[contains(@class,'active')]
204748 [main] INFO utilities.listener.WebEventListener  - Before Finding element: By.xpath: //div[@class='spinner-inner']/parent::*/parent::div[contains(@class,'active')]
2020-08-12/16:57:52.250  INFO: listener.WebEventListener - Before Finding element: By.xpath: //div[@class='spinner-inner']/parent::*/parent::div[contains(@class,'active')]
205015 [main] INFO utilities.listener.WebEventListener  - Before Finding element: By.xpath: //div[@class='spinner-inner']/parent::*/parent::div[contains(@class,'active')]
2020-08-12/16:57:52.520  INFO: listener.WebEventListener - Before Finding element: By.xpath: //div[@class='spinner-inner']/parent::*/parent::div[contains(@class,'active')]
205285 [main] INFO utilities.listener.WebEventListener  - Before Finding element: By.xpath: //div[@class='spinner-inner']/parent::*/parent::div[contains(@class,'active')]
2020-08-12/16:57:52.791  INFO: listener.WebEventListener - Before Finding element: By.xpath: //div[@class='spinner-inner']/parent::*/parent::div[contains(@class,'active')]
205556 [main] INFO utilities.listener.WebEventListener  - Before Finding element: By.xpath: //div[@class='spinner-inner']/parent::*/parent::div[contains(@class,'active')]
2020-08-12/16:57:53.058  INFO: listener.WebEventListener - Before Finding element: By.xpath: //div[@class='spinner-inner']/parent::*/parent::div[contains(@class,'active')]
205823 [main] INFO utilities.listener.WebEventListener  - Before Finding element: By.xpath: //div[@class='spinner-inner']/parent::*/parent::div[contains(@class,'active')]
2020-08-12/16:57:53.352  INFO: listener.WebEventListener - Before Finding element: By.xpath: //div[@class='spinner-inner']/parent::*/parent::div[contains(@class,'active')]
206117 [main] INFO utilities.listener.WebEventListener  - Before Finding element: By.xpath: //div[@class='spinner-inner']/parent::*/parent::div[contains(@class,'active')]
2020-08-12/16:57:53.687  INFO: listener.WebEventListener - Before Finding element: By.xpath: //div[@class='spinner-inner']/parent::*/parent::div[contains(@class,'active')]
206452 [main] INFO utilities.listener.WebEventListener  - Before Finding element: By.xpath: //div[@class='spinner-inner']/parent::*/parent::div[contains(@class,'active')]
2020-08-12/16:57:53.967  INFO: listener.WebEventListener - Before Finding element: By.xpath: //div[@class='spinner-inner']/parent::*/parent::div[contains(@class,'active')]
206732 [main] INFO utilities.listener.WebEventListener  - Before Finding element: By.xpath: //div[@class='spinner-inner']/parent::*/parent::div[contains(@class,'active')]
2020-08-12/16:57:54.249  INFO: listener.WebEventListener - Before Finding element: By.xpath: //div[@class='spinner-inner']/parent::*/parent::div[contains(@class,'active')]
207014 [main] INFO utilities.listener.WebEventListener  - Before Finding element: By.xpath: //div[@class='spinner-inner']/parent::*/parent::div[contains(@class,'active')]
2020-08-12/16:57:54.517  INFO: listener.WebEventListener - Before Finding element: By.xpath: //div[@class='spinner-inner']/parent::*/parent::div[contains(@class,'active')]
207282 [main] INFO utilities.listener.WebEventListener  - Before Finding element: By.xpath: //div[@class='spinner-inner']/parent::*/parent::div[contains(@class,'active')]
2020-08-12/16:57:54.787  INFO: listener.WebEventListener - Before Finding element: By.xpath: //div[@class='spinner-inner']/parent::*/parent::div[contains(@class,'active')]
207552 [main] INFO utilities.listener.WebEventListener  - Before Finding element: By.xpath: //div[@class='spinner-inner']/parent::*/parent::div[contains(@class,'active')]
2020-08-12/16:57:55.056  INFO: listener.WebEventListener - Before Finding element: By.xpath: //div[@class='spinner-inner']/parent::*/parent::div[contains(@class,'active')]
207821 [main] INFO utilities.listener.WebEventListener  - Before Finding element: By.xpath: //div[@class='spinner-inner']/parent::*/parent::div[contains(@class,'active')]
2020-08-12/16:57:55.323  INFO: listener.WebEventListener - Before Finding element: By.xpath: //div[@class='spinner-inner']/parent::*/parent::div[contains(@class,'active')]
208088 [main] INFO utilities.listener.WebEventListener  - Before Finding element: By.xpath: //div[@class='spinner-inner']/parent::*/parent::div[contains(@class,'active')]
2020-08-12/16:57:55.591  INFO: listener.WebEventListener - Before Finding element: By.xpath: //div[@class='spinner-inner']/parent::*/parent::div[contains(@class,'active')]
208356 [main] INFO utilities.listener.WebEventListener  - Before Finding element: By.xpath: //div[@class='spinner-inner']/parent::*/parent::div[contains(@class,'active')]
2020-08-12/16:57:55.859  INFO: listener.WebEventListener - Before Finding element: By.xpath: //div[@class='spinner-inner']/parent::*/parent::div[contains(@class,'active')]
208624 [main] INFO utilities.listener.WebEventListener  - Before Finding element: By.xpath: //div[@class='spinner-inner']/parent::*/parent::div[contains(@class,'active')]
2020-08-12/16:57:56.126  INFO: listener.WebEventListener - Before Finding element: By.xpath: //div[@class='spinner-inner']/parent::*/parent::div[contains(@class,'active')]
208891 [main] INFO utilities.listener.WebEventListener  - Before Finding element: By.xpath: //div[@class='spinner-inner']/parent::*/parent::div[contains(@class,'active')]
2020-08-12/16:57:56.400  INFO: listener.WebEventListener - Before Finding element: By.xpath: //div[@class='spinner-inner']/parent::*/parent::div[contains(@class,'active')]
209165 [main] INFO utilities.listener.WebEventListener  - Before Finding element: By.xpath: //div[@class='spinner-inner']/parent::*/parent::div[contains(@class,'active')]
2020-08-12/16:57:56.667  INFO: listener.WebEventListener - Before Finding element: By.xpath: //div[@class='spinner-inner']/parent::*/parent::div[contains(@class,'active')]
209432 [main] INFO utilities.listener.WebEventListener  - Before Finding element: By.xpath: //div[@class='spinner-inner']/parent::*/parent::div[contains(@class,'active')]
2020-08-12/16:57:56.937  INFO: listener.WebEventListener - Before Finding element: By.xpath: //div[@class='spinner-inner']/parent::*/parent::div[contains(@class,'active')]
209702 [main] INFO utilities.listener.WebEventListener  - Before Finding element: By.xpath: //div[@class='spinner-inner']/parent::*/parent::div[contains(@class,'active')]
2020-08-12/16:57:57.205  INFO: listener.WebEventListener - Before Finding element: By.xpath: //div[@class='spinner-inner']/parent::*/parent::div[contains(@class,'active')]
209970 [main] INFO utilities.listener.WebEventListener  - Before Finding element: By.xpath: //div[@class='spinner-inner']/parent::*/parent::div[contains(@class,'active')]
2020-08-12/16:57:57.471  INFO: listener.WebEventListener - Before Finding element: By.xpath: //div[@class='spinner-inner']/parent::*/parent::div[contains(@class,'active')]
210236 [main] INFO utilities.listener.WebEventListener  - Before Finding element: By.xpath: //div[@class='spinner-inner']/parent::*/parent::div[contains(@class,'active')]
2020-08-12/16:57:57.741  INFO: listener.WebEventListener - Before Finding element: By.xpath: //div[@class='spinner-inner']/parent::*/parent::div[contains(@class,'active')]
210506 [main] INFO utilities.listener.WebEventListener  - Before Finding element: By.xpath: //div[@class='spinner-inner']/parent::*/parent::div[contains(@class,'active')]
2020-08-12/16:57:58.007  INFO: listener.WebEventListener - Before Finding element: By.xpath: //div[@class='spinner-inner']/parent::*/parent::div[contains(@class,'active')]
210772 [main] INFO utilities.listener.WebEventListener  - Before Finding element: By.xpath: //div[@class='spinner-inner']/parent::*/parent::div[contains(@class,'active')]
2020-08-12/16:57:58.275  INFO: listener.WebEventListener - Before Finding element: By.xpath: //div[@class='spinner-inner']/parent::*/parent::div[contains(@class,'active')]
211040 [main] INFO utilities.listener.WebEventListener  - Before Finding element: By.xpath: //div[@class='spinner-inner']/parent::*/parent::div[contains(@class,'active')]
2020-08-12/16:57:58.543  INFO: listener.WebEventListener - Before Finding element: By.xpath: //div[@class='spinner-inner']/parent::*/parent::div[contains(@class,'active')]
211308 [main] INFO utilities.listener.WebEventListener  - Before Finding element: By.xpath: //div[@class='spinner-inner']/parent::*/parent::div[contains(@class,'active')]
2020-08-12/16:57:58.825  INFO: listener.WebEventListener - Before Finding element: By.xpath: //div[@class='spinner-inner']/parent::*/parent::div[contains(@class,'active')]
211590 [main] INFO utilities.listener.WebEventListener  - Before Finding element: By.xpath: //div[@class='spinner-inner']/parent::*/parent::div[contains(@class,'active')]
2020-08-12/16:57:59.108  INFO: listener.WebEventListener - Before Finding element: By.xpath: //div[@class='spinner-inner']/parent::*/parent::div[contains(@class,'active')]
211873 [main] INFO utilities.listener.WebEventListener  - Before Finding element: By.xpath: //div[@class='spinner-inner']/parent::*/parent::div[contains(@class,'active')]
2020-08-12/16:57:59.378  INFO: listener.WebEventListener - Before Finding element: By.xpath: //div[@class='spinner-inner']/parent::*/parent::div[contains(@class,'active')]
212143 [main] INFO utilities.listener.WebEventListener  - Before Finding element: By.xpath: //div[@class='spinner-inner']/parent::*/parent::div[contains(@class,'active')]
2020-08-12/16:57:59.648  INFO: listener.WebEventListener - Before Finding element: By.xpath: //div[@class='spinner-inner']/parent::*/parent::div[contains(@class,'active')]
212413 [main] INFO utilities.listener.WebEventListener  - Before Finding element: By.xpath: //div[@class='spinner-inner']/parent::*/parent::div[contains(@class,'active')]
2020-08-12/16:57:59.914  INFO: listener.WebEventListener - Before Finding element: By.xpath: //div[@class='spinner-inner']/parent::*/parent::div[contains(@class,'active')]
212679 [main] INFO utilities.listener.WebEventListener  - Before Finding element: By.xpath: //div[@class='spinner-inner']/parent::*/parent::div[contains(@class,'active')]
2020-08-12/16:58:00.185  INFO: listener.WebEventListener - Before Finding element: By.xpath: //div[@class='spinner-inner']/parent::*/parent::div[contains(@class,'active')]
212950 [main] INFO utilities.listener.WebEventListener  - Before Finding element: By.xpath: //div[@class='spinner-inner']/parent::*/parent::div[contains(@class,'active')]
2020-08-12/16:58:00.475  INFO: listener.WebEventListener - Before Finding element: By.xpath: //div[@class='spinner-inner']/parent::*/parent::div[contains(@class,'active')]
213240 [main] INFO utilities.listener.WebEventListener  - Before Finding element: By.xpath: //div[@class='spinner-inner']/parent::*/parent::div[contains(@class,'active')]
2020-08-12/16:58:00.742  INFO: listener.WebEventListener - Before Finding element: By.xpath: //div[@class='spinner-inner']/parent::*/parent::div[contains(@class,'active')]
213507 [main] INFO utilities.listener.WebEventListener  - Before Finding element: By.xpath: //div[@class='spinner-inner']/parent::*/parent::div[contains(@class,'active')]
2020-08-12/16:58:01.011  INFO: listener.WebEventListener - Before Finding element: By.xpath: //div[@class='spinner-inner']/parent::*/parent::div[contains(@class,'active')]
213776 [main] INFO utilities.listener.WebEventListener  - Before Finding element: By.xpath: //div[@class='spinner-inner']/parent::*/parent::div[contains(@class,'active')]
2020-08-12/16:58:01.276  INFO: listener.WebEventListener - Before Finding element: By.xpath: //div[@class='spinner-inner']/parent::*/parent::div[contains(@class,'active')]
214041 [main] INFO utilities.listener.WebEventListener  - Before Finding element: By.xpath: //div[@class='spinner-inner']/parent::*/parent::div[contains(@class,'active')]
2020-08-12/16:58:01.543  INFO: listener.WebEventListener - Before Finding element: By.xpath: //div[@class='spinner-inner']/parent::*/parent::div[contains(@class,'active')]
214308 [main] INFO utilities.listener.WebEventListener  - Before Finding element: By.xpath: //div[@class='spinner-inner']/parent::*/parent::div[contains(@class,'active')]
2020-08-12/16:58:01.825  INFO: listener.WebEventListener - Before Finding element: By.xpath: //div[@class='spinner-inner']/parent::*/parent::div[contains(@class,'active')]
214590 [main] INFO utilities.listener.WebEventListener  - Before Finding element: By.xpath: //div[@class='spinner-inner']/parent::*/parent::div[contains(@class,'active')]
2020-08-12/16:58:02.100  INFO: listener.WebEventListener - Before Finding element: By.xpath: //div[@class='spinner-inner']/parent::*/parent::div[contains(@class,'active')]
214865 [main] INFO utilities.listener.WebEventListener  - Before Finding element: By.xpath: //div[@class='spinner-inner']/parent::*/parent::div[contains(@class,'active')]
2020-08-12/16:58:02.368  INFO: listener.WebEventListener - Before Finding element: By.xpath: //div[@class='spinner-inner']/parent::*/parent::div[contains(@class,'active')]
215133 [main] INFO utilities.listener.WebEventListener  - Before Finding element: By.xpath: //div[@class='spinner-inner']/parent::*/parent::div[contains(@class,'active')]
2020-08-12/16:58:02.652  INFO: listener.WebEventListener - Before Finding element: By.xpath: //div[@class='spinner-inner']/parent::*/parent::div[contains(@class,'active')]
215417 [main] INFO utilities.listener.WebEventListener  - Before Finding element: By.xpath: //div[@class='spinner-inner']/parent::*/parent::div[contains(@class,'active')]
2020-08-12/16:58:02.935  INFO: listener.WebEventListener - Before Finding element: By.xpath: //div[@class='spinner-inner']/parent::*/parent::div[contains(@class,'active')]
215700 [main] INFO utilities.listener.WebEventListener  - Before Finding element: By.xpath: //div[@class='spinner-inner']/parent::*/parent::div[contains(@class,'active')]
2020-08-12/16:58:03.200  INFO: listener.WebEventListener - Before Finding element: By.xpath: //div[@class='spinner-inner']/parent::*/parent::div[contains(@class,'active')]
215965 [main] INFO utilities.listener.WebEventListener  - Before Finding element: By.xpath: //div[@class='spinner-inner']/parent::*/parent::div[contains(@class,'active')]
2020-08-12/16:58:03.469  INFO: listener.WebEventListener - Before Finding element: By.xpath: //div[@class='spinner-inner']/parent::*/parent::div[contains(@class,'active')]
216234 [main] INFO utilities.listener.WebEventListener  - Before Finding element: By.xpath: //div[@class='spinner-inner']/parent::*/parent::div[contains(@class,'active')]
2020-08-12/16:58:03.735  INFO: listener.WebEventListener - Before Finding element: By.xpath: //div[@class='spinner-inner']/parent::*/parent::div[contains(@class,'active')]
216500 [main] INFO utilities.listener.WebEventListener  - Before Finding element: By.xpath: //div[@class='spinner-inner']/parent::*/parent::div[contains(@class,'active')]
2020-08-12/16:58:04.002  INFO: listener.WebEventListener - Before Finding element: By.xpath: //div[@class='spinner-inner']/parent::*/parent::div[contains(@class,'active')]
216767 [main] INFO utilities.listener.WebEventListener  - Before Finding element: By.xpath: //div[@class='spinner-inner']/parent::*/parent::div[contains(@class,'active')]
2020-08-12/16:58:04.271  INFO: listener.WebEventListener - Before Finding element: By.xpath: //div[@class='spinner-inner']/parent::*/parent::div[contains(@class,'active')]
217036 [main] INFO utilities.listener.WebEventListener  - Before Finding element: By.xpath: //div[@class='spinner-inner']/parent::*/parent::div[contains(@class,'active')]
2020-08-12/16:58:04.537  INFO: listener.WebEventListener - Before Finding element: By.xpath: //div[@class='spinner-inner']/parent::*/parent::div[contains(@class,'active')]
217302 [main] INFO utilities.listener.WebEventListener  - Before Finding element: By.xpath: //div[@class='spinner-inner']/parent::*/parent::div[contains(@class,'active')]
2020-08-12/16:58:04.805  INFO: listener.WebEventListener - Before Finding element: By.xpath: //div[@class='spinner-inner']/parent::*/parent::div[contains(@class,'active')]
217570 [main] INFO utilities.listener.WebEventListener  - Before Finding element: By.xpath: //div[@class='spinner-inner']/parent::*/parent::div[contains(@class,'active')]
2020-08-12/16:58:05.072  INFO: listener.WebEventListener - Before Finding element: By.xpath: //div[@class='spinner-inner']/parent::*/parent::div[contains(@class,'active')]
217837 [main] INFO utilities.listener.WebEventListener  - Before Finding element: By.xpath: //div[@class='spinner-inner']/parent::*/parent::div[contains(@class,'active')]
2020-08-12/16:58:05.341  INFO: listener.WebEventListener - Before Finding element: By.xpath: //div[@class='spinner-inner']/parent::*/parent::div[contains(@class,'active')]
218106 [main] INFO utilities.listener.WebEventListener  - Before Finding element: By.xpath: //div[@class='spinner-inner']/parent::*/parent::div[contains(@class,'active')]
2020-08-12/16:58:05.610  INFO: listener.WebEventListener - Before Finding element: By.xpath: //div[@class='spinner-inner']/parent::*/parent::div[contains(@class,'active')]
218375 [main] INFO utilities.listener.WebEventListener  - Before Finding element: By.xpath: //div[@class='spinner-inner']/parent::*/parent::div[contains(@class,'active')]
2020-08-12/16:58:05.876  INFO: listener.WebEventListener - Before Finding element: By.xpath: //div[@class='spinner-inner']/parent::*/parent::div[contains(@class,'active')]
218641 [main] INFO utilities.listener.WebEventListener  - Before Finding element: By.xpath: //div[@class='spinner-inner']/parent::*/parent::div[contains(@class,'active')]
2020-08-12/16:58:06.144  INFO: listener.WebEventListener - Before Finding element: By.xpath: //div[@class='spinner-inner']/parent::*/parent::div[contains(@class,'active')]
218909 [main] INFO utilities.listener.WebEventListener  - Before Finding element: By.xpath: //div[@class='spinner-inner']/parent::*/parent::div[contains(@class,'active')]
2020-08-12/16:58:06.516  INFO: listener.WebEventListener - Before Finding element: By.xpath: //div[@class='spinner-inner']/parent::*/parent::div[contains(@class,'active')]
219281 [main] INFO utilities.listener.WebEventListener  - Before Finding element: By.xpath: //div[@class='spinner-inner']/parent::*/parent::div[contains(@class,'active')]
2020-08-12/16:58:06.782  INFO: listener.WebEventListener - Before Finding element: By.xpath: //div[@class='spinner-inner']/parent::*/parent::div[contains(@class,'active')]
219547 [main] INFO utilities.listener.WebEventListener  - Before Finding element: By.xpath: //div[@class='spinner-inner']/parent::*/parent::div[contains(@class,'active')]
2020-08-12/16:58:07.055  INFO: listener.WebEventListener - Before Finding element: By.xpath: //div[@class='spinner-inner']/parent::*/parent::div[contains(@class,'active')]
219820 [main] INFO utilities.listener.WebEventListener  - Before Finding element: By.xpath: //div[@class='spinner-inner']/parent::*/parent::div[contains(@class,'active')]
2020-08-12/16:58:07.339  INFO: listener.WebEventListener - Before Finding element: By.xpath: //div[@class='spinner-inner']/parent::*/parent::div[contains(@class,'active')]
220104 [main] INFO utilities.listener.WebEventListener  - Before Finding element: By.xpath: //div[@class='spinner-inner']/parent::*/parent::div[contains(@class,'active')]
2020-08-12/16:58:07.620  INFO: listener.WebEventListener - Before Finding element: By.xpath: //div[@class='spinner-inner']/parent::*/parent::div[contains(@class,'active')]
220385 [main] INFO utilities.listener.WebEventListener  - Before Finding element: By.xpath: //div[@class='spinner-inner']/parent::*/parent::div[contains(@class,'active')]
2020-08-12/16:58:07.886  INFO: listener.WebEventListener - Before Finding element: By.xpath: //div[@class='spinner-inner']/parent::*/parent::div[contains(@class,'active')]
220651 [main] INFO utilities.listener.WebEventListener  - Before Finding element: By.xpath: //div[@class='spinner-inner']/parent::*/parent::div[contains(@class,'active')]
2020-08-12/16:58:08.164  INFO: listener.WebEventListener - Before Finding element: By.xpath: //div[@class='spinner-inner']/parent::*/parent::div[contains(@class,'active')]
220929 [main] INFO utilities.listener.WebEventListener  - Before Finding element: By.xpath: //div[@class='spinner-inner']/parent::*/parent::div[contains(@class,'active')]
2020-08-12/16:58:08.439  INFO: listener.WebEventListener - Before Finding element: By.xpath: //div[@class='spinner-inner']/parent::*/parent::div[contains(@class,'active')]
221204 [main] INFO utilities.listener.WebEventListener  - Before Finding element: By.xpath: //div[@class='spinner-inner']/parent::*/parent::div[contains(@class,'active')]
2020-08-12/16:58:08.707  INFO: listener.WebEventListener - Before Finding element: By.xpath: //div[@class='spinner-inner']/parent::*/parent::div[contains(@class,'active')]
221472 [main] INFO utilities.listener.WebEventListener  - Before Finding element: By.xpath: //div[@class='spinner-inner']/parent::*/parent::div[contains(@class,'active')]
2020-08-12/16:58:08.977  INFO: listener.WebEventListener - Before Finding element: By.xpath: //div[@class='spinner-inner']/parent::*/parent::div[contains(@class,'active')]
221742 [main] INFO utilities.listener.WebEventListener  - Before Finding element: By.xpath: //div[@class='spinner-inner']/parent::*/parent::div[contains(@class,'active')]
2020-08-12/16:58:09.246  INFO: listener.WebEventListener - Before Finding element: By.xpath: //div[@class='spinner-inner']/parent::*/parent::div[contains(@class,'active')]
222011 [main] INFO utilities.listener.WebEventListener  - Before Finding element: By.xpath: //div[@class='spinner-inner']/parent::*/parent::div[contains(@class,'active')]
2020-08-12/16:58:09.515  INFO: listener.WebEventListener - Before Finding element: By.xpath: //div[@class='spinner-inner']/parent::*/parent::div[contains(@class,'active')]
222280 [main] INFO utilities.listener.WebEventListener  - Before Finding element: By.xpath: //div[@class='spinner-inner']/parent::*/parent::div[contains(@class,'active')]
2020-08-12/16:58:09.782  INFO: listener.WebEventListener - Before Finding element: By.xpath: //div[@class='spinner-inner']/parent::*/parent::div[contains(@class,'active')]
222547 [main] INFO utilities.listener.WebEventListener  - Before Finding element: By.xpath: //div[@class='spinner-inner']/parent::*/parent::div[contains(@class,'active')]
2020-08-12/16:58:10.047  INFO: listener.WebEventListener - Before Finding element: By.xpath: //div[@class='spinner-inner']/parent::*/parent::div[contains(@class,'active')]
222812 [main] INFO utilities.listener.WebEventListener  - Before Finding element: By.xpath: //div[@class='spinner-inner']/parent::*/parent::div[contains(@class,'active')]
2020-08-12/16:58:10.327  INFO: listener.WebEventListener - Before Finding element: By.xpath: //div[@class='spinner-inner']/parent::*/parent::div[contains(@class,'active')]
223092 [main] INFO utilities.listener.WebEventListener  - Before Finding element: By.xpath: //div[@class='spinner-inner']/parent::*/parent::div[contains(@class,'active')]
2020-08-12/16:58:10.608  INFO: listener.WebEventListener - Before Finding element: By.xpath: //div[@class='spinner-inner']/parent::*/parent::div[contains(@class,'active')]
223373 [main] INFO utilities.listener.WebEventListener  - Before Finding element: By.xpath: //div[@class='spinner-inner']/parent::*/parent::div[contains(@class,'active')]
2020-08-12/16:58:10.887  INFO: listener.WebEventListener - Before Finding element: By.xpath: //div[@class='spinner-inner']/parent::*/parent::div[contains(@class,'active')]
223652 [main] INFO utilities.listener.WebEventListener  - Before Finding element: By.xpath: //div[@class='spinner-inner']/parent::*/parent::div[contains(@class,'active')]
2020-08-12/16:58:11.158  INFO: listener.WebEventListener - Before Finding element: By.xpath: //div[@class='spinner-inner']/parent::*/parent::div[contains(@class,'active')]
223923 [main] INFO utilities.listener.WebEventListener  - Before Finding element: By.xpath: //div[@class='spinner-inner']/parent::*/parent::div[contains(@class,'active')]
2020-08-12/16:58:11.425  INFO: listener.WebEventListener - Before Finding element: By.xpath: //div[@class='spinner-inner']/parent::*/parent::div[contains(@class,'active')]
224190 [main] INFO utilities.listener.WebEventListener  - Before Finding element: By.xpath: //div[@class='spinner-inner']/parent::*/parent::div[contains(@class,'active')]
2020-08-12/16:58:11.694  INFO: listener.WebEventListener - Before Finding element: By.xpath: //div[@class='spinner-inner']/parent::*/parent::div[contains(@class,'active')]
224459 [main] INFO utilities.listener.WebEventListener  - Before Finding element: By.xpath: //div[@class='spinner-inner']/parent::*/parent::div[contains(@class,'active')]
2020-08-12/16:58:11.970  INFO: listener.WebEventListener - Before Finding element: By.xpath: //div[@class='spinner-inner']/parent::*/parent::div[contains(@class,'active')]
224735 [main] INFO utilities.listener.WebEventListener  - Before Finding element: By.xpath: //div[@class='spinner-inner']/parent::*/parent::div[contains(@class,'active')]
2020-08-12/16:58:12.241  INFO: listener.WebEventListener - Before Finding element: By.xpath: //div[@class='spinner-inner']/parent::*/parent::div[contains(@class,'active')]
225006 [main] INFO utilities.listener.WebEventListener  - Before Finding element: By.xpath: //div[@class='spinner-inner']/parent::*/parent::div[contains(@class,'active')]
2020-08-12/16:58:12.523  INFO: listener.WebEventListener - Before Finding element: By.xpath: //div[@class='spinner-inner']/parent::*/parent::div[contains(@class,'active')]
225288 [main] INFO utilities.listener.WebEventListener  - Before Finding element: By.xpath: //div[@class='spinner-inner']/parent::*/parent::div[contains(@class,'active')]
2020-08-12/16:58:12.805  INFO: listener.WebEventListener - Before Finding element: By.xpath: //div[@class='spinner-inner']/parent::*/parent::div[contains(@class,'active')]
225570 [main] INFO utilities.listener.WebEventListener  - Before Finding element: By.xpath: //div[@class='spinner-inner']/parent::*/parent::div[contains(@class,'active')]
2020-08-12/16:58:13.075  INFO: listener.WebEventListener - Before Finding element: By.xpath: //div[@class='spinner-inner']/parent::*/parent::div[contains(@class,'active')]
225840 [main] INFO utilities.listener.WebEventListener  - Before Finding element: By.xpath: //div[@class='spinner-inner']/parent::*/parent::div[contains(@class,'active')]
2020-08-12/16:58:13.357  INFO: listener.WebEventListener - Before Finding element: By.xpath: //div[@class='spinner-inner']/parent::*/parent::div[contains(@class,'active')]
226122 [main] INFO utilities.listener.WebEventListener  - Before Finding element: By.xpath: //div[@class='spinner-inner']/parent::*/parent::div[contains(@class,'active')]
2020-08-12/16:58:13.624  INFO: listener.WebEventListener - Before Finding element: By.xpath: //div[@class='spinner-inner']/parent::*/parent::div[contains(@class,'active')]
226389 [main] INFO utilities.listener.WebEventListener  - Before Finding element: By.xpath: //div[@class='spinner-inner']/parent::*/parent::div[contains(@class,'active')]
2020-08-12/16:58:13.908  INFO: listener.WebEventListener - Before Finding element: By.xpath: //div[@class='spinner-inner']/parent::*/parent::div[contains(@class,'active')]
226673 [main] INFO utilities.listener.WebEventListener  - Before Finding element: By.xpath: //div[@class='spinner-inner']/parent::*/parent::div[contains(@class,'active')]
2020-08-12/16:58:14.178  INFO: listener.WebEventListener - Before Finding element: By.xpath: //div[@class='spinner-inner']/parent::*/parent::div[contains(@class,'active')]
226943 [main] INFO utilities.listener.WebEventListener  - Before Finding element: By.xpath: //div[@class='spinner-inner']/parent::*/parent::div[contains(@class,'active')]
2020-08-12/16:58:14.447  INFO: listener.WebEventListener - Before Finding element: By.xpath: //div[@class='spinner-inner']/parent::*/parent::div[contains(@class,'active')]
227212 [main] INFO utilities.listener.WebEventListener  - Before Finding element: By.xpath: //div[@class='spinner-inner']/parent::*/parent::div[contains(@class,'active')]
2020-08-12/16:58:14.717  INFO: listener.WebEventListener - Before Finding element: By.xpath: //div[@class='spinner-inner']/parent::*/parent::div[contains(@class,'active')]
227482 [main] INFO utilities.listener.WebEventListener  - Before Finding element: By.xpath: //div[@class='spinner-inner']/parent::*/parent::div[contains(@class,'active')]
2020-08-12/16:58:14.985  INFO: listener.WebEventListener - Before Finding element: By.xpath: //div[@class='spinner-inner']/parent::*/parent::div[contains(@class,'active')]
227750 [main] INFO utilities.listener.WebEventListener  - Before Finding element: By.xpath: //div[@class='spinner-inner']/parent::*/parent::div[contains(@class,'active')]
2020-08-12/16:58:15.251  INFO: listener.WebEventListener - Before Finding element: By.xpath: //div[@class='spinner-inner']/parent::*/parent::div[contains(@class,'active')]
228016 [main] INFO utilities.listener.WebEventListener  - Before Finding element: By.xpath: //div[@class='spinner-inner']/parent::*/parent::div[contains(@class,'active')]
2020-08-12/16:58:15.520  INFO: listener.WebEventListener - Before Finding element: By.xpath: //div[@class='spinner-inner']/parent::*/parent::div[contains(@class,'active')]
228285 [main] INFO utilities.listener.WebEventListener  - Before Finding element: By.xpath: //div[@class='spinner-inner']/parent::*/parent::div[contains(@class,'active')]
2020-08-12/16:58:15.789  INFO: listener.WebEventListener - Before Finding element: By.xpath: //div[@class='spinner-inner']/parent::*/parent::div[contains(@class,'active')]
228554 [main] INFO utilities.listener.WebEventListener  - Before Finding element: By.xpath: //div[@class='spinner-inner']/parent::*/parent::div[contains(@class,'active')]
2020-08-12/16:58:16.070  INFO: listener.WebEventListener - Before Finding element: By.xpath: //div[@class='spinner-inner']/parent::*/parent::div[contains(@class,'active')]
228835 [main] INFO utilities.listener.WebEventListener  - Before Finding element: By.xpath: //div[@class='spinner-inner']/parent::*/parent::div[contains(@class,'active')]
2020-08-12/16:58:16.338  INFO: listener.WebEventListener - Before Finding element: By.xpath: //div[@class='spinner-inner']/parent::*/parent::div[contains(@class,'active')]
229103 [main] INFO utilities.listener.WebEventListener  - Before Finding element: By.xpath: //div[@class='spinner-inner']/parent::*/parent::div[contains(@class,'active')]
2020-08-12/16:58:16.608  INFO: listener.WebEventListener - Before Finding element: By.xpath: //div[@class='spinner-inner']/parent::*/parent::div[contains(@class,'active')]
229373 [main] INFO utilities.listener.WebEventListener  - Before Finding element: By.xpath: //div[@class='spinner-inner']/parent::*/parent::div[contains(@class,'active')]
2020-08-12/16:58:16.875  INFO: listener.WebEventListener - Before Finding element: By.xpath: //div[@class='spinner-inner']/parent::*/parent::div[contains(@class,'active')]
229640 [main] INFO utilities.listener.WebEventListener  - Before Finding element: By.xpath: //div[@class='spinner-inner']/parent::*/parent::div[contains(@class,'active')]
2020-08-12/16:58:17.157  INFO: listener.WebEventListener - Before Finding element: By.xpath: //div[@class='spinner-inner']/parent::*/parent::div[contains(@class,'active')]
229922 [main] INFO utilities.listener.WebEventListener  - Before Finding element: By.xpath: //div[@class='spinner-inner']/parent::*/parent::div[contains(@class,'active')]
2020-08-12/16:58:17.426  INFO: listener.WebEventListener - Before Finding element: By.xpath: //div[@class='spinner-inner']/parent::*/parent::div[contains(@class,'active')]
230191 [main] INFO utilities.listener.WebEventListener  - Before Finding element: By.xpath: //div[@class='spinner-inner']/parent::*/parent::div[contains(@class,'active')]
2020-08-12/16:58:17.695  INFO: listener.WebEventListener - Before Finding element: By.xpath: //div[@class='spinner-inner']/parent::*/parent::div[contains(@class,'active')]
230460 [main] INFO utilities.listener.WebEventListener  - Before Finding element: By.xpath: //div[@class='spinner-inner']/parent::*/parent::div[contains(@class,'active')]
2020-08-12/16:58:17.974  INFO: listener.WebEventListener - Before Finding element: By.xpath: //div[@class='spinner-inner']/parent::*/parent::div[contains(@class,'active')]
230739 [main] INFO utilities.listener.WebEventListener  - Before Finding element: By.xpath: //div[@class='spinner-inner']/parent::*/parent::div[contains(@class,'active')]
2020-08-12/16:58:18.248  INFO: listener.WebEventListener - Before Finding element: By.xpath: //div[@class='spinner-inner']/parent::*/parent::div[contains(@class,'active')]
231013 [main] INFO utilities.listener.WebEventListener  - Before Finding element: By.xpath: //div[@class='spinner-inner']/parent::*/parent::div[contains(@class,'active')]
2020-08-12/16:58:18.534  INFO: listener.WebEventListener - Before Finding element: By.xpath: //div[@class='spinner-inner']/parent::*/parent::div[contains(@class,'active')]
231299 [main] INFO utilities.listener.WebEventListener  - Before Finding element: By.xpath: //div[@class='spinner-inner']/parent::*/parent::div[contains(@class,'active')]
2020-08-12/16:58:18.802  INFO: listener.WebEventListener - Before Finding element: By.xpath: //div[@class='spinner-inner']/parent::*/parent::div[contains(@class,'active')]
231567 [main] INFO utilities.listener.WebEventListener  - Before Finding element: By.xpath: //div[@class='spinner-inner']/parent::*/parent::div[contains(@class,'active')]
2020-08-12/16:58:19.084  INFO: listener.WebEventListener - Before Finding element: By.xpath: //div[@class='spinner-inner']/parent::*/parent::div[contains(@class,'active')]
231849 [main] INFO utilities.listener.WebEventListener  - Before Finding element: By.xpath: //div[@class='spinner-inner']/parent::*/parent::div[contains(@class,'active')]
2020-08-12/16:58:19.372  INFO: listener.WebEventListener - Before Finding element: By.xpath: //div[@class='spinner-inner']/parent::*/parent::div[contains(@class,'active')]
232137 [main] INFO utilities.listener.WebEventListener  - Before Finding element: By.xpath: //div[@class='spinner-inner']/parent::*/parent::div[contains(@class,'active')]
2020-08-12/16:58:19.638  INFO: listener.WebEventListener - Before Finding element: By.xpath: //div[@class='spinner-inner']/parent::*/parent::div[contains(@class,'active')]
232403 [main] INFO utilities.listener.WebEventListener  - Before Finding element: By.xpath: //div[@class='spinner-inner']/parent::*/parent::div[contains(@class,'active')]
2020-08-12/16:58:19.905  INFO: listener.WebEventListener - Before Finding element: By.xpath: //div[@class='spinner-inner']/parent::*/parent::div[contains(@class,'active')]
232670 [main] INFO utilities.listener.WebEventListener  - Before Finding element: By.xpath: //div[@class='spinner-inner']/parent::*/parent::div[contains(@class,'active')]
2020-08-12/16:58:20.187  INFO: listener.WebEventListener - Before Finding element: By.xpath: //div[@class='spinner-inner']/parent::*/parent::div[contains(@class,'active')]
232952 [main] INFO utilities.listener.WebEventListener  - Before Finding element: By.xpath: //div[@class='spinner-inner']/parent::*/parent::div[contains(@class,'active')]
2020-08-12/16:58:20.469  INFO: listener.WebEventListener - Before Finding element: By.xpath: //div[@class='spinner-inner']/parent::*/parent::div[contains(@class,'active')]
233234 [main] INFO utilities.listener.WebEventListener  - Before Finding element: By.xpath: //div[@class='spinner-inner']/parent::*/parent::div[contains(@class,'active')]
2020-08-12/16:58:20.757  INFO: listener.WebEventListener - Before Finding element: By.xpath: //div[@class='spinner-inner']/parent::*/parent::div[contains(@class,'active')]
233522 [main] INFO utilities.listener.WebEventListener  - Before Finding element: By.xpath: //div[@class='spinner-inner']/parent::*/parent::div[contains(@class,'active')]
2020-08-12/16:58:21.024  INFO: listener.WebEventListener - Before Finding element: By.xpath: //div[@class='spinner-inner']/parent::*/parent::div[contains(@class,'active')]
233789 [main] INFO utilities.listener.WebEventListener  - Before Finding element: By.xpath: //div[@class='spinner-inner']/parent::*/parent::div[contains(@class,'active')]
2020-08-12/16:58:21.293  INFO: listener.WebEventListener - Before Finding element: By.xpath: //div[@class='spinner-inner']/parent::*/parent::div[contains(@class,'active')]
234058 [main] INFO utilities.listener.WebEventListener  - Before Finding element: By.xpath: //div[@class='spinner-inner']/parent::*/parent::div[contains(@class,'active')]
2020-08-12/16:58:21.571  INFO: listener.WebEventListener - Before Finding element: By.xpath: //div[@class='spinner-inner']/parent::*/parent::div[contains(@class,'active')]
234336 [main] INFO utilities.listener.WebEventListener  - Before Finding element: By.xpath: //div[@class='spinner-inner']/parent::*/parent::div[contains(@class,'active')]
2020-08-12/16:58:21.855  INFO: listener.WebEventListener - Before Finding element: By.xpath: //div[@class='spinner-inner']/parent::*/parent::div[contains(@class,'active')]
234620 [main] INFO utilities.listener.WebEventListener  - Before Finding element: By.xpath: //div[@class='spinner-inner']/parent::*/parent::div[contains(@class,'active')]
2020-08-12/16:58:22.128  INFO: listener.WebEventListener - Before Finding element: By.xpath: //div[@class='spinner-inner']/parent::*/parent::div[contains(@class,'active')]
234893 [main] INFO utilities.listener.WebEventListener  - Before Finding element: By.xpath: //div[@class='spinner-inner']/parent::*/parent::div[contains(@class,'active')]
2020-08-12/16:58:22.398  INFO: listener.WebEventListener - Before Finding element: By.xpath: //div[@class='spinner-inner']/parent::*/parent::div[contains(@class,'active')]
235163 [main] INFO utilities.listener.WebEventListener  - Before Finding element: By.xpath: //div[@class='spinner-inner']/parent::*/parent::div[contains(@class,'active')]
2020-08-12/16:58:22.680  INFO: listener.WebEventListener - Before Finding element: By.xpath: //div[@class='spinner-inner']/parent::*/parent::div[contains(@class,'active')]
235445 [main] INFO utilities.listener.WebEventListener  - Before Finding element: By.xpath: //div[@class='spinner-inner']/parent::*/parent::div[contains(@class,'active')]
2020-08-12/16:58:22.948  INFO: listener.WebEventListener - Before Finding element: By.xpath: //div[@class='spinner-inner']/parent::*/parent::div[contains(@class,'active')]
235713 [main] INFO utilities.listener.WebEventListener  - Before Finding element: By.xpath: //div[@class='spinner-inner']/parent::*/parent::div[contains(@class,'active')]
2020-08-12/16:58:23.242  INFO: listener.WebEventListener - Before Finding element: By.xpath: //div[@class='spinner-inner']/parent::*/parent::div[contains(@class,'active')]
236007 [main] INFO utilities.listener.WebEventListener  - Before Finding element: By.xpath: //div[@class='spinner-inner']/parent::*/parent::div[contains(@class,'active')]
2020-08-12/16:58:23.523  INFO: listener.WebEventListener - Before Finding element: By.xpath: //div[@class='spinner-inner']/parent::*/parent::div[contains(@class,'active')]
236288 [main] INFO utilities.listener.WebEventListener  - Before Finding element: By.xpath: //div[@class='spinner-inner']/parent::*/parent::div[contains(@class,'active')]
2020-08-12/16:58:23.797  INFO: listener.WebEventListener - Before Finding element: By.xpath: //div[@class='spinner-inner']/parent::*/parent::div[contains(@class,'active')]
236562 [main] INFO utilities.listener.WebEventListener  - Before Finding element: By.xpath: //div[@class='spinner-inner']/parent::*/parent::div[contains(@class,'active')]
2020-08-12/16:58:24.078  INFO: listener.WebEventListener - Before Finding element: By.xpath: //div[@class='spinner-inner']/parent::*/parent::div[contains(@class,'active')]
236843 [main] INFO utilities.listener.WebEventListener  - Before Finding element: By.xpath: //div[@class='spinner-inner']/parent::*/parent::div[contains(@class,'active')]
2020-08-12/16:58:24.345  INFO: listener.WebEventListener - Before Finding element: By.xpath: //div[@class='spinner-inner']/parent::*/parent::div[contains(@class,'active')]
237110 [main] INFO utilities.listener.WebEventListener  - Before Finding element: By.xpath: //div[@class='spinner-inner']/parent::*/parent::div[contains(@class,'active')]
2020-08-12/16:58:24.614  INFO: listener.WebEventListener - Before Finding element: By.xpath: //div[@class='spinner-inner']/parent::*/parent::div[contains(@class,'active')]
237379 [main] INFO utilities.listener.WebEventListener  - Before Finding element: By.xpath: //div[@class='spinner-inner']/parent::*/parent::div[contains(@class,'active')]
2020-08-12/16:58:24.883  INFO: listener.WebEventListener - Before Finding element: By.xpath: //div[@class='spinner-inner']/parent::*/parent::div[contains(@class,'active')]
237648 [main] INFO utilities.listener.WebEventListener  - Before Finding element: By.xpath: //div[@class='spinner-inner']/parent::*/parent::div[contains(@class,'active')]
2020-08-12/16:58:25.154  INFO: listener.WebEventListener - Before Finding element: By.xpath: //div[@class='spinner-inner']/parent::*/parent::div[contains(@class,'active')]
237919 [main] INFO utilities.listener.WebEventListener  - Before Finding element: By.xpath: //div[@class='spinner-inner']/parent::*/parent::div[contains(@class,'active')]
2020-08-12/16:58:25.434  INFO: listener.WebEventListener - Before Finding element: By.xpath: //div[@class='spinner-inner']/parent::*/parent::div[contains(@class,'active')]
238199 [main] INFO utilities.listener.WebEventListener  - Before Finding element: By.xpath: //div[@class='spinner-inner']/parent::*/parent::div[contains(@class,'active')]
2020-08-12/16:58:25.734  INFO: listener.WebEventListener - Before Finding element: By.xpath: //div[@class='spinner-inner']/parent::*/parent::div[contains(@class,'active')]
238499 [main] INFO utilities.listener.WebEventListener  - Before Finding element: By.xpath: //div[@class='spinner-inner']/parent::*/parent::div[contains(@class,'active')]
2020-08-12/16:58:26.002  INFO: listener.WebEventListener - Before Finding element: By.xpath: //div[@class='spinner-inner']/parent::*/parent::div[contains(@class,'active')]
238767 [main] INFO utilities.listener.WebEventListener  - Before Finding element: By.xpath: //div[@class='spinner-inner']/parent::*/parent::div[contains(@class,'active')]
2020-08-12/16:58:26.283  INFO: listener.WebEventListener - Before Finding element: By.xpath: //div[@class='spinner-inner']/parent::*/parent::div[contains(@class,'active')]
239048 [main] INFO utilities.listener.WebEventListener  - Before Finding element: By.xpath: //div[@class='spinner-inner']/parent::*/parent::div[contains(@class,'active')]
2020-08-12/16:58:26.553  INFO: listener.WebEventListener - Before Finding element: By.xpath: //div[@class='spinner-inner']/parent::*/parent::div[contains(@class,'active')]
239318 [main] INFO utilities.listener.WebEventListener  - Before Finding element: By.xpath: //div[@class='spinner-inner']/parent::*/parent::div[contains(@class,'active')]
2020-08-12/16:58:26.818  INFO: listener.WebEventListener - Before Finding element: By.xpath: //div[@class='spinner-inner']/parent::*/parent::div[contains(@class,'active')]
239583 [main] INFO utilities.listener.WebEventListener  - Before Finding element: By.xpath: //div[@class='spinner-inner']/parent::*/parent::div[contains(@class,'active')]
2020-08-12/16:58:27.083  INFO: listener.WebEventListener - Before Finding element: By.xpath: //div[@class='spinner-inner']/parent::*/parent::div[contains(@class,'active')]
239848 [main] INFO utilities.listener.WebEventListener  - Before Finding element: By.xpath: //div[@class='spinner-inner']/parent::*/parent::div[contains(@class,'active')]
2020-08-12/16:58:27.349  INFO: listener.WebEventListener - Before Finding element: By.xpath: //div[@class='spinner-inner']/parent::*/parent::div[contains(@class,'active')]
240114 [main] INFO utilities.listener.WebEventListener  - Before Finding element: By.xpath: //div[@class='spinner-inner']/parent::*/parent::div[contains(@class,'active')]
2020-08-12/16:58:27.631  INFO: listener.WebEventListener - Before Finding element: By.xpath: //div[@class='spinner-inner']/parent::*/parent::div[contains(@class,'active')]
240396 [main] INFO utilities.listener.WebEventListener  - Before Finding element: By.xpath: //div[@class='spinner-inner']/parent::*/parent::div[contains(@class,'active')]
2020-08-12/16:58:27.922  INFO: listener.WebEventListener - Before Finding element: By.xpath: //div[@class='spinner-inner']/parent::*/parent::div[contains(@class,'active')]
240687 [main] INFO utilities.listener.WebEventListener  - Before Finding element: By.xpath: //div[@class='spinner-inner']/parent::*/parent::div[contains(@class,'active')]
2020-08-12/16:58:28.206  INFO: listener.WebEventListener - Before Finding element: By.xpath: //div[@class='spinner-inner']/parent::*/parent::div[contains(@class,'active')]
240971 [main] INFO utilities.listener.WebEventListener  - Before Finding element: By.xpath: //div[@class='spinner-inner']/parent::*/parent::div[contains(@class,'active')]
2020-08-12/16:58:28.474  INFO: listener.WebEventListener - Before Finding element: By.xpath: //div[@class='spinner-inner']/parent::*/parent::div[contains(@class,'active')]
241239 [main] INFO utilities.listener.WebEventListener  - Before Finding element: By.xpath: //div[@class='spinner-inner']/parent::*/parent::div[contains(@class,'active')]
2020-08-12/16:58:28.751  INFO: listener.WebEventListener - Before Finding element: By.xpath: //div[@class='spinner-inner']/parent::*/parent::div[contains(@class,'active')]
241516 [main] INFO utilities.listener.WebEventListener  - Before Finding element: By.xpath: //div[@class='spinner-inner']/parent::*/parent::div[contains(@class,'active')]
2020-08-12/16:58:29.018  INFO: listener.WebEventListener - Before Finding element: By.xpath: //div[@class='spinner-inner']/parent::*/parent::div[contains(@class,'active')]
241783 [main] INFO utilities.listener.WebEventListener  - Before Finding element: By.xpath: //div[@class='spinner-inner']/parent::*/parent::div[contains(@class,'active')]
2020-08-12/16:58:29.300  INFO: listener.WebEventListener - Before Finding element: By.xpath: //div[@class='spinner-inner']/parent::*/parent::div[contains(@class,'active')]
242065 [main] INFO utilities.listener.WebEventListener  - Before Finding element: By.xpath: //div[@class='spinner-inner']/parent::*/parent::div[contains(@class,'active')]
2020-08-12/16:58:29.572  INFO: listener.WebEventListener - Before Finding element: By.xpath: //div[@class='spinner-inner']/parent::*/parent::div[contains(@class,'active')]
242337 [main] INFO utilities.listener.WebEventListener  - Before Finding element: By.xpath: //div[@class='spinner-inner']/parent::*/parent::div[contains(@class,'active')]
2020-08-12/16:58:29.842  INFO: listener.WebEventListener - Before Finding element: By.xpath: //div[@class='spinner-inner']/parent::*/parent::div[contains(@class,'active')]
242607 [main] INFO utilities.listener.WebEventListener  - Before Finding element: By.xpath: //div[@class='spinner-inner']/parent::*/parent::div[contains(@class,'active')]
2020-08-12/16:58:30.137  INFO: listener.WebEventListener - Before Finding element: By.xpath: //div[@class='spinner-inner']/parent::*/parent::div[contains(@class,'active')]
242902 [main] INFO utilities.listener.WebEventListener  - Before Finding element: By.xpath: //div[@class='spinner-inner']/parent::*/parent::div[contains(@class,'active')]
2020-08-12/16:58:30.406  INFO: listener.WebEventListener - Before Finding element: By.xpath: //div[@class='spinner-inner']/parent::*/parent::div[contains(@class,'active')]
243171 [main] INFO utilities.listener.WebEventListener  - Before Finding element: By.xpath: //div[@class='spinner-inner']/parent::*/parent::div[contains(@class,'active')]
2020-08-12/16:58:30.672  INFO: listener.WebEventListener - Before Finding element: By.xpath: //div[@class='spinner-inner']/parent::*/parent::div[contains(@class,'active')]
243437 [main] INFO utilities.listener.WebEventListener  - Before Finding element: By.xpath: //div[@class='spinner-inner']/parent::*/parent::div[contains(@class,'active')]
2020-08-12/16:58:30.955  INFO: listener.WebEventListener - Before Finding element: By.xpath: //div[@class='spinner-inner']/parent::*/parent::div[contains(@class,'active')]
243720 [main] INFO utilities.listener.WebEventListener  - Before Finding element: By.xpath: //div[@class='spinner-inner']/parent::*/parent::div[contains(@class,'active')]
I am in onTestFailure method doStarted failed
]]></system-out>
  </testcase>
</testsuite>