<?xml version="1.0" encoding="UTF-8"?>
<testsuite xmlns:xsi="http://www.w3.org/2001/XMLSchema-instance" xsi:noNamespaceSchemaLocation="https://maven.apache.org/surefire/maven-surefire-plugin/xsd/surefire-test-report-3.0.xsd" version="3.0" name="TestSuite" time="332.876" tests="5" errors="0" skipped="0" failures="2">
  <properties>
    <property name="sun.desktop" value="windows"/>
    <property name="awt.toolkit" value="sun.awt.windows.WToolkit"/>
    <property name="java.specification.version" value="11"/>
    <property name="webdriver.chrome.driver" value="C:\Users\nasreenk\.m2\repository\webdriver\chromedriver\win32\88.0.4324.96\chromedriver.exe"/>
    <property name="sun.cpu.isalist" value="amd64"/>
    <property name="sun.jnu.encoding" value="Cp1252"/>
    <property name="java.class.path" value="E:\InelliJ\SeleniumTestJavaArtifact2july\SeleniumTestJavaArtifact\target\test-classes;E:\InelliJ\SeleniumTestJavaArtifact2july\SeleniumTestJavaArtifact\target\classes;C:\Users\nasreenk\.m2\repository\io\github\bonigarcia\webdrivermanager\4.0.0\webdrivermanager-4.0.0.jar;C:\Users\nasreenk\.m2\repository\commons-io\commons-io\2.6\commons-io-2.6.jar;C:\Users\nasreenk\.m2\repository\com\google\code\gson\gson\2.8.6\gson-2.8.6.jar;C:\Users\nasreenk\.m2\repository\org\apache\commons\commons-lang3\3.10\commons-lang3-3.10.jar;C:\Users\nasreenk\.m2\repository\org\apache\httpcomponents\client5\httpclient5\5.0\httpclient5-5.0.jar;C:\Users\nasreenk\.m2\repository\org\apache\httpcomponents\core5\httpcore5\5.0\httpcore5-5.0.jar;C:\Users\nasreenk\.m2\repository\org\apache\httpcomponents\core5\httpcore5-h2\5.0\httpcore5-h2-5.0.jar;C:\Users\nasreenk\.m2\repository\commons-codec\commons-codec\1.13\commons-codec-1.13.jar;C:\Users\nasreenk\.m2\repository\org\rauschig\jarchivelib\1.0.0\jarchivelib-1.0.0.jar;C:\Users\nasreenk\.m2\repository\org\apache\commons\commons-compress\1.18\commons-compress-1.18.jar;C:\Users\nasreenk\.m2\repository\org\seleniumhq\selenium\selenium-java\3.141.59\selenium-java-3.141.59.jar;C:\Users\nasreenk\.m2\repository\org\seleniumhq\selenium\selenium-api\3.141.59\selenium-api-3.141.59.jar;C:\Users\nasreenk\.m2\repository\org\seleniumhq\selenium\selenium-chrome-driver\3.141.59\selenium-chrome-driver-3.141.59.jar;C:\Users\nasreenk\.m2\repository\org\seleniumhq\selenium\selenium-edge-driver\3.141.59\selenium-edge-driver-3.141.59.jar;C:\Users\nasreenk\.m2\repository\org\seleniumhq\selenium\selenium-firefox-driver\3.141.59\selenium-firefox-driver-3.141.59.jar;C:\Users\nasreenk\.m2\repository\org\seleniumhq\selenium\selenium-ie-driver\3.141.59\selenium-ie-driver-3.141.59.jar;C:\Users\nasreenk\.m2\repository\org\seleniumhq\selenium\selenium-opera-driver\3.141.59\selenium-opera-driver-3.141.59.jar;C:\Users\nasreenk\.m2\repository\org\seleniumhq\selenium\selenium-remote-driver\3.141.59\selenium-remote-driver-3.141.59.jar;C:\Users\nasreenk\.m2\repository\org\seleniumhq\selenium\selenium-safari-driver\3.141.59\selenium-safari-driver-3.141.59.jar;C:\Users\nasreenk\.m2\repository\org\seleniumhq\selenium\selenium-support\3.141.59\selenium-support-3.141.59.jar;C:\Users\nasreenk\.m2\repository\net\bytebuddy\byte-buddy\1.8.15\byte-buddy-1.8.15.jar;C:\Users\nasreenk\.m2\repository\org\apache\commons\commons-exec\1.3\commons-exec-1.3.jar;C:\Users\nasreenk\.m2\repository\com\google\guava\guava\25.0-jre\guava-25.0-jre.jar;C:\Users\nasreenk\.m2\repository\org\checkerframework\checker-compat-qual\2.0.0\checker-compat-qual-2.0.0.jar;C:\Users\nasreenk\.m2\repository\com\google\errorprone\error_prone_annotations\2.1.3\error_prone_annotations-2.1.3.jar;C:\Users\nasreenk\.m2\repository\com\google\j2objc\j2objc-annotations\1.1\j2objc-annotations-1.1.jar;C:\Users\nasreenk\.m2\repository\org\codehaus\mojo\animal-sniffer-annotations\1.14\animal-sniffer-annotations-1.14.jar;C:\Users\nasreenk\.m2\repository\com\squareup\okhttp3\okhttp\3.11.0\okhttp-3.11.0.jar;C:\Users\nasreenk\.m2\repository\com\squareup\okio\okio\1.14.0\okio-1.14.0.jar;C:\Users\nasreenk\.m2\repository\org\testng\testng\7.1.0\testng-7.1.0.jar;C:\Users\nasreenk\.m2\repository\com\beust\jcommander\1.72\jcommander-1.72.jar;C:\Users\nasreenk\.m2\repository\com\google\inject\guice\4.1.0\guice-4.1.0-no_aop.jar;C:\Users\nasreenk\.m2\repository\javax\inject\javax.inject\1\javax.inject-1.jar;C:\Users\nasreenk\.m2\repository\aopalliance\aopalliance\1.0\aopalliance-1.0.jar;C:\Users\nasreenk\.m2\repository\org\yaml\snakeyaml\1.21\snakeyaml-1.21.jar;C:\Users\nasreenk\.m2\repository\com\codoid\products\fillo\1.21\fillo-1.21.jar;C:\Users\nasreenk\.m2\repository\org\testng\reportng\1.2.2\reportng-1.2.2.jar;C:\Users\nasreenk\.m2\repository\org\freemarker\freemarker\2.3.28\freemarker-2.3.28.jar;C:\Users\nasreenk\.m2\repository\com\google\inject\guice\4.2.0\guice-4.2.0.jar;C:\Users\nasreenk\.m2\repository\io\qameta\allure\allure-testng\2.13.2\allure-testng-2.13.2.jar;C:\Users\nasreenk\.m2\repository\io\qameta\allure\allure-java-commons\2.13.2\allure-java-commons-2.13.2.jar;C:\Users\nasreenk\.m2\repository\io\qameta\allure\allure-model\2.13.2\allure-model-2.13.2.jar;C:\Users\nasreenk\.m2\repository\com\fasterxml\jackson\core\jackson-databind\2.9.8\jackson-databind-2.9.8.jar;C:\Users\nasreenk\.m2\repository\com\fasterxml\jackson\core\jackson-annotations\2.9.0\jackson-annotations-2.9.0.jar;C:\Users\nasreenk\.m2\repository\com\fasterxml\jackson\core\jackson-core\2.9.8\jackson-core-2.9.8.jar;C:\Users\nasreenk\.m2\repository\org\apache\tika\tika-core\1.20\tika-core-1.20.jar;C:\Users\nasreenk\.m2\repository\org\jooq\joor-java-8\0.9.10\joor-java-8-0.9.10.jar;C:\Users\nasreenk\.m2\repository\com\aventstack\extentreports\4.1.3\extentreports-4.1.3.jar;C:\Users\nasreenk\.m2\repository\org\apache\httpcomponents\httpclient\4.5.2\httpclient-4.5.2.jar;C:\Users\nasreenk\.m2\repository\org\apache\httpcomponents\httpcore\4.4.4\httpcore-4.4.4.jar;C:\Users\nasreenk\.m2\repository\commons-logging\commons-logging\1.2\commons-logging-1.2.jar;C:\Users\nasreenk\.m2\repository\org\apache\httpcomponents\httpmime\4.5.2\httpmime-4.5.2.jar;C:\Users\nasreenk\.m2\repository\org\mongodb\mongodb-driver\3.12.0\mongodb-driver-3.12.0.jar;C:\Users\nasreenk\.m2\repository\org\mongodb\mongodb-driver-core\3.12.0\mongodb-driver-core-3.12.0.jar;C:\Users\nasreenk\.m2\repository\org\mongodb\bson\3.12.0\bson-3.12.0.jar;C:\Users\nasreenk\.m2\repository\com\sun\mail\javax.mail\1.6.2\javax.mail-1.6.2.jar;C:\Users\nasreenk\.m2\repository\javax\activation\activation\1.1\activation-1.1.jar;C:\Users\nasreenk\.m2\repository\org\jsoup\jsoup\1.12.1\jsoup-1.12.1.jar;C:\Users\nasreenk\.m2\repository\com\google\code\findbugs\jsr305\3.0.2\jsr305-3.0.2.jar;C:\Users\nasreenk\.m2\repository\org\slf4j\slf4j-api\1.7.30\slf4j-api-1.7.30.jar;C:\Users\nasreenk\.m2\repository\org\slf4j\slf4j-log4j12\1.7.30\slf4j-log4j12-1.7.30.jar;C:\Users\nasreenk\.m2\repository\log4j\log4j\1.2.17\log4j-1.2.17.jar;C:\Users\nasreenk\.m2\repository\org\apache\logging\log4j\log4j-core\2.13.2\log4j-core-2.13.2.jar;C:\Users\nasreenk\.m2\repository\org\apache\logging\log4j\log4j-api\2.13.2\log4j-api-2.13.2.jar;C:\Users\nasreenk\.m2\repository\net\sourceforge\csvjdbc\csvjdbc\1.0.36\csvjdbc-1.0.36.jar;"/>
    <property name="java.vm.vendor" value="Oracle Corporation"/>
    <property name="sun.arch.data.model" value="64"/>
    <property name="user.variant" value=""/>
    <property name="java.vendor.url" value="https://openjdk.java.net/"/>
    <property name="user.timezone" value="Africa/Harare"/>
    <property name="java.vm.specification.version" value="11"/>
    <property name="os.name" value="Windows 10"/>
    <property name="sun.java.launcher" value="SUN_STANDARD"/>
    <property name="user.country" value="IN"/>
    <property name="sun.boot.library.path" value="C:\Program Files\Java\jdk-11.0.7\bin"/>
    <property name="sun.java.command" value="C:\Users\nasreenk\AppData\Local\Temp\surefire18270473742757625880\surefirebooter11020646460203946814.jar C:\Users\nasreenk\AppData\Local\Temp\surefire18270473742757625880 2021-02-26T09-41-07_949-jvmRun1 surefire9584815423260890210tmp surefire_04952891489437746274tmp"/>
    <property name="jdk.debug" value="release"/>
    <property name="surefire.test.class.path" value="E:\InelliJ\SeleniumTestJavaArtifact2july\SeleniumTestJavaArtifact\target\test-classes;E:\InelliJ\SeleniumTestJavaArtifact2july\SeleniumTestJavaArtifact\target\classes;C:\Users\nasreenk\.m2\repository\io\github\bonigarcia\webdrivermanager\4.0.0\webdrivermanager-4.0.0.jar;C:\Users\nasreenk\.m2\repository\commons-io\commons-io\2.6\commons-io-2.6.jar;C:\Users\nasreenk\.m2\repository\com\google\code\gson\gson\2.8.6\gson-2.8.6.jar;C:\Users\nasreenk\.m2\repository\org\apache\commons\commons-lang3\3.10\commons-lang3-3.10.jar;C:\Users\nasreenk\.m2\repository\org\apache\httpcomponents\client5\httpclient5\5.0\httpclient5-5.0.jar;C:\Users\nasreenk\.m2\repository\org\apache\httpcomponents\core5\httpcore5\5.0\httpcore5-5.0.jar;C:\Users\nasreenk\.m2\repository\org\apache\httpcomponents\core5\httpcore5-h2\5.0\httpcore5-h2-5.0.jar;C:\Users\nasreenk\.m2\repository\commons-codec\commons-codec\1.13\commons-codec-1.13.jar;C:\Users\nasreenk\.m2\repository\org\rauschig\jarchivelib\1.0.0\jarchivelib-1.0.0.jar;C:\Users\nasreenk\.m2\repository\org\apache\commons\commons-compress\1.18\commons-compress-1.18.jar;C:\Users\nasreenk\.m2\repository\org\seleniumhq\selenium\selenium-java\3.141.59\selenium-java-3.141.59.jar;C:\Users\nasreenk\.m2\repository\org\seleniumhq\selenium\selenium-api\3.141.59\selenium-api-3.141.59.jar;C:\Users\nasreenk\.m2\repository\org\seleniumhq\selenium\selenium-chrome-driver\3.141.59\selenium-chrome-driver-3.141.59.jar;C:\Users\nasreenk\.m2\repository\org\seleniumhq\selenium\selenium-edge-driver\3.141.59\selenium-edge-driver-3.141.59.jar;C:\Users\nasreenk\.m2\repository\org\seleniumhq\selenium\selenium-firefox-driver\3.141.59\selenium-firefox-driver-3.141.59.jar;C:\Users\nasreenk\.m2\repository\org\seleniumhq\selenium\selenium-ie-driver\3.141.59\selenium-ie-driver-3.141.59.jar;C:\Users\nasreenk\.m2\repository\org\seleniumhq\selenium\selenium-opera-driver\3.141.59\selenium-opera-driver-3.141.59.jar;C:\Users\nasreenk\.m2\repository\org\seleniumhq\selenium\selenium-remote-driver\3.141.59\selenium-remote-driver-3.141.59.jar;C:\Users\nasreenk\.m2\repository\org\seleniumhq\selenium\selenium-safari-driver\3.141.59\selenium-safari-driver-3.141.59.jar;C:\Users\nasreenk\.m2\repository\org\seleniumhq\selenium\selenium-support\3.141.59\selenium-support-3.141.59.jar;C:\Users\nasreenk\.m2\repository\net\bytebuddy\byte-buddy\1.8.15\byte-buddy-1.8.15.jar;C:\Users\nasreenk\.m2\repository\org\apache\commons\commons-exec\1.3\commons-exec-1.3.jar;C:\Users\nasreenk\.m2\repository\com\google\guava\guava\25.0-jre\guava-25.0-jre.jar;C:\Users\nasreenk\.m2\repository\org\checkerframework\checker-compat-qual\2.0.0\checker-compat-qual-2.0.0.jar;C:\Users\nasreenk\.m2\repository\com\google\errorprone\error_prone_annotations\2.1.3\error_prone_annotations-2.1.3.jar;C:\Users\nasreenk\.m2\repository\com\google\j2objc\j2objc-annotations\1.1\j2objc-annotations-1.1.jar;C:\Users\nasreenk\.m2\repository\org\codehaus\mojo\animal-sniffer-annotations\1.14\animal-sniffer-annotations-1.14.jar;C:\Users\nasreenk\.m2\repository\com\squareup\okhttp3\okhttp\3.11.0\okhttp-3.11.0.jar;C:\Users\nasreenk\.m2\repository\com\squareup\okio\okio\1.14.0\okio-1.14.0.jar;C:\Users\nasreenk\.m2\repository\org\testng\testng\7.1.0\testng-7.1.0.jar;C:\Users\nasreenk\.m2\repository\com\beust\jcommander\1.72\jcommander-1.72.jar;C:\Users\nasreenk\.m2\repository\com\google\inject\guice\4.1.0\guice-4.1.0-no_aop.jar;C:\Users\nasreenk\.m2\repository\javax\inject\javax.inject\1\javax.inject-1.jar;C:\Users\nasreenk\.m2\repository\aopalliance\aopalliance\1.0\aopalliance-1.0.jar;C:\Users\nasreenk\.m2\repository\org\yaml\snakeyaml\1.21\snakeyaml-1.21.jar;C:\Users\nasreenk\.m2\repository\com\codoid\products\fillo\1.21\fillo-1.21.jar;C:\Users\nasreenk\.m2\repository\org\testng\reportng\1.2.2\reportng-1.2.2.jar;C:\Users\nasreenk\.m2\repository\org\freemarker\freemarker\2.3.28\freemarker-2.3.28.jar;C:\Users\nasreenk\.m2\repository\com\google\inject\guice\4.2.0\guice-4.2.0.jar;C:\Users\nasreenk\.m2\repository\io\qameta\allure\allure-testng\2.13.2\allure-testng-2.13.2.jar;C:\Users\nasreenk\.m2\repository\io\qameta\allure\allure-java-commons\2.13.2\allure-java-commons-2.13.2.jar;C:\Users\nasreenk\.m2\repository\io\qameta\allure\allure-model\2.13.2\allure-model-2.13.2.jar;C:\Users\nasreenk\.m2\repository\com\fasterxml\jackson\core\jackson-databind\2.9.8\jackson-databind-2.9.8.jar;C:\Users\nasreenk\.m2\repository\com\fasterxml\jackson\core\jackson-annotations\2.9.0\jackson-annotations-2.9.0.jar;C:\Users\nasreenk\.m2\repository\com\fasterxml\jackson\core\jackson-core\2.9.8\jackson-core-2.9.8.jar;C:\Users\nasreenk\.m2\repository\org\apache\tika\tika-core\1.20\tika-core-1.20.jar;C:\Users\nasreenk\.m2\repository\org\jooq\joor-java-8\0.9.10\joor-java-8-0.9.10.jar;C:\Users\nasreenk\.m2\repository\com\aventstack\extentreports\4.1.3\extentreports-4.1.3.jar;C:\Users\nasreenk\.m2\repository\org\apache\httpcomponents\httpclient\4.5.2\httpclient-4.5.2.jar;C:\Users\nasreenk\.m2\repository\org\apache\httpcomponents\httpcore\4.4.4\httpcore-4.4.4.jar;C:\Users\nasreenk\.m2\repository\commons-logging\commons-logging\1.2\commons-logging-1.2.jar;C:\Users\nasreenk\.m2\repository\org\apache\httpcomponents\httpmime\4.5.2\httpmime-4.5.2.jar;C:\Users\nasreenk\.m2\repository\org\mongodb\mongodb-driver\3.12.0\mongodb-driver-3.12.0.jar;C:\Users\nasreenk\.m2\repository\org\mongodb\mongodb-driver-core\3.12.0\mongodb-driver-core-3.12.0.jar;C:\Users\nasreenk\.m2\repository\org\mongodb\bson\3.12.0\bson-3.12.0.jar;C:\Users\nasreenk\.m2\repository\com\sun\mail\javax.mail\1.6.2\javax.mail-1.6.2.jar;C:\Users\nasreenk\.m2\repository\javax\activation\activation\1.1\activation-1.1.jar;C:\Users\nasreenk\.m2\repository\org\jsoup\jsoup\1.12.1\jsoup-1.12.1.jar;C:\Users\nasreenk\.m2\repository\com\google\code\findbugs\jsr305\3.0.2\jsr305-3.0.2.jar;C:\Users\nasreenk\.m2\repository\org\slf4j\slf4j-api\1.7.30\slf4j-api-1.7.30.jar;C:\Users\nasreenk\.m2\repository\org\slf4j\slf4j-log4j12\1.7.30\slf4j-log4j12-1.7.30.jar;C:\Users\nasreenk\.m2\repository\log4j\log4j\1.2.17\log4j-1.2.17.jar;C:\Users\nasreenk\.m2\repository\org\apache\logging\log4j\log4j-core\2.13.2\log4j-core-2.13.2.jar;C:\Users\nasreenk\.m2\repository\org\apache\logging\log4j\log4j-api\2.13.2\log4j-api-2.13.2.jar;C:\Users\nasreenk\.m2\repository\net\sourceforge\csvjdbc\csvjdbc\1.0.36\csvjdbc-1.0.36.jar;"/>
    <property name="sun.cpu.endian" value="little"/>
    <property name="user.home" value="C:\Users\nasreenk"/>
    <property name="user.language" value="en"/>
    <property name="java.specification.vendor" value="Oracle Corporation"/>
    <property name="java.version.date" value="2020-04-14"/>
    <property name="java.home" value="C:\Program Files\Java\jdk-11.0.7"/>
    <property name="file.separator" value="\"/>
    <property name="basedir" value="E:\InelliJ\SeleniumTestJavaArtifact2july\SeleniumTestJavaArtifact"/>
    <property name="java.vm.compressedOopsMode" value="32-bit"/>
    <property name="line.separator" value="&#10;"/>
    <property name="filename" value="utilities.listener.WebEventListener"/>
    <property name="java.specification.name" value="Java Platform API Specification"/>
    <property name="java.vm.specification.vendor" value="Oracle Corporation"/>
    <property name="java.awt.graphicsenv" value="sun.awt.Win32GraphicsEnvironment"/>
    <property name="idea.version2020.1.1" value="true"/>
    <property name="surefire.real.class.path" value="C:\Users\nasreenk\AppData\Local\Temp\surefire18270473742757625880\surefirebooter11020646460203946814.jar"/>
    <property name="user.script" value=""/>
    <property name="sun.management.compiler" value="HotSpot 64-Bit Tiered Compilers"/>
    <property name="java.runtime.version" value="11.0.7+8-LTS"/>
    <property name="user.name" value="Nasreenk"/>
    <property name="path.separator" value=";"/>
    <property name="os.version" value="10.0"/>
    <property name="java.runtime.name" value="Java(TM) SE Runtime Environment"/>
    <property name="file.encoding" value="Cp1252"/>
    <property name="java.vm.name" value="Java HotSpot(TM) 64-Bit Server VM"/>
    <property name="java.vendor.version" value="18.9"/>
    <property name="localRepository" value="C:\Users\nasreenk\.m2\repository"/>
    <property name="java.vendor.url.bug" value="https://bugreport.java.com/bugreport/"/>
    <property name="java.io.tmpdir" value="C:\Users\nasreenk\AppData\Local\Temp\"/>
    <property name="java.version" value="11.0.7"/>
    <property name="user.dir" value="E:\InelliJ\SeleniumTestJavaArtifact2july\SeleniumTestJavaArtifact"/>
    <property name="os.arch" value="amd64"/>
    <property name="java.vm.specification.name" value="Java Virtual Machine Specification"/>
    <property name="java.awt.printerjob" value="sun.awt.windows.WPrinterJob"/>
    <property name="sun.os.patch.level" value=""/>
    <property name="java.library.path" value="C:\Program Files\Java\jdk-11.0.7\bin;C:\WINDOWS\Sun\Java\bin;C:\WINDOWS\system32;C:\WINDOWS;C:\ProgramData\Oracle\Java\javapath;C:\WINDOWS\system32;C:\WINDOWS;C:\Users\AditiB\AppData\Roaming\npm;%AppData%\npm;C:\Program Files\nodejs\;C:\WINDOWS\System32\Wbem;C:\WINDOWS\System32\WindowsPowerShell\v1.0\;C:\Program Files (x86)\Bitvise SSH Client;C:\WINDOWS\System32\OpenSSH\;C:\Program Files\Geth;C:\Program Files\Git\cmd;C:\Python27;C:\Go\bin;C:\Program Files\PuTTY\;C:\Program Files\Java\nssm-2.24\nssm-2.24\win64;C:\Program Files (x86)\Java\jdk1.8.0_25\bin;C:\Program Files (x86)\Java\jre1.8.0_25\bin;C:\android-sdk\platform-tools;C:\android-sdk\tools;E:\jmeter\apache-jmeter-5.2.1\bin;C:\Users\nasreenk\scoop\shims;C:\Program Files\Java\jdk-13.0.2\bin;C:\Program Files (x86)\Sophos\Sophos SSL VPN Client\bin;."/>
    <property name="java.vendor" value="Oracle Corporation"/>
    <property name="java.vm.info" value="mixed mode"/>
    <property name="java.vm.version" value="11.0.7+8-LTS"/>
    <property name="sun.io.unicode.encoding" value="UnicodeLittle"/>
    <property name="java.class.version" value="55.0"/>
  </properties>
  <testcase name="signIn" classname="pages.LoginPageTest" time="12.73"/>
  <testcase name="clickOnConsignment" classname="pages.TestPageConsinment" time="31.569"/>
  <testcase name="clickOnAccordian" classname="pages.TestPageConsinment" time="6.859"/>
  <testcase name="verifyValueStepperIsNotPresentOnSelectionOfDoc" classname="pages.TestPageConsinment" time="55.931">
    <failure message="stale element reference: element is not attached to the page document&#10;  (Session info: chrome=88.0.4324.182)&#10;For documentation on this error, please visit: https://www.seleniumhq.org/exceptions/stale_element_reference.html&#10;Build info: version: &apos;3.141.59&apos;, revision: &apos;e82be7d358&apos;, time: &apos;2018-11-14T08:17:03&apos;&#10;System info: host: &apos;WJLP-1098&apos;, ip: &apos;192.168.65.1&apos;, os.name: &apos;Windows 10&apos;, os.arch: &apos;amd64&apos;, os.version: &apos;10.0&apos;, java.version: &apos;11.0.7&apos;&#10;Driver info: org.openqa.selenium.chrome.ChromeDriver&#10;Capabilities {acceptInsecureCerts: false, browserName: chrome, browserVersion: 88.0.4324.182, chrome: {chromedriverVersion: 88.0.4324.96 (68dba2d8a0b14..., userDataDir: C:\Users\nasreenk\AppData\L...}, goog:chromeOptions: {debuggerAddress: localhost:52879}, javascriptEnabled: true, networkConnectionEnabled: false, pageLoadStrategy: none, platform: WINDOWS, platformName: WINDOWS, proxy: Proxy(), setWindowRect: true, strictFileInteractability: false, timeouts: {implicit: 0, pageLoad: 300000, script: 30000}, unhandledPromptBehavior: dismiss and notify, webauthn:extension:largeBlob: true, webauthn:virtualAuthenticators: true}&#10;Session ID: 3ed1d3c7d8720aa8497e2a0e3243b8d6" type="org.openqa.selenium.StaleElementReferenceException"><![CDATA[org.openqa.selenium.StaleElementReferenceException: 
stale element reference: element is not attached to the page document
  (Session info: chrome=88.0.4324.182)
For documentation on this error, please visit: https://www.seleniumhq.org/exceptions/stale_element_reference.html
Build info: version: '3.141.59', revision: 'e82be7d358', time: '2018-11-14T08:17:03'
System info: host: 'WJLP-1098', ip: '192.168.65.1', os.name: 'Windows 10', os.arch: 'amd64', os.version: '10.0', java.version: '11.0.7'
Driver info: org.openqa.selenium.chrome.ChromeDriver
Capabilities {acceptInsecureCerts: false, browserName: chrome, browserVersion: 88.0.4324.182, chrome: {chromedriverVersion: 88.0.4324.96 (68dba2d8a0b14..., userDataDir: C:\Users\nasreenk\AppData\L...}, goog:chromeOptions: {debuggerAddress: localhost:52879}, javascriptEnabled: true, networkConnectionEnabled: false, pageLoadStrategy: none, platform: WINDOWS, platformName: WINDOWS, proxy: Proxy(), setWindowRect: true, strictFileInteractability: false, timeouts: {implicit: 0, pageLoad: 300000, script: 30000}, unhandledPromptBehavior: dismiss and notify, webauthn:extension:largeBlob: true, webauthn:virtualAuthenticators: true}
Session ID: 3ed1d3c7d8720aa8497e2a0e3243b8d6
	at pages.TestPageConsinment.verifyValueStepperIsNotPresentOnSelectionOfDoc(TestPageConsinment.java:68)
]]></failure>
    <system-out><![CDATA[I am in onTestStart method verifyValueStepperIsNotPresentOnSelectionOfDoc start
2021-02-26/09:42:37.184  INFO: listener.WebEventListener - Before Finding element: By.xpath: //div[@class='spinner-inner']/parent::*/parent::div[contains(@class,'active')]
79740 [main] INFO utilities.listener.WebEventListener  - Before Finding element: By.xpath: //div[@class='spinner-inner']/parent::*/parent::div[contains(@class,'active')]
2021-02-26/09:42:37.237  INFO: listener.WebEventListener - Before Finding element: By.xpath: //div[@class='spinner-inner']/parent::*/parent::div[contains(@class,'active')]
79793 [main] INFO utilities.listener.WebEventListener  - Before Finding element: By.xpath: //div[@class='spinner-inner']/parent::*/parent::div[contains(@class,'active')]
2021-02-26/09:42:37.535  INFO: listener.WebEventListener - Before Finding element: By.xpath: //div[@class='spinner-inner']/parent::*/parent::div[contains(@class,'active')]
80091 [main] INFO utilities.listener.WebEventListener  - Before Finding element: By.xpath: //div[@class='spinner-inner']/parent::*/parent::div[contains(@class,'active')]
2021-02-26/09:42:37.821  INFO: listener.WebEventListener - Before Finding element: By.xpath: //div[@class='spinner-inner']/parent::*/parent::div[contains(@class,'active')]
80377 [main] INFO utilities.listener.WebEventListener  - Before Finding element: By.xpath: //div[@class='spinner-inner']/parent::*/parent::div[contains(@class,'active')]
2021-02-26/09:42:38.102  INFO: listener.WebEventListener - Before Finding element: By.xpath: //div[@class='spinner-inner']/parent::*/parent::div[contains(@class,'active')]
80658 [main] INFO utilities.listener.WebEventListener  - Before Finding element: By.xpath: //div[@class='spinner-inner']/parent::*/parent::div[contains(@class,'active')]
2021-02-26/09:42:38.386  INFO: listener.WebEventListener - Before Finding element: By.xpath: //div[@class='spinner-inner']/parent::*/parent::div[contains(@class,'active')]
80942 [main] INFO utilities.listener.WebEventListener  - Before Finding element: By.xpath: //div[@class='spinner-inner']/parent::*/parent::div[contains(@class,'active')]
2021-02-26/09:42:38.684  INFO: listener.WebEventListener - Before Finding element: By.xpath: //div[@class='spinner-inner']/parent::*/parent::div[contains(@class,'active')]
81240 [main] INFO utilities.listener.WebEventListener  - Before Finding element: By.xpath: //div[@class='spinner-inner']/parent::*/parent::div[contains(@class,'active')]
2021-02-26/09:42:38.969  INFO: listener.WebEventListener - Before Finding element: By.xpath: //div[@class='spinner-inner']/parent::*/parent::div[contains(@class,'active')]
81525 [main] INFO utilities.listener.WebEventListener  - Before Finding element: By.xpath: //div[@class='spinner-inner']/parent::*/parent::div[contains(@class,'active')]
2021-02-26/09:42:39.243  INFO: listener.WebEventListener - Before Finding element: By.xpath: //div[@class='spinner-inner']/parent::*/parent::div[contains(@class,'active')]
81799 [main] INFO utilities.listener.WebEventListener  - Before Finding element: By.xpath: //div[@class='spinner-inner']/parent::*/parent::div[contains(@class,'active')]
2021-02-26/09:42:39.533  INFO: listener.WebEventListener - Before Finding element: By.xpath: //div[@class='spinner-inner']/parent::*/parent::div[contains(@class,'active')]
82089 [main] INFO utilities.listener.WebEventListener  - Before Finding element: By.xpath: //div[@class='spinner-inner']/parent::*/parent::div[contains(@class,'active')]
2021-02-26/09:42:39.808  INFO: listener.WebEventListener - Before Finding element: By.xpath: //div[@class='spinner-inner']/parent::*/parent::div[contains(@class,'active')]
82364 [main] INFO utilities.listener.WebEventListener  - Before Finding element: By.xpath: //div[@class='spinner-inner']/parent::*/parent::div[contains(@class,'active')]
2021-02-26/09:42:40.079  INFO: listener.WebEventListener - Before Finding element: By.xpath: //div[@class='spinner-inner']/parent::*/parent::div[contains(@class,'active')]
82635 [main] INFO utilities.listener.WebEventListener  - Before Finding element: By.xpath: //div[@class='spinner-inner']/parent::*/parent::div[contains(@class,'active')]
2021-02-26/09:42:40.348  INFO: listener.WebEventListener - Before Finding element: By.xpath: //div[@class='spinner-inner']/parent::*/parent::div[contains(@class,'active')]
82904 [main] INFO utilities.listener.WebEventListener  - Before Finding element: By.xpath: //div[@class='spinner-inner']/parent::*/parent::div[contains(@class,'active')]
2021-02-26/09:42:40.619  INFO: listener.WebEventListener - Before Finding element: By.xpath: //div[@class='spinner-inner']/parent::*/parent::div[contains(@class,'active')]
83175 [main] INFO utilities.listener.WebEventListener  - Before Finding element: By.xpath: //div[@class='spinner-inner']/parent::*/parent::div[contains(@class,'active')]
2021-02-26/09:42:40.909  INFO: listener.WebEventListener - Before Finding element: By.xpath: //div[@class='spinner-inner']/parent::*/parent::div[contains(@class,'active')]
83465 [main] INFO utilities.listener.WebEventListener  - Before Finding element: By.xpath: //div[@class='spinner-inner']/parent::*/parent::div[contains(@class,'active')]
2021-02-26/09:42:41.183  INFO: listener.WebEventListener - Before Finding element: By.xpath: //div[@class='spinner-inner']/parent::*/parent::div[contains(@class,'active')]
83739 [main] INFO utilities.listener.WebEventListener  - Before Finding element: By.xpath: //div[@class='spinner-inner']/parent::*/parent::div[contains(@class,'active')]
2021-02-26/09:42:41.474  INFO: listener.WebEventListener - Before Finding element: By.xpath: //div[@class='spinner-inner']/parent::*/parent::div[contains(@class,'active')]
84030 [main] INFO utilities.listener.WebEventListener  - Before Finding element: By.xpath: //div[@class='spinner-inner']/parent::*/parent::div[contains(@class,'active')]
2021-02-26/09:42:41.759  INFO: listener.WebEventListener - Before Finding element: By.xpath: //div[@class='spinner-inner']/parent::*/parent::div[contains(@class,'active')]
84315 [main] INFO utilities.listener.WebEventListener  - Before Finding element: By.xpath: //div[@class='spinner-inner']/parent::*/parent::div[contains(@class,'active')]
2021-02-26/09:42:42.031  INFO: listener.WebEventListener - Before Finding element: By.xpath: //div[@class='spinner-inner']/parent::*/parent::div[contains(@class,'active')]
84587 [main] INFO utilities.listener.WebEventListener  - Before Finding element: By.xpath: //div[@class='spinner-inner']/parent::*/parent::div[contains(@class,'active')]
2021-02-26/09:42:42.306  INFO: listener.WebEventListener - Before Finding element: By.xpath: //div[@class='spinner-inner']/parent::*/parent::div[contains(@class,'active')]
84862 [main] INFO utilities.listener.WebEventListener  - Before Finding element: By.xpath: //div[@class='spinner-inner']/parent::*/parent::div[contains(@class,'active')]
2021-02-26/09:42:42.611  INFO: listener.WebEventListener - Before Finding element: By.xpath: //div[@class='spinner-inner']/parent::*/parent::div[contains(@class,'active')]
85167 [main] INFO utilities.listener.WebEventListener  - Before Finding element: By.xpath: //div[@class='spinner-inner']/parent::*/parent::div[contains(@class,'active')]
2021-02-26/09:42:42.888  INFO: listener.WebEventListener - Before Finding element: By.xpath: //div[@class='spinner-inner']/parent::*/parent::div[contains(@class,'active')]
85444 [main] INFO utilities.listener.WebEventListener  - Before Finding element: By.xpath: //div[@class='spinner-inner']/parent::*/parent::div[contains(@class,'active')]
2021-02-26/09:42:44.531  INFO: listener.WebEventListener - Before Finding element: By.xpath: //div[@class='spinner-inner']/parent::*/parent::div[contains(@class,'active')]
87087 [main] INFO utilities.listener.WebEventListener  - Before Finding element: By.xpath: //div[@class='spinner-inner']/parent::*/parent::div[contains(@class,'active')]
xpath locatorType
//div[@class='spinner-inner']/parent::*/parent::div[contains(@class,'active')] locatorPath
2021-02-26/09:42:44.597  INFO: listener.WebEventListener - Before Finding element: By.xpath: //div[@class='spinner-inner']/parent::*/parent::div[contains(@class,'active')]
87153 [main] INFO utilities.listener.WebEventListener  - Before Finding element: By.xpath: //div[@class='spinner-inner']/parent::*/parent::div[contains(@class,'active')]
2021-02-26/09:42:45.792  INFO: listener.WebEventListener - Before Finding element: By.xpath: //div[@class='spinner-inner']/parent::*/parent::div[contains(@class,'active')]
88348 [main] INFO utilities.listener.WebEventListener  - Before Finding element: By.xpath: //div[@class='spinner-inner']/parent::*/parent::div[contains(@class,'active')]
xpath locatorType
//div[@class='spinner-inner']/parent::*/parent::div[contains(@class,'active')] locatorPath
2021-02-26/09:42:46.203  INFO: listener.WebEventListener - Before Finding element: By.xpath: //div[@class='spinner-inner']/parent::*/parent::div[contains(@class,'active')]
88759 [main] INFO utilities.listener.WebEventListener  - Before Finding element: By.xpath: //div[@class='spinner-inner']/parent::*/parent::div[contains(@class,'active')]
2021-02-26/09:42:48.331  INFO: listener.WebEventListener - Before Finding element: By.xpath: //div[@class='spinner-inner']/parent::*/parent::div[contains(@class,'active')]
90887 [main] INFO utilities.listener.WebEventListener  - Before Finding element: By.xpath: //div[@class='spinner-inner']/parent::*/parent::div[contains(@class,'active')]
2021-02-26/09:42:48.715  INFO: listener.WebEventListener - Before Finding element: By.xpath: //div[contains(text(),'Create Consignment')]
91271 [main] INFO utilities.listener.WebEventListener  - Before Finding element: By.xpath: //div[contains(text(),'Create Consignment')]
2021-02-26/09:42:48.820  INFO: listener.WebEventListener - Before Finding element: By.xpath: //div[contains(text(),'Create Consignment')]
91376 [main] INFO utilities.listener.WebEventListener  - Before Finding element: By.xpath: //div[contains(text(),'Create Consignment')]
2021-02-26/09:42:48.871  INFO: listener.WebEventListener - Before Finding element: By.xpath: //div[contains(text(),'Create Consignment')]
91427 [main] INFO utilities.listener.WebEventListener  - Before Finding element: By.xpath: //div[contains(text(),'Create Consignment')]
2021-02-26/09:42:48.893  INFO: listener.WebEventListener - beforeClickOn xpath: //div[contains(text(),'Create Consignment')]]
91449 [main] INFO utilities.listener.WebEventListener  - beforeClickOn xpath: //div[contains(text(),'Create Consignment')]]
2021-02-26/09:42:49.025  INFO: listener.WebEventListener - after click on
91581 [main] INFO utilities.listener.WebEventListener  - after click on
2021-02-26/09:42:58.035  INFO: listener.WebEventListener - Before Finding element: By.xpath: //input[@id='ConsignmentID']
100591 [main] INFO utilities.listener.WebEventListener  - Before Finding element: By.xpath: //input[@id='ConsignmentID']
2021-02-26/09:42:58.162  INFO: listener.WebEventListener - Default Value :
100718 [main] INFO utilities.listener.WebEventListener  - Default Value :
2021-02-26/09:42:58.394  INFO: listener.WebEventListener - Entered Value :
100950 [main] INFO utilities.listener.WebEventListener  - Entered Value :
2021-02-26/09:42:58.450  INFO: listener.WebEventListener - Default Value :
101006 [main] INFO utilities.listener.WebEventListener  - Default Value :
2021-02-26/09:42:58.548  INFO: listener.WebEventListener - Entered Value :
101104 [main] INFO utilities.listener.WebEventListener  - Entered Value :
2021-02-26/09:42:58.602  INFO: listener.WebEventListener - Default Value :
101158 [main] INFO utilities.listener.WebEventListener  - Default Value :
2021-02-26/09:42:59.271  INFO: listener.WebEventListener - Entered Value :UAT00010001
101827 [main] INFO utilities.listener.WebEventListener  - Entered Value :UAT00010001
2021-02-26/09:43:09.272  INFO: listener.WebEventListener - Before Finding element: By.cssSelector: #BilledTo
111828 [main] INFO utilities.listener.WebEventListener  - Before Finding element: By.cssSelector: #BilledTo
2021-02-26/09:43:09.536  INFO: listener.WebEventListener - Default Value :
112092 [main] INFO utilities.listener.WebEventListener  - Default Value :
2021-02-26/09:43:09.730  INFO: listener.WebEventListener - Entered Value :
112286 [main] INFO utilities.listener.WebEventListener  - Entered Value :
2021-02-26/09:43:09.730  INFO: listener.WebEventListener - Before Finding element: By.cssSelector: #BilledTo
112286 [main] INFO utilities.listener.WebEventListener  - Before Finding element: By.cssSelector: #BilledTo
2021-02-26/09:43:09.808  INFO: listener.WebEventListener - Default Value :
112364 [main] INFO utilities.listener.WebEventListener  - Default Value :
2021-02-26/09:43:09.915  INFO: listener.WebEventListener - Entered Value :
112471 [main] INFO utilities.listener.WebEventListener  - Entered Value :
2021-02-26/09:43:09.915  INFO: listener.WebEventListener - Before Finding element: By.cssSelector: #BilledTo
112471 [main] INFO utilities.listener.WebEventListener  - Before Finding element: By.cssSelector: #BilledTo
2021-02-26/09:43:09.978  INFO: listener.WebEventListener - Default Value :
112534 [main] INFO utilities.listener.WebEventListener  - Default Value :
2021-02-26/09:43:10.342  INFO: listener.WebEventListener - Entered Value :CELW01
112898 [main] INFO utilities.listener.WebEventListener  - Entered Value :CELW01
2021-02-26/09:43:10.343  INFO: listener.WebEventListener - Before Finding element: By.cssSelector: #BilledTo
112899 [main] INFO utilities.listener.WebEventListener  - Before Finding element: By.cssSelector: #BilledTo
2021-02-26/09:43:10.361  INFO: listener.WebEventListener - beforeClickOn css selector: #BilledTo]
112917 [main] INFO utilities.listener.WebEventListener  - beforeClickOn css selector: #BilledTo]
2021-02-26/09:43:10.583  INFO: listener.WebEventListener - after click on
113139 [main] INFO utilities.listener.WebEventListener  - after click on
2021-02-26/09:43:15.585  INFO: listener.WebEventListener - Before Finding element: By.xpath: //div[@class='v-menu__content theme--light menuable__content__active v-autocomplete__content']//div[@role='listitem'][1]
118141 [main] INFO utilities.listener.WebEventListener  - Before Finding element: By.xpath: //div[@class='v-menu__content theme--light menuable__content__active v-autocomplete__content']//div[@role='listitem'][1]
hhhhhhhhhhhhhhhhhhhhhh
2021-02-26/09:43:15.676  INFO: listener.WebEventListener - beforeClickOn xpath: //div[@class='v-menu__content theme--light menuable__content__active v-autocomplete__content']//div[@role='listitem'][1]]
118232 [main] INFO utilities.listener.WebEventListener  - beforeClickOn xpath: //div[@class='v-menu__content theme--light menuable__content__active v-autocomplete__content']//div[@role='listitem'][1]]
2021-02-26/09:43:15.861  INFO: listener.WebEventListener - after click on
118417 [main] INFO utilities.listener.WebEventListener  - after click on
2021-02-26/09:43:23.861  INFO: listener.WebEventListener - Before Finding element: By.xpath: //label[text()='Commodity']/parent::*/div[1]/div
126417 [main] INFO utilities.listener.WebEventListener  - Before Finding element: By.xpath: //label[text()='Commodity']/parent::*/div[1]/div
2021-02-26/09:43:23.893  INFO: listener.WebEventListener - Before Finding element: By.xpath: //label[text()='Commodity']/parent::*/div[1]/div
126449 [main] INFO utilities.listener.WebEventListener  - Before Finding element: By.xpath: //label[text()='Commodity']/parent::*/div[1]/div
2021-02-26/09:43:24.168  INFO: listener.WebEventListener - Before Finding element: By.xpath: //label[text()='Commodity']/parent::*/div[1]/div
126724 [main] INFO utilities.listener.WebEventListener  - Before Finding element: By.xpath: //label[text()='Commodity']/parent::*/div[1]/div
2021-02-26/09:43:24.446  INFO: listener.WebEventListener - Before Finding element: By.xpath: //label[text()='Commodity']/parent::*/div[1]/div
127002 [main] INFO utilities.listener.WebEventListener  - Before Finding element: By.xpath: //label[text()='Commodity']/parent::*/div[1]/div
2021-02-26/09:43:24.713  INFO: listener.WebEventListener - Before Finding element: By.xpath: //label[text()='Commodity']/parent::*/div[1]/div
127269 [main] INFO utilities.listener.WebEventListener  - Before Finding element: By.xpath: //label[text()='Commodity']/parent::*/div[1]/div
2021-02-26/09:43:24.810  INFO: listener.WebEventListener - beforeClickOn xpath: //label[text()='Commodity']/parent::*/div[1]/div]
127366 [main] INFO utilities.listener.WebEventListener  - beforeClickOn xpath: //label[text()='Commodity']/parent::*/div[1]/div]
2021-02-26/09:43:24.967  INFO: listener.WebEventListener - after click on
127523 [main] INFO utilities.listener.WebEventListener  - after click on
2021-02-26/09:43:24.967  INFO: listener.WebEventListener - Before Finding element: By.xpath: //div[@class='v-menu__content theme--light menuable__content__active']//div[@role='listitem' and @class='primary--text']
127523 [main] INFO utilities.listener.WebEventListener  - Before Finding element: By.xpath: //div[@class='v-menu__content theme--light menuable__content__active']//div[@role='listitem' and @class='primary--text']
2021-02-26/09:43:25.062  INFO: listener.WebEventListener - Before Finding element: By.xpath: //div[@class='v-menu__content theme--light menuable__content__active']//div[@role='listitem' and @class='primary--text']
127618 [main] INFO utilities.listener.WebEventListener  - Before Finding element: By.xpath: //div[@class='v-menu__content theme--light menuable__content__active']//div[@role='listitem' and @class='primary--text']
2021-02-26/09:43:25.338  INFO: listener.WebEventListener - Before Finding element: By.xpath: //div[@class='v-menu__content theme--light menuable__content__active']//div[@role='listitem' and @class='primary--text']
127894 [main] INFO utilities.listener.WebEventListener  - Before Finding element: By.xpath: //div[@class='v-menu__content theme--light menuable__content__active']//div[@role='listitem' and @class='primary--text']
2021-02-26/09:43:25.608  INFO: listener.WebEventListener - Before Finding element: By.xpath: //div[@class='v-menu__content theme--light menuable__content__active']//div[@role='listitem' and @class='primary--text']
128164 [main] INFO utilities.listener.WebEventListener  - Before Finding element: By.xpath: //div[@class='v-menu__content theme--light menuable__content__active']//div[@role='listitem' and @class='primary--text']
2021-02-26/09:43:25.688  INFO: listener.WebEventListener - beforeClickOn xpath: //div[@class='v-menu__content theme--light menuable__content__active']//div[@role='listitem' and @class='primary--text']]
128244 [main] INFO utilities.listener.WebEventListener  - beforeClickOn xpath: //div[@class='v-menu__content theme--light menuable__content__active']//div[@role='listitem' and @class='primary--text']]
2021-02-26/09:43:25.762  INFO: listener.WebEventListener - after click on
128318 [main] INFO utilities.listener.WebEventListener  - after click on
2021-02-26/09:43:25.763  INFO: listener.WebEventListener - Before Finding element: By.xpath: //input[@id='Commodity']//..
128319 [main] INFO utilities.listener.WebEventListener  - Before Finding element: By.xpath: //input[@id='Commodity']//..
2021-02-26/09:43:25.901  INFO: listener.WebEventListener - beforeClickOn xpath: //input[@id='Commodity']//..]
128457 [main] INFO utilities.listener.WebEventListener  - beforeClickOn xpath: //input[@id='Commodity']//..]
2021-02-26/09:43:26.005  INFO: listener.WebEventListener - after click on
128561 [main] INFO utilities.listener.WebEventListener  - after click on
2021-02-26/09:43:26.006  INFO: listener.WebEventListener - Before Finding element: By.xpath: //div[@class='v-list__tile__content']/div[contains(text(),'Documentation')]
128562 [main] INFO utilities.listener.WebEventListener  - Before Finding element: By.xpath: //div[@class='v-list__tile__content']/div[contains(text(),'Documentation')]
2021-02-26/09:43:26.081  INFO: listener.WebEventListener - beforeClickOn xpath: //div[@class='v-list__tile__content']/div[contains(text(),'Documentation')]]
128637 [main] INFO utilities.listener.WebEventListener  - beforeClickOn xpath: //div[@class='v-list__tile__content']/div[contains(text(),'Documentation')]]
2021-02-26/09:43:26.280  INFO: listener.WebEventListener - after click on
128836 [main] INFO utilities.listener.WebEventListener  - after click on
2021-02-26/09:43:26.281  INFO: listener.WebEventListener - Before Finding element: By.xpath: //button[@id='CommodityContinue']
128837 [main] INFO utilities.listener.WebEventListener  - Before Finding element: By.xpath: //button[@id='CommodityContinue']
2021-02-26/09:43:26.517  INFO: listener.WebEventListener - beforeClickOn xpath: //button[@id='CommodityContinue']]
129073 [main] INFO utilities.listener.WebEventListener  - beforeClickOn xpath: //button[@id='CommodityContinue']]
2021-02-26/09:43:26.809  INFO: listener.WebEventListener - after click on
129365 [main] INFO utilities.listener.WebEventListener  - after click on
2021-02-26/09:43:31.811  INFO: listener.WebEventListener - Before Finding element: By.xpath: //div[@class='v-select__selections']/div[contains(text(),'Documentation')]
134367 [main] INFO utilities.listener.WebEventListener  - Before Finding element: By.xpath: //div[@class='v-select__selections']/div[contains(text(),'Documentation')]
2021-02-26/09:43:31.898  INFO: listener.WebEventListener - beforeClickOn xpath: //div[@class='v-select__selections']/div[contains(text(),'Documentation')]]
134454 [main] INFO utilities.listener.WebEventListener  - beforeClickOn xpath: //div[@class='v-select__selections']/div[contains(text(),'Documentation')]]
2021-02-26/09:43:31.981  INFO: listener.WebEventListener - after click on
134537 [main] INFO utilities.listener.WebEventListener  - after click on
2021-02-26/09:43:31.981  INFO: listener.WebEventListener - Before Finding element: By.xpath: //div[@class='v-menu__content theme--light menuable__content__active']//div[@role='listitem'][1]
134537 [main] INFO utilities.listener.WebEventListener  - Before Finding element: By.xpath: //div[@class='v-menu__content theme--light menuable__content__active']//div[@role='listitem'][1]
2021-02-26/09:43:32.021  INFO: listener.WebEventListener - Before Finding element: By.xpath: //div[@class='v-menu__content theme--light menuable__content__active']//div[@role='listitem'][1]
134577 [main] INFO utilities.listener.WebEventListener  - Before Finding element: By.xpath: //div[@class='v-menu__content theme--light menuable__content__active']//div[@role='listitem'][1]
2021-02-26/09:43:32.308  INFO: listener.WebEventListener - Before Finding element: By.xpath: //div[@class='v-menu__content theme--light menuable__content__active']//div[@role='listitem'][1]
134864 [main] INFO utilities.listener.WebEventListener  - Before Finding element: By.xpath: //div[@class='v-menu__content theme--light menuable__content__active']//div[@role='listitem'][1]
2021-02-26/09:43:32.582  INFO: listener.WebEventListener - Before Finding element: By.xpath: //div[@class='v-menu__content theme--light menuable__content__active']//div[@role='listitem'][1]
135138 [main] INFO utilities.listener.WebEventListener  - Before Finding element: By.xpath: //div[@class='v-menu__content theme--light menuable__content__active']//div[@role='listitem'][1]
2021-02-26/09:43:32.656  INFO: listener.WebEventListener - beforeClickOn xpath: //div[@class='v-menu__content theme--light menuable__content__active']//div[@role='listitem'][1]]
135212 [main] INFO utilities.listener.WebEventListener  - beforeClickOn xpath: //div[@class='v-menu__content theme--light menuable__content__active']//div[@role='listitem'][1]]
2021-02-26/09:43:32.946  INFO: listener.WebEventListener - after click on
135502 [main] INFO utilities.listener.WebEventListener  - after click on
I am in onTestFailure method verifyValueStepperIsNotPresentOnSelectionOfDoc failed
]]></system-out>
  </testcase>
  <testcase name="doStarted" classname="pages.TestPageConsinment" time="183.721">
    <failure message="Expected condition failed: waiting for visibility of Proxy element for: AjaxElementLocator &apos;By.xpath: //div[@class=&apos;v-dialog v-dialog--active&apos;]//div[@class=&apos;v-btn__content&apos;][contains(text(),&apos;Close&apos;)]&apos; (tried for 60 second(s) with 500 milliseconds interval)" type="org.openqa.selenium.TimeoutException"><![CDATA[org.openqa.selenium.TimeoutException: Expected condition failed: waiting for visibility of Proxy element for: AjaxElementLocator 'By.xpath: //div[@class='v-dialog v-dialog--active']//div[@class='v-btn__content'][contains(text(),'Close')]' (tried for 60 second(s) with 500 milliseconds interval)
	at pages.TestPageConsinment.doStarted(TestPageConsinment.java:348)
Caused by: org.openqa.selenium.NoSuchElementException: Timed out after 60 seconds. Unable to locate the element
	at pages.TestPageConsinment.doStarted(TestPageConsinment.java:348)
Caused by: org.openqa.selenium.NoSuchElementException: 
no such element: Unable to locate element: {"method":"xpath","selector":"//div[@class='v-dialog v-dialog--active']//div[@class='v-btn__content'][contains(text(),'Close')]"}
  (Session info: chrome=88.0.4324.182)
For documentation on this error, please visit: https://www.seleniumhq.org/exceptions/no_such_element.html
Build info: version: '3.141.59', revision: 'e82be7d358', time: '2018-11-14T08:17:03'
System info: host: 'WJLP-1098', ip: '192.168.65.1', os.name: 'Windows 10', os.arch: 'amd64', os.version: '10.0', java.version: '11.0.7'
Driver info: org.openqa.selenium.chrome.ChromeDriver
Capabilities {acceptInsecureCerts: false, browserName: chrome, browserVersion: 88.0.4324.182, chrome: {chromedriverVersion: 88.0.4324.96 (68dba2d8a0b14..., userDataDir: C:\Users\nasreenk\AppData\L...}, goog:chromeOptions: {debuggerAddress: localhost:52879}, javascriptEnabled: true, networkConnectionEnabled: false, pageLoadStrategy: none, platform: WINDOWS, platformName: WINDOWS, proxy: Proxy(), setWindowRect: true, strictFileInteractability: false, timeouts: {implicit: 0, pageLoad: 300000, script: 30000}, unhandledPromptBehavior: dismiss and notify, webauthn:extension:largeBlob: true, webauthn:virtualAuthenticators: true}
Session ID: 3ed1d3c7d8720aa8497e2a0e3243b8d6
*** Element info: {Using=xpath, value=//div[@class='v-dialog v-dialog--active']//div[@class='v-btn__content'][contains(text(),'Close')]}
	at pages.TestPageConsinment.doStarted(TestPageConsinment.java:348)
]]></failure>
    <system-out><![CDATA[I am in onTestStart method doStarted start
2021-02-26/09:43:33.867  INFO: listener.WebEventListener - Default Value :UAT00010001
136423 [main] INFO utilities.listener.WebEventListener  - Default Value :UAT00010001
2021-02-26/09:43:34.059  INFO: listener.WebEventListener - Entered Value :UAT00010001
136615 [main] INFO utilities.listener.WebEventListener  - Entered Value :UAT00010001
2021-02-26/09:43:34.108  INFO: listener.WebEventListener - Default Value :UAT00010001
136664 [main] INFO utilities.listener.WebEventListener  - Default Value :UAT00010001
2021-02-26/09:43:34.379  INFO: listener.WebEventListener - Entered Value :
136935 [main] INFO utilities.listener.WebEventListener  - Entered Value :
2021-02-26/09:43:34.430  INFO: listener.WebEventListener - Default Value :
136986 [main] INFO utilities.listener.WebEventListener  - Default Value :
2021-02-26/09:43:35.280  INFO: listener.WebEventListener - Entered Value :UAT42092190
137836 [main] INFO utilities.listener.WebEventListener  - Entered Value :UAT42092190
2021-02-26/09:43:45.281  INFO: listener.WebEventListener - Before Finding element: By.cssSelector: #BilledTo
147837 [main] INFO utilities.listener.WebEventListener  - Before Finding element: By.cssSelector: #BilledTo
2021-02-26/09:43:45.406  INFO: listener.WebEventListener - Default Value :
147962 [main] INFO utilities.listener.WebEventListener  - Default Value :
2021-02-26/09:43:45.665  INFO: listener.WebEventListener - Entered Value :
148221 [main] INFO utilities.listener.WebEventListener  - Entered Value :
2021-02-26/09:43:45.665  INFO: listener.WebEventListener - Before Finding element: By.cssSelector: #BilledTo
148221 [main] INFO utilities.listener.WebEventListener  - Before Finding element: By.cssSelector: #BilledTo
2021-02-26/09:43:45.770  INFO: listener.WebEventListener - Default Value :
148326 [main] INFO utilities.listener.WebEventListener  - Default Value :
2021-02-26/09:43:45.894  INFO: listener.WebEventListener - Entered Value :
148450 [main] INFO utilities.listener.WebEventListener  - Entered Value :
2021-02-26/09:43:45.895  INFO: listener.WebEventListener - Before Finding element: By.cssSelector: #BilledTo
148451 [main] INFO utilities.listener.WebEventListener  - Before Finding element: By.cssSelector: #BilledTo
2021-02-26/09:43:45.948  INFO: listener.WebEventListener - Default Value :
148504 [main] INFO utilities.listener.WebEventListener  - Default Value :
2021-02-26/09:43:46.131  INFO: listener.WebEventListener - Entered Value :SAGO44
148687 [main] INFO utilities.listener.WebEventListener  - Entered Value :SAGO44
2021-02-26/09:43:46.131  INFO: listener.WebEventListener - Before Finding element: By.cssSelector: #BilledTo
148687 [main] INFO utilities.listener.WebEventListener  - Before Finding element: By.cssSelector: #BilledTo
2021-02-26/09:43:46.149  INFO: listener.WebEventListener - beforeClickOn css selector: #BilledTo]
148705 [main] INFO utilities.listener.WebEventListener  - beforeClickOn css selector: #BilledTo]
2021-02-26/09:43:46.232  INFO: listener.WebEventListener - after click on
148788 [main] INFO utilities.listener.WebEventListener  - after click on
hhhhhhhhhhhhhhhhhhhhhh
2021-02-26/09:43:47.915  INFO: listener.WebEventListener - beforeClickOn xpath: //div[@class='v-menu__content theme--light menuable__content__active v-autocomplete__content']//div[@role='listitem'][1]]
150471 [main] INFO utilities.listener.WebEventListener  - beforeClickOn xpath: //div[@class='v-menu__content theme--light menuable__content__active v-autocomplete__content']//div[@role='listitem'][1]]
2021-02-26/09:43:48.114  INFO: listener.WebEventListener - after click on
150670 [main] INFO utilities.listener.WebEventListener  - after click on
2021-02-26/09:43:53.116  INFO: listener.WebEventListener - Before Finding element: By.xpath: //input[@id='LogisticType']/../div
155672 [main] INFO utilities.listener.WebEventListener  - Before Finding element: By.xpath: //input[@id='LogisticType']/../div
2021-02-26/09:43:53.162  INFO: listener.WebEventListener - Before Finding element: By.xpath: //input[@id='LogisticType']/..
155718 [main] INFO utilities.listener.WebEventListener  - Before Finding element: By.xpath: //input[@id='LogisticType']/..
2021-02-26/09:43:53.225  INFO: listener.WebEventListener - Before Finding element: By.xpath: //input[@id='LogisticType']/..
155781 [main] INFO utilities.listener.WebEventListener  - Before Finding element: By.xpath: //input[@id='LogisticType']/..
2021-02-26/09:43:53.259  INFO: listener.WebEventListener - Before Finding element: By.xpath: //input[@id='LogisticType']/..
155815 [main] INFO utilities.listener.WebEventListener  - Before Finding element: By.xpath: //input[@id='LogisticType']/..
2021-02-26/09:43:53.275  INFO: listener.WebEventListener - beforeClickOn xpath: //input[@id='LogisticType']/..]
155831 [main] INFO utilities.listener.WebEventListener  - beforeClickOn xpath: //input[@id='LogisticType']/..]
2021-02-26/09:43:53.355  INFO: listener.WebEventListener - after click on
155911 [main] INFO utilities.listener.WebEventListener  - after click on
2021-02-26/09:43:55.357  INFO: listener.WebEventListener - Before Finding element: By.xpath: //div[text()='Outbound - Domestic']
157913 [main] INFO utilities.listener.WebEventListener  - Before Finding element: By.xpath: //div[text()='Outbound - Domestic']
2021-02-26/09:43:55.380  INFO: listener.WebEventListener - beforeClickOn xpath: //div[text()='Outbound - Domestic']]
157936 [main] INFO utilities.listener.WebEventListener  - beforeClickOn xpath: //div[text()='Outbound - Domestic']]
2021-02-26/09:43:55.611  INFO: listener.WebEventListener - after click on
158167 [main] INFO utilities.listener.WebEventListener  - after click on
2021-02-26/09:43:59.613  INFO: listener.WebEventListener - Before Finding element: By.xpath: //div[@id='stepSender']
162169 [main] INFO utilities.listener.WebEventListener  - Before Finding element: By.xpath: //div[@id='stepSender']
2021-02-26/09:43:59.783  INFO: listener.WebEventListener - beforeClickOn xpath: //div[@id='stepSender']]
162339 [main] INFO utilities.listener.WebEventListener  - beforeClickOn xpath: //div[@id='stepSender']]
2021-02-26/09:43:59.882  INFO: listener.WebEventListener - after click on
162438 [main] INFO utilities.listener.WebEventListener  - after click on
2021-02-26/09:44:01.884  INFO: listener.WebEventListener - Before Finding element: By.xpath: //button[@id='SenderResetSearch']//div
164440 [main] INFO utilities.listener.WebEventListener  - Before Finding element: By.xpath: //button[@id='SenderResetSearch']//div
2021-02-26/09:44:01.908  INFO: listener.WebEventListener - Before Finding element: By.xpath: //div[contains(text(),'Sender is restricted, please select one from the list. Note: The list displays a maximum of 8 results.')]
164464 [main] INFO utilities.listener.WebEventListener  - Before Finding element: By.xpath: //div[contains(text(),'Sender is restricted, please select one from the list. Note: The list displays a maximum of 8 results.')]
2021-02-26/09:44:01.939  INFO: listener.WebEventListener - Before Finding element: By.xpath: //div[contains(text(),' Search for an existing Sender using either Sender Name, Sender Reference or Sender Telephone Number.')]
164495 [main] INFO utilities.listener.WebEventListener  - Before Finding element: By.xpath: //div[contains(text(),' Search for an existing Sender using either Sender Name, Sender Reference or Sender Telephone Number.')]
Sender field not restrictedtrue
2021-02-26/09:44:01.998  INFO: listener.WebEventListener - Before Finding element: By.xpath: //input[@id='SearchAutocomplete_Sender']
164554 [main] INFO utilities.listener.WebEventListener  - Before Finding element: By.xpath: //input[@id='SearchAutocomplete_Sender']
2021-02-26/09:44:02.145  INFO: listener.WebEventListener - Default Value :
164701 [main] INFO utilities.listener.WebEventListener  - Default Value :
2021-02-26/09:44:02.634  INFO: listener.WebEventListener - Entered Value :SCOIN
165190 [main] INFO utilities.listener.WebEventListener  - Entered Value :SCOIN
2021-02-26/09:44:02.681  INFO: listener.WebEventListener - beforeClickOn xpath: //input[@id='SearchAutocomplete_Sender']]
165237 [main] INFO utilities.listener.WebEventListener  - beforeClickOn xpath: //input[@id='SearchAutocomplete_Sender']]
2021-02-26/09:44:02.757  INFO: listener.WebEventListener - after click on
165313 [main] INFO utilities.listener.WebEventListener  - after click on
2021-02-26/09:44:02.758  INFO: listener.WebEventListener - Before Finding element: By.xpath: //div[@class='v-menu__content theme--light menuable__content__active v-autocomplete__content']//div[@role='listitem'] [1]
165314 [main] INFO utilities.listener.WebEventListener  - Before Finding element: By.xpath: //div[@class='v-menu__content theme--light menuable__content__active v-autocomplete__content']//div[@role='listitem'] [1]
2021-02-26/09:44:02.784  INFO: listener.WebEventListener - Before Finding element: By.xpath: //div[@class='v-menu__content theme--light menuable__content__active v-autocomplete__content']//div[@role='listitem'] [1]
165340 [main] INFO utilities.listener.WebEventListener  - Before Finding element: By.xpath: //div[@class='v-menu__content theme--light menuable__content__active v-autocomplete__content']//div[@role='listitem'] [1]
2021-02-26/09:44:03.052  INFO: listener.WebEventListener - Before Finding element: By.xpath: //div[@class='v-menu__content theme--light menuable__content__active v-autocomplete__content']//div[@role='listitem'] [1]
165608 [main] INFO utilities.listener.WebEventListener  - Before Finding element: By.xpath: //div[@class='v-menu__content theme--light menuable__content__active v-autocomplete__content']//div[@role='listitem'] [1]
2021-02-26/09:44:03.320  INFO: listener.WebEventListener - Before Finding element: By.xpath: //div[@class='v-menu__content theme--light menuable__content__active v-autocomplete__content']//div[@role='listitem'] [1]
165876 [main] INFO utilities.listener.WebEventListener  - Before Finding element: By.xpath: //div[@class='v-menu__content theme--light menuable__content__active v-autocomplete__content']//div[@role='listitem'] [1]
2021-02-26/09:44:03.594  INFO: listener.WebEventListener - Before Finding element: By.xpath: //div[@class='v-menu__content theme--light menuable__content__active v-autocomplete__content']//div[@role='listitem'] [1]
166150 [main] INFO utilities.listener.WebEventListener  - Before Finding element: By.xpath: //div[@class='v-menu__content theme--light menuable__content__active v-autocomplete__content']//div[@role='listitem'] [1]
2021-02-26/09:44:03.867  INFO: listener.WebEventListener - Before Finding element: By.xpath: //div[@class='v-menu__content theme--light menuable__content__active v-autocomplete__content']//div[@role='listitem'] [1]
166423 [main] INFO utilities.listener.WebEventListener  - Before Finding element: By.xpath: //div[@class='v-menu__content theme--light menuable__content__active v-autocomplete__content']//div[@role='listitem'] [1]
2021-02-26/09:44:04.137  INFO: listener.WebEventListener - Before Finding element: By.xpath: //div[@class='v-menu__content theme--light menuable__content__active v-autocomplete__content']//div[@role='listitem'] [1]
166693 [main] INFO utilities.listener.WebEventListener  - Before Finding element: By.xpath: //div[@class='v-menu__content theme--light menuable__content__active v-autocomplete__content']//div[@role='listitem'] [1]
2021-02-26/09:44:04.408  INFO: listener.WebEventListener - Before Finding element: By.xpath: //div[@class='v-menu__content theme--light menuable__content__active v-autocomplete__content']//div[@role='listitem'] [1]
166964 [main] INFO utilities.listener.WebEventListener  - Before Finding element: By.xpath: //div[@class='v-menu__content theme--light menuable__content__active v-autocomplete__content']//div[@role='listitem'] [1]
2021-02-26/09:44:04.688  INFO: listener.WebEventListener - Before Finding element: By.xpath: //div[@class='v-menu__content theme--light menuable__content__active v-autocomplete__content']//div[@role='listitem'] [1]
167244 [main] INFO utilities.listener.WebEventListener  - Before Finding element: By.xpath: //div[@class='v-menu__content theme--light menuable__content__active v-autocomplete__content']//div[@role='listitem'] [1]
2021-02-26/09:44:04.958  INFO: listener.WebEventListener - Before Finding element: By.xpath: //div[@class='v-menu__content theme--light menuable__content__active v-autocomplete__content']//div[@role='listitem'] [1]
167514 [main] INFO utilities.listener.WebEventListener  - Before Finding element: By.xpath: //div[@class='v-menu__content theme--light menuable__content__active v-autocomplete__content']//div[@role='listitem'] [1]
2021-02-26/09:44:05.015  INFO: listener.WebEventListener - beforeClickOn xpath: //div[@class='v-menu__content theme--light menuable__content__active v-autocomplete__content']//div[@role='listitem'] [1]]
167571 [main] INFO utilities.listener.WebEventListener  - beforeClickOn xpath: //div[@class='v-menu__content theme--light menuable__content__active v-autocomplete__content']//div[@role='listitem'] [1]]
2021-02-26/09:44:05.198  INFO: listener.WebEventListener - after click on
167754 [main] INFO utilities.listener.WebEventListener  - after click on
2021-02-26/09:44:08.200  INFO: listener.WebEventListener - Before Finding element: By.xpath: //button[@id='SenderContactNew']//div[@class='v-btn__content'][contains(text(),'New Contact')]
170756 [main] INFO utilities.listener.WebEventListener  - Before Finding element: By.xpath: //button[@id='SenderContactNew']//div[@class='v-btn__content'][contains(text(),'New Contact')]
2021-02-26/09:44:08.280  INFO: listener.WebEventListener - Before Finding element: By.xpath: //button[@id='SenderContactNew']//div[@class='v-btn__content'][contains(text(),'New Contact')]
170836 [main] INFO utilities.listener.WebEventListener  - Before Finding element: By.xpath: //button[@id='SenderContactNew']//div[@class='v-btn__content'][contains(text(),'New Contact')]
2021-02-26/09:44:08.308  INFO: listener.WebEventListener - Before Finding element: By.xpath: //button[@id='SenderContactNew']//div[@class='v-btn__content'][contains(text(),'New Contact')]
170864 [main] INFO utilities.listener.WebEventListener  - Before Finding element: By.xpath: //button[@id='SenderContactNew']//div[@class='v-btn__content'][contains(text(),'New Contact')]
2021-02-26/09:44:08.328  INFO: listener.WebEventListener - beforeClickOn xpath: //button[@id='SenderContactNew']//div[@class='v-btn__content'][contains(text(),'New Contact')]]
170884 [main] INFO utilities.listener.WebEventListener  - beforeClickOn xpath: //button[@id='SenderContactNew']//div[@class='v-btn__content'][contains(text(),'New Contact')]]
2021-02-26/09:44:08.634  INFO: listener.WebEventListener - after click on
171190 [main] INFO utilities.listener.WebEventListener  - after click on
2021-02-26/09:44:11.635  INFO: listener.WebEventListener - Before Finding element: By.xpath: //button[@id='Cancel_sendercontactaddedit']//div[contains(text(),'Cancel')]
174191 [main] INFO utilities.listener.WebEventListener  - Before Finding element: By.xpath: //button[@id='Cancel_sendercontactaddedit']//div[contains(text(),'Cancel')]
2021-02-26/09:44:11.706  INFO: listener.WebEventListener - beforeClickOn xpath: //button[@id='Cancel_sendercontactaddedit']//div[contains(text(),'Cancel')]]
174262 [main] INFO utilities.listener.WebEventListener  - beforeClickOn xpath: //button[@id='Cancel_sendercontactaddedit']//div[contains(text(),'Cancel')]]
2021-02-26/09:44:11.832  INFO: listener.WebEventListener - after click on
174388 [main] INFO utilities.listener.WebEventListener  - after click on
2021-02-26/09:44:17.834  INFO: listener.WebEventListener - Before Finding element: By.xpath: //div[@id='stepReceiver']
180390 [main] INFO utilities.listener.WebEventListener  - Before Finding element: By.xpath: //div[@id='stepReceiver']
2021-02-26/09:44:17.917  INFO: listener.WebEventListener - beforeClickOn xpath: //div[@id='stepReceiver']]
180473 [main] INFO utilities.listener.WebEventListener  - beforeClickOn xpath: //div[@id='stepReceiver']]
2021-02-26/09:44:18.074  INFO: listener.WebEventListener - after click on
180630 [main] INFO utilities.listener.WebEventListener  - after click on
2021-02-26/09:44:18.109  INFO: listener.WebEventListener - Before Finding element: By.xpath: //button[@id='ReceiverResetSearch']//div
180665 [main] INFO utilities.listener.WebEventListener  - Before Finding element: By.xpath: //button[@id='ReceiverResetSearch']//div
2021-02-26/09:44:18.164  INFO: listener.WebEventListener - Before Finding element: By.xpath: //div[@id='stepValue']
180720 [main] INFO utilities.listener.WebEventListener  - Before Finding element: By.xpath: //div[@id='stepValue']
2021-02-26/09:44:18.359  INFO: listener.WebEventListener - beforeClickOn xpath: //div[@id='stepValue']]
180915 [main] INFO utilities.listener.WebEventListener  - beforeClickOn xpath: //div[@id='stepValue']]
2021-02-26/09:44:18.552  INFO: listener.WebEventListener - after click on
181108 [main] INFO utilities.listener.WebEventListener  - after click on
2021-02-26/09:44:18.553  INFO: listener.WebEventListener - Before Finding element: By.xpath: //div[contains(text(),'Receiver is restricted, please select one from the list. Note: The list displays a maximum of 8 results. ')]
181109 [main] INFO utilities.listener.WebEventListener  - Before Finding element: By.xpath: //div[contains(text(),'Receiver is restricted, please select one from the list. Note: The list displays a maximum of 8 results. ')]
2021-02-26/09:44:18.603  INFO: listener.WebEventListener - Before Finding element: By.xpath: //div[contains(text(),' Search for an existing Receiver using either Receiver Name, Receiver Reference or Receiver Telephone Number. ')]
181159 [main] INFO utilities.listener.WebEventListener  - Before Finding element: By.xpath: //div[contains(text(),' Search for an existing Receiver using either Receiver Name, Receiver Reference or Receiver Telephone Number. ')]
2021-02-26/09:44:22.690  INFO: listener.WebEventListener - beforeClickOn xpath: //div[@id='stepValue']]
185246 [main] INFO utilities.listener.WebEventListener  - beforeClickOn xpath: //div[@id='stepValue']]
2021-02-26/09:44:22.839  INFO: listener.WebEventListener - after click on
185395 [main] INFO utilities.listener.WebEventListener  - after click on
2021-02-26/09:44:22.840  INFO: listener.WebEventListener - Before Finding element: By.xpath: //div[@class='v-text-field__slot']//input[@id='ValueForCarriage']
185396 [main] INFO utilities.listener.WebEventListener  - Before Finding element: By.xpath: //div[@class='v-text-field__slot']//input[@id='ValueForCarriage']
2021-02-26/09:44:23.408  INFO: listener.WebEventListener - Before Finding element: By.xpath: //div[@id='stepRequirements']
185964 [main] INFO utilities.listener.WebEventListener  - Before Finding element: By.xpath: //div[@id='stepRequirements']
2021-02-26/09:44:23.486  INFO: listener.WebEventListener - beforeClickOn xpath: //div[@id='stepRequirements']]
186042 [main] INFO utilities.listener.WebEventListener  - beforeClickOn xpath: //div[@id='stepRequirements']]
2021-02-26/09:44:23.649  INFO: listener.WebEventListener - after click on
186205 [main] INFO utilities.listener.WebEventListener  - after click on
2021-02-26/09:44:23.651  INFO: listener.WebEventListener - Before Finding element: By.xpath: //input[@id='ShipperReference']
186207 [main] INFO utilities.listener.WebEventListener  - Before Finding element: By.xpath: //input[@id='ShipperReference']
2021-02-26/09:44:24.407  INFO: listener.WebEventListener - Default Value :
186963 [main] INFO utilities.listener.WebEventListener  - Default Value :
2021-02-26/09:44:24.566  INFO: listener.WebEventListener - Entered Value :
187122 [main] INFO utilities.listener.WebEventListener  - Entered Value :
2021-02-26/09:44:24.601  INFO: listener.WebEventListener - Default Value :
187157 [main] INFO utilities.listener.WebEventListener  - Default Value :
2021-02-26/09:44:24.689  INFO: listener.WebEventListener - Entered Value :
187245 [main] INFO utilities.listener.WebEventListener  - Entered Value :
2021-02-26/09:44:24.726  INFO: listener.WebEventListener - Default Value :
187282 [main] INFO utilities.listener.WebEventListener  - Default Value :
2021-02-26/09:44:24.832  INFO: listener.WebEventListener - Entered Value :wwww
187388 [main] INFO utilities.listener.WebEventListener  - Entered Value :wwww
2021-02-26/09:44:24.905  INFO: listener.WebEventListener - Default Value :wwww
187461 [main] INFO utilities.listener.WebEventListener  - Default Value :wwww
2021-02-26/09:44:25.124  INFO: listener.WebEventListener - Entered Value :
187680 [main] INFO utilities.listener.WebEventListener  - Entered Value :
2021-02-26/09:44:25.159  INFO: listener.WebEventListener - Default Value :
187715 [main] INFO utilities.listener.WebEventListener  - Default Value :
2021-02-26/09:44:25.252  INFO: listener.WebEventListener - Entered Value :
187808 [main] INFO utilities.listener.WebEventListener  - Entered Value :
2021-02-26/09:44:25.294  INFO: listener.WebEventListener - Default Value :
187850 [main] INFO utilities.listener.WebEventListener  - Default Value :
2021-02-26/09:44:25.474  INFO: listener.WebEventListener - Entered Value :eeeeeee
188030 [main] INFO utilities.listener.WebEventListener  - Entered Value :eeeeeee
2021-02-26/09:44:25.475  INFO: listener.WebEventListener - Before Finding element: By.xpath: //div[@class='flex xs12 md12']//div[@class='v-select__selections']
188031 [main] INFO utilities.listener.WebEventListener  - Before Finding element: By.xpath: //div[@class='flex xs12 md12']//div[@class='v-select__selections']
2021-02-26/09:44:25.542  INFO: listener.WebEventListener - beforeClickOn xpath: //div[@class='flex xs12 md12']//div[@class='v-select__selections']]
188098 [main] INFO utilities.listener.WebEventListener  - beforeClickOn xpath: //div[@class='flex xs12 md12']//div[@class='v-select__selections']]
2021-02-26/09:44:25.619  INFO: listener.WebEventListener - after click on
188175 [main] INFO utilities.listener.WebEventListener  - after click on
2021-02-26/09:44:25.620  INFO: listener.WebEventListener - Before Finding element: By.xpath: //div[contains(text(),'KYC Code 1-Sign Waybill')]
188176 [main] INFO utilities.listener.WebEventListener  - Before Finding element: By.xpath: //div[contains(text(),'KYC Code 1-Sign Waybill')]
2021-02-26/09:44:26.266  INFO: listener.WebEventListener - beforeClickOn xpath: //div[contains(text(),'KYC Code 1-Sign Waybill')]]
188822 [main] INFO utilities.listener.WebEventListener  - beforeClickOn xpath: //div[contains(text(),'KYC Code 1-Sign Waybill')]]
2021-02-26/09:44:26.400  INFO: listener.WebEventListener - after click on
188956 [main] INFO utilities.listener.WebEventListener  - after click on
2021-02-26/09:44:26.402  INFO: listener.WebEventListener - Before Finding element: By.xpath: //div[@id='stepServices']
188958 [main] INFO utilities.listener.WebEventListener  - Before Finding element: By.xpath: //div[@id='stepServices']
2021-02-26/09:44:26.501  INFO: listener.WebEventListener - Before Finding element: By.xpath: //div[@id='stepServices']
189057 [main] INFO utilities.listener.WebEventListener  - Before Finding element: By.xpath: //div[@id='stepServices']
2021-02-26/09:44:26.571  INFO: listener.WebEventListener - Before Finding element: By.xpath: //div[@id='stepServices']
189127 [main] INFO utilities.listener.WebEventListener  - Before Finding element: By.xpath: //div[@id='stepServices']
2021-02-26/09:44:26.604  INFO: listener.WebEventListener - beforeClickOn xpath: //div[@id='stepServices']]
189160 [main] INFO utilities.listener.WebEventListener  - beforeClickOn xpath: //div[@id='stepServices']]
2021-02-26/09:44:26.788  INFO: listener.WebEventListener - after click on
189344 [main] INFO utilities.listener.WebEventListener  - after click on
2021-02-26/09:44:26.789  INFO: listener.WebEventListener - Before Finding element: By.xpath: //button[@id='RICA']
189345 [main] INFO utilities.listener.WebEventListener  - Before Finding element: By.xpath: //button[@id='RICA']
Rica is selectedtrue
2021-02-26/09:44:26.941  INFO: listener.WebEventListener - Before Finding element: By.xpath: //input[@id='ServiceType']/..
189497 [main] INFO utilities.listener.WebEventListener  - Before Finding element: By.xpath: //input[@id='ServiceType']/..
2021-02-26/09:44:27.567  INFO: listener.WebEventListener - Before Finding element: By.xpath: //input[@id='ServiceType']/..
190123 [main] INFO utilities.listener.WebEventListener  - Before Finding element: By.xpath: //input[@id='ServiceType']/..
2021-02-26/09:44:27.620  INFO: listener.WebEventListener - Before Finding element: By.xpath: //input[@id='ServiceType']/..
190176 [main] INFO utilities.listener.WebEventListener  - Before Finding element: By.xpath: //input[@id='ServiceType']/..
2021-02-26/09:44:27.649  INFO: listener.WebEventListener - Before Finding element: By.xpath: //input[@id='ServiceType']/..
190205 [main] INFO utilities.listener.WebEventListener  - Before Finding element: By.xpath: //input[@id='ServiceType']/..
2021-02-26/09:44:27.663  INFO: listener.WebEventListener - beforeClickOn xpath: //input[@id='ServiceType']/..]
190219 [main] INFO utilities.listener.WebEventListener  - beforeClickOn xpath: //input[@id='ServiceType']/..]
2021-02-26/09:44:27.739  INFO: listener.WebEventListener - after click on
190295 [main] INFO utilities.listener.WebEventListener  - after click on
2021-02-26/09:44:27.739  INFO: listener.WebEventListener - Before Finding element: By.xpath: //div[@class='v-menu__content theme--light menuable__content__active']//div[@role='listitem'][1]
190295 [main] INFO utilities.listener.WebEventListener  - Before Finding element: By.xpath: //div[@class='v-menu__content theme--light menuable__content__active']//div[@role='listitem'][1]
2021-02-26/09:44:27.764  INFO: listener.WebEventListener - Before Finding element: By.xpath: //div[@class='v-menu__content theme--light menuable__content__active']//div[@role='listitem'][1]
190320 [main] INFO utilities.listener.WebEventListener  - Before Finding element: By.xpath: //div[@class='v-menu__content theme--light menuable__content__active']//div[@role='listitem'][1]
2021-02-26/09:44:28.043  INFO: listener.WebEventListener - Before Finding element: By.xpath: //div[@class='v-menu__content theme--light menuable__content__active']//div[@role='listitem'][1]
190599 [main] INFO utilities.listener.WebEventListener  - Before Finding element: By.xpath: //div[@class='v-menu__content theme--light menuable__content__active']//div[@role='listitem'][1]
2021-02-26/09:44:28.312  INFO: listener.WebEventListener - Before Finding element: By.xpath: //div[@class='v-menu__content theme--light menuable__content__active']//div[@role='listitem'][1]
190868 [main] INFO utilities.listener.WebEventListener  - Before Finding element: By.xpath: //div[@class='v-menu__content theme--light menuable__content__active']//div[@role='listitem'][1]
2021-02-26/09:44:28.374  INFO: listener.WebEventListener - Before Finding element: By.xpath: //div[@class='v-menu__content theme--light menuable__content__active']//div[@role='listitem'][1]
190930 [main] INFO utilities.listener.WebEventListener  - Before Finding element: By.xpath: //div[@class='v-menu__content theme--light menuable__content__active']//div[@role='listitem'][1]
2021-02-26/09:44:28.394  INFO: listener.WebEventListener - beforeClickOn xpath: //div[@class='v-menu__content theme--light menuable__content__active']//div[@role='listitem'][1]]
190950 [main] INFO utilities.listener.WebEventListener  - beforeClickOn xpath: //div[@class='v-menu__content theme--light menuable__content__active']//div[@role='listitem'][1]]
2021-02-26/09:44:28.525  INFO: listener.WebEventListener - after click on
191081 [main] INFO utilities.listener.WebEventListener  - after click on
2021-02-26/09:44:30.527  INFO: listener.WebEventListener - Before Finding element: By.xpath: //div[contains(text(),'RICA')]
193083 [main] INFO utilities.listener.WebEventListener  - Before Finding element: By.xpath: //div[contains(text(),'RICA')]
2021-02-26/09:44:30.604  INFO: listener.WebEventListener - Before Finding element: By.xpath: //div[contains(text(),'RICA')]
193160 [main] INFO utilities.listener.WebEventListener  - Before Finding element: By.xpath: //div[contains(text(),'RICA')]
2021-02-26/09:44:30.619  INFO: listener.WebEventListener - beforeClickOn xpath: //div[contains(text(),'RICA')]]
193175 [main] INFO utilities.listener.WebEventListener  - beforeClickOn xpath: //div[contains(text(),'RICA')]]
2021-02-26/09:44:30.776  INFO: listener.WebEventListener - after click on
193332 [main] INFO utilities.listener.WebEventListener  - after click on
2021-02-26/09:44:32.776  INFO: listener.WebEventListener - Before Finding element: By.xpath: //input[@id='RICA_IdentityType']/..
195332 [main] INFO utilities.listener.WebEventListener  - Before Finding element: By.xpath: //input[@id='RICA_IdentityType']/..
2021-02-26/09:44:32.828  INFO: listener.WebEventListener - Before Finding element: By.xpath: //input[@id='RICA_IdentityType']/..
195384 [main] INFO utilities.listener.WebEventListener  - Before Finding element: By.xpath: //input[@id='RICA_IdentityType']/..
2021-02-26/09:44:32.857  INFO: listener.WebEventListener - Before Finding element: By.xpath: //input[@id='RICA_IdentityType']/..
195413 [main] INFO utilities.listener.WebEventListener  - Before Finding element: By.xpath: //input[@id='RICA_IdentityType']/..
2021-02-26/09:44:32.872  INFO: listener.WebEventListener - beforeClickOn xpath: //input[@id='RICA_IdentityType']/..]
195428 [main] INFO utilities.listener.WebEventListener  - beforeClickOn xpath: //input[@id='RICA_IdentityType']/..]
2021-02-26/09:44:32.948  INFO: listener.WebEventListener - after click on
195504 [main] INFO utilities.listener.WebEventListener  - after click on
2021-02-26/09:44:32.948  INFO: listener.WebEventListener - Before Finding element: By.xpath: //div[contains(text(),'SA ID')]
195504 [main] INFO utilities.listener.WebEventListener  - Before Finding element: By.xpath: //div[contains(text(),'SA ID')]
2021-02-26/09:44:33.047  INFO: listener.WebEventListener - Before Finding element: By.xpath: //div[contains(text(),'SA ID')]
195603 [main] INFO utilities.listener.WebEventListener  - Before Finding element: By.xpath: //div[contains(text(),'SA ID')]
2021-02-26/09:44:33.090  INFO: listener.WebEventListener - Before Finding element: By.xpath: //div[contains(text(),'SA ID')]
195646 [main] INFO utilities.listener.WebEventListener  - Before Finding element: By.xpath: //div[contains(text(),'SA ID')]
2021-02-26/09:44:33.111  INFO: listener.WebEventListener - beforeClickOn xpath: //div[contains(text(),'SA ID')]]
195667 [main] INFO utilities.listener.WebEventListener  - beforeClickOn xpath: //div[contains(text(),'SA ID')]]
2021-02-26/09:44:33.234  INFO: listener.WebEventListener - after click on
195790 [main] INFO utilities.listener.WebEventListener  - after click on
2021-02-26/09:44:33.235  INFO: listener.WebEventListener - Before Finding element: By.xpath: //input[@id='RICA_SAIdentityNumber']
195791 [main] INFO utilities.listener.WebEventListener  - Before Finding element: By.xpath: //input[@id='RICA_SAIdentityNumber']
2021-02-26/09:44:33.337  INFO: listener.WebEventListener - Before Finding element: By.xpath: //input[@id='RICA_SAIdentityNumber']
195893 [main] INFO utilities.listener.WebEventListener  - Before Finding element: By.xpath: //input[@id='RICA_SAIdentityNumber']
2021-02-26/09:44:33.374  INFO: listener.WebEventListener - Before Finding element: By.xpath: //input[@id='RICA_SAIdentityNumber']
195930 [main] INFO utilities.listener.WebEventListener  - Before Finding element: By.xpath: //input[@id='RICA_SAIdentityNumber']
2021-02-26/09:44:33.459  INFO: listener.WebEventListener - Default Value :
196015 [main] INFO utilities.listener.WebEventListener  - Default Value :
2021-02-26/09:44:33.936  INFO: listener.WebEventListener - Entered Value :1234567891234
196492 [main] INFO utilities.listener.WebEventListener  - Entered Value :1234567891234
2021-02-26/09:44:33.936  INFO: listener.WebEventListener - Before Finding element: By.xpath: //input[@id='Fridgeline']//..
196492 [main] INFO utilities.listener.WebEventListener  - Before Finding element: By.xpath: //input[@id='Fridgeline']//..
2021-02-26/09:44:33.959  INFO: listener.WebEventListener - Before Finding element: By.xpath: //div[@id='stepParcels']
196515 [main] INFO utilities.listener.WebEventListener  - Before Finding element: By.xpath: //div[@id='stepParcels']
2021-02-26/09:44:34.011  INFO: listener.WebEventListener - Before Finding element: By.xpath: //div[@id='stepParcels']
196567 [main] INFO utilities.listener.WebEventListener  - Before Finding element: By.xpath: //div[@id='stepParcels']
2021-02-26/09:44:34.039  INFO: listener.WebEventListener - Before Finding element: By.xpath: //div[@id='stepParcels']
196595 [main] INFO utilities.listener.WebEventListener  - Before Finding element: By.xpath: //div[@id='stepParcels']
2021-02-26/09:44:34.059  INFO: listener.WebEventListener - beforeClickOn xpath: //div[@id='stepParcels']]
196615 [main] INFO utilities.listener.WebEventListener  - beforeClickOn xpath: //div[@id='stepParcels']]
2021-02-26/09:44:34.270  INFO: listener.WebEventListener - after click on
196826 [main] INFO utilities.listener.WebEventListener  - after click on
2021-02-26/09:44:34.271  INFO: listener.WebEventListener - Before Finding element: By.xpath: //div[@id='stepParcels']
196827 [main] INFO utilities.listener.WebEventListener  - Before Finding element: By.xpath: //div[@id='stepParcels']
2021-02-26/09:44:34.430  INFO: listener.WebEventListener - Before Finding element: By.xpath: //div[@id='stepParcels']
196986 [main] INFO utilities.listener.WebEventListener  - Before Finding element: By.xpath: //div[@id='stepParcels']
2021-02-26/09:44:34.547  INFO: listener.WebEventListener - Before Finding element: By.xpath: //div[@id='stepParcels']
197103 [main] INFO utilities.listener.WebEventListener  - Before Finding element: By.xpath: //div[@id='stepParcels']
2021-02-26/09:44:34.592  INFO: listener.WebEventListener - beforeClickOn xpath: //div[@id='stepParcels']]
197148 [main] INFO utilities.listener.WebEventListener  - beforeClickOn xpath: //div[@id='stepParcels']]
2021-02-26/09:44:34.868  INFO: listener.WebEventListener - after click on
197424 [main] INFO utilities.listener.WebEventListener  - after click on
2021-02-26/09:44:34.869  INFO: listener.WebEventListener - Before Finding element: By.xpath: //input[@id='NumberOfParcels']
197425 [main] INFO utilities.listener.WebEventListener  - Before Finding element: By.xpath: //input[@id='NumberOfParcels']
2021-02-26/09:44:35.050  INFO: listener.WebEventListener - Before Finding element: By.xpath: //input[@id='NumberOfParcels']
197606 [main] INFO utilities.listener.WebEventListener  - Before Finding element: By.xpath: //input[@id='NumberOfParcels']
2021-02-26/09:44:35.106  INFO: listener.WebEventListener - Before Finding element: By.xpath: //input[@id='NumberOfParcels']
197662 [main] INFO utilities.listener.WebEventListener  - Before Finding element: By.xpath: //input[@id='NumberOfParcels']
2021-02-26/09:44:35.188  INFO: listener.WebEventListener - Default Value :
197744 [main] INFO utilities.listener.WebEventListener  - Default Value :
2021-02-26/09:44:35.527  INFO: listener.WebEventListener - Entered Value :1
198083 [main] INFO utilities.listener.WebEventListener  - Entered Value :1
2021-02-26/09:44:35.528  INFO: listener.WebEventListener - Before Finding element: By.xpath: //div[@class='parcelHeader']
198084 [main] INFO utilities.listener.WebEventListener  - Before Finding element: By.xpath: //div[@class='parcelHeader']
ParcelHeader displayed1
2021-02-26/09:44:35.553  INFO: listener.WebEventListener - Before Finding element: By.xpath: //input[@id='ParcelSecurityPack001']
198109 [main] INFO utilities.listener.WebEventListener  - Before Finding element: By.xpath: //input[@id='ParcelSecurityPack001']
2021-02-26/09:44:35.650  INFO: listener.WebEventListener - Default Value :
198206 [main] INFO utilities.listener.WebEventListener  - Default Value :
2021-02-26/09:44:36.344  INFO: listener.WebEventListener - Entered Value :SP12345678
198900 [main] INFO utilities.listener.WebEventListener  - Entered Value :SP12345678
2021-02-26/09:44:36.345  INFO: listener.WebEventListener - Before Finding element: By.xpath: //input[@id='ParcelWeight001']
198901 [main] INFO utilities.listener.WebEventListener  - Before Finding element: By.xpath: //input[@id='ParcelWeight001']
2021-02-26/09:44:36.426  INFO: listener.WebEventListener - Before Finding element: By.xpath: //input[@id='ParcelWeight001']
198982 [main] INFO utilities.listener.WebEventListener  - Before Finding element: By.xpath: //input[@id='ParcelWeight001']
2021-02-26/09:44:36.475  INFO: listener.WebEventListener - Before Finding element: By.xpath: //input[@id='ParcelWeight001']
199031 [main] INFO utilities.listener.WebEventListener  - Before Finding element: By.xpath: //input[@id='ParcelWeight001']
2021-02-26/09:44:36.564  INFO: listener.WebEventListener - Default Value :0
199120 [main] INFO utilities.listener.WebEventListener  - Default Value :0
2021-02-26/09:44:36.894  INFO: listener.WebEventListener - Entered Value :00.1
199450 [main] INFO utilities.listener.WebEventListener  - Entered Value :00.1
2021-02-26/09:44:36.894  INFO: listener.WebEventListener - Before Finding element: By.xpath: //button[@id='FinaliseConsignment']
199450 [main] INFO utilities.listener.WebEventListener  - Before Finding element: By.xpath: //button[@id='FinaliseConsignment']
2021-02-26/09:44:36.956  INFO: listener.WebEventListener - Before Finding element: By.xpath: //button[@id='FinaliseConsignment']
199512 [main] INFO utilities.listener.WebEventListener  - Before Finding element: By.xpath: //button[@id='FinaliseConsignment']
2021-02-26/09:44:36.990  INFO: listener.WebEventListener - Before Finding element: By.xpath: //button[@id='FinaliseConsignment']
199546 [main] INFO utilities.listener.WebEventListener  - Before Finding element: By.xpath: //button[@id='FinaliseConsignment']
2021-02-26/09:44:37.011  INFO: listener.WebEventListener - beforeClickOn xpath: //button[@id='FinaliseConsignment']]
199567 [main] INFO utilities.listener.WebEventListener  - beforeClickOn xpath: //button[@id='FinaliseConsignment']]
2021-02-26/09:44:37.185  INFO: listener.WebEventListener - after click on
199741 [main] INFO utilities.listener.WebEventListener  - after click on
2021-02-26/09:44:37.186  INFO: listener.WebEventListener - Before Finding element: By.xpath: //div[@class='v-dialog v-dialog--active']//div[@class='v-btn__content'][contains(text(),'Close')]
199742 [main] INFO utilities.listener.WebEventListener  - Before Finding element: By.xpath: //div[@class='v-dialog v-dialog--active']//div[@class='v-btn__content'][contains(text(),'Close')]
2021-02-26/09:44:37.228  INFO: listener.WebEventListener - Before Finding element: By.xpath: //div[@class='v-dialog v-dialog--active']//div[@class='v-btn__content'][contains(text(),'Close')]
199784 [main] INFO utilities.listener.WebEventListener  - Before Finding element: By.xpath: //div[@class='v-dialog v-dialog--active']//div[@class='v-btn__content'][contains(text(),'Close')]
2021-02-26/09:44:37.514  INFO: listener.WebEventListener - Before Finding element: By.xpath: //div[@class='v-dialog v-dialog--active']//div[@class='v-btn__content'][contains(text(),'Close')]
200070 [main] INFO utilities.listener.WebEventListener  - Before Finding element: By.xpath: //div[@class='v-dialog v-dialog--active']//div[@class='v-btn__content'][contains(text(),'Close')]
2021-02-26/09:44:37.796  INFO: listener.WebEventListener - Before Finding element: By.xpath: //div[@class='v-dialog v-dialog--active']//div[@class='v-btn__content'][contains(text(),'Close')]
200352 [main] INFO utilities.listener.WebEventListener  - Before Finding element: By.xpath: //div[@class='v-dialog v-dialog--active']//div[@class='v-btn__content'][contains(text(),'Close')]
2021-02-26/09:44:38.065  INFO: listener.WebEventListener - Before Finding element: By.xpath: //div[@class='v-dialog v-dialog--active']//div[@class='v-btn__content'][contains(text(),'Close')]
200621 [main] INFO utilities.listener.WebEventListener  - Before Finding element: By.xpath: //div[@class='v-dialog v-dialog--active']//div[@class='v-btn__content'][contains(text(),'Close')]
2021-02-26/09:44:38.335  INFO: listener.WebEventListener - Before Finding element: By.xpath: //div[@class='v-dialog v-dialog--active']//div[@class='v-btn__content'][contains(text(),'Close')]
200891 [main] INFO utilities.listener.WebEventListener  - Before Finding element: By.xpath: //div[@class='v-dialog v-dialog--active']//div[@class='v-btn__content'][contains(text(),'Close')]
2021-02-26/09:44:38.605  INFO: listener.WebEventListener - Before Finding element: By.xpath: //div[@class='v-dialog v-dialog--active']//div[@class='v-btn__content'][contains(text(),'Close')]
201161 [main] INFO utilities.listener.WebEventListener  - Before Finding element: By.xpath: //div[@class='v-dialog v-dialog--active']//div[@class='v-btn__content'][contains(text(),'Close')]
2021-02-26/09:44:38.875  INFO: listener.WebEventListener - Before Finding element: By.xpath: //div[@class='v-dialog v-dialog--active']//div[@class='v-btn__content'][contains(text(),'Close')]
201431 [main] INFO utilities.listener.WebEventListener  - Before Finding element: By.xpath: //div[@class='v-dialog v-dialog--active']//div[@class='v-btn__content'][contains(text(),'Close')]
2021-02-26/09:44:39.145  INFO: listener.WebEventListener - Before Finding element: By.xpath: //div[@class='v-dialog v-dialog--active']//div[@class='v-btn__content'][contains(text(),'Close')]
201701 [main] INFO utilities.listener.WebEventListener  - Before Finding element: By.xpath: //div[@class='v-dialog v-dialog--active']//div[@class='v-btn__content'][contains(text(),'Close')]
2021-02-26/09:44:39.413  INFO: listener.WebEventListener - Before Finding element: By.xpath: //div[@class='v-dialog v-dialog--active']//div[@class='v-btn__content'][contains(text(),'Close')]
201969 [main] INFO utilities.listener.WebEventListener  - Before Finding element: By.xpath: //div[@class='v-dialog v-dialog--active']//div[@class='v-btn__content'][contains(text(),'Close')]
2021-02-26/09:44:39.681  INFO: listener.WebEventListener - Before Finding element: By.xpath: //div[@class='v-dialog v-dialog--active']//div[@class='v-btn__content'][contains(text(),'Close')]
202237 [main] INFO utilities.listener.WebEventListener  - Before Finding element: By.xpath: //div[@class='v-dialog v-dialog--active']//div[@class='v-btn__content'][contains(text(),'Close')]
2021-02-26/09:44:39.960  INFO: listener.WebEventListener - Before Finding element: By.xpath: //div[@class='v-dialog v-dialog--active']//div[@class='v-btn__content'][contains(text(),'Close')]
202516 [main] INFO utilities.listener.WebEventListener  - Before Finding element: By.xpath: //div[@class='v-dialog v-dialog--active']//div[@class='v-btn__content'][contains(text(),'Close')]
2021-02-26/09:44:40.228  INFO: listener.WebEventListener - Before Finding element: By.xpath: //div[@class='v-dialog v-dialog--active']//div[@class='v-btn__content'][contains(text(),'Close')]
202784 [main] INFO utilities.listener.WebEventListener  - Before Finding element: By.xpath: //div[@class='v-dialog v-dialog--active']//div[@class='v-btn__content'][contains(text(),'Close')]
2021-02-26/09:44:40.494  INFO: listener.WebEventListener - Before Finding element: By.xpath: //div[@class='v-dialog v-dialog--active']//div[@class='v-btn__content'][contains(text(),'Close')]
203050 [main] INFO utilities.listener.WebEventListener  - Before Finding element: By.xpath: //div[@class='v-dialog v-dialog--active']//div[@class='v-btn__content'][contains(text(),'Close')]
2021-02-26/09:44:40.768  INFO: listener.WebEventListener - Before Finding element: By.xpath: //div[@class='v-dialog v-dialog--active']//div[@class='v-btn__content'][contains(text(),'Close')]
203324 [main] INFO utilities.listener.WebEventListener  - Before Finding element: By.xpath: //div[@class='v-dialog v-dialog--active']//div[@class='v-btn__content'][contains(text(),'Close')]
2021-02-26/09:44:41.038  INFO: listener.WebEventListener - Before Finding element: By.xpath: //div[@class='v-dialog v-dialog--active']//div[@class='v-btn__content'][contains(text(),'Close')]
203594 [main] INFO utilities.listener.WebEventListener  - Before Finding element: By.xpath: //div[@class='v-dialog v-dialog--active']//div[@class='v-btn__content'][contains(text(),'Close')]
2021-02-26/09:44:41.306  INFO: listener.WebEventListener - Before Finding element: By.xpath: //div[@class='v-dialog v-dialog--active']//div[@class='v-btn__content'][contains(text(),'Close')]
203862 [main] INFO utilities.listener.WebEventListener  - Before Finding element: By.xpath: //div[@class='v-dialog v-dialog--active']//div[@class='v-btn__content'][contains(text(),'Close')]
2021-02-26/09:44:41.578  INFO: listener.WebEventListener - Before Finding element: By.xpath: //div[@class='v-dialog v-dialog--active']//div[@class='v-btn__content'][contains(text(),'Close')]
204134 [main] INFO utilities.listener.WebEventListener  - Before Finding element: By.xpath: //div[@class='v-dialog v-dialog--active']//div[@class='v-btn__content'][contains(text(),'Close')]
2021-02-26/09:44:41.847  INFO: listener.WebEventListener - Before Finding element: By.xpath: //div[@class='v-dialog v-dialog--active']//div[@class='v-btn__content'][contains(text(),'Close')]
204403 [main] INFO utilities.listener.WebEventListener  - Before Finding element: By.xpath: //div[@class='v-dialog v-dialog--active']//div[@class='v-btn__content'][contains(text(),'Close')]
2021-02-26/09:44:42.120  INFO: listener.WebEventListener - Before Finding element: By.xpath: //div[@class='v-dialog v-dialog--active']//div[@class='v-btn__content'][contains(text(),'Close')]
204676 [main] INFO utilities.listener.WebEventListener  - Before Finding element: By.xpath: //div[@class='v-dialog v-dialog--active']//div[@class='v-btn__content'][contains(text(),'Close')]
2021-02-26/09:44:42.389  INFO: listener.WebEventListener - Before Finding element: By.xpath: //div[@class='v-dialog v-dialog--active']//div[@class='v-btn__content'][contains(text(),'Close')]
204945 [main] INFO utilities.listener.WebEventListener  - Before Finding element: By.xpath: //div[@class='v-dialog v-dialog--active']//div[@class='v-btn__content'][contains(text(),'Close')]
2021-02-26/09:44:42.660  INFO: listener.WebEventListener - Before Finding element: By.xpath: //div[@class='v-dialog v-dialog--active']//div[@class='v-btn__content'][contains(text(),'Close')]
205216 [main] INFO utilities.listener.WebEventListener  - Before Finding element: By.xpath: //div[@class='v-dialog v-dialog--active']//div[@class='v-btn__content'][contains(text(),'Close')]
2021-02-26/09:44:42.930  INFO: listener.WebEventListener - Before Finding element: By.xpath: //div[@class='v-dialog v-dialog--active']//div[@class='v-btn__content'][contains(text(),'Close')]
205486 [main] INFO utilities.listener.WebEventListener  - Before Finding element: By.xpath: //div[@class='v-dialog v-dialog--active']//div[@class='v-btn__content'][contains(text(),'Close')]
2021-02-26/09:44:43.207  INFO: listener.WebEventListener - Before Finding element: By.xpath: //div[@class='v-dialog v-dialog--active']//div[@class='v-btn__content'][contains(text(),'Close')]
205763 [main] INFO utilities.listener.WebEventListener  - Before Finding element: By.xpath: //div[@class='v-dialog v-dialog--active']//div[@class='v-btn__content'][contains(text(),'Close')]
2021-02-26/09:44:43.475  INFO: listener.WebEventListener - Before Finding element: By.xpath: //div[@class='v-dialog v-dialog--active']//div[@class='v-btn__content'][contains(text(),'Close')]
206031 [main] INFO utilities.listener.WebEventListener  - Before Finding element: By.xpath: //div[@class='v-dialog v-dialog--active']//div[@class='v-btn__content'][contains(text(),'Close')]
2021-02-26/09:44:43.744  INFO: listener.WebEventListener - Before Finding element: By.xpath: //div[@class='v-dialog v-dialog--active']//div[@class='v-btn__content'][contains(text(),'Close')]
206300 [main] INFO utilities.listener.WebEventListener  - Before Finding element: By.xpath: //div[@class='v-dialog v-dialog--active']//div[@class='v-btn__content'][contains(text(),'Close')]
2021-02-26/09:44:44.025  INFO: listener.WebEventListener - Before Finding element: By.xpath: //div[@class='v-dialog v-dialog--active']//div[@class='v-btn__content'][contains(text(),'Close')]
206581 [main] INFO utilities.listener.WebEventListener  - Before Finding element: By.xpath: //div[@class='v-dialog v-dialog--active']//div[@class='v-btn__content'][contains(text(),'Close')]
2021-02-26/09:44:44.294  INFO: listener.WebEventListener - Before Finding element: By.xpath: //div[@class='v-dialog v-dialog--active']//div[@class='v-btn__content'][contains(text(),'Close')]
206850 [main] INFO utilities.listener.WebEventListener  - Before Finding element: By.xpath: //div[@class='v-dialog v-dialog--active']//div[@class='v-btn__content'][contains(text(),'Close')]
2021-02-26/09:44:44.564  INFO: listener.WebEventListener - Before Finding element: By.xpath: //div[@class='v-dialog v-dialog--active']//div[@class='v-btn__content'][contains(text(),'Close')]
207120 [main] INFO utilities.listener.WebEventListener  - Before Finding element: By.xpath: //div[@class='v-dialog v-dialog--active']//div[@class='v-btn__content'][contains(text(),'Close')]
2021-02-26/09:44:44.838  INFO: listener.WebEventListener - Before Finding element: By.xpath: //div[@class='v-dialog v-dialog--active']//div[@class='v-btn__content'][contains(text(),'Close')]
207394 [main] INFO utilities.listener.WebEventListener  - Before Finding element: By.xpath: //div[@class='v-dialog v-dialog--active']//div[@class='v-btn__content'][contains(text(),'Close')]
2021-02-26/09:44:45.107  INFO: listener.WebEventListener - Before Finding element: By.xpath: //div[@class='v-dialog v-dialog--active']//div[@class='v-btn__content'][contains(text(),'Close')]
207663 [main] INFO utilities.listener.WebEventListener  - Before Finding element: By.xpath: //div[@class='v-dialog v-dialog--active']//div[@class='v-btn__content'][contains(text(),'Close')]
2021-02-26/09:44:45.376  INFO: listener.WebEventListener - Before Finding element: By.xpath: //div[@class='v-dialog v-dialog--active']//div[@class='v-btn__content'][contains(text(),'Close')]
207932 [main] INFO utilities.listener.WebEventListener  - Before Finding element: By.xpath: //div[@class='v-dialog v-dialog--active']//div[@class='v-btn__content'][contains(text(),'Close')]
2021-02-26/09:44:45.653  INFO: listener.WebEventListener - Before Finding element: By.xpath: //div[@class='v-dialog v-dialog--active']//div[@class='v-btn__content'][contains(text(),'Close')]
208209 [main] INFO utilities.listener.WebEventListener  - Before Finding element: By.xpath: //div[@class='v-dialog v-dialog--active']//div[@class='v-btn__content'][contains(text(),'Close')]
2021-02-26/09:44:45.922  INFO: listener.WebEventListener - Before Finding element: By.xpath: //div[@class='v-dialog v-dialog--active']//div[@class='v-btn__content'][contains(text(),'Close')]
208478 [main] INFO utilities.listener.WebEventListener  - Before Finding element: By.xpath: //div[@class='v-dialog v-dialog--active']//div[@class='v-btn__content'][contains(text(),'Close')]
2021-02-26/09:44:46.191  INFO: listener.WebEventListener - Before Finding element: By.xpath: //div[@class='v-dialog v-dialog--active']//div[@class='v-btn__content'][contains(text(),'Close')]
208747 [main] INFO utilities.listener.WebEventListener  - Before Finding element: By.xpath: //div[@class='v-dialog v-dialog--active']//div[@class='v-btn__content'][contains(text(),'Close')]
2021-02-26/09:44:46.460  INFO: listener.WebEventListener - Before Finding element: By.xpath: //div[@class='v-dialog v-dialog--active']//div[@class='v-btn__content'][contains(text(),'Close')]
209016 [main] INFO utilities.listener.WebEventListener  - Before Finding element: By.xpath: //div[@class='v-dialog v-dialog--active']//div[@class='v-btn__content'][contains(text(),'Close')]
2021-02-26/09:44:46.740  INFO: listener.WebEventListener - Before Finding element: By.xpath: //div[@class='v-dialog v-dialog--active']//div[@class='v-btn__content'][contains(text(),'Close')]
209296 [main] INFO utilities.listener.WebEventListener  - Before Finding element: By.xpath: //div[@class='v-dialog v-dialog--active']//div[@class='v-btn__content'][contains(text(),'Close')]
2021-02-26/09:44:47.008  INFO: listener.WebEventListener - Before Finding element: By.xpath: //div[@class='v-dialog v-dialog--active']//div[@class='v-btn__content'][contains(text(),'Close')]
209564 [main] INFO utilities.listener.WebEventListener  - Before Finding element: By.xpath: //div[@class='v-dialog v-dialog--active']//div[@class='v-btn__content'][contains(text(),'Close')]
2021-02-26/09:44:47.292  INFO: listener.WebEventListener - Before Finding element: By.xpath: //div[@class='v-dialog v-dialog--active']//div[@class='v-btn__content'][contains(text(),'Close')]
209848 [main] INFO utilities.listener.WebEventListener  - Before Finding element: By.xpath: //div[@class='v-dialog v-dialog--active']//div[@class='v-btn__content'][contains(text(),'Close')]
2021-02-26/09:44:47.560  INFO: listener.WebEventListener - Before Finding element: By.xpath: //div[@class='v-dialog v-dialog--active']//div[@class='v-btn__content'][contains(text(),'Close')]
210116 [main] INFO utilities.listener.WebEventListener  - Before Finding element: By.xpath: //div[@class='v-dialog v-dialog--active']//div[@class='v-btn__content'][contains(text(),'Close')]
2021-02-26/09:44:47.836  INFO: listener.WebEventListener - Before Finding element: By.xpath: //div[@class='v-dialog v-dialog--active']//div[@class='v-btn__content'][contains(text(),'Close')]
210392 [main] INFO utilities.listener.WebEventListener  - Before Finding element: By.xpath: //div[@class='v-dialog v-dialog--active']//div[@class='v-btn__content'][contains(text(),'Close')]
2021-02-26/09:44:48.108  INFO: listener.WebEventListener - Before Finding element: By.xpath: //div[@class='v-dialog v-dialog--active']//div[@class='v-btn__content'][contains(text(),'Close')]
210664 [main] INFO utilities.listener.WebEventListener  - Before Finding element: By.xpath: //div[@class='v-dialog v-dialog--active']//div[@class='v-btn__content'][contains(text(),'Close')]
2021-02-26/09:44:48.378  INFO: listener.WebEventListener - Before Finding element: By.xpath: //div[@class='v-dialog v-dialog--active']//div[@class='v-btn__content'][contains(text(),'Close')]
210934 [main] INFO utilities.listener.WebEventListener  - Before Finding element: By.xpath: //div[@class='v-dialog v-dialog--active']//div[@class='v-btn__content'][contains(text(),'Close')]
2021-02-26/09:44:48.648  INFO: listener.WebEventListener - Before Finding element: By.xpath: //div[@class='v-dialog v-dialog--active']//div[@class='v-btn__content'][contains(text(),'Close')]
211204 [main] INFO utilities.listener.WebEventListener  - Before Finding element: By.xpath: //div[@class='v-dialog v-dialog--active']//div[@class='v-btn__content'][contains(text(),'Close')]
2021-02-26/09:44:48.917  INFO: listener.WebEventListener - Before Finding element: By.xpath: //div[@class='v-dialog v-dialog--active']//div[@class='v-btn__content'][contains(text(),'Close')]
211473 [main] INFO utilities.listener.WebEventListener  - Before Finding element: By.xpath: //div[@class='v-dialog v-dialog--active']//div[@class='v-btn__content'][contains(text(),'Close')]
2021-02-26/09:44:49.187  INFO: listener.WebEventListener - Before Finding element: By.xpath: //div[@class='v-dialog v-dialog--active']//div[@class='v-btn__content'][contains(text(),'Close')]
211743 [main] INFO utilities.listener.WebEventListener  - Before Finding element: By.xpath: //div[@class='v-dialog v-dialog--active']//div[@class='v-btn__content'][contains(text(),'Close')]
2021-02-26/09:44:49.458  INFO: listener.WebEventListener - Before Finding element: By.xpath: //div[@class='v-dialog v-dialog--active']//div[@class='v-btn__content'][contains(text(),'Close')]
212014 [main] INFO utilities.listener.WebEventListener  - Before Finding element: By.xpath: //div[@class='v-dialog v-dialog--active']//div[@class='v-btn__content'][contains(text(),'Close')]
2021-02-26/09:44:49.730  INFO: listener.WebEventListener - Before Finding element: By.xpath: //div[@class='v-dialog v-dialog--active']//div[@class='v-btn__content'][contains(text(),'Close')]
212286 [main] INFO utilities.listener.WebEventListener  - Before Finding element: By.xpath: //div[@class='v-dialog v-dialog--active']//div[@class='v-btn__content'][contains(text(),'Close')]
2021-02-26/09:44:50.007  INFO: listener.WebEventListener - Before Finding element: By.xpath: //div[@class='v-dialog v-dialog--active']//div[@class='v-btn__content'][contains(text(),'Close')]
212563 [main] INFO utilities.listener.WebEventListener  - Before Finding element: By.xpath: //div[@class='v-dialog v-dialog--active']//div[@class='v-btn__content'][contains(text(),'Close')]
2021-02-26/09:44:50.276  INFO: listener.WebEventListener - Before Finding element: By.xpath: //div[@class='v-dialog v-dialog--active']//div[@class='v-btn__content'][contains(text(),'Close')]
212832 [main] INFO utilities.listener.WebEventListener  - Before Finding element: By.xpath: //div[@class='v-dialog v-dialog--active']//div[@class='v-btn__content'][contains(text(),'Close')]
2021-02-26/09:44:50.550  INFO: listener.WebEventListener - Before Finding element: By.xpath: //div[@class='v-dialog v-dialog--active']//div[@class='v-btn__content'][contains(text(),'Close')]
213106 [main] INFO utilities.listener.WebEventListener  - Before Finding element: By.xpath: //div[@class='v-dialog v-dialog--active']//div[@class='v-btn__content'][contains(text(),'Close')]
2021-02-26/09:44:50.828  INFO: listener.WebEventListener - Before Finding element: By.xpath: //div[@class='v-dialog v-dialog--active']//div[@class='v-btn__content'][contains(text(),'Close')]
213384 [main] INFO utilities.listener.WebEventListener  - Before Finding element: By.xpath: //div[@class='v-dialog v-dialog--active']//div[@class='v-btn__content'][contains(text(),'Close')]
2021-02-26/09:44:51.098  INFO: listener.WebEventListener - Before Finding element: By.xpath: //div[@class='v-dialog v-dialog--active']//div[@class='v-btn__content'][contains(text(),'Close')]
213654 [main] INFO utilities.listener.WebEventListener  - Before Finding element: By.xpath: //div[@class='v-dialog v-dialog--active']//div[@class='v-btn__content'][contains(text(),'Close')]
2021-02-26/09:44:51.370  INFO: listener.WebEventListener - Before Finding element: By.xpath: //div[@class='v-dialog v-dialog--active']//div[@class='v-btn__content'][contains(text(),'Close')]
213926 [main] INFO utilities.listener.WebEventListener  - Before Finding element: By.xpath: //div[@class='v-dialog v-dialog--active']//div[@class='v-btn__content'][contains(text(),'Close')]
2021-02-26/09:44:51.644  INFO: listener.WebEventListener - Before Finding element: By.xpath: //div[@class='v-dialog v-dialog--active']//div[@class='v-btn__content'][contains(text(),'Close')]
214200 [main] INFO utilities.listener.WebEventListener  - Before Finding element: By.xpath: //div[@class='v-dialog v-dialog--active']//div[@class='v-btn__content'][contains(text(),'Close')]
2021-02-26/09:44:51.916  INFO: listener.WebEventListener - Before Finding element: By.xpath: //div[@class='v-dialog v-dialog--active']//div[@class='v-btn__content'][contains(text(),'Close')]
214472 [main] INFO utilities.listener.WebEventListener  - Before Finding element: By.xpath: //div[@class='v-dialog v-dialog--active']//div[@class='v-btn__content'][contains(text(),'Close')]
2021-02-26/09:44:52.191  INFO: listener.WebEventListener - Before Finding element: By.xpath: //div[@class='v-dialog v-dialog--active']//div[@class='v-btn__content'][contains(text(),'Close')]
214747 [main] INFO utilities.listener.WebEventListener  - Before Finding element: By.xpath: //div[@class='v-dialog v-dialog--active']//div[@class='v-btn__content'][contains(text(),'Close')]
2021-02-26/09:44:52.483  INFO: listener.WebEventListener - Before Finding element: By.xpath: //div[@class='v-dialog v-dialog--active']//div[@class='v-btn__content'][contains(text(),'Close')]
215039 [main] INFO utilities.listener.WebEventListener  - Before Finding element: By.xpath: //div[@class='v-dialog v-dialog--active']//div[@class='v-btn__content'][contains(text(),'Close')]
2021-02-26/09:44:52.752  INFO: listener.WebEventListener - Before Finding element: By.xpath: //div[@class='v-dialog v-dialog--active']//div[@class='v-btn__content'][contains(text(),'Close')]
215308 [main] INFO utilities.listener.WebEventListener  - Before Finding element: By.xpath: //div[@class='v-dialog v-dialog--active']//div[@class='v-btn__content'][contains(text(),'Close')]
2021-02-26/09:44:53.023  INFO: listener.WebEventListener - Before Finding element: By.xpath: //div[@class='v-dialog v-dialog--active']//div[@class='v-btn__content'][contains(text(),'Close')]
215579 [main] INFO utilities.listener.WebEventListener  - Before Finding element: By.xpath: //div[@class='v-dialog v-dialog--active']//div[@class='v-btn__content'][contains(text(),'Close')]
2021-02-26/09:44:53.291  INFO: listener.WebEventListener - Before Finding element: By.xpath: //div[@class='v-dialog v-dialog--active']//div[@class='v-btn__content'][contains(text(),'Close')]
215847 [main] INFO utilities.listener.WebEventListener  - Before Finding element: By.xpath: //div[@class='v-dialog v-dialog--active']//div[@class='v-btn__content'][contains(text(),'Close')]
2021-02-26/09:44:53.560  INFO: listener.WebEventListener - Before Finding element: By.xpath: //div[@class='v-dialog v-dialog--active']//div[@class='v-btn__content'][contains(text(),'Close')]
216116 [main] INFO utilities.listener.WebEventListener  - Before Finding element: By.xpath: //div[@class='v-dialog v-dialog--active']//div[@class='v-btn__content'][contains(text(),'Close')]
2021-02-26/09:44:53.830  INFO: listener.WebEventListener - Before Finding element: By.xpath: //div[@class='v-dialog v-dialog--active']//div[@class='v-btn__content'][contains(text(),'Close')]
216386 [main] INFO utilities.listener.WebEventListener  - Before Finding element: By.xpath: //div[@class='v-dialog v-dialog--active']//div[@class='v-btn__content'][contains(text(),'Close')]
2021-02-26/09:44:54.098  INFO: listener.WebEventListener - Before Finding element: By.xpath: //div[@class='v-dialog v-dialog--active']//div[@class='v-btn__content'][contains(text(),'Close')]
216654 [main] INFO utilities.listener.WebEventListener  - Before Finding element: By.xpath: //div[@class='v-dialog v-dialog--active']//div[@class='v-btn__content'][contains(text(),'Close')]
2021-02-26/09:44:54.366  INFO: listener.WebEventListener - Before Finding element: By.xpath: //div[@class='v-dialog v-dialog--active']//div[@class='v-btn__content'][contains(text(),'Close')]
216922 [main] INFO utilities.listener.WebEventListener  - Before Finding element: By.xpath: //div[@class='v-dialog v-dialog--active']//div[@class='v-btn__content'][contains(text(),'Close')]
2021-02-26/09:44:54.638  INFO: listener.WebEventListener - Before Finding element: By.xpath: //div[@class='v-dialog v-dialog--active']//div[@class='v-btn__content'][contains(text(),'Close')]
217194 [main] INFO utilities.listener.WebEventListener  - Before Finding element: By.xpath: //div[@class='v-dialog v-dialog--active']//div[@class='v-btn__content'][contains(text(),'Close')]
2021-02-26/09:44:54.913  INFO: listener.WebEventListener - Before Finding element: By.xpath: //div[@class='v-dialog v-dialog--active']//div[@class='v-btn__content'][contains(text(),'Close')]
217469 [main] INFO utilities.listener.WebEventListener  - Before Finding element: By.xpath: //div[@class='v-dialog v-dialog--active']//div[@class='v-btn__content'][contains(text(),'Close')]
2021-02-26/09:44:55.182  INFO: listener.WebEventListener - Before Finding element: By.xpath: //div[@class='v-dialog v-dialog--active']//div[@class='v-btn__content'][contains(text(),'Close')]
217738 [main] INFO utilities.listener.WebEventListener  - Before Finding element: By.xpath: //div[@class='v-dialog v-dialog--active']//div[@class='v-btn__content'][contains(text(),'Close')]
2021-02-26/09:44:55.450  INFO: listener.WebEventListener - Before Finding element: By.xpath: //div[@class='v-dialog v-dialog--active']//div[@class='v-btn__content'][contains(text(),'Close')]
218006 [main] INFO utilities.listener.WebEventListener  - Before Finding element: By.xpath: //div[@class='v-dialog v-dialog--active']//div[@class='v-btn__content'][contains(text(),'Close')]
2021-02-26/09:44:55.730  INFO: listener.WebEventListener - Before Finding element: By.xpath: //div[@class='v-dialog v-dialog--active']//div[@class='v-btn__content'][contains(text(),'Close')]
218286 [main] INFO utilities.listener.WebEventListener  - Before Finding element: By.xpath: //div[@class='v-dialog v-dialog--active']//div[@class='v-btn__content'][contains(text(),'Close')]
2021-02-26/09:44:55.998  INFO: listener.WebEventListener - Before Finding element: By.xpath: //div[@class='v-dialog v-dialog--active']//div[@class='v-btn__content'][contains(text(),'Close')]
218554 [main] INFO utilities.listener.WebEventListener  - Before Finding element: By.xpath: //div[@class='v-dialog v-dialog--active']//div[@class='v-btn__content'][contains(text(),'Close')]
2021-02-26/09:44:56.274  INFO: listener.WebEventListener - Before Finding element: By.xpath: //div[@class='v-dialog v-dialog--active']//div[@class='v-btn__content'][contains(text(),'Close')]
218830 [main] INFO utilities.listener.WebEventListener  - Before Finding element: By.xpath: //div[@class='v-dialog v-dialog--active']//div[@class='v-btn__content'][contains(text(),'Close')]
2021-02-26/09:44:56.547  INFO: listener.WebEventListener - Before Finding element: By.xpath: //div[@class='v-dialog v-dialog--active']//div[@class='v-btn__content'][contains(text(),'Close')]
219103 [main] INFO utilities.listener.WebEventListener  - Before Finding element: By.xpath: //div[@class='v-dialog v-dialog--active']//div[@class='v-btn__content'][contains(text(),'Close')]
2021-02-26/09:44:56.822  INFO: listener.WebEventListener - Before Finding element: By.xpath: //div[@class='v-dialog v-dialog--active']//div[@class='v-btn__content'][contains(text(),'Close')]
219378 [main] INFO utilities.listener.WebEventListener  - Before Finding element: By.xpath: //div[@class='v-dialog v-dialog--active']//div[@class='v-btn__content'][contains(text(),'Close')]
2021-02-26/09:44:57.096  INFO: listener.WebEventListener - Before Finding element: By.xpath: //div[@class='v-dialog v-dialog--active']//div[@class='v-btn__content'][contains(text(),'Close')]
219652 [main] INFO utilities.listener.WebEventListener  - Before Finding element: By.xpath: //div[@class='v-dialog v-dialog--active']//div[@class='v-btn__content'][contains(text(),'Close')]
2021-02-26/09:44:57.369  INFO: listener.WebEventListener - Before Finding element: By.xpath: //div[@class='v-dialog v-dialog--active']//div[@class='v-btn__content'][contains(text(),'Close')]
219925 [main] INFO utilities.listener.WebEventListener  - Before Finding element: By.xpath: //div[@class='v-dialog v-dialog--active']//div[@class='v-btn__content'][contains(text(),'Close')]
2021-02-26/09:44:57.645  INFO: listener.WebEventListener - Before Finding element: By.xpath: //div[@class='v-dialog v-dialog--active']//div[@class='v-btn__content'][contains(text(),'Close')]
220201 [main] INFO utilities.listener.WebEventListener  - Before Finding element: By.xpath: //div[@class='v-dialog v-dialog--active']//div[@class='v-btn__content'][contains(text(),'Close')]
2021-02-26/09:44:57.926  INFO: listener.WebEventListener - Before Finding element: By.xpath: //div[@class='v-dialog v-dialog--active']//div[@class='v-btn__content'][contains(text(),'Close')]
220482 [main] INFO utilities.listener.WebEventListener  - Before Finding element: By.xpath: //div[@class='v-dialog v-dialog--active']//div[@class='v-btn__content'][contains(text(),'Close')]
2021-02-26/09:44:58.197  INFO: listener.WebEventListener - Before Finding element: By.xpath: //div[@class='v-dialog v-dialog--active']//div[@class='v-btn__content'][contains(text(),'Close')]
220753 [main] INFO utilities.listener.WebEventListener  - Before Finding element: By.xpath: //div[@class='v-dialog v-dialog--active']//div[@class='v-btn__content'][contains(text(),'Close')]
2021-02-26/09:44:58.469  INFO: listener.WebEventListener - Before Finding element: By.xpath: //div[@class='v-dialog v-dialog--active']//div[@class='v-btn__content'][contains(text(),'Close')]
221025 [main] INFO utilities.listener.WebEventListener  - Before Finding element: By.xpath: //div[@class='v-dialog v-dialog--active']//div[@class='v-btn__content'][contains(text(),'Close')]
2021-02-26/09:44:58.746  INFO: listener.WebEventListener - Before Finding element: By.xpath: //div[@class='v-dialog v-dialog--active']//div[@class='v-btn__content'][contains(text(),'Close')]
221302 [main] INFO utilities.listener.WebEventListener  - Before Finding element: By.xpath: //div[@class='v-dialog v-dialog--active']//div[@class='v-btn__content'][contains(text(),'Close')]
2021-02-26/09:44:59.020  INFO: listener.WebEventListener - Before Finding element: By.xpath: //div[@class='v-dialog v-dialog--active']//div[@class='v-btn__content'][contains(text(),'Close')]
221576 [main] INFO utilities.listener.WebEventListener  - Before Finding element: By.xpath: //div[@class='v-dialog v-dialog--active']//div[@class='v-btn__content'][contains(text(),'Close')]
2021-02-26/09:44:59.292  INFO: listener.WebEventListener - Before Finding element: By.xpath: //div[@class='v-dialog v-dialog--active']//div[@class='v-btn__content'][contains(text(),'Close')]
221848 [main] INFO utilities.listener.WebEventListener  - Before Finding element: By.xpath: //div[@class='v-dialog v-dialog--active']//div[@class='v-btn__content'][contains(text(),'Close')]
2021-02-26/09:44:59.566  INFO: listener.WebEventListener - Before Finding element: By.xpath: //div[@class='v-dialog v-dialog--active']//div[@class='v-btn__content'][contains(text(),'Close')]
222122 [main] INFO utilities.listener.WebEventListener  - Before Finding element: By.xpath: //div[@class='v-dialog v-dialog--active']//div[@class='v-btn__content'][contains(text(),'Close')]
2021-02-26/09:44:59.843  INFO: listener.WebEventListener - Before Finding element: By.xpath: //div[@class='v-dialog v-dialog--active']//div[@class='v-btn__content'][contains(text(),'Close')]
222399 [main] INFO utilities.listener.WebEventListener  - Before Finding element: By.xpath: //div[@class='v-dialog v-dialog--active']//div[@class='v-btn__content'][contains(text(),'Close')]
2021-02-26/09:45:00.115  INFO: listener.WebEventListener - Before Finding element: By.xpath: //div[@class='v-dialog v-dialog--active']//div[@class='v-btn__content'][contains(text(),'Close')]
222671 [main] INFO utilities.listener.WebEventListener  - Before Finding element: By.xpath: //div[@class='v-dialog v-dialog--active']//div[@class='v-btn__content'][contains(text(),'Close')]
2021-02-26/09:45:00.384  INFO: listener.WebEventListener - Before Finding element: By.xpath: //div[@class='v-dialog v-dialog--active']//div[@class='v-btn__content'][contains(text(),'Close')]
222940 [main] INFO utilities.listener.WebEventListener  - Before Finding element: By.xpath: //div[@class='v-dialog v-dialog--active']//div[@class='v-btn__content'][contains(text(),'Close')]
2021-02-26/09:45:00.656  INFO: listener.WebEventListener - Before Finding element: By.xpath: //div[@class='v-dialog v-dialog--active']//div[@class='v-btn__content'][contains(text(),'Close')]
223212 [main] INFO utilities.listener.WebEventListener  - Before Finding element: By.xpath: //div[@class='v-dialog v-dialog--active']//div[@class='v-btn__content'][contains(text(),'Close')]
2021-02-26/09:45:00.927  INFO: listener.WebEventListener - Before Finding element: By.xpath: //div[@class='v-dialog v-dialog--active']//div[@class='v-btn__content'][contains(text(),'Close')]
223483 [main] INFO utilities.listener.WebEventListener  - Before Finding element: By.xpath: //div[@class='v-dialog v-dialog--active']//div[@class='v-btn__content'][contains(text(),'Close')]
2021-02-26/09:45:01.202  INFO: listener.WebEventListener - Before Finding element: By.xpath: //div[@class='v-dialog v-dialog--active']//div[@class='v-btn__content'][contains(text(),'Close')]
223758 [main] INFO utilities.listener.WebEventListener  - Before Finding element: By.xpath: //div[@class='v-dialog v-dialog--active']//div[@class='v-btn__content'][contains(text(),'Close')]
2021-02-26/09:45:01.475  INFO: listener.WebEventListener - Before Finding element: By.xpath: //div[@class='v-dialog v-dialog--active']//div[@class='v-btn__content'][contains(text(),'Close')]
224031 [main] INFO utilities.listener.WebEventListener  - Before Finding element: By.xpath: //div[@class='v-dialog v-dialog--active']//div[@class='v-btn__content'][contains(text(),'Close')]
2021-02-26/09:45:01.743  INFO: listener.WebEventListener - Before Finding element: By.xpath: //div[@class='v-dialog v-dialog--active']//div[@class='v-btn__content'][contains(text(),'Close')]
224299 [main] INFO utilities.listener.WebEventListener  - Before Finding element: By.xpath: //div[@class='v-dialog v-dialog--active']//div[@class='v-btn__content'][contains(text(),'Close')]
2021-02-26/09:45:02.013  INFO: listener.WebEventListener - Before Finding element: By.xpath: //div[@class='v-dialog v-dialog--active']//div[@class='v-btn__content'][contains(text(),'Close')]
224569 [main] INFO utilities.listener.WebEventListener  - Before Finding element: By.xpath: //div[@class='v-dialog v-dialog--active']//div[@class='v-btn__content'][contains(text(),'Close')]
2021-02-26/09:45:02.285  INFO: listener.WebEventListener - Before Finding element: By.xpath: //div[@class='v-dialog v-dialog--active']//div[@class='v-btn__content'][contains(text(),'Close')]
224841 [main] INFO utilities.listener.WebEventListener  - Before Finding element: By.xpath: //div[@class='v-dialog v-dialog--active']//div[@class='v-btn__content'][contains(text(),'Close')]
2021-02-26/09:45:02.553  INFO: listener.WebEventListener - Before Finding element: By.xpath: //div[@class='v-dialog v-dialog--active']//div[@class='v-btn__content'][contains(text(),'Close')]
225109 [main] INFO utilities.listener.WebEventListener  - Before Finding element: By.xpath: //div[@class='v-dialog v-dialog--active']//div[@class='v-btn__content'][contains(text(),'Close')]
2021-02-26/09:45:02.823  INFO: listener.WebEventListener - Before Finding element: By.xpath: //div[@class='v-dialog v-dialog--active']//div[@class='v-btn__content'][contains(text(),'Close')]
225379 [main] INFO utilities.listener.WebEventListener  - Before Finding element: By.xpath: //div[@class='v-dialog v-dialog--active']//div[@class='v-btn__content'][contains(text(),'Close')]
2021-02-26/09:45:03.103  INFO: listener.WebEventListener - Before Finding element: By.xpath: //div[@class='v-dialog v-dialog--active']//div[@class='v-btn__content'][contains(text(),'Close')]
225659 [main] INFO utilities.listener.WebEventListener  - Before Finding element: By.xpath: //div[@class='v-dialog v-dialog--active']//div[@class='v-btn__content'][contains(text(),'Close')]
2021-02-26/09:45:03.380  INFO: listener.WebEventListener - Before Finding element: By.xpath: //div[@class='v-dialog v-dialog--active']//div[@class='v-btn__content'][contains(text(),'Close')]
225936 [main] INFO utilities.listener.WebEventListener  - Before Finding element: By.xpath: //div[@class='v-dialog v-dialog--active']//div[@class='v-btn__content'][contains(text(),'Close')]
2021-02-26/09:45:03.656  INFO: listener.WebEventListener - Before Finding element: By.xpath: //div[@class='v-dialog v-dialog--active']//div[@class='v-btn__content'][contains(text(),'Close')]
226212 [main] INFO utilities.listener.WebEventListener  - Before Finding element: By.xpath: //div[@class='v-dialog v-dialog--active']//div[@class='v-btn__content'][contains(text(),'Close')]
2021-02-26/09:45:03.927  INFO: listener.WebEventListener - Before Finding element: By.xpath: //div[@class='v-dialog v-dialog--active']//div[@class='v-btn__content'][contains(text(),'Close')]
226483 [main] INFO utilities.listener.WebEventListener  - Before Finding element: By.xpath: //div[@class='v-dialog v-dialog--active']//div[@class='v-btn__content'][contains(text(),'Close')]
2021-02-26/09:45:04.196  INFO: listener.WebEventListener - Before Finding element: By.xpath: //div[@class='v-dialog v-dialog--active']//div[@class='v-btn__content'][contains(text(),'Close')]
226752 [main] INFO utilities.listener.WebEventListener  - Before Finding element: By.xpath: //div[@class='v-dialog v-dialog--active']//div[@class='v-btn__content'][contains(text(),'Close')]
2021-02-26/09:45:04.470  INFO: listener.WebEventListener - Before Finding element: By.xpath: //div[@class='v-dialog v-dialog--active']//div[@class='v-btn__content'][contains(text(),'Close')]
227026 [main] INFO utilities.listener.WebEventListener  - Before Finding element: By.xpath: //div[@class='v-dialog v-dialog--active']//div[@class='v-btn__content'][contains(text(),'Close')]
2021-02-26/09:45:04.792  INFO: listener.WebEventListener - Before Finding element: By.xpath: //div[@class='v-dialog v-dialog--active']//div[@class='v-btn__content'][contains(text(),'Close')]
227348 [main] INFO utilities.listener.WebEventListener  - Before Finding element: By.xpath: //div[@class='v-dialog v-dialog--active']//div[@class='v-btn__content'][contains(text(),'Close')]
2021-02-26/09:45:05.097  INFO: listener.WebEventListener - Before Finding element: By.xpath: //div[@class='v-dialog v-dialog--active']//div[@class='v-btn__content'][contains(text(),'Close')]
227653 [main] INFO utilities.listener.WebEventListener  - Before Finding element: By.xpath: //div[@class='v-dialog v-dialog--active']//div[@class='v-btn__content'][contains(text(),'Close')]
2021-02-26/09:45:05.380  INFO: listener.WebEventListener - Before Finding element: By.xpath: //div[@class='v-dialog v-dialog--active']//div[@class='v-btn__content'][contains(text(),'Close')]
227936 [main] INFO utilities.listener.WebEventListener  - Before Finding element: By.xpath: //div[@class='v-dialog v-dialog--active']//div[@class='v-btn__content'][contains(text(),'Close')]
2021-02-26/09:45:05.657  INFO: listener.WebEventListener - Before Finding element: By.xpath: //div[@class='v-dialog v-dialog--active']//div[@class='v-btn__content'][contains(text(),'Close')]
228213 [main] INFO utilities.listener.WebEventListener  - Before Finding element: By.xpath: //div[@class='v-dialog v-dialog--active']//div[@class='v-btn__content'][contains(text(),'Close')]
2021-02-26/09:45:05.940  INFO: listener.WebEventListener - Before Finding element: By.xpath: //div[@class='v-dialog v-dialog--active']//div[@class='v-btn__content'][contains(text(),'Close')]
228496 [main] INFO utilities.listener.WebEventListener  - Before Finding element: By.xpath: //div[@class='v-dialog v-dialog--active']//div[@class='v-btn__content'][contains(text(),'Close')]
2021-02-26/09:45:06.212  INFO: listener.WebEventListener - Before Finding element: By.xpath: //div[@class='v-dialog v-dialog--active']//div[@class='v-btn__content'][contains(text(),'Close')]
228768 [main] INFO utilities.listener.WebEventListener  - Before Finding element: By.xpath: //div[@class='v-dialog v-dialog--active']//div[@class='v-btn__content'][contains(text(),'Close')]
2021-02-26/09:45:06.486  INFO: listener.WebEventListener - Before Finding element: By.xpath: //div[@class='v-dialog v-dialog--active']//div[@class='v-btn__content'][contains(text(),'Close')]
229042 [main] INFO utilities.listener.WebEventListener  - Before Finding element: By.xpath: //div[@class='v-dialog v-dialog--active']//div[@class='v-btn__content'][contains(text(),'Close')]
2021-02-26/09:45:06.756  INFO: listener.WebEventListener - Before Finding element: By.xpath: //div[@class='v-dialog v-dialog--active']//div[@class='v-btn__content'][contains(text(),'Close')]
229312 [main] INFO utilities.listener.WebEventListener  - Before Finding element: By.xpath: //div[@class='v-dialog v-dialog--active']//div[@class='v-btn__content'][contains(text(),'Close')]
2021-02-26/09:45:07.027  INFO: listener.WebEventListener - Before Finding element: By.xpath: //div[@class='v-dialog v-dialog--active']//div[@class='v-btn__content'][contains(text(),'Close')]
229583 [main] INFO utilities.listener.WebEventListener  - Before Finding element: By.xpath: //div[@class='v-dialog v-dialog--active']//div[@class='v-btn__content'][contains(text(),'Close')]
2021-02-26/09:45:07.300  INFO: listener.WebEventListener - Before Finding element: By.xpath: //div[@class='v-dialog v-dialog--active']//div[@class='v-btn__content'][contains(text(),'Close')]
229856 [main] INFO utilities.listener.WebEventListener  - Before Finding element: By.xpath: //div[@class='v-dialog v-dialog--active']//div[@class='v-btn__content'][contains(text(),'Close')]
2021-02-26/09:45:07.568  INFO: listener.WebEventListener - Before Finding element: By.xpath: //div[@class='v-dialog v-dialog--active']//div[@class='v-btn__content'][contains(text(),'Close')]
230124 [main] INFO utilities.listener.WebEventListener  - Before Finding element: By.xpath: //div[@class='v-dialog v-dialog--active']//div[@class='v-btn__content'][contains(text(),'Close')]
2021-02-26/09:45:07.843  INFO: listener.WebEventListener - Before Finding element: By.xpath: //div[@class='v-dialog v-dialog--active']//div[@class='v-btn__content'][contains(text(),'Close')]
230399 [main] INFO utilities.listener.WebEventListener  - Before Finding element: By.xpath: //div[@class='v-dialog v-dialog--active']//div[@class='v-btn__content'][contains(text(),'Close')]
2021-02-26/09:45:08.112  INFO: listener.WebEventListener - Before Finding element: By.xpath: //div[@class='v-dialog v-dialog--active']//div[@class='v-btn__content'][contains(text(),'Close')]
230668 [main] INFO utilities.listener.WebEventListener  - Before Finding element: By.xpath: //div[@class='v-dialog v-dialog--active']//div[@class='v-btn__content'][contains(text(),'Close')]
2021-02-26/09:45:08.379  INFO: listener.WebEventListener - Before Finding element: By.xpath: //div[@class='v-dialog v-dialog--active']//div[@class='v-btn__content'][contains(text(),'Close')]
230935 [main] INFO utilities.listener.WebEventListener  - Before Finding element: By.xpath: //div[@class='v-dialog v-dialog--active']//div[@class='v-btn__content'][contains(text(),'Close')]
2021-02-26/09:45:08.646  INFO: listener.WebEventListener - Before Finding element: By.xpath: //div[@class='v-dialog v-dialog--active']//div[@class='v-btn__content'][contains(text(),'Close')]
231202 [main] INFO utilities.listener.WebEventListener  - Before Finding element: By.xpath: //div[@class='v-dialog v-dialog--active']//div[@class='v-btn__content'][contains(text(),'Close')]
2021-02-26/09:45:08.917  INFO: listener.WebEventListener - Before Finding element: By.xpath: //div[@class='v-dialog v-dialog--active']//div[@class='v-btn__content'][contains(text(),'Close')]
231473 [main] INFO utilities.listener.WebEventListener  - Before Finding element: By.xpath: //div[@class='v-dialog v-dialog--active']//div[@class='v-btn__content'][contains(text(),'Close')]
2021-02-26/09:45:09.185  INFO: listener.WebEventListener - Before Finding element: By.xpath: //div[@class='v-dialog v-dialog--active']//div[@class='v-btn__content'][contains(text(),'Close')]
231741 [main] INFO utilities.listener.WebEventListener  - Before Finding element: By.xpath: //div[@class='v-dialog v-dialog--active']//div[@class='v-btn__content'][contains(text(),'Close')]
2021-02-26/09:45:09.454  INFO: listener.WebEventListener - Before Finding element: By.xpath: //div[@class='v-dialog v-dialog--active']//div[@class='v-btn__content'][contains(text(),'Close')]
232010 [main] INFO utilities.listener.WebEventListener  - Before Finding element: By.xpath: //div[@class='v-dialog v-dialog--active']//div[@class='v-btn__content'][contains(text(),'Close')]
2021-02-26/09:45:09.727  INFO: listener.WebEventListener - Before Finding element: By.xpath: //div[@class='v-dialog v-dialog--active']//div[@class='v-btn__content'][contains(text(),'Close')]
232283 [main] INFO utilities.listener.WebEventListener  - Before Finding element: By.xpath: //div[@class='v-dialog v-dialog--active']//div[@class='v-btn__content'][contains(text(),'Close')]
2021-02-26/09:45:10.000  INFO: listener.WebEventListener - Before Finding element: By.xpath: //div[@class='v-dialog v-dialog--active']//div[@class='v-btn__content'][contains(text(),'Close')]
232556 [main] INFO utilities.listener.WebEventListener  - Before Finding element: By.xpath: //div[@class='v-dialog v-dialog--active']//div[@class='v-btn__content'][contains(text(),'Close')]
2021-02-26/09:45:10.269  INFO: listener.WebEventListener - Before Finding element: By.xpath: //div[@class='v-dialog v-dialog--active']//div[@class='v-btn__content'][contains(text(),'Close')]
232825 [main] INFO utilities.listener.WebEventListener  - Before Finding element: By.xpath: //div[@class='v-dialog v-dialog--active']//div[@class='v-btn__content'][contains(text(),'Close')]
2021-02-26/09:45:10.558  INFO: listener.WebEventListener - Before Finding element: By.xpath: //div[@class='v-dialog v-dialog--active']//div[@class='v-btn__content'][contains(text(),'Close')]
233114 [main] INFO utilities.listener.WebEventListener  - Before Finding element: By.xpath: //div[@class='v-dialog v-dialog--active']//div[@class='v-btn__content'][contains(text(),'Close')]
2021-02-26/09:45:10.916  INFO: listener.WebEventListener - Before Finding element: By.xpath: //div[@class='v-dialog v-dialog--active']//div[@class='v-btn__content'][contains(text(),'Close')]
233472 [main] INFO utilities.listener.WebEventListener  - Before Finding element: By.xpath: //div[@class='v-dialog v-dialog--active']//div[@class='v-btn__content'][contains(text(),'Close')]
2021-02-26/09:45:11.188  INFO: listener.WebEventListener - Before Finding element: By.xpath: //div[@class='v-dialog v-dialog--active']//div[@class='v-btn__content'][contains(text(),'Close')]
233744 [main] INFO utilities.listener.WebEventListener  - Before Finding element: By.xpath: //div[@class='v-dialog v-dialog--active']//div[@class='v-btn__content'][contains(text(),'Close')]
2021-02-26/09:45:11.463  INFO: listener.WebEventListener - Before Finding element: By.xpath: //div[@class='v-dialog v-dialog--active']//div[@class='v-btn__content'][contains(text(),'Close')]
234019 [main] INFO utilities.listener.WebEventListener  - Before Finding element: By.xpath: //div[@class='v-dialog v-dialog--active']//div[@class='v-btn__content'][contains(text(),'Close')]
2021-02-26/09:45:11.734  INFO: listener.WebEventListener - Before Finding element: By.xpath: //div[@class='v-dialog v-dialog--active']//div[@class='v-btn__content'][contains(text(),'Close')]
234290 [main] INFO utilities.listener.WebEventListener  - Before Finding element: By.xpath: //div[@class='v-dialog v-dialog--active']//div[@class='v-btn__content'][contains(text(),'Close')]
2021-02-26/09:45:12.017  INFO: listener.WebEventListener - Before Finding element: By.xpath: //div[@class='v-dialog v-dialog--active']//div[@class='v-btn__content'][contains(text(),'Close')]
234573 [main] INFO utilities.listener.WebEventListener  - Before Finding element: By.xpath: //div[@class='v-dialog v-dialog--active']//div[@class='v-btn__content'][contains(text(),'Close')]
2021-02-26/09:45:12.304  INFO: listener.WebEventListener - Before Finding element: By.xpath: //div[@class='v-dialog v-dialog--active']//div[@class='v-btn__content'][contains(text(),'Close')]
234860 [main] INFO utilities.listener.WebEventListener  - Before Finding element: By.xpath: //div[@class='v-dialog v-dialog--active']//div[@class='v-btn__content'][contains(text(),'Close')]
2021-02-26/09:45:12.588  INFO: listener.WebEventListener - Before Finding element: By.xpath: //div[@class='v-dialog v-dialog--active']//div[@class='v-btn__content'][contains(text(),'Close')]
235144 [main] INFO utilities.listener.WebEventListener  - Before Finding element: By.xpath: //div[@class='v-dialog v-dialog--active']//div[@class='v-btn__content'][contains(text(),'Close')]
2021-02-26/09:45:12.864  INFO: listener.WebEventListener - Before Finding element: By.xpath: //div[@class='v-dialog v-dialog--active']//div[@class='v-btn__content'][contains(text(),'Close')]
235420 [main] INFO utilities.listener.WebEventListener  - Before Finding element: By.xpath: //div[@class='v-dialog v-dialog--active']//div[@class='v-btn__content'][contains(text(),'Close')]
2021-02-26/09:45:13.202  INFO: listener.WebEventListener - Before Finding element: By.xpath: //div[@class='v-dialog v-dialog--active']//div[@class='v-btn__content'][contains(text(),'Close')]
235758 [main] INFO utilities.listener.WebEventListener  - Before Finding element: By.xpath: //div[@class='v-dialog v-dialog--active']//div[@class='v-btn__content'][contains(text(),'Close')]
2021-02-26/09:45:13.470  INFO: listener.WebEventListener - Before Finding element: By.xpath: //div[@class='v-dialog v-dialog--active']//div[@class='v-btn__content'][contains(text(),'Close')]
236026 [main] INFO utilities.listener.WebEventListener  - Before Finding element: By.xpath: //div[@class='v-dialog v-dialog--active']//div[@class='v-btn__content'][contains(text(),'Close')]
2021-02-26/09:45:13.752  INFO: listener.WebEventListener - Before Finding element: By.xpath: //div[@class='v-dialog v-dialog--active']//div[@class='v-btn__content'][contains(text(),'Close')]
236308 [main] INFO utilities.listener.WebEventListener  - Before Finding element: By.xpath: //div[@class='v-dialog v-dialog--active']//div[@class='v-btn__content'][contains(text(),'Close')]
2021-02-26/09:45:14.127  INFO: listener.WebEventListener - Before Finding element: By.xpath: //div[@class='v-dialog v-dialog--active']//div[@class='v-btn__content'][contains(text(),'Close')]
236683 [main] INFO utilities.listener.WebEventListener  - Before Finding element: By.xpath: //div[@class='v-dialog v-dialog--active']//div[@class='v-btn__content'][contains(text(),'Close')]
2021-02-26/09:45:14.412  INFO: listener.WebEventListener - Before Finding element: By.xpath: //div[@class='v-dialog v-dialog--active']//div[@class='v-btn__content'][contains(text(),'Close')]
236968 [main] INFO utilities.listener.WebEventListener  - Before Finding element: By.xpath: //div[@class='v-dialog v-dialog--active']//div[@class='v-btn__content'][contains(text(),'Close')]
2021-02-26/09:45:14.691  INFO: listener.WebEventListener - Before Finding element: By.xpath: //div[@class='v-dialog v-dialog--active']//div[@class='v-btn__content'][contains(text(),'Close')]
237247 [main] INFO utilities.listener.WebEventListener  - Before Finding element: By.xpath: //div[@class='v-dialog v-dialog--active']//div[@class='v-btn__content'][contains(text(),'Close')]
2021-02-26/09:45:14.992  INFO: listener.WebEventListener - Before Finding element: By.xpath: //div[@class='v-dialog v-dialog--active']//div[@class='v-btn__content'][contains(text(),'Close')]
237548 [main] INFO utilities.listener.WebEventListener  - Before Finding element: By.xpath: //div[@class='v-dialog v-dialog--active']//div[@class='v-btn__content'][contains(text(),'Close')]
2021-02-26/09:45:15.259  INFO: listener.WebEventListener - Before Finding element: By.xpath: //div[@class='v-dialog v-dialog--active']//div[@class='v-btn__content'][contains(text(),'Close')]
237815 [main] INFO utilities.listener.WebEventListener  - Before Finding element: By.xpath: //div[@class='v-dialog v-dialog--active']//div[@class='v-btn__content'][contains(text(),'Close')]
2021-02-26/09:45:15.528  INFO: listener.WebEventListener - Before Finding element: By.xpath: //div[@class='v-dialog v-dialog--active']//div[@class='v-btn__content'][contains(text(),'Close')]
238084 [main] INFO utilities.listener.WebEventListener  - Before Finding element: By.xpath: //div[@class='v-dialog v-dialog--active']//div[@class='v-btn__content'][contains(text(),'Close')]
2021-02-26/09:45:15.797  INFO: listener.WebEventListener - Before Finding element: By.xpath: //div[@class='v-dialog v-dialog--active']//div[@class='v-btn__content'][contains(text(),'Close')]
238353 [main] INFO utilities.listener.WebEventListener  - Before Finding element: By.xpath: //div[@class='v-dialog v-dialog--active']//div[@class='v-btn__content'][contains(text(),'Close')]
2021-02-26/09:45:16.064  INFO: listener.WebEventListener - Before Finding element: By.xpath: //div[@class='v-dialog v-dialog--active']//div[@class='v-btn__content'][contains(text(),'Close')]
238620 [main] INFO utilities.listener.WebEventListener  - Before Finding element: By.xpath: //div[@class='v-dialog v-dialog--active']//div[@class='v-btn__content'][contains(text(),'Close')]
2021-02-26/09:45:16.343  INFO: listener.WebEventListener - Before Finding element: By.xpath: //div[@class='v-dialog v-dialog--active']//div[@class='v-btn__content'][contains(text(),'Close')]
238899 [main] INFO utilities.listener.WebEventListener  - Before Finding element: By.xpath: //div[@class='v-dialog v-dialog--active']//div[@class='v-btn__content'][contains(text(),'Close')]
2021-02-26/09:45:16.612  INFO: listener.WebEventListener - Before Finding element: By.xpath: //div[@class='v-dialog v-dialog--active']//div[@class='v-btn__content'][contains(text(),'Close')]
239168 [main] INFO utilities.listener.WebEventListener  - Before Finding element: By.xpath: //div[@class='v-dialog v-dialog--active']//div[@class='v-btn__content'][contains(text(),'Close')]
2021-02-26/09:45:16.878  INFO: listener.WebEventListener - Before Finding element: By.xpath: //div[@class='v-dialog v-dialog--active']//div[@class='v-btn__content'][contains(text(),'Close')]
239434 [main] INFO utilities.listener.WebEventListener  - Before Finding element: By.xpath: //div[@class='v-dialog v-dialog--active']//div[@class='v-btn__content'][contains(text(),'Close')]
2021-02-26/09:45:17.149  INFO: listener.WebEventListener - Before Finding element: By.xpath: //div[@class='v-dialog v-dialog--active']//div[@class='v-btn__content'][contains(text(),'Close')]
239705 [main] INFO utilities.listener.WebEventListener  - Before Finding element: By.xpath: //div[@class='v-dialog v-dialog--active']//div[@class='v-btn__content'][contains(text(),'Close')]
2021-02-26/09:45:17.431  INFO: listener.WebEventListener - Before Finding element: By.xpath: //div[@class='v-dialog v-dialog--active']//div[@class='v-btn__content'][contains(text(),'Close')]
239987 [main] INFO utilities.listener.WebEventListener  - Before Finding element: By.xpath: //div[@class='v-dialog v-dialog--active']//div[@class='v-btn__content'][contains(text(),'Close')]
2021-02-26/09:45:17.715  INFO: listener.WebEventListener - Before Finding element: By.xpath: //div[@class='v-dialog v-dialog--active']//div[@class='v-btn__content'][contains(text(),'Close')]
240271 [main] INFO utilities.listener.WebEventListener  - Before Finding element: By.xpath: //div[@class='v-dialog v-dialog--active']//div[@class='v-btn__content'][contains(text(),'Close')]
2021-02-26/09:45:17.999  INFO: listener.WebEventListener - Before Finding element: By.xpath: //div[@class='v-dialog v-dialog--active']//div[@class='v-btn__content'][contains(text(),'Close')]
240555 [main] INFO utilities.listener.WebEventListener  - Before Finding element: By.xpath: //div[@class='v-dialog v-dialog--active']//div[@class='v-btn__content'][contains(text(),'Close')]
2021-02-26/09:45:18.279  INFO: listener.WebEventListener - Before Finding element: By.xpath: //div[@class='v-dialog v-dialog--active']//div[@class='v-btn__content'][contains(text(),'Close')]
240835 [main] INFO utilities.listener.WebEventListener  - Before Finding element: By.xpath: //div[@class='v-dialog v-dialog--active']//div[@class='v-btn__content'][contains(text(),'Close')]
2021-02-26/09:45:18.565  INFO: listener.WebEventListener - Before Finding element: By.xpath: //div[@class='v-dialog v-dialog--active']//div[@class='v-btn__content'][contains(text(),'Close')]
241121 [main] INFO utilities.listener.WebEventListener  - Before Finding element: By.xpath: //div[@class='v-dialog v-dialog--active']//div[@class='v-btn__content'][contains(text(),'Close')]
2021-02-26/09:45:18.832  INFO: listener.WebEventListener - Before Finding element: By.xpath: //div[@class='v-dialog v-dialog--active']//div[@class='v-btn__content'][contains(text(),'Close')]
241388 [main] INFO utilities.listener.WebEventListener  - Before Finding element: By.xpath: //div[@class='v-dialog v-dialog--active']//div[@class='v-btn__content'][contains(text(),'Close')]
2021-02-26/09:45:19.102  INFO: listener.WebEventListener - Before Finding element: By.xpath: //div[@class='v-dialog v-dialog--active']//div[@class='v-btn__content'][contains(text(),'Close')]
241658 [main] INFO utilities.listener.WebEventListener  - Before Finding element: By.xpath: //div[@class='v-dialog v-dialog--active']//div[@class='v-btn__content'][contains(text(),'Close')]
2021-02-26/09:45:19.392  INFO: listener.WebEventListener - Before Finding element: By.xpath: //div[@class='v-dialog v-dialog--active']//div[@class='v-btn__content'][contains(text(),'Close')]
241948 [main] INFO utilities.listener.WebEventListener  - Before Finding element: By.xpath: //div[@class='v-dialog v-dialog--active']//div[@class='v-btn__content'][contains(text(),'Close')]
2021-02-26/09:45:19.681  INFO: listener.WebEventListener - Before Finding element: By.xpath: //div[@class='v-dialog v-dialog--active']//div[@class='v-btn__content'][contains(text(),'Close')]
242237 [main] INFO utilities.listener.WebEventListener  - Before Finding element: By.xpath: //div[@class='v-dialog v-dialog--active']//div[@class='v-btn__content'][contains(text(),'Close')]
2021-02-26/09:45:19.952  INFO: listener.WebEventListener - Before Finding element: By.xpath: //div[@class='v-dialog v-dialog--active']//div[@class='v-btn__content'][contains(text(),'Close')]
242508 [main] INFO utilities.listener.WebEventListener  - Before Finding element: By.xpath: //div[@class='v-dialog v-dialog--active']//div[@class='v-btn__content'][contains(text(),'Close')]
2021-02-26/09:45:20.224  INFO: listener.WebEventListener - Before Finding element: By.xpath: //div[@class='v-dialog v-dialog--active']//div[@class='v-btn__content'][contains(text(),'Close')]
242780 [main] INFO utilities.listener.WebEventListener  - Before Finding element: By.xpath: //div[@class='v-dialog v-dialog--active']//div[@class='v-btn__content'][contains(text(),'Close')]
2021-02-26/09:45:20.497  INFO: listener.WebEventListener - Before Finding element: By.xpath: //div[@class='v-dialog v-dialog--active']//div[@class='v-btn__content'][contains(text(),'Close')]
243053 [main] INFO utilities.listener.WebEventListener  - Before Finding element: By.xpath: //div[@class='v-dialog v-dialog--active']//div[@class='v-btn__content'][contains(text(),'Close')]
2021-02-26/09:45:20.780  INFO: listener.WebEventListener - Before Finding element: By.xpath: //div[@class='v-dialog v-dialog--active']//div[@class='v-btn__content'][contains(text(),'Close')]
243336 [main] INFO utilities.listener.WebEventListener  - Before Finding element: By.xpath: //div[@class='v-dialog v-dialog--active']//div[@class='v-btn__content'][contains(text(),'Close')]
2021-02-26/09:45:21.054  INFO: listener.WebEventListener - Before Finding element: By.xpath: //div[@class='v-dialog v-dialog--active']//div[@class='v-btn__content'][contains(text(),'Close')]
243610 [main] INFO utilities.listener.WebEventListener  - Before Finding element: By.xpath: //div[@class='v-dialog v-dialog--active']//div[@class='v-btn__content'][contains(text(),'Close')]
2021-02-26/09:45:21.336  INFO: listener.WebEventListener - Before Finding element: By.xpath: //div[@class='v-dialog v-dialog--active']//div[@class='v-btn__content'][contains(text(),'Close')]
243892 [main] INFO utilities.listener.WebEventListener  - Before Finding element: By.xpath: //div[@class='v-dialog v-dialog--active']//div[@class='v-btn__content'][contains(text(),'Close')]
2021-02-26/09:45:21.614  INFO: listener.WebEventListener - Before Finding element: By.xpath: //div[@class='v-dialog v-dialog--active']//div[@class='v-btn__content'][contains(text(),'Close')]
244170 [main] INFO utilities.listener.WebEventListener  - Before Finding element: By.xpath: //div[@class='v-dialog v-dialog--active']//div[@class='v-btn__content'][contains(text(),'Close')]
2021-02-26/09:45:21.882  INFO: listener.WebEventListener - Before Finding element: By.xpath: //div[@class='v-dialog v-dialog--active']//div[@class='v-btn__content'][contains(text(),'Close')]
244438 [main] INFO utilities.listener.WebEventListener  - Before Finding element: By.xpath: //div[@class='v-dialog v-dialog--active']//div[@class='v-btn__content'][contains(text(),'Close')]
2021-02-26/09:45:22.149  INFO: listener.WebEventListener - Before Finding element: By.xpath: //div[@class='v-dialog v-dialog--active']//div[@class='v-btn__content'][contains(text(),'Close')]
244705 [main] INFO utilities.listener.WebEventListener  - Before Finding element: By.xpath: //div[@class='v-dialog v-dialog--active']//div[@class='v-btn__content'][contains(text(),'Close')]
2021-02-26/09:45:22.418  INFO: listener.WebEventListener - Before Finding element: By.xpath: //div[@class='v-dialog v-dialog--active']//div[@class='v-btn__content'][contains(text(),'Close')]
244974 [main] INFO utilities.listener.WebEventListener  - Before Finding element: By.xpath: //div[@class='v-dialog v-dialog--active']//div[@class='v-btn__content'][contains(text(),'Close')]
2021-02-26/09:45:22.686  INFO: listener.WebEventListener - Before Finding element: By.xpath: //div[@class='v-dialog v-dialog--active']//div[@class='v-btn__content'][contains(text(),'Close')]
245242 [main] INFO utilities.listener.WebEventListener  - Before Finding element: By.xpath: //div[@class='v-dialog v-dialog--active']//div[@class='v-btn__content'][contains(text(),'Close')]
2021-02-26/09:45:22.958  INFO: listener.WebEventListener - Before Finding element: By.xpath: //div[@class='v-dialog v-dialog--active']//div[@class='v-btn__content'][contains(text(),'Close')]
245514 [main] INFO utilities.listener.WebEventListener  - Before Finding element: By.xpath: //div[@class='v-dialog v-dialog--active']//div[@class='v-btn__content'][contains(text(),'Close')]
2021-02-26/09:45:23.238  INFO: listener.WebEventListener - Before Finding element: By.xpath: //div[@class='v-dialog v-dialog--active']//div[@class='v-btn__content'][contains(text(),'Close')]
245794 [main] INFO utilities.listener.WebEventListener  - Before Finding element: By.xpath: //div[@class='v-dialog v-dialog--active']//div[@class='v-btn__content'][contains(text(),'Close')]
2021-02-26/09:45:23.531  INFO: listener.WebEventListener - Before Finding element: By.xpath: //div[@class='v-dialog v-dialog--active']//div[@class='v-btn__content'][contains(text(),'Close')]
246087 [main] INFO utilities.listener.WebEventListener  - Before Finding element: By.xpath: //div[@class='v-dialog v-dialog--active']//div[@class='v-btn__content'][contains(text(),'Close')]
2021-02-26/09:45:23.806  INFO: listener.WebEventListener - Before Finding element: By.xpath: //div[@class='v-dialog v-dialog--active']//div[@class='v-btn__content'][contains(text(),'Close')]
246362 [main] INFO utilities.listener.WebEventListener  - Before Finding element: By.xpath: //div[@class='v-dialog v-dialog--active']//div[@class='v-btn__content'][contains(text(),'Close')]
2021-02-26/09:45:24.073  INFO: listener.WebEventListener - Before Finding element: By.xpath: //div[@class='v-dialog v-dialog--active']//div[@class='v-btn__content'][contains(text(),'Close')]
246629 [main] INFO utilities.listener.WebEventListener  - Before Finding element: By.xpath: //div[@class='v-dialog v-dialog--active']//div[@class='v-btn__content'][contains(text(),'Close')]
2021-02-26/09:45:24.355  INFO: listener.WebEventListener - Before Finding element: By.xpath: //div[@class='v-dialog v-dialog--active']//div[@class='v-btn__content'][contains(text(),'Close')]
246911 [main] INFO utilities.listener.WebEventListener  - Before Finding element: By.xpath: //div[@class='v-dialog v-dialog--active']//div[@class='v-btn__content'][contains(text(),'Close')]
2021-02-26/09:45:24.626  INFO: listener.WebEventListener - Before Finding element: By.xpath: //div[@class='v-dialog v-dialog--active']//div[@class='v-btn__content'][contains(text(),'Close')]
247182 [main] INFO utilities.listener.WebEventListener  - Before Finding element: By.xpath: //div[@class='v-dialog v-dialog--active']//div[@class='v-btn__content'][contains(text(),'Close')]
2021-02-26/09:45:24.893  INFO: listener.WebEventListener - Before Finding element: By.xpath: //div[@class='v-dialog v-dialog--active']//div[@class='v-btn__content'][contains(text(),'Close')]
247449 [main] INFO utilities.listener.WebEventListener  - Before Finding element: By.xpath: //div[@class='v-dialog v-dialog--active']//div[@class='v-btn__content'][contains(text(),'Close')]
2021-02-26/09:45:25.172  INFO: listener.WebEventListener - Before Finding element: By.xpath: //div[@class='v-dialog v-dialog--active']//div[@class='v-btn__content'][contains(text(),'Close')]
247728 [main] INFO utilities.listener.WebEventListener  - Before Finding element: By.xpath: //div[@class='v-dialog v-dialog--active']//div[@class='v-btn__content'][contains(text(),'Close')]
2021-02-26/09:45:25.444  INFO: listener.WebEventListener - Before Finding element: By.xpath: //div[@class='v-dialog v-dialog--active']//div[@class='v-btn__content'][contains(text(),'Close')]
248000 [main] INFO utilities.listener.WebEventListener  - Before Finding element: By.xpath: //div[@class='v-dialog v-dialog--active']//div[@class='v-btn__content'][contains(text(),'Close')]
2021-02-26/09:45:25.765  INFO: listener.WebEventListener - Before Finding element: By.xpath: //div[@class='v-dialog v-dialog--active']//div[@class='v-btn__content'][contains(text(),'Close')]
248321 [main] INFO utilities.listener.WebEventListener  - Before Finding element: By.xpath: //div[@class='v-dialog v-dialog--active']//div[@class='v-btn__content'][contains(text(),'Close')]
2021-02-26/09:45:26.033  INFO: listener.WebEventListener - Before Finding element: By.xpath: //div[@class='v-dialog v-dialog--active']//div[@class='v-btn__content'][contains(text(),'Close')]
248589 [main] INFO utilities.listener.WebEventListener  - Before Finding element: By.xpath: //div[@class='v-dialog v-dialog--active']//div[@class='v-btn__content'][contains(text(),'Close')]
2021-02-26/09:45:26.307  INFO: listener.WebEventListener - Before Finding element: By.xpath: //div[@class='v-dialog v-dialog--active']//div[@class='v-btn__content'][contains(text(),'Close')]
248863 [main] INFO utilities.listener.WebEventListener  - Before Finding element: By.xpath: //div[@class='v-dialog v-dialog--active']//div[@class='v-btn__content'][contains(text(),'Close')]
2021-02-26/09:45:26.606  INFO: listener.WebEventListener - Before Finding element: By.xpath: //div[@class='v-dialog v-dialog--active']//div[@class='v-btn__content'][contains(text(),'Close')]
249162 [main] INFO utilities.listener.WebEventListener  - Before Finding element: By.xpath: //div[@class='v-dialog v-dialog--active']//div[@class='v-btn__content'][contains(text(),'Close')]
2021-02-26/09:45:26.873  INFO: listener.WebEventListener - Before Finding element: By.xpath: //div[@class='v-dialog v-dialog--active']//div[@class='v-btn__content'][contains(text(),'Close')]
249429 [main] INFO utilities.listener.WebEventListener  - Before Finding element: By.xpath: //div[@class='v-dialog v-dialog--active']//div[@class='v-btn__content'][contains(text(),'Close')]
2021-02-26/09:45:27.146  INFO: listener.WebEventListener - Before Finding element: By.xpath: //div[@class='v-dialog v-dialog--active']//div[@class='v-btn__content'][contains(text(),'Close')]
249702 [main] INFO utilities.listener.WebEventListener  - Before Finding element: By.xpath: //div[@class='v-dialog v-dialog--active']//div[@class='v-btn__content'][contains(text(),'Close')]
2021-02-26/09:45:27.514  INFO: listener.WebEventListener - Before Finding element: By.xpath: //div[@class='v-dialog v-dialog--active']//div[@class='v-btn__content'][contains(text(),'Close')]
250070 [main] INFO utilities.listener.WebEventListener  - Before Finding element: By.xpath: //div[@class='v-dialog v-dialog--active']//div[@class='v-btn__content'][contains(text(),'Close')]
2021-02-26/09:45:27.786  INFO: listener.WebEventListener - Before Finding element: By.xpath: //div[@class='v-dialog v-dialog--active']//div[@class='v-btn__content'][contains(text(),'Close')]
250342 [main] INFO utilities.listener.WebEventListener  - Before Finding element: By.xpath: //div[@class='v-dialog v-dialog--active']//div[@class='v-btn__content'][contains(text(),'Close')]
2021-02-26/09:45:28.055  INFO: listener.WebEventListener - Before Finding element: By.xpath: //div[@class='v-dialog v-dialog--active']//div[@class='v-btn__content'][contains(text(),'Close')]
250611 [main] INFO utilities.listener.WebEventListener  - Before Finding element: By.xpath: //div[@class='v-dialog v-dialog--active']//div[@class='v-btn__content'][contains(text(),'Close')]
2021-02-26/09:45:28.335  INFO: listener.WebEventListener - Before Finding element: By.xpath: //div[@class='v-dialog v-dialog--active']//div[@class='v-btn__content'][contains(text(),'Close')]
250891 [main] INFO utilities.listener.WebEventListener  - Before Finding element: By.xpath: //div[@class='v-dialog v-dialog--active']//div[@class='v-btn__content'][contains(text(),'Close')]
2021-02-26/09:45:28.608  INFO: listener.WebEventListener - Before Finding element: By.xpath: //div[@class='v-dialog v-dialog--active']//div[@class='v-btn__content'][contains(text(),'Close')]
251164 [main] INFO utilities.listener.WebEventListener  - Before Finding element: By.xpath: //div[@class='v-dialog v-dialog--active']//div[@class='v-btn__content'][contains(text(),'Close')]
2021-02-26/09:45:28.894  INFO: listener.WebEventListener - Before Finding element: By.xpath: //div[@class='v-dialog v-dialog--active']//div[@class='v-btn__content'][contains(text(),'Close')]
251450 [main] INFO utilities.listener.WebEventListener  - Before Finding element: By.xpath: //div[@class='v-dialog v-dialog--active']//div[@class='v-btn__content'][contains(text(),'Close')]
2021-02-26/09:45:29.184  INFO: listener.WebEventListener - Before Finding element: By.xpath: //div[@class='v-dialog v-dialog--active']//div[@class='v-btn__content'][contains(text(),'Close')]
251740 [main] INFO utilities.listener.WebEventListener  - Before Finding element: By.xpath: //div[@class='v-dialog v-dialog--active']//div[@class='v-btn__content'][contains(text(),'Close')]
2021-02-26/09:45:29.468  INFO: listener.WebEventListener - Before Finding element: By.xpath: //div[@class='v-dialog v-dialog--active']//div[@class='v-btn__content'][contains(text(),'Close')]
252024 [main] INFO utilities.listener.WebEventListener  - Before Finding element: By.xpath: //div[@class='v-dialog v-dialog--active']//div[@class='v-btn__content'][contains(text(),'Close')]
2021-02-26/09:45:29.778  INFO: listener.WebEventListener - Before Finding element: By.xpath: //div[@class='v-dialog v-dialog--active']//div[@class='v-btn__content'][contains(text(),'Close')]
252334 [main] INFO utilities.listener.WebEventListener  - Before Finding element: By.xpath: //div[@class='v-dialog v-dialog--active']//div[@class='v-btn__content'][contains(text(),'Close')]
2021-02-26/09:45:30.050  INFO: listener.WebEventListener - Before Finding element: By.xpath: //div[@class='v-dialog v-dialog--active']//div[@class='v-btn__content'][contains(text(),'Close')]
252606 [main] INFO utilities.listener.WebEventListener  - Before Finding element: By.xpath: //div[@class='v-dialog v-dialog--active']//div[@class='v-btn__content'][contains(text(),'Close')]
2021-02-26/09:45:30.319  INFO: listener.WebEventListener - Before Finding element: By.xpath: //div[@class='v-dialog v-dialog--active']//div[@class='v-btn__content'][contains(text(),'Close')]
252875 [main] INFO utilities.listener.WebEventListener  - Before Finding element: By.xpath: //div[@class='v-dialog v-dialog--active']//div[@class='v-btn__content'][contains(text(),'Close')]
2021-02-26/09:45:30.597  INFO: listener.WebEventListener - Before Finding element: By.xpath: //div[@class='v-dialog v-dialog--active']//div[@class='v-btn__content'][contains(text(),'Close')]
253153 [main] INFO utilities.listener.WebEventListener  - Before Finding element: By.xpath: //div[@class='v-dialog v-dialog--active']//div[@class='v-btn__content'][contains(text(),'Close')]
2021-02-26/09:45:30.942  INFO: listener.WebEventListener - Before Finding element: By.xpath: //div[@class='v-dialog v-dialog--active']//div[@class='v-btn__content'][contains(text(),'Close')]
253498 [main] INFO utilities.listener.WebEventListener  - Before Finding element: By.xpath: //div[@class='v-dialog v-dialog--active']//div[@class='v-btn__content'][contains(text(),'Close')]
2021-02-26/09:45:31.208  INFO: listener.WebEventListener - Before Finding element: By.xpath: //div[@class='v-dialog v-dialog--active']//div[@class='v-btn__content'][contains(text(),'Close')]
253764 [main] INFO utilities.listener.WebEventListener  - Before Finding element: By.xpath: //div[@class='v-dialog v-dialog--active']//div[@class='v-btn__content'][contains(text(),'Close')]
2021-02-26/09:45:31.477  INFO: listener.WebEventListener - Before Finding element: By.xpath: //div[@class='v-dialog v-dialog--active']//div[@class='v-btn__content'][contains(text(),'Close')]
254033 [main] INFO utilities.listener.WebEventListener  - Before Finding element: By.xpath: //div[@class='v-dialog v-dialog--active']//div[@class='v-btn__content'][contains(text(),'Close')]
2021-02-26/09:45:31.758  INFO: listener.WebEventListener - Before Finding element: By.xpath: //div[@class='v-dialog v-dialog--active']//div[@class='v-btn__content'][contains(text(),'Close')]
254314 [main] INFO utilities.listener.WebEventListener  - Before Finding element: By.xpath: //div[@class='v-dialog v-dialog--active']//div[@class='v-btn__content'][contains(text(),'Close')]
2021-02-26/09:45:32.027  INFO: listener.WebEventListener - Before Finding element: By.xpath: //div[@class='v-dialog v-dialog--active']//div[@class='v-btn__content'][contains(text(),'Close')]
254583 [main] INFO utilities.listener.WebEventListener  - Before Finding element: By.xpath: //div[@class='v-dialog v-dialog--active']//div[@class='v-btn__content'][contains(text(),'Close')]
2021-02-26/09:45:32.296  INFO: listener.WebEventListener - Before Finding element: By.xpath: //div[@class='v-dialog v-dialog--active']//div[@class='v-btn__content'][contains(text(),'Close')]
254852 [main] INFO utilities.listener.WebEventListener  - Before Finding element: By.xpath: //div[@class='v-dialog v-dialog--active']//div[@class='v-btn__content'][contains(text(),'Close')]
2021-02-26/09:45:32.565  INFO: listener.WebEventListener - Before Finding element: By.xpath: //div[@class='v-dialog v-dialog--active']//div[@class='v-btn__content'][contains(text(),'Close')]
255121 [main] INFO utilities.listener.WebEventListener  - Before Finding element: By.xpath: //div[@class='v-dialog v-dialog--active']//div[@class='v-btn__content'][contains(text(),'Close')]
2021-02-26/09:45:32.832  INFO: listener.WebEventListener - Before Finding element: By.xpath: //div[@class='v-dialog v-dialog--active']//div[@class='v-btn__content'][contains(text(),'Close')]
255388 [main] INFO utilities.listener.WebEventListener  - Before Finding element: By.xpath: //div[@class='v-dialog v-dialog--active']//div[@class='v-btn__content'][contains(text(),'Close')]
2021-02-26/09:45:33.100  INFO: listener.WebEventListener - Before Finding element: By.xpath: //div[@class='v-dialog v-dialog--active']//div[@class='v-btn__content'][contains(text(),'Close')]
255656 [main] INFO utilities.listener.WebEventListener  - Before Finding element: By.xpath: //div[@class='v-dialog v-dialog--active']//div[@class='v-btn__content'][contains(text(),'Close')]
2021-02-26/09:45:33.380  INFO: listener.WebEventListener - Before Finding element: By.xpath: //div[@class='v-dialog v-dialog--active']//div[@class='v-btn__content'][contains(text(),'Close')]
255936 [main] INFO utilities.listener.WebEventListener  - Before Finding element: By.xpath: //div[@class='v-dialog v-dialog--active']//div[@class='v-btn__content'][contains(text(),'Close')]
2021-02-26/09:45:33.660  INFO: listener.WebEventListener - Before Finding element: By.xpath: //div[@class='v-dialog v-dialog--active']//div[@class='v-btn__content'][contains(text(),'Close')]
256216 [main] INFO utilities.listener.WebEventListener  - Before Finding element: By.xpath: //div[@class='v-dialog v-dialog--active']//div[@class='v-btn__content'][contains(text(),'Close')]
2021-02-26/09:45:33.935  INFO: listener.WebEventListener - Before Finding element: By.xpath: //div[@class='v-dialog v-dialog--active']//div[@class='v-btn__content'][contains(text(),'Close')]
256491 [main] INFO utilities.listener.WebEventListener  - Before Finding element: By.xpath: //div[@class='v-dialog v-dialog--active']//div[@class='v-btn__content'][contains(text(),'Close')]
2021-02-26/09:45:34.210  INFO: listener.WebEventListener - Before Finding element: By.xpath: //div[@class='v-dialog v-dialog--active']//div[@class='v-btn__content'][contains(text(),'Close')]
256766 [main] INFO utilities.listener.WebEventListener  - Before Finding element: By.xpath: //div[@class='v-dialog v-dialog--active']//div[@class='v-btn__content'][contains(text(),'Close')]
2021-02-26/09:45:34.483  INFO: listener.WebEventListener - Before Finding element: By.xpath: //div[@class='v-dialog v-dialog--active']//div[@class='v-btn__content'][contains(text(),'Close')]
257039 [main] INFO utilities.listener.WebEventListener  - Before Finding element: By.xpath: //div[@class='v-dialog v-dialog--active']//div[@class='v-btn__content'][contains(text(),'Close')]
2021-02-26/09:45:34.773  INFO: listener.WebEventListener - Before Finding element: By.xpath: //div[@class='v-dialog v-dialog--active']//div[@class='v-btn__content'][contains(text(),'Close')]
257329 [main] INFO utilities.listener.WebEventListener  - Before Finding element: By.xpath: //div[@class='v-dialog v-dialog--active']//div[@class='v-btn__content'][contains(text(),'Close')]
2021-02-26/09:45:35.057  INFO: listener.WebEventListener - Before Finding element: By.xpath: //div[@class='v-dialog v-dialog--active']//div[@class='v-btn__content'][contains(text(),'Close')]
257613 [main] INFO utilities.listener.WebEventListener  - Before Finding element: By.xpath: //div[@class='v-dialog v-dialog--active']//div[@class='v-btn__content'][contains(text(),'Close')]
2021-02-26/09:45:35.330  INFO: listener.WebEventListener - Before Finding element: By.xpath: //div[@class='v-dialog v-dialog--active']//div[@class='v-btn__content'][contains(text(),'Close')]
257886 [main] INFO utilities.listener.WebEventListener  - Before Finding element: By.xpath: //div[@class='v-dialog v-dialog--active']//div[@class='v-btn__content'][contains(text(),'Close')]
2021-02-26/09:45:35.599  INFO: listener.WebEventListener - Before Finding element: By.xpath: //div[@class='v-dialog v-dialog--active']//div[@class='v-btn__content'][contains(text(),'Close')]
258155 [main] INFO utilities.listener.WebEventListener  - Before Finding element: By.xpath: //div[@class='v-dialog v-dialog--active']//div[@class='v-btn__content'][contains(text(),'Close')]
2021-02-26/09:45:35.868  INFO: listener.WebEventListener - Before Finding element: By.xpath: //div[@class='v-dialog v-dialog--active']//div[@class='v-btn__content'][contains(text(),'Close')]
258424 [main] INFO utilities.listener.WebEventListener  - Before Finding element: By.xpath: //div[@class='v-dialog v-dialog--active']//div[@class='v-btn__content'][contains(text(),'Close')]
2021-02-26/09:45:36.137  INFO: listener.WebEventListener - Before Finding element: By.xpath: //div[@class='v-dialog v-dialog--active']//div[@class='v-btn__content'][contains(text(),'Close')]
258693 [main] INFO utilities.listener.WebEventListener  - Before Finding element: By.xpath: //div[@class='v-dialog v-dialog--active']//div[@class='v-btn__content'][contains(text(),'Close')]
2021-02-26/09:45:36.408  INFO: listener.WebEventListener - Before Finding element: By.xpath: //div[@class='v-dialog v-dialog--active']//div[@class='v-btn__content'][contains(text(),'Close')]
258964 [main] INFO utilities.listener.WebEventListener  - Before Finding element: By.xpath: //div[@class='v-dialog v-dialog--active']//div[@class='v-btn__content'][contains(text(),'Close')]
2021-02-26/09:45:36.693  INFO: listener.WebEventListener - Before Finding element: By.xpath: //div[@class='v-dialog v-dialog--active']//div[@class='v-btn__content'][contains(text(),'Close')]
259249 [main] INFO utilities.listener.WebEventListener  - Before Finding element: By.xpath: //div[@class='v-dialog v-dialog--active']//div[@class='v-btn__content'][contains(text(),'Close')]
2021-02-26/09:45:36.966  INFO: listener.WebEventListener - Before Finding element: By.xpath: //div[@class='v-dialog v-dialog--active']//div[@class='v-btn__content'][contains(text(),'Close')]
259522 [main] INFO utilities.listener.WebEventListener  - Before Finding element: By.xpath: //div[@class='v-dialog v-dialog--active']//div[@class='v-btn__content'][contains(text(),'Close')]
2021-02-26/09:45:37.236  INFO: listener.WebEventListener - Before Finding element: By.xpath: //div[@class='v-dialog v-dialog--active']//div[@class='v-btn__content'][contains(text(),'Close')]
259792 [main] INFO utilities.listener.WebEventListener  - Before Finding element: By.xpath: //div[@class='v-dialog v-dialog--active']//div[@class='v-btn__content'][contains(text(),'Close')]
2021-02-26/09:45:37.259  INFO: listener.WebEventListener - Before Finding element: By.xpath: //div[@class='v-dialog v-dialog--active']//div[@class='v-btn__content'][contains(text(),'Close')]
259815 [main] INFO utilities.listener.WebEventListener  - Before Finding element: By.xpath: //div[@class='v-dialog v-dialog--active']//div[@class='v-btn__content'][contains(text(),'Close')]
2021-02-26/09:45:37.283  INFO: listener.WebEventListener - Before Finding element: By.xpath: //div[@class='v-dialog v-dialog--active']//div[@class='v-btn__content'][contains(text(),'Close')]
259839 [main] INFO utilities.listener.WebEventListener  - Before Finding element: By.xpath: //div[@class='v-dialog v-dialog--active']//div[@class='v-btn__content'][contains(text(),'Close')]
2021-02-26/09:45:37.556  INFO: listener.WebEventListener - Before Finding element: By.xpath: //div[@class='v-dialog v-dialog--active']//div[@class='v-btn__content'][contains(text(),'Close')]
260112 [main] INFO utilities.listener.WebEventListener  - Before Finding element: By.xpath: //div[@class='v-dialog v-dialog--active']//div[@class='v-btn__content'][contains(text(),'Close')]
2021-02-26/09:45:37.827  INFO: listener.WebEventListener - Before Finding element: By.xpath: //div[@class='v-dialog v-dialog--active']//div[@class='v-btn__content'][contains(text(),'Close')]
260383 [main] INFO utilities.listener.WebEventListener  - Before Finding element: By.xpath: //div[@class='v-dialog v-dialog--active']//div[@class='v-btn__content'][contains(text(),'Close')]
2021-02-26/09:45:38.096  INFO: listener.WebEventListener - Before Finding element: By.xpath: //div[@class='v-dialog v-dialog--active']//div[@class='v-btn__content'][contains(text(),'Close')]
260652 [main] INFO utilities.listener.WebEventListener  - Before Finding element: By.xpath: //div[@class='v-dialog v-dialog--active']//div[@class='v-btn__content'][contains(text(),'Close')]
2021-02-26/09:45:38.367  INFO: listener.WebEventListener - Before Finding element: By.xpath: //div[@class='v-dialog v-dialog--active']//div[@class='v-btn__content'][contains(text(),'Close')]
260923 [main] INFO utilities.listener.WebEventListener  - Before Finding element: By.xpath: //div[@class='v-dialog v-dialog--active']//div[@class='v-btn__content'][contains(text(),'Close')]
2021-02-26/09:45:38.636  INFO: listener.WebEventListener - Before Finding element: By.xpath: //div[@class='v-dialog v-dialog--active']//div[@class='v-btn__content'][contains(text(),'Close')]
261192 [main] INFO utilities.listener.WebEventListener  - Before Finding element: By.xpath: //div[@class='v-dialog v-dialog--active']//div[@class='v-btn__content'][contains(text(),'Close')]
2021-02-26/09:45:38.912  INFO: listener.WebEventListener - Before Finding element: By.xpath: //div[@class='v-dialog v-dialog--active']//div[@class='v-btn__content'][contains(text(),'Close')]
261468 [main] INFO utilities.listener.WebEventListener  - Before Finding element: By.xpath: //div[@class='v-dialog v-dialog--active']//div[@class='v-btn__content'][contains(text(),'Close')]
2021-02-26/09:45:39.185  INFO: listener.WebEventListener - Before Finding element: By.xpath: //div[@class='v-dialog v-dialog--active']//div[@class='v-btn__content'][contains(text(),'Close')]
261741 [main] INFO utilities.listener.WebEventListener  - Before Finding element: By.xpath: //div[@class='v-dialog v-dialog--active']//div[@class='v-btn__content'][contains(text(),'Close')]
2021-02-26/09:45:39.496  INFO: listener.WebEventListener - Before Finding element: By.xpath: //div[@class='v-dialog v-dialog--active']//div[@class='v-btn__content'][contains(text(),'Close')]
262052 [main] INFO utilities.listener.WebEventListener  - Before Finding element: By.xpath: //div[@class='v-dialog v-dialog--active']//div[@class='v-btn__content'][contains(text(),'Close')]
2021-02-26/09:45:39.771  INFO: listener.WebEventListener - Before Finding element: By.xpath: //div[@class='v-dialog v-dialog--active']//div[@class='v-btn__content'][contains(text(),'Close')]
262327 [main] INFO utilities.listener.WebEventListener  - Before Finding element: By.xpath: //div[@class='v-dialog v-dialog--active']//div[@class='v-btn__content'][contains(text(),'Close')]
2021-02-26/09:45:40.125  INFO: listener.WebEventListener - Before Finding element: By.xpath: //div[@class='v-dialog v-dialog--active']//div[@class='v-btn__content'][contains(text(),'Close')]
262681 [main] INFO utilities.listener.WebEventListener  - Before Finding element: By.xpath: //div[@class='v-dialog v-dialog--active']//div[@class='v-btn__content'][contains(text(),'Close')]
2021-02-26/09:45:40.410  INFO: listener.WebEventListener - Before Finding element: By.xpath: //div[@class='v-dialog v-dialog--active']//div[@class='v-btn__content'][contains(text(),'Close')]
262966 [main] INFO utilities.listener.WebEventListener  - Before Finding element: By.xpath: //div[@class='v-dialog v-dialog--active']//div[@class='v-btn__content'][contains(text(),'Close')]
2021-02-26/09:45:40.692  INFO: listener.WebEventListener - Before Finding element: By.xpath: //div[@class='v-dialog v-dialog--active']//div[@class='v-btn__content'][contains(text(),'Close')]
263248 [main] INFO utilities.listener.WebEventListener  - Before Finding element: By.xpath: //div[@class='v-dialog v-dialog--active']//div[@class='v-btn__content'][contains(text(),'Close')]
2021-02-26/09:45:40.957  INFO: listener.WebEventListener - Before Finding element: By.xpath: //div[@class='v-dialog v-dialog--active']//div[@class='v-btn__content'][contains(text(),'Close')]
263513 [main] INFO utilities.listener.WebEventListener  - Before Finding element: By.xpath: //div[@class='v-dialog v-dialog--active']//div[@class='v-btn__content'][contains(text(),'Close')]
2021-02-26/09:45:41.228  INFO: listener.WebEventListener - Before Finding element: By.xpath: //div[@class='v-dialog v-dialog--active']//div[@class='v-btn__content'][contains(text(),'Close')]
263784 [main] INFO utilities.listener.WebEventListener  - Before Finding element: By.xpath: //div[@class='v-dialog v-dialog--active']//div[@class='v-btn__content'][contains(text(),'Close')]
2021-02-26/09:45:41.501  INFO: listener.WebEventListener - Before Finding element: By.xpath: //div[@class='v-dialog v-dialog--active']//div[@class='v-btn__content'][contains(text(),'Close')]
264057 [main] INFO utilities.listener.WebEventListener  - Before Finding element: By.xpath: //div[@class='v-dialog v-dialog--active']//div[@class='v-btn__content'][contains(text(),'Close')]
2021-02-26/09:45:41.781  INFO: listener.WebEventListener - Before Finding element: By.xpath: //div[@class='v-dialog v-dialog--active']//div[@class='v-btn__content'][contains(text(),'Close')]
264337 [main] INFO utilities.listener.WebEventListener  - Before Finding element: By.xpath: //div[@class='v-dialog v-dialog--active']//div[@class='v-btn__content'][contains(text(),'Close')]
2021-02-26/09:45:42.064  INFO: listener.WebEventListener - Before Finding element: By.xpath: //div[@class='v-dialog v-dialog--active']//div[@class='v-btn__content'][contains(text(),'Close')]
264620 [main] INFO utilities.listener.WebEventListener  - Before Finding element: By.xpath: //div[@class='v-dialog v-dialog--active']//div[@class='v-btn__content'][contains(text(),'Close')]
2021-02-26/09:45:42.339  INFO: listener.WebEventListener - Before Finding element: By.xpath: //div[@class='v-dialog v-dialog--active']//div[@class='v-btn__content'][contains(text(),'Close')]
264895 [main] INFO utilities.listener.WebEventListener  - Before Finding element: By.xpath: //div[@class='v-dialog v-dialog--active']//div[@class='v-btn__content'][contains(text(),'Close')]
2021-02-26/09:45:42.609  INFO: listener.WebEventListener - Before Finding element: By.xpath: //div[@class='v-dialog v-dialog--active']//div[@class='v-btn__content'][contains(text(),'Close')]
265165 [main] INFO utilities.listener.WebEventListener  - Before Finding element: By.xpath: //div[@class='v-dialog v-dialog--active']//div[@class='v-btn__content'][contains(text(),'Close')]
2021-02-26/09:45:42.886  INFO: listener.WebEventListener - Before Finding element: By.xpath: //div[@class='v-dialog v-dialog--active']//div[@class='v-btn__content'][contains(text(),'Close')]
265442 [main] INFO utilities.listener.WebEventListener  - Before Finding element: By.xpath: //div[@class='v-dialog v-dialog--active']//div[@class='v-btn__content'][contains(text(),'Close')]
2021-02-26/09:45:43.166  INFO: listener.WebEventListener - Before Finding element: By.xpath: //div[@class='v-dialog v-dialog--active']//div[@class='v-btn__content'][contains(text(),'Close')]
265722 [main] INFO utilities.listener.WebEventListener  - Before Finding element: By.xpath: //div[@class='v-dialog v-dialog--active']//div[@class='v-btn__content'][contains(text(),'Close')]
2021-02-26/09:45:43.437  INFO: listener.WebEventListener - Before Finding element: By.xpath: //div[@class='v-dialog v-dialog--active']//div[@class='v-btn__content'][contains(text(),'Close')]
265993 [main] INFO utilities.listener.WebEventListener  - Before Finding element: By.xpath: //div[@class='v-dialog v-dialog--active']//div[@class='v-btn__content'][contains(text(),'Close')]
2021-02-26/09:45:43.718  INFO: listener.WebEventListener - Before Finding element: By.xpath: //div[@class='v-dialog v-dialog--active']//div[@class='v-btn__content'][contains(text(),'Close')]
266274 [main] INFO utilities.listener.WebEventListener  - Before Finding element: By.xpath: //div[@class='v-dialog v-dialog--active']//div[@class='v-btn__content'][contains(text(),'Close')]
2021-02-26/09:45:43.986  INFO: listener.WebEventListener - Before Finding element: By.xpath: //div[@class='v-dialog v-dialog--active']//div[@class='v-btn__content'][contains(text(),'Close')]
266542 [main] INFO utilities.listener.WebEventListener  - Before Finding element: By.xpath: //div[@class='v-dialog v-dialog--active']//div[@class='v-btn__content'][contains(text(),'Close')]
2021-02-26/09:45:44.252  INFO: listener.WebEventListener - Before Finding element: By.xpath: //div[@class='v-dialog v-dialog--active']//div[@class='v-btn__content'][contains(text(),'Close')]
266808 [main] INFO utilities.listener.WebEventListener  - Before Finding element: By.xpath: //div[@class='v-dialog v-dialog--active']//div[@class='v-btn__content'][contains(text(),'Close')]
2021-02-26/09:45:44.651  INFO: listener.WebEventListener - Before Finding element: By.xpath: //div[@class='v-dialog v-dialog--active']//div[@class='v-btn__content'][contains(text(),'Close')]
267207 [main] INFO utilities.listener.WebEventListener  - Before Finding element: By.xpath: //div[@class='v-dialog v-dialog--active']//div[@class='v-btn__content'][contains(text(),'Close')]
2021-02-26/09:45:45.004  INFO: listener.WebEventListener - Before Finding element: By.xpath: //div[@class='v-dialog v-dialog--active']//div[@class='v-btn__content'][contains(text(),'Close')]
267560 [main] INFO utilities.listener.WebEventListener  - Before Finding element: By.xpath: //div[@class='v-dialog v-dialog--active']//div[@class='v-btn__content'][contains(text(),'Close')]
2021-02-26/09:45:46.206  INFO: listener.WebEventListener - Before Finding element: By.xpath: //div[@class='v-dialog v-dialog--active']//div[@class='v-btn__content'][contains(text(),'Close')]
268762 [main] INFO utilities.listener.WebEventListener  - Before Finding element: By.xpath: //div[@class='v-dialog v-dialog--active']//div[@class='v-btn__content'][contains(text(),'Close')]
2021-02-26/09:45:46.682  INFO: listener.WebEventListener - Before Finding element: By.xpath: //div[@class='v-dialog v-dialog--active']//div[@class='v-btn__content'][contains(text(),'Close')]
269238 [main] INFO utilities.listener.WebEventListener  - Before Finding element: By.xpath: //div[@class='v-dialog v-dialog--active']//div[@class='v-btn__content'][contains(text(),'Close')]
2021-02-26/09:45:46.949  INFO: listener.WebEventListener - Before Finding element: By.xpath: //div[@class='v-dialog v-dialog--active']//div[@class='v-btn__content'][contains(text(),'Close')]
269505 [main] INFO utilities.listener.WebEventListener  - Before Finding element: By.xpath: //div[@class='v-dialog v-dialog--active']//div[@class='v-btn__content'][contains(text(),'Close')]
2021-02-26/09:45:47.225  INFO: listener.WebEventListener - Before Finding element: By.xpath: //div[@class='v-dialog v-dialog--active']//div[@class='v-btn__content'][contains(text(),'Close')]
269781 [main] INFO utilities.listener.WebEventListener  - Before Finding element: By.xpath: //div[@class='v-dialog v-dialog--active']//div[@class='v-btn__content'][contains(text(),'Close')]
2021-02-26/09:45:47.510  INFO: listener.WebEventListener - Before Finding element: By.xpath: //div[@class='v-dialog v-dialog--active']//div[@class='v-btn__content'][contains(text(),'Close')]
270066 [main] INFO utilities.listener.WebEventListener  - Before Finding element: By.xpath: //div[@class='v-dialog v-dialog--active']//div[@class='v-btn__content'][contains(text(),'Close')]
2021-02-26/09:45:47.778  INFO: listener.WebEventListener - Before Finding element: By.xpath: //div[@class='v-dialog v-dialog--active']//div[@class='v-btn__content'][contains(text(),'Close')]
270334 [main] INFO utilities.listener.WebEventListener  - Before Finding element: By.xpath: //div[@class='v-dialog v-dialog--active']//div[@class='v-btn__content'][contains(text(),'Close')]
2021-02-26/09:45:48.049  INFO: listener.WebEventListener - Before Finding element: By.xpath: //div[@class='v-dialog v-dialog--active']//div[@class='v-btn__content'][contains(text(),'Close')]
270605 [main] INFO utilities.listener.WebEventListener  - Before Finding element: By.xpath: //div[@class='v-dialog v-dialog--active']//div[@class='v-btn__content'][contains(text(),'Close')]
2021-02-26/09:45:48.338  INFO: listener.WebEventListener - Before Finding element: By.xpath: //div[@class='v-dialog v-dialog--active']//div[@class='v-btn__content'][contains(text(),'Close')]
270894 [main] INFO utilities.listener.WebEventListener  - Before Finding element: By.xpath: //div[@class='v-dialog v-dialog--active']//div[@class='v-btn__content'][contains(text(),'Close')]
2021-02-26/09:45:48.612  INFO: listener.WebEventListener - Before Finding element: By.xpath: //div[@class='v-dialog v-dialog--active']//div[@class='v-btn__content'][contains(text(),'Close')]
271168 [main] INFO utilities.listener.WebEventListener  - Before Finding element: By.xpath: //div[@class='v-dialog v-dialog--active']//div[@class='v-btn__content'][contains(text(),'Close')]
2021-02-26/09:45:48.879  INFO: listener.WebEventListener - Before Finding element: By.xpath: //div[@class='v-dialog v-dialog--active']//div[@class='v-btn__content'][contains(text(),'Close')]
271435 [main] INFO utilities.listener.WebEventListener  - Before Finding element: By.xpath: //div[@class='v-dialog v-dialog--active']//div[@class='v-btn__content'][contains(text(),'Close')]
2021-02-26/09:45:49.158  INFO: listener.WebEventListener - Before Finding element: By.xpath: //div[@class='v-dialog v-dialog--active']//div[@class='v-btn__content'][contains(text(),'Close')]
271714 [main] INFO utilities.listener.WebEventListener  - Before Finding element: By.xpath: //div[@class='v-dialog v-dialog--active']//div[@class='v-btn__content'][contains(text(),'Close')]
2021-02-26/09:45:49.431  INFO: listener.WebEventListener - Before Finding element: By.xpath: //div[@class='v-dialog v-dialog--active']//div[@class='v-btn__content'][contains(text(),'Close')]
271987 [main] INFO utilities.listener.WebEventListener  - Before Finding element: By.xpath: //div[@class='v-dialog v-dialog--active']//div[@class='v-btn__content'][contains(text(),'Close')]
2021-02-26/09:45:49.701  INFO: listener.WebEventListener - Before Finding element: By.xpath: //div[@class='v-dialog v-dialog--active']//div[@class='v-btn__content'][contains(text(),'Close')]
272257 [main] INFO utilities.listener.WebEventListener  - Before Finding element: By.xpath: //div[@class='v-dialog v-dialog--active']//div[@class='v-btn__content'][contains(text(),'Close')]
2021-02-26/09:45:49.978  INFO: listener.WebEventListener - Before Finding element: By.xpath: //div[@class='v-dialog v-dialog--active']//div[@class='v-btn__content'][contains(text(),'Close')]
272534 [main] INFO utilities.listener.WebEventListener  - Before Finding element: By.xpath: //div[@class='v-dialog v-dialog--active']//div[@class='v-btn__content'][contains(text(),'Close')]
2021-02-26/09:45:50.248  INFO: listener.WebEventListener - Before Finding element: By.xpath: //div[@class='v-dialog v-dialog--active']//div[@class='v-btn__content'][contains(text(),'Close')]
272804 [main] INFO utilities.listener.WebEventListener  - Before Finding element: By.xpath: //div[@class='v-dialog v-dialog--active']//div[@class='v-btn__content'][contains(text(),'Close')]
2021-02-26/09:45:50.517  INFO: listener.WebEventListener - Before Finding element: By.xpath: //div[@class='v-dialog v-dialog--active']//div[@class='v-btn__content'][contains(text(),'Close')]
273073 [main] INFO utilities.listener.WebEventListener  - Before Finding element: By.xpath: //div[@class='v-dialog v-dialog--active']//div[@class='v-btn__content'][contains(text(),'Close')]
2021-02-26/09:45:50.788  INFO: listener.WebEventListener - Before Finding element: By.xpath: //div[@class='v-dialog v-dialog--active']//div[@class='v-btn__content'][contains(text(),'Close')]
273344 [main] INFO utilities.listener.WebEventListener  - Before Finding element: By.xpath: //div[@class='v-dialog v-dialog--active']//div[@class='v-btn__content'][contains(text(),'Close')]
2021-02-26/09:45:51.062  INFO: listener.WebEventListener - Before Finding element: By.xpath: //div[@class='v-dialog v-dialog--active']//div[@class='v-btn__content'][contains(text(),'Close')]
273618 [main] INFO utilities.listener.WebEventListener  - Before Finding element: By.xpath: //div[@class='v-dialog v-dialog--active']//div[@class='v-btn__content'][contains(text(),'Close')]
2021-02-26/09:45:51.331  INFO: listener.WebEventListener - Before Finding element: By.xpath: //div[@class='v-dialog v-dialog--active']//div[@class='v-btn__content'][contains(text(),'Close')]
273887 [main] INFO utilities.listener.WebEventListener  - Before Finding element: By.xpath: //div[@class='v-dialog v-dialog--active']//div[@class='v-btn__content'][contains(text(),'Close')]
2021-02-26/09:45:51.602  INFO: listener.WebEventListener - Before Finding element: By.xpath: //div[@class='v-dialog v-dialog--active']//div[@class='v-btn__content'][contains(text(),'Close')]
274158 [main] INFO utilities.listener.WebEventListener  - Before Finding element: By.xpath: //div[@class='v-dialog v-dialog--active']//div[@class='v-btn__content'][contains(text(),'Close')]
2021-02-26/09:45:51.873  INFO: listener.WebEventListener - Before Finding element: By.xpath: //div[@class='v-dialog v-dialog--active']//div[@class='v-btn__content'][contains(text(),'Close')]
274429 [main] INFO utilities.listener.WebEventListener  - Before Finding element: By.xpath: //div[@class='v-dialog v-dialog--active']//div[@class='v-btn__content'][contains(text(),'Close')]
2021-02-26/09:45:52.144  INFO: listener.WebEventListener - Before Finding element: By.xpath: //div[@class='v-dialog v-dialog--active']//div[@class='v-btn__content'][contains(text(),'Close')]
274700 [main] INFO utilities.listener.WebEventListener  - Before Finding element: By.xpath: //div[@class='v-dialog v-dialog--active']//div[@class='v-btn__content'][contains(text(),'Close')]
2021-02-26/09:45:52.418  INFO: listener.WebEventListener - Before Finding element: By.xpath: //div[@class='v-dialog v-dialog--active']//div[@class='v-btn__content'][contains(text(),'Close')]
274974 [main] INFO utilities.listener.WebEventListener  - Before Finding element: By.xpath: //div[@class='v-dialog v-dialog--active']//div[@class='v-btn__content'][contains(text(),'Close')]
2021-02-26/09:45:52.689  INFO: listener.WebEventListener - Before Finding element: By.xpath: //div[@class='v-dialog v-dialog--active']//div[@class='v-btn__content'][contains(text(),'Close')]
275245 [main] INFO utilities.listener.WebEventListener  - Before Finding element: By.xpath: //div[@class='v-dialog v-dialog--active']//div[@class='v-btn__content'][contains(text(),'Close')]
2021-02-26/09:45:52.963  INFO: listener.WebEventListener - Before Finding element: By.xpath: //div[@class='v-dialog v-dialog--active']//div[@class='v-btn__content'][contains(text(),'Close')]
275519 [main] INFO utilities.listener.WebEventListener  - Before Finding element: By.xpath: //div[@class='v-dialog v-dialog--active']//div[@class='v-btn__content'][contains(text(),'Close')]
2021-02-26/09:45:53.237  INFO: listener.WebEventListener - Before Finding element: By.xpath: //div[@class='v-dialog v-dialog--active']//div[@class='v-btn__content'][contains(text(),'Close')]
275793 [main] INFO utilities.listener.WebEventListener  - Before Finding element: By.xpath: //div[@class='v-dialog v-dialog--active']//div[@class='v-btn__content'][contains(text(),'Close')]
2021-02-26/09:45:53.521  INFO: listener.WebEventListener - Before Finding element: By.xpath: //div[@class='v-dialog v-dialog--active']//div[@class='v-btn__content'][contains(text(),'Close')]
276077 [main] INFO utilities.listener.WebEventListener  - Before Finding element: By.xpath: //div[@class='v-dialog v-dialog--active']//div[@class='v-btn__content'][contains(text(),'Close')]
2021-02-26/09:45:53.793  INFO: listener.WebEventListener - Before Finding element: By.xpath: //div[@class='v-dialog v-dialog--active']//div[@class='v-btn__content'][contains(text(),'Close')]
276349 [main] INFO utilities.listener.WebEventListener  - Before Finding element: By.xpath: //div[@class='v-dialog v-dialog--active']//div[@class='v-btn__content'][contains(text(),'Close')]
2021-02-26/09:45:54.083  INFO: listener.WebEventListener - Before Finding element: By.xpath: //div[@class='v-dialog v-dialog--active']//div[@class='v-btn__content'][contains(text(),'Close')]
276639 [main] INFO utilities.listener.WebEventListener  - Before Finding element: By.xpath: //div[@class='v-dialog v-dialog--active']//div[@class='v-btn__content'][contains(text(),'Close')]
2021-02-26/09:45:54.357  INFO: listener.WebEventListener - Before Finding element: By.xpath: //div[@class='v-dialog v-dialog--active']//div[@class='v-btn__content'][contains(text(),'Close')]
276913 [main] INFO utilities.listener.WebEventListener  - Before Finding element: By.xpath: //div[@class='v-dialog v-dialog--active']//div[@class='v-btn__content'][contains(text(),'Close')]
2021-02-26/09:45:54.633  INFO: listener.WebEventListener - Before Finding element: By.xpath: //div[@class='v-dialog v-dialog--active']//div[@class='v-btn__content'][contains(text(),'Close')]
277189 [main] INFO utilities.listener.WebEventListener  - Before Finding element: By.xpath: //div[@class='v-dialog v-dialog--active']//div[@class='v-btn__content'][contains(text(),'Close')]
2021-02-26/09:45:54.909  INFO: listener.WebEventListener - Before Finding element: By.xpath: //div[@class='v-dialog v-dialog--active']//div[@class='v-btn__content'][contains(text(),'Close')]
277465 [main] INFO utilities.listener.WebEventListener  - Before Finding element: By.xpath: //div[@class='v-dialog v-dialog--active']//div[@class='v-btn__content'][contains(text(),'Close')]
2021-02-26/09:45:55.179  INFO: listener.WebEventListener - Before Finding element: By.xpath: //div[@class='v-dialog v-dialog--active']//div[@class='v-btn__content'][contains(text(),'Close')]
277735 [main] INFO utilities.listener.WebEventListener  - Before Finding element: By.xpath: //div[@class='v-dialog v-dialog--active']//div[@class='v-btn__content'][contains(text(),'Close')]
2021-02-26/09:45:55.453  INFO: listener.WebEventListener - Before Finding element: By.xpath: //div[@class='v-dialog v-dialog--active']//div[@class='v-btn__content'][contains(text(),'Close')]
278009 [main] INFO utilities.listener.WebEventListener  - Before Finding element: By.xpath: //div[@class='v-dialog v-dialog--active']//div[@class='v-btn__content'][contains(text(),'Close')]
2021-02-26/09:45:55.725  INFO: listener.WebEventListener - Before Finding element: By.xpath: //div[@class='v-dialog v-dialog--active']//div[@class='v-btn__content'][contains(text(),'Close')]
278281 [main] INFO utilities.listener.WebEventListener  - Before Finding element: By.xpath: //div[@class='v-dialog v-dialog--active']//div[@class='v-btn__content'][contains(text(),'Close')]
2021-02-26/09:45:56.003  INFO: listener.WebEventListener - Before Finding element: By.xpath: //div[@class='v-dialog v-dialog--active']//div[@class='v-btn__content'][contains(text(),'Close')]
278559 [main] INFO utilities.listener.WebEventListener  - Before Finding element: By.xpath: //div[@class='v-dialog v-dialog--active']//div[@class='v-btn__content'][contains(text(),'Close')]
2021-02-26/09:45:56.276  INFO: listener.WebEventListener - Before Finding element: By.xpath: //div[@class='v-dialog v-dialog--active']//div[@class='v-btn__content'][contains(text(),'Close')]
278832 [main] INFO utilities.listener.WebEventListener  - Before Finding element: By.xpath: //div[@class='v-dialog v-dialog--active']//div[@class='v-btn__content'][contains(text(),'Close')]
2021-02-26/09:45:56.545  INFO: listener.WebEventListener - Before Finding element: By.xpath: //div[@class='v-dialog v-dialog--active']//div[@class='v-btn__content'][contains(text(),'Close')]
279101 [main] INFO utilities.listener.WebEventListener  - Before Finding element: By.xpath: //div[@class='v-dialog v-dialog--active']//div[@class='v-btn__content'][contains(text(),'Close')]
2021-02-26/09:45:56.818  INFO: listener.WebEventListener - Before Finding element: By.xpath: //div[@class='v-dialog v-dialog--active']//div[@class='v-btn__content'][contains(text(),'Close')]
279374 [main] INFO utilities.listener.WebEventListener  - Before Finding element: By.xpath: //div[@class='v-dialog v-dialog--active']//div[@class='v-btn__content'][contains(text(),'Close')]
2021-02-26/09:45:57.090  INFO: listener.WebEventListener - Before Finding element: By.xpath: //div[@class='v-dialog v-dialog--active']//div[@class='v-btn__content'][contains(text(),'Close')]
279646 [main] INFO utilities.listener.WebEventListener  - Before Finding element: By.xpath: //div[@class='v-dialog v-dialog--active']//div[@class='v-btn__content'][contains(text(),'Close')]
2021-02-26/09:45:57.364  INFO: listener.WebEventListener - Before Finding element: By.xpath: //div[@class='v-dialog v-dialog--active']//div[@class='v-btn__content'][contains(text(),'Close')]
279920 [main] INFO utilities.listener.WebEventListener  - Before Finding element: By.xpath: //div[@class='v-dialog v-dialog--active']//div[@class='v-btn__content'][contains(text(),'Close')]
2021-02-26/09:45:57.638  INFO: listener.WebEventListener - Before Finding element: By.xpath: //div[@class='v-dialog v-dialog--active']//div[@class='v-btn__content'][contains(text(),'Close')]
280194 [main] INFO utilities.listener.WebEventListener  - Before Finding element: By.xpath: //div[@class='v-dialog v-dialog--active']//div[@class='v-btn__content'][contains(text(),'Close')]
2021-02-26/09:45:57.908  INFO: listener.WebEventListener - Before Finding element: By.xpath: //div[@class='v-dialog v-dialog--active']//div[@class='v-btn__content'][contains(text(),'Close')]
280464 [main] INFO utilities.listener.WebEventListener  - Before Finding element: By.xpath: //div[@class='v-dialog v-dialog--active']//div[@class='v-btn__content'][contains(text(),'Close')]
2021-02-26/09:45:58.178  INFO: listener.WebEventListener - Before Finding element: By.xpath: //div[@class='v-dialog v-dialog--active']//div[@class='v-btn__content'][contains(text(),'Close')]
280734 [main] INFO utilities.listener.WebEventListener  - Before Finding element: By.xpath: //div[@class='v-dialog v-dialog--active']//div[@class='v-btn__content'][contains(text(),'Close')]
2021-02-26/09:45:58.445  INFO: listener.WebEventListener - Before Finding element: By.xpath: //div[@class='v-dialog v-dialog--active']//div[@class='v-btn__content'][contains(text(),'Close')]
281001 [main] INFO utilities.listener.WebEventListener  - Before Finding element: By.xpath: //div[@class='v-dialog v-dialog--active']//div[@class='v-btn__content'][contains(text(),'Close')]
2021-02-26/09:45:58.712  INFO: listener.WebEventListener - Before Finding element: By.xpath: //div[@class='v-dialog v-dialog--active']//div[@class='v-btn__content'][contains(text(),'Close')]
281268 [main] INFO utilities.listener.WebEventListener  - Before Finding element: By.xpath: //div[@class='v-dialog v-dialog--active']//div[@class='v-btn__content'][contains(text(),'Close')]
2021-02-26/09:45:58.983  INFO: listener.WebEventListener - Before Finding element: By.xpath: //div[@class='v-dialog v-dialog--active']//div[@class='v-btn__content'][contains(text(),'Close')]
281539 [main] INFO utilities.listener.WebEventListener  - Before Finding element: By.xpath: //div[@class='v-dialog v-dialog--active']//div[@class='v-btn__content'][contains(text(),'Close')]
2021-02-26/09:45:59.251  INFO: listener.WebEventListener - Before Finding element: By.xpath: //div[@class='v-dialog v-dialog--active']//div[@class='v-btn__content'][contains(text(),'Close')]
281807 [main] INFO utilities.listener.WebEventListener  - Before Finding element: By.xpath: //div[@class='v-dialog v-dialog--active']//div[@class='v-btn__content'][contains(text(),'Close')]
2021-02-26/09:45:59.523  INFO: listener.WebEventListener - Before Finding element: By.xpath: //div[@class='v-dialog v-dialog--active']//div[@class='v-btn__content'][contains(text(),'Close')]
282079 [main] INFO utilities.listener.WebEventListener  - Before Finding element: By.xpath: //div[@class='v-dialog v-dialog--active']//div[@class='v-btn__content'][contains(text(),'Close')]
2021-02-26/09:45:59.804  INFO: listener.WebEventListener - Before Finding element: By.xpath: //div[@class='v-dialog v-dialog--active']//div[@class='v-btn__content'][contains(text(),'Close')]
282360 [main] INFO utilities.listener.WebEventListener  - Before Finding element: By.xpath: //div[@class='v-dialog v-dialog--active']//div[@class='v-btn__content'][contains(text(),'Close')]
2021-02-26/09:46:00.084  INFO: listener.WebEventListener - Before Finding element: By.xpath: //div[@class='v-dialog v-dialog--active']//div[@class='v-btn__content'][contains(text(),'Close')]
282640 [main] INFO utilities.listener.WebEventListener  - Before Finding element: By.xpath: //div[@class='v-dialog v-dialog--active']//div[@class='v-btn__content'][contains(text(),'Close')]
2021-02-26/09:46:00.354  INFO: listener.WebEventListener - Before Finding element: By.xpath: //div[@class='v-dialog v-dialog--active']//div[@class='v-btn__content'][contains(text(),'Close')]
282910 [main] INFO utilities.listener.WebEventListener  - Before Finding element: By.xpath: //div[@class='v-dialog v-dialog--active']//div[@class='v-btn__content'][contains(text(),'Close')]
2021-02-26/09:46:00.623  INFO: listener.WebEventListener - Before Finding element: By.xpath: //div[@class='v-dialog v-dialog--active']//div[@class='v-btn__content'][contains(text(),'Close')]
283179 [main] INFO utilities.listener.WebEventListener  - Before Finding element: By.xpath: //div[@class='v-dialog v-dialog--active']//div[@class='v-btn__content'][contains(text(),'Close')]
2021-02-26/09:46:00.895  INFO: listener.WebEventListener - Before Finding element: By.xpath: //div[@class='v-dialog v-dialog--active']//div[@class='v-btn__content'][contains(text(),'Close')]
283451 [main] INFO utilities.listener.WebEventListener  - Before Finding element: By.xpath: //div[@class='v-dialog v-dialog--active']//div[@class='v-btn__content'][contains(text(),'Close')]
2021-02-26/09:46:01.168  INFO: listener.WebEventListener - Before Finding element: By.xpath: //div[@class='v-dialog v-dialog--active']//div[@class='v-btn__content'][contains(text(),'Close')]
283724 [main] INFO utilities.listener.WebEventListener  - Before Finding element: By.xpath: //div[@class='v-dialog v-dialog--active']//div[@class='v-btn__content'][contains(text(),'Close')]
2021-02-26/09:46:01.436  INFO: listener.WebEventListener - Before Finding element: By.xpath: //div[@class='v-dialog v-dialog--active']//div[@class='v-btn__content'][contains(text(),'Close')]
283992 [main] INFO utilities.listener.WebEventListener  - Before Finding element: By.xpath: //div[@class='v-dialog v-dialog--active']//div[@class='v-btn__content'][contains(text(),'Close')]
2021-02-26/09:46:01.704  INFO: listener.WebEventListener - Before Finding element: By.xpath: //div[@class='v-dialog v-dialog--active']//div[@class='v-btn__content'][contains(text(),'Close')]
284260 [main] INFO utilities.listener.WebEventListener  - Before Finding element: By.xpath: //div[@class='v-dialog v-dialog--active']//div[@class='v-btn__content'][contains(text(),'Close')]
2021-02-26/09:46:01.970  INFO: listener.WebEventListener - Before Finding element: By.xpath: //div[@class='v-dialog v-dialog--active']//div[@class='v-btn__content'][contains(text(),'Close')]
284526 [main] INFO utilities.listener.WebEventListener  - Before Finding element: By.xpath: //div[@class='v-dialog v-dialog--active']//div[@class='v-btn__content'][contains(text(),'Close')]
2021-02-26/09:46:02.239  INFO: listener.WebEventListener - Before Finding element: By.xpath: //div[@class='v-dialog v-dialog--active']//div[@class='v-btn__content'][contains(text(),'Close')]
284795 [main] INFO utilities.listener.WebEventListener  - Before Finding element: By.xpath: //div[@class='v-dialog v-dialog--active']//div[@class='v-btn__content'][contains(text(),'Close')]
2021-02-26/09:46:02.507  INFO: listener.WebEventListener - Before Finding element: By.xpath: //div[@class='v-dialog v-dialog--active']//div[@class='v-btn__content'][contains(text(),'Close')]
285063 [main] INFO utilities.listener.WebEventListener  - Before Finding element: By.xpath: //div[@class='v-dialog v-dialog--active']//div[@class='v-btn__content'][contains(text(),'Close')]
2021-02-26/09:46:02.777  INFO: listener.WebEventListener - Before Finding element: By.xpath: //div[@class='v-dialog v-dialog--active']//div[@class='v-btn__content'][contains(text(),'Close')]
285333 [main] INFO utilities.listener.WebEventListener  - Before Finding element: By.xpath: //div[@class='v-dialog v-dialog--active']//div[@class='v-btn__content'][contains(text(),'Close')]
2021-02-26/09:46:03.045  INFO: listener.WebEventListener - Before Finding element: By.xpath: //div[@class='v-dialog v-dialog--active']//div[@class='v-btn__content'][contains(text(),'Close')]
285601 [main] INFO utilities.listener.WebEventListener  - Before Finding element: By.xpath: //div[@class='v-dialog v-dialog--active']//div[@class='v-btn__content'][contains(text(),'Close')]
2021-02-26/09:46:03.312  INFO: listener.WebEventListener - Before Finding element: By.xpath: //div[@class='v-dialog v-dialog--active']//div[@class='v-btn__content'][contains(text(),'Close')]
285868 [main] INFO utilities.listener.WebEventListener  - Before Finding element: By.xpath: //div[@class='v-dialog v-dialog--active']//div[@class='v-btn__content'][contains(text(),'Close')]
2021-02-26/09:46:03.579  INFO: listener.WebEventListener - Before Finding element: By.xpath: //div[@class='v-dialog v-dialog--active']//div[@class='v-btn__content'][contains(text(),'Close')]
286135 [main] INFO utilities.listener.WebEventListener  - Before Finding element: By.xpath: //div[@class='v-dialog v-dialog--active']//div[@class='v-btn__content'][contains(text(),'Close')]
2021-02-26/09:46:03.847  INFO: listener.WebEventListener - Before Finding element: By.xpath: //div[@class='v-dialog v-dialog--active']//div[@class='v-btn__content'][contains(text(),'Close')]
286403 [main] INFO utilities.listener.WebEventListener  - Before Finding element: By.xpath: //div[@class='v-dialog v-dialog--active']//div[@class='v-btn__content'][contains(text(),'Close')]
2021-02-26/09:46:04.120  INFO: listener.WebEventListener - Before Finding element: By.xpath: //div[@class='v-dialog v-dialog--active']//div[@class='v-btn__content'][contains(text(),'Close')]
286676 [main] INFO utilities.listener.WebEventListener  - Before Finding element: By.xpath: //div[@class='v-dialog v-dialog--active']//div[@class='v-btn__content'][contains(text(),'Close')]
2021-02-26/09:46:04.389  INFO: listener.WebEventListener - Before Finding element: By.xpath: //div[@class='v-dialog v-dialog--active']//div[@class='v-btn__content'][contains(text(),'Close')]
286945 [main] INFO utilities.listener.WebEventListener  - Before Finding element: By.xpath: //div[@class='v-dialog v-dialog--active']//div[@class='v-btn__content'][contains(text(),'Close')]
2021-02-26/09:46:04.657  INFO: listener.WebEventListener - Before Finding element: By.xpath: //div[@class='v-dialog v-dialog--active']//div[@class='v-btn__content'][contains(text(),'Close')]
287213 [main] INFO utilities.listener.WebEventListener  - Before Finding element: By.xpath: //div[@class='v-dialog v-dialog--active']//div[@class='v-btn__content'][contains(text(),'Close')]
2021-02-26/09:46:04.928  INFO: listener.WebEventListener - Before Finding element: By.xpath: //div[@class='v-dialog v-dialog--active']//div[@class='v-btn__content'][contains(text(),'Close')]
287484 [main] INFO utilities.listener.WebEventListener  - Before Finding element: By.xpath: //div[@class='v-dialog v-dialog--active']//div[@class='v-btn__content'][contains(text(),'Close')]
2021-02-26/09:46:05.196  INFO: listener.WebEventListener - Before Finding element: By.xpath: //div[@class='v-dialog v-dialog--active']//div[@class='v-btn__content'][contains(text(),'Close')]
287752 [main] INFO utilities.listener.WebEventListener  - Before Finding element: By.xpath: //div[@class='v-dialog v-dialog--active']//div[@class='v-btn__content'][contains(text(),'Close')]
2021-02-26/09:46:05.477  INFO: listener.WebEventListener - Before Finding element: By.xpath: //div[@class='v-dialog v-dialog--active']//div[@class='v-btn__content'][contains(text(),'Close')]
288033 [main] INFO utilities.listener.WebEventListener  - Before Finding element: By.xpath: //div[@class='v-dialog v-dialog--active']//div[@class='v-btn__content'][contains(text(),'Close')]
2021-02-26/09:46:05.746  INFO: listener.WebEventListener - Before Finding element: By.xpath: //div[@class='v-dialog v-dialog--active']//div[@class='v-btn__content'][contains(text(),'Close')]
288302 [main] INFO utilities.listener.WebEventListener  - Before Finding element: By.xpath: //div[@class='v-dialog v-dialog--active']//div[@class='v-btn__content'][contains(text(),'Close')]
2021-02-26/09:46:06.023  INFO: listener.WebEventListener - Before Finding element: By.xpath: //div[@class='v-dialog v-dialog--active']//div[@class='v-btn__content'][contains(text(),'Close')]
288579 [main] INFO utilities.listener.WebEventListener  - Before Finding element: By.xpath: //div[@class='v-dialog v-dialog--active']//div[@class='v-btn__content'][contains(text(),'Close')]
2021-02-26/09:46:06.296  INFO: listener.WebEventListener - Before Finding element: By.xpath: //div[@class='v-dialog v-dialog--active']//div[@class='v-btn__content'][contains(text(),'Close')]
288852 [main] INFO utilities.listener.WebEventListener  - Before Finding element: By.xpath: //div[@class='v-dialog v-dialog--active']//div[@class='v-btn__content'][contains(text(),'Close')]
2021-02-26/09:46:06.565  INFO: listener.WebEventListener - Before Finding element: By.xpath: //div[@class='v-dialog v-dialog--active']//div[@class='v-btn__content'][contains(text(),'Close')]
289121 [main] INFO utilities.listener.WebEventListener  - Before Finding element: By.xpath: //div[@class='v-dialog v-dialog--active']//div[@class='v-btn__content'][contains(text(),'Close')]
2021-02-26/09:46:06.834  INFO: listener.WebEventListener - Before Finding element: By.xpath: //div[@class='v-dialog v-dialog--active']//div[@class='v-btn__content'][contains(text(),'Close')]
289390 [main] INFO utilities.listener.WebEventListener  - Before Finding element: By.xpath: //div[@class='v-dialog v-dialog--active']//div[@class='v-btn__content'][contains(text(),'Close')]
2021-02-26/09:46:07.104  INFO: listener.WebEventListener - Before Finding element: By.xpath: //div[@class='v-dialog v-dialog--active']//div[@class='v-btn__content'][contains(text(),'Close')]
289660 [main] INFO utilities.listener.WebEventListener  - Before Finding element: By.xpath: //div[@class='v-dialog v-dialog--active']//div[@class='v-btn__content'][contains(text(),'Close')]
2021-02-26/09:46:07.370  INFO: listener.WebEventListener - Before Finding element: By.xpath: //div[@class='v-dialog v-dialog--active']//div[@class='v-btn__content'][contains(text(),'Close')]
289926 [main] INFO utilities.listener.WebEventListener  - Before Finding element: By.xpath: //div[@class='v-dialog v-dialog--active']//div[@class='v-btn__content'][contains(text(),'Close')]
2021-02-26/09:46:07.640  INFO: listener.WebEventListener - Before Finding element: By.xpath: //div[@class='v-dialog v-dialog--active']//div[@class='v-btn__content'][contains(text(),'Close')]
290196 [main] INFO utilities.listener.WebEventListener  - Before Finding element: By.xpath: //div[@class='v-dialog v-dialog--active']//div[@class='v-btn__content'][contains(text(),'Close')]
2021-02-26/09:46:07.915  INFO: listener.WebEventListener - Before Finding element: By.xpath: //div[@class='v-dialog v-dialog--active']//div[@class='v-btn__content'][contains(text(),'Close')]
290471 [main] INFO utilities.listener.WebEventListener  - Before Finding element: By.xpath: //div[@class='v-dialog v-dialog--active']//div[@class='v-btn__content'][contains(text(),'Close')]
2021-02-26/09:46:08.218  INFO: listener.WebEventListener - Before Finding element: By.xpath: //div[@class='v-dialog v-dialog--active']//div[@class='v-btn__content'][contains(text(),'Close')]
290774 [main] INFO utilities.listener.WebEventListener  - Before Finding element: By.xpath: //div[@class='v-dialog v-dialog--active']//div[@class='v-btn__content'][contains(text(),'Close')]
2021-02-26/09:46:08.501  INFO: listener.WebEventListener - Before Finding element: By.xpath: //div[@class='v-dialog v-dialog--active']//div[@class='v-btn__content'][contains(text(),'Close')]
291057 [main] INFO utilities.listener.WebEventListener  - Before Finding element: By.xpath: //div[@class='v-dialog v-dialog--active']//div[@class='v-btn__content'][contains(text(),'Close')]
2021-02-26/09:46:08.775  INFO: listener.WebEventListener - Before Finding element: By.xpath: //div[@class='v-dialog v-dialog--active']//div[@class='v-btn__content'][contains(text(),'Close')]
291331 [main] INFO utilities.listener.WebEventListener  - Before Finding element: By.xpath: //div[@class='v-dialog v-dialog--active']//div[@class='v-btn__content'][contains(text(),'Close')]
2021-02-26/09:46:09.058  INFO: listener.WebEventListener - Before Finding element: By.xpath: //div[@class='v-dialog v-dialog--active']//div[@class='v-btn__content'][contains(text(),'Close')]
291614 [main] INFO utilities.listener.WebEventListener  - Before Finding element: By.xpath: //div[@class='v-dialog v-dialog--active']//div[@class='v-btn__content'][contains(text(),'Close')]
2021-02-26/09:46:09.328  INFO: listener.WebEventListener - Before Finding element: By.xpath: //div[@class='v-dialog v-dialog--active']//div[@class='v-btn__content'][contains(text(),'Close')]
291884 [main] INFO utilities.listener.WebEventListener  - Before Finding element: By.xpath: //div[@class='v-dialog v-dialog--active']//div[@class='v-btn__content'][contains(text(),'Close')]
2021-02-26/09:46:09.607  INFO: listener.WebEventListener - Before Finding element: By.xpath: //div[@class='v-dialog v-dialog--active']//div[@class='v-btn__content'][contains(text(),'Close')]
292163 [main] INFO utilities.listener.WebEventListener  - Before Finding element: By.xpath: //div[@class='v-dialog v-dialog--active']//div[@class='v-btn__content'][contains(text(),'Close')]
2021-02-26/09:46:09.877  INFO: listener.WebEventListener - Before Finding element: By.xpath: //div[@class='v-dialog v-dialog--active']//div[@class='v-btn__content'][contains(text(),'Close')]
292433 [main] INFO utilities.listener.WebEventListener  - Before Finding element: By.xpath: //div[@class='v-dialog v-dialog--active']//div[@class='v-btn__content'][contains(text(),'Close')]
2021-02-26/09:46:10.161  INFO: listener.WebEventListener - Before Finding element: By.xpath: //div[@class='v-dialog v-dialog--active']//div[@class='v-btn__content'][contains(text(),'Close')]
292717 [main] INFO utilities.listener.WebEventListener  - Before Finding element: By.xpath: //div[@class='v-dialog v-dialog--active']//div[@class='v-btn__content'][contains(text(),'Close')]
2021-02-26/09:46:10.531  INFO: listener.WebEventListener - Before Finding element: By.xpath: //div[@class='v-dialog v-dialog--active']//div[@class='v-btn__content'][contains(text(),'Close')]
293087 [main] INFO utilities.listener.WebEventListener  - Before Finding element: By.xpath: //div[@class='v-dialog v-dialog--active']//div[@class='v-btn__content'][contains(text(),'Close')]
2021-02-26/09:46:10.909  INFO: listener.WebEventListener - Before Finding element: By.xpath: //div[@class='v-dialog v-dialog--active']//div[@class='v-btn__content'][contains(text(),'Close')]
293465 [main] INFO utilities.listener.WebEventListener  - Before Finding element: By.xpath: //div[@class='v-dialog v-dialog--active']//div[@class='v-btn__content'][contains(text(),'Close')]
2021-02-26/09:46:11.188  INFO: listener.WebEventListener - Before Finding element: By.xpath: //div[@class='v-dialog v-dialog--active']//div[@class='v-btn__content'][contains(text(),'Close')]
293744 [main] INFO utilities.listener.WebEventListener  - Before Finding element: By.xpath: //div[@class='v-dialog v-dialog--active']//div[@class='v-btn__content'][contains(text(),'Close')]
2021-02-26/09:46:11.456  INFO: listener.WebEventListener - Before Finding element: By.xpath: //div[@class='v-dialog v-dialog--active']//div[@class='v-btn__content'][contains(text(),'Close')]
294012 [main] INFO utilities.listener.WebEventListener  - Before Finding element: By.xpath: //div[@class='v-dialog v-dialog--active']//div[@class='v-btn__content'][contains(text(),'Close')]
2021-02-26/09:46:11.732  INFO: listener.WebEventListener - Before Finding element: By.xpath: //div[@class='v-dialog v-dialog--active']//div[@class='v-btn__content'][contains(text(),'Close')]
294288 [main] INFO utilities.listener.WebEventListener  - Before Finding element: By.xpath: //div[@class='v-dialog v-dialog--active']//div[@class='v-btn__content'][contains(text(),'Close')]
2021-02-26/09:46:12.000  INFO: listener.WebEventListener - Before Finding element: By.xpath: //div[@class='v-dialog v-dialog--active']//div[@class='v-btn__content'][contains(text(),'Close')]
294556 [main] INFO utilities.listener.WebEventListener  - Before Finding element: By.xpath: //div[@class='v-dialog v-dialog--active']//div[@class='v-btn__content'][contains(text(),'Close')]
2021-02-26/09:46:12.271  INFO: listener.WebEventListener - Before Finding element: By.xpath: //div[@class='v-dialog v-dialog--active']//div[@class='v-btn__content'][contains(text(),'Close')]
294827 [main] INFO utilities.listener.WebEventListener  - Before Finding element: By.xpath: //div[@class='v-dialog v-dialog--active']//div[@class='v-btn__content'][contains(text(),'Close')]
2021-02-26/09:46:12.543  INFO: listener.WebEventListener - Before Finding element: By.xpath: //div[@class='v-dialog v-dialog--active']//div[@class='v-btn__content'][contains(text(),'Close')]
295099 [main] INFO utilities.listener.WebEventListener  - Before Finding element: By.xpath: //div[@class='v-dialog v-dialog--active']//div[@class='v-btn__content'][contains(text(),'Close')]
2021-02-26/09:46:12.814  INFO: listener.WebEventListener - Before Finding element: By.xpath: //div[@class='v-dialog v-dialog--active']//div[@class='v-btn__content'][contains(text(),'Close')]
295370 [main] INFO utilities.listener.WebEventListener  - Before Finding element: By.xpath: //div[@class='v-dialog v-dialog--active']//div[@class='v-btn__content'][contains(text(),'Close')]
2021-02-26/09:46:13.083  INFO: listener.WebEventListener - Before Finding element: By.xpath: //div[@class='v-dialog v-dialog--active']//div[@class='v-btn__content'][contains(text(),'Close')]
295639 [main] INFO utilities.listener.WebEventListener  - Before Finding element: By.xpath: //div[@class='v-dialog v-dialog--active']//div[@class='v-btn__content'][contains(text(),'Close')]
2021-02-26/09:46:13.351  INFO: listener.WebEventListener - Before Finding element: By.xpath: //div[@class='v-dialog v-dialog--active']//div[@class='v-btn__content'][contains(text(),'Close')]
295907 [main] INFO utilities.listener.WebEventListener  - Before Finding element: By.xpath: //div[@class='v-dialog v-dialog--active']//div[@class='v-btn__content'][contains(text(),'Close')]
2021-02-26/09:46:13.621  INFO: listener.WebEventListener - Before Finding element: By.xpath: //div[@class='v-dialog v-dialog--active']//div[@class='v-btn__content'][contains(text(),'Close')]
296177 [main] INFO utilities.listener.WebEventListener  - Before Finding element: By.xpath: //div[@class='v-dialog v-dialog--active']//div[@class='v-btn__content'][contains(text(),'Close')]
2021-02-26/09:46:13.889  INFO: listener.WebEventListener - Before Finding element: By.xpath: //div[@class='v-dialog v-dialog--active']//div[@class='v-btn__content'][contains(text(),'Close')]
296445 [main] INFO utilities.listener.WebEventListener  - Before Finding element: By.xpath: //div[@class='v-dialog v-dialog--active']//div[@class='v-btn__content'][contains(text(),'Close')]
2021-02-26/09:46:14.157  INFO: listener.WebEventListener - Before Finding element: By.xpath: //div[@class='v-dialog v-dialog--active']//div[@class='v-btn__content'][contains(text(),'Close')]
296713 [main] INFO utilities.listener.WebEventListener  - Before Finding element: By.xpath: //div[@class='v-dialog v-dialog--active']//div[@class='v-btn__content'][contains(text(),'Close')]
2021-02-26/09:46:14.426  INFO: listener.WebEventListener - Before Finding element: By.xpath: //div[@class='v-dialog v-dialog--active']//div[@class='v-btn__content'][contains(text(),'Close')]
296982 [main] INFO utilities.listener.WebEventListener  - Before Finding element: By.xpath: //div[@class='v-dialog v-dialog--active']//div[@class='v-btn__content'][contains(text(),'Close')]
2021-02-26/09:46:14.703  INFO: listener.WebEventListener - Before Finding element: By.xpath: //div[@class='v-dialog v-dialog--active']//div[@class='v-btn__content'][contains(text(),'Close')]
297259 [main] INFO utilities.listener.WebEventListener  - Before Finding element: By.xpath: //div[@class='v-dialog v-dialog--active']//div[@class='v-btn__content'][contains(text(),'Close')]
2021-02-26/09:46:14.979  INFO: listener.WebEventListener - Before Finding element: By.xpath: //div[@class='v-dialog v-dialog--active']//div[@class='v-btn__content'][contains(text(),'Close')]
297535 [main] INFO utilities.listener.WebEventListener  - Before Finding element: By.xpath: //div[@class='v-dialog v-dialog--active']//div[@class='v-btn__content'][contains(text(),'Close')]
2021-02-26/09:46:15.256  INFO: listener.WebEventListener - Before Finding element: By.xpath: //div[@class='v-dialog v-dialog--active']//div[@class='v-btn__content'][contains(text(),'Close')]
297812 [main] INFO utilities.listener.WebEventListener  - Before Finding element: By.xpath: //div[@class='v-dialog v-dialog--active']//div[@class='v-btn__content'][contains(text(),'Close')]
2021-02-26/09:46:15.526  INFO: listener.WebEventListener - Before Finding element: By.xpath: //div[@class='v-dialog v-dialog--active']//div[@class='v-btn__content'][contains(text(),'Close')]
298082 [main] INFO utilities.listener.WebEventListener  - Before Finding element: By.xpath: //div[@class='v-dialog v-dialog--active']//div[@class='v-btn__content'][contains(text(),'Close')]
2021-02-26/09:46:15.820  INFO: listener.WebEventListener - Before Finding element: By.xpath: //div[@class='v-dialog v-dialog--active']//div[@class='v-btn__content'][contains(text(),'Close')]
298376 [main] INFO utilities.listener.WebEventListener  - Before Finding element: By.xpath: //div[@class='v-dialog v-dialog--active']//div[@class='v-btn__content'][contains(text(),'Close')]
2021-02-26/09:46:16.089  INFO: listener.WebEventListener - Before Finding element: By.xpath: //div[@class='v-dialog v-dialog--active']//div[@class='v-btn__content'][contains(text(),'Close')]
298645 [main] INFO utilities.listener.WebEventListener  - Before Finding element: By.xpath: //div[@class='v-dialog v-dialog--active']//div[@class='v-btn__content'][contains(text(),'Close')]
2021-02-26/09:46:16.363  INFO: listener.WebEventListener - Before Finding element: By.xpath: //div[@class='v-dialog v-dialog--active']//div[@class='v-btn__content'][contains(text(),'Close')]
298919 [main] INFO utilities.listener.WebEventListener  - Before Finding element: By.xpath: //div[@class='v-dialog v-dialog--active']//div[@class='v-btn__content'][contains(text(),'Close')]
2021-02-26/09:46:16.630  INFO: listener.WebEventListener - Before Finding element: By.xpath: //div[@class='v-dialog v-dialog--active']//div[@class='v-btn__content'][contains(text(),'Close')]
299186 [main] INFO utilities.listener.WebEventListener  - Before Finding element: By.xpath: //div[@class='v-dialog v-dialog--active']//div[@class='v-btn__content'][contains(text(),'Close')]
2021-02-26/09:46:16.898  INFO: listener.WebEventListener - Before Finding element: By.xpath: //div[@class='v-dialog v-dialog--active']//div[@class='v-btn__content'][contains(text(),'Close')]
299454 [main] INFO utilities.listener.WebEventListener  - Before Finding element: By.xpath: //div[@class='v-dialog v-dialog--active']//div[@class='v-btn__content'][contains(text(),'Close')]
2021-02-26/09:46:17.167  INFO: listener.WebEventListener - Before Finding element: By.xpath: //div[@class='v-dialog v-dialog--active']//div[@class='v-btn__content'][contains(text(),'Close')]
299723 [main] INFO utilities.listener.WebEventListener  - Before Finding element: By.xpath: //div[@class='v-dialog v-dialog--active']//div[@class='v-btn__content'][contains(text(),'Close')]
2021-02-26/09:46:17.449  INFO: listener.WebEventListener - Before Finding element: By.xpath: //div[@class='v-dialog v-dialog--active']//div[@class='v-btn__content'][contains(text(),'Close')]
300005 [main] INFO utilities.listener.WebEventListener  - Before Finding element: By.xpath: //div[@class='v-dialog v-dialog--active']//div[@class='v-btn__content'][contains(text(),'Close')]
2021-02-26/09:46:17.740  INFO: listener.WebEventListener - Before Finding element: By.xpath: //div[@class='v-dialog v-dialog--active']//div[@class='v-btn__content'][contains(text(),'Close')]
300296 [main] INFO utilities.listener.WebEventListener  - Before Finding element: By.xpath: //div[@class='v-dialog v-dialog--active']//div[@class='v-btn__content'][contains(text(),'Close')]
2021-02-26/09:46:18.023  INFO: listener.WebEventListener - Before Finding element: By.xpath: //div[@class='v-dialog v-dialog--active']//div[@class='v-btn__content'][contains(text(),'Close')]
300579 [main] INFO utilities.listener.WebEventListener  - Before Finding element: By.xpath: //div[@class='v-dialog v-dialog--active']//div[@class='v-btn__content'][contains(text(),'Close')]
2021-02-26/09:46:18.311  INFO: listener.WebEventListener - Before Finding element: By.xpath: //div[@class='v-dialog v-dialog--active']//div[@class='v-btn__content'][contains(text(),'Close')]
300867 [main] INFO utilities.listener.WebEventListener  - Before Finding element: By.xpath: //div[@class='v-dialog v-dialog--active']//div[@class='v-btn__content'][contains(text(),'Close')]
2021-02-26/09:46:18.576  INFO: listener.WebEventListener - Before Finding element: By.xpath: //div[@class='v-dialog v-dialog--active']//div[@class='v-btn__content'][contains(text(),'Close')]
301132 [main] INFO utilities.listener.WebEventListener  - Before Finding element: By.xpath: //div[@class='v-dialog v-dialog--active']//div[@class='v-btn__content'][contains(text(),'Close')]
2021-02-26/09:46:18.858  INFO: listener.WebEventListener - Before Finding element: By.xpath: //div[@class='v-dialog v-dialog--active']//div[@class='v-btn__content'][contains(text(),'Close')]
301414 [main] INFO utilities.listener.WebEventListener  - Before Finding element: By.xpath: //div[@class='v-dialog v-dialog--active']//div[@class='v-btn__content'][contains(text(),'Close')]
2021-02-26/09:46:19.134  INFO: listener.WebEventListener - Before Finding element: By.xpath: //div[@class='v-dialog v-dialog--active']//div[@class='v-btn__content'][contains(text(),'Close')]
301690 [main] INFO utilities.listener.WebEventListener  - Before Finding element: By.xpath: //div[@class='v-dialog v-dialog--active']//div[@class='v-btn__content'][contains(text(),'Close')]
2021-02-26/09:46:19.418  INFO: listener.WebEventListener - Before Finding element: By.xpath: //div[@class='v-dialog v-dialog--active']//div[@class='v-btn__content'][contains(text(),'Close')]
301974 [main] INFO utilities.listener.WebEventListener  - Before Finding element: By.xpath: //div[@class='v-dialog v-dialog--active']//div[@class='v-btn__content'][contains(text(),'Close')]
2021-02-26/09:46:19.699  INFO: listener.WebEventListener - Before Finding element: By.xpath: //div[@class='v-dialog v-dialog--active']//div[@class='v-btn__content'][contains(text(),'Close')]
302255 [main] INFO utilities.listener.WebEventListener  - Before Finding element: By.xpath: //div[@class='v-dialog v-dialog--active']//div[@class='v-btn__content'][contains(text(),'Close')]
2021-02-26/09:46:19.978  INFO: listener.WebEventListener - Before Finding element: By.xpath: //div[@class='v-dialog v-dialog--active']//div[@class='v-btn__content'][contains(text(),'Close')]
302534 [main] INFO utilities.listener.WebEventListener  - Before Finding element: By.xpath: //div[@class='v-dialog v-dialog--active']//div[@class='v-btn__content'][contains(text(),'Close')]
2021-02-26/09:46:20.261  INFO: listener.WebEventListener - Before Finding element: By.xpath: //div[@class='v-dialog v-dialog--active']//div[@class='v-btn__content'][contains(text(),'Close')]
302817 [main] INFO utilities.listener.WebEventListener  - Before Finding element: By.xpath: //div[@class='v-dialog v-dialog--active']//div[@class='v-btn__content'][contains(text(),'Close')]
2021-02-26/09:46:20.539  INFO: listener.WebEventListener - Before Finding element: By.xpath: //div[@class='v-dialog v-dialog--active']//div[@class='v-btn__content'][contains(text(),'Close')]
303095 [main] INFO utilities.listener.WebEventListener  - Before Finding element: By.xpath: //div[@class='v-dialog v-dialog--active']//div[@class='v-btn__content'][contains(text(),'Close')]
2021-02-26/09:46:20.810  INFO: listener.WebEventListener - Before Finding element: By.xpath: //div[@class='v-dialog v-dialog--active']//div[@class='v-btn__content'][contains(text(),'Close')]
303366 [main] INFO utilities.listener.WebEventListener  - Before Finding element: By.xpath: //div[@class='v-dialog v-dialog--active']//div[@class='v-btn__content'][contains(text(),'Close')]
2021-02-26/09:46:21.081  INFO: listener.WebEventListener - Before Finding element: By.xpath: //div[@class='v-dialog v-dialog--active']//div[@class='v-btn__content'][contains(text(),'Close')]
303637 [main] INFO utilities.listener.WebEventListener  - Before Finding element: By.xpath: //div[@class='v-dialog v-dialog--active']//div[@class='v-btn__content'][contains(text(),'Close')]
2021-02-26/09:46:21.378  INFO: listener.WebEventListener - Before Finding element: By.xpath: //div[@class='v-dialog v-dialog--active']//div[@class='v-btn__content'][contains(text(),'Close')]
303934 [main] INFO utilities.listener.WebEventListener  - Before Finding element: By.xpath: //div[@class='v-dialog v-dialog--active']//div[@class='v-btn__content'][contains(text(),'Close')]
2021-02-26/09:46:21.667  INFO: listener.WebEventListener - Before Finding element: By.xpath: //div[@class='v-dialog v-dialog--active']//div[@class='v-btn__content'][contains(text(),'Close')]
304223 [main] INFO utilities.listener.WebEventListener  - Before Finding element: By.xpath: //div[@class='v-dialog v-dialog--active']//div[@class='v-btn__content'][contains(text(),'Close')]
2021-02-26/09:46:21.947  INFO: listener.WebEventListener - Before Finding element: By.xpath: //div[@class='v-dialog v-dialog--active']//div[@class='v-btn__content'][contains(text(),'Close')]
304503 [main] INFO utilities.listener.WebEventListener  - Before Finding element: By.xpath: //div[@class='v-dialog v-dialog--active']//div[@class='v-btn__content'][contains(text(),'Close')]
2021-02-26/09:46:22.241  INFO: listener.WebEventListener - Before Finding element: By.xpath: //div[@class='v-dialog v-dialog--active']//div[@class='v-btn__content'][contains(text(),'Close')]
304797 [main] INFO utilities.listener.WebEventListener  - Before Finding element: By.xpath: //div[@class='v-dialog v-dialog--active']//div[@class='v-btn__content'][contains(text(),'Close')]
2021-02-26/09:46:22.528  INFO: listener.WebEventListener - Before Finding element: By.xpath: //div[@class='v-dialog v-dialog--active']//div[@class='v-btn__content'][contains(text(),'Close')]
305084 [main] INFO utilities.listener.WebEventListener  - Before Finding element: By.xpath: //div[@class='v-dialog v-dialog--active']//div[@class='v-btn__content'][contains(text(),'Close')]
2021-02-26/09:46:22.820  INFO: listener.WebEventListener - Before Finding element: By.xpath: //div[@class='v-dialog v-dialog--active']//div[@class='v-btn__content'][contains(text(),'Close')]
305376 [main] INFO utilities.listener.WebEventListener  - Before Finding element: By.xpath: //div[@class='v-dialog v-dialog--active']//div[@class='v-btn__content'][contains(text(),'Close')]
2021-02-26/09:46:23.109  INFO: listener.WebEventListener - Before Finding element: By.xpath: //div[@class='v-dialog v-dialog--active']//div[@class='v-btn__content'][contains(text(),'Close')]
305665 [main] INFO utilities.listener.WebEventListener  - Before Finding element: By.xpath: //div[@class='v-dialog v-dialog--active']//div[@class='v-btn__content'][contains(text(),'Close')]
2021-02-26/09:46:23.389  INFO: listener.WebEventListener - Before Finding element: By.xpath: //div[@class='v-dialog v-dialog--active']//div[@class='v-btn__content'][contains(text(),'Close')]
305945 [main] INFO utilities.listener.WebEventListener  - Before Finding element: By.xpath: //div[@class='v-dialog v-dialog--active']//div[@class='v-btn__content'][contains(text(),'Close')]
2021-02-26/09:46:23.666  INFO: listener.WebEventListener - Before Finding element: By.xpath: //div[@class='v-dialog v-dialog--active']//div[@class='v-btn__content'][contains(text(),'Close')]
306222 [main] INFO utilities.listener.WebEventListener  - Before Finding element: By.xpath: //div[@class='v-dialog v-dialog--active']//div[@class='v-btn__content'][contains(text(),'Close')]
2021-02-26/09:46:23.936  INFO: listener.WebEventListener - Before Finding element: By.xpath: //div[@class='v-dialog v-dialog--active']//div[@class='v-btn__content'][contains(text(),'Close')]
306492 [main] INFO utilities.listener.WebEventListener  - Before Finding element: By.xpath: //div[@class='v-dialog v-dialog--active']//div[@class='v-btn__content'][contains(text(),'Close')]
2021-02-26/09:46:24.220  INFO: listener.WebEventListener - Before Finding element: By.xpath: //div[@class='v-dialog v-dialog--active']//div[@class='v-btn__content'][contains(text(),'Close')]
306776 [main] INFO utilities.listener.WebEventListener  - Before Finding element: By.xpath: //div[@class='v-dialog v-dialog--active']//div[@class='v-btn__content'][contains(text(),'Close')]
2021-02-26/09:46:24.510  INFO: listener.WebEventListener - Before Finding element: By.xpath: //div[@class='v-dialog v-dialog--active']//div[@class='v-btn__content'][contains(text(),'Close')]
307066 [main] INFO utilities.listener.WebEventListener  - Before Finding element: By.xpath: //div[@class='v-dialog v-dialog--active']//div[@class='v-btn__content'][contains(text(),'Close')]
2021-02-26/09:46:24.792  INFO: listener.WebEventListener - Before Finding element: By.xpath: //div[@class='v-dialog v-dialog--active']//div[@class='v-btn__content'][contains(text(),'Close')]
307348 [main] INFO utilities.listener.WebEventListener  - Before Finding element: By.xpath: //div[@class='v-dialog v-dialog--active']//div[@class='v-btn__content'][contains(text(),'Close')]
2021-02-26/09:46:25.064  INFO: listener.WebEventListener - Before Finding element: By.xpath: //div[@class='v-dialog v-dialog--active']//div[@class='v-btn__content'][contains(text(),'Close')]
307620 [main] INFO utilities.listener.WebEventListener  - Before Finding element: By.xpath: //div[@class='v-dialog v-dialog--active']//div[@class='v-btn__content'][contains(text(),'Close')]
2021-02-26/09:46:25.334  INFO: listener.WebEventListener - Before Finding element: By.xpath: //div[@class='v-dialog v-dialog--active']//div[@class='v-btn__content'][contains(text(),'Close')]
307890 [main] INFO utilities.listener.WebEventListener  - Before Finding element: By.xpath: //div[@class='v-dialog v-dialog--active']//div[@class='v-btn__content'][contains(text(),'Close')]
2021-02-26/09:46:25.624  INFO: listener.WebEventListener - Before Finding element: By.xpath: //div[@class='v-dialog v-dialog--active']//div[@class='v-btn__content'][contains(text(),'Close')]
308180 [main] INFO utilities.listener.WebEventListener  - Before Finding element: By.xpath: //div[@class='v-dialog v-dialog--active']//div[@class='v-btn__content'][contains(text(),'Close')]
2021-02-26/09:46:25.929  INFO: listener.WebEventListener - Before Finding element: By.xpath: //div[@class='v-dialog v-dialog--active']//div[@class='v-btn__content'][contains(text(),'Close')]
308485 [main] INFO utilities.listener.WebEventListener  - Before Finding element: By.xpath: //div[@class='v-dialog v-dialog--active']//div[@class='v-btn__content'][contains(text(),'Close')]
2021-02-26/09:46:26.212  INFO: listener.WebEventListener - Before Finding element: By.xpath: //div[@class='v-dialog v-dialog--active']//div[@class='v-btn__content'][contains(text(),'Close')]
308768 [main] INFO utilities.listener.WebEventListener  - Before Finding element: By.xpath: //div[@class='v-dialog v-dialog--active']//div[@class='v-btn__content'][contains(text(),'Close')]
2021-02-26/09:46:26.487  INFO: listener.WebEventListener - Before Finding element: By.xpath: //div[@class='v-dialog v-dialog--active']//div[@class='v-btn__content'][contains(text(),'Close')]
309043 [main] INFO utilities.listener.WebEventListener  - Before Finding element: By.xpath: //div[@class='v-dialog v-dialog--active']//div[@class='v-btn__content'][contains(text(),'Close')]
2021-02-26/09:46:26.769  INFO: listener.WebEventListener - Before Finding element: By.xpath: //div[@class='v-dialog v-dialog--active']//div[@class='v-btn__content'][contains(text(),'Close')]
309325 [main] INFO utilities.listener.WebEventListener  - Before Finding element: By.xpath: //div[@class='v-dialog v-dialog--active']//div[@class='v-btn__content'][contains(text(),'Close')]
2021-02-26/09:46:27.054  INFO: listener.WebEventListener - Before Finding element: By.xpath: //div[@class='v-dialog v-dialog--active']//div[@class='v-btn__content'][contains(text(),'Close')]
309610 [main] INFO utilities.listener.WebEventListener  - Before Finding element: By.xpath: //div[@class='v-dialog v-dialog--active']//div[@class='v-btn__content'][contains(text(),'Close')]
2021-02-26/09:46:27.336  INFO: listener.WebEventListener - Before Finding element: By.xpath: //div[@class='v-dialog v-dialog--active']//div[@class='v-btn__content'][contains(text(),'Close')]
309892 [main] INFO utilities.listener.WebEventListener  - Before Finding element: By.xpath: //div[@class='v-dialog v-dialog--active']//div[@class='v-btn__content'][contains(text(),'Close')]
2021-02-26/09:46:27.620  INFO: listener.WebEventListener - Before Finding element: By.xpath: //div[@class='v-dialog v-dialog--active']//div[@class='v-btn__content'][contains(text(),'Close')]
310176 [main] INFO utilities.listener.WebEventListener  - Before Finding element: By.xpath: //div[@class='v-dialog v-dialog--active']//div[@class='v-btn__content'][contains(text(),'Close')]
2021-02-26/09:46:27.904  INFO: listener.WebEventListener - Before Finding element: By.xpath: //div[@class='v-dialog v-dialog--active']//div[@class='v-btn__content'][contains(text(),'Close')]
310460 [main] INFO utilities.listener.WebEventListener  - Before Finding element: By.xpath: //div[@class='v-dialog v-dialog--active']//div[@class='v-btn__content'][contains(text(),'Close')]
2021-02-26/09:46:28.187  INFO: listener.WebEventListener - Before Finding element: By.xpath: //div[@class='v-dialog v-dialog--active']//div[@class='v-btn__content'][contains(text(),'Close')]
310743 [main] INFO utilities.listener.WebEventListener  - Before Finding element: By.xpath: //div[@class='v-dialog v-dialog--active']//div[@class='v-btn__content'][contains(text(),'Close')]
2021-02-26/09:46:28.474  INFO: listener.WebEventListener - Before Finding element: By.xpath: //div[@class='v-dialog v-dialog--active']//div[@class='v-btn__content'][contains(text(),'Close')]
311030 [main] INFO utilities.listener.WebEventListener  - Before Finding element: By.xpath: //div[@class='v-dialog v-dialog--active']//div[@class='v-btn__content'][contains(text(),'Close')]
2021-02-26/09:46:28.756  INFO: listener.WebEventListener - Before Finding element: By.xpath: //div[@class='v-dialog v-dialog--active']//div[@class='v-btn__content'][contains(text(),'Close')]
311312 [main] INFO utilities.listener.WebEventListener  - Before Finding element: By.xpath: //div[@class='v-dialog v-dialog--active']//div[@class='v-btn__content'][contains(text(),'Close')]
2021-02-26/09:46:29.034  INFO: listener.WebEventListener - Before Finding element: By.xpath: //div[@class='v-dialog v-dialog--active']//div[@class='v-btn__content'][contains(text(),'Close')]
311590 [main] INFO utilities.listener.WebEventListener  - Before Finding element: By.xpath: //div[@class='v-dialog v-dialog--active']//div[@class='v-btn__content'][contains(text(),'Close')]
2021-02-26/09:46:29.322  INFO: listener.WebEventListener - Before Finding element: By.xpath: //div[@class='v-dialog v-dialog--active']//div[@class='v-btn__content'][contains(text(),'Close')]
311878 [main] INFO utilities.listener.WebEventListener  - Before Finding element: By.xpath: //div[@class='v-dialog v-dialog--active']//div[@class='v-btn__content'][contains(text(),'Close')]
2021-02-26/09:46:29.594  INFO: listener.WebEventListener - Before Finding element: By.xpath: //div[@class='v-dialog v-dialog--active']//div[@class='v-btn__content'][contains(text(),'Close')]
312150 [main] INFO utilities.listener.WebEventListener  - Before Finding element: By.xpath: //div[@class='v-dialog v-dialog--active']//div[@class='v-btn__content'][contains(text(),'Close')]
2021-02-26/09:46:29.868  INFO: listener.WebEventListener - Before Finding element: By.xpath: //div[@class='v-dialog v-dialog--active']//div[@class='v-btn__content'][contains(text(),'Close')]
312424 [main] INFO utilities.listener.WebEventListener  - Before Finding element: By.xpath: //div[@class='v-dialog v-dialog--active']//div[@class='v-btn__content'][contains(text(),'Close')]
2021-02-26/09:46:30.147  INFO: listener.WebEventListener - Before Finding element: By.xpath: //div[@class='v-dialog v-dialog--active']//div[@class='v-btn__content'][contains(text(),'Close')]
312703 [main] INFO utilities.listener.WebEventListener  - Before Finding element: By.xpath: //div[@class='v-dialog v-dialog--active']//div[@class='v-btn__content'][contains(text(),'Close')]
2021-02-26/09:46:30.431  INFO: listener.WebEventListener - Before Finding element: By.xpath: //div[@class='v-dialog v-dialog--active']//div[@class='v-btn__content'][contains(text(),'Close')]
312987 [main] INFO utilities.listener.WebEventListener  - Before Finding element: By.xpath: //div[@class='v-dialog v-dialog--active']//div[@class='v-btn__content'][contains(text(),'Close')]
2021-02-26/09:46:30.713  INFO: listener.WebEventListener - Before Finding element: By.xpath: //div[@class='v-dialog v-dialog--active']//div[@class='v-btn__content'][contains(text(),'Close')]
313269 [main] INFO utilities.listener.WebEventListener  - Before Finding element: By.xpath: //div[@class='v-dialog v-dialog--active']//div[@class='v-btn__content'][contains(text(),'Close')]
2021-02-26/09:46:30.994  INFO: listener.WebEventListener - Before Finding element: By.xpath: //div[@class='v-dialog v-dialog--active']//div[@class='v-btn__content'][contains(text(),'Close')]
313550 [main] INFO utilities.listener.WebEventListener  - Before Finding element: By.xpath: //div[@class='v-dialog v-dialog--active']//div[@class='v-btn__content'][contains(text(),'Close')]
2021-02-26/09:46:31.276  INFO: listener.WebEventListener - Before Finding element: By.xpath: //div[@class='v-dialog v-dialog--active']//div[@class='v-btn__content'][contains(text(),'Close')]
313832 [main] INFO utilities.listener.WebEventListener  - Before Finding element: By.xpath: //div[@class='v-dialog v-dialog--active']//div[@class='v-btn__content'][contains(text(),'Close')]
2021-02-26/09:46:31.551  INFO: listener.WebEventListener - Before Finding element: By.xpath: //div[@class='v-dialog v-dialog--active']//div[@class='v-btn__content'][contains(text(),'Close')]
314107 [main] INFO utilities.listener.WebEventListener  - Before Finding element: By.xpath: //div[@class='v-dialog v-dialog--active']//div[@class='v-btn__content'][contains(text(),'Close')]
2021-02-26/09:46:31.836  INFO: listener.WebEventListener - Before Finding element: By.xpath: //div[@class='v-dialog v-dialog--active']//div[@class='v-btn__content'][contains(text(),'Close')]
314392 [main] INFO utilities.listener.WebEventListener  - Before Finding element: By.xpath: //div[@class='v-dialog v-dialog--active']//div[@class='v-btn__content'][contains(text(),'Close')]
2021-02-26/09:46:32.117  INFO: listener.WebEventListener - Before Finding element: By.xpath: //div[@class='v-dialog v-dialog--active']//div[@class='v-btn__content'][contains(text(),'Close')]
314673 [main] INFO utilities.listener.WebEventListener  - Before Finding element: By.xpath: //div[@class='v-dialog v-dialog--active']//div[@class='v-btn__content'][contains(text(),'Close')]
2021-02-26/09:46:32.383  INFO: listener.WebEventListener - Before Finding element: By.xpath: //div[@class='v-dialog v-dialog--active']//div[@class='v-btn__content'][contains(text(),'Close')]
314939 [main] INFO utilities.listener.WebEventListener  - Before Finding element: By.xpath: //div[@class='v-dialog v-dialog--active']//div[@class='v-btn__content'][contains(text(),'Close')]
2021-02-26/09:46:32.660  INFO: listener.WebEventListener - Before Finding element: By.xpath: //div[@class='v-dialog v-dialog--active']//div[@class='v-btn__content'][contains(text(),'Close')]
315216 [main] INFO utilities.listener.WebEventListener  - Before Finding element: By.xpath: //div[@class='v-dialog v-dialog--active']//div[@class='v-btn__content'][contains(text(),'Close')]
2021-02-26/09:46:32.949  INFO: listener.WebEventListener - Before Finding element: By.xpath: //div[@class='v-dialog v-dialog--active']//div[@class='v-btn__content'][contains(text(),'Close')]
315505 [main] INFO utilities.listener.WebEventListener  - Before Finding element: By.xpath: //div[@class='v-dialog v-dialog--active']//div[@class='v-btn__content'][contains(text(),'Close')]
2021-02-26/09:46:33.216  INFO: listener.WebEventListener - Before Finding element: By.xpath: //div[@class='v-dialog v-dialog--active']//div[@class='v-btn__content'][contains(text(),'Close')]
315772 [main] INFO utilities.listener.WebEventListener  - Before Finding element: By.xpath: //div[@class='v-dialog v-dialog--active']//div[@class='v-btn__content'][contains(text(),'Close')]
2021-02-26/09:46:33.501  INFO: listener.WebEventListener - Before Finding element: By.xpath: //div[@class='v-dialog v-dialog--active']//div[@class='v-btn__content'][contains(text(),'Close')]
316057 [main] INFO utilities.listener.WebEventListener  - Before Finding element: By.xpath: //div[@class='v-dialog v-dialog--active']//div[@class='v-btn__content'][contains(text(),'Close')]
2021-02-26/09:46:33.797  INFO: listener.WebEventListener - Before Finding element: By.xpath: //div[@class='v-dialog v-dialog--active']//div[@class='v-btn__content'][contains(text(),'Close')]
316353 [main] INFO utilities.listener.WebEventListener  - Before Finding element: By.xpath: //div[@class='v-dialog v-dialog--active']//div[@class='v-btn__content'][contains(text(),'Close')]
2021-02-26/09:46:34.083  INFO: listener.WebEventListener - Before Finding element: By.xpath: //div[@class='v-dialog v-dialog--active']//div[@class='v-btn__content'][contains(text(),'Close')]
316639 [main] INFO utilities.listener.WebEventListener  - Before Finding element: By.xpath: //div[@class='v-dialog v-dialog--active']//div[@class='v-btn__content'][contains(text(),'Close')]
2021-02-26/09:46:34.369  INFO: listener.WebEventListener - Before Finding element: By.xpath: //div[@class='v-dialog v-dialog--active']//div[@class='v-btn__content'][contains(text(),'Close')]
316925 [main] INFO utilities.listener.WebEventListener  - Before Finding element: By.xpath: //div[@class='v-dialog v-dialog--active']//div[@class='v-btn__content'][contains(text(),'Close')]
2021-02-26/09:46:34.641  INFO: listener.WebEventListener - Before Finding element: By.xpath: //div[@class='v-dialog v-dialog--active']//div[@class='v-btn__content'][contains(text(),'Close')]
317197 [main] INFO utilities.listener.WebEventListener  - Before Finding element: By.xpath: //div[@class='v-dialog v-dialog--active']//div[@class='v-btn__content'][contains(text(),'Close')]
2021-02-26/09:46:34.913  INFO: listener.WebEventListener - Before Finding element: By.xpath: //div[@class='v-dialog v-dialog--active']//div[@class='v-btn__content'][contains(text(),'Close')]
317469 [main] INFO utilities.listener.WebEventListener  - Before Finding element: By.xpath: //div[@class='v-dialog v-dialog--active']//div[@class='v-btn__content'][contains(text(),'Close')]
2021-02-26/09:46:35.182  INFO: listener.WebEventListener - Before Finding element: By.xpath: //div[@class='v-dialog v-dialog--active']//div[@class='v-btn__content'][contains(text(),'Close')]
317738 [main] INFO utilities.listener.WebEventListener  - Before Finding element: By.xpath: //div[@class='v-dialog v-dialog--active']//div[@class='v-btn__content'][contains(text(),'Close')]
2021-02-26/09:46:35.449  INFO: listener.WebEventListener - Before Finding element: By.xpath: //div[@class='v-dialog v-dialog--active']//div[@class='v-btn__content'][contains(text(),'Close')]
318005 [main] INFO utilities.listener.WebEventListener  - Before Finding element: By.xpath: //div[@class='v-dialog v-dialog--active']//div[@class='v-btn__content'][contains(text(),'Close')]
2021-02-26/09:46:35.738  INFO: listener.WebEventListener - Before Finding element: By.xpath: //div[@class='v-dialog v-dialog--active']//div[@class='v-btn__content'][contains(text(),'Close')]
318294 [main] INFO utilities.listener.WebEventListener  - Before Finding element: By.xpath: //div[@class='v-dialog v-dialog--active']//div[@class='v-btn__content'][contains(text(),'Close')]
2021-02-26/09:46:36.020  INFO: listener.WebEventListener - Before Finding element: By.xpath: //div[@class='v-dialog v-dialog--active']//div[@class='v-btn__content'][contains(text(),'Close')]
318576 [main] INFO utilities.listener.WebEventListener  - Before Finding element: By.xpath: //div[@class='v-dialog v-dialog--active']//div[@class='v-btn__content'][contains(text(),'Close')]
2021-02-26/09:46:36.305  INFO: listener.WebEventListener - Before Finding element: By.xpath: //div[@class='v-dialog v-dialog--active']//div[@class='v-btn__content'][contains(text(),'Close')]
318861 [main] INFO utilities.listener.WebEventListener  - Before Finding element: By.xpath: //div[@class='v-dialog v-dialog--active']//div[@class='v-btn__content'][contains(text(),'Close')]
2021-02-26/09:46:36.587  INFO: listener.WebEventListener - Before Finding element: By.xpath: //div[@class='v-dialog v-dialog--active']//div[@class='v-btn__content'][contains(text(),'Close')]
319143 [main] INFO utilities.listener.WebEventListener  - Before Finding element: By.xpath: //div[@class='v-dialog v-dialog--active']//div[@class='v-btn__content'][contains(text(),'Close')]
2021-02-26/09:46:36.853  INFO: listener.WebEventListener - Before Finding element: By.xpath: //div[@class='v-dialog v-dialog--active']//div[@class='v-btn__content'][contains(text(),'Close')]
319409 [main] INFO utilities.listener.WebEventListener  - Before Finding element: By.xpath: //div[@class='v-dialog v-dialog--active']//div[@class='v-btn__content'][contains(text(),'Close')]
2021-02-26/09:46:37.136  INFO: listener.WebEventListener - Before Finding element: By.xpath: //div[@class='v-dialog v-dialog--active']//div[@class='v-btn__content'][contains(text(),'Close')]
319692 [main] INFO utilities.listener.WebEventListener  - Before Finding element: By.xpath: //div[@class='v-dialog v-dialog--active']//div[@class='v-btn__content'][contains(text(),'Close')]
2021-02-26/09:46:37.419  INFO: listener.WebEventListener - Before Finding element: By.xpath: //div[@class='v-dialog v-dialog--active']//div[@class='v-btn__content'][contains(text(),'Close')]
319975 [main] INFO utilities.listener.WebEventListener  - Before Finding element: By.xpath: //div[@class='v-dialog v-dialog--active']//div[@class='v-btn__content'][contains(text(),'Close')]
I am in onTestFailure method doStarted failed
]]></system-out>
  </testcase>
</testsuite>