<?xml version="1.0" encoding="UTF-8"?>
<testsuite xmlns:xsi="http://www.w3.org/2001/XMLSchema-instance" xsi:noNamespaceSchemaLocation="https://maven.apache.org/surefire/maven-surefire-plugin/xsd/surefire-test-report-3.0.xsd" version="3.0" name="TestSuite" time="1,197.153" tests="14" errors="0" skipped="0" failures="4">
  <properties>
    <property name="sun.desktop" value="windows"/>
    <property name="awt.toolkit" value="sun.awt.windows.WToolkit"/>
    <property name="java.specification.version" value="11"/>
    <property name="webdriver.chrome.driver" value="C:\Users\nasreenk\.m2\repository\webdriver\chromedriver\win32\97.0.4692.71\chromedriver.exe"/>
    <property name="sun.cpu.isalist" value="amd64"/>
    <property name="sun.jnu.encoding" value="Cp1252"/>
    <property name="java.class.path" value="D:\HardDiskCopied\E\InelliJ\SeleniumTestJavaArtifact2july\SeleniumTestJavaArtifact\target\test-classes;D:\HardDiskCopied\E\InelliJ\SeleniumTestJavaArtifact2july\SeleniumTestJavaArtifact\target\classes;C:\Users\nasreenk\.m2\repository\io\github\bonigarcia\webdrivermanager\4.0.0\webdrivermanager-4.0.0.jar;C:\Users\nasreenk\.m2\repository\commons-io\commons-io\2.6\commons-io-2.6.jar;C:\Users\nasreenk\.m2\repository\com\google\code\gson\gson\2.8.6\gson-2.8.6.jar;C:\Users\nasreenk\.m2\repository\org\apache\commons\commons-lang3\3.10\commons-lang3-3.10.jar;C:\Users\nasreenk\.m2\repository\org\apache\httpcomponents\client5\httpclient5\5.0\httpclient5-5.0.jar;C:\Users\nasreenk\.m2\repository\org\apache\httpcomponents\core5\httpcore5\5.0\httpcore5-5.0.jar;C:\Users\nasreenk\.m2\repository\org\apache\httpcomponents\core5\httpcore5-h2\5.0\httpcore5-h2-5.0.jar;C:\Users\nasreenk\.m2\repository\commons-codec\commons-codec\1.13\commons-codec-1.13.jar;C:\Users\nasreenk\.m2\repository\org\rauschig\jarchivelib\1.0.0\jarchivelib-1.0.0.jar;C:\Users\nasreenk\.m2\repository\org\apache\commons\commons-compress\1.18\commons-compress-1.18.jar;C:\Users\nasreenk\.m2\repository\org\seleniumhq\selenium\selenium-java\3.141.59\selenium-java-3.141.59.jar;C:\Users\nasreenk\.m2\repository\org\seleniumhq\selenium\selenium-api\3.141.59\selenium-api-3.141.59.jar;C:\Users\nasreenk\.m2\repository\org\seleniumhq\selenium\selenium-chrome-driver\3.141.59\selenium-chrome-driver-3.141.59.jar;C:\Users\nasreenk\.m2\repository\org\seleniumhq\selenium\selenium-edge-driver\3.141.59\selenium-edge-driver-3.141.59.jar;C:\Users\nasreenk\.m2\repository\org\seleniumhq\selenium\selenium-firefox-driver\3.141.59\selenium-firefox-driver-3.141.59.jar;C:\Users\nasreenk\.m2\repository\org\seleniumhq\selenium\selenium-ie-driver\3.141.59\selenium-ie-driver-3.141.59.jar;C:\Users\nasreenk\.m2\repository\org\seleniumhq\selenium\selenium-opera-driver\3.141.59\selenium-opera-driver-3.141.59.jar;C:\Users\nasreenk\.m2\repository\org\seleniumhq\selenium\selenium-remote-driver\3.141.59\selenium-remote-driver-3.141.59.jar;C:\Users\nasreenk\.m2\repository\org\seleniumhq\selenium\selenium-safari-driver\3.141.59\selenium-safari-driver-3.141.59.jar;C:\Users\nasreenk\.m2\repository\org\seleniumhq\selenium\selenium-support\3.141.59\selenium-support-3.141.59.jar;C:\Users\nasreenk\.m2\repository\net\bytebuddy\byte-buddy\1.8.15\byte-buddy-1.8.15.jar;C:\Users\nasreenk\.m2\repository\org\apache\commons\commons-exec\1.3\commons-exec-1.3.jar;C:\Users\nasreenk\.m2\repository\com\google\guava\guava\25.0-jre\guava-25.0-jre.jar;C:\Users\nasreenk\.m2\repository\org\checkerframework\checker-compat-qual\2.0.0\checker-compat-qual-2.0.0.jar;C:\Users\nasreenk\.m2\repository\com\google\errorprone\error_prone_annotations\2.1.3\error_prone_annotations-2.1.3.jar;C:\Users\nasreenk\.m2\repository\com\google\j2objc\j2objc-annotations\1.1\j2objc-annotations-1.1.jar;C:\Users\nasreenk\.m2\repository\org\codehaus\mojo\animal-sniffer-annotations\1.14\animal-sniffer-annotations-1.14.jar;C:\Users\nasreenk\.m2\repository\com\squareup\okhttp3\okhttp\3.11.0\okhttp-3.11.0.jar;C:\Users\nasreenk\.m2\repository\com\squareup\okio\okio\1.14.0\okio-1.14.0.jar;C:\Users\nasreenk\.m2\repository\com\codoid\products\fillo\1.21\fillo-1.21.jar;C:\Users\nasreenk\.m2\repository\org\testng\reportng\1.2.2\reportng-1.2.2.jar;C:\Users\nasreenk\.m2\repository\org\freemarker\freemarker\2.3.28\freemarker-2.3.28.jar;C:\Users\nasreenk\.m2\repository\com\google\inject\guice\4.2.0\guice-4.2.0.jar;C:\Users\nasreenk\.m2\repository\javax\inject\javax.inject\1\javax.inject-1.jar;C:\Users\nasreenk\.m2\repository\aopalliance\aopalliance\1.0\aopalliance-1.0.jar;C:\Users\nasreenk\.m2\repository\io\qameta\allure\allure-testng\2.13.2\allure-testng-2.13.2.jar;C:\Users\nasreenk\.m2\repository\io\qameta\allure\allure-java-commons\2.13.2\allure-java-commons-2.13.2.jar;C:\Users\nasreenk\.m2\repository\io\qameta\allure\allure-model\2.13.2\allure-model-2.13.2.jar;C:\Users\nasreenk\.m2\repository\com\fasterxml\jackson\core\jackson-databind\2.9.8\jackson-databind-2.9.8.jar;C:\Users\nasreenk\.m2\repository\com\fasterxml\jackson\core\jackson-annotations\2.9.0\jackson-annotations-2.9.0.jar;C:\Users\nasreenk\.m2\repository\com\fasterxml\jackson\core\jackson-core\2.9.8\jackson-core-2.9.8.jar;C:\Users\nasreenk\.m2\repository\org\apache\tika\tika-core\1.20\tika-core-1.20.jar;C:\Users\nasreenk\.m2\repository\org\jooq\joor-java-8\0.9.10\joor-java-8-0.9.10.jar;C:\Users\nasreenk\.m2\repository\com\aventstack\extentreports\4.1.3\extentreports-4.1.3.jar;C:\Users\nasreenk\.m2\repository\org\apache\httpcomponents\httpclient\4.5.2\httpclient-4.5.2.jar;C:\Users\nasreenk\.m2\repository\org\apache\httpcomponents\httpcore\4.4.4\httpcore-4.4.4.jar;C:\Users\nasreenk\.m2\repository\commons-logging\commons-logging\1.2\commons-logging-1.2.jar;C:\Users\nasreenk\.m2\repository\org\apache\httpcomponents\httpmime\4.5.2\httpmime-4.5.2.jar;C:\Users\nasreenk\.m2\repository\org\mongodb\mongodb-driver\3.12.0\mongodb-driver-3.12.0.jar;C:\Users\nasreenk\.m2\repository\org\mongodb\mongodb-driver-core\3.12.0\mongodb-driver-core-3.12.0.jar;C:\Users\nasreenk\.m2\repository\org\mongodb\bson\3.12.0\bson-3.12.0.jar;C:\Users\nasreenk\.m2\repository\com\sun\mail\javax.mail\1.6.2\javax.mail-1.6.2.jar;C:\Users\nasreenk\.m2\repository\javax\activation\activation\1.1\activation-1.1.jar;C:\Users\nasreenk\.m2\repository\org\jsoup\jsoup\1.12.1\jsoup-1.12.1.jar;C:\Users\nasreenk\.m2\repository\com\google\code\findbugs\jsr305\3.0.2\jsr305-3.0.2.jar;C:\Users\nasreenk\.m2\repository\org\slf4j\slf4j-api\1.7.30\slf4j-api-1.7.30.jar;C:\Users\nasreenk\.m2\repository\org\slf4j\slf4j-log4j12\1.7.30\slf4j-log4j12-1.7.30.jar;C:\Users\nasreenk\.m2\repository\log4j\log4j\1.2.17\log4j-1.2.17.jar;C:\Users\nasreenk\.m2\repository\org\apache\logging\log4j\log4j-core\2.13.2\log4j-core-2.13.2.jar;C:\Users\nasreenk\.m2\repository\org\apache\logging\log4j\log4j-api\2.13.2\log4j-api-2.13.2.jar;C:\Users\nasreenk\.m2\repository\net\sourceforge\csvjdbc\csvjdbc\1.0.36\csvjdbc-1.0.36.jar;C:\Users\nasreenk\.m2\repository\org\testng\testng\7.1.0\testng-7.1.0.jar;C:\Users\nasreenk\.m2\repository\com\beust\jcommander\1.72\jcommander-1.72.jar;C:\Users\nasreenk\.m2\repository\com\google\inject\guice\4.1.0\guice-4.1.0-no_aop.jar;C:\Users\nasreenk\.m2\repository\org\yaml\snakeyaml\1.21\snakeyaml-1.21.jar;"/>
    <property name="java.vm.vendor" value="Oracle Corporation"/>
    <property name="sun.arch.data.model" value="64"/>
    <property name="user.variant" value=""/>
    <property name="java.vendor.url" value="https://openjdk.java.net/"/>
    <property name="user.timezone" value="Asia/Calcutta"/>
    <property name="java.vm.specification.version" value="11"/>
    <property name="os.name" value="Windows 10"/>
    <property name="sun.java.launcher" value="SUN_STANDARD"/>
    <property name="user.country" value="IN"/>
    <property name="sun.boot.library.path" value="C:\Program Files\Java\jdk-11.0.10\bin"/>
    <property name="sun.java.command" value="C:\Users\nasreenk\AppData\Local\Temp\surefire7247597732407811378\surefirebooter4803432483762844212.jar C:\Users\nasreenk\AppData\Local\Temp\surefire7247597732407811378 2022-01-31T12-07-42_974-jvmRun1 surefire4910240271559869494tmp surefire_02591387882853050914tmp"/>
    <property name="jdk.debug" value="release"/>
    <property name="surefire.test.class.path" value="D:\HardDiskCopied\E\InelliJ\SeleniumTestJavaArtifact2july\SeleniumTestJavaArtifact\target\test-classes;D:\HardDiskCopied\E\InelliJ\SeleniumTestJavaArtifact2july\SeleniumTestJavaArtifact\target\classes;C:\Users\nasreenk\.m2\repository\io\github\bonigarcia\webdrivermanager\4.0.0\webdrivermanager-4.0.0.jar;C:\Users\nasreenk\.m2\repository\commons-io\commons-io\2.6\commons-io-2.6.jar;C:\Users\nasreenk\.m2\repository\com\google\code\gson\gson\2.8.6\gson-2.8.6.jar;C:\Users\nasreenk\.m2\repository\org\apache\commons\commons-lang3\3.10\commons-lang3-3.10.jar;C:\Users\nasreenk\.m2\repository\org\apache\httpcomponents\client5\httpclient5\5.0\httpclient5-5.0.jar;C:\Users\nasreenk\.m2\repository\org\apache\httpcomponents\core5\httpcore5\5.0\httpcore5-5.0.jar;C:\Users\nasreenk\.m2\repository\org\apache\httpcomponents\core5\httpcore5-h2\5.0\httpcore5-h2-5.0.jar;C:\Users\nasreenk\.m2\repository\commons-codec\commons-codec\1.13\commons-codec-1.13.jar;C:\Users\nasreenk\.m2\repository\org\rauschig\jarchivelib\1.0.0\jarchivelib-1.0.0.jar;C:\Users\nasreenk\.m2\repository\org\apache\commons\commons-compress\1.18\commons-compress-1.18.jar;C:\Users\nasreenk\.m2\repository\org\seleniumhq\selenium\selenium-java\3.141.59\selenium-java-3.141.59.jar;C:\Users\nasreenk\.m2\repository\org\seleniumhq\selenium\selenium-api\3.141.59\selenium-api-3.141.59.jar;C:\Users\nasreenk\.m2\repository\org\seleniumhq\selenium\selenium-chrome-driver\3.141.59\selenium-chrome-driver-3.141.59.jar;C:\Users\nasreenk\.m2\repository\org\seleniumhq\selenium\selenium-edge-driver\3.141.59\selenium-edge-driver-3.141.59.jar;C:\Users\nasreenk\.m2\repository\org\seleniumhq\selenium\selenium-firefox-driver\3.141.59\selenium-firefox-driver-3.141.59.jar;C:\Users\nasreenk\.m2\repository\org\seleniumhq\selenium\selenium-ie-driver\3.141.59\selenium-ie-driver-3.141.59.jar;C:\Users\nasreenk\.m2\repository\org\seleniumhq\selenium\selenium-opera-driver\3.141.59\selenium-opera-driver-3.141.59.jar;C:\Users\nasreenk\.m2\repository\org\seleniumhq\selenium\selenium-remote-driver\3.141.59\selenium-remote-driver-3.141.59.jar;C:\Users\nasreenk\.m2\repository\org\seleniumhq\selenium\selenium-safari-driver\3.141.59\selenium-safari-driver-3.141.59.jar;C:\Users\nasreenk\.m2\repository\org\seleniumhq\selenium\selenium-support\3.141.59\selenium-support-3.141.59.jar;C:\Users\nasreenk\.m2\repository\net\bytebuddy\byte-buddy\1.8.15\byte-buddy-1.8.15.jar;C:\Users\nasreenk\.m2\repository\org\apache\commons\commons-exec\1.3\commons-exec-1.3.jar;C:\Users\nasreenk\.m2\repository\com\google\guava\guava\25.0-jre\guava-25.0-jre.jar;C:\Users\nasreenk\.m2\repository\org\checkerframework\checker-compat-qual\2.0.0\checker-compat-qual-2.0.0.jar;C:\Users\nasreenk\.m2\repository\com\google\errorprone\error_prone_annotations\2.1.3\error_prone_annotations-2.1.3.jar;C:\Users\nasreenk\.m2\repository\com\google\j2objc\j2objc-annotations\1.1\j2objc-annotations-1.1.jar;C:\Users\nasreenk\.m2\repository\org\codehaus\mojo\animal-sniffer-annotations\1.14\animal-sniffer-annotations-1.14.jar;C:\Users\nasreenk\.m2\repository\com\squareup\okhttp3\okhttp\3.11.0\okhttp-3.11.0.jar;C:\Users\nasreenk\.m2\repository\com\squareup\okio\okio\1.14.0\okio-1.14.0.jar;C:\Users\nasreenk\.m2\repository\com\codoid\products\fillo\1.21\fillo-1.21.jar;C:\Users\nasreenk\.m2\repository\org\testng\reportng\1.2.2\reportng-1.2.2.jar;C:\Users\nasreenk\.m2\repository\org\freemarker\freemarker\2.3.28\freemarker-2.3.28.jar;C:\Users\nasreenk\.m2\repository\com\google\inject\guice\4.2.0\guice-4.2.0.jar;C:\Users\nasreenk\.m2\repository\javax\inject\javax.inject\1\javax.inject-1.jar;C:\Users\nasreenk\.m2\repository\aopalliance\aopalliance\1.0\aopalliance-1.0.jar;C:\Users\nasreenk\.m2\repository\io\qameta\allure\allure-testng\2.13.2\allure-testng-2.13.2.jar;C:\Users\nasreenk\.m2\repository\io\qameta\allure\allure-java-commons\2.13.2\allure-java-commons-2.13.2.jar;C:\Users\nasreenk\.m2\repository\io\qameta\allure\allure-model\2.13.2\allure-model-2.13.2.jar;C:\Users\nasreenk\.m2\repository\com\fasterxml\jackson\core\jackson-databind\2.9.8\jackson-databind-2.9.8.jar;C:\Users\nasreenk\.m2\repository\com\fasterxml\jackson\core\jackson-annotations\2.9.0\jackson-annotations-2.9.0.jar;C:\Users\nasreenk\.m2\repository\com\fasterxml\jackson\core\jackson-core\2.9.8\jackson-core-2.9.8.jar;C:\Users\nasreenk\.m2\repository\org\apache\tika\tika-core\1.20\tika-core-1.20.jar;C:\Users\nasreenk\.m2\repository\org\jooq\joor-java-8\0.9.10\joor-java-8-0.9.10.jar;C:\Users\nasreenk\.m2\repository\com\aventstack\extentreports\4.1.3\extentreports-4.1.3.jar;C:\Users\nasreenk\.m2\repository\org\apache\httpcomponents\httpclient\4.5.2\httpclient-4.5.2.jar;C:\Users\nasreenk\.m2\repository\org\apache\httpcomponents\httpcore\4.4.4\httpcore-4.4.4.jar;C:\Users\nasreenk\.m2\repository\commons-logging\commons-logging\1.2\commons-logging-1.2.jar;C:\Users\nasreenk\.m2\repository\org\apache\httpcomponents\httpmime\4.5.2\httpmime-4.5.2.jar;C:\Users\nasreenk\.m2\repository\org\mongodb\mongodb-driver\3.12.0\mongodb-driver-3.12.0.jar;C:\Users\nasreenk\.m2\repository\org\mongodb\mongodb-driver-core\3.12.0\mongodb-driver-core-3.12.0.jar;C:\Users\nasreenk\.m2\repository\org\mongodb\bson\3.12.0\bson-3.12.0.jar;C:\Users\nasreenk\.m2\repository\com\sun\mail\javax.mail\1.6.2\javax.mail-1.6.2.jar;C:\Users\nasreenk\.m2\repository\javax\activation\activation\1.1\activation-1.1.jar;C:\Users\nasreenk\.m2\repository\org\jsoup\jsoup\1.12.1\jsoup-1.12.1.jar;C:\Users\nasreenk\.m2\repository\com\google\code\findbugs\jsr305\3.0.2\jsr305-3.0.2.jar;C:\Users\nasreenk\.m2\repository\org\slf4j\slf4j-api\1.7.30\slf4j-api-1.7.30.jar;C:\Users\nasreenk\.m2\repository\org\slf4j\slf4j-log4j12\1.7.30\slf4j-log4j12-1.7.30.jar;C:\Users\nasreenk\.m2\repository\log4j\log4j\1.2.17\log4j-1.2.17.jar;C:\Users\nasreenk\.m2\repository\org\apache\logging\log4j\log4j-core\2.13.2\log4j-core-2.13.2.jar;C:\Users\nasreenk\.m2\repository\org\apache\logging\log4j\log4j-api\2.13.2\log4j-api-2.13.2.jar;C:\Users\nasreenk\.m2\repository\net\sourceforge\csvjdbc\csvjdbc\1.0.36\csvjdbc-1.0.36.jar;C:\Users\nasreenk\.m2\repository\org\testng\testng\7.1.0\testng-7.1.0.jar;C:\Users\nasreenk\.m2\repository\com\beust\jcommander\1.72\jcommander-1.72.jar;C:\Users\nasreenk\.m2\repository\com\google\inject\guice\4.1.0\guice-4.1.0-no_aop.jar;C:\Users\nasreenk\.m2\repository\org\yaml\snakeyaml\1.21\snakeyaml-1.21.jar;"/>
    <property name="sun.cpu.endian" value="little"/>
    <property name="user.home" value="C:\Users\nasreenk"/>
    <property name="user.language" value="en"/>
    <property name="java.specification.vendor" value="Oracle Corporation"/>
    <property name="java.version.date" value="2021-01-19"/>
    <property name="java.home" value="C:\Program Files\Java\jdk-11.0.10"/>
    <property name="file.separator" value="\"/>
    <property name="basedir" value="D:\HardDiskCopied\E\InelliJ\SeleniumTestJavaArtifact2july\SeleniumTestJavaArtifact"/>
    <property name="java.vm.compressedOopsMode" value="32-bit"/>
    <property name="line.separator" value="&#10;"/>
    <property name="filename" value="utilities.listener.WebEventListener"/>
    <property name="java.specification.name" value="Java Platform API Specification"/>
    <property name="java.vm.specification.vendor" value="Oracle Corporation"/>
    <property name="java.awt.graphicsenv" value="sun.awt.Win32GraphicsEnvironment"/>
    <property name="idea.version2020.1.1" value="true"/>
    <property name="surefire.real.class.path" value="C:\Users\nasreenk\AppData\Local\Temp\surefire7247597732407811378\surefirebooter4803432483762844212.jar"/>
    <property name="user.script" value=""/>
    <property name="sun.management.compiler" value="HotSpot 64-Bit Tiered Compilers"/>
    <property name="java.runtime.version" value="11.0.10+8-LTS-162"/>
    <property name="user.name" value="Nasreenk"/>
    <property name="path.separator" value=";"/>
    <property name="os.version" value="10.0"/>
    <property name="java.runtime.name" value="Java(TM) SE Runtime Environment"/>
    <property name="file.encoding" value="Cp1252"/>
    <property name="java.vm.name" value="Java HotSpot(TM) 64-Bit Server VM"/>
    <property name="java.vendor.version" value="18.9"/>
    <property name="localRepository" value="C:\Users\nasreenk\.m2\repository"/>
    <property name="java.vendor.url.bug" value="https://bugreport.java.com/bugreport/"/>
    <property name="java.io.tmpdir" value="C:\Users\nasreenk\AppData\Local\Temp\"/>
    <property name="java.version" value="11.0.10"/>
    <property name="user.dir" value="D:\HardDiskCopied\E\InelliJ\SeleniumTestJavaArtifact2july\SeleniumTestJavaArtifact"/>
    <property name="os.arch" value="amd64"/>
    <property name="java.vm.specification.name" value="Java Virtual Machine Specification"/>
    <property name="java.awt.printerjob" value="sun.awt.windows.WPrinterJob"/>
    <property name="sun.os.patch.level" value=""/>
    <property name="java.library.path" value="C:\Program Files\Java\jdk-11.0.10\bin;C:\Windows\Sun\Java\bin;C:\Windows\system32;C:\Windows;C:\Program Files\Common Files\Oracle\Java\javapath;C:\ProgramData\Oracle\Java\javapath;C:\Windows\system32;C:\Windows;C:\Windows\System32\Wbem;C:\Windows\System32\WindowsPowerShell\v1.0\;C:\Windows\System32\OpenSSH\;C:\Program Files\Git\cmd;C:\Program Files\Java\jdk-11.0.10\bin;D:\HardDiskCopied\c\android-sdk\platform-tools;D:\HardDiskCopied\c\android-sdk\tools;D:\HardDiskCopied\c\android-sdk\platform-tools;C:\Program Files (x86)\Microsoft SQL Server\150\DTS\Binn\;C:\Program Files\Azure Data Studio\bin;C:\Users\nasreenk\scoop\shims;C:\Users\nasreenk\AppData\Local\Microsoft\WindowsApps;C:\Program Files (x86)\Sophos\Sophos SSL VPN Client\bin;C:\Program Files\Azure Data Studio\bin;C:\Program Files\TestProject Agent;."/>
    <property name="java.vendor" value="Oracle Corporation"/>
    <property name="java.vm.info" value="mixed mode"/>
    <property name="java.vm.version" value="11.0.10+8-LTS-162"/>
    <property name="sun.io.unicode.encoding" value="UnicodeLittle"/>
    <property name="java.class.version" value="55.0"/>
  </properties>
  <testcase name="signIn" classname="pages.LoginPageTest" time="21.398"/>
  <testcase name="signIn" classname="pages.LoginPageTest" time="21.047"/>
  <testcase name="signIn" classname="pages.LoginPageTest" time="21.148"/>
  <testcase name="clickOnConsignment" classname="pages.TestPageConsignmentOutboundPROD" time="30.821"/>
  <testcase name="clickOnAccordian" classname="pages.TestPageConsignmentOutboundPROD" time="5.566"/>
  <testcase name="doStartWithPrinterSetup" classname="pages.TestPageConsignmentOutboundPROD" time="154.051"/>
  <testcase name="doStarted" classname="pages.TestPageConsignmentOutboundPROD" time="166.155"/>
  <testcase name="clickOnConsignment" classname="pages.TestPageRMSProd" time="30.565"/>
  <testcase name="clickOnRMSPortalAndVerifyConsignmentISCreated" classname="pages.TestPageRMSProd" time="65.161">
    <failure message="no such element: Unable to locate element: {&quot;method&quot;:&quot;css selector&quot;,&quot;selector&quot;:&quot;span#titleSearchReports&quot;}&#10;  (Session info: chrome=97.0.4692.99)&#10;For documentation on this error, please visit: https://www.seleniumhq.org/exceptions/no_such_element.html&#10;Build info: version: &apos;3.141.59&apos;, revision: &apos;e82be7d358&apos;, time: &apos;2018-11-14T08:17:03&apos;&#10;System info: host: &apos;WJLP-1270&apos;, ip: &apos;192.168.0.2&apos;, os.name: &apos;Windows 10&apos;, os.arch: &apos;amd64&apos;, os.version: &apos;10.0&apos;, java.version: &apos;11.0.10&apos;&#10;Driver info: org.openqa.selenium.chrome.ChromeDriver&#10;Capabilities {acceptInsecureCerts: false, browserName: chrome, browserVersion: 97.0.4692.99, chrome: {chromedriverVersion: 97.0.4692.71 (adefa7837d02a..., userDataDir: C:\Users\nasreenk\AppData\L...}, goog:chromeOptions: {debuggerAddress: localhost:50685}, javascriptEnabled: true, networkConnectionEnabled: false, pageLoadStrategy: none, platform: WINDOWS, platformName: WINDOWS, proxy: Proxy(), setWindowRect: true, strictFileInteractability: false, timeouts: {implicit: 0, pageLoad: 300000, script: 30000}, unhandledPromptBehavior: dismiss and notify, webauthn:extension:credBlob: true, webauthn:extension:largeBlob: true, webauthn:virtualAuthenticators: true}&#10;Session ID: 8cb4d8b0e71b06879a987572bd1bf931&#10;*** Element info: {Using=css selector, value=span#titleSearchReports}" type="org.openqa.selenium.NoSuchElementException"><![CDATA[org.openqa.selenium.NoSuchElementException: 
no such element: Unable to locate element: {"method":"css selector","selector":"span#titleSearchReports"}
  (Session info: chrome=97.0.4692.99)
For documentation on this error, please visit: https://www.seleniumhq.org/exceptions/no_such_element.html
Build info: version: '3.141.59', revision: 'e82be7d358', time: '2018-11-14T08:17:03'
System info: host: 'WJLP-1270', ip: '192.168.0.2', os.name: 'Windows 10', os.arch: 'amd64', os.version: '10.0', java.version: '11.0.10'
Driver info: org.openqa.selenium.chrome.ChromeDriver
Capabilities {acceptInsecureCerts: false, browserName: chrome, browserVersion: 97.0.4692.99, chrome: {chromedriverVersion: 97.0.4692.71 (adefa7837d02a..., userDataDir: C:\Users\nasreenk\AppData\L...}, goog:chromeOptions: {debuggerAddress: localhost:50685}, javascriptEnabled: true, networkConnectionEnabled: false, pageLoadStrategy: none, platform: WINDOWS, platformName: WINDOWS, proxy: Proxy(), setWindowRect: true, strictFileInteractability: false, timeouts: {implicit: 0, pageLoad: 300000, script: 30000}, unhandledPromptBehavior: dismiss and notify, webauthn:extension:credBlob: true, webauthn:extension:largeBlob: true, webauthn:virtualAuthenticators: true}
Session ID: 8cb4d8b0e71b06879a987572bd1bf931
*** Element info: {Using=css selector, value=span#titleSearchReports}
	at pages.TestPageRMSProd.clickOnRMSPortalAndVerifyConsignmentISCreated(TestPageRMSProd.java:53)
]]></failure>
    <system-out><![CDATA[2022-01-31/12:15:45.962 ERROR: allure.AllureLifecycle - Could not add attachment: no test is running
476992 [main] ERROR io.qameta.allure.AllureLifecycle  - Could not add attachment: no test is running
476992 [main] ERROR io.qameta.allure.AllureLifecycle  - Could not add attachment: no test is running
2022-01-31/12:15:46.461 ERROR: allure.AllureLifecycle - Could not add attachment: no test is running
477491 [main] ERROR io.qameta.allure.AllureLifecycle  - Could not add attachment: no test is running
477491 [main] ERROR io.qameta.allure.AllureLifecycle  - Could not add attachment: no test is running
I am in onTestStart method clickOnRMSPortalAndVerifyConsignmentISCreated start
2022-01-31/12:15:46.828  INFO: listener.WebEventListener - After Switch to Window
477858 [main] INFO utilities.listener.WebEventListener  - After Switch to Window
477858 [main] INFO utilities.listener.WebEventListener  - After Switch to Window
2022-01-31/12:15:55.844  INFO: listener.WebEventListener - Before Finding element: By.xpath: //ul[contains(@class,'v-expansion-panel')]/li[5]//u[contains(text(),'RMS Portal ')]
486874 [main] INFO utilities.listener.WebEventListener  - Before Finding element: By.xpath: //ul[contains(@class,'v-expansion-panel')]/li[5]//u[contains(text(),'RMS Portal ')]
486874 [main] INFO utilities.listener.WebEventListener  - Before Finding element: By.xpath: //ul[contains(@class,'v-expansion-panel')]/li[5]//u[contains(text(),'RMS Portal ')]
2022-01-31/12:15:55.889  INFO: listener.WebEventListener - Before Finding element: By.xpath: //ul[contains(@class,'v-expansion-panel')]/li[5]//u[contains(text(),'RMS Portal ')]
486919 [main] INFO utilities.listener.WebEventListener  - Before Finding element: By.xpath: //ul[contains(@class,'v-expansion-panel')]/li[5]//u[contains(text(),'RMS Portal ')]
486919 [main] INFO utilities.listener.WebEventListener  - Before Finding element: By.xpath: //ul[contains(@class,'v-expansion-panel')]/li[5]//u[contains(text(),'RMS Portal ')]
Page title is : App.RAM
2022-01-31/12:15:56.046  INFO: listener.WebEventListener - Before Finding element: By.xpath: //div[contains(text(),'Continue')]
487076 [main] INFO utilities.listener.WebEventListener  - Before Finding element: By.xpath: //div[contains(text(),'Continue')]
487076 [main] INFO utilities.listener.WebEventListener  - Before Finding element: By.xpath: //div[contains(text(),'Continue')]
2022-01-31/12:15:56.118  INFO: listener.WebEventListener - Before Finding element: By.xpath: //div[contains(text(),'Continue')]
487148 [main] INFO utilities.listener.WebEventListener  - Before Finding element: By.xpath: //div[contains(text(),'Continue')]
487148 [main] INFO utilities.listener.WebEventListener  - Before Finding element: By.xpath: //div[contains(text(),'Continue')]
2022-01-31/12:15:56.139  INFO: listener.WebEventListener - Before Finding element: By.xpath: //div[contains(text(),'Continue')]
487169 [main] INFO utilities.listener.WebEventListener  - Before Finding element: By.xpath: //div[contains(text(),'Continue')]
487169 [main] INFO utilities.listener.WebEventListener  - Before Finding element: By.xpath: //div[contains(text(),'Continue')]
2022-01-31/12:15:56.173  INFO: listener.WebEventListener - beforeClickOn xpath: //div[contains(text(),'Continue')]]
487203 [main] INFO utilities.listener.WebEventListener  - beforeClickOn xpath: //div[contains(text(),'Continue')]]
487203 [main] INFO utilities.listener.WebEventListener  - beforeClickOn xpath: //div[contains(text(),'Continue')]]
2022-01-31/12:15:56.846  INFO: listener.WebEventListener - after click on
487876 [main] INFO utilities.listener.WebEventListener  - after click on
487876 [main] INFO utilities.listener.WebEventListener  - after click on
2022-01-31/12:16:51.874  INFO: listener.WebEventListener - After Switch to Window
542904 [main] INFO utilities.listener.WebEventListener  - After Switch to Window
542904 [main] INFO utilities.listener.WebEventListener  - After Switch to Window
Frame2 <html><head><title>formIndex</title><meta content="Microsoft Visual Studio .NET 7.1" name="GENERATOR"><meta content="C#" name="CODE_LANGUAGE"><meta content="JavaScript" name="vs_defaultClientScript"><meta content="http://schemas.microsoft.com/intellisense/ie5" name="vs_targetSchema"><script src="../Scripts/shared.js" type="text/javascript"></script><link href="../RAMTnT.css" type="text/css" rel="stylesheet"><script type="text/javascript" language="javascript">
var _UpdateFieldsTimerID=null;function body_onload(){navEvent('click','Customers');navEvent('click','Consignments');navEvent('click','Attendance');navEvent('click','DocMovements');navEvent('click','SearchReports');navEvent('click','Admin');navEvent('click','Help');navEvent('click','SystemInfo');navEvent('click','Tracking');navEvent('mouseout','Customers');navEvent('mouseout','Consignments');navEvent('mouseout','Attendance');navEvent('mouseout','DocMovements');navEvent('mouseout','SearchReports');navEvent('mouseout','Admin');navEvent('mouseout','Help');navEvent('mouseout','SystemInfo');navEvent('mouseout','Tracking');_UpdateFieldsTimerID=setTimeout("UpdateFields()",224);}
function UpdateFields(){try{if(!window.top.document.ResponseCache){try{document.getElementById('lblResponseCacheStatus').innerHTML='No Cache Object'}catch(exception){}}else{try{document.getElementById('lblResponseCacheStatus').innerHTML='Cache Size:'+window.top.document.ResponseCache.Responses.length+' Hits:'+window.top.document.ResponseCache.CacheHits+' Misses:'+window.top.document.ResponseCache.CacheMisses;}
catch(exception){}}}
catch(exception){}
_UpdateFieldsTimerID=setTimeout("UpdateFields()",2524);}
function navEvent(nEvent,navID){try{if(nEvent=='click'){document.getElementById('table'+navID).style.display=(document.getElementById('table'+navID).style.display=='none')?'block':'none';nEvent='mouseover';}
if(nEvent=='mouseover'){document.getElementById('title'+navID).className='divTitleOver';(document.getElementById('table'+navID).style.display=='none')?(document.getElementById('control'+navID).className='divControlDownOver'):(document.getElementById('control'+navID).className='divControlUpOver');}else if(nEvent=='mouseout'){document.getElementById('title'+navID).className='divTitleOut';(document.getElementById('table'+navID).style.display=='none')?(document.getElementById('control'+navID).className='divControlDownOut'):(document.getElementById('control'+navID).className='divControlUpOut');}}catch(e){}}
function default_hint(){document.getElementById('hint').innerHTML='Welcome to the RAM Management System.';}
function show_hint(hintText){document.getElementById('hint').innerHTML=hintText;}</script></head><body onload="body_onload();"><form name="Form1" method="post" action="formIndex.aspx" id="Form1"><div><input type="hidden" name="__VIEWSTATE" id="__VIEWSTATE" value="/wEPDwULLTE2ODM0ODAyMDcPZBYCAgEPZBYCAgMPFgIeCWlubmVyaHRtbAWqAVNRTCBTZXJ2ZXIgUkFNU1FMQ09MMDc8YnIgLz5NUyBTUUwgMjAxMiAoU1AzLUdEUikgKEtCNDA1NzExNSkgLSAxMS4wLjYyNjAuMSAoWDY0KTxiciAvPlJBTVRuVFdlYiAtIDMuMjAxNS40LjE2PGJyIC8+UkFNVG5ULkJMTCAtIDMuMjAxNS40LjE2PGJyIC8+UkFNVG5ULkRBTCAtIDMuMjAxNS40LjE2ZGQj1pmCCEniiSSyf3/Y+8y26wXotQ=="></div><div><input type="hidden" name="__VIEWSTATEGENERATOR" id="__VIEWSTATEGENERATOR" value="B1315B73"></div><div id="menu-div-outer"><div id="menu-div-inner"><table><tbody><tr><td colspan="2" class="MenuHeader">
                        Please Specify Hub
                    </td></tr><script type="text/javascript"> ShowHubSelectWindow();</script></tbody></table><br><table width="186" border="0" cellspacing="0" cellpadding="0"><tbody><tr style="cursor: hand" onmouseover="navEvent('mouseover','SystemInfo');" onmouseout="navEvent('mouseout','SystemInfo');" onclick="navEvent('click','SystemInfo');"><td class="nav-title-left"></td><td class="nav-title-mid"><span id="titleSystemInfo" class="divTitleOut">SYSTEM INFO</span></td><td class="divControlDownOut" id="controlSystemInfo"></td><td class="nav-title-right"></td></tr></tbody></table><table id="tableSystemInfo" width="186" border="0" cellspacing="0" cellpadding="0" bgcolor="#ffffff" style="display: none;"><tbody><tr><td class="nav-container"><table width="100%" border="0" cellspacing="5"><tbody><tr><td style="font-size: 9px;  "><div id="divFooter">SQL Server RAMSQLCOL07<br>MS SQL 2012 (SP3-GDR) (KB4057115) - 11.0.6260.1 (X64)<br>RAMTnTWeb - 3.2015.4.16<br>RAMTnT.BLL - 3.2015.4.16<br>RAMTnT.DAL - 3.2015.4.16</div></td></tr><tr><td style="font-size: 9px;  "><span id="lblResponseCacheStatus">No Cache Object</span></td></tr></tbody></table></td></tr></tbody></table></div></div></form>
</body></html>
2022-01-31/12:16:51.919  INFO: listener.WebEventListener - Before Finding element: By.cssSelector: span#titleSearchReports
542949 [main] INFO utilities.listener.WebEventListener  - Before Finding element: By.cssSelector: span#titleSearchReports
542949 [main] INFO utilities.listener.WebEventListener  - Before Finding element: By.cssSelector: span#titleSearchReports
]]></system-out>
  </testcase>
  <testcase name="verifyDataOnRMSEditConsignment" classname="pages.TestPageRMSProd" time="120.52">
    <failure message="Expected condition failed: waiting for element to be clickable: Proxy element for: AjaxElementLocator &apos;By.cssSelector: input#txtBilledTo&apos; (tried for 60 second(s) with 500 milliseconds interval)" type="org.openqa.selenium.TimeoutException"><![CDATA[org.openqa.selenium.TimeoutException: Expected condition failed: waiting for element to be clickable: Proxy element for: AjaxElementLocator 'By.cssSelector: input#txtBilledTo' (tried for 60 second(s) with 500 milliseconds interval)
	at pages.TestPageRMSProd.verifyDataOnRMSEditConsignment(TestPageRMSProd.java:80)
Caused by: org.openqa.selenium.NoSuchElementException: Timed out after 60 seconds. Unable to locate the element
	at pages.TestPageRMSProd.verifyDataOnRMSEditConsignment(TestPageRMSProd.java:80)
Caused by: org.openqa.selenium.NoSuchElementException: 
no such element: Unable to locate element: {"method":"css selector","selector":"input#txtBilledTo"}
  (Session info: chrome=97.0.4692.99)
For documentation on this error, please visit: https://www.seleniumhq.org/exceptions/no_such_element.html
Build info: version: '3.141.59', revision: 'e82be7d358', time: '2018-11-14T08:17:03'
System info: host: 'WJLP-1270', ip: '192.168.0.2', os.name: 'Windows 10', os.arch: 'amd64', os.version: '10.0', java.version: '11.0.10'
Driver info: org.openqa.selenium.chrome.ChromeDriver
Capabilities {acceptInsecureCerts: false, browserName: chrome, browserVersion: 97.0.4692.99, chrome: {chromedriverVersion: 97.0.4692.71 (adefa7837d02a..., userDataDir: C:\Users\nasreenk\AppData\L...}, goog:chromeOptions: {debuggerAddress: localhost:50685}, javascriptEnabled: true, networkConnectionEnabled: false, pageLoadStrategy: none, platform: WINDOWS, platformName: WINDOWS, proxy: Proxy(), setWindowRect: true, strictFileInteractability: false, timeouts: {implicit: 0, pageLoad: 300000, script: 30000}, unhandledPromptBehavior: dismiss and notify, webauthn:extension:credBlob: true, webauthn:extension:largeBlob: true, webauthn:virtualAuthenticators: true}
Session ID: 8cb4d8b0e71b06879a987572bd1bf931
*** Element info: {Using=css selector, value=input#txtBilledTo}
	at pages.TestPageRMSProd.verifyDataOnRMSEditConsignment(TestPageRMSProd.java:80)
]]></failure>
    <system-out><![CDATA[I am in onTestFailure method clickOnRMSPortalAndVerifyConsignmentISCreated failed
2022-01-31/12:16:51.958 ERROR: allure.AllureLifecycle - Could not add attachment: no test is running
542988 [main] ERROR io.qameta.allure.AllureLifecycle  - Could not add attachment: no test is running
542988 [main] ERROR io.qameta.allure.AllureLifecycle  - Could not add attachment: no test is running
I am in onTestStart method verifyDataOnRMSEditConsignment start
2022-01-31/12:16:51.972  INFO: listener.WebEventListener - Before Finding element: By.cssSelector: input#txtBilledTo
543002 [main] INFO utilities.listener.WebEventListener  - Before Finding element: By.cssSelector: input#txtBilledTo
543002 [main] INFO utilities.listener.WebEventListener  - Before Finding element: By.cssSelector: input#txtBilledTo
2022-01-31/12:16:51.987  INFO: listener.WebEventListener - Before Finding element: By.cssSelector: input#txtBilledTo
543017 [main] INFO utilities.listener.WebEventListener  - Before Finding element: By.cssSelector: input#txtBilledTo
543017 [main] INFO utilities.listener.WebEventListener  - Before Finding element: By.cssSelector: input#txtBilledTo
2022-01-31/12:16:52.261  INFO: listener.WebEventListener - Before Finding element: By.cssSelector: input#txtBilledTo
543291 [main] INFO utilities.listener.WebEventListener  - Before Finding element: By.cssSelector: input#txtBilledTo
543291 [main] INFO utilities.listener.WebEventListener  - Before Finding element: By.cssSelector: input#txtBilledTo
2022-01-31/12:16:52.540  INFO: listener.WebEventListener - Before Finding element: By.cssSelector: input#txtBilledTo
543570 [main] INFO utilities.listener.WebEventListener  - Before Finding element: By.cssSelector: input#txtBilledTo
543570 [main] INFO utilities.listener.WebEventListener  - Before Finding element: By.cssSelector: input#txtBilledTo
2022-01-31/12:16:52.821  INFO: listener.WebEventListener - Before Finding element: By.cssSelector: input#txtBilledTo
543851 [main] INFO utilities.listener.WebEventListener  - Before Finding element: By.cssSelector: input#txtBilledTo
543851 [main] INFO utilities.listener.WebEventListener  - Before Finding element: By.cssSelector: input#txtBilledTo
2022-01-31/12:16:53.101  INFO: listener.WebEventListener - Before Finding element: By.cssSelector: input#txtBilledTo
544131 [main] INFO utilities.listener.WebEventListener  - Before Finding element: By.cssSelector: input#txtBilledTo
544131 [main] INFO utilities.listener.WebEventListener  - Before Finding element: By.cssSelector: input#txtBilledTo
2022-01-31/12:16:53.380  INFO: listener.WebEventListener - Before Finding element: By.cssSelector: input#txtBilledTo
544410 [main] INFO utilities.listener.WebEventListener  - Before Finding element: By.cssSelector: input#txtBilledTo
544410 [main] INFO utilities.listener.WebEventListener  - Before Finding element: By.cssSelector: input#txtBilledTo
2022-01-31/12:16:53.659  INFO: listener.WebEventListener - Before Finding element: By.cssSelector: input#txtBilledTo
544689 [main] INFO utilities.listener.WebEventListener  - Before Finding element: By.cssSelector: input#txtBilledTo
544689 [main] INFO utilities.listener.WebEventListener  - Before Finding element: By.cssSelector: input#txtBilledTo
2022-01-31/12:16:53.942  INFO: listener.WebEventListener - Before Finding element: By.cssSelector: input#txtBilledTo
544972 [main] INFO utilities.listener.WebEventListener  - Before Finding element: By.cssSelector: input#txtBilledTo
544972 [main] INFO utilities.listener.WebEventListener  - Before Finding element: By.cssSelector: input#txtBilledTo
2022-01-31/12:16:54.222  INFO: listener.WebEventListener - Before Finding element: By.cssSelector: input#txtBilledTo
545252 [main] INFO utilities.listener.WebEventListener  - Before Finding element: By.cssSelector: input#txtBilledTo
545252 [main] INFO utilities.listener.WebEventListener  - Before Finding element: By.cssSelector: input#txtBilledTo
2022-01-31/12:16:54.503  INFO: listener.WebEventListener - Before Finding element: By.cssSelector: input#txtBilledTo
545533 [main] INFO utilities.listener.WebEventListener  - Before Finding element: By.cssSelector: input#txtBilledTo
545533 [main] INFO utilities.listener.WebEventListener  - Before Finding element: By.cssSelector: input#txtBilledTo
2022-01-31/12:16:54.785  INFO: listener.WebEventListener - Before Finding element: By.cssSelector: input#txtBilledTo
545815 [main] INFO utilities.listener.WebEventListener  - Before Finding element: By.cssSelector: input#txtBilledTo
545815 [main] INFO utilities.listener.WebEventListener  - Before Finding element: By.cssSelector: input#txtBilledTo
2022-01-31/12:16:55.063  INFO: listener.WebEventListener - Before Finding element: By.cssSelector: input#txtBilledTo
546093 [main] INFO utilities.listener.WebEventListener  - Before Finding element: By.cssSelector: input#txtBilledTo
546093 [main] INFO utilities.listener.WebEventListener  - Before Finding element: By.cssSelector: input#txtBilledTo
2022-01-31/12:16:55.345  INFO: listener.WebEventListener - Before Finding element: By.cssSelector: input#txtBilledTo
546375 [main] INFO utilities.listener.WebEventListener  - Before Finding element: By.cssSelector: input#txtBilledTo
546375 [main] INFO utilities.listener.WebEventListener  - Before Finding element: By.cssSelector: input#txtBilledTo
2022-01-31/12:16:55.625  INFO: listener.WebEventListener - Before Finding element: By.cssSelector: input#txtBilledTo
546655 [main] INFO utilities.listener.WebEventListener  - Before Finding element: By.cssSelector: input#txtBilledTo
546655 [main] INFO utilities.listener.WebEventListener  - Before Finding element: By.cssSelector: input#txtBilledTo
2022-01-31/12:16:55.908  INFO: listener.WebEventListener - Before Finding element: By.cssSelector: input#txtBilledTo
546938 [main] INFO utilities.listener.WebEventListener  - Before Finding element: By.cssSelector: input#txtBilledTo
546938 [main] INFO utilities.listener.WebEventListener  - Before Finding element: By.cssSelector: input#txtBilledTo
2022-01-31/12:16:56.189  INFO: listener.WebEventListener - Before Finding element: By.cssSelector: input#txtBilledTo
547219 [main] INFO utilities.listener.WebEventListener  - Before Finding element: By.cssSelector: input#txtBilledTo
547219 [main] INFO utilities.listener.WebEventListener  - Before Finding element: By.cssSelector: input#txtBilledTo
2022-01-31/12:16:56.466  INFO: listener.WebEventListener - Before Finding element: By.cssSelector: input#txtBilledTo
547496 [main] INFO utilities.listener.WebEventListener  - Before Finding element: By.cssSelector: input#txtBilledTo
547496 [main] INFO utilities.listener.WebEventListener  - Before Finding element: By.cssSelector: input#txtBilledTo
2022-01-31/12:16:56.746  INFO: listener.WebEventListener - Before Finding element: By.cssSelector: input#txtBilledTo
547776 [main] INFO utilities.listener.WebEventListener  - Before Finding element: By.cssSelector: input#txtBilledTo
547776 [main] INFO utilities.listener.WebEventListener  - Before Finding element: By.cssSelector: input#txtBilledTo
2022-01-31/12:16:57.027  INFO: listener.WebEventListener - Before Finding element: By.cssSelector: input#txtBilledTo
548057 [main] INFO utilities.listener.WebEventListener  - Before Finding element: By.cssSelector: input#txtBilledTo
548057 [main] INFO utilities.listener.WebEventListener  - Before Finding element: By.cssSelector: input#txtBilledTo
2022-01-31/12:16:57.307  INFO: listener.WebEventListener - Before Finding element: By.cssSelector: input#txtBilledTo
548337 [main] INFO utilities.listener.WebEventListener  - Before Finding element: By.cssSelector: input#txtBilledTo
548337 [main] INFO utilities.listener.WebEventListener  - Before Finding element: By.cssSelector: input#txtBilledTo
2022-01-31/12:16:57.585  INFO: listener.WebEventListener - Before Finding element: By.cssSelector: input#txtBilledTo
548615 [main] INFO utilities.listener.WebEventListener  - Before Finding element: By.cssSelector: input#txtBilledTo
548615 [main] INFO utilities.listener.WebEventListener  - Before Finding element: By.cssSelector: input#txtBilledTo
2022-01-31/12:16:57.864  INFO: listener.WebEventListener - Before Finding element: By.cssSelector: input#txtBilledTo
548894 [main] INFO utilities.listener.WebEventListener  - Before Finding element: By.cssSelector: input#txtBilledTo
548894 [main] INFO utilities.listener.WebEventListener  - Before Finding element: By.cssSelector: input#txtBilledTo
2022-01-31/12:16:58.158  INFO: listener.WebEventListener - Before Finding element: By.cssSelector: input#txtBilledTo
549188 [main] INFO utilities.listener.WebEventListener  - Before Finding element: By.cssSelector: input#txtBilledTo
549188 [main] INFO utilities.listener.WebEventListener  - Before Finding element: By.cssSelector: input#txtBilledTo
2022-01-31/12:16:58.438  INFO: listener.WebEventListener - Before Finding element: By.cssSelector: input#txtBilledTo
549468 [main] INFO utilities.listener.WebEventListener  - Before Finding element: By.cssSelector: input#txtBilledTo
549468 [main] INFO utilities.listener.WebEventListener  - Before Finding element: By.cssSelector: input#txtBilledTo
2022-01-31/12:16:58.722  INFO: listener.WebEventListener - Before Finding element: By.cssSelector: input#txtBilledTo
549752 [main] INFO utilities.listener.WebEventListener  - Before Finding element: By.cssSelector: input#txtBilledTo
549752 [main] INFO utilities.listener.WebEventListener  - Before Finding element: By.cssSelector: input#txtBilledTo
2022-01-31/12:16:59.010  INFO: listener.WebEventListener - Before Finding element: By.cssSelector: input#txtBilledTo
550040 [main] INFO utilities.listener.WebEventListener  - Before Finding element: By.cssSelector: input#txtBilledTo
550040 [main] INFO utilities.listener.WebEventListener  - Before Finding element: By.cssSelector: input#txtBilledTo
2022-01-31/12:16:59.289  INFO: listener.WebEventListener - Before Finding element: By.cssSelector: input#txtBilledTo
550319 [main] INFO utilities.listener.WebEventListener  - Before Finding element: By.cssSelector: input#txtBilledTo
550319 [main] INFO utilities.listener.WebEventListener  - Before Finding element: By.cssSelector: input#txtBilledTo
2022-01-31/12:16:59.570  INFO: listener.WebEventListener - Before Finding element: By.cssSelector: input#txtBilledTo
550600 [main] INFO utilities.listener.WebEventListener  - Before Finding element: By.cssSelector: input#txtBilledTo
550600 [main] INFO utilities.listener.WebEventListener  - Before Finding element: By.cssSelector: input#txtBilledTo
2022-01-31/12:16:59.846  INFO: listener.WebEventListener - Before Finding element: By.cssSelector: input#txtBilledTo
550876 [main] INFO utilities.listener.WebEventListener  - Before Finding element: By.cssSelector: input#txtBilledTo
550876 [main] INFO utilities.listener.WebEventListener  - Before Finding element: By.cssSelector: input#txtBilledTo
2022-01-31/12:17:00.131  INFO: listener.WebEventListener - Before Finding element: By.cssSelector: input#txtBilledTo
551161 [main] INFO utilities.listener.WebEventListener  - Before Finding element: By.cssSelector: input#txtBilledTo
551161 [main] INFO utilities.listener.WebEventListener  - Before Finding element: By.cssSelector: input#txtBilledTo
2022-01-31/12:17:00.414  INFO: listener.WebEventListener - Before Finding element: By.cssSelector: input#txtBilledTo
551444 [main] INFO utilities.listener.WebEventListener  - Before Finding element: By.cssSelector: input#txtBilledTo
551444 [main] INFO utilities.listener.WebEventListener  - Before Finding element: By.cssSelector: input#txtBilledTo
2022-01-31/12:17:00.695  INFO: listener.WebEventListener - Before Finding element: By.cssSelector: input#txtBilledTo
551725 [main] INFO utilities.listener.WebEventListener  - Before Finding element: By.cssSelector: input#txtBilledTo
551725 [main] INFO utilities.listener.WebEventListener  - Before Finding element: By.cssSelector: input#txtBilledTo
2022-01-31/12:17:00.974  INFO: listener.WebEventListener - Before Finding element: By.cssSelector: input#txtBilledTo
552004 [main] INFO utilities.listener.WebEventListener  - Before Finding element: By.cssSelector: input#txtBilledTo
552004 [main] INFO utilities.listener.WebEventListener  - Before Finding element: By.cssSelector: input#txtBilledTo
2022-01-31/12:17:01.254  INFO: listener.WebEventListener - Before Finding element: By.cssSelector: input#txtBilledTo
552284 [main] INFO utilities.listener.WebEventListener  - Before Finding element: By.cssSelector: input#txtBilledTo
552284 [main] INFO utilities.listener.WebEventListener  - Before Finding element: By.cssSelector: input#txtBilledTo
2022-01-31/12:17:01.534  INFO: listener.WebEventListener - Before Finding element: By.cssSelector: input#txtBilledTo
552564 [main] INFO utilities.listener.WebEventListener  - Before Finding element: By.cssSelector: input#txtBilledTo
552564 [main] INFO utilities.listener.WebEventListener  - Before Finding element: By.cssSelector: input#txtBilledTo
2022-01-31/12:17:01.814  INFO: listener.WebEventListener - Before Finding element: By.cssSelector: input#txtBilledTo
552844 [main] INFO utilities.listener.WebEventListener  - Before Finding element: By.cssSelector: input#txtBilledTo
552844 [main] INFO utilities.listener.WebEventListener  - Before Finding element: By.cssSelector: input#txtBilledTo
2022-01-31/12:17:02.093  INFO: listener.WebEventListener - Before Finding element: By.cssSelector: input#txtBilledTo
553123 [main] INFO utilities.listener.WebEventListener  - Before Finding element: By.cssSelector: input#txtBilledTo
553123 [main] INFO utilities.listener.WebEventListener  - Before Finding element: By.cssSelector: input#txtBilledTo
2022-01-31/12:17:02.374  INFO: listener.WebEventListener - Before Finding element: By.cssSelector: input#txtBilledTo
553404 [main] INFO utilities.listener.WebEventListener  - Before Finding element: By.cssSelector: input#txtBilledTo
553404 [main] INFO utilities.listener.WebEventListener  - Before Finding element: By.cssSelector: input#txtBilledTo
2022-01-31/12:17:02.666  INFO: listener.WebEventListener - Before Finding element: By.cssSelector: input#txtBilledTo
553696 [main] INFO utilities.listener.WebEventListener  - Before Finding element: By.cssSelector: input#txtBilledTo
553696 [main] INFO utilities.listener.WebEventListener  - Before Finding element: By.cssSelector: input#txtBilledTo
2022-01-31/12:17:02.945  INFO: listener.WebEventListener - Before Finding element: By.cssSelector: input#txtBilledTo
553975 [main] INFO utilities.listener.WebEventListener  - Before Finding element: By.cssSelector: input#txtBilledTo
553975 [main] INFO utilities.listener.WebEventListener  - Before Finding element: By.cssSelector: input#txtBilledTo
2022-01-31/12:17:03.225  INFO: listener.WebEventListener - Before Finding element: By.cssSelector: input#txtBilledTo
554255 [main] INFO utilities.listener.WebEventListener  - Before Finding element: By.cssSelector: input#txtBilledTo
554255 [main] INFO utilities.listener.WebEventListener  - Before Finding element: By.cssSelector: input#txtBilledTo
2022-01-31/12:17:03.509  INFO: listener.WebEventListener - Before Finding element: By.cssSelector: input#txtBilledTo
554539 [main] INFO utilities.listener.WebEventListener  - Before Finding element: By.cssSelector: input#txtBilledTo
554539 [main] INFO utilities.listener.WebEventListener  - Before Finding element: By.cssSelector: input#txtBilledTo
2022-01-31/12:17:03.789  INFO: listener.WebEventListener - Before Finding element: By.cssSelector: input#txtBilledTo
554819 [main] INFO utilities.listener.WebEventListener  - Before Finding element: By.cssSelector: input#txtBilledTo
554819 [main] INFO utilities.listener.WebEventListener  - Before Finding element: By.cssSelector: input#txtBilledTo
2022-01-31/12:17:04.069  INFO: listener.WebEventListener - Before Finding element: By.cssSelector: input#txtBilledTo
555099 [main] INFO utilities.listener.WebEventListener  - Before Finding element: By.cssSelector: input#txtBilledTo
555099 [main] INFO utilities.listener.WebEventListener  - Before Finding element: By.cssSelector: input#txtBilledTo
2022-01-31/12:17:04.348  INFO: listener.WebEventListener - Before Finding element: By.cssSelector: input#txtBilledTo
555378 [main] INFO utilities.listener.WebEventListener  - Before Finding element: By.cssSelector: input#txtBilledTo
555378 [main] INFO utilities.listener.WebEventListener  - Before Finding element: By.cssSelector: input#txtBilledTo
2022-01-31/12:17:04.627  INFO: listener.WebEventListener - Before Finding element: By.cssSelector: input#txtBilledTo
555657 [main] INFO utilities.listener.WebEventListener  - Before Finding element: By.cssSelector: input#txtBilledTo
555657 [main] INFO utilities.listener.WebEventListener  - Before Finding element: By.cssSelector: input#txtBilledTo
2022-01-31/12:17:04.908  INFO: listener.WebEventListener - Before Finding element: By.cssSelector: input#txtBilledTo
555938 [main] INFO utilities.listener.WebEventListener  - Before Finding element: By.cssSelector: input#txtBilledTo
555938 [main] INFO utilities.listener.WebEventListener  - Before Finding element: By.cssSelector: input#txtBilledTo
2022-01-31/12:17:05.187  INFO: listener.WebEventListener - Before Finding element: By.cssSelector: input#txtBilledTo
556217 [main] INFO utilities.listener.WebEventListener  - Before Finding element: By.cssSelector: input#txtBilledTo
556217 [main] INFO utilities.listener.WebEventListener  - Before Finding element: By.cssSelector: input#txtBilledTo
2022-01-31/12:17:05.470  INFO: listener.WebEventListener - Before Finding element: By.cssSelector: input#txtBilledTo
556500 [main] INFO utilities.listener.WebEventListener  - Before Finding element: By.cssSelector: input#txtBilledTo
556500 [main] INFO utilities.listener.WebEventListener  - Before Finding element: By.cssSelector: input#txtBilledTo
2022-01-31/12:17:05.751  INFO: listener.WebEventListener - Before Finding element: By.cssSelector: input#txtBilledTo
556781 [main] INFO utilities.listener.WebEventListener  - Before Finding element: By.cssSelector: input#txtBilledTo
556781 [main] INFO utilities.listener.WebEventListener  - Before Finding element: By.cssSelector: input#txtBilledTo
2022-01-31/12:17:06.029  INFO: listener.WebEventListener - Before Finding element: By.cssSelector: input#txtBilledTo
557059 [main] INFO utilities.listener.WebEventListener  - Before Finding element: By.cssSelector: input#txtBilledTo
557059 [main] INFO utilities.listener.WebEventListener  - Before Finding element: By.cssSelector: input#txtBilledTo
2022-01-31/12:17:06.306  INFO: listener.WebEventListener - Before Finding element: By.cssSelector: input#txtBilledTo
557336 [main] INFO utilities.listener.WebEventListener  - Before Finding element: By.cssSelector: input#txtBilledTo
557336 [main] INFO utilities.listener.WebEventListener  - Before Finding element: By.cssSelector: input#txtBilledTo
2022-01-31/12:17:06.585  INFO: listener.WebEventListener - Before Finding element: By.cssSelector: input#txtBilledTo
557615 [main] INFO utilities.listener.WebEventListener  - Before Finding element: By.cssSelector: input#txtBilledTo
557615 [main] INFO utilities.listener.WebEventListener  - Before Finding element: By.cssSelector: input#txtBilledTo
2022-01-31/12:17:06.862  INFO: listener.WebEventListener - Before Finding element: By.cssSelector: input#txtBilledTo
557892 [main] INFO utilities.listener.WebEventListener  - Before Finding element: By.cssSelector: input#txtBilledTo
557892 [main] INFO utilities.listener.WebEventListener  - Before Finding element: By.cssSelector: input#txtBilledTo
2022-01-31/12:17:07.145  INFO: listener.WebEventListener - Before Finding element: By.cssSelector: input#txtBilledTo
558175 [main] INFO utilities.listener.WebEventListener  - Before Finding element: By.cssSelector: input#txtBilledTo
558175 [main] INFO utilities.listener.WebEventListener  - Before Finding element: By.cssSelector: input#txtBilledTo
2022-01-31/12:17:07.427  INFO: listener.WebEventListener - Before Finding element: By.cssSelector: input#txtBilledTo
558457 [main] INFO utilities.listener.WebEventListener  - Before Finding element: By.cssSelector: input#txtBilledTo
558457 [main] INFO utilities.listener.WebEventListener  - Before Finding element: By.cssSelector: input#txtBilledTo
2022-01-31/12:17:07.709  INFO: listener.WebEventListener - Before Finding element: By.cssSelector: input#txtBilledTo
558739 [main] INFO utilities.listener.WebEventListener  - Before Finding element: By.cssSelector: input#txtBilledTo
558739 [main] INFO utilities.listener.WebEventListener  - Before Finding element: By.cssSelector: input#txtBilledTo
2022-01-31/12:17:07.989  INFO: listener.WebEventListener - Before Finding element: By.cssSelector: input#txtBilledTo
559019 [main] INFO utilities.listener.WebEventListener  - Before Finding element: By.cssSelector: input#txtBilledTo
559019 [main] INFO utilities.listener.WebEventListener  - Before Finding element: By.cssSelector: input#txtBilledTo
2022-01-31/12:17:08.269  INFO: listener.WebEventListener - Before Finding element: By.cssSelector: input#txtBilledTo
559299 [main] INFO utilities.listener.WebEventListener  - Before Finding element: By.cssSelector: input#txtBilledTo
559299 [main] INFO utilities.listener.WebEventListener  - Before Finding element: By.cssSelector: input#txtBilledTo
2022-01-31/12:17:08.549  INFO: listener.WebEventListener - Before Finding element: By.cssSelector: input#txtBilledTo
559579 [main] INFO utilities.listener.WebEventListener  - Before Finding element: By.cssSelector: input#txtBilledTo
559579 [main] INFO utilities.listener.WebEventListener  - Before Finding element: By.cssSelector: input#txtBilledTo
2022-01-31/12:17:08.831  INFO: listener.WebEventListener - Before Finding element: By.cssSelector: input#txtBilledTo
559861 [main] INFO utilities.listener.WebEventListener  - Before Finding element: By.cssSelector: input#txtBilledTo
559861 [main] INFO utilities.listener.WebEventListener  - Before Finding element: By.cssSelector: input#txtBilledTo
2022-01-31/12:17:09.112  INFO: listener.WebEventListener - Before Finding element: By.cssSelector: input#txtBilledTo
560142 [main] INFO utilities.listener.WebEventListener  - Before Finding element: By.cssSelector: input#txtBilledTo
560142 [main] INFO utilities.listener.WebEventListener  - Before Finding element: By.cssSelector: input#txtBilledTo
2022-01-31/12:17:09.392  INFO: listener.WebEventListener - Before Finding element: By.cssSelector: input#txtBilledTo
560422 [main] INFO utilities.listener.WebEventListener  - Before Finding element: By.cssSelector: input#txtBilledTo
560422 [main] INFO utilities.listener.WebEventListener  - Before Finding element: By.cssSelector: input#txtBilledTo
2022-01-31/12:17:09.674  INFO: listener.WebEventListener - Before Finding element: By.cssSelector: input#txtBilledTo
560704 [main] INFO utilities.listener.WebEventListener  - Before Finding element: By.cssSelector: input#txtBilledTo
560704 [main] INFO utilities.listener.WebEventListener  - Before Finding element: By.cssSelector: input#txtBilledTo
2022-01-31/12:17:09.953  INFO: listener.WebEventListener - Before Finding element: By.cssSelector: input#txtBilledTo
560983 [main] INFO utilities.listener.WebEventListener  - Before Finding element: By.cssSelector: input#txtBilledTo
560983 [main] INFO utilities.listener.WebEventListener  - Before Finding element: By.cssSelector: input#txtBilledTo
2022-01-31/12:17:10.235  INFO: listener.WebEventListener - Before Finding element: By.cssSelector: input#txtBilledTo
561265 [main] INFO utilities.listener.WebEventListener  - Before Finding element: By.cssSelector: input#txtBilledTo
561265 [main] INFO utilities.listener.WebEventListener  - Before Finding element: By.cssSelector: input#txtBilledTo
2022-01-31/12:17:10.517  INFO: listener.WebEventListener - Before Finding element: By.cssSelector: input#txtBilledTo
561547 [main] INFO utilities.listener.WebEventListener  - Before Finding element: By.cssSelector: input#txtBilledTo
561547 [main] INFO utilities.listener.WebEventListener  - Before Finding element: By.cssSelector: input#txtBilledTo
2022-01-31/12:17:10.797  INFO: listener.WebEventListener - Before Finding element: By.cssSelector: input#txtBilledTo
561827 [main] INFO utilities.listener.WebEventListener  - Before Finding element: By.cssSelector: input#txtBilledTo
561827 [main] INFO utilities.listener.WebEventListener  - Before Finding element: By.cssSelector: input#txtBilledTo
2022-01-31/12:17:11.079  INFO: listener.WebEventListener - Before Finding element: By.cssSelector: input#txtBilledTo
562109 [main] INFO utilities.listener.WebEventListener  - Before Finding element: By.cssSelector: input#txtBilledTo
562109 [main] INFO utilities.listener.WebEventListener  - Before Finding element: By.cssSelector: input#txtBilledTo
2022-01-31/12:17:11.359  INFO: listener.WebEventListener - Before Finding element: By.cssSelector: input#txtBilledTo
562389 [main] INFO utilities.listener.WebEventListener  - Before Finding element: By.cssSelector: input#txtBilledTo
562389 [main] INFO utilities.listener.WebEventListener  - Before Finding element: By.cssSelector: input#txtBilledTo
2022-01-31/12:17:11.639  INFO: listener.WebEventListener - Before Finding element: By.cssSelector: input#txtBilledTo
562669 [main] INFO utilities.listener.WebEventListener  - Before Finding element: By.cssSelector: input#txtBilledTo
562669 [main] INFO utilities.listener.WebEventListener  - Before Finding element: By.cssSelector: input#txtBilledTo
2022-01-31/12:17:11.920  INFO: listener.WebEventListener - Before Finding element: By.cssSelector: input#txtBilledTo
562950 [main] INFO utilities.listener.WebEventListener  - Before Finding element: By.cssSelector: input#txtBilledTo
562950 [main] INFO utilities.listener.WebEventListener  - Before Finding element: By.cssSelector: input#txtBilledTo
2022-01-31/12:17:12.202  INFO: listener.WebEventListener - Before Finding element: By.cssSelector: input#txtBilledTo
563232 [main] INFO utilities.listener.WebEventListener  - Before Finding element: By.cssSelector: input#txtBilledTo
563232 [main] INFO utilities.listener.WebEventListener  - Before Finding element: By.cssSelector: input#txtBilledTo
2022-01-31/12:17:12.484  INFO: listener.WebEventListener - Before Finding element: By.cssSelector: input#txtBilledTo
563514 [main] INFO utilities.listener.WebEventListener  - Before Finding element: By.cssSelector: input#txtBilledTo
563514 [main] INFO utilities.listener.WebEventListener  - Before Finding element: By.cssSelector: input#txtBilledTo
2022-01-31/12:17:12.764  INFO: listener.WebEventListener - Before Finding element: By.cssSelector: input#txtBilledTo
563794 [main] INFO utilities.listener.WebEventListener  - Before Finding element: By.cssSelector: input#txtBilledTo
563794 [main] INFO utilities.listener.WebEventListener  - Before Finding element: By.cssSelector: input#txtBilledTo
2022-01-31/12:17:13.045  INFO: listener.WebEventListener - Before Finding element: By.cssSelector: input#txtBilledTo
564075 [main] INFO utilities.listener.WebEventListener  - Before Finding element: By.cssSelector: input#txtBilledTo
564075 [main] INFO utilities.listener.WebEventListener  - Before Finding element: By.cssSelector: input#txtBilledTo
2022-01-31/12:17:13.324  INFO: listener.WebEventListener - Before Finding element: By.cssSelector: input#txtBilledTo
564354 [main] INFO utilities.listener.WebEventListener  - Before Finding element: By.cssSelector: input#txtBilledTo
564354 [main] INFO utilities.listener.WebEventListener  - Before Finding element: By.cssSelector: input#txtBilledTo
2022-01-31/12:17:13.603  INFO: listener.WebEventListener - Before Finding element: By.cssSelector: input#txtBilledTo
564633 [main] INFO utilities.listener.WebEventListener  - Before Finding element: By.cssSelector: input#txtBilledTo
564633 [main] INFO utilities.listener.WebEventListener  - Before Finding element: By.cssSelector: input#txtBilledTo
2022-01-31/12:17:13.885  INFO: listener.WebEventListener - Before Finding element: By.cssSelector: input#txtBilledTo
564915 [main] INFO utilities.listener.WebEventListener  - Before Finding element: By.cssSelector: input#txtBilledTo
564915 [main] INFO utilities.listener.WebEventListener  - Before Finding element: By.cssSelector: input#txtBilledTo
2022-01-31/12:17:14.169  INFO: listener.WebEventListener - Before Finding element: By.cssSelector: input#txtBilledTo
565199 [main] INFO utilities.listener.WebEventListener  - Before Finding element: By.cssSelector: input#txtBilledTo
565199 [main] INFO utilities.listener.WebEventListener  - Before Finding element: By.cssSelector: input#txtBilledTo
2022-01-31/12:17:14.447  INFO: listener.WebEventListener - Before Finding element: By.cssSelector: input#txtBilledTo
565477 [main] INFO utilities.listener.WebEventListener  - Before Finding element: By.cssSelector: input#txtBilledTo
565477 [main] INFO utilities.listener.WebEventListener  - Before Finding element: By.cssSelector: input#txtBilledTo
2022-01-31/12:17:14.725  INFO: listener.WebEventListener - Before Finding element: By.cssSelector: input#txtBilledTo
565755 [main] INFO utilities.listener.WebEventListener  - Before Finding element: By.cssSelector: input#txtBilledTo
565755 [main] INFO utilities.listener.WebEventListener  - Before Finding element: By.cssSelector: input#txtBilledTo
2022-01-31/12:17:15.004  INFO: listener.WebEventListener - Before Finding element: By.cssSelector: input#txtBilledTo
566034 [main] INFO utilities.listener.WebEventListener  - Before Finding element: By.cssSelector: input#txtBilledTo
566034 [main] INFO utilities.listener.WebEventListener  - Before Finding element: By.cssSelector: input#txtBilledTo
2022-01-31/12:17:15.283  INFO: listener.WebEventListener - Before Finding element: By.cssSelector: input#txtBilledTo
566313 [main] INFO utilities.listener.WebEventListener  - Before Finding element: By.cssSelector: input#txtBilledTo
566313 [main] INFO utilities.listener.WebEventListener  - Before Finding element: By.cssSelector: input#txtBilledTo
2022-01-31/12:17:15.561  INFO: listener.WebEventListener - Before Finding element: By.cssSelector: input#txtBilledTo
566591 [main] INFO utilities.listener.WebEventListener  - Before Finding element: By.cssSelector: input#txtBilledTo
566591 [main] INFO utilities.listener.WebEventListener  - Before Finding element: By.cssSelector: input#txtBilledTo
2022-01-31/12:17:15.840  INFO: listener.WebEventListener - Before Finding element: By.cssSelector: input#txtBilledTo
566870 [main] INFO utilities.listener.WebEventListener  - Before Finding element: By.cssSelector: input#txtBilledTo
566870 [main] INFO utilities.listener.WebEventListener  - Before Finding element: By.cssSelector: input#txtBilledTo
2022-01-31/12:17:16.122  INFO: listener.WebEventListener - Before Finding element: By.cssSelector: input#txtBilledTo
567152 [main] INFO utilities.listener.WebEventListener  - Before Finding element: By.cssSelector: input#txtBilledTo
567152 [main] INFO utilities.listener.WebEventListener  - Before Finding element: By.cssSelector: input#txtBilledTo
2022-01-31/12:17:16.402  INFO: listener.WebEventListener - Before Finding element: By.cssSelector: input#txtBilledTo
567432 [main] INFO utilities.listener.WebEventListener  - Before Finding element: By.cssSelector: input#txtBilledTo
567432 [main] INFO utilities.listener.WebEventListener  - Before Finding element: By.cssSelector: input#txtBilledTo
2022-01-31/12:17:16.680  INFO: listener.WebEventListener - Before Finding element: By.cssSelector: input#txtBilledTo
567710 [main] INFO utilities.listener.WebEventListener  - Before Finding element: By.cssSelector: input#txtBilledTo
567710 [main] INFO utilities.listener.WebEventListener  - Before Finding element: By.cssSelector: input#txtBilledTo
2022-01-31/12:17:16.958  INFO: listener.WebEventListener - Before Finding element: By.cssSelector: input#txtBilledTo
567988 [main] INFO utilities.listener.WebEventListener  - Before Finding element: By.cssSelector: input#txtBilledTo
567988 [main] INFO utilities.listener.WebEventListener  - Before Finding element: By.cssSelector: input#txtBilledTo
2022-01-31/12:17:17.241  INFO: listener.WebEventListener - Before Finding element: By.cssSelector: input#txtBilledTo
568271 [main] INFO utilities.listener.WebEventListener  - Before Finding element: By.cssSelector: input#txtBilledTo
568271 [main] INFO utilities.listener.WebEventListener  - Before Finding element: By.cssSelector: input#txtBilledTo
2022-01-31/12:17:17.523  INFO: listener.WebEventListener - Before Finding element: By.cssSelector: input#txtBilledTo
568553 [main] INFO utilities.listener.WebEventListener  - Before Finding element: By.cssSelector: input#txtBilledTo
568553 [main] INFO utilities.listener.WebEventListener  - Before Finding element: By.cssSelector: input#txtBilledTo
2022-01-31/12:17:17.802  INFO: listener.WebEventListener - Before Finding element: By.cssSelector: input#txtBilledTo
568832 [main] INFO utilities.listener.WebEventListener  - Before Finding element: By.cssSelector: input#txtBilledTo
568832 [main] INFO utilities.listener.WebEventListener  - Before Finding element: By.cssSelector: input#txtBilledTo
2022-01-31/12:17:18.082  INFO: listener.WebEventListener - Before Finding element: By.cssSelector: input#txtBilledTo
569112 [main] INFO utilities.listener.WebEventListener  - Before Finding element: By.cssSelector: input#txtBilledTo
569112 [main] INFO utilities.listener.WebEventListener  - Before Finding element: By.cssSelector: input#txtBilledTo
2022-01-31/12:17:18.365  INFO: listener.WebEventListener - Before Finding element: By.cssSelector: input#txtBilledTo
569395 [main] INFO utilities.listener.WebEventListener  - Before Finding element: By.cssSelector: input#txtBilledTo
569395 [main] INFO utilities.listener.WebEventListener  - Before Finding element: By.cssSelector: input#txtBilledTo
2022-01-31/12:17:18.647  INFO: listener.WebEventListener - Before Finding element: By.cssSelector: input#txtBilledTo
569677 [main] INFO utilities.listener.WebEventListener  - Before Finding element: By.cssSelector: input#txtBilledTo
569677 [main] INFO utilities.listener.WebEventListener  - Before Finding element: By.cssSelector: input#txtBilledTo
2022-01-31/12:17:18.927  INFO: listener.WebEventListener - Before Finding element: By.cssSelector: input#txtBilledTo
569957 [main] INFO utilities.listener.WebEventListener  - Before Finding element: By.cssSelector: input#txtBilledTo
569957 [main] INFO utilities.listener.WebEventListener  - Before Finding element: By.cssSelector: input#txtBilledTo
2022-01-31/12:17:19.208  INFO: listener.WebEventListener - Before Finding element: By.cssSelector: input#txtBilledTo
570238 [main] INFO utilities.listener.WebEventListener  - Before Finding element: By.cssSelector: input#txtBilledTo
570238 [main] INFO utilities.listener.WebEventListener  - Before Finding element: By.cssSelector: input#txtBilledTo
2022-01-31/12:17:19.494  INFO: listener.WebEventListener - Before Finding element: By.cssSelector: input#txtBilledTo
570524 [main] INFO utilities.listener.WebEventListener  - Before Finding element: By.cssSelector: input#txtBilledTo
570524 [main] INFO utilities.listener.WebEventListener  - Before Finding element: By.cssSelector: input#txtBilledTo
2022-01-31/12:17:19.778  INFO: listener.WebEventListener - Before Finding element: By.cssSelector: input#txtBilledTo
570808 [main] INFO utilities.listener.WebEventListener  - Before Finding element: By.cssSelector: input#txtBilledTo
570808 [main] INFO utilities.listener.WebEventListener  - Before Finding element: By.cssSelector: input#txtBilledTo
2022-01-31/12:17:20.058  INFO: listener.WebEventListener - Before Finding element: By.cssSelector: input#txtBilledTo
571088 [main] INFO utilities.listener.WebEventListener  - Before Finding element: By.cssSelector: input#txtBilledTo
571088 [main] INFO utilities.listener.WebEventListener  - Before Finding element: By.cssSelector: input#txtBilledTo
2022-01-31/12:17:20.337  INFO: listener.WebEventListener - Before Finding element: By.cssSelector: input#txtBilledTo
571367 [main] INFO utilities.listener.WebEventListener  - Before Finding element: By.cssSelector: input#txtBilledTo
571367 [main] INFO utilities.listener.WebEventListener  - Before Finding element: By.cssSelector: input#txtBilledTo
2022-01-31/12:17:20.613  INFO: listener.WebEventListener - Before Finding element: By.cssSelector: input#txtBilledTo
571643 [main] INFO utilities.listener.WebEventListener  - Before Finding element: By.cssSelector: input#txtBilledTo
571643 [main] INFO utilities.listener.WebEventListener  - Before Finding element: By.cssSelector: input#txtBilledTo
2022-01-31/12:17:20.893  INFO: listener.WebEventListener - Before Finding element: By.cssSelector: input#txtBilledTo
571923 [main] INFO utilities.listener.WebEventListener  - Before Finding element: By.cssSelector: input#txtBilledTo
571923 [main] INFO utilities.listener.WebEventListener  - Before Finding element: By.cssSelector: input#txtBilledTo
2022-01-31/12:17:21.175  INFO: listener.WebEventListener - Before Finding element: By.cssSelector: input#txtBilledTo
572205 [main] INFO utilities.listener.WebEventListener  - Before Finding element: By.cssSelector: input#txtBilledTo
572205 [main] INFO utilities.listener.WebEventListener  - Before Finding element: By.cssSelector: input#txtBilledTo
2022-01-31/12:17:21.456  INFO: listener.WebEventListener - Before Finding element: By.cssSelector: input#txtBilledTo
572486 [main] INFO utilities.listener.WebEventListener  - Before Finding element: By.cssSelector: input#txtBilledTo
572486 [main] INFO utilities.listener.WebEventListener  - Before Finding element: By.cssSelector: input#txtBilledTo
2022-01-31/12:17:21.737  INFO: listener.WebEventListener - Before Finding element: By.cssSelector: input#txtBilledTo
572767 [main] INFO utilities.listener.WebEventListener  - Before Finding element: By.cssSelector: input#txtBilledTo
572767 [main] INFO utilities.listener.WebEventListener  - Before Finding element: By.cssSelector: input#txtBilledTo
2022-01-31/12:17:22.016  INFO: listener.WebEventListener - Before Finding element: By.cssSelector: input#txtBilledTo
573046 [main] INFO utilities.listener.WebEventListener  - Before Finding element: By.cssSelector: input#txtBilledTo
573046 [main] INFO utilities.listener.WebEventListener  - Before Finding element: By.cssSelector: input#txtBilledTo
2022-01-31/12:17:22.299  INFO: listener.WebEventListener - Before Finding element: By.cssSelector: input#txtBilledTo
573329 [main] INFO utilities.listener.WebEventListener  - Before Finding element: By.cssSelector: input#txtBilledTo
573329 [main] INFO utilities.listener.WebEventListener  - Before Finding element: By.cssSelector: input#txtBilledTo
2022-01-31/12:17:22.580  INFO: listener.WebEventListener - Before Finding element: By.cssSelector: input#txtBilledTo
573610 [main] INFO utilities.listener.WebEventListener  - Before Finding element: By.cssSelector: input#txtBilledTo
573610 [main] INFO utilities.listener.WebEventListener  - Before Finding element: By.cssSelector: input#txtBilledTo
2022-01-31/12:17:22.859  INFO: listener.WebEventListener - Before Finding element: By.cssSelector: input#txtBilledTo
573889 [main] INFO utilities.listener.WebEventListener  - Before Finding element: By.cssSelector: input#txtBilledTo
573889 [main] INFO utilities.listener.WebEventListener  - Before Finding element: By.cssSelector: input#txtBilledTo
2022-01-31/12:17:23.142  INFO: listener.WebEventListener - Before Finding element: By.cssSelector: input#txtBilledTo
574172 [main] INFO utilities.listener.WebEventListener  - Before Finding element: By.cssSelector: input#txtBilledTo
574172 [main] INFO utilities.listener.WebEventListener  - Before Finding element: By.cssSelector: input#txtBilledTo
2022-01-31/12:17:23.421  INFO: listener.WebEventListener - Before Finding element: By.cssSelector: input#txtBilledTo
574451 [main] INFO utilities.listener.WebEventListener  - Before Finding element: By.cssSelector: input#txtBilledTo
574451 [main] INFO utilities.listener.WebEventListener  - Before Finding element: By.cssSelector: input#txtBilledTo
2022-01-31/12:17:23.719  INFO: listener.WebEventListener - Before Finding element: By.cssSelector: input#txtBilledTo
574749 [main] INFO utilities.listener.WebEventListener  - Before Finding element: By.cssSelector: input#txtBilledTo
574749 [main] INFO utilities.listener.WebEventListener  - Before Finding element: By.cssSelector: input#txtBilledTo
2022-01-31/12:17:24.001  INFO: listener.WebEventListener - Before Finding element: By.cssSelector: input#txtBilledTo
575031 [main] INFO utilities.listener.WebEventListener  - Before Finding element: By.cssSelector: input#txtBilledTo
575031 [main] INFO utilities.listener.WebEventListener  - Before Finding element: By.cssSelector: input#txtBilledTo
2022-01-31/12:17:24.282  INFO: listener.WebEventListener - Before Finding element: By.cssSelector: input#txtBilledTo
575312 [main] INFO utilities.listener.WebEventListener  - Before Finding element: By.cssSelector: input#txtBilledTo
575312 [main] INFO utilities.listener.WebEventListener  - Before Finding element: By.cssSelector: input#txtBilledTo
2022-01-31/12:17:24.567  INFO: listener.WebEventListener - Before Finding element: By.cssSelector: input#txtBilledTo
575597 [main] INFO utilities.listener.WebEventListener  - Before Finding element: By.cssSelector: input#txtBilledTo
575597 [main] INFO utilities.listener.WebEventListener  - Before Finding element: By.cssSelector: input#txtBilledTo
2022-01-31/12:17:24.851  INFO: listener.WebEventListener - Before Finding element: By.cssSelector: input#txtBilledTo
575881 [main] INFO utilities.listener.WebEventListener  - Before Finding element: By.cssSelector: input#txtBilledTo
575881 [main] INFO utilities.listener.WebEventListener  - Before Finding element: By.cssSelector: input#txtBilledTo
2022-01-31/12:17:25.136  INFO: listener.WebEventListener - Before Finding element: By.cssSelector: input#txtBilledTo
576166 [main] INFO utilities.listener.WebEventListener  - Before Finding element: By.cssSelector: input#txtBilledTo
576166 [main] INFO utilities.listener.WebEventListener  - Before Finding element: By.cssSelector: input#txtBilledTo
2022-01-31/12:17:25.420  INFO: listener.WebEventListener - Before Finding element: By.cssSelector: input#txtBilledTo
576450 [main] INFO utilities.listener.WebEventListener  - Before Finding element: By.cssSelector: input#txtBilledTo
576450 [main] INFO utilities.listener.WebEventListener  - Before Finding element: By.cssSelector: input#txtBilledTo
2022-01-31/12:17:25.700  INFO: listener.WebEventListener - Before Finding element: By.cssSelector: input#txtBilledTo
576730 [main] INFO utilities.listener.WebEventListener  - Before Finding element: By.cssSelector: input#txtBilledTo
576730 [main] INFO utilities.listener.WebEventListener  - Before Finding element: By.cssSelector: input#txtBilledTo
2022-01-31/12:17:25.982  INFO: listener.WebEventListener - Before Finding element: By.cssSelector: input#txtBilledTo
577012 [main] INFO utilities.listener.WebEventListener  - Before Finding element: By.cssSelector: input#txtBilledTo
577012 [main] INFO utilities.listener.WebEventListener  - Before Finding element: By.cssSelector: input#txtBilledTo
2022-01-31/12:17:26.265  INFO: listener.WebEventListener - Before Finding element: By.cssSelector: input#txtBilledTo
577295 [main] INFO utilities.listener.WebEventListener  - Before Finding element: By.cssSelector: input#txtBilledTo
577295 [main] INFO utilities.listener.WebEventListener  - Before Finding element: By.cssSelector: input#txtBilledTo
2022-01-31/12:17:26.547  INFO: listener.WebEventListener - Before Finding element: By.cssSelector: input#txtBilledTo
577577 [main] INFO utilities.listener.WebEventListener  - Before Finding element: By.cssSelector: input#txtBilledTo
577577 [main] INFO utilities.listener.WebEventListener  - Before Finding element: By.cssSelector: input#txtBilledTo
2022-01-31/12:17:26.819  INFO: listener.WebEventListener - Before Finding element: By.cssSelector: input#txtBilledTo
577849 [main] INFO utilities.listener.WebEventListener  - Before Finding element: By.cssSelector: input#txtBilledTo
577849 [main] INFO utilities.listener.WebEventListener  - Before Finding element: By.cssSelector: input#txtBilledTo
2022-01-31/12:17:27.103  INFO: listener.WebEventListener - Before Finding element: By.cssSelector: input#txtBilledTo
578133 [main] INFO utilities.listener.WebEventListener  - Before Finding element: By.cssSelector: input#txtBilledTo
578133 [main] INFO utilities.listener.WebEventListener  - Before Finding element: By.cssSelector: input#txtBilledTo
2022-01-31/12:17:27.386  INFO: listener.WebEventListener - Before Finding element: By.cssSelector: input#txtBilledTo
578416 [main] INFO utilities.listener.WebEventListener  - Before Finding element: By.cssSelector: input#txtBilledTo
578416 [main] INFO utilities.listener.WebEventListener  - Before Finding element: By.cssSelector: input#txtBilledTo
2022-01-31/12:17:27.667  INFO: listener.WebEventListener - Before Finding element: By.cssSelector: input#txtBilledTo
578697 [main] INFO utilities.listener.WebEventListener  - Before Finding element: By.cssSelector: input#txtBilledTo
578697 [main] INFO utilities.listener.WebEventListener  - Before Finding element: By.cssSelector: input#txtBilledTo
2022-01-31/12:17:27.946  INFO: listener.WebEventListener - Before Finding element: By.cssSelector: input#txtBilledTo
578976 [main] INFO utilities.listener.WebEventListener  - Before Finding element: By.cssSelector: input#txtBilledTo
578976 [main] INFO utilities.listener.WebEventListener  - Before Finding element: By.cssSelector: input#txtBilledTo
2022-01-31/12:17:28.231  INFO: listener.WebEventListener - Before Finding element: By.cssSelector: input#txtBilledTo
579261 [main] INFO utilities.listener.WebEventListener  - Before Finding element: By.cssSelector: input#txtBilledTo
579261 [main] INFO utilities.listener.WebEventListener  - Before Finding element: By.cssSelector: input#txtBilledTo
2022-01-31/12:17:28.514  INFO: listener.WebEventListener - Before Finding element: By.cssSelector: input#txtBilledTo
579544 [main] INFO utilities.listener.WebEventListener  - Before Finding element: By.cssSelector: input#txtBilledTo
579544 [main] INFO utilities.listener.WebEventListener  - Before Finding element: By.cssSelector: input#txtBilledTo
2022-01-31/12:17:28.798  INFO: listener.WebEventListener - Before Finding element: By.cssSelector: input#txtBilledTo
579828 [main] INFO utilities.listener.WebEventListener  - Before Finding element: By.cssSelector: input#txtBilledTo
579828 [main] INFO utilities.listener.WebEventListener  - Before Finding element: By.cssSelector: input#txtBilledTo
2022-01-31/12:17:29.081  INFO: listener.WebEventListener - Before Finding element: By.cssSelector: input#txtBilledTo
580111 [main] INFO utilities.listener.WebEventListener  - Before Finding element: By.cssSelector: input#txtBilledTo
580111 [main] INFO utilities.listener.WebEventListener  - Before Finding element: By.cssSelector: input#txtBilledTo
2022-01-31/12:17:29.366  INFO: listener.WebEventListener - Before Finding element: By.cssSelector: input#txtBilledTo
580396 [main] INFO utilities.listener.WebEventListener  - Before Finding element: By.cssSelector: input#txtBilledTo
580396 [main] INFO utilities.listener.WebEventListener  - Before Finding element: By.cssSelector: input#txtBilledTo
2022-01-31/12:17:29.647  INFO: listener.WebEventListener - Before Finding element: By.cssSelector: input#txtBilledTo
580677 [main] INFO utilities.listener.WebEventListener  - Before Finding element: By.cssSelector: input#txtBilledTo
580677 [main] INFO utilities.listener.WebEventListener  - Before Finding element: By.cssSelector: input#txtBilledTo
2022-01-31/12:17:29.921  INFO: listener.WebEventListener - Before Finding element: By.cssSelector: input#txtBilledTo
580951 [main] INFO utilities.listener.WebEventListener  - Before Finding element: By.cssSelector: input#txtBilledTo
580951 [main] INFO utilities.listener.WebEventListener  - Before Finding element: By.cssSelector: input#txtBilledTo
2022-01-31/12:17:30.199  INFO: listener.WebEventListener - Before Finding element: By.cssSelector: input#txtBilledTo
581229 [main] INFO utilities.listener.WebEventListener  - Before Finding element: By.cssSelector: input#txtBilledTo
581229 [main] INFO utilities.listener.WebEventListener  - Before Finding element: By.cssSelector: input#txtBilledTo
2022-01-31/12:17:30.479  INFO: listener.WebEventListener - Before Finding element: By.cssSelector: input#txtBilledTo
581509 [main] INFO utilities.listener.WebEventListener  - Before Finding element: By.cssSelector: input#txtBilledTo
581509 [main] INFO utilities.listener.WebEventListener  - Before Finding element: By.cssSelector: input#txtBilledTo
2022-01-31/12:17:30.760  INFO: listener.WebEventListener - Before Finding element: By.cssSelector: input#txtBilledTo
581790 [main] INFO utilities.listener.WebEventListener  - Before Finding element: By.cssSelector: input#txtBilledTo
581790 [main] INFO utilities.listener.WebEventListener  - Before Finding element: By.cssSelector: input#txtBilledTo
2022-01-31/12:17:31.040  INFO: listener.WebEventListener - Before Finding element: By.cssSelector: input#txtBilledTo
582070 [main] INFO utilities.listener.WebEventListener  - Before Finding element: By.cssSelector: input#txtBilledTo
582070 [main] INFO utilities.listener.WebEventListener  - Before Finding element: By.cssSelector: input#txtBilledTo
2022-01-31/12:17:31.430  INFO: listener.WebEventListener - Before Finding element: By.cssSelector: input#txtBilledTo
582460 [main] INFO utilities.listener.WebEventListener  - Before Finding element: By.cssSelector: input#txtBilledTo
582460 [main] INFO utilities.listener.WebEventListener  - Before Finding element: By.cssSelector: input#txtBilledTo
2022-01-31/12:17:31.705  INFO: listener.WebEventListener - Before Finding element: By.cssSelector: input#txtBilledTo
582735 [main] INFO utilities.listener.WebEventListener  - Before Finding element: By.cssSelector: input#txtBilledTo
582735 [main] INFO utilities.listener.WebEventListener  - Before Finding element: By.cssSelector: input#txtBilledTo
2022-01-31/12:17:31.999  INFO: listener.WebEventListener - Before Finding element: By.cssSelector: input#txtBilledTo
583029 [main] INFO utilities.listener.WebEventListener  - Before Finding element: By.cssSelector: input#txtBilledTo
583029 [main] INFO utilities.listener.WebEventListener  - Before Finding element: By.cssSelector: input#txtBilledTo
2022-01-31/12:17:32.278  INFO: listener.WebEventListener - Before Finding element: By.cssSelector: input#txtBilledTo
583308 [main] INFO utilities.listener.WebEventListener  - Before Finding element: By.cssSelector: input#txtBilledTo
583308 [main] INFO utilities.listener.WebEventListener  - Before Finding element: By.cssSelector: input#txtBilledTo
2022-01-31/12:17:32.576  INFO: listener.WebEventListener - Before Finding element: By.cssSelector: input#txtBilledTo
583606 [main] INFO utilities.listener.WebEventListener  - Before Finding element: By.cssSelector: input#txtBilledTo
583606 [main] INFO utilities.listener.WebEventListener  - Before Finding element: By.cssSelector: input#txtBilledTo
2022-01-31/12:17:32.885  INFO: listener.WebEventListener - Before Finding element: By.cssSelector: input#txtBilledTo
583915 [main] INFO utilities.listener.WebEventListener  - Before Finding element: By.cssSelector: input#txtBilledTo
583915 [main] INFO utilities.listener.WebEventListener  - Before Finding element: By.cssSelector: input#txtBilledTo
2022-01-31/12:17:33.191  INFO: listener.WebEventListener - Before Finding element: By.cssSelector: input#txtBilledTo
584221 [main] INFO utilities.listener.WebEventListener  - Before Finding element: By.cssSelector: input#txtBilledTo
584221 [main] INFO utilities.listener.WebEventListener  - Before Finding element: By.cssSelector: input#txtBilledTo
2022-01-31/12:17:33.657  INFO: listener.WebEventListener - Before Finding element: By.cssSelector: input#txtBilledTo
584687 [main] INFO utilities.listener.WebEventListener  - Before Finding element: By.cssSelector: input#txtBilledTo
584687 [main] INFO utilities.listener.WebEventListener  - Before Finding element: By.cssSelector: input#txtBilledTo
2022-01-31/12:17:33.940  INFO: listener.WebEventListener - Before Finding element: By.cssSelector: input#txtBilledTo
584970 [main] INFO utilities.listener.WebEventListener  - Before Finding element: By.cssSelector: input#txtBilledTo
584970 [main] INFO utilities.listener.WebEventListener  - Before Finding element: By.cssSelector: input#txtBilledTo
2022-01-31/12:17:34.232  INFO: listener.WebEventListener - Before Finding element: By.cssSelector: input#txtBilledTo
585262 [main] INFO utilities.listener.WebEventListener  - Before Finding element: By.cssSelector: input#txtBilledTo
585262 [main] INFO utilities.listener.WebEventListener  - Before Finding element: By.cssSelector: input#txtBilledTo
2022-01-31/12:17:34.573  INFO: listener.WebEventListener - Before Finding element: By.cssSelector: input#txtBilledTo
585603 [main] INFO utilities.listener.WebEventListener  - Before Finding element: By.cssSelector: input#txtBilledTo
585603 [main] INFO utilities.listener.WebEventListener  - Before Finding element: By.cssSelector: input#txtBilledTo
2022-01-31/12:17:34.853  INFO: listener.WebEventListener - Before Finding element: By.cssSelector: input#txtBilledTo
585883 [main] INFO utilities.listener.WebEventListener  - Before Finding element: By.cssSelector: input#txtBilledTo
585883 [main] INFO utilities.listener.WebEventListener  - Before Finding element: By.cssSelector: input#txtBilledTo
2022-01-31/12:17:35.178  INFO: listener.WebEventListener - Before Finding element: By.cssSelector: input#txtBilledTo
586208 [main] INFO utilities.listener.WebEventListener  - Before Finding element: By.cssSelector: input#txtBilledTo
586208 [main] INFO utilities.listener.WebEventListener  - Before Finding element: By.cssSelector: input#txtBilledTo
2022-01-31/12:17:35.464  INFO: listener.WebEventListener - Before Finding element: By.cssSelector: input#txtBilledTo
586494 [main] INFO utilities.listener.WebEventListener  - Before Finding element: By.cssSelector: input#txtBilledTo
586494 [main] INFO utilities.listener.WebEventListener  - Before Finding element: By.cssSelector: input#txtBilledTo
2022-01-31/12:17:35.747  INFO: listener.WebEventListener - Before Finding element: By.cssSelector: input#txtBilledTo
586777 [main] INFO utilities.listener.WebEventListener  - Before Finding element: By.cssSelector: input#txtBilledTo
586777 [main] INFO utilities.listener.WebEventListener  - Before Finding element: By.cssSelector: input#txtBilledTo
2022-01-31/12:17:36.030  INFO: listener.WebEventListener - Before Finding element: By.cssSelector: input#txtBilledTo
587060 [main] INFO utilities.listener.WebEventListener  - Before Finding element: By.cssSelector: input#txtBilledTo
587060 [main] INFO utilities.listener.WebEventListener  - Before Finding element: By.cssSelector: input#txtBilledTo
2022-01-31/12:17:36.309  INFO: listener.WebEventListener - Before Finding element: By.cssSelector: input#txtBilledTo
587339 [main] INFO utilities.listener.WebEventListener  - Before Finding element: By.cssSelector: input#txtBilledTo
587339 [main] INFO utilities.listener.WebEventListener  - Before Finding element: By.cssSelector: input#txtBilledTo
2022-01-31/12:17:36.589  INFO: listener.WebEventListener - Before Finding element: By.cssSelector: input#txtBilledTo
587619 [main] INFO utilities.listener.WebEventListener  - Before Finding element: By.cssSelector: input#txtBilledTo
587619 [main] INFO utilities.listener.WebEventListener  - Before Finding element: By.cssSelector: input#txtBilledTo
2022-01-31/12:17:36.886  INFO: listener.WebEventListener - Before Finding element: By.cssSelector: input#txtBilledTo
587916 [main] INFO utilities.listener.WebEventListener  - Before Finding element: By.cssSelector: input#txtBilledTo
587916 [main] INFO utilities.listener.WebEventListener  - Before Finding element: By.cssSelector: input#txtBilledTo
2022-01-31/12:17:37.206  INFO: listener.WebEventListener - Before Finding element: By.cssSelector: input#txtBilledTo
588236 [main] INFO utilities.listener.WebEventListener  - Before Finding element: By.cssSelector: input#txtBilledTo
588236 [main] INFO utilities.listener.WebEventListener  - Before Finding element: By.cssSelector: input#txtBilledTo
2022-01-31/12:17:37.482  INFO: listener.WebEventListener - Before Finding element: By.cssSelector: input#txtBilledTo
588512 [main] INFO utilities.listener.WebEventListener  - Before Finding element: By.cssSelector: input#txtBilledTo
588512 [main] INFO utilities.listener.WebEventListener  - Before Finding element: By.cssSelector: input#txtBilledTo
2022-01-31/12:17:37.775  INFO: listener.WebEventListener - Before Finding element: By.cssSelector: input#txtBilledTo
588805 [main] INFO utilities.listener.WebEventListener  - Before Finding element: By.cssSelector: input#txtBilledTo
588805 [main] INFO utilities.listener.WebEventListener  - Before Finding element: By.cssSelector: input#txtBilledTo
2022-01-31/12:17:38.058  INFO: listener.WebEventListener - Before Finding element: By.cssSelector: input#txtBilledTo
589088 [main] INFO utilities.listener.WebEventListener  - Before Finding element: By.cssSelector: input#txtBilledTo
589088 [main] INFO utilities.listener.WebEventListener  - Before Finding element: By.cssSelector: input#txtBilledTo
2022-01-31/12:17:38.344  INFO: listener.WebEventListener - Before Finding element: By.cssSelector: input#txtBilledTo
589374 [main] INFO utilities.listener.WebEventListener  - Before Finding element: By.cssSelector: input#txtBilledTo
589374 [main] INFO utilities.listener.WebEventListener  - Before Finding element: By.cssSelector: input#txtBilledTo
2022-01-31/12:17:38.702  INFO: listener.WebEventListener - Before Finding element: By.cssSelector: input#txtBilledTo
589732 [main] INFO utilities.listener.WebEventListener  - Before Finding element: By.cssSelector: input#txtBilledTo
589732 [main] INFO utilities.listener.WebEventListener  - Before Finding element: By.cssSelector: input#txtBilledTo
2022-01-31/12:17:38.996  INFO: listener.WebEventListener - Before Finding element: By.cssSelector: input#txtBilledTo
590026 [main] INFO utilities.listener.WebEventListener  - Before Finding element: By.cssSelector: input#txtBilledTo
590026 [main] INFO utilities.listener.WebEventListener  - Before Finding element: By.cssSelector: input#txtBilledTo
2022-01-31/12:17:39.275  INFO: listener.WebEventListener - Before Finding element: By.cssSelector: input#txtBilledTo
590305 [main] INFO utilities.listener.WebEventListener  - Before Finding element: By.cssSelector: input#txtBilledTo
590305 [main] INFO utilities.listener.WebEventListener  - Before Finding element: By.cssSelector: input#txtBilledTo
2022-01-31/12:17:39.555  INFO: listener.WebEventListener - Before Finding element: By.cssSelector: input#txtBilledTo
590585 [main] INFO utilities.listener.WebEventListener  - Before Finding element: By.cssSelector: input#txtBilledTo
590585 [main] INFO utilities.listener.WebEventListener  - Before Finding element: By.cssSelector: input#txtBilledTo
2022-01-31/12:17:39.835  INFO: listener.WebEventListener - Before Finding element: By.cssSelector: input#txtBilledTo
590865 [main] INFO utilities.listener.WebEventListener  - Before Finding element: By.cssSelector: input#txtBilledTo
590865 [main] INFO utilities.listener.WebEventListener  - Before Finding element: By.cssSelector: input#txtBilledTo
2022-01-31/12:17:40.115  INFO: listener.WebEventListener - Before Finding element: By.cssSelector: input#txtBilledTo
591145 [main] INFO utilities.listener.WebEventListener  - Before Finding element: By.cssSelector: input#txtBilledTo
591145 [main] INFO utilities.listener.WebEventListener  - Before Finding element: By.cssSelector: input#txtBilledTo
2022-01-31/12:17:40.398  INFO: listener.WebEventListener - Before Finding element: By.cssSelector: input#txtBilledTo
591428 [main] INFO utilities.listener.WebEventListener  - Before Finding element: By.cssSelector: input#txtBilledTo
591428 [main] INFO utilities.listener.WebEventListener  - Before Finding element: By.cssSelector: input#txtBilledTo
2022-01-31/12:17:40.680  INFO: listener.WebEventListener - Before Finding element: By.cssSelector: input#txtBilledTo
591710 [main] INFO utilities.listener.WebEventListener  - Before Finding element: By.cssSelector: input#txtBilledTo
591710 [main] INFO utilities.listener.WebEventListener  - Before Finding element: By.cssSelector: input#txtBilledTo
2022-01-31/12:17:40.961  INFO: listener.WebEventListener - Before Finding element: By.cssSelector: input#txtBilledTo
591991 [main] INFO utilities.listener.WebEventListener  - Before Finding element: By.cssSelector: input#txtBilledTo
591991 [main] INFO utilities.listener.WebEventListener  - Before Finding element: By.cssSelector: input#txtBilledTo
2022-01-31/12:17:41.284  INFO: listener.WebEventListener - Before Finding element: By.cssSelector: input#txtBilledTo
592314 [main] INFO utilities.listener.WebEventListener  - Before Finding element: By.cssSelector: input#txtBilledTo
592314 [main] INFO utilities.listener.WebEventListener  - Before Finding element: By.cssSelector: input#txtBilledTo
2022-01-31/12:17:41.563  INFO: listener.WebEventListener - Before Finding element: By.cssSelector: input#txtBilledTo
592593 [main] INFO utilities.listener.WebEventListener  - Before Finding element: By.cssSelector: input#txtBilledTo
592593 [main] INFO utilities.listener.WebEventListener  - Before Finding element: By.cssSelector: input#txtBilledTo
2022-01-31/12:17:41.841  INFO: listener.WebEventListener - Before Finding element: By.cssSelector: input#txtBilledTo
592871 [main] INFO utilities.listener.WebEventListener  - Before Finding element: By.cssSelector: input#txtBilledTo
592871 [main] INFO utilities.listener.WebEventListener  - Before Finding element: By.cssSelector: input#txtBilledTo
2022-01-31/12:17:42.120  INFO: listener.WebEventListener - Before Finding element: By.cssSelector: input#txtBilledTo
593150 [main] INFO utilities.listener.WebEventListener  - Before Finding element: By.cssSelector: input#txtBilledTo
593150 [main] INFO utilities.listener.WebEventListener  - Before Finding element: By.cssSelector: input#txtBilledTo
2022-01-31/12:17:42.401  INFO: listener.WebEventListener - Before Finding element: By.cssSelector: input#txtBilledTo
593431 [main] INFO utilities.listener.WebEventListener  - Before Finding element: By.cssSelector: input#txtBilledTo
593431 [main] INFO utilities.listener.WebEventListener  - Before Finding element: By.cssSelector: input#txtBilledTo
2022-01-31/12:17:42.681  INFO: listener.WebEventListener - Before Finding element: By.cssSelector: input#txtBilledTo
593711 [main] INFO utilities.listener.WebEventListener  - Before Finding element: By.cssSelector: input#txtBilledTo
593711 [main] INFO utilities.listener.WebEventListener  - Before Finding element: By.cssSelector: input#txtBilledTo
2022-01-31/12:17:42.966  INFO: listener.WebEventListener - Before Finding element: By.cssSelector: input#txtBilledTo
593996 [main] INFO utilities.listener.WebEventListener  - Before Finding element: By.cssSelector: input#txtBilledTo
593996 [main] INFO utilities.listener.WebEventListener  - Before Finding element: By.cssSelector: input#txtBilledTo
2022-01-31/12:17:43.249  INFO: listener.WebEventListener - Before Finding element: By.cssSelector: input#txtBilledTo
594279 [main] INFO utilities.listener.WebEventListener  - Before Finding element: By.cssSelector: input#txtBilledTo
594279 [main] INFO utilities.listener.WebEventListener  - Before Finding element: By.cssSelector: input#txtBilledTo
2022-01-31/12:17:43.533  INFO: listener.WebEventListener - Before Finding element: By.cssSelector: input#txtBilledTo
594563 [main] INFO utilities.listener.WebEventListener  - Before Finding element: By.cssSelector: input#txtBilledTo
594563 [main] INFO utilities.listener.WebEventListener  - Before Finding element: By.cssSelector: input#txtBilledTo
2022-01-31/12:17:43.814  INFO: listener.WebEventListener - Before Finding element: By.cssSelector: input#txtBilledTo
594844 [main] INFO utilities.listener.WebEventListener  - Before Finding element: By.cssSelector: input#txtBilledTo
594844 [main] INFO utilities.listener.WebEventListener  - Before Finding element: By.cssSelector: input#txtBilledTo
2022-01-31/12:17:44.094  INFO: listener.WebEventListener - Before Finding element: By.cssSelector: input#txtBilledTo
595124 [main] INFO utilities.listener.WebEventListener  - Before Finding element: By.cssSelector: input#txtBilledTo
595124 [main] INFO utilities.listener.WebEventListener  - Before Finding element: By.cssSelector: input#txtBilledTo
2022-01-31/12:17:44.375  INFO: listener.WebEventListener - Before Finding element: By.cssSelector: input#txtBilledTo
595405 [main] INFO utilities.listener.WebEventListener  - Before Finding element: By.cssSelector: input#txtBilledTo
595405 [main] INFO utilities.listener.WebEventListener  - Before Finding element: By.cssSelector: input#txtBilledTo
2022-01-31/12:17:44.670  INFO: listener.WebEventListener - Before Finding element: By.cssSelector: input#txtBilledTo
595700 [main] INFO utilities.listener.WebEventListener  - Before Finding element: By.cssSelector: input#txtBilledTo
595700 [main] INFO utilities.listener.WebEventListener  - Before Finding element: By.cssSelector: input#txtBilledTo
2022-01-31/12:17:44.992  INFO: listener.WebEventListener - Before Finding element: By.cssSelector: input#txtBilledTo
596022 [main] INFO utilities.listener.WebEventListener  - Before Finding element: By.cssSelector: input#txtBilledTo
596022 [main] INFO utilities.listener.WebEventListener  - Before Finding element: By.cssSelector: input#txtBilledTo
2022-01-31/12:17:45.284  INFO: listener.WebEventListener - Before Finding element: By.cssSelector: input#txtBilledTo
596314 [main] INFO utilities.listener.WebEventListener  - Before Finding element: By.cssSelector: input#txtBilledTo
596314 [main] INFO utilities.listener.WebEventListener  - Before Finding element: By.cssSelector: input#txtBilledTo
2022-01-31/12:17:45.615  INFO: listener.WebEventListener - Before Finding element: By.cssSelector: input#txtBilledTo
596645 [main] INFO utilities.listener.WebEventListener  - Before Finding element: By.cssSelector: input#txtBilledTo
596645 [main] INFO utilities.listener.WebEventListener  - Before Finding element: By.cssSelector: input#txtBilledTo
2022-01-31/12:17:45.975  INFO: listener.WebEventListener - Before Finding element: By.cssSelector: input#txtBilledTo
597005 [main] INFO utilities.listener.WebEventListener  - Before Finding element: By.cssSelector: input#txtBilledTo
597005 [main] INFO utilities.listener.WebEventListener  - Before Finding element: By.cssSelector: input#txtBilledTo
2022-01-31/12:17:46.256  INFO: listener.WebEventListener - Before Finding element: By.cssSelector: input#txtBilledTo
597286 [main] INFO utilities.listener.WebEventListener  - Before Finding element: By.cssSelector: input#txtBilledTo
597286 [main] INFO utilities.listener.WebEventListener  - Before Finding element: By.cssSelector: input#txtBilledTo
2022-01-31/12:17:46.541  INFO: listener.WebEventListener - Before Finding element: By.cssSelector: input#txtBilledTo
597571 [main] INFO utilities.listener.WebEventListener  - Before Finding element: By.cssSelector: input#txtBilledTo
597571 [main] INFO utilities.listener.WebEventListener  - Before Finding element: By.cssSelector: input#txtBilledTo
2022-01-31/12:17:46.820  INFO: listener.WebEventListener - Before Finding element: By.cssSelector: input#txtBilledTo
597850 [main] INFO utilities.listener.WebEventListener  - Before Finding element: By.cssSelector: input#txtBilledTo
597850 [main] INFO utilities.listener.WebEventListener  - Before Finding element: By.cssSelector: input#txtBilledTo
2022-01-31/12:17:47.104  INFO: listener.WebEventListener - Before Finding element: By.cssSelector: input#txtBilledTo
598134 [main] INFO utilities.listener.WebEventListener  - Before Finding element: By.cssSelector: input#txtBilledTo
598134 [main] INFO utilities.listener.WebEventListener  - Before Finding element: By.cssSelector: input#txtBilledTo
2022-01-31/12:17:47.385  INFO: listener.WebEventListener - Before Finding element: By.cssSelector: input#txtBilledTo
598415 [main] INFO utilities.listener.WebEventListener  - Before Finding element: By.cssSelector: input#txtBilledTo
598415 [main] INFO utilities.listener.WebEventListener  - Before Finding element: By.cssSelector: input#txtBilledTo
2022-01-31/12:17:47.665  INFO: listener.WebEventListener - Before Finding element: By.cssSelector: input#txtBilledTo
598695 [main] INFO utilities.listener.WebEventListener  - Before Finding element: By.cssSelector: input#txtBilledTo
598695 [main] INFO utilities.listener.WebEventListener  - Before Finding element: By.cssSelector: input#txtBilledTo
2022-01-31/12:17:47.947  INFO: listener.WebEventListener - Before Finding element: By.cssSelector: input#txtBilledTo
598977 [main] INFO utilities.listener.WebEventListener  - Before Finding element: By.cssSelector: input#txtBilledTo
598977 [main] INFO utilities.listener.WebEventListener  - Before Finding element: By.cssSelector: input#txtBilledTo
2022-01-31/12:17:48.231  INFO: listener.WebEventListener - Before Finding element: By.cssSelector: input#txtBilledTo
599261 [main] INFO utilities.listener.WebEventListener  - Before Finding element: By.cssSelector: input#txtBilledTo
599261 [main] INFO utilities.listener.WebEventListener  - Before Finding element: By.cssSelector: input#txtBilledTo
2022-01-31/12:17:48.556  INFO: listener.WebEventListener - Before Finding element: By.cssSelector: input#txtBilledTo
599586 [main] INFO utilities.listener.WebEventListener  - Before Finding element: By.cssSelector: input#txtBilledTo
599586 [main] INFO utilities.listener.WebEventListener  - Before Finding element: By.cssSelector: input#txtBilledTo
2022-01-31/12:17:48.842  INFO: listener.WebEventListener - Before Finding element: By.cssSelector: input#txtBilledTo
599872 [main] INFO utilities.listener.WebEventListener  - Before Finding element: By.cssSelector: input#txtBilledTo
599872 [main] INFO utilities.listener.WebEventListener  - Before Finding element: By.cssSelector: input#txtBilledTo
2022-01-31/12:17:49.126  INFO: listener.WebEventListener - Before Finding element: By.cssSelector: input#txtBilledTo
600156 [main] INFO utilities.listener.WebEventListener  - Before Finding element: By.cssSelector: input#txtBilledTo
600156 [main] INFO utilities.listener.WebEventListener  - Before Finding element: By.cssSelector: input#txtBilledTo
2022-01-31/12:17:49.404  INFO: listener.WebEventListener - Before Finding element: By.cssSelector: input#txtBilledTo
600434 [main] INFO utilities.listener.WebEventListener  - Before Finding element: By.cssSelector: input#txtBilledTo
600434 [main] INFO utilities.listener.WebEventListener  - Before Finding element: By.cssSelector: input#txtBilledTo
2022-01-31/12:17:49.699  INFO: listener.WebEventListener - Before Finding element: By.cssSelector: input#txtBilledTo
600729 [main] INFO utilities.listener.WebEventListener  - Before Finding element: By.cssSelector: input#txtBilledTo
600729 [main] INFO utilities.listener.WebEventListener  - Before Finding element: By.cssSelector: input#txtBilledTo
2022-01-31/12:17:49.976  INFO: listener.WebEventListener - Before Finding element: By.cssSelector: input#txtBilledTo
601006 [main] INFO utilities.listener.WebEventListener  - Before Finding element: By.cssSelector: input#txtBilledTo
601006 [main] INFO utilities.listener.WebEventListener  - Before Finding element: By.cssSelector: input#txtBilledTo
2022-01-31/12:17:50.255  INFO: listener.WebEventListener - Before Finding element: By.cssSelector: input#txtBilledTo
601285 [main] INFO utilities.listener.WebEventListener  - Before Finding element: By.cssSelector: input#txtBilledTo
601285 [main] INFO utilities.listener.WebEventListener  - Before Finding element: By.cssSelector: input#txtBilledTo
2022-01-31/12:17:50.526  INFO: listener.WebEventListener - Before Finding element: By.cssSelector: input#txtBilledTo
601556 [main] INFO utilities.listener.WebEventListener  - Before Finding element: By.cssSelector: input#txtBilledTo
601556 [main] INFO utilities.listener.WebEventListener  - Before Finding element: By.cssSelector: input#txtBilledTo
2022-01-31/12:17:50.805  INFO: listener.WebEventListener - Before Finding element: By.cssSelector: input#txtBilledTo
601835 [main] INFO utilities.listener.WebEventListener  - Before Finding element: By.cssSelector: input#txtBilledTo
601835 [main] INFO utilities.listener.WebEventListener  - Before Finding element: By.cssSelector: input#txtBilledTo
2022-01-31/12:17:51.084  INFO: listener.WebEventListener - Before Finding element: By.cssSelector: input#txtBilledTo
602114 [main] INFO utilities.listener.WebEventListener  - Before Finding element: By.cssSelector: input#txtBilledTo
602114 [main] INFO utilities.listener.WebEventListener  - Before Finding element: By.cssSelector: input#txtBilledTo
2022-01-31/12:17:51.361  INFO: listener.WebEventListener - Before Finding element: By.cssSelector: input#txtBilledTo
602391 [main] INFO utilities.listener.WebEventListener  - Before Finding element: By.cssSelector: input#txtBilledTo
602391 [main] INFO utilities.listener.WebEventListener  - Before Finding element: By.cssSelector: input#txtBilledTo
2022-01-31/12:17:51.642  INFO: listener.WebEventListener - Before Finding element: By.cssSelector: input#txtBilledTo
602672 [main] INFO utilities.listener.WebEventListener  - Before Finding element: By.cssSelector: input#txtBilledTo
602672 [main] INFO utilities.listener.WebEventListener  - Before Finding element: By.cssSelector: input#txtBilledTo
2022-01-31/12:17:51.920  INFO: listener.WebEventListener - Before Finding element: By.cssSelector: input#txtBilledTo
602950 [main] INFO utilities.listener.WebEventListener  - Before Finding element: By.cssSelector: input#txtBilledTo
602950 [main] INFO utilities.listener.WebEventListener  - Before Finding element: By.cssSelector: input#txtBilledTo
2022-01-31/12:17:52.201  INFO: listener.WebEventListener - Before Finding element: By.cssSelector: input#txtBilledTo
603231 [main] INFO utilities.listener.WebEventListener  - Before Finding element: By.cssSelector: input#txtBilledTo
603231 [main] INFO utilities.listener.WebEventListener  - Before Finding element: By.cssSelector: input#txtBilledTo
2022-01-31/12:17:52.221  INFO: listener.WebEventListener - Before Finding element: By.cssSelector: input#txtBilledTo
603251 [main] INFO utilities.listener.WebEventListener  - Before Finding element: By.cssSelector: input#txtBilledTo
603251 [main] INFO utilities.listener.WebEventListener  - Before Finding element: By.cssSelector: input#txtBilledTo
2022-01-31/12:17:52.237  INFO: listener.WebEventListener - Before Finding element: By.cssSelector: input#txtBilledTo
603267 [main] INFO utilities.listener.WebEventListener  - Before Finding element: By.cssSelector: input#txtBilledTo
603267 [main] INFO utilities.listener.WebEventListener  - Before Finding element: By.cssSelector: input#txtBilledTo
2022-01-31/12:17:52.513  INFO: listener.WebEventListener - Before Finding element: By.cssSelector: input#txtBilledTo
603543 [main] INFO utilities.listener.WebEventListener  - Before Finding element: By.cssSelector: input#txtBilledTo
603543 [main] INFO utilities.listener.WebEventListener  - Before Finding element: By.cssSelector: input#txtBilledTo
2022-01-31/12:17:52.796  INFO: listener.WebEventListener - Before Finding element: By.cssSelector: input#txtBilledTo
603826 [main] INFO utilities.listener.WebEventListener  - Before Finding element: By.cssSelector: input#txtBilledTo
603826 [main] INFO utilities.listener.WebEventListener  - Before Finding element: By.cssSelector: input#txtBilledTo
2022-01-31/12:17:53.078  INFO: listener.WebEventListener - Before Finding element: By.cssSelector: input#txtBilledTo
604108 [main] INFO utilities.listener.WebEventListener  - Before Finding element: By.cssSelector: input#txtBilledTo
604108 [main] INFO utilities.listener.WebEventListener  - Before Finding element: By.cssSelector: input#txtBilledTo
2022-01-31/12:17:53.368  INFO: listener.WebEventListener - Before Finding element: By.cssSelector: input#txtBilledTo
604398 [main] INFO utilities.listener.WebEventListener  - Before Finding element: By.cssSelector: input#txtBilledTo
604398 [main] INFO utilities.listener.WebEventListener  - Before Finding element: By.cssSelector: input#txtBilledTo
2022-01-31/12:17:53.673  INFO: listener.WebEventListener - Before Finding element: By.cssSelector: input#txtBilledTo
604703 [main] INFO utilities.listener.WebEventListener  - Before Finding element: By.cssSelector: input#txtBilledTo
604703 [main] INFO utilities.listener.WebEventListener  - Before Finding element: By.cssSelector: input#txtBilledTo
2022-01-31/12:17:53.953  INFO: listener.WebEventListener - Before Finding element: By.cssSelector: input#txtBilledTo
604983 [main] INFO utilities.listener.WebEventListener  - Before Finding element: By.cssSelector: input#txtBilledTo
604983 [main] INFO utilities.listener.WebEventListener  - Before Finding element: By.cssSelector: input#txtBilledTo
2022-01-31/12:17:54.236  INFO: listener.WebEventListener - Before Finding element: By.cssSelector: input#txtBilledTo
605266 [main] INFO utilities.listener.WebEventListener  - Before Finding element: By.cssSelector: input#txtBilledTo
605266 [main] INFO utilities.listener.WebEventListener  - Before Finding element: By.cssSelector: input#txtBilledTo
2022-01-31/12:17:54.513  INFO: listener.WebEventListener - Before Finding element: By.cssSelector: input#txtBilledTo
605543 [main] INFO utilities.listener.WebEventListener  - Before Finding element: By.cssSelector: input#txtBilledTo
605543 [main] INFO utilities.listener.WebEventListener  - Before Finding element: By.cssSelector: input#txtBilledTo
2022-01-31/12:17:54.791  INFO: listener.WebEventListener - Before Finding element: By.cssSelector: input#txtBilledTo
605821 [main] INFO utilities.listener.WebEventListener  - Before Finding element: By.cssSelector: input#txtBilledTo
605821 [main] INFO utilities.listener.WebEventListener  - Before Finding element: By.cssSelector: input#txtBilledTo
2022-01-31/12:17:55.072  INFO: listener.WebEventListener - Before Finding element: By.cssSelector: input#txtBilledTo
606102 [main] INFO utilities.listener.WebEventListener  - Before Finding element: By.cssSelector: input#txtBilledTo
606102 [main] INFO utilities.listener.WebEventListener  - Before Finding element: By.cssSelector: input#txtBilledTo
2022-01-31/12:17:55.352  INFO: listener.WebEventListener - Before Finding element: By.cssSelector: input#txtBilledTo
606382 [main] INFO utilities.listener.WebEventListener  - Before Finding element: By.cssSelector: input#txtBilledTo
606382 [main] INFO utilities.listener.WebEventListener  - Before Finding element: By.cssSelector: input#txtBilledTo
2022-01-31/12:17:55.628  INFO: listener.WebEventListener - Before Finding element: By.cssSelector: input#txtBilledTo
606658 [main] INFO utilities.listener.WebEventListener  - Before Finding element: By.cssSelector: input#txtBilledTo
606658 [main] INFO utilities.listener.WebEventListener  - Before Finding element: By.cssSelector: input#txtBilledTo
2022-01-31/12:17:55.908  INFO: listener.WebEventListener - Before Finding element: By.cssSelector: input#txtBilledTo
606938 [main] INFO utilities.listener.WebEventListener  - Before Finding element: By.cssSelector: input#txtBilledTo
606938 [main] INFO utilities.listener.WebEventListener  - Before Finding element: By.cssSelector: input#txtBilledTo
2022-01-31/12:17:56.188  INFO: listener.WebEventListener - Before Finding element: By.cssSelector: input#txtBilledTo
607218 [main] INFO utilities.listener.WebEventListener  - Before Finding element: By.cssSelector: input#txtBilledTo
607218 [main] INFO utilities.listener.WebEventListener  - Before Finding element: By.cssSelector: input#txtBilledTo
2022-01-31/12:17:56.470  INFO: listener.WebEventListener - Before Finding element: By.cssSelector: input#txtBilledTo
607500 [main] INFO utilities.listener.WebEventListener  - Before Finding element: By.cssSelector: input#txtBilledTo
607500 [main] INFO utilities.listener.WebEventListener  - Before Finding element: By.cssSelector: input#txtBilledTo
2022-01-31/12:17:56.752  INFO: listener.WebEventListener - Before Finding element: By.cssSelector: input#txtBilledTo
607782 [main] INFO utilities.listener.WebEventListener  - Before Finding element: By.cssSelector: input#txtBilledTo
607782 [main] INFO utilities.listener.WebEventListener  - Before Finding element: By.cssSelector: input#txtBilledTo
2022-01-31/12:17:57.032  INFO: listener.WebEventListener - Before Finding element: By.cssSelector: input#txtBilledTo
608062 [main] INFO utilities.listener.WebEventListener  - Before Finding element: By.cssSelector: input#txtBilledTo
608062 [main] INFO utilities.listener.WebEventListener  - Before Finding element: By.cssSelector: input#txtBilledTo
2022-01-31/12:17:57.334  INFO: listener.WebEventListener - Before Finding element: By.cssSelector: input#txtBilledTo
608364 [main] INFO utilities.listener.WebEventListener  - Before Finding element: By.cssSelector: input#txtBilledTo
608364 [main] INFO utilities.listener.WebEventListener  - Before Finding element: By.cssSelector: input#txtBilledTo
2022-01-31/12:17:57.616  INFO: listener.WebEventListener - Before Finding element: By.cssSelector: input#txtBilledTo
608646 [main] INFO utilities.listener.WebEventListener  - Before Finding element: By.cssSelector: input#txtBilledTo
608646 [main] INFO utilities.listener.WebEventListener  - Before Finding element: By.cssSelector: input#txtBilledTo
2022-01-31/12:17:57.899  INFO: listener.WebEventListener - Before Finding element: By.cssSelector: input#txtBilledTo
608929 [main] INFO utilities.listener.WebEventListener  - Before Finding element: By.cssSelector: input#txtBilledTo
608929 [main] INFO utilities.listener.WebEventListener  - Before Finding element: By.cssSelector: input#txtBilledTo
2022-01-31/12:17:58.182  INFO: listener.WebEventListener - Before Finding element: By.cssSelector: input#txtBilledTo
609212 [main] INFO utilities.listener.WebEventListener  - Before Finding element: By.cssSelector: input#txtBilledTo
609212 [main] INFO utilities.listener.WebEventListener  - Before Finding element: By.cssSelector: input#txtBilledTo
2022-01-31/12:17:58.463  INFO: listener.WebEventListener - Before Finding element: By.cssSelector: input#txtBilledTo
609493 [main] INFO utilities.listener.WebEventListener  - Before Finding element: By.cssSelector: input#txtBilledTo
609493 [main] INFO utilities.listener.WebEventListener  - Before Finding element: By.cssSelector: input#txtBilledTo
2022-01-31/12:17:58.741  INFO: listener.WebEventListener - Before Finding element: By.cssSelector: input#txtBilledTo
609771 [main] INFO utilities.listener.WebEventListener  - Before Finding element: By.cssSelector: input#txtBilledTo
609771 [main] INFO utilities.listener.WebEventListener  - Before Finding element: By.cssSelector: input#txtBilledTo
2022-01-31/12:17:59.022  INFO: listener.WebEventListener - Before Finding element: By.cssSelector: input#txtBilledTo
610052 [main] INFO utilities.listener.WebEventListener  - Before Finding element: By.cssSelector: input#txtBilledTo
610052 [main] INFO utilities.listener.WebEventListener  - Before Finding element: By.cssSelector: input#txtBilledTo
2022-01-31/12:17:59.304  INFO: listener.WebEventListener - Before Finding element: By.cssSelector: input#txtBilledTo
610334 [main] INFO utilities.listener.WebEventListener  - Before Finding element: By.cssSelector: input#txtBilledTo
610334 [main] INFO utilities.listener.WebEventListener  - Before Finding element: By.cssSelector: input#txtBilledTo
2022-01-31/12:17:59.586  INFO: listener.WebEventListener - Before Finding element: By.cssSelector: input#txtBilledTo
610616 [main] INFO utilities.listener.WebEventListener  - Before Finding element: By.cssSelector: input#txtBilledTo
610616 [main] INFO utilities.listener.WebEventListener  - Before Finding element: By.cssSelector: input#txtBilledTo
2022-01-31/12:17:59.883  INFO: listener.WebEventListener - Before Finding element: By.cssSelector: input#txtBilledTo
610913 [main] INFO utilities.listener.WebEventListener  - Before Finding element: By.cssSelector: input#txtBilledTo
610913 [main] INFO utilities.listener.WebEventListener  - Before Finding element: By.cssSelector: input#txtBilledTo
2022-01-31/12:18:00.163  INFO: listener.WebEventListener - Before Finding element: By.cssSelector: input#txtBilledTo
611193 [main] INFO utilities.listener.WebEventListener  - Before Finding element: By.cssSelector: input#txtBilledTo
611193 [main] INFO utilities.listener.WebEventListener  - Before Finding element: By.cssSelector: input#txtBilledTo
2022-01-31/12:18:00.442  INFO: listener.WebEventListener - Before Finding element: By.cssSelector: input#txtBilledTo
611472 [main] INFO utilities.listener.WebEventListener  - Before Finding element: By.cssSelector: input#txtBilledTo
611472 [main] INFO utilities.listener.WebEventListener  - Before Finding element: By.cssSelector: input#txtBilledTo
2022-01-31/12:18:00.746  INFO: listener.WebEventListener - Before Finding element: By.cssSelector: input#txtBilledTo
611776 [main] INFO utilities.listener.WebEventListener  - Before Finding element: By.cssSelector: input#txtBilledTo
611776 [main] INFO utilities.listener.WebEventListener  - Before Finding element: By.cssSelector: input#txtBilledTo
2022-01-31/12:18:01.035  INFO: listener.WebEventListener - Before Finding element: By.cssSelector: input#txtBilledTo
612065 [main] INFO utilities.listener.WebEventListener  - Before Finding element: By.cssSelector: input#txtBilledTo
612065 [main] INFO utilities.listener.WebEventListener  - Before Finding element: By.cssSelector: input#txtBilledTo
2022-01-31/12:18:01.334  INFO: listener.WebEventListener - Before Finding element: By.cssSelector: input#txtBilledTo
612364 [main] INFO utilities.listener.WebEventListener  - Before Finding element: By.cssSelector: input#txtBilledTo
612364 [main] INFO utilities.listener.WebEventListener  - Before Finding element: By.cssSelector: input#txtBilledTo
2022-01-31/12:18:01.615  INFO: listener.WebEventListener - Before Finding element: By.cssSelector: input#txtBilledTo
612645 [main] INFO utilities.listener.WebEventListener  - Before Finding element: By.cssSelector: input#txtBilledTo
612645 [main] INFO utilities.listener.WebEventListener  - Before Finding element: By.cssSelector: input#txtBilledTo
2022-01-31/12:18:01.898  INFO: listener.WebEventListener - Before Finding element: By.cssSelector: input#txtBilledTo
612928 [main] INFO utilities.listener.WebEventListener  - Before Finding element: By.cssSelector: input#txtBilledTo
612928 [main] INFO utilities.listener.WebEventListener  - Before Finding element: By.cssSelector: input#txtBilledTo
2022-01-31/12:18:02.180  INFO: listener.WebEventListener - Before Finding element: By.cssSelector: input#txtBilledTo
613210 [main] INFO utilities.listener.WebEventListener  - Before Finding element: By.cssSelector: input#txtBilledTo
613210 [main] INFO utilities.listener.WebEventListener  - Before Finding element: By.cssSelector: input#txtBilledTo
2022-01-31/12:18:02.460  INFO: listener.WebEventListener - Before Finding element: By.cssSelector: input#txtBilledTo
613490 [main] INFO utilities.listener.WebEventListener  - Before Finding element: By.cssSelector: input#txtBilledTo
613490 [main] INFO utilities.listener.WebEventListener  - Before Finding element: By.cssSelector: input#txtBilledTo
2022-01-31/12:18:02.739  INFO: listener.WebEventListener - Before Finding element: By.cssSelector: input#txtBilledTo
613769 [main] INFO utilities.listener.WebEventListener  - Before Finding element: By.cssSelector: input#txtBilledTo
613769 [main] INFO utilities.listener.WebEventListener  - Before Finding element: By.cssSelector: input#txtBilledTo
2022-01-31/12:18:03.020  INFO: listener.WebEventListener - Before Finding element: By.cssSelector: input#txtBilledTo
614050 [main] INFO utilities.listener.WebEventListener  - Before Finding element: By.cssSelector: input#txtBilledTo
614050 [main] INFO utilities.listener.WebEventListener  - Before Finding element: By.cssSelector: input#txtBilledTo
2022-01-31/12:18:03.299  INFO: listener.WebEventListener - Before Finding element: By.cssSelector: input#txtBilledTo
614329 [main] INFO utilities.listener.WebEventListener  - Before Finding element: By.cssSelector: input#txtBilledTo
614329 [main] INFO utilities.listener.WebEventListener  - Before Finding element: By.cssSelector: input#txtBilledTo
2022-01-31/12:18:03.580  INFO: listener.WebEventListener - Before Finding element: By.cssSelector: input#txtBilledTo
614610 [main] INFO utilities.listener.WebEventListener  - Before Finding element: By.cssSelector: input#txtBilledTo
614610 [main] INFO utilities.listener.WebEventListener  - Before Finding element: By.cssSelector: input#txtBilledTo
2022-01-31/12:18:03.865  INFO: listener.WebEventListener - Before Finding element: By.cssSelector: input#txtBilledTo
614895 [main] INFO utilities.listener.WebEventListener  - Before Finding element: By.cssSelector: input#txtBilledTo
614895 [main] INFO utilities.listener.WebEventListener  - Before Finding element: By.cssSelector: input#txtBilledTo
2022-01-31/12:18:04.147  INFO: listener.WebEventListener - Before Finding element: By.cssSelector: input#txtBilledTo
615177 [main] INFO utilities.listener.WebEventListener  - Before Finding element: By.cssSelector: input#txtBilledTo
615177 [main] INFO utilities.listener.WebEventListener  - Before Finding element: By.cssSelector: input#txtBilledTo
2022-01-31/12:18:04.430  INFO: listener.WebEventListener - Before Finding element: By.cssSelector: input#txtBilledTo
615460 [main] INFO utilities.listener.WebEventListener  - Before Finding element: By.cssSelector: input#txtBilledTo
615460 [main] INFO utilities.listener.WebEventListener  - Before Finding element: By.cssSelector: input#txtBilledTo
2022-01-31/12:18:04.710  INFO: listener.WebEventListener - Before Finding element: By.cssSelector: input#txtBilledTo
615740 [main] INFO utilities.listener.WebEventListener  - Before Finding element: By.cssSelector: input#txtBilledTo
615740 [main] INFO utilities.listener.WebEventListener  - Before Finding element: By.cssSelector: input#txtBilledTo
2022-01-31/12:18:04.990  INFO: listener.WebEventListener - Before Finding element: By.cssSelector: input#txtBilledTo
616020 [main] INFO utilities.listener.WebEventListener  - Before Finding element: By.cssSelector: input#txtBilledTo
616020 [main] INFO utilities.listener.WebEventListener  - Before Finding element: By.cssSelector: input#txtBilledTo
2022-01-31/12:18:05.272  INFO: listener.WebEventListener - Before Finding element: By.cssSelector: input#txtBilledTo
616302 [main] INFO utilities.listener.WebEventListener  - Before Finding element: By.cssSelector: input#txtBilledTo
616302 [main] INFO utilities.listener.WebEventListener  - Before Finding element: By.cssSelector: input#txtBilledTo
2022-01-31/12:18:05.555  INFO: listener.WebEventListener - Before Finding element: By.cssSelector: input#txtBilledTo
616585 [main] INFO utilities.listener.WebEventListener  - Before Finding element: By.cssSelector: input#txtBilledTo
616585 [main] INFO utilities.listener.WebEventListener  - Before Finding element: By.cssSelector: input#txtBilledTo
2022-01-31/12:18:05.838  INFO: listener.WebEventListener - Before Finding element: By.cssSelector: input#txtBilledTo
616868 [main] INFO utilities.listener.WebEventListener  - Before Finding element: By.cssSelector: input#txtBilledTo
616868 [main] INFO utilities.listener.WebEventListener  - Before Finding element: By.cssSelector: input#txtBilledTo
2022-01-31/12:18:06.121  INFO: listener.WebEventListener - Before Finding element: By.cssSelector: input#txtBilledTo
617151 [main] INFO utilities.listener.WebEventListener  - Before Finding element: By.cssSelector: input#txtBilledTo
617151 [main] INFO utilities.listener.WebEventListener  - Before Finding element: By.cssSelector: input#txtBilledTo
2022-01-31/12:18:06.419  INFO: listener.WebEventListener - Before Finding element: By.cssSelector: input#txtBilledTo
617449 [main] INFO utilities.listener.WebEventListener  - Before Finding element: By.cssSelector: input#txtBilledTo
617449 [main] INFO utilities.listener.WebEventListener  - Before Finding element: By.cssSelector: input#txtBilledTo
2022-01-31/12:18:06.715  INFO: listener.WebEventListener - Before Finding element: By.cssSelector: input#txtBilledTo
617745 [main] INFO utilities.listener.WebEventListener  - Before Finding element: By.cssSelector: input#txtBilledTo
617745 [main] INFO utilities.listener.WebEventListener  - Before Finding element: By.cssSelector: input#txtBilledTo
2022-01-31/12:18:06.997  INFO: listener.WebEventListener - Before Finding element: By.cssSelector: input#txtBilledTo
618027 [main] INFO utilities.listener.WebEventListener  - Before Finding element: By.cssSelector: input#txtBilledTo
618027 [main] INFO utilities.listener.WebEventListener  - Before Finding element: By.cssSelector: input#txtBilledTo
2022-01-31/12:18:07.276  INFO: listener.WebEventListener - Before Finding element: By.cssSelector: input#txtBilledTo
618306 [main] INFO utilities.listener.WebEventListener  - Before Finding element: By.cssSelector: input#txtBilledTo
618306 [main] INFO utilities.listener.WebEventListener  - Before Finding element: By.cssSelector: input#txtBilledTo
2022-01-31/12:18:07.573  INFO: listener.WebEventListener - Before Finding element: By.cssSelector: input#txtBilledTo
618603 [main] INFO utilities.listener.WebEventListener  - Before Finding element: By.cssSelector: input#txtBilledTo
618603 [main] INFO utilities.listener.WebEventListener  - Before Finding element: By.cssSelector: input#txtBilledTo
2022-01-31/12:18:07.868  INFO: listener.WebEventListener - Before Finding element: By.cssSelector: input#txtBilledTo
618898 [main] INFO utilities.listener.WebEventListener  - Before Finding element: By.cssSelector: input#txtBilledTo
618898 [main] INFO utilities.listener.WebEventListener  - Before Finding element: By.cssSelector: input#txtBilledTo
2022-01-31/12:18:08.147  INFO: listener.WebEventListener - Before Finding element: By.cssSelector: input#txtBilledTo
619177 [main] INFO utilities.listener.WebEventListener  - Before Finding element: By.cssSelector: input#txtBilledTo
619177 [main] INFO utilities.listener.WebEventListener  - Before Finding element: By.cssSelector: input#txtBilledTo
2022-01-31/12:18:08.426  INFO: listener.WebEventListener - Before Finding element: By.cssSelector: input#txtBilledTo
619456 [main] INFO utilities.listener.WebEventListener  - Before Finding element: By.cssSelector: input#txtBilledTo
619456 [main] INFO utilities.listener.WebEventListener  - Before Finding element: By.cssSelector: input#txtBilledTo
2022-01-31/12:18:08.721  INFO: listener.WebEventListener - Before Finding element: By.cssSelector: input#txtBilledTo
619751 [main] INFO utilities.listener.WebEventListener  - Before Finding element: By.cssSelector: input#txtBilledTo
619751 [main] INFO utilities.listener.WebEventListener  - Before Finding element: By.cssSelector: input#txtBilledTo
2022-01-31/12:18:09.002  INFO: listener.WebEventListener - Before Finding element: By.cssSelector: input#txtBilledTo
620032 [main] INFO utilities.listener.WebEventListener  - Before Finding element: By.cssSelector: input#txtBilledTo
620032 [main] INFO utilities.listener.WebEventListener  - Before Finding element: By.cssSelector: input#txtBilledTo
2022-01-31/12:18:09.285  INFO: listener.WebEventListener - Before Finding element: By.cssSelector: input#txtBilledTo
620315 [main] INFO utilities.listener.WebEventListener  - Before Finding element: By.cssSelector: input#txtBilledTo
620315 [main] INFO utilities.listener.WebEventListener  - Before Finding element: By.cssSelector: input#txtBilledTo
2022-01-31/12:18:09.565  INFO: listener.WebEventListener - Before Finding element: By.cssSelector: input#txtBilledTo
620595 [main] INFO utilities.listener.WebEventListener  - Before Finding element: By.cssSelector: input#txtBilledTo
620595 [main] INFO utilities.listener.WebEventListener  - Before Finding element: By.cssSelector: input#txtBilledTo
2022-01-31/12:18:09.846  INFO: listener.WebEventListener - Before Finding element: By.cssSelector: input#txtBilledTo
620876 [main] INFO utilities.listener.WebEventListener  - Before Finding element: By.cssSelector: input#txtBilledTo
620876 [main] INFO utilities.listener.WebEventListener  - Before Finding element: By.cssSelector: input#txtBilledTo
2022-01-31/12:18:10.142  INFO: listener.WebEventListener - Before Finding element: By.cssSelector: input#txtBilledTo
621172 [main] INFO utilities.listener.WebEventListener  - Before Finding element: By.cssSelector: input#txtBilledTo
621172 [main] INFO utilities.listener.WebEventListener  - Before Finding element: By.cssSelector: input#txtBilledTo
2022-01-31/12:18:10.423  INFO: listener.WebEventListener - Before Finding element: By.cssSelector: input#txtBilledTo
621453 [main] INFO utilities.listener.WebEventListener  - Before Finding element: By.cssSelector: input#txtBilledTo
621453 [main] INFO utilities.listener.WebEventListener  - Before Finding element: By.cssSelector: input#txtBilledTo
2022-01-31/12:18:10.700  INFO: listener.WebEventListener - Before Finding element: By.cssSelector: input#txtBilledTo
621730 [main] INFO utilities.listener.WebEventListener  - Before Finding element: By.cssSelector: input#txtBilledTo
621730 [main] INFO utilities.listener.WebEventListener  - Before Finding element: By.cssSelector: input#txtBilledTo
2022-01-31/12:18:10.996  INFO: listener.WebEventListener - Before Finding element: By.cssSelector: input#txtBilledTo
622026 [main] INFO utilities.listener.WebEventListener  - Before Finding element: By.cssSelector: input#txtBilledTo
622026 [main] INFO utilities.listener.WebEventListener  - Before Finding element: By.cssSelector: input#txtBilledTo
2022-01-31/12:18:11.291  INFO: listener.WebEventListener - Before Finding element: By.cssSelector: input#txtBilledTo
622321 [main] INFO utilities.listener.WebEventListener  - Before Finding element: By.cssSelector: input#txtBilledTo
622321 [main] INFO utilities.listener.WebEventListener  - Before Finding element: By.cssSelector: input#txtBilledTo
2022-01-31/12:18:11.571  INFO: listener.WebEventListener - Before Finding element: By.cssSelector: input#txtBilledTo
622601 [main] INFO utilities.listener.WebEventListener  - Before Finding element: By.cssSelector: input#txtBilledTo
622601 [main] INFO utilities.listener.WebEventListener  - Before Finding element: By.cssSelector: input#txtBilledTo
2022-01-31/12:18:11.852  INFO: listener.WebEventListener - Before Finding element: By.cssSelector: input#txtBilledTo
622882 [main] INFO utilities.listener.WebEventListener  - Before Finding element: By.cssSelector: input#txtBilledTo
622882 [main] INFO utilities.listener.WebEventListener  - Before Finding element: By.cssSelector: input#txtBilledTo
2022-01-31/12:18:12.131  INFO: listener.WebEventListener - Before Finding element: By.cssSelector: input#txtBilledTo
623161 [main] INFO utilities.listener.WebEventListener  - Before Finding element: By.cssSelector: input#txtBilledTo
623161 [main] INFO utilities.listener.WebEventListener  - Before Finding element: By.cssSelector: input#txtBilledTo
2022-01-31/12:18:12.416  INFO: listener.WebEventListener - Before Finding element: By.cssSelector: input#txtBilledTo
623446 [main] INFO utilities.listener.WebEventListener  - Before Finding element: By.cssSelector: input#txtBilledTo
623446 [main] INFO utilities.listener.WebEventListener  - Before Finding element: By.cssSelector: input#txtBilledTo
2022-01-31/12:18:12.698  INFO: listener.WebEventListener - Before Finding element: By.cssSelector: input#txtBilledTo
623728 [main] INFO utilities.listener.WebEventListener  - Before Finding element: By.cssSelector: input#txtBilledTo
623728 [main] INFO utilities.listener.WebEventListener  - Before Finding element: By.cssSelector: input#txtBilledTo
2022-01-31/12:18:12.977  INFO: listener.WebEventListener - Before Finding element: By.cssSelector: input#txtBilledTo
624007 [main] INFO utilities.listener.WebEventListener  - Before Finding element: By.cssSelector: input#txtBilledTo
624007 [main] INFO utilities.listener.WebEventListener  - Before Finding element: By.cssSelector: input#txtBilledTo
2022-01-31/12:18:13.273  INFO: listener.WebEventListener - Before Finding element: By.cssSelector: input#txtBilledTo
624303 [main] INFO utilities.listener.WebEventListener  - Before Finding element: By.cssSelector: input#txtBilledTo
624303 [main] INFO utilities.listener.WebEventListener  - Before Finding element: By.cssSelector: input#txtBilledTo
2022-01-31/12:18:13.552  INFO: listener.WebEventListener - Before Finding element: By.cssSelector: input#txtBilledTo
624582 [main] INFO utilities.listener.WebEventListener  - Before Finding element: By.cssSelector: input#txtBilledTo
624582 [main] INFO utilities.listener.WebEventListener  - Before Finding element: By.cssSelector: input#txtBilledTo
2022-01-31/12:18:13.832  INFO: listener.WebEventListener - Before Finding element: By.cssSelector: input#txtBilledTo
624862 [main] INFO utilities.listener.WebEventListener  - Before Finding element: By.cssSelector: input#txtBilledTo
624862 [main] INFO utilities.listener.WebEventListener  - Before Finding element: By.cssSelector: input#txtBilledTo
2022-01-31/12:18:14.178  INFO: listener.WebEventListener - Before Finding element: By.cssSelector: input#txtBilledTo
625208 [main] INFO utilities.listener.WebEventListener  - Before Finding element: By.cssSelector: input#txtBilledTo
625208 [main] INFO utilities.listener.WebEventListener  - Before Finding element: By.cssSelector: input#txtBilledTo
2022-01-31/12:18:14.474  INFO: listener.WebEventListener - Before Finding element: By.cssSelector: input#txtBilledTo
625504 [main] INFO utilities.listener.WebEventListener  - Before Finding element: By.cssSelector: input#txtBilledTo
625504 [main] INFO utilities.listener.WebEventListener  - Before Finding element: By.cssSelector: input#txtBilledTo
2022-01-31/12:18:14.757  INFO: listener.WebEventListener - Before Finding element: By.cssSelector: input#txtBilledTo
625787 [main] INFO utilities.listener.WebEventListener  - Before Finding element: By.cssSelector: input#txtBilledTo
625787 [main] INFO utilities.listener.WebEventListener  - Before Finding element: By.cssSelector: input#txtBilledTo
2022-01-31/12:18:15.037  INFO: listener.WebEventListener - Before Finding element: By.cssSelector: input#txtBilledTo
626067 [main] INFO utilities.listener.WebEventListener  - Before Finding element: By.cssSelector: input#txtBilledTo
626067 [main] INFO utilities.listener.WebEventListener  - Before Finding element: By.cssSelector: input#txtBilledTo
2022-01-31/12:18:15.318  INFO: listener.WebEventListener - Before Finding element: By.cssSelector: input#txtBilledTo
626348 [main] INFO utilities.listener.WebEventListener  - Before Finding element: By.cssSelector: input#txtBilledTo
626348 [main] INFO utilities.listener.WebEventListener  - Before Finding element: By.cssSelector: input#txtBilledTo
2022-01-31/12:18:15.613  INFO: listener.WebEventListener - Before Finding element: By.cssSelector: input#txtBilledTo
626643 [main] INFO utilities.listener.WebEventListener  - Before Finding element: By.cssSelector: input#txtBilledTo
626643 [main] INFO utilities.listener.WebEventListener  - Before Finding element: By.cssSelector: input#txtBilledTo
2022-01-31/12:18:15.897  INFO: listener.WebEventListener - Before Finding element: By.cssSelector: input#txtBilledTo
626927 [main] INFO utilities.listener.WebEventListener  - Before Finding element: By.cssSelector: input#txtBilledTo
626927 [main] INFO utilities.listener.WebEventListener  - Before Finding element: By.cssSelector: input#txtBilledTo
2022-01-31/12:18:16.180  INFO: listener.WebEventListener - Before Finding element: By.cssSelector: input#txtBilledTo
627210 [main] INFO utilities.listener.WebEventListener  - Before Finding element: By.cssSelector: input#txtBilledTo
627210 [main] INFO utilities.listener.WebEventListener  - Before Finding element: By.cssSelector: input#txtBilledTo
2022-01-31/12:18:16.459  INFO: listener.WebEventListener - Before Finding element: By.cssSelector: input#txtBilledTo
627489 [main] INFO utilities.listener.WebEventListener  - Before Finding element: By.cssSelector: input#txtBilledTo
627489 [main] INFO utilities.listener.WebEventListener  - Before Finding element: By.cssSelector: input#txtBilledTo
2022-01-31/12:18:16.742  INFO: listener.WebEventListener - Before Finding element: By.cssSelector: input#txtBilledTo
627772 [main] INFO utilities.listener.WebEventListener  - Before Finding element: By.cssSelector: input#txtBilledTo
627772 [main] INFO utilities.listener.WebEventListener  - Before Finding element: By.cssSelector: input#txtBilledTo
2022-01-31/12:18:17.021  INFO: listener.WebEventListener - Before Finding element: By.cssSelector: input#txtBilledTo
628051 [main] INFO utilities.listener.WebEventListener  - Before Finding element: By.cssSelector: input#txtBilledTo
628051 [main] INFO utilities.listener.WebEventListener  - Before Finding element: By.cssSelector: input#txtBilledTo
2022-01-31/12:18:17.304  INFO: listener.WebEventListener - Before Finding element: By.cssSelector: input#txtBilledTo
628334 [main] INFO utilities.listener.WebEventListener  - Before Finding element: By.cssSelector: input#txtBilledTo
628334 [main] INFO utilities.listener.WebEventListener  - Before Finding element: By.cssSelector: input#txtBilledTo
2022-01-31/12:18:17.588  INFO: listener.WebEventListener - Before Finding element: By.cssSelector: input#txtBilledTo
628618 [main] INFO utilities.listener.WebEventListener  - Before Finding element: By.cssSelector: input#txtBilledTo
628618 [main] INFO utilities.listener.WebEventListener  - Before Finding element: By.cssSelector: input#txtBilledTo
2022-01-31/12:18:17.868  INFO: listener.WebEventListener - Before Finding element: By.cssSelector: input#txtBilledTo
628898 [main] INFO utilities.listener.WebEventListener  - Before Finding element: By.cssSelector: input#txtBilledTo
628898 [main] INFO utilities.listener.WebEventListener  - Before Finding element: By.cssSelector: input#txtBilledTo
2022-01-31/12:18:18.148  INFO: listener.WebEventListener - Before Finding element: By.cssSelector: input#txtBilledTo
629178 [main] INFO utilities.listener.WebEventListener  - Before Finding element: By.cssSelector: input#txtBilledTo
629178 [main] INFO utilities.listener.WebEventListener  - Before Finding element: By.cssSelector: input#txtBilledTo
2022-01-31/12:18:18.429  INFO: listener.WebEventListener - Before Finding element: By.cssSelector: input#txtBilledTo
629459 [main] INFO utilities.listener.WebEventListener  - Before Finding element: By.cssSelector: input#txtBilledTo
629459 [main] INFO utilities.listener.WebEventListener  - Before Finding element: By.cssSelector: input#txtBilledTo
2022-01-31/12:18:18.731  INFO: listener.WebEventListener - Before Finding element: By.cssSelector: input#txtBilledTo
629761 [main] INFO utilities.listener.WebEventListener  - Before Finding element: By.cssSelector: input#txtBilledTo
629761 [main] INFO utilities.listener.WebEventListener  - Before Finding element: By.cssSelector: input#txtBilledTo
2022-01-31/12:18:19.103  INFO: listener.WebEventListener - Before Finding element: By.cssSelector: input#txtBilledTo
630133 [main] INFO utilities.listener.WebEventListener  - Before Finding element: By.cssSelector: input#txtBilledTo
630133 [main] INFO utilities.listener.WebEventListener  - Before Finding element: By.cssSelector: input#txtBilledTo
2022-01-31/12:18:19.446  INFO: listener.WebEventListener - Before Finding element: By.cssSelector: input#txtBilledTo
630476 [main] INFO utilities.listener.WebEventListener  - Before Finding element: By.cssSelector: input#txtBilledTo
630476 [main] INFO utilities.listener.WebEventListener  - Before Finding element: By.cssSelector: input#txtBilledTo
2022-01-31/12:18:19.726  INFO: listener.WebEventListener - Before Finding element: By.cssSelector: input#txtBilledTo
630756 [main] INFO utilities.listener.WebEventListener  - Before Finding element: By.cssSelector: input#txtBilledTo
630756 [main] INFO utilities.listener.WebEventListener  - Before Finding element: By.cssSelector: input#txtBilledTo
2022-01-31/12:18:20.006  INFO: listener.WebEventListener - Before Finding element: By.cssSelector: input#txtBilledTo
631036 [main] INFO utilities.listener.WebEventListener  - Before Finding element: By.cssSelector: input#txtBilledTo
631036 [main] INFO utilities.listener.WebEventListener  - Before Finding element: By.cssSelector: input#txtBilledTo
2022-01-31/12:18:20.343  INFO: listener.WebEventListener - Before Finding element: By.cssSelector: input#txtBilledTo
631373 [main] INFO utilities.listener.WebEventListener  - Before Finding element: By.cssSelector: input#txtBilledTo
631373 [main] INFO utilities.listener.WebEventListener  - Before Finding element: By.cssSelector: input#txtBilledTo
2022-01-31/12:18:20.786  INFO: listener.WebEventListener - Before Finding element: By.cssSelector: input#txtBilledTo
631816 [main] INFO utilities.listener.WebEventListener  - Before Finding element: By.cssSelector: input#txtBilledTo
631816 [main] INFO utilities.listener.WebEventListener  - Before Finding element: By.cssSelector: input#txtBilledTo
2022-01-31/12:18:21.123  INFO: listener.WebEventListener - Before Finding element: By.cssSelector: input#txtBilledTo
632153 [main] INFO utilities.listener.WebEventListener  - Before Finding element: By.cssSelector: input#txtBilledTo
632153 [main] INFO utilities.listener.WebEventListener  - Before Finding element: By.cssSelector: input#txtBilledTo
2022-01-31/12:18:21.403  INFO: listener.WebEventListener - Before Finding element: By.cssSelector: input#txtBilledTo
632433 [main] INFO utilities.listener.WebEventListener  - Before Finding element: By.cssSelector: input#txtBilledTo
632433 [main] INFO utilities.listener.WebEventListener  - Before Finding element: By.cssSelector: input#txtBilledTo
2022-01-31/12:18:21.682  INFO: listener.WebEventListener - Before Finding element: By.cssSelector: input#txtBilledTo
632712 [main] INFO utilities.listener.WebEventListener  - Before Finding element: By.cssSelector: input#txtBilledTo
632712 [main] INFO utilities.listener.WebEventListener  - Before Finding element: By.cssSelector: input#txtBilledTo
2022-01-31/12:18:21.980  INFO: listener.WebEventListener - Before Finding element: By.cssSelector: input#txtBilledTo
633010 [main] INFO utilities.listener.WebEventListener  - Before Finding element: By.cssSelector: input#txtBilledTo
633010 [main] INFO utilities.listener.WebEventListener  - Before Finding element: By.cssSelector: input#txtBilledTo
2022-01-31/12:18:22.260  INFO: listener.WebEventListener - Before Finding element: By.cssSelector: input#txtBilledTo
633290 [main] INFO utilities.listener.WebEventListener  - Before Finding element: By.cssSelector: input#txtBilledTo
633290 [main] INFO utilities.listener.WebEventListener  - Before Finding element: By.cssSelector: input#txtBilledTo
2022-01-31/12:18:22.555  INFO: listener.WebEventListener - Before Finding element: By.cssSelector: input#txtBilledTo
633585 [main] INFO utilities.listener.WebEventListener  - Before Finding element: By.cssSelector: input#txtBilledTo
633585 [main] INFO utilities.listener.WebEventListener  - Before Finding element: By.cssSelector: input#txtBilledTo
2022-01-31/12:18:22.833  INFO: listener.WebEventListener - Before Finding element: By.cssSelector: input#txtBilledTo
633863 [main] INFO utilities.listener.WebEventListener  - Before Finding element: By.cssSelector: input#txtBilledTo
633863 [main] INFO utilities.listener.WebEventListener  - Before Finding element: By.cssSelector: input#txtBilledTo
2022-01-31/12:18:23.111  INFO: listener.WebEventListener - Before Finding element: By.cssSelector: input#txtBilledTo
634141 [main] INFO utilities.listener.WebEventListener  - Before Finding element: By.cssSelector: input#txtBilledTo
634141 [main] INFO utilities.listener.WebEventListener  - Before Finding element: By.cssSelector: input#txtBilledTo
2022-01-31/12:18:23.387  INFO: listener.WebEventListener - Before Finding element: By.cssSelector: input#txtBilledTo
634417 [main] INFO utilities.listener.WebEventListener  - Before Finding element: By.cssSelector: input#txtBilledTo
634417 [main] INFO utilities.listener.WebEventListener  - Before Finding element: By.cssSelector: input#txtBilledTo
2022-01-31/12:18:23.670  INFO: listener.WebEventListener - Before Finding element: By.cssSelector: input#txtBilledTo
634700 [main] INFO utilities.listener.WebEventListener  - Before Finding element: By.cssSelector: input#txtBilledTo
634700 [main] INFO utilities.listener.WebEventListener  - Before Finding element: By.cssSelector: input#txtBilledTo
2022-01-31/12:18:23.975  INFO: listener.WebEventListener - Before Finding element: By.cssSelector: input#txtBilledTo
635005 [main] INFO utilities.listener.WebEventListener  - Before Finding element: By.cssSelector: input#txtBilledTo
635005 [main] INFO utilities.listener.WebEventListener  - Before Finding element: By.cssSelector: input#txtBilledTo
2022-01-31/12:18:24.246  INFO: listener.WebEventListener - Before Finding element: By.cssSelector: input#txtBilledTo
635276 [main] INFO utilities.listener.WebEventListener  - Before Finding element: By.cssSelector: input#txtBilledTo
635276 [main] INFO utilities.listener.WebEventListener  - Before Finding element: By.cssSelector: input#txtBilledTo
2022-01-31/12:18:24.525  INFO: listener.WebEventListener - Before Finding element: By.cssSelector: input#txtBilledTo
635555 [main] INFO utilities.listener.WebEventListener  - Before Finding element: By.cssSelector: input#txtBilledTo
635555 [main] INFO utilities.listener.WebEventListener  - Before Finding element: By.cssSelector: input#txtBilledTo
2022-01-31/12:18:24.816  INFO: listener.WebEventListener - Before Finding element: By.cssSelector: input#txtBilledTo
635846 [main] INFO utilities.listener.WebEventListener  - Before Finding element: By.cssSelector: input#txtBilledTo
635846 [main] INFO utilities.listener.WebEventListener  - Before Finding element: By.cssSelector: input#txtBilledTo
2022-01-31/12:18:25.102  INFO: listener.WebEventListener - Before Finding element: By.cssSelector: input#txtBilledTo
636132 [main] INFO utilities.listener.WebEventListener  - Before Finding element: By.cssSelector: input#txtBilledTo
636132 [main] INFO utilities.listener.WebEventListener  - Before Finding element: By.cssSelector: input#txtBilledTo
2022-01-31/12:18:25.399  INFO: listener.WebEventListener - Before Finding element: By.cssSelector: input#txtBilledTo
636429 [main] INFO utilities.listener.WebEventListener  - Before Finding element: By.cssSelector: input#txtBilledTo
636429 [main] INFO utilities.listener.WebEventListener  - Before Finding element: By.cssSelector: input#txtBilledTo
2022-01-31/12:18:25.679  INFO: listener.WebEventListener - Before Finding element: By.cssSelector: input#txtBilledTo
636709 [main] INFO utilities.listener.WebEventListener  - Before Finding element: By.cssSelector: input#txtBilledTo
636709 [main] INFO utilities.listener.WebEventListener  - Before Finding element: By.cssSelector: input#txtBilledTo
2022-01-31/12:18:25.960  INFO: listener.WebEventListener - Before Finding element: By.cssSelector: input#txtBilledTo
636990 [main] INFO utilities.listener.WebEventListener  - Before Finding element: By.cssSelector: input#txtBilledTo
636990 [main] INFO utilities.listener.WebEventListener  - Before Finding element: By.cssSelector: input#txtBilledTo
2022-01-31/12:18:26.237  INFO: listener.WebEventListener - Before Finding element: By.cssSelector: input#txtBilledTo
637267 [main] INFO utilities.listener.WebEventListener  - Before Finding element: By.cssSelector: input#txtBilledTo
637267 [main] INFO utilities.listener.WebEventListener  - Before Finding element: By.cssSelector: input#txtBilledTo
2022-01-31/12:18:26.518  INFO: listener.WebEventListener - Before Finding element: By.cssSelector: input#txtBilledTo
637548 [main] INFO utilities.listener.WebEventListener  - Before Finding element: By.cssSelector: input#txtBilledTo
637548 [main] INFO utilities.listener.WebEventListener  - Before Finding element: By.cssSelector: input#txtBilledTo
2022-01-31/12:18:26.799  INFO: listener.WebEventListener - Before Finding element: By.cssSelector: input#txtBilledTo
637829 [main] INFO utilities.listener.WebEventListener  - Before Finding element: By.cssSelector: input#txtBilledTo
637829 [main] INFO utilities.listener.WebEventListener  - Before Finding element: By.cssSelector: input#txtBilledTo
2022-01-31/12:18:27.094  INFO: listener.WebEventListener - Before Finding element: By.cssSelector: input#txtBilledTo
638124 [main] INFO utilities.listener.WebEventListener  - Before Finding element: By.cssSelector: input#txtBilledTo
638124 [main] INFO utilities.listener.WebEventListener  - Before Finding element: By.cssSelector: input#txtBilledTo
2022-01-31/12:18:27.375  INFO: listener.WebEventListener - Before Finding element: By.cssSelector: input#txtBilledTo
638405 [main] INFO utilities.listener.WebEventListener  - Before Finding element: By.cssSelector: input#txtBilledTo
638405 [main] INFO utilities.listener.WebEventListener  - Before Finding element: By.cssSelector: input#txtBilledTo
2022-01-31/12:18:27.655  INFO: listener.WebEventListener - Before Finding element: By.cssSelector: input#txtBilledTo
638685 [main] INFO utilities.listener.WebEventListener  - Before Finding element: By.cssSelector: input#txtBilledTo
638685 [main] INFO utilities.listener.WebEventListener  - Before Finding element: By.cssSelector: input#txtBilledTo
2022-01-31/12:18:27.936  INFO: listener.WebEventListener - Before Finding element: By.cssSelector: input#txtBilledTo
638966 [main] INFO utilities.listener.WebEventListener  - Before Finding element: By.cssSelector: input#txtBilledTo
638966 [main] INFO utilities.listener.WebEventListener  - Before Finding element: By.cssSelector: input#txtBilledTo
2022-01-31/12:18:28.217  INFO: listener.WebEventListener - Before Finding element: By.cssSelector: input#txtBilledTo
639247 [main] INFO utilities.listener.WebEventListener  - Before Finding element: By.cssSelector: input#txtBilledTo
639247 [main] INFO utilities.listener.WebEventListener  - Before Finding element: By.cssSelector: input#txtBilledTo
2022-01-31/12:18:28.620  INFO: listener.WebEventListener - Before Finding element: By.cssSelector: input#txtBilledTo
639650 [main] INFO utilities.listener.WebEventListener  - Before Finding element: By.cssSelector: input#txtBilledTo
639650 [main] INFO utilities.listener.WebEventListener  - Before Finding element: By.cssSelector: input#txtBilledTo
2022-01-31/12:18:28.901  INFO: listener.WebEventListener - Before Finding element: By.cssSelector: input#txtBilledTo
639931 [main] INFO utilities.listener.WebEventListener  - Before Finding element: By.cssSelector: input#txtBilledTo
639931 [main] INFO utilities.listener.WebEventListener  - Before Finding element: By.cssSelector: input#txtBilledTo
2022-01-31/12:18:29.182  INFO: listener.WebEventListener - Before Finding element: By.cssSelector: input#txtBilledTo
640212 [main] INFO utilities.listener.WebEventListener  - Before Finding element: By.cssSelector: input#txtBilledTo
640212 [main] INFO utilities.listener.WebEventListener  - Before Finding element: By.cssSelector: input#txtBilledTo
2022-01-31/12:18:29.462  INFO: listener.WebEventListener - Before Finding element: By.cssSelector: input#txtBilledTo
640492 [main] INFO utilities.listener.WebEventListener  - Before Finding element: By.cssSelector: input#txtBilledTo
640492 [main] INFO utilities.listener.WebEventListener  - Before Finding element: By.cssSelector: input#txtBilledTo
2022-01-31/12:18:29.760  INFO: listener.WebEventListener - Before Finding element: By.cssSelector: input#txtBilledTo
640790 [main] INFO utilities.listener.WebEventListener  - Before Finding element: By.cssSelector: input#txtBilledTo
640790 [main] INFO utilities.listener.WebEventListener  - Before Finding element: By.cssSelector: input#txtBilledTo
2022-01-31/12:18:30.055  INFO: listener.WebEventListener - Before Finding element: By.cssSelector: input#txtBilledTo
641085 [main] INFO utilities.listener.WebEventListener  - Before Finding element: By.cssSelector: input#txtBilledTo
641085 [main] INFO utilities.listener.WebEventListener  - Before Finding element: By.cssSelector: input#txtBilledTo
2022-01-31/12:18:30.349  INFO: listener.WebEventListener - Before Finding element: By.cssSelector: input#txtBilledTo
641379 [main] INFO utilities.listener.WebEventListener  - Before Finding element: By.cssSelector: input#txtBilledTo
641379 [main] INFO utilities.listener.WebEventListener  - Before Finding element: By.cssSelector: input#txtBilledTo
2022-01-31/12:18:30.645  INFO: listener.WebEventListener - Before Finding element: By.cssSelector: input#txtBilledTo
641675 [main] INFO utilities.listener.WebEventListener  - Before Finding element: By.cssSelector: input#txtBilledTo
641675 [main] INFO utilities.listener.WebEventListener  - Before Finding element: By.cssSelector: input#txtBilledTo
2022-01-31/12:18:30.928  INFO: listener.WebEventListener - Before Finding element: By.cssSelector: input#txtBilledTo
641958 [main] INFO utilities.listener.WebEventListener  - Before Finding element: By.cssSelector: input#txtBilledTo
641958 [main] INFO utilities.listener.WebEventListener  - Before Finding element: By.cssSelector: input#txtBilledTo
2022-01-31/12:18:31.254  INFO: listener.WebEventListener - Before Finding element: By.cssSelector: input#txtBilledTo
642284 [main] INFO utilities.listener.WebEventListener  - Before Finding element: By.cssSelector: input#txtBilledTo
642284 [main] INFO utilities.listener.WebEventListener  - Before Finding element: By.cssSelector: input#txtBilledTo
2022-01-31/12:18:31.535  INFO: listener.WebEventListener - Before Finding element: By.cssSelector: input#txtBilledTo
642565 [main] INFO utilities.listener.WebEventListener  - Before Finding element: By.cssSelector: input#txtBilledTo
642565 [main] INFO utilities.listener.WebEventListener  - Before Finding element: By.cssSelector: input#txtBilledTo
2022-01-31/12:18:31.832  INFO: listener.WebEventListener - Before Finding element: By.cssSelector: input#txtBilledTo
642862 [main] INFO utilities.listener.WebEventListener  - Before Finding element: By.cssSelector: input#txtBilledTo
642862 [main] INFO utilities.listener.WebEventListener  - Before Finding element: By.cssSelector: input#txtBilledTo
2022-01-31/12:18:32.115  INFO: listener.WebEventListener - Before Finding element: By.cssSelector: input#txtBilledTo
643145 [main] INFO utilities.listener.WebEventListener  - Before Finding element: By.cssSelector: input#txtBilledTo
643145 [main] INFO utilities.listener.WebEventListener  - Before Finding element: By.cssSelector: input#txtBilledTo
2022-01-31/12:18:32.401  INFO: listener.WebEventListener - Before Finding element: By.cssSelector: input#txtBilledTo
643431 [main] INFO utilities.listener.WebEventListener  - Before Finding element: By.cssSelector: input#txtBilledTo
643431 [main] INFO utilities.listener.WebEventListener  - Before Finding element: By.cssSelector: input#txtBilledTo
2022-01-31/12:18:32.682  INFO: listener.WebEventListener - Before Finding element: By.cssSelector: input#txtBilledTo
643712 [main] INFO utilities.listener.WebEventListener  - Before Finding element: By.cssSelector: input#txtBilledTo
643712 [main] INFO utilities.listener.WebEventListener  - Before Finding element: By.cssSelector: input#txtBilledTo
2022-01-31/12:18:32.980  INFO: listener.WebEventListener - Before Finding element: By.cssSelector: input#txtBilledTo
644010 [main] INFO utilities.listener.WebEventListener  - Before Finding element: By.cssSelector: input#txtBilledTo
644010 [main] INFO utilities.listener.WebEventListener  - Before Finding element: By.cssSelector: input#txtBilledTo
2022-01-31/12:18:33.264  INFO: listener.WebEventListener - Before Finding element: By.cssSelector: input#txtBilledTo
644294 [main] INFO utilities.listener.WebEventListener  - Before Finding element: By.cssSelector: input#txtBilledTo
644294 [main] INFO utilities.listener.WebEventListener  - Before Finding element: By.cssSelector: input#txtBilledTo
2022-01-31/12:18:33.544  INFO: listener.WebEventListener - Before Finding element: By.cssSelector: input#txtBilledTo
644574 [main] INFO utilities.listener.WebEventListener  - Before Finding element: By.cssSelector: input#txtBilledTo
644574 [main] INFO utilities.listener.WebEventListener  - Before Finding element: By.cssSelector: input#txtBilledTo
2022-01-31/12:18:33.842  INFO: listener.WebEventListener - Before Finding element: By.cssSelector: input#txtBilledTo
644872 [main] INFO utilities.listener.WebEventListener  - Before Finding element: By.cssSelector: input#txtBilledTo
644872 [main] INFO utilities.listener.WebEventListener  - Before Finding element: By.cssSelector: input#txtBilledTo
2022-01-31/12:18:34.129  INFO: listener.WebEventListener - Before Finding element: By.cssSelector: input#txtBilledTo
645159 [main] INFO utilities.listener.WebEventListener  - Before Finding element: By.cssSelector: input#txtBilledTo
645159 [main] INFO utilities.listener.WebEventListener  - Before Finding element: By.cssSelector: input#txtBilledTo
2022-01-31/12:18:34.447  INFO: listener.WebEventListener - Before Finding element: By.cssSelector: input#txtBilledTo
645477 [main] INFO utilities.listener.WebEventListener  - Before Finding element: By.cssSelector: input#txtBilledTo
645477 [main] INFO utilities.listener.WebEventListener  - Before Finding element: By.cssSelector: input#txtBilledTo
2022-01-31/12:18:34.728  INFO: listener.WebEventListener - Before Finding element: By.cssSelector: input#txtBilledTo
645758 [main] INFO utilities.listener.WebEventListener  - Before Finding element: By.cssSelector: input#txtBilledTo
645758 [main] INFO utilities.listener.WebEventListener  - Before Finding element: By.cssSelector: input#txtBilledTo
2022-01-31/12:18:35.006  INFO: listener.WebEventListener - Before Finding element: By.cssSelector: input#txtBilledTo
646036 [main] INFO utilities.listener.WebEventListener  - Before Finding element: By.cssSelector: input#txtBilledTo
646036 [main] INFO utilities.listener.WebEventListener  - Before Finding element: By.cssSelector: input#txtBilledTo
2022-01-31/12:18:35.285  INFO: listener.WebEventListener - Before Finding element: By.cssSelector: input#txtBilledTo
646315 [main] INFO utilities.listener.WebEventListener  - Before Finding element: By.cssSelector: input#txtBilledTo
646315 [main] INFO utilities.listener.WebEventListener  - Before Finding element: By.cssSelector: input#txtBilledTo
2022-01-31/12:18:35.564  INFO: listener.WebEventListener - Before Finding element: By.cssSelector: input#txtBilledTo
646594 [main] INFO utilities.listener.WebEventListener  - Before Finding element: By.cssSelector: input#txtBilledTo
646594 [main] INFO utilities.listener.WebEventListener  - Before Finding element: By.cssSelector: input#txtBilledTo
2022-01-31/12:18:35.847  INFO: listener.WebEventListener - Before Finding element: By.cssSelector: input#txtBilledTo
646877 [main] INFO utilities.listener.WebEventListener  - Before Finding element: By.cssSelector: input#txtBilledTo
646877 [main] INFO utilities.listener.WebEventListener  - Before Finding element: By.cssSelector: input#txtBilledTo
2022-01-31/12:18:36.127  INFO: listener.WebEventListener - Before Finding element: By.cssSelector: input#txtBilledTo
647157 [main] INFO utilities.listener.WebEventListener  - Before Finding element: By.cssSelector: input#txtBilledTo
647157 [main] INFO utilities.listener.WebEventListener  - Before Finding element: By.cssSelector: input#txtBilledTo
2022-01-31/12:18:36.408  INFO: listener.WebEventListener - Before Finding element: By.cssSelector: input#txtBilledTo
647438 [main] INFO utilities.listener.WebEventListener  - Before Finding element: By.cssSelector: input#txtBilledTo
647438 [main] INFO utilities.listener.WebEventListener  - Before Finding element: By.cssSelector: input#txtBilledTo
2022-01-31/12:18:36.689  INFO: listener.WebEventListener - Before Finding element: By.cssSelector: input#txtBilledTo
647719 [main] INFO utilities.listener.WebEventListener  - Before Finding element: By.cssSelector: input#txtBilledTo
647719 [main] INFO utilities.listener.WebEventListener  - Before Finding element: By.cssSelector: input#txtBilledTo
2022-01-31/12:18:36.987  INFO: listener.WebEventListener - Before Finding element: By.cssSelector: input#txtBilledTo
648017 [main] INFO utilities.listener.WebEventListener  - Before Finding element: By.cssSelector: input#txtBilledTo
648017 [main] INFO utilities.listener.WebEventListener  - Before Finding element: By.cssSelector: input#txtBilledTo
2022-01-31/12:18:37.270  INFO: listener.WebEventListener - Before Finding element: By.cssSelector: input#txtBilledTo
648300 [main] INFO utilities.listener.WebEventListener  - Before Finding element: By.cssSelector: input#txtBilledTo
648300 [main] INFO utilities.listener.WebEventListener  - Before Finding element: By.cssSelector: input#txtBilledTo
2022-01-31/12:18:37.552  INFO: listener.WebEventListener - Before Finding element: By.cssSelector: input#txtBilledTo
648582 [main] INFO utilities.listener.WebEventListener  - Before Finding element: By.cssSelector: input#txtBilledTo
648582 [main] INFO utilities.listener.WebEventListener  - Before Finding element: By.cssSelector: input#txtBilledTo
2022-01-31/12:18:37.833  INFO: listener.WebEventListener - Before Finding element: By.cssSelector: input#txtBilledTo
648863 [main] INFO utilities.listener.WebEventListener  - Before Finding element: By.cssSelector: input#txtBilledTo
648863 [main] INFO utilities.listener.WebEventListener  - Before Finding element: By.cssSelector: input#txtBilledTo
2022-01-31/12:18:38.116  INFO: listener.WebEventListener - Before Finding element: By.cssSelector: input#txtBilledTo
649146 [main] INFO utilities.listener.WebEventListener  - Before Finding element: By.cssSelector: input#txtBilledTo
649146 [main] INFO utilities.listener.WebEventListener  - Before Finding element: By.cssSelector: input#txtBilledTo
2022-01-31/12:18:38.412  INFO: listener.WebEventListener - Before Finding element: By.cssSelector: input#txtBilledTo
649442 [main] INFO utilities.listener.WebEventListener  - Before Finding element: By.cssSelector: input#txtBilledTo
649442 [main] INFO utilities.listener.WebEventListener  - Before Finding element: By.cssSelector: input#txtBilledTo
2022-01-31/12:18:38.692  INFO: listener.WebEventListener - Before Finding element: By.cssSelector: input#txtBilledTo
649722 [main] INFO utilities.listener.WebEventListener  - Before Finding element: By.cssSelector: input#txtBilledTo
649722 [main] INFO utilities.listener.WebEventListener  - Before Finding element: By.cssSelector: input#txtBilledTo
2022-01-31/12:18:38.970  INFO: listener.WebEventListener - Before Finding element: By.cssSelector: input#txtBilledTo
650000 [main] INFO utilities.listener.WebEventListener  - Before Finding element: By.cssSelector: input#txtBilledTo
650000 [main] INFO utilities.listener.WebEventListener  - Before Finding element: By.cssSelector: input#txtBilledTo
2022-01-31/12:18:39.250  INFO: listener.WebEventListener - Before Finding element: By.cssSelector: input#txtBilledTo
650280 [main] INFO utilities.listener.WebEventListener  - Before Finding element: By.cssSelector: input#txtBilledTo
650280 [main] INFO utilities.listener.WebEventListener  - Before Finding element: By.cssSelector: input#txtBilledTo
2022-01-31/12:18:39.546  INFO: listener.WebEventListener - Before Finding element: By.cssSelector: input#txtBilledTo
650576 [main] INFO utilities.listener.WebEventListener  - Before Finding element: By.cssSelector: input#txtBilledTo
650576 [main] INFO utilities.listener.WebEventListener  - Before Finding element: By.cssSelector: input#txtBilledTo
2022-01-31/12:18:39.828  INFO: listener.WebEventListener - Before Finding element: By.cssSelector: input#txtBilledTo
650858 [main] INFO utilities.listener.WebEventListener  - Before Finding element: By.cssSelector: input#txtBilledTo
650858 [main] INFO utilities.listener.WebEventListener  - Before Finding element: By.cssSelector: input#txtBilledTo
2022-01-31/12:18:40.109  INFO: listener.WebEventListener - Before Finding element: By.cssSelector: input#txtBilledTo
651139 [main] INFO utilities.listener.WebEventListener  - Before Finding element: By.cssSelector: input#txtBilledTo
651139 [main] INFO utilities.listener.WebEventListener  - Before Finding element: By.cssSelector: input#txtBilledTo
2022-01-31/12:18:40.391  INFO: listener.WebEventListener - Before Finding element: By.cssSelector: input#txtBilledTo
651421 [main] INFO utilities.listener.WebEventListener  - Before Finding element: By.cssSelector: input#txtBilledTo
651421 [main] INFO utilities.listener.WebEventListener  - Before Finding element: By.cssSelector: input#txtBilledTo
2022-01-31/12:18:40.671  INFO: listener.WebEventListener - Before Finding element: By.cssSelector: input#txtBilledTo
651701 [main] INFO utilities.listener.WebEventListener  - Before Finding element: By.cssSelector: input#txtBilledTo
651701 [main] INFO utilities.listener.WebEventListener  - Before Finding element: By.cssSelector: input#txtBilledTo
2022-01-31/12:18:40.951  INFO: listener.WebEventListener - Before Finding element: By.cssSelector: input#txtBilledTo
651981 [main] INFO utilities.listener.WebEventListener  - Before Finding element: By.cssSelector: input#txtBilledTo
651981 [main] INFO utilities.listener.WebEventListener  - Before Finding element: By.cssSelector: input#txtBilledTo
2022-01-31/12:18:41.233  INFO: listener.WebEventListener - Before Finding element: By.cssSelector: input#txtBilledTo
652263 [main] INFO utilities.listener.WebEventListener  - Before Finding element: By.cssSelector: input#txtBilledTo
652263 [main] INFO utilities.listener.WebEventListener  - Before Finding element: By.cssSelector: input#txtBilledTo
2022-01-31/12:18:41.512  INFO: listener.WebEventListener - Before Finding element: By.cssSelector: input#txtBilledTo
652542 [main] INFO utilities.listener.WebEventListener  - Before Finding element: By.cssSelector: input#txtBilledTo
652542 [main] INFO utilities.listener.WebEventListener  - Before Finding element: By.cssSelector: input#txtBilledTo
2022-01-31/12:18:41.791  INFO: listener.WebEventListener - Before Finding element: By.cssSelector: input#txtBilledTo
652821 [main] INFO utilities.listener.WebEventListener  - Before Finding element: By.cssSelector: input#txtBilledTo
652821 [main] INFO utilities.listener.WebEventListener  - Before Finding element: By.cssSelector: input#txtBilledTo
2022-01-31/12:18:42.069  INFO: listener.WebEventListener - Before Finding element: By.cssSelector: input#txtBilledTo
653099 [main] INFO utilities.listener.WebEventListener  - Before Finding element: By.cssSelector: input#txtBilledTo
653099 [main] INFO utilities.listener.WebEventListener  - Before Finding element: By.cssSelector: input#txtBilledTo
2022-01-31/12:18:42.351  INFO: listener.WebEventListener - Before Finding element: By.cssSelector: input#txtBilledTo
653381 [main] INFO utilities.listener.WebEventListener  - Before Finding element: By.cssSelector: input#txtBilledTo
653381 [main] INFO utilities.listener.WebEventListener  - Before Finding element: By.cssSelector: input#txtBilledTo
2022-01-31/12:18:42.663  INFO: listener.WebEventListener - Before Finding element: By.cssSelector: input#txtBilledTo
653693 [main] INFO utilities.listener.WebEventListener  - Before Finding element: By.cssSelector: input#txtBilledTo
653693 [main] INFO utilities.listener.WebEventListener  - Before Finding element: By.cssSelector: input#txtBilledTo
2022-01-31/12:18:42.971  INFO: listener.WebEventListener - Before Finding element: By.cssSelector: input#txtBilledTo
654001 [main] INFO utilities.listener.WebEventListener  - Before Finding element: By.cssSelector: input#txtBilledTo
654001 [main] INFO utilities.listener.WebEventListener  - Before Finding element: By.cssSelector: input#txtBilledTo
2022-01-31/12:18:43.251  INFO: listener.WebEventListener - Before Finding element: By.cssSelector: input#txtBilledTo
654281 [main] INFO utilities.listener.WebEventListener  - Before Finding element: By.cssSelector: input#txtBilledTo
654281 [main] INFO utilities.listener.WebEventListener  - Before Finding element: By.cssSelector: input#txtBilledTo
2022-01-31/12:18:43.533  INFO: listener.WebEventListener - Before Finding element: By.cssSelector: input#txtBilledTo
654563 [main] INFO utilities.listener.WebEventListener  - Before Finding element: By.cssSelector: input#txtBilledTo
654563 [main] INFO utilities.listener.WebEventListener  - Before Finding element: By.cssSelector: input#txtBilledTo
2022-01-31/12:18:43.817  INFO: listener.WebEventListener - Before Finding element: By.cssSelector: input#txtBilledTo
654847 [main] INFO utilities.listener.WebEventListener  - Before Finding element: By.cssSelector: input#txtBilledTo
654847 [main] INFO utilities.listener.WebEventListener  - Before Finding element: By.cssSelector: input#txtBilledTo
2022-01-31/12:18:44.098  INFO: listener.WebEventListener - Before Finding element: By.cssSelector: input#txtBilledTo
655128 [main] INFO utilities.listener.WebEventListener  - Before Finding element: By.cssSelector: input#txtBilledTo
655128 [main] INFO utilities.listener.WebEventListener  - Before Finding element: By.cssSelector: input#txtBilledTo
2022-01-31/12:18:44.379  INFO: listener.WebEventListener - Before Finding element: By.cssSelector: input#txtBilledTo
655409 [main] INFO utilities.listener.WebEventListener  - Before Finding element: By.cssSelector: input#txtBilledTo
655409 [main] INFO utilities.listener.WebEventListener  - Before Finding element: By.cssSelector: input#txtBilledTo
2022-01-31/12:18:44.695  INFO: listener.WebEventListener - Before Finding element: By.cssSelector: input#txtBilledTo
655725 [main] INFO utilities.listener.WebEventListener  - Before Finding element: By.cssSelector: input#txtBilledTo
655725 [main] INFO utilities.listener.WebEventListener  - Before Finding element: By.cssSelector: input#txtBilledTo
2022-01-31/12:18:44.991  INFO: listener.WebEventListener - Before Finding element: By.cssSelector: input#txtBilledTo
656021 [main] INFO utilities.listener.WebEventListener  - Before Finding element: By.cssSelector: input#txtBilledTo
656021 [main] INFO utilities.listener.WebEventListener  - Before Finding element: By.cssSelector: input#txtBilledTo
2022-01-31/12:18:45.272  INFO: listener.WebEventListener - Before Finding element: By.cssSelector: input#txtBilledTo
656302 [main] INFO utilities.listener.WebEventListener  - Before Finding element: By.cssSelector: input#txtBilledTo
656302 [main] INFO utilities.listener.WebEventListener  - Before Finding element: By.cssSelector: input#txtBilledTo
2022-01-31/12:18:45.551  INFO: listener.WebEventListener - Before Finding element: By.cssSelector: input#txtBilledTo
656581 [main] INFO utilities.listener.WebEventListener  - Before Finding element: By.cssSelector: input#txtBilledTo
656581 [main] INFO utilities.listener.WebEventListener  - Before Finding element: By.cssSelector: input#txtBilledTo
2022-01-31/12:18:45.844  INFO: listener.WebEventListener - Before Finding element: By.cssSelector: input#txtBilledTo
656874 [main] INFO utilities.listener.WebEventListener  - Before Finding element: By.cssSelector: input#txtBilledTo
656874 [main] INFO utilities.listener.WebEventListener  - Before Finding element: By.cssSelector: input#txtBilledTo
2022-01-31/12:18:46.122  INFO: listener.WebEventListener - Before Finding element: By.cssSelector: input#txtBilledTo
657152 [main] INFO utilities.listener.WebEventListener  - Before Finding element: By.cssSelector: input#txtBilledTo
657152 [main] INFO utilities.listener.WebEventListener  - Before Finding element: By.cssSelector: input#txtBilledTo
2022-01-31/12:18:46.404  INFO: listener.WebEventListener - Before Finding element: By.cssSelector: input#txtBilledTo
657434 [main] INFO utilities.listener.WebEventListener  - Before Finding element: By.cssSelector: input#txtBilledTo
657434 [main] INFO utilities.listener.WebEventListener  - Before Finding element: By.cssSelector: input#txtBilledTo
2022-01-31/12:18:46.681  INFO: listener.WebEventListener - Before Finding element: By.cssSelector: input#txtBilledTo
657711 [main] INFO utilities.listener.WebEventListener  - Before Finding element: By.cssSelector: input#txtBilledTo
657711 [main] INFO utilities.listener.WebEventListener  - Before Finding element: By.cssSelector: input#txtBilledTo
2022-01-31/12:18:46.961  INFO: listener.WebEventListener - Before Finding element: By.cssSelector: input#txtBilledTo
657991 [main] INFO utilities.listener.WebEventListener  - Before Finding element: By.cssSelector: input#txtBilledTo
657991 [main] INFO utilities.listener.WebEventListener  - Before Finding element: By.cssSelector: input#txtBilledTo
2022-01-31/12:18:47.240  INFO: listener.WebEventListener - Before Finding element: By.cssSelector: input#txtBilledTo
658270 [main] INFO utilities.listener.WebEventListener  - Before Finding element: By.cssSelector: input#txtBilledTo
658270 [main] INFO utilities.listener.WebEventListener  - Before Finding element: By.cssSelector: input#txtBilledTo
2022-01-31/12:18:47.521  INFO: listener.WebEventListener - Before Finding element: By.cssSelector: input#txtBilledTo
658551 [main] INFO utilities.listener.WebEventListener  - Before Finding element: By.cssSelector: input#txtBilledTo
658551 [main] INFO utilities.listener.WebEventListener  - Before Finding element: By.cssSelector: input#txtBilledTo
2022-01-31/12:18:47.850  INFO: listener.WebEventListener - Before Finding element: By.cssSelector: input#txtBilledTo
658880 [main] INFO utilities.listener.WebEventListener  - Before Finding element: By.cssSelector: input#txtBilledTo
658880 [main] INFO utilities.listener.WebEventListener  - Before Finding element: By.cssSelector: input#txtBilledTo
2022-01-31/12:18:48.130  INFO: listener.WebEventListener - Before Finding element: By.cssSelector: input#txtBilledTo
659160 [main] INFO utilities.listener.WebEventListener  - Before Finding element: By.cssSelector: input#txtBilledTo
659160 [main] INFO utilities.listener.WebEventListener  - Before Finding element: By.cssSelector: input#txtBilledTo
2022-01-31/12:18:48.414  INFO: listener.WebEventListener - Before Finding element: By.cssSelector: input#txtBilledTo
659444 [main] INFO utilities.listener.WebEventListener  - Before Finding element: By.cssSelector: input#txtBilledTo
659444 [main] INFO utilities.listener.WebEventListener  - Before Finding element: By.cssSelector: input#txtBilledTo
2022-01-31/12:18:48.714  INFO: listener.WebEventListener - Before Finding element: By.cssSelector: input#txtBilledTo
659744 [main] INFO utilities.listener.WebEventListener  - Before Finding element: By.cssSelector: input#txtBilledTo
659744 [main] INFO utilities.listener.WebEventListener  - Before Finding element: By.cssSelector: input#txtBilledTo
2022-01-31/12:18:49.058  INFO: listener.WebEventListener - Before Finding element: By.cssSelector: input#txtBilledTo
660088 [main] INFO utilities.listener.WebEventListener  - Before Finding element: By.cssSelector: input#txtBilledTo
660088 [main] INFO utilities.listener.WebEventListener  - Before Finding element: By.cssSelector: input#txtBilledTo
2022-01-31/12:18:49.373  INFO: listener.WebEventListener - Before Finding element: By.cssSelector: input#txtBilledTo
660403 [main] INFO utilities.listener.WebEventListener  - Before Finding element: By.cssSelector: input#txtBilledTo
660403 [main] INFO utilities.listener.WebEventListener  - Before Finding element: By.cssSelector: input#txtBilledTo
2022-01-31/12:18:49.650  INFO: listener.WebEventListener - Before Finding element: By.cssSelector: input#txtBilledTo
660680 [main] INFO utilities.listener.WebEventListener  - Before Finding element: By.cssSelector: input#txtBilledTo
660680 [main] INFO utilities.listener.WebEventListener  - Before Finding element: By.cssSelector: input#txtBilledTo
2022-01-31/12:18:49.929  INFO: listener.WebEventListener - Before Finding element: By.cssSelector: input#txtBilledTo
660959 [main] INFO utilities.listener.WebEventListener  - Before Finding element: By.cssSelector: input#txtBilledTo
660959 [main] INFO utilities.listener.WebEventListener  - Before Finding element: By.cssSelector: input#txtBilledTo
2022-01-31/12:18:50.208  INFO: listener.WebEventListener - Before Finding element: By.cssSelector: input#txtBilledTo
661238 [main] INFO utilities.listener.WebEventListener  - Before Finding element: By.cssSelector: input#txtBilledTo
661238 [main] INFO utilities.listener.WebEventListener  - Before Finding element: By.cssSelector: input#txtBilledTo
2022-01-31/12:18:50.490  INFO: listener.WebEventListener - Before Finding element: By.cssSelector: input#txtBilledTo
661520 [main] INFO utilities.listener.WebEventListener  - Before Finding element: By.cssSelector: input#txtBilledTo
661520 [main] INFO utilities.listener.WebEventListener  - Before Finding element: By.cssSelector: input#txtBilledTo
2022-01-31/12:18:50.774  INFO: listener.WebEventListener - Before Finding element: By.cssSelector: input#txtBilledTo
661804 [main] INFO utilities.listener.WebEventListener  - Before Finding element: By.cssSelector: input#txtBilledTo
661804 [main] INFO utilities.listener.WebEventListener  - Before Finding element: By.cssSelector: input#txtBilledTo
2022-01-31/12:18:51.056  INFO: listener.WebEventListener - Before Finding element: By.cssSelector: input#txtBilledTo
662086 [main] INFO utilities.listener.WebEventListener  - Before Finding element: By.cssSelector: input#txtBilledTo
662086 [main] INFO utilities.listener.WebEventListener  - Before Finding element: By.cssSelector: input#txtBilledTo
2022-01-31/12:18:51.337  INFO: listener.WebEventListener - Before Finding element: By.cssSelector: input#txtBilledTo
662367 [main] INFO utilities.listener.WebEventListener  - Before Finding element: By.cssSelector: input#txtBilledTo
662367 [main] INFO utilities.listener.WebEventListener  - Before Finding element: By.cssSelector: input#txtBilledTo
2022-01-31/12:18:51.618  INFO: listener.WebEventListener - Before Finding element: By.cssSelector: input#txtBilledTo
662648 [main] INFO utilities.listener.WebEventListener  - Before Finding element: By.cssSelector: input#txtBilledTo
662648 [main] INFO utilities.listener.WebEventListener  - Before Finding element: By.cssSelector: input#txtBilledTo
2022-01-31/12:18:51.900  INFO: listener.WebEventListener - Before Finding element: By.cssSelector: input#txtBilledTo
662930 [main] INFO utilities.listener.WebEventListener  - Before Finding element: By.cssSelector: input#txtBilledTo
662930 [main] INFO utilities.listener.WebEventListener  - Before Finding element: By.cssSelector: input#txtBilledTo
2022-01-31/12:18:52.179  INFO: listener.WebEventListener - Before Finding element: By.cssSelector: input#txtBilledTo
663209 [main] INFO utilities.listener.WebEventListener  - Before Finding element: By.cssSelector: input#txtBilledTo
663209 [main] INFO utilities.listener.WebEventListener  - Before Finding element: By.cssSelector: input#txtBilledTo
2022-01-31/12:18:52.460  INFO: listener.WebEventListener - Before Finding element: By.cssSelector: input#txtBilledTo
663490 [main] INFO utilities.listener.WebEventListener  - Before Finding element: By.cssSelector: input#txtBilledTo
663490 [main] INFO utilities.listener.WebEventListener  - Before Finding element: By.cssSelector: input#txtBilledTo
]]></system-out>
  </testcase>
  <testcase name="clickOnConsignment" classname="pages.TestPageConsignmentInboundProd" time="30.468"/>
  <testcase name="clickOnAccordian" classname="pages.TestPageConsignmentInboundProd" time="21.714"/>
  <testcase name="consignmentInboundEmailAndSave" classname="pages.TestPageConsignmentInboundProd" time="268.457">
    <failure message="Expected condition failed: waiting for element to be clickable: Proxy element for: AjaxElementLocator &apos;By.xpath: //button[@id=&apos;ReceiverResetSearch&apos;]//div&apos; (tried for 60 second(s) with 500 milliseconds interval)" type="org.openqa.selenium.TimeoutException"><![CDATA[org.openqa.selenium.TimeoutException: Expected condition failed: waiting for element to be clickable: Proxy element for: AjaxElementLocator 'By.xpath: //button[@id='ReceiverResetSearch']//div' (tried for 60 second(s) with 500 milliseconds interval)
	at pages.TestPageConsignmentInboundProd.consignmentInboundEmailAndSave(TestPageConsignmentInboundProd.java:129)
Caused by: org.openqa.selenium.NoSuchElementException: Timed out after 60 seconds. Unable to locate the element
	at pages.TestPageConsignmentInboundProd.consignmentInboundEmailAndSave(TestPageConsignmentInboundProd.java:129)
Caused by: org.openqa.selenium.NoSuchElementException: 
no such element: Unable to locate element: {"method":"xpath","selector":"//button[@id='ReceiverResetSearch']//div"}
  (Session info: chrome=97.0.4692.99)
For documentation on this error, please visit: https://www.seleniumhq.org/exceptions/no_such_element.html
Build info: version: '3.141.59', revision: 'e82be7d358', time: '2018-11-14T08:17:03'
System info: host: 'WJLP-1270', ip: '192.168.0.2', os.name: 'Windows 10', os.arch: 'amd64', os.version: '10.0', java.version: '11.0.10'
Driver info: org.openqa.selenium.chrome.ChromeDriver
Capabilities {acceptInsecureCerts: false, browserName: chrome, browserVersion: 97.0.4692.99, chrome: {chromedriverVersion: 97.0.4692.71 (adefa7837d02a..., userDataDir: C:\Users\nasreenk\AppData\L...}, goog:chromeOptions: {debuggerAddress: localhost:51238}, javascriptEnabled: true, networkConnectionEnabled: false, pageLoadStrategy: none, platform: WINDOWS, platformName: WINDOWS, proxy: Proxy(), setWindowRect: true, strictFileInteractability: false, timeouts: {implicit: 0, pageLoad: 300000, script: 30000}, unhandledPromptBehavior: dismiss and notify, webauthn:extension:credBlob: true, webauthn:extension:largeBlob: true, webauthn:virtualAuthenticators: true}
Session ID: 0700bbedd0719e088f1f7d1c6280aff0
*** Element info: {Using=xpath, value=//button[@id='ReceiverResetSearch']//div}
	at pages.TestPageConsignmentInboundProd.consignmentInboundEmailAndSave(TestPageConsignmentInboundProd.java:129)
]]></failure>
    <system-out><![CDATA[2022-01-31/12:20:22.885 ERROR: allure.AllureLifecycle - Could not add attachment: no test is running
753915 [main] ERROR io.qameta.allure.AllureLifecycle  - Could not add attachment: no test is running
753915 [main] ERROR io.qameta.allure.AllureLifecycle  - Could not add attachment: no test is running
753915 [main] ERROR io.qameta.allure.AllureLifecycle  - Could not add attachment: no test is running
2022-01-31/12:20:25.487 ERROR: allure.AllureLifecycle - Could not add attachment: no test is running
756517 [main] ERROR io.qameta.allure.AllureLifecycle  - Could not add attachment: no test is running
756517 [main] ERROR io.qameta.allure.AllureLifecycle  - Could not add attachment: no test is running
756517 [main] ERROR io.qameta.allure.AllureLifecycle  - Could not add attachment: no test is running
I am in onTestStart method consignmentInboundEmailAndSave start
2022-01-31/12:20:40.691  INFO: listener.WebEventListener - Before Finding element: By.xpath: //input[@id='ConsignmentID']
771721 [main] INFO utilities.listener.WebEventListener  - Before Finding element: By.xpath: //input[@id='ConsignmentID']
771721 [main] INFO utilities.listener.WebEventListener  - Before Finding element: By.xpath: //input[@id='ConsignmentID']
771721 [main] INFO utilities.listener.WebEventListener  - Before Finding element: By.xpath: //input[@id='ConsignmentID']
2022-01-31/12:20:40.790  INFO: listener.WebEventListener - Default Value :
771820 [main] INFO utilities.listener.WebEventListener  - Default Value :
771820 [main] INFO utilities.listener.WebEventListener  - Default Value :
771820 [main] INFO utilities.listener.WebEventListener  - Default Value :
2022-01-31/12:20:40.885  INFO: listener.WebEventListener - Entered Value :
771915 [main] INFO utilities.listener.WebEventListener  - Entered Value :
771915 [main] INFO utilities.listener.WebEventListener  - Entered Value :
771915 [main] INFO utilities.listener.WebEventListener  - Entered Value :
2022-01-31/12:20:40.914  INFO: listener.WebEventListener - Default Value :
771944 [main] INFO utilities.listener.WebEventListener  - Default Value :
771944 [main] INFO utilities.listener.WebEventListener  - Default Value :
771944 [main] INFO utilities.listener.WebEventListener  - Default Value :
2022-01-31/12:20:40.990  INFO: listener.WebEventListener - Entered Value :
772020 [main] INFO utilities.listener.WebEventListener  - Entered Value :
772020 [main] INFO utilities.listener.WebEventListener  - Entered Value :
772020 [main] INFO utilities.listener.WebEventListener  - Entered Value :
2022-01-31/12:20:41.021  INFO: listener.WebEventListener - Default Value :
772051 [main] INFO utilities.listener.WebEventListener  - Default Value :
772051 [main] INFO utilities.listener.WebEventListener  - Default Value :
772051 [main] INFO utilities.listener.WebEventListener  - Default Value :
2022-01-31/12:20:41.401  INFO: listener.WebEventListener - Entered Value :PROD00011006
772431 [main] INFO utilities.listener.WebEventListener  - Entered Value :PROD00011006
772431 [main] INFO utilities.listener.WebEventListener  - Entered Value :PROD00011006
772431 [main] INFO utilities.listener.WebEventListener  - Entered Value :PROD00011006
2022-01-31/12:20:56.416  INFO: listener.WebEventListener - Before Finding element: By.cssSelector: #BilledTo
787446 [main] INFO utilities.listener.WebEventListener  - Before Finding element: By.cssSelector: #BilledTo
787446 [main] INFO utilities.listener.WebEventListener  - Before Finding element: By.cssSelector: #BilledTo
787446 [main] INFO utilities.listener.WebEventListener  - Before Finding element: By.cssSelector: #BilledTo
2022-01-31/12:20:56.481  INFO: listener.WebEventListener - Default Value :
787511 [main] INFO utilities.listener.WebEventListener  - Default Value :
787511 [main] INFO utilities.listener.WebEventListener  - Default Value :
787511 [main] INFO utilities.listener.WebEventListener  - Default Value :
2022-01-31/12:20:56.574  INFO: listener.WebEventListener - Entered Value :
787604 [main] INFO utilities.listener.WebEventListener  - Entered Value :
787604 [main] INFO utilities.listener.WebEventListener  - Entered Value :
787604 [main] INFO utilities.listener.WebEventListener  - Entered Value :
2022-01-31/12:20:56.574  INFO: listener.WebEventListener - Before Finding element: By.cssSelector: #BilledTo
787604 [main] INFO utilities.listener.WebEventListener  - Before Finding element: By.cssSelector: #BilledTo
787604 [main] INFO utilities.listener.WebEventListener  - Before Finding element: By.cssSelector: #BilledTo
787604 [main] INFO utilities.listener.WebEventListener  - Before Finding element: By.cssSelector: #BilledTo
2022-01-31/12:20:56.622  INFO: listener.WebEventListener - Default Value :
787652 [main] INFO utilities.listener.WebEventListener  - Default Value :
787652 [main] INFO utilities.listener.WebEventListener  - Default Value :
787652 [main] INFO utilities.listener.WebEventListener  - Default Value :
2022-01-31/12:20:56.699  INFO: listener.WebEventListener - Entered Value :
787729 [main] INFO utilities.listener.WebEventListener  - Entered Value :
787729 [main] INFO utilities.listener.WebEventListener  - Entered Value :
787729 [main] INFO utilities.listener.WebEventListener  - Entered Value :
2022-01-31/12:20:56.699  INFO: listener.WebEventListener - Before Finding element: By.cssSelector: #BilledTo
787729 [main] INFO utilities.listener.WebEventListener  - Before Finding element: By.cssSelector: #BilledTo
787729 [main] INFO utilities.listener.WebEventListener  - Before Finding element: By.cssSelector: #BilledTo
787729 [main] INFO utilities.listener.WebEventListener  - Before Finding element: By.cssSelector: #BilledTo
2022-01-31/12:20:56.746  INFO: listener.WebEventListener - Default Value :
787776 [main] INFO utilities.listener.WebEventListener  - Default Value :
787776 [main] INFO utilities.listener.WebEventListener  - Default Value :
787776 [main] INFO utilities.listener.WebEventListener  - Default Value :
2022-01-31/12:20:56.855  INFO: listener.WebEventListener - Entered Value :ITAU02
787885 [main] INFO utilities.listener.WebEventListener  - Entered Value :ITAU02
787885 [main] INFO utilities.listener.WebEventListener  - Entered Value :ITAU02
787885 [main] INFO utilities.listener.WebEventListener  - Entered Value :ITAU02
2022-01-31/12:20:56.855  INFO: listener.WebEventListener - Before Finding element: By.cssSelector: #BilledTo
787885 [main] INFO utilities.listener.WebEventListener  - Before Finding element: By.cssSelector: #BilledTo
787885 [main] INFO utilities.listener.WebEventListener  - Before Finding element: By.cssSelector: #BilledTo
787885 [main] INFO utilities.listener.WebEventListener  - Before Finding element: By.cssSelector: #BilledTo
2022-01-31/12:20:56.873  INFO: listener.WebEventListener - beforeClickOn css selector: #BilledTo]
787903 [main] INFO utilities.listener.WebEventListener  - beforeClickOn css selector: #BilledTo]
787903 [main] INFO utilities.listener.WebEventListener  - beforeClickOn css selector: #BilledTo]
787903 [main] INFO utilities.listener.WebEventListener  - beforeClickOn css selector: #BilledTo]
2022-01-31/12:20:56.946  INFO: listener.WebEventListener - after click on
787976 [main] INFO utilities.listener.WebEventListener  - after click on
787976 [main] INFO utilities.listener.WebEventListener  - after click on
787976 [main] INFO utilities.listener.WebEventListener  - after click on
2022-01-31/12:21:04.952  INFO: listener.WebEventListener - Before Finding element: By.xpath: //div[@class='v-menu__content theme--light menuable__content__active v-autocomplete__content']//div[@role='listitem'][1]
795982 [main] INFO utilities.listener.WebEventListener  - Before Finding element: By.xpath: //div[@class='v-menu__content theme--light menuable__content__active v-autocomplete__content']//div[@role='listitem'][1]
795982 [main] INFO utilities.listener.WebEventListener  - Before Finding element: By.xpath: //div[@class='v-menu__content theme--light menuable__content__active v-autocomplete__content']//div[@role='listitem'][1]
795982 [main] INFO utilities.listener.WebEventListener  - Before Finding element: By.xpath: //div[@class='v-menu__content theme--light menuable__content__active v-autocomplete__content']//div[@role='listitem'][1]
hhhhhhhhhhhhhhhhhhhhhh
2022-01-31/12:21:05.022  INFO: listener.WebEventListener - beforeClickOn xpath: //div[@class='v-menu__content theme--light menuable__content__active v-autocomplete__content']//div[@role='listitem'][1]]
796052 [main] INFO utilities.listener.WebEventListener  - beforeClickOn xpath: //div[@class='v-menu__content theme--light menuable__content__active v-autocomplete__content']//div[@role='listitem'][1]]
796052 [main] INFO utilities.listener.WebEventListener  - beforeClickOn xpath: //div[@class='v-menu__content theme--light menuable__content__active v-autocomplete__content']//div[@role='listitem'][1]]
796052 [main] INFO utilities.listener.WebEventListener  - beforeClickOn xpath: //div[@class='v-menu__content theme--light menuable__content__active v-autocomplete__content']//div[@role='listitem'][1]]
2022-01-31/12:21:05.191  INFO: listener.WebEventListener - after click on
796221 [main] INFO utilities.listener.WebEventListener  - after click on
796221 [main] INFO utilities.listener.WebEventListener  - after click on
796221 [main] INFO utilities.listener.WebEventListener  - after click on
2022-01-31/12:21:10.201  INFO: listener.WebEventListener - Before Finding element: By.xpath: //input[@id='LogisticType']/../div
801231 [main] INFO utilities.listener.WebEventListener  - Before Finding element: By.xpath: //input[@id='LogisticType']/../div
801231 [main] INFO utilities.listener.WebEventListener  - Before Finding element: By.xpath: //input[@id='LogisticType']/../div
801231 [main] INFO utilities.listener.WebEventListener  - Before Finding element: By.xpath: //input[@id='LogisticType']/../div
2022-01-31/12:21:10.227  INFO: listener.WebEventListener - Before Finding element: By.xpath: //input[@id='LogisticType']/..
801257 [main] INFO utilities.listener.WebEventListener  - Before Finding element: By.xpath: //input[@id='LogisticType']/..
801257 [main] INFO utilities.listener.WebEventListener  - Before Finding element: By.xpath: //input[@id='LogisticType']/..
801257 [main] INFO utilities.listener.WebEventListener  - Before Finding element: By.xpath: //input[@id='LogisticType']/..
2022-01-31/12:21:10.261  INFO: listener.WebEventListener - Before Finding element: By.xpath: //input[@id='LogisticType']/..
801291 [main] INFO utilities.listener.WebEventListener  - Before Finding element: By.xpath: //input[@id='LogisticType']/..
801291 [main] INFO utilities.listener.WebEventListener  - Before Finding element: By.xpath: //input[@id='LogisticType']/..
801291 [main] INFO utilities.listener.WebEventListener  - Before Finding element: By.xpath: //input[@id='LogisticType']/..
2022-01-31/12:21:10.275  INFO: listener.WebEventListener - Before Finding element: By.xpath: //input[@id='LogisticType']/..
801305 [main] INFO utilities.listener.WebEventListener  - Before Finding element: By.xpath: //input[@id='LogisticType']/..
801305 [main] INFO utilities.listener.WebEventListener  - Before Finding element: By.xpath: //input[@id='LogisticType']/..
801305 [main] INFO utilities.listener.WebEventListener  - Before Finding element: By.xpath: //input[@id='LogisticType']/..
2022-01-31/12:21:10.284  INFO: listener.WebEventListener - beforeClickOn xpath: //input[@id='LogisticType']/..]
801314 [main] INFO utilities.listener.WebEventListener  - beforeClickOn xpath: //input[@id='LogisticType']/..]
801314 [main] INFO utilities.listener.WebEventListener  - beforeClickOn xpath: //input[@id='LogisticType']/..]
801314 [main] INFO utilities.listener.WebEventListener  - beforeClickOn xpath: //input[@id='LogisticType']/..]
2022-01-31/12:21:10.425  INFO: listener.WebEventListener - after click on
801455 [main] INFO utilities.listener.WebEventListener  - after click on
801455 [main] INFO utilities.listener.WebEventListener  - after click on
801455 [main] INFO utilities.listener.WebEventListener  - after click on
2022-01-31/12:21:12.434  INFO: listener.WebEventListener - Before Finding element: By.xpath: //div[text()='Inbound - Domestic']
803464 [main] INFO utilities.listener.WebEventListener  - Before Finding element: By.xpath: //div[text()='Inbound - Domestic']
803464 [main] INFO utilities.listener.WebEventListener  - Before Finding element: By.xpath: //div[text()='Inbound - Domestic']
803464 [main] INFO utilities.listener.WebEventListener  - Before Finding element: By.xpath: //div[text()='Inbound - Domestic']
2022-01-31/12:21:12.463  INFO: listener.WebEventListener - beforeClickOn xpath: //div[text()='Inbound - Domestic']]
803493 [main] INFO utilities.listener.WebEventListener  - beforeClickOn xpath: //div[text()='Inbound - Domestic']]
803493 [main] INFO utilities.listener.WebEventListener  - beforeClickOn xpath: //div[text()='Inbound - Domestic']]
803493 [main] INFO utilities.listener.WebEventListener  - beforeClickOn xpath: //div[text()='Inbound - Domestic']]
2022-01-31/12:21:12.560  INFO: listener.WebEventListener - after click on
803590 [main] INFO utilities.listener.WebEventListener  - after click on
803590 [main] INFO utilities.listener.WebEventListener  - after click on
803590 [main] INFO utilities.listener.WebEventListener  - after click on
2022-01-31/12:21:24.572  INFO: listener.WebEventListener - Before Finding element: By.xpath: //div[@id='stepSender']
815602 [main] INFO utilities.listener.WebEventListener  - Before Finding element: By.xpath: //div[@id='stepSender']
815602 [main] INFO utilities.listener.WebEventListener  - Before Finding element: By.xpath: //div[@id='stepSender']
815602 [main] INFO utilities.listener.WebEventListener  - Before Finding element: By.xpath: //div[@id='stepSender']
2022-01-31/12:21:24.633  INFO: listener.WebEventListener - beforeClickOn xpath: //div[@id='stepSender']]
815663 [main] INFO utilities.listener.WebEventListener  - beforeClickOn xpath: //div[@id='stepSender']]
815663 [main] INFO utilities.listener.WebEventListener  - beforeClickOn xpath: //div[@id='stepSender']]
815663 [main] INFO utilities.listener.WebEventListener  - beforeClickOn xpath: //div[@id='stepSender']]
2022-01-31/12:21:24.703  INFO: listener.WebEventListener - after click on
815733 [main] INFO utilities.listener.WebEventListener  - after click on
815733 [main] INFO utilities.listener.WebEventListener  - after click on
815733 [main] INFO utilities.listener.WebEventListener  - after click on
2022-01-31/12:21:26.704  INFO: listener.WebEventListener - Before Finding element: By.xpath: //input[@id='SearchAutocomplete_Sender']
817734 [main] INFO utilities.listener.WebEventListener  - Before Finding element: By.xpath: //input[@id='SearchAutocomplete_Sender']
817734 [main] INFO utilities.listener.WebEventListener  - Before Finding element: By.xpath: //input[@id='SearchAutocomplete_Sender']
817734 [main] INFO utilities.listener.WebEventListener  - Before Finding element: By.xpath: //input[@id='SearchAutocomplete_Sender']
2022-01-31/12:21:26.803  INFO: listener.WebEventListener - Default Value :
817833 [main] INFO utilities.listener.WebEventListener  - Default Value :
817833 [main] INFO utilities.listener.WebEventListener  - Default Value :
817833 [main] INFO utilities.listener.WebEventListener  - Default Value :
2022-01-31/12:21:26.981  INFO: listener.WebEventListener - Entered Value :testtest
818011 [main] INFO utilities.listener.WebEventListener  - Entered Value :testtest
818011 [main] INFO utilities.listener.WebEventListener  - Entered Value :testtest
818011 [main] INFO utilities.listener.WebEventListener  - Entered Value :testtest
2022-01-31/12:21:27.011  INFO: listener.WebEventListener - beforeClickOn xpath: //input[@id='SearchAutocomplete_Sender']]
818041 [main] INFO utilities.listener.WebEventListener  - beforeClickOn xpath: //input[@id='SearchAutocomplete_Sender']]
818041 [main] INFO utilities.listener.WebEventListener  - beforeClickOn xpath: //input[@id='SearchAutocomplete_Sender']]
818041 [main] INFO utilities.listener.WebEventListener  - beforeClickOn xpath: //input[@id='SearchAutocomplete_Sender']]
2022-01-31/12:21:27.049  INFO: listener.WebEventListener - after click on
818079 [main] INFO utilities.listener.WebEventListener  - after click on
818079 [main] INFO utilities.listener.WebEventListener  - after click on
818079 [main] INFO utilities.listener.WebEventListener  - after click on
2022-01-31/12:21:27.050  INFO: listener.WebEventListener - Before Finding element: By.xpath: //button[@id='AdvanceSearch_Sender']//div
818080 [main] INFO utilities.listener.WebEventListener  - Before Finding element: By.xpath: //button[@id='AdvanceSearch_Sender']//div
818080 [main] INFO utilities.listener.WebEventListener  - Before Finding element: By.xpath: //button[@id='AdvanceSearch_Sender']//div
818080 [main] INFO utilities.listener.WebEventListener  - Before Finding element: By.xpath: //button[@id='AdvanceSearch_Sender']//div
2022-01-31/12:21:27.072  INFO: listener.WebEventListener - Before Finding element: By.xpath: //button[@id='AdvanceSearch_Sender']//div
818102 [main] INFO utilities.listener.WebEventListener  - Before Finding element: By.xpath: //button[@id='AdvanceSearch_Sender']//div
818102 [main] INFO utilities.listener.WebEventListener  - Before Finding element: By.xpath: //button[@id='AdvanceSearch_Sender']//div
818102 [main] INFO utilities.listener.WebEventListener  - Before Finding element: By.xpath: //button[@id='AdvanceSearch_Sender']//div
2022-01-31/12:21:27.343  INFO: listener.WebEventListener - Before Finding element: By.xpath: //button[@id='AdvanceSearch_Sender']//div
818373 [main] INFO utilities.listener.WebEventListener  - Before Finding element: By.xpath: //button[@id='AdvanceSearch_Sender']//div
818373 [main] INFO utilities.listener.WebEventListener  - Before Finding element: By.xpath: //button[@id='AdvanceSearch_Sender']//div
818373 [main] INFO utilities.listener.WebEventListener  - Before Finding element: By.xpath: //button[@id='AdvanceSearch_Sender']//div
2022-01-31/12:21:27.622  INFO: listener.WebEventListener - Before Finding element: By.xpath: //button[@id='AdvanceSearch_Sender']//div
818652 [main] INFO utilities.listener.WebEventListener  - Before Finding element: By.xpath: //button[@id='AdvanceSearch_Sender']//div
818652 [main] INFO utilities.listener.WebEventListener  - Before Finding element: By.xpath: //button[@id='AdvanceSearch_Sender']//div
818652 [main] INFO utilities.listener.WebEventListener  - Before Finding element: By.xpath: //button[@id='AdvanceSearch_Sender']//div
2022-01-31/12:21:27.903  INFO: listener.WebEventListener - Before Finding element: By.xpath: //button[@id='AdvanceSearch_Sender']//div
818933 [main] INFO utilities.listener.WebEventListener  - Before Finding element: By.xpath: //button[@id='AdvanceSearch_Sender']//div
818933 [main] INFO utilities.listener.WebEventListener  - Before Finding element: By.xpath: //button[@id='AdvanceSearch_Sender']//div
818933 [main] INFO utilities.listener.WebEventListener  - Before Finding element: By.xpath: //button[@id='AdvanceSearch_Sender']//div
2022-01-31/12:21:28.182  INFO: listener.WebEventListener - Before Finding element: By.xpath: //button[@id='AdvanceSearch_Sender']//div
819212 [main] INFO utilities.listener.WebEventListener  - Before Finding element: By.xpath: //button[@id='AdvanceSearch_Sender']//div
819212 [main] INFO utilities.listener.WebEventListener  - Before Finding element: By.xpath: //button[@id='AdvanceSearch_Sender']//div
819212 [main] INFO utilities.listener.WebEventListener  - Before Finding element: By.xpath: //button[@id='AdvanceSearch_Sender']//div
2022-01-31/12:21:28.463  INFO: listener.WebEventListener - Before Finding element: By.xpath: //button[@id='AdvanceSearch_Sender']//div
819493 [main] INFO utilities.listener.WebEventListener  - Before Finding element: By.xpath: //button[@id='AdvanceSearch_Sender']//div
819493 [main] INFO utilities.listener.WebEventListener  - Before Finding element: By.xpath: //button[@id='AdvanceSearch_Sender']//div
819493 [main] INFO utilities.listener.WebEventListener  - Before Finding element: By.xpath: //button[@id='AdvanceSearch_Sender']//div
2022-01-31/12:21:28.741  INFO: listener.WebEventListener - Before Finding element: By.xpath: //button[@id='AdvanceSearch_Sender']//div
819771 [main] INFO utilities.listener.WebEventListener  - Before Finding element: By.xpath: //button[@id='AdvanceSearch_Sender']//div
819771 [main] INFO utilities.listener.WebEventListener  - Before Finding element: By.xpath: //button[@id='AdvanceSearch_Sender']//div
819771 [main] INFO utilities.listener.WebEventListener  - Before Finding element: By.xpath: //button[@id='AdvanceSearch_Sender']//div
2022-01-31/12:21:29.021  INFO: listener.WebEventListener - Before Finding element: By.xpath: //button[@id='AdvanceSearch_Sender']//div
820051 [main] INFO utilities.listener.WebEventListener  - Before Finding element: By.xpath: //button[@id='AdvanceSearch_Sender']//div
820051 [main] INFO utilities.listener.WebEventListener  - Before Finding element: By.xpath: //button[@id='AdvanceSearch_Sender']//div
820051 [main] INFO utilities.listener.WebEventListener  - Before Finding element: By.xpath: //button[@id='AdvanceSearch_Sender']//div
2022-01-31/12:21:29.302  INFO: listener.WebEventListener - Before Finding element: By.xpath: //button[@id='AdvanceSearch_Sender']//div
820332 [main] INFO utilities.listener.WebEventListener  - Before Finding element: By.xpath: //button[@id='AdvanceSearch_Sender']//div
820332 [main] INFO utilities.listener.WebEventListener  - Before Finding element: By.xpath: //button[@id='AdvanceSearch_Sender']//div
820332 [main] INFO utilities.listener.WebEventListener  - Before Finding element: By.xpath: //button[@id='AdvanceSearch_Sender']//div
2022-01-31/12:21:29.582  INFO: listener.WebEventListener - Before Finding element: By.xpath: //button[@id='AdvanceSearch_Sender']//div
820612 [main] INFO utilities.listener.WebEventListener  - Before Finding element: By.xpath: //button[@id='AdvanceSearch_Sender']//div
820612 [main] INFO utilities.listener.WebEventListener  - Before Finding element: By.xpath: //button[@id='AdvanceSearch_Sender']//div
820612 [main] INFO utilities.listener.WebEventListener  - Before Finding element: By.xpath: //button[@id='AdvanceSearch_Sender']//div
2022-01-31/12:21:29.862  INFO: listener.WebEventListener - Before Finding element: By.xpath: //button[@id='AdvanceSearch_Sender']//div
820892 [main] INFO utilities.listener.WebEventListener  - Before Finding element: By.xpath: //button[@id='AdvanceSearch_Sender']//div
820892 [main] INFO utilities.listener.WebEventListener  - Before Finding element: By.xpath: //button[@id='AdvanceSearch_Sender']//div
820892 [main] INFO utilities.listener.WebEventListener  - Before Finding element: By.xpath: //button[@id='AdvanceSearch_Sender']//div
2022-01-31/12:21:30.145  INFO: listener.WebEventListener - Before Finding element: By.xpath: //button[@id='AdvanceSearch_Sender']//div
821175 [main] INFO utilities.listener.WebEventListener  - Before Finding element: By.xpath: //button[@id='AdvanceSearch_Sender']//div
821175 [main] INFO utilities.listener.WebEventListener  - Before Finding element: By.xpath: //button[@id='AdvanceSearch_Sender']//div
821175 [main] INFO utilities.listener.WebEventListener  - Before Finding element: By.xpath: //button[@id='AdvanceSearch_Sender']//div
2022-01-31/12:21:30.427  INFO: listener.WebEventListener - Before Finding element: By.xpath: //button[@id='AdvanceSearch_Sender']//div
821457 [main] INFO utilities.listener.WebEventListener  - Before Finding element: By.xpath: //button[@id='AdvanceSearch_Sender']//div
821457 [main] INFO utilities.listener.WebEventListener  - Before Finding element: By.xpath: //button[@id='AdvanceSearch_Sender']//div
821457 [main] INFO utilities.listener.WebEventListener  - Before Finding element: By.xpath: //button[@id='AdvanceSearch_Sender']//div
2022-01-31/12:21:30.707  INFO: listener.WebEventListener - Before Finding element: By.xpath: //button[@id='AdvanceSearch_Sender']//div
821737 [main] INFO utilities.listener.WebEventListener  - Before Finding element: By.xpath: //button[@id='AdvanceSearch_Sender']//div
821737 [main] INFO utilities.listener.WebEventListener  - Before Finding element: By.xpath: //button[@id='AdvanceSearch_Sender']//div
821737 [main] INFO utilities.listener.WebEventListener  - Before Finding element: By.xpath: //button[@id='AdvanceSearch_Sender']//div
2022-01-31/12:21:30.987  INFO: listener.WebEventListener - Before Finding element: By.xpath: //button[@id='AdvanceSearch_Sender']//div
822017 [main] INFO utilities.listener.WebEventListener  - Before Finding element: By.xpath: //button[@id='AdvanceSearch_Sender']//div
822017 [main] INFO utilities.listener.WebEventListener  - Before Finding element: By.xpath: //button[@id='AdvanceSearch_Sender']//div
822017 [main] INFO utilities.listener.WebEventListener  - Before Finding element: By.xpath: //button[@id='AdvanceSearch_Sender']//div
2022-01-31/12:21:31.264  INFO: listener.WebEventListener - Before Finding element: By.xpath: //button[@id='AdvanceSearch_Sender']//div
822294 [main] INFO utilities.listener.WebEventListener  - Before Finding element: By.xpath: //button[@id='AdvanceSearch_Sender']//div
822294 [main] INFO utilities.listener.WebEventListener  - Before Finding element: By.xpath: //button[@id='AdvanceSearch_Sender']//div
822294 [main] INFO utilities.listener.WebEventListener  - Before Finding element: By.xpath: //button[@id='AdvanceSearch_Sender']//div
2022-01-31/12:21:31.549  INFO: listener.WebEventListener - Before Finding element: By.xpath: //button[@id='AdvanceSearch_Sender']//div
822579 [main] INFO utilities.listener.WebEventListener  - Before Finding element: By.xpath: //button[@id='AdvanceSearch_Sender']//div
822579 [main] INFO utilities.listener.WebEventListener  - Before Finding element: By.xpath: //button[@id='AdvanceSearch_Sender']//div
822579 [main] INFO utilities.listener.WebEventListener  - Before Finding element: By.xpath: //button[@id='AdvanceSearch_Sender']//div
2022-01-31/12:21:31.589  INFO: listener.WebEventListener - Before Finding element: By.xpath: //button[@id='AdvanceSearch_Sender']//div
822619 [main] INFO utilities.listener.WebEventListener  - Before Finding element: By.xpath: //button[@id='AdvanceSearch_Sender']//div
822619 [main] INFO utilities.listener.WebEventListener  - Before Finding element: By.xpath: //button[@id='AdvanceSearch_Sender']//div
822619 [main] INFO utilities.listener.WebEventListener  - Before Finding element: By.xpath: //button[@id='AdvanceSearch_Sender']//div
2022-01-31/12:21:31.609  INFO: listener.WebEventListener - Before Finding element: By.xpath: //button[@id='AdvanceSearch_Sender']//div
822639 [main] INFO utilities.listener.WebEventListener  - Before Finding element: By.xpath: //button[@id='AdvanceSearch_Sender']//div
822639 [main] INFO utilities.listener.WebEventListener  - Before Finding element: By.xpath: //button[@id='AdvanceSearch_Sender']//div
822639 [main] INFO utilities.listener.WebEventListener  - Before Finding element: By.xpath: //button[@id='AdvanceSearch_Sender']//div
2022-01-31/12:21:31.619  INFO: listener.WebEventListener - beforeClickOn xpath: //button[@id='AdvanceSearch_Sender']//div]
822649 [main] INFO utilities.listener.WebEventListener  - beforeClickOn xpath: //button[@id='AdvanceSearch_Sender']//div]
822649 [main] INFO utilities.listener.WebEventListener  - beforeClickOn xpath: //button[@id='AdvanceSearch_Sender']//div]
822649 [main] INFO utilities.listener.WebEventListener  - beforeClickOn xpath: //button[@id='AdvanceSearch_Sender']//div]
2022-01-31/12:21:31.808  INFO: listener.WebEventListener - after click on
822838 [main] INFO utilities.listener.WebEventListener  - after click on
822838 [main] INFO utilities.listener.WebEventListener  - after click on
822838 [main] INFO utilities.listener.WebEventListener  - after click on
2022-01-31/12:21:31.809  INFO: listener.WebEventListener - Before Finding element: By.xpath: //div[@id='autocompleteSearchSender']
822839 [main] INFO utilities.listener.WebEventListener  - Before Finding element: By.xpath: //div[@id='autocompleteSearchSender']
822839 [main] INFO utilities.listener.WebEventListener  - Before Finding element: By.xpath: //div[@id='autocompleteSearchSender']
822839 [main] INFO utilities.listener.WebEventListener  - Before Finding element: By.xpath: //div[@id='autocompleteSearchSender']
Advanced Search Windowtrue
2022-01-31/12:21:31.940  INFO: listener.WebEventListener - Before Finding element: By.xpath: //input[@id='CustomerName_Sender']
822970 [main] INFO utilities.listener.WebEventListener  - Before Finding element: By.xpath: //input[@id='CustomerName_Sender']
822970 [main] INFO utilities.listener.WebEventListener  - Before Finding element: By.xpath: //input[@id='CustomerName_Sender']
822970 [main] INFO utilities.listener.WebEventListener  - Before Finding element: By.xpath: //input[@id='CustomerName_Sender']
2022-01-31/12:21:32.043  INFO: listener.WebEventListener - Before Finding element: By.xpath: //input[@id='CustomerName_Sender']
823073 [main] INFO utilities.listener.WebEventListener  - Before Finding element: By.xpath: //input[@id='CustomerName_Sender']
823073 [main] INFO utilities.listener.WebEventListener  - Before Finding element: By.xpath: //input[@id='CustomerName_Sender']
823073 [main] INFO utilities.listener.WebEventListener  - Before Finding element: By.xpath: //input[@id='CustomerName_Sender']
2022-01-31/12:21:32.069  INFO: listener.WebEventListener - Before Finding element: By.xpath: //input[@id='CustomerName_Sender']
823099 [main] INFO utilities.listener.WebEventListener  - Before Finding element: By.xpath: //input[@id='CustomerName_Sender']
823099 [main] INFO utilities.listener.WebEventListener  - Before Finding element: By.xpath: //input[@id='CustomerName_Sender']
823099 [main] INFO utilities.listener.WebEventListener  - Before Finding element: By.xpath: //input[@id='CustomerName_Sender']
2022-01-31/12:21:32.160  INFO: listener.WebEventListener - Default Value :
823190 [main] INFO utilities.listener.WebEventListener  - Default Value :
823190 [main] INFO utilities.listener.WebEventListener  - Default Value :
823190 [main] INFO utilities.listener.WebEventListener  - Default Value :
2022-01-31/12:21:32.366  INFO: listener.WebEventListener - Entered Value :
823396 [main] INFO utilities.listener.WebEventListener  - Entered Value :
823396 [main] INFO utilities.listener.WebEventListener  - Entered Value :
823396 [main] INFO utilities.listener.WebEventListener  - Entered Value :
2022-01-31/12:21:32.366  INFO: listener.WebEventListener - Before Finding element: By.xpath: //input[@id='CustomerName_Sender']
823396 [main] INFO utilities.listener.WebEventListener  - Before Finding element: By.xpath: //input[@id='CustomerName_Sender']
823396 [main] INFO utilities.listener.WebEventListener  - Before Finding element: By.xpath: //input[@id='CustomerName_Sender']
823396 [main] INFO utilities.listener.WebEventListener  - Before Finding element: By.xpath: //input[@id='CustomerName_Sender']
2022-01-31/12:21:32.422  INFO: listener.WebEventListener - Before Finding element: By.xpath: //input[@id='CustomerName_Sender']
823452 [main] INFO utilities.listener.WebEventListener  - Before Finding element: By.xpath: //input[@id='CustomerName_Sender']
823452 [main] INFO utilities.listener.WebEventListener  - Before Finding element: By.xpath: //input[@id='CustomerName_Sender']
823452 [main] INFO utilities.listener.WebEventListener  - Before Finding element: By.xpath: //input[@id='CustomerName_Sender']
2022-01-31/12:21:32.452  INFO: listener.WebEventListener - Before Finding element: By.xpath: //input[@id='CustomerName_Sender']
823482 [main] INFO utilities.listener.WebEventListener  - Before Finding element: By.xpath: //input[@id='CustomerName_Sender']
823482 [main] INFO utilities.listener.WebEventListener  - Before Finding element: By.xpath: //input[@id='CustomerName_Sender']
823482 [main] INFO utilities.listener.WebEventListener  - Before Finding element: By.xpath: //input[@id='CustomerName_Sender']
2022-01-31/12:21:32.499  INFO: listener.WebEventListener - Default Value :
823529 [main] INFO utilities.listener.WebEventListener  - Default Value :
823529 [main] INFO utilities.listener.WebEventListener  - Default Value :
823529 [main] INFO utilities.listener.WebEventListener  - Default Value :
2022-01-31/12:21:32.655  INFO: listener.WebEventListener - Entered Value :
823685 [main] INFO utilities.listener.WebEventListener  - Entered Value :
823685 [main] INFO utilities.listener.WebEventListener  - Entered Value :
823685 [main] INFO utilities.listener.WebEventListener  - Entered Value :
2022-01-31/12:21:32.657  INFO: listener.WebEventListener - Before Finding element: By.xpath: //button[@id='Search_Sender']//div
823687 [main] INFO utilities.listener.WebEventListener  - Before Finding element: By.xpath: //button[@id='Search_Sender']//div
823687 [main] INFO utilities.listener.WebEventListener  - Before Finding element: By.xpath: //button[@id='Search_Sender']//div
823687 [main] INFO utilities.listener.WebEventListener  - Before Finding element: By.xpath: //button[@id='Search_Sender']//div
2022-01-31/12:21:32.713  INFO: listener.WebEventListener - Before Finding element: By.xpath: //button[@id='Search_Sender']//div
823743 [main] INFO utilities.listener.WebEventListener  - Before Finding element: By.xpath: //button[@id='Search_Sender']//div
823743 [main] INFO utilities.listener.WebEventListener  - Before Finding element: By.xpath: //button[@id='Search_Sender']//div
823743 [main] INFO utilities.listener.WebEventListener  - Before Finding element: By.xpath: //button[@id='Search_Sender']//div
2022-01-31/12:21:32.772  INFO: listener.WebEventListener - Before Finding element: By.xpath: //button[@id='Search_Sender']//div
823802 [main] INFO utilities.listener.WebEventListener  - Before Finding element: By.xpath: //button[@id='Search_Sender']//div
823802 [main] INFO utilities.listener.WebEventListener  - Before Finding element: By.xpath: //button[@id='Search_Sender']//div
823802 [main] INFO utilities.listener.WebEventListener  - Before Finding element: By.xpath: //button[@id='Search_Sender']//div
2022-01-31/12:21:32.789  INFO: listener.WebEventListener - beforeClickOn xpath: //button[@id='Search_Sender']//div]
823819 [main] INFO utilities.listener.WebEventListener  - beforeClickOn xpath: //button[@id='Search_Sender']//div]
823819 [main] INFO utilities.listener.WebEventListener  - beforeClickOn xpath: //button[@id='Search_Sender']//div]
823819 [main] INFO utilities.listener.WebEventListener  - beforeClickOn xpath: //button[@id='Search_Sender']//div]
2022-01-31/12:21:32.854  INFO: listener.WebEventListener - after click on
823884 [main] INFO utilities.listener.WebEventListener  - after click on
823884 [main] INFO utilities.listener.WebEventListener  - after click on
823884 [main] INFO utilities.listener.WebEventListener  - after click on
2022-01-31/12:21:35.856  INFO: listener.WebEventListener - Before Finding element: By.xpath: //div[@class='v-menu__content theme--light menuable__content__active v-autocomplete__content']//div[@role='listitem'] [1]
826886 [main] INFO utilities.listener.WebEventListener  - Before Finding element: By.xpath: //div[@class='v-menu__content theme--light menuable__content__active v-autocomplete__content']//div[@role='listitem'] [1]
826886 [main] INFO utilities.listener.WebEventListener  - Before Finding element: By.xpath: //div[@class='v-menu__content theme--light menuable__content__active v-autocomplete__content']//div[@role='listitem'] [1]
826886 [main] INFO utilities.listener.WebEventListener  - Before Finding element: By.xpath: //div[@class='v-menu__content theme--light menuable__content__active v-autocomplete__content']//div[@role='listitem'] [1]
2022-01-31/12:21:35.907  INFO: listener.WebEventListener - Before Finding element: By.xpath: //div[@class='v-menu__content theme--light menuable__content__active v-autocomplete__content']//div[@role='listitem'] [1]
826937 [main] INFO utilities.listener.WebEventListener  - Before Finding element: By.xpath: //div[@class='v-menu__content theme--light menuable__content__active v-autocomplete__content']//div[@role='listitem'] [1]
826937 [main] INFO utilities.listener.WebEventListener  - Before Finding element: By.xpath: //div[@class='v-menu__content theme--light menuable__content__active v-autocomplete__content']//div[@role='listitem'] [1]
826937 [main] INFO utilities.listener.WebEventListener  - Before Finding element: By.xpath: //div[@class='v-menu__content theme--light menuable__content__active v-autocomplete__content']//div[@role='listitem'] [1]
2022-01-31/12:21:36.186  INFO: listener.WebEventListener - Before Finding element: By.xpath: //div[@class='v-menu__content theme--light menuable__content__active v-autocomplete__content']//div[@role='listitem'] [1]
827216 [main] INFO utilities.listener.WebEventListener  - Before Finding element: By.xpath: //div[@class='v-menu__content theme--light menuable__content__active v-autocomplete__content']//div[@role='listitem'] [1]
827216 [main] INFO utilities.listener.WebEventListener  - Before Finding element: By.xpath: //div[@class='v-menu__content theme--light menuable__content__active v-autocomplete__content']//div[@role='listitem'] [1]
827216 [main] INFO utilities.listener.WebEventListener  - Before Finding element: By.xpath: //div[@class='v-menu__content theme--light menuable__content__active v-autocomplete__content']//div[@role='listitem'] [1]
2022-01-31/12:21:36.484  INFO: listener.WebEventListener - Before Finding element: By.xpath: //div[@class='v-menu__content theme--light menuable__content__active v-autocomplete__content']//div[@role='listitem'] [1]
827514 [main] INFO utilities.listener.WebEventListener  - Before Finding element: By.xpath: //div[@class='v-menu__content theme--light menuable__content__active v-autocomplete__content']//div[@role='listitem'] [1]
827514 [main] INFO utilities.listener.WebEventListener  - Before Finding element: By.xpath: //div[@class='v-menu__content theme--light menuable__content__active v-autocomplete__content']//div[@role='listitem'] [1]
827514 [main] INFO utilities.listener.WebEventListener  - Before Finding element: By.xpath: //div[@class='v-menu__content theme--light menuable__content__active v-autocomplete__content']//div[@role='listitem'] [1]
2022-01-31/12:21:36.801  INFO: listener.WebEventListener - Before Finding element: By.xpath: //div[@class='v-menu__content theme--light menuable__content__active v-autocomplete__content']//div[@role='listitem'] [1]
827831 [main] INFO utilities.listener.WebEventListener  - Before Finding element: By.xpath: //div[@class='v-menu__content theme--light menuable__content__active v-autocomplete__content']//div[@role='listitem'] [1]
827831 [main] INFO utilities.listener.WebEventListener  - Before Finding element: By.xpath: //div[@class='v-menu__content theme--light menuable__content__active v-autocomplete__content']//div[@role='listitem'] [1]
827831 [main] INFO utilities.listener.WebEventListener  - Before Finding element: By.xpath: //div[@class='v-menu__content theme--light menuable__content__active v-autocomplete__content']//div[@role='listitem'] [1]
2022-01-31/12:21:37.098  INFO: listener.WebEventListener - Before Finding element: By.xpath: //div[@class='v-menu__content theme--light menuable__content__active v-autocomplete__content']//div[@role='listitem'] [1]
828128 [main] INFO utilities.listener.WebEventListener  - Before Finding element: By.xpath: //div[@class='v-menu__content theme--light menuable__content__active v-autocomplete__content']//div[@role='listitem'] [1]
828128 [main] INFO utilities.listener.WebEventListener  - Before Finding element: By.xpath: //div[@class='v-menu__content theme--light menuable__content__active v-autocomplete__content']//div[@role='listitem'] [1]
828128 [main] INFO utilities.listener.WebEventListener  - Before Finding element: By.xpath: //div[@class='v-menu__content theme--light menuable__content__active v-autocomplete__content']//div[@role='listitem'] [1]
2022-01-31/12:21:37.394  INFO: listener.WebEventListener - Before Finding element: By.xpath: //div[@class='v-menu__content theme--light menuable__content__active v-autocomplete__content']//div[@role='listitem'] [1]
828424 [main] INFO utilities.listener.WebEventListener  - Before Finding element: By.xpath: //div[@class='v-menu__content theme--light menuable__content__active v-autocomplete__content']//div[@role='listitem'] [1]
828424 [main] INFO utilities.listener.WebEventListener  - Before Finding element: By.xpath: //div[@class='v-menu__content theme--light menuable__content__active v-autocomplete__content']//div[@role='listitem'] [1]
828424 [main] INFO utilities.listener.WebEventListener  - Before Finding element: By.xpath: //div[@class='v-menu__content theme--light menuable__content__active v-autocomplete__content']//div[@role='listitem'] [1]
2022-01-31/12:21:37.451  INFO: listener.WebEventListener - beforeClickOn xpath: //div[@class='v-menu__content theme--light menuable__content__active v-autocomplete__content']//div[@role='listitem'] [1]]
828481 [main] INFO utilities.listener.WebEventListener  - beforeClickOn xpath: //div[@class='v-menu__content theme--light menuable__content__active v-autocomplete__content']//div[@role='listitem'] [1]]
828481 [main] INFO utilities.listener.WebEventListener  - beforeClickOn xpath: //div[@class='v-menu__content theme--light menuable__content__active v-autocomplete__content']//div[@role='listitem'] [1]]
828481 [main] INFO utilities.listener.WebEventListener  - beforeClickOn xpath: //div[@class='v-menu__content theme--light menuable__content__active v-autocomplete__content']//div[@role='listitem'] [1]]
2022-01-31/12:21:37.532  INFO: listener.WebEventListener - after click on
828562 [main] INFO utilities.listener.WebEventListener  - after click on
828562 [main] INFO utilities.listener.WebEventListener  - after click on
828562 [main] INFO utilities.listener.WebEventListener  - after click on
2022-01-31/12:21:40.536  INFO: listener.WebEventListener - Before Finding element: By.xpath: //button[@id='SenderResetSearch']//div
831566 [main] INFO utilities.listener.WebEventListener  - Before Finding element: By.xpath: //button[@id='SenderResetSearch']//div
831566 [main] INFO utilities.listener.WebEventListener  - Before Finding element: By.xpath: //button[@id='SenderResetSearch']//div
831566 [main] INFO utilities.listener.WebEventListener  - Before Finding element: By.xpath: //button[@id='SenderResetSearch']//div
2022-01-31/12:21:40.591  INFO: listener.WebEventListener - Before Finding element: By.xpath: //button[@id='SenderResetSearch']//div
831621 [main] INFO utilities.listener.WebEventListener  - Before Finding element: By.xpath: //button[@id='SenderResetSearch']//div
831621 [main] INFO utilities.listener.WebEventListener  - Before Finding element: By.xpath: //button[@id='SenderResetSearch']//div
831621 [main] INFO utilities.listener.WebEventListener  - Before Finding element: By.xpath: //button[@id='SenderResetSearch']//div
2022-01-31/12:21:40.610  INFO: listener.WebEventListener - Before Finding element: By.xpath: //button[@id='SenderResetSearch']//div
831640 [main] INFO utilities.listener.WebEventListener  - Before Finding element: By.xpath: //button[@id='SenderResetSearch']//div
831640 [main] INFO utilities.listener.WebEventListener  - Before Finding element: By.xpath: //button[@id='SenderResetSearch']//div
831640 [main] INFO utilities.listener.WebEventListener  - Before Finding element: By.xpath: //button[@id='SenderResetSearch']//div
2022-01-31/12:21:40.619  INFO: listener.WebEventListener - beforeClickOn xpath: //button[@id='SenderResetSearch']//div]
831649 [main] INFO utilities.listener.WebEventListener  - beforeClickOn xpath: //button[@id='SenderResetSearch']//div]
831649 [main] INFO utilities.listener.WebEventListener  - beforeClickOn xpath: //button[@id='SenderResetSearch']//div]
831649 [main] INFO utilities.listener.WebEventListener  - beforeClickOn xpath: //button[@id='SenderResetSearch']//div]
2022-01-31/12:21:40.708  INFO: listener.WebEventListener - after click on
831738 [main] INFO utilities.listener.WebEventListener  - after click on
831738 [main] INFO utilities.listener.WebEventListener  - after click on
831738 [main] INFO utilities.listener.WebEventListener  - after click on
2022-01-31/12:21:46.726  INFO: listener.WebEventListener - Before Finding element: By.cssSelector:   #SearchAutocomplete_Sender
837756 [main] INFO utilities.listener.WebEventListener  - Before Finding element: By.cssSelector:   #SearchAutocomplete_Sender
837756 [main] INFO utilities.listener.WebEventListener  - Before Finding element: By.cssSelector:   #SearchAutocomplete_Sender
837756 [main] INFO utilities.listener.WebEventListener  - Before Finding element: By.cssSelector:   #SearchAutocomplete_Sender
2022-01-31/12:21:46.788  INFO: listener.WebEventListener - Before Finding element: By.cssSelector:   #SearchAutocomplete_Sender
837818 [main] INFO utilities.listener.WebEventListener  - Before Finding element: By.cssSelector:   #SearchAutocomplete_Sender
837818 [main] INFO utilities.listener.WebEventListener  - Before Finding element: By.cssSelector:   #SearchAutocomplete_Sender
837818 [main] INFO utilities.listener.WebEventListener  - Before Finding element: By.cssSelector:   #SearchAutocomplete_Sender
2022-01-31/12:21:46.817  INFO: listener.WebEventListener - Before Finding element: By.cssSelector:   #SearchAutocomplete_Sender
837847 [main] INFO utilities.listener.WebEventListener  - Before Finding element: By.cssSelector:   #SearchAutocomplete_Sender
837847 [main] INFO utilities.listener.WebEventListener  - Before Finding element: By.cssSelector:   #SearchAutocomplete_Sender
837847 [main] INFO utilities.listener.WebEventListener  - Before Finding element: By.cssSelector:   #SearchAutocomplete_Sender
2022-01-31/12:21:46.884  INFO: listener.WebEventListener - Default Value :
837914 [main] INFO utilities.listener.WebEventListener  - Default Value :
837914 [main] INFO utilities.listener.WebEventListener  - Default Value :
837914 [main] INFO utilities.listener.WebEventListener  - Default Value :
2022-01-31/12:21:47.045  INFO: listener.WebEventListener - Entered Value :NotTestTest
838075 [main] INFO utilities.listener.WebEventListener  - Entered Value :NotTestTest
838075 [main] INFO utilities.listener.WebEventListener  - Entered Value :NotTestTest
838075 [main] INFO utilities.listener.WebEventListener  - Entered Value :NotTestTest
2022-01-31/12:21:47.045  INFO: listener.WebEventListener - Before Finding element: By.xpath: //button[@id='CreateNew_Sender']//div
838075 [main] INFO utilities.listener.WebEventListener  - Before Finding element: By.xpath: //button[@id='CreateNew_Sender']//div
838075 [main] INFO utilities.listener.WebEventListener  - Before Finding element: By.xpath: //button[@id='CreateNew_Sender']//div
838075 [main] INFO utilities.listener.WebEventListener  - Before Finding element: By.xpath: //button[@id='CreateNew_Sender']//div
2022-01-31/12:21:47.065  INFO: listener.WebEventListener - Before Finding element: By.xpath: //button[@id='CreateNew_Sender']//div
838095 [main] INFO utilities.listener.WebEventListener  - Before Finding element: By.xpath: //button[@id='CreateNew_Sender']//div
838095 [main] INFO utilities.listener.WebEventListener  - Before Finding element: By.xpath: //button[@id='CreateNew_Sender']//div
838095 [main] INFO utilities.listener.WebEventListener  - Before Finding element: By.xpath: //button[@id='CreateNew_Sender']//div
2022-01-31/12:21:47.349  INFO: listener.WebEventListener - Before Finding element: By.xpath: //button[@id='CreateNew_Sender']//div
838379 [main] INFO utilities.listener.WebEventListener  - Before Finding element: By.xpath: //button[@id='CreateNew_Sender']//div
838379 [main] INFO utilities.listener.WebEventListener  - Before Finding element: By.xpath: //button[@id='CreateNew_Sender']//div
838379 [main] INFO utilities.listener.WebEventListener  - Before Finding element: By.xpath: //button[@id='CreateNew_Sender']//div
2022-01-31/12:21:47.630  INFO: listener.WebEventListener - Before Finding element: By.xpath: //button[@id='CreateNew_Sender']//div
838660 [main] INFO utilities.listener.WebEventListener  - Before Finding element: By.xpath: //button[@id='CreateNew_Sender']//div
838660 [main] INFO utilities.listener.WebEventListener  - Before Finding element: By.xpath: //button[@id='CreateNew_Sender']//div
838660 [main] INFO utilities.listener.WebEventListener  - Before Finding element: By.xpath: //button[@id='CreateNew_Sender']//div
2022-01-31/12:21:47.910  INFO: listener.WebEventListener - Before Finding element: By.xpath: //button[@id='CreateNew_Sender']//div
838940 [main] INFO utilities.listener.WebEventListener  - Before Finding element: By.xpath: //button[@id='CreateNew_Sender']//div
838940 [main] INFO utilities.listener.WebEventListener  - Before Finding element: By.xpath: //button[@id='CreateNew_Sender']//div
838940 [main] INFO utilities.listener.WebEventListener  - Before Finding element: By.xpath: //button[@id='CreateNew_Sender']//div
2022-01-31/12:21:48.189  INFO: listener.WebEventListener - Before Finding element: By.xpath: //button[@id='CreateNew_Sender']//div
839219 [main] INFO utilities.listener.WebEventListener  - Before Finding element: By.xpath: //button[@id='CreateNew_Sender']//div
839219 [main] INFO utilities.listener.WebEventListener  - Before Finding element: By.xpath: //button[@id='CreateNew_Sender']//div
839219 [main] INFO utilities.listener.WebEventListener  - Before Finding element: By.xpath: //button[@id='CreateNew_Sender']//div
2022-01-31/12:21:48.471  INFO: listener.WebEventListener - Before Finding element: By.xpath: //button[@id='CreateNew_Sender']//div
839501 [main] INFO utilities.listener.WebEventListener  - Before Finding element: By.xpath: //button[@id='CreateNew_Sender']//div
839501 [main] INFO utilities.listener.WebEventListener  - Before Finding element: By.xpath: //button[@id='CreateNew_Sender']//div
839501 [main] INFO utilities.listener.WebEventListener  - Before Finding element: By.xpath: //button[@id='CreateNew_Sender']//div
2022-01-31/12:21:48.749  INFO: listener.WebEventListener - Before Finding element: By.xpath: //button[@id='CreateNew_Sender']//div
839779 [main] INFO utilities.listener.WebEventListener  - Before Finding element: By.xpath: //button[@id='CreateNew_Sender']//div
839779 [main] INFO utilities.listener.WebEventListener  - Before Finding element: By.xpath: //button[@id='CreateNew_Sender']//div
839779 [main] INFO utilities.listener.WebEventListener  - Before Finding element: By.xpath: //button[@id='CreateNew_Sender']//div
2022-01-31/12:21:49.031  INFO: listener.WebEventListener - Before Finding element: By.xpath: //button[@id='CreateNew_Sender']//div
840061 [main] INFO utilities.listener.WebEventListener  - Before Finding element: By.xpath: //button[@id='CreateNew_Sender']//div
840061 [main] INFO utilities.listener.WebEventListener  - Before Finding element: By.xpath: //button[@id='CreateNew_Sender']//div
840061 [main] INFO utilities.listener.WebEventListener  - Before Finding element: By.xpath: //button[@id='CreateNew_Sender']//div
2022-01-31/12:21:49.310  INFO: listener.WebEventListener - Before Finding element: By.xpath: //button[@id='CreateNew_Sender']//div
840340 [main] INFO utilities.listener.WebEventListener  - Before Finding element: By.xpath: //button[@id='CreateNew_Sender']//div
840340 [main] INFO utilities.listener.WebEventListener  - Before Finding element: By.xpath: //button[@id='CreateNew_Sender']//div
840340 [main] INFO utilities.listener.WebEventListener  - Before Finding element: By.xpath: //button[@id='CreateNew_Sender']//div
2022-01-31/12:21:49.591  INFO: listener.WebEventListener - Before Finding element: By.xpath: //button[@id='CreateNew_Sender']//div
840621 [main] INFO utilities.listener.WebEventListener  - Before Finding element: By.xpath: //button[@id='CreateNew_Sender']//div
840621 [main] INFO utilities.listener.WebEventListener  - Before Finding element: By.xpath: //button[@id='CreateNew_Sender']//div
840621 [main] INFO utilities.listener.WebEventListener  - Before Finding element: By.xpath: //button[@id='CreateNew_Sender']//div
2022-01-31/12:21:49.871  INFO: listener.WebEventListener - Before Finding element: By.xpath: //button[@id='CreateNew_Sender']//div
840901 [main] INFO utilities.listener.WebEventListener  - Before Finding element: By.xpath: //button[@id='CreateNew_Sender']//div
840901 [main] INFO utilities.listener.WebEventListener  - Before Finding element: By.xpath: //button[@id='CreateNew_Sender']//div
840901 [main] INFO utilities.listener.WebEventListener  - Before Finding element: By.xpath: //button[@id='CreateNew_Sender']//div
2022-01-31/12:21:50.152  INFO: listener.WebEventListener - Before Finding element: By.xpath: //button[@id='CreateNew_Sender']//div
841182 [main] INFO utilities.listener.WebEventListener  - Before Finding element: By.xpath: //button[@id='CreateNew_Sender']//div
841182 [main] INFO utilities.listener.WebEventListener  - Before Finding element: By.xpath: //button[@id='CreateNew_Sender']//div
841182 [main] INFO utilities.listener.WebEventListener  - Before Finding element: By.xpath: //button[@id='CreateNew_Sender']//div
2022-01-31/12:21:50.435  INFO: listener.WebEventListener - Before Finding element: By.xpath: //button[@id='CreateNew_Sender']//div
841465 [main] INFO utilities.listener.WebEventListener  - Before Finding element: By.xpath: //button[@id='CreateNew_Sender']//div
841465 [main] INFO utilities.listener.WebEventListener  - Before Finding element: By.xpath: //button[@id='CreateNew_Sender']//div
841465 [main] INFO utilities.listener.WebEventListener  - Before Finding element: By.xpath: //button[@id='CreateNew_Sender']//div
2022-01-31/12:21:50.475  INFO: listener.WebEventListener - Before Finding element: By.xpath: //button[@id='CreateNew_Sender']//div
841505 [main] INFO utilities.listener.WebEventListener  - Before Finding element: By.xpath: //button[@id='CreateNew_Sender']//div
841505 [main] INFO utilities.listener.WebEventListener  - Before Finding element: By.xpath: //button[@id='CreateNew_Sender']//div
841505 [main] INFO utilities.listener.WebEventListener  - Before Finding element: By.xpath: //button[@id='CreateNew_Sender']//div
2022-01-31/12:21:50.496  INFO: listener.WebEventListener - Before Finding element: By.xpath: //button[@id='CreateNew_Sender']//div
841526 [main] INFO utilities.listener.WebEventListener  - Before Finding element: By.xpath: //button[@id='CreateNew_Sender']//div
841526 [main] INFO utilities.listener.WebEventListener  - Before Finding element: By.xpath: //button[@id='CreateNew_Sender']//div
841526 [main] INFO utilities.listener.WebEventListener  - Before Finding element: By.xpath: //button[@id='CreateNew_Sender']//div
2022-01-31/12:21:50.519  INFO: listener.WebEventListener - beforeClickOn xpath: //button[@id='CreateNew_Sender']//div]
841549 [main] INFO utilities.listener.WebEventListener  - beforeClickOn xpath: //button[@id='CreateNew_Sender']//div]
841549 [main] INFO utilities.listener.WebEventListener  - beforeClickOn xpath: //button[@id='CreateNew_Sender']//div]
841549 [main] INFO utilities.listener.WebEventListener  - beforeClickOn xpath: //button[@id='CreateNew_Sender']//div]
2022-01-31/12:21:50.780  INFO: listener.WebEventListener - after click on
841810 [main] INFO utilities.listener.WebEventListener  - after click on
841810 [main] INFO utilities.listener.WebEventListener  - after click on
841810 [main] INFO utilities.listener.WebEventListener  - after click on
2022-01-31/12:21:53.796  INFO: listener.WebEventListener - Before Finding element: By.xpath: //input[@id='NewSenderType']//..
844826 [main] INFO utilities.listener.WebEventListener  - Before Finding element: By.xpath: //input[@id='NewSenderType']//..
844826 [main] INFO utilities.listener.WebEventListener  - Before Finding element: By.xpath: //input[@id='NewSenderType']//..
844826 [main] INFO utilities.listener.WebEventListener  - Before Finding element: By.xpath: //input[@id='NewSenderType']//..
2022-01-31/12:21:53.847  INFO: listener.WebEventListener - Before Finding element: By.xpath: //input[@id='NewSenderType']//..
844877 [main] INFO utilities.listener.WebEventListener  - Before Finding element: By.xpath: //input[@id='NewSenderType']//..
844877 [main] INFO utilities.listener.WebEventListener  - Before Finding element: By.xpath: //input[@id='NewSenderType']//..
844877 [main] INFO utilities.listener.WebEventListener  - Before Finding element: By.xpath: //input[@id='NewSenderType']//..
2022-01-31/12:21:53.873  INFO: listener.WebEventListener - Before Finding element: By.xpath: //input[@id='NewSenderType']//..
844903 [main] INFO utilities.listener.WebEventListener  - Before Finding element: By.xpath: //input[@id='NewSenderType']//..
844903 [main] INFO utilities.listener.WebEventListener  - Before Finding element: By.xpath: //input[@id='NewSenderType']//..
844903 [main] INFO utilities.listener.WebEventListener  - Before Finding element: By.xpath: //input[@id='NewSenderType']//..
2022-01-31/12:21:53.898  INFO: listener.WebEventListener - beforeClickOn xpath: //input[@id='NewSenderType']//..]
844928 [main] INFO utilities.listener.WebEventListener  - beforeClickOn xpath: //input[@id='NewSenderType']//..]
844928 [main] INFO utilities.listener.WebEventListener  - beforeClickOn xpath: //input[@id='NewSenderType']//..]
844928 [main] INFO utilities.listener.WebEventListener  - beforeClickOn xpath: //input[@id='NewSenderType']//..]
2022-01-31/12:21:53.957  INFO: listener.WebEventListener - after click on
844987 [main] INFO utilities.listener.WebEventListener  - after click on
844987 [main] INFO utilities.listener.WebEventListener  - after click on
844987 [main] INFO utilities.listener.WebEventListener  - after click on
2022-01-31/12:21:53.957  INFO: listener.WebEventListener - Before Finding element: By.xpath: //div[contains(text(),'Individual')]
844987 [main] INFO utilities.listener.WebEventListener  - Before Finding element: By.xpath: //div[contains(text(),'Individual')]
844987 [main] INFO utilities.listener.WebEventListener  - Before Finding element: By.xpath: //div[contains(text(),'Individual')]
844987 [main] INFO utilities.listener.WebEventListener  - Before Finding element: By.xpath: //div[contains(text(),'Individual')]
2022-01-31/12:21:54.496  INFO: listener.WebEventListener - Before Finding element: By.xpath: //div[contains(text(),'Individual')]
845526 [main] INFO utilities.listener.WebEventListener  - Before Finding element: By.xpath: //div[contains(text(),'Individual')]
845526 [main] INFO utilities.listener.WebEventListener  - Before Finding element: By.xpath: //div[contains(text(),'Individual')]
845526 [main] INFO utilities.listener.WebEventListener  - Before Finding element: By.xpath: //div[contains(text(),'Individual')]
2022-01-31/12:21:54.553  INFO: listener.WebEventListener - Before Finding element: By.xpath: //div[contains(text(),'Individual')]
845583 [main] INFO utilities.listener.WebEventListener  - Before Finding element: By.xpath: //div[contains(text(),'Individual')]
845583 [main] INFO utilities.listener.WebEventListener  - Before Finding element: By.xpath: //div[contains(text(),'Individual')]
845583 [main] INFO utilities.listener.WebEventListener  - Before Finding element: By.xpath: //div[contains(text(),'Individual')]
2022-01-31/12:21:54.572  INFO: listener.WebEventListener - Before Finding element: By.xpath: //div[contains(text(),'Individual')]
845602 [main] INFO utilities.listener.WebEventListener  - Before Finding element: By.xpath: //div[contains(text(),'Individual')]
845602 [main] INFO utilities.listener.WebEventListener  - Before Finding element: By.xpath: //div[contains(text(),'Individual')]
845602 [main] INFO utilities.listener.WebEventListener  - Before Finding element: By.xpath: //div[contains(text(),'Individual')]
2022-01-31/12:21:54.581  INFO: listener.WebEventListener - beforeClickOn xpath: //div[contains(text(),'Individual')]]
845611 [main] INFO utilities.listener.WebEventListener  - beforeClickOn xpath: //div[contains(text(),'Individual')]]
845611 [main] INFO utilities.listener.WebEventListener  - beforeClickOn xpath: //div[contains(text(),'Individual')]]
845611 [main] INFO utilities.listener.WebEventListener  - beforeClickOn xpath: //div[contains(text(),'Individual')]]
2022-01-31/12:21:54.686  INFO: listener.WebEventListener - after click on
845716 [main] INFO utilities.listener.WebEventListener  - after click on
845716 [main] INFO utilities.listener.WebEventListener  - after click on
845716 [main] INFO utilities.listener.WebEventListener  - after click on
2022-01-31/12:21:57.695  INFO: listener.WebEventListener - Before Finding element: By.xpath: //div[contains(text(),'New Sender Address')]
848725 [main] INFO utilities.listener.WebEventListener  - Before Finding element: By.xpath: //div[contains(text(),'New Sender Address')]
848725 [main] INFO utilities.listener.WebEventListener  - Before Finding element: By.xpath: //div[contains(text(),'New Sender Address')]
848725 [main] INFO utilities.listener.WebEventListener  - Before Finding element: By.xpath: //div[contains(text(),'New Sender Address')]
2022-01-31/12:21:57.751  INFO: listener.WebEventListener - Before Finding element: By.xpath: //div[contains(text(),'New Sender Address')]
848781 [main] INFO utilities.listener.WebEventListener  - Before Finding element: By.xpath: //div[contains(text(),'New Sender Address')]
848781 [main] INFO utilities.listener.WebEventListener  - Before Finding element: By.xpath: //div[contains(text(),'New Sender Address')]
848781 [main] INFO utilities.listener.WebEventListener  - Before Finding element: By.xpath: //div[contains(text(),'New Sender Address')]
2022-01-31/12:21:57.770  INFO: listener.WebEventListener - Before Finding element: By.xpath: //div[contains(text(),'New Sender Address')]
848800 [main] INFO utilities.listener.WebEventListener  - Before Finding element: By.xpath: //div[contains(text(),'New Sender Address')]
848800 [main] INFO utilities.listener.WebEventListener  - Before Finding element: By.xpath: //div[contains(text(),'New Sender Address')]
848800 [main] INFO utilities.listener.WebEventListener  - Before Finding element: By.xpath: //div[contains(text(),'New Sender Address')]
2022-01-31/12:21:57.780  INFO: listener.WebEventListener - beforeClickOn xpath: //div[contains(text(),'New Sender Address')]]
848810 [main] INFO utilities.listener.WebEventListener  - beforeClickOn xpath: //div[contains(text(),'New Sender Address')]]
848810 [main] INFO utilities.listener.WebEventListener  - beforeClickOn xpath: //div[contains(text(),'New Sender Address')]]
848810 [main] INFO utilities.listener.WebEventListener  - beforeClickOn xpath: //div[contains(text(),'New Sender Address')]]
2022-01-31/12:21:57.829  INFO: listener.WebEventListener - after click on
848859 [main] INFO utilities.listener.WebEventListener  - after click on
848859 [main] INFO utilities.listener.WebEventListener  - after click on
848859 [main] INFO utilities.listener.WebEventListener  - after click on
Validation message displayed
2022-01-31/12:21:57.830  INFO: listener.WebEventListener - Before Finding element: By.xpath: //input[@id='Individual_FirstName']
848860 [main] INFO utilities.listener.WebEventListener  - Before Finding element: By.xpath: //input[@id='Individual_FirstName']
848860 [main] INFO utilities.listener.WebEventListener  - Before Finding element: By.xpath: //input[@id='Individual_FirstName']
848860 [main] INFO utilities.listener.WebEventListener  - Before Finding element: By.xpath: //input[@id='Individual_FirstName']
2022-01-31/12:21:57.873  INFO: listener.WebEventListener - Before Finding element: By.xpath: //input[@id='Individual_FirstName']
848903 [main] INFO utilities.listener.WebEventListener  - Before Finding element: By.xpath: //input[@id='Individual_FirstName']
848903 [main] INFO utilities.listener.WebEventListener  - Before Finding element: By.xpath: //input[@id='Individual_FirstName']
848903 [main] INFO utilities.listener.WebEventListener  - Before Finding element: By.xpath: //input[@id='Individual_FirstName']
2022-01-31/12:21:57.924  INFO: listener.WebEventListener - Before Finding element: By.xpath: //input[@id='Individual_FirstName']
848954 [main] INFO utilities.listener.WebEventListener  - Before Finding element: By.xpath: //input[@id='Individual_FirstName']
848954 [main] INFO utilities.listener.WebEventListener  - Before Finding element: By.xpath: //input[@id='Individual_FirstName']
848954 [main] INFO utilities.listener.WebEventListener  - Before Finding element: By.xpath: //input[@id='Individual_FirstName']
2022-01-31/12:21:57.993  INFO: listener.WebEventListener - Default Value :
849023 [main] INFO utilities.listener.WebEventListener  - Default Value :
849023 [main] INFO utilities.listener.WebEventListener  - Default Value :
849023 [main] INFO utilities.listener.WebEventListener  - Default Value :
2022-01-31/12:21:58.231  INFO: listener.WebEventListener - Entered Value :Nasreen
849261 [main] INFO utilities.listener.WebEventListener  - Entered Value :Nasreen
849261 [main] INFO utilities.listener.WebEventListener  - Entered Value :Nasreen
849261 [main] INFO utilities.listener.WebEventListener  - Entered Value :Nasreen
2022-01-31/12:21:58.232  INFO: listener.WebEventListener - Before Finding element: By.xpath: //input[@id='Individual_LastName']
849262 [main] INFO utilities.listener.WebEventListener  - Before Finding element: By.xpath: //input[@id='Individual_LastName']
849262 [main] INFO utilities.listener.WebEventListener  - Before Finding element: By.xpath: //input[@id='Individual_LastName']
849262 [main] INFO utilities.listener.WebEventListener  - Before Finding element: By.xpath: //input[@id='Individual_LastName']
2022-01-31/12:21:58.298  INFO: listener.WebEventListener - Before Finding element: By.xpath: //input[@id='Individual_LastName']
849328 [main] INFO utilities.listener.WebEventListener  - Before Finding element: By.xpath: //input[@id='Individual_LastName']
849328 [main] INFO utilities.listener.WebEventListener  - Before Finding element: By.xpath: //input[@id='Individual_LastName']
849328 [main] INFO utilities.listener.WebEventListener  - Before Finding element: By.xpath: //input[@id='Individual_LastName']
2022-01-31/12:21:58.349  INFO: listener.WebEventListener - Before Finding element: By.xpath: //input[@id='Individual_LastName']
849379 [main] INFO utilities.listener.WebEventListener  - Before Finding element: By.xpath: //input[@id='Individual_LastName']
849379 [main] INFO utilities.listener.WebEventListener  - Before Finding element: By.xpath: //input[@id='Individual_LastName']
849379 [main] INFO utilities.listener.WebEventListener  - Before Finding element: By.xpath: //input[@id='Individual_LastName']
2022-01-31/12:21:58.443  INFO: listener.WebEventListener - Default Value :
849473 [main] INFO utilities.listener.WebEventListener  - Default Value :
849473 [main] INFO utilities.listener.WebEventListener  - Default Value :
849473 [main] INFO utilities.listener.WebEventListener  - Default Value :
2022-01-31/12:21:58.670  INFO: listener.WebEventListener - Entered Value :Khan
849700 [main] INFO utilities.listener.WebEventListener  - Entered Value :Khan
849700 [main] INFO utilities.listener.WebEventListener  - Entered Value :Khan
849700 [main] INFO utilities.listener.WebEventListener  - Entered Value :Khan
2022-01-31/12:21:58.670  INFO: listener.WebEventListener - Before Finding element: By.xpath: //input[@id='CustomerReference']
849700 [main] INFO utilities.listener.WebEventListener  - Before Finding element: By.xpath: //input[@id='CustomerReference']
849700 [main] INFO utilities.listener.WebEventListener  - Before Finding element: By.xpath: //input[@id='CustomerReference']
849700 [main] INFO utilities.listener.WebEventListener  - Before Finding element: By.xpath: //input[@id='CustomerReference']
2022-01-31/12:21:58.725  INFO: listener.WebEventListener - Before Finding element: By.xpath: //input[@id='CustomerReference']
849755 [main] INFO utilities.listener.WebEventListener  - Before Finding element: By.xpath: //input[@id='CustomerReference']
849755 [main] INFO utilities.listener.WebEventListener  - Before Finding element: By.xpath: //input[@id='CustomerReference']
849755 [main] INFO utilities.listener.WebEventListener  - Before Finding element: By.xpath: //input[@id='CustomerReference']
2022-01-31/12:21:58.747  INFO: listener.WebEventListener - Before Finding element: By.xpath: //input[@id='CustomerReference']
849777 [main] INFO utilities.listener.WebEventListener  - Before Finding element: By.xpath: //input[@id='CustomerReference']
849777 [main] INFO utilities.listener.WebEventListener  - Before Finding element: By.xpath: //input[@id='CustomerReference']
849777 [main] INFO utilities.listener.WebEventListener  - Before Finding element: By.xpath: //input[@id='CustomerReference']
2022-01-31/12:21:58.859  INFO: listener.WebEventListener - Default Value :
849889 [main] INFO utilities.listener.WebEventListener  - Default Value :
849889 [main] INFO utilities.listener.WebEventListener  - Default Value :
849889 [main] INFO utilities.listener.WebEventListener  - Default Value :
2022-01-31/12:21:59.132  INFO: listener.WebEventListener - Entered Value :NTL100
850162 [main] INFO utilities.listener.WebEventListener  - Entered Value :NTL100
850162 [main] INFO utilities.listener.WebEventListener  - Entered Value :NTL100
850162 [main] INFO utilities.listener.WebEventListener  - Entered Value :NTL100
2022-01-31/12:21:59.132  INFO: listener.WebEventListener - Before Finding element: By.xpath: //div[contains(text(),'New Sender Address')]
850162 [main] INFO utilities.listener.WebEventListener  - Before Finding element: By.xpath: //div[contains(text(),'New Sender Address')]
850162 [main] INFO utilities.listener.WebEventListener  - Before Finding element: By.xpath: //div[contains(text(),'New Sender Address')]
850162 [main] INFO utilities.listener.WebEventListener  - Before Finding element: By.xpath: //div[contains(text(),'New Sender Address')]
2022-01-31/12:21:59.183  INFO: listener.WebEventListener - Before Finding element: By.xpath: //div[contains(text(),'New Sender Address')]
850213 [main] INFO utilities.listener.WebEventListener  - Before Finding element: By.xpath: //div[contains(text(),'New Sender Address')]
850213 [main] INFO utilities.listener.WebEventListener  - Before Finding element: By.xpath: //div[contains(text(),'New Sender Address')]
850213 [main] INFO utilities.listener.WebEventListener  - Before Finding element: By.xpath: //div[contains(text(),'New Sender Address')]
2022-01-31/12:21:59.242  INFO: listener.WebEventListener - Before Finding element: By.xpath: //div[contains(text(),'New Sender Address')]
850272 [main] INFO utilities.listener.WebEventListener  - Before Finding element: By.xpath: //div[contains(text(),'New Sender Address')]
850272 [main] INFO utilities.listener.WebEventListener  - Before Finding element: By.xpath: //div[contains(text(),'New Sender Address')]
850272 [main] INFO utilities.listener.WebEventListener  - Before Finding element: By.xpath: //div[contains(text(),'New Sender Address')]
2022-01-31/12:21:59.256  INFO: listener.WebEventListener - beforeClickOn xpath: //div[contains(text(),'New Sender Address')]]
850286 [main] INFO utilities.listener.WebEventListener  - beforeClickOn xpath: //div[contains(text(),'New Sender Address')]]
850286 [main] INFO utilities.listener.WebEventListener  - beforeClickOn xpath: //div[contains(text(),'New Sender Address')]]
850286 [main] INFO utilities.listener.WebEventListener  - beforeClickOn xpath: //div[contains(text(),'New Sender Address')]]
2022-01-31/12:21:59.315  INFO: listener.WebEventListener - after click on
850345 [main] INFO utilities.listener.WebEventListener  - after click on
850345 [main] INFO utilities.listener.WebEventListener  - after click on
850345 [main] INFO utilities.listener.WebEventListener  - after click on
2022-01-31/12:21:59.316  INFO: listener.WebEventListener - Before Finding element: By.xpath: //input[@id='NewAddressGroup_COA']//..
850346 [main] INFO utilities.listener.WebEventListener  - Before Finding element: By.xpath: //input[@id='NewAddressGroup_COA']//..
850346 [main] INFO utilities.listener.WebEventListener  - Before Finding element: By.xpath: //input[@id='NewAddressGroup_COA']//..
850346 [main] INFO utilities.listener.WebEventListener  - Before Finding element: By.xpath: //input[@id='NewAddressGroup_COA']//..
2022-01-31/12:21:59.872  INFO: listener.WebEventListener - Before Finding element: By.xpath: //input[@id='NewAddressGroup_COA']//..
850902 [main] INFO utilities.listener.WebEventListener  - Before Finding element: By.xpath: //input[@id='NewAddressGroup_COA']//..
850902 [main] INFO utilities.listener.WebEventListener  - Before Finding element: By.xpath: //input[@id='NewAddressGroup_COA']//..
850902 [main] INFO utilities.listener.WebEventListener  - Before Finding element: By.xpath: //input[@id='NewAddressGroup_COA']//..
2022-01-31/12:21:59.914  INFO: listener.WebEventListener - Before Finding element: By.xpath: //input[@id='NewAddressGroup_COA']//..
850944 [main] INFO utilities.listener.WebEventListener  - Before Finding element: By.xpath: //input[@id='NewAddressGroup_COA']//..
850944 [main] INFO utilities.listener.WebEventListener  - Before Finding element: By.xpath: //input[@id='NewAddressGroup_COA']//..
850944 [main] INFO utilities.listener.WebEventListener  - Before Finding element: By.xpath: //input[@id='NewAddressGroup_COA']//..
2022-01-31/12:21:59.934  INFO: listener.WebEventListener - Before Finding element: By.xpath: //input[@id='NewAddressGroup_COA']//..
850964 [main] INFO utilities.listener.WebEventListener  - Before Finding element: By.xpath: //input[@id='NewAddressGroup_COA']//..
850964 [main] INFO utilities.listener.WebEventListener  - Before Finding element: By.xpath: //input[@id='NewAddressGroup_COA']//..
850964 [main] INFO utilities.listener.WebEventListener  - Before Finding element: By.xpath: //input[@id='NewAddressGroup_COA']//..
2022-01-31/12:21:59.959  INFO: listener.WebEventListener - beforeClickOn xpath: //input[@id='NewAddressGroup_COA']//..]
850989 [main] INFO utilities.listener.WebEventListener  - beforeClickOn xpath: //input[@id='NewAddressGroup_COA']//..]
850989 [main] INFO utilities.listener.WebEventListener  - beforeClickOn xpath: //input[@id='NewAddressGroup_COA']//..]
850989 [main] INFO utilities.listener.WebEventListener  - beforeClickOn xpath: //input[@id='NewAddressGroup_COA']//..]
2022-01-31/12:22:00.132  INFO: listener.WebEventListener - after click on
851162 [main] INFO utilities.listener.WebEventListener  - after click on
851162 [main] INFO utilities.listener.WebEventListener  - after click on
851162 [main] INFO utilities.listener.WebEventListener  - after click on
2022-01-31/12:22:00.132  INFO: listener.WebEventListener - Before Finding element: By.xpath: //div[@class='v-menu__content theme--light v-menu__content--fixed menuable__content__active']//div[contains(text(),'Home')]
851162 [main] INFO utilities.listener.WebEventListener  - Before Finding element: By.xpath: //div[@class='v-menu__content theme--light v-menu__content--fixed menuable__content__active']//div[contains(text(),'Home')]
851162 [main] INFO utilities.listener.WebEventListener  - Before Finding element: By.xpath: //div[@class='v-menu__content theme--light v-menu__content--fixed menuable__content__active']//div[contains(text(),'Home')]
851162 [main] INFO utilities.listener.WebEventListener  - Before Finding element: By.xpath: //div[@class='v-menu__content theme--light v-menu__content--fixed menuable__content__active']//div[contains(text(),'Home')]
2022-01-31/12:22:00.165  INFO: listener.WebEventListener - Before Finding element: By.xpath: //div[@class='v-menu__content theme--light v-menu__content--fixed menuable__content__active']//div[contains(text(),'Home')]
851195 [main] INFO utilities.listener.WebEventListener  - Before Finding element: By.xpath: //div[@class='v-menu__content theme--light v-menu__content--fixed menuable__content__active']//div[contains(text(),'Home')]
851195 [main] INFO utilities.listener.WebEventListener  - Before Finding element: By.xpath: //div[@class='v-menu__content theme--light v-menu__content--fixed menuable__content__active']//div[contains(text(),'Home')]
851195 [main] INFO utilities.listener.WebEventListener  - Before Finding element: By.xpath: //div[@class='v-menu__content theme--light v-menu__content--fixed menuable__content__active']//div[contains(text(),'Home')]
2022-01-31/12:22:00.451  INFO: listener.WebEventListener - Before Finding element: By.xpath: //div[@class='v-menu__content theme--light v-menu__content--fixed menuable__content__active']//div[contains(text(),'Home')]
851481 [main] INFO utilities.listener.WebEventListener  - Before Finding element: By.xpath: //div[@class='v-menu__content theme--light v-menu__content--fixed menuable__content__active']//div[contains(text(),'Home')]
851481 [main] INFO utilities.listener.WebEventListener  - Before Finding element: By.xpath: //div[@class='v-menu__content theme--light v-menu__content--fixed menuable__content__active']//div[contains(text(),'Home')]
851481 [main] INFO utilities.listener.WebEventListener  - Before Finding element: By.xpath: //div[@class='v-menu__content theme--light v-menu__content--fixed menuable__content__active']//div[contains(text(),'Home')]
2022-01-31/12:22:00.746  INFO: listener.WebEventListener - Before Finding element: By.xpath: //div[@class='v-menu__content theme--light v-menu__content--fixed menuable__content__active']//div[contains(text(),'Home')]
851776 [main] INFO utilities.listener.WebEventListener  - Before Finding element: By.xpath: //div[@class='v-menu__content theme--light v-menu__content--fixed menuable__content__active']//div[contains(text(),'Home')]
851776 [main] INFO utilities.listener.WebEventListener  - Before Finding element: By.xpath: //div[@class='v-menu__content theme--light v-menu__content--fixed menuable__content__active']//div[contains(text(),'Home')]
851776 [main] INFO utilities.listener.WebEventListener  - Before Finding element: By.xpath: //div[@class='v-menu__content theme--light v-menu__content--fixed menuable__content__active']//div[contains(text(),'Home')]
2022-01-31/12:22:00.803  INFO: listener.WebEventListener - Before Finding element: By.xpath: //div[@class='v-menu__content theme--light v-menu__content--fixed menuable__content__active']//div[contains(text(),'Home')]
851833 [main] INFO utilities.listener.WebEventListener  - Before Finding element: By.xpath: //div[@class='v-menu__content theme--light v-menu__content--fixed menuable__content__active']//div[contains(text(),'Home')]
851833 [main] INFO utilities.listener.WebEventListener  - Before Finding element: By.xpath: //div[@class='v-menu__content theme--light v-menu__content--fixed menuable__content__active']//div[contains(text(),'Home')]
851833 [main] INFO utilities.listener.WebEventListener  - Before Finding element: By.xpath: //div[@class='v-menu__content theme--light v-menu__content--fixed menuable__content__active']//div[contains(text(),'Home')]
2022-01-31/12:22:00.838  INFO: listener.WebEventListener - Before Finding element: By.xpath: //div[@class='v-menu__content theme--light v-menu__content--fixed menuable__content__active']//div[contains(text(),'Home')]
851868 [main] INFO utilities.listener.WebEventListener  - Before Finding element: By.xpath: //div[@class='v-menu__content theme--light v-menu__content--fixed menuable__content__active']//div[contains(text(),'Home')]
851868 [main] INFO utilities.listener.WebEventListener  - Before Finding element: By.xpath: //div[@class='v-menu__content theme--light v-menu__content--fixed menuable__content__active']//div[contains(text(),'Home')]
851868 [main] INFO utilities.listener.WebEventListener  - Before Finding element: By.xpath: //div[@class='v-menu__content theme--light v-menu__content--fixed menuable__content__active']//div[contains(text(),'Home')]
2022-01-31/12:22:00.847  INFO: listener.WebEventListener - beforeClickOn xpath: //div[@class='v-menu__content theme--light v-menu__content--fixed menuable__content__active']//div[contains(text(),'Home')]]
851877 [main] INFO utilities.listener.WebEventListener  - beforeClickOn xpath: //div[@class='v-menu__content theme--light v-menu__content--fixed menuable__content__active']//div[contains(text(),'Home')]]
851877 [main] INFO utilities.listener.WebEventListener  - beforeClickOn xpath: //div[@class='v-menu__content theme--light v-menu__content--fixed menuable__content__active']//div[contains(text(),'Home')]]
851877 [main] INFO utilities.listener.WebEventListener  - beforeClickOn xpath: //div[@class='v-menu__content theme--light v-menu__content--fixed menuable__content__active']//div[contains(text(),'Home')]]
2022-01-31/12:22:00.952  INFO: listener.WebEventListener - after click on
851982 [main] INFO utilities.listener.WebEventListener  - after click on
851982 [main] INFO utilities.listener.WebEventListener  - after click on
851982 [main] INFO utilities.listener.WebEventListener  - after click on
2022-01-31/12:22:02.966  INFO: listener.WebEventListener - Before Finding element: By.xpath: //input[@id='NewAddressType_COA']//..
853996 [main] INFO utilities.listener.WebEventListener  - Before Finding element: By.xpath: //input[@id='NewAddressType_COA']//..
853996 [main] INFO utilities.listener.WebEventListener  - Before Finding element: By.xpath: //input[@id='NewAddressType_COA']//..
853996 [main] INFO utilities.listener.WebEventListener  - Before Finding element: By.xpath: //input[@id='NewAddressType_COA']//..
2022-01-31/12:22:03.040  INFO: listener.WebEventListener - Before Finding element: By.xpath: //input[@id='NewAddressType_COA']//..
854070 [main] INFO utilities.listener.WebEventListener  - Before Finding element: By.xpath: //input[@id='NewAddressType_COA']//..
854070 [main] INFO utilities.listener.WebEventListener  - Before Finding element: By.xpath: //input[@id='NewAddressType_COA']//..
854070 [main] INFO utilities.listener.WebEventListener  - Before Finding element: By.xpath: //input[@id='NewAddressType_COA']//..
2022-01-31/12:22:03.059  INFO: listener.WebEventListener - Before Finding element: By.xpath: //input[@id='NewAddressType_COA']//..
854089 [main] INFO utilities.listener.WebEventListener  - Before Finding element: By.xpath: //input[@id='NewAddressType_COA']//..
854089 [main] INFO utilities.listener.WebEventListener  - Before Finding element: By.xpath: //input[@id='NewAddressType_COA']//..
854089 [main] INFO utilities.listener.WebEventListener  - Before Finding element: By.xpath: //input[@id='NewAddressType_COA']//..
2022-01-31/12:22:03.081  INFO: listener.WebEventListener - beforeClickOn xpath: //input[@id='NewAddressType_COA']//..]
854111 [main] INFO utilities.listener.WebEventListener  - beforeClickOn xpath: //input[@id='NewAddressType_COA']//..]
854111 [main] INFO utilities.listener.WebEventListener  - beforeClickOn xpath: //input[@id='NewAddressType_COA']//..]
854111 [main] INFO utilities.listener.WebEventListener  - beforeClickOn xpath: //input[@id='NewAddressType_COA']//..]
2022-01-31/12:22:03.142  INFO: listener.WebEventListener - after click on
854172 [main] INFO utilities.listener.WebEventListener  - after click on
854172 [main] INFO utilities.listener.WebEventListener  - after click on
854172 [main] INFO utilities.listener.WebEventListener  - after click on
2022-01-31/12:22:03.142  INFO: listener.WebEventListener - Before Finding element: By.xpath: //div[@class='v-menu__content theme--light v-menu__content--fixed menuable__content__active']//div[contains(text(),'Home')]
854172 [main] INFO utilities.listener.WebEventListener  - Before Finding element: By.xpath: //div[@class='v-menu__content theme--light v-menu__content--fixed menuable__content__active']//div[contains(text(),'Home')]
854172 [main] INFO utilities.listener.WebEventListener  - Before Finding element: By.xpath: //div[@class='v-menu__content theme--light v-menu__content--fixed menuable__content__active']//div[contains(text(),'Home')]
854172 [main] INFO utilities.listener.WebEventListener  - Before Finding element: By.xpath: //div[@class='v-menu__content theme--light v-menu__content--fixed menuable__content__active']//div[contains(text(),'Home')]
2022-01-31/12:22:03.170  INFO: listener.WebEventListener - Before Finding element: By.xpath: //div[@class='v-menu__content theme--light v-menu__content--fixed menuable__content__active']//div[contains(text(),'Home')]
854200 [main] INFO utilities.listener.WebEventListener  - Before Finding element: By.xpath: //div[@class='v-menu__content theme--light v-menu__content--fixed menuable__content__active']//div[contains(text(),'Home')]
854200 [main] INFO utilities.listener.WebEventListener  - Before Finding element: By.xpath: //div[@class='v-menu__content theme--light v-menu__content--fixed menuable__content__active']//div[contains(text(),'Home')]
854200 [main] INFO utilities.listener.WebEventListener  - Before Finding element: By.xpath: //div[@class='v-menu__content theme--light v-menu__content--fixed menuable__content__active']//div[contains(text(),'Home')]
2022-01-31/12:22:03.452  INFO: listener.WebEventListener - Before Finding element: By.xpath: //div[@class='v-menu__content theme--light v-menu__content--fixed menuable__content__active']//div[contains(text(),'Home')]
854482 [main] INFO utilities.listener.WebEventListener  - Before Finding element: By.xpath: //div[@class='v-menu__content theme--light v-menu__content--fixed menuable__content__active']//div[contains(text(),'Home')]
854482 [main] INFO utilities.listener.WebEventListener  - Before Finding element: By.xpath: //div[@class='v-menu__content theme--light v-menu__content--fixed menuable__content__active']//div[contains(text(),'Home')]
854482 [main] INFO utilities.listener.WebEventListener  - Before Finding element: By.xpath: //div[@class='v-menu__content theme--light v-menu__content--fixed menuable__content__active']//div[contains(text(),'Home')]
2022-01-31/12:22:03.781  INFO: listener.WebEventListener - Before Finding element: By.xpath: //div[@class='v-menu__content theme--light v-menu__content--fixed menuable__content__active']//div[contains(text(),'Home')]
854811 [main] INFO utilities.listener.WebEventListener  - Before Finding element: By.xpath: //div[@class='v-menu__content theme--light v-menu__content--fixed menuable__content__active']//div[contains(text(),'Home')]
854811 [main] INFO utilities.listener.WebEventListener  - Before Finding element: By.xpath: //div[@class='v-menu__content theme--light v-menu__content--fixed menuable__content__active']//div[contains(text(),'Home')]
854811 [main] INFO utilities.listener.WebEventListener  - Before Finding element: By.xpath: //div[@class='v-menu__content theme--light v-menu__content--fixed menuable__content__active']//div[contains(text(),'Home')]
2022-01-31/12:22:03.846  INFO: listener.WebEventListener - Before Finding element: By.xpath: //div[@class='v-menu__content theme--light v-menu__content--fixed menuable__content__active']//div[contains(text(),'Home')]
854876 [main] INFO utilities.listener.WebEventListener  - Before Finding element: By.xpath: //div[@class='v-menu__content theme--light v-menu__content--fixed menuable__content__active']//div[contains(text(),'Home')]
854876 [main] INFO utilities.listener.WebEventListener  - Before Finding element: By.xpath: //div[@class='v-menu__content theme--light v-menu__content--fixed menuable__content__active']//div[contains(text(),'Home')]
854876 [main] INFO utilities.listener.WebEventListener  - Before Finding element: By.xpath: //div[@class='v-menu__content theme--light v-menu__content--fixed menuable__content__active']//div[contains(text(),'Home')]
2022-01-31/12:22:03.873  INFO: listener.WebEventListener - Before Finding element: By.xpath: //div[@class='v-menu__content theme--light v-menu__content--fixed menuable__content__active']//div[contains(text(),'Home')]
854903 [main] INFO utilities.listener.WebEventListener  - Before Finding element: By.xpath: //div[@class='v-menu__content theme--light v-menu__content--fixed menuable__content__active']//div[contains(text(),'Home')]
854903 [main] INFO utilities.listener.WebEventListener  - Before Finding element: By.xpath: //div[@class='v-menu__content theme--light v-menu__content--fixed menuable__content__active']//div[contains(text(),'Home')]
854903 [main] INFO utilities.listener.WebEventListener  - Before Finding element: By.xpath: //div[@class='v-menu__content theme--light v-menu__content--fixed menuable__content__active']//div[contains(text(),'Home')]
2022-01-31/12:22:03.915  INFO: listener.WebEventListener - beforeClickOn xpath: //div[@class='v-menu__content theme--light v-menu__content--fixed menuable__content__active']//div[contains(text(),'Home')]]
854945 [main] INFO utilities.listener.WebEventListener  - beforeClickOn xpath: //div[@class='v-menu__content theme--light v-menu__content--fixed menuable__content__active']//div[contains(text(),'Home')]]
854945 [main] INFO utilities.listener.WebEventListener  - beforeClickOn xpath: //div[@class='v-menu__content theme--light v-menu__content--fixed menuable__content__active']//div[contains(text(),'Home')]]
854945 [main] INFO utilities.listener.WebEventListener  - beforeClickOn xpath: //div[@class='v-menu__content theme--light v-menu__content--fixed menuable__content__active']//div[contains(text(),'Home')]]
2022-01-31/12:22:03.997  INFO: listener.WebEventListener - after click on
855027 [main] INFO utilities.listener.WebEventListener  - after click on
855027 [main] INFO utilities.listener.WebEventListener  - after click on
855027 [main] INFO utilities.listener.WebEventListener  - after click on
2022-01-31/12:22:03.997  INFO: listener.WebEventListener - Before Finding element: By.xpath: //input[@id='SearchDeliveryAddress_COA']
855027 [main] INFO utilities.listener.WebEventListener  - Before Finding element: By.xpath: //input[@id='SearchDeliveryAddress_COA']
855027 [main] INFO utilities.listener.WebEventListener  - Before Finding element: By.xpath: //input[@id='SearchDeliveryAddress_COA']
855027 [main] INFO utilities.listener.WebEventListener  - Before Finding element: By.xpath: //input[@id='SearchDeliveryAddress_COA']
2022-01-31/12:22:04.041  INFO: listener.WebEventListener - Before Finding element: By.xpath: //input[@id='SearchDeliveryAddress_COA']
855071 [main] INFO utilities.listener.WebEventListener  - Before Finding element: By.xpath: //input[@id='SearchDeliveryAddress_COA']
855071 [main] INFO utilities.listener.WebEventListener  - Before Finding element: By.xpath: //input[@id='SearchDeliveryAddress_COA']
855071 [main] INFO utilities.listener.WebEventListener  - Before Finding element: By.xpath: //input[@id='SearchDeliveryAddress_COA']
2022-01-31/12:22:04.069  INFO: listener.WebEventListener - Before Finding element: By.xpath: //input[@id='SearchDeliveryAddress_COA']
855099 [main] INFO utilities.listener.WebEventListener  - Before Finding element: By.xpath: //input[@id='SearchDeliveryAddress_COA']
855099 [main] INFO utilities.listener.WebEventListener  - Before Finding element: By.xpath: //input[@id='SearchDeliveryAddress_COA']
855099 [main] INFO utilities.listener.WebEventListener  - Before Finding element: By.xpath: //input[@id='SearchDeliveryAddress_COA']
2022-01-31/12:22:04.155  INFO: listener.WebEventListener - Default Value :
855185 [main] INFO utilities.listener.WebEventListener  - Default Value :
855185 [main] INFO utilities.listener.WebEventListener  - Default Value :
855185 [main] INFO utilities.listener.WebEventListener  - Default Value :
2022-01-31/12:22:04.881  INFO: listener.WebEventListener - Entered Value :27 Wrench Road, Isando, Kempton Park, South Africa
855911 [main] INFO utilities.listener.WebEventListener  - Entered Value :27 Wrench Road, Isando, Kempton Park, South Africa
855911 [main] INFO utilities.listener.WebEventListener  - Entered Value :27 Wrench Road, Isando, Kempton Park, South Africa
855911 [main] INFO utilities.listener.WebEventListener  - Entered Value :27 Wrench Road, Isando, Kempton Park, South Africa
2022-01-31/12:22:14.893  INFO: listener.WebEventListener - Before Finding element: By.xpath: //span[contains(text(),'27 Wrench Road, Isando, Kempton Park, South Africa')]
865923 [main] INFO utilities.listener.WebEventListener  - Before Finding element: By.xpath: //span[contains(text(),'27 Wrench Road, Isando, Kempton Park, South Africa')]
865923 [main] INFO utilities.listener.WebEventListener  - Before Finding element: By.xpath: //span[contains(text(),'27 Wrench Road, Isando, Kempton Park, South Africa')]
865923 [main] INFO utilities.listener.WebEventListener  - Before Finding element: By.xpath: //span[contains(text(),'27 Wrench Road, Isando, Kempton Park, South Africa')]
2022-01-31/12:22:14.962  INFO: listener.WebEventListener - Before Finding element: By.xpath: //span[contains(text(),'27 Wrench Road, Isando, Kempton Park, South Africa')]
865992 [main] INFO utilities.listener.WebEventListener  - Before Finding element: By.xpath: //span[contains(text(),'27 Wrench Road, Isando, Kempton Park, South Africa')]
865992 [main] INFO utilities.listener.WebEventListener  - Before Finding element: By.xpath: //span[contains(text(),'27 Wrench Road, Isando, Kempton Park, South Africa')]
865992 [main] INFO utilities.listener.WebEventListener  - Before Finding element: By.xpath: //span[contains(text(),'27 Wrench Road, Isando, Kempton Park, South Africa')]
2022-01-31/12:22:14.986  INFO: listener.WebEventListener - Before Finding element: By.xpath: //span[contains(text(),'27 Wrench Road, Isando, Kempton Park, South Africa')]
866016 [main] INFO utilities.listener.WebEventListener  - Before Finding element: By.xpath: //span[contains(text(),'27 Wrench Road, Isando, Kempton Park, South Africa')]
866016 [main] INFO utilities.listener.WebEventListener  - Before Finding element: By.xpath: //span[contains(text(),'27 Wrench Road, Isando, Kempton Park, South Africa')]
866016 [main] INFO utilities.listener.WebEventListener  - Before Finding element: By.xpath: //span[contains(text(),'27 Wrench Road, Isando, Kempton Park, South Africa')]
2022-01-31/12:22:15.008  INFO: listener.WebEventListener - beforeClickOn xpath: //span[contains(text(),'27 Wrench Road, Isando, Kempton Park, South Africa')]]
866038 [main] INFO utilities.listener.WebEventListener  - beforeClickOn xpath: //span[contains(text(),'27 Wrench Road, Isando, Kempton Park, South Africa')]]
866038 [main] INFO utilities.listener.WebEventListener  - beforeClickOn xpath: //span[contains(text(),'27 Wrench Road, Isando, Kempton Park, South Africa')]]
866038 [main] INFO utilities.listener.WebEventListener  - beforeClickOn xpath: //span[contains(text(),'27 Wrench Road, Isando, Kempton Park, South Africa')]]
2022-01-31/12:22:15.101  INFO: listener.WebEventListener - after click on
866131 [main] INFO utilities.listener.WebEventListener  - after click on
866131 [main] INFO utilities.listener.WebEventListener  - after click on
866131 [main] INFO utilities.listener.WebEventListener  - after click on
2022-01-31/12:22:20.116  INFO: listener.WebEventListener - Before Finding element: By.xpath: //div[contains(text(),'New Sender Contact')]
871146 [main] INFO utilities.listener.WebEventListener  - Before Finding element: By.xpath: //div[contains(text(),'New Sender Contact')]
871146 [main] INFO utilities.listener.WebEventListener  - Before Finding element: By.xpath: //div[contains(text(),'New Sender Contact')]
871146 [main] INFO utilities.listener.WebEventListener  - Before Finding element: By.xpath: //div[contains(text(),'New Sender Contact')]
2022-01-31/12:22:20.162  INFO: listener.WebEventListener - Before Finding element: By.xpath: //div[contains(text(),'New Sender Contact')]
871192 [main] INFO utilities.listener.WebEventListener  - Before Finding element: By.xpath: //div[contains(text(),'New Sender Contact')]
871192 [main] INFO utilities.listener.WebEventListener  - Before Finding element: By.xpath: //div[contains(text(),'New Sender Contact')]
871192 [main] INFO utilities.listener.WebEventListener  - Before Finding element: By.xpath: //div[contains(text(),'New Sender Contact')]
2022-01-31/12:22:20.194  INFO: listener.WebEventListener - Before Finding element: By.xpath: //div[contains(text(),'New Sender Contact')]
871224 [main] INFO utilities.listener.WebEventListener  - Before Finding element: By.xpath: //div[contains(text(),'New Sender Contact')]
871224 [main] INFO utilities.listener.WebEventListener  - Before Finding element: By.xpath: //div[contains(text(),'New Sender Contact')]
871224 [main] INFO utilities.listener.WebEventListener  - Before Finding element: By.xpath: //div[contains(text(),'New Sender Contact')]
2022-01-31/12:22:20.218  INFO: listener.WebEventListener - beforeClickOn xpath: //div[contains(text(),'New Sender Contact')]]
871248 [main] INFO utilities.listener.WebEventListener  - beforeClickOn xpath: //div[contains(text(),'New Sender Contact')]]
871248 [main] INFO utilities.listener.WebEventListener  - beforeClickOn xpath: //div[contains(text(),'New Sender Contact')]]
871248 [main] INFO utilities.listener.WebEventListener  - beforeClickOn xpath: //div[contains(text(),'New Sender Contact')]]
2022-01-31/12:22:20.312  INFO: listener.WebEventListener - after click on
871342 [main] INFO utilities.listener.WebEventListener  - after click on
871342 [main] INFO utilities.listener.WebEventListener  - after click on
871342 [main] INFO utilities.listener.WebEventListener  - after click on
2022-01-31/12:22:20.312  INFO: listener.WebEventListener - Before Finding element: By.xpath: //input[@id='NewPrimaryNumberType']//..
871342 [main] INFO utilities.listener.WebEventListener  - Before Finding element: By.xpath: //input[@id='NewPrimaryNumberType']//..
871342 [main] INFO utilities.listener.WebEventListener  - Before Finding element: By.xpath: //input[@id='NewPrimaryNumberType']//..
871342 [main] INFO utilities.listener.WebEventListener  - Before Finding element: By.xpath: //input[@id='NewPrimaryNumberType']//..
2022-01-31/12:22:20.931  INFO: listener.WebEventListener - Before Finding element: By.xpath: //input[@id='NewPrimaryNumberType']//..
871961 [main] INFO utilities.listener.WebEventListener  - Before Finding element: By.xpath: //input[@id='NewPrimaryNumberType']//..
871961 [main] INFO utilities.listener.WebEventListener  - Before Finding element: By.xpath: //input[@id='NewPrimaryNumberType']//..
871961 [main] INFO utilities.listener.WebEventListener  - Before Finding element: By.xpath: //input[@id='NewPrimaryNumberType']//..
2022-01-31/12:22:20.990  INFO: listener.WebEventListener - Before Finding element: By.xpath: //input[@id='NewPrimaryNumberType']//..
872020 [main] INFO utilities.listener.WebEventListener  - Before Finding element: By.xpath: //input[@id='NewPrimaryNumberType']//..
872020 [main] INFO utilities.listener.WebEventListener  - Before Finding element: By.xpath: //input[@id='NewPrimaryNumberType']//..
872020 [main] INFO utilities.listener.WebEventListener  - Before Finding element: By.xpath: //input[@id='NewPrimaryNumberType']//..
2022-01-31/12:22:21.020  INFO: listener.WebEventListener - Before Finding element: By.xpath: //input[@id='NewPrimaryNumberType']//..
872050 [main] INFO utilities.listener.WebEventListener  - Before Finding element: By.xpath: //input[@id='NewPrimaryNumberType']//..
872050 [main] INFO utilities.listener.WebEventListener  - Before Finding element: By.xpath: //input[@id='NewPrimaryNumberType']//..
872050 [main] INFO utilities.listener.WebEventListener  - Before Finding element: By.xpath: //input[@id='NewPrimaryNumberType']//..
2022-01-31/12:22:21.045  INFO: listener.WebEventListener - beforeClickOn xpath: //input[@id='NewPrimaryNumberType']//..]
872075 [main] INFO utilities.listener.WebEventListener  - beforeClickOn xpath: //input[@id='NewPrimaryNumberType']//..]
872075 [main] INFO utilities.listener.WebEventListener  - beforeClickOn xpath: //input[@id='NewPrimaryNumberType']//..]
872075 [main] INFO utilities.listener.WebEventListener  - beforeClickOn xpath: //input[@id='NewPrimaryNumberType']//..]
2022-01-31/12:22:21.186  INFO: listener.WebEventListener - after click on
872216 [main] INFO utilities.listener.WebEventListener  - after click on
872216 [main] INFO utilities.listener.WebEventListener  - after click on
872216 [main] INFO utilities.listener.WebEventListener  - after click on
2022-01-31/12:22:21.187  INFO: listener.WebEventListener - Before Finding element: By.xpath: //div[@class='v-menu__content theme--light v-menu__content--fixed menuable__content__active']//div[contains(text(),'Mobile')]
872217 [main] INFO utilities.listener.WebEventListener  - Before Finding element: By.xpath: //div[@class='v-menu__content theme--light v-menu__content--fixed menuable__content__active']//div[contains(text(),'Mobile')]
872217 [main] INFO utilities.listener.WebEventListener  - Before Finding element: By.xpath: //div[@class='v-menu__content theme--light v-menu__content--fixed menuable__content__active']//div[contains(text(),'Mobile')]
872217 [main] INFO utilities.listener.WebEventListener  - Before Finding element: By.xpath: //div[@class='v-menu__content theme--light v-menu__content--fixed menuable__content__active']//div[contains(text(),'Mobile')]
2022-01-31/12:22:21.225  INFO: listener.WebEventListener - Before Finding element: By.xpath: //div[@class='v-menu__content theme--light v-menu__content--fixed menuable__content__active']//div[contains(text(),'Mobile')]
872255 [main] INFO utilities.listener.WebEventListener  - Before Finding element: By.xpath: //div[@class='v-menu__content theme--light v-menu__content--fixed menuable__content__active']//div[contains(text(),'Mobile')]
872255 [main] INFO utilities.listener.WebEventListener  - Before Finding element: By.xpath: //div[@class='v-menu__content theme--light v-menu__content--fixed menuable__content__active']//div[contains(text(),'Mobile')]
872255 [main] INFO utilities.listener.WebEventListener  - Before Finding element: By.xpath: //div[@class='v-menu__content theme--light v-menu__content--fixed menuable__content__active']//div[contains(text(),'Mobile')]
2022-01-31/12:22:21.527  INFO: listener.WebEventListener - Before Finding element: By.xpath: //div[@class='v-menu__content theme--light v-menu__content--fixed menuable__content__active']//div[contains(text(),'Mobile')]
872557 [main] INFO utilities.listener.WebEventListener  - Before Finding element: By.xpath: //div[@class='v-menu__content theme--light v-menu__content--fixed menuable__content__active']//div[contains(text(),'Mobile')]
872557 [main] INFO utilities.listener.WebEventListener  - Before Finding element: By.xpath: //div[@class='v-menu__content theme--light v-menu__content--fixed menuable__content__active']//div[contains(text(),'Mobile')]
872557 [main] INFO utilities.listener.WebEventListener  - Before Finding element: By.xpath: //div[@class='v-menu__content theme--light v-menu__content--fixed menuable__content__active']//div[contains(text(),'Mobile')]
2022-01-31/12:22:21.565  INFO: listener.WebEventListener - Before Finding element: By.xpath: //div[@class='v-menu__content theme--light v-menu__content--fixed menuable__content__active']//div[contains(text(),'Mobile')]
872595 [main] INFO utilities.listener.WebEventListener  - Before Finding element: By.xpath: //div[@class='v-menu__content theme--light v-menu__content--fixed menuable__content__active']//div[contains(text(),'Mobile')]
872595 [main] INFO utilities.listener.WebEventListener  - Before Finding element: By.xpath: //div[@class='v-menu__content theme--light v-menu__content--fixed menuable__content__active']//div[contains(text(),'Mobile')]
872595 [main] INFO utilities.listener.WebEventListener  - Before Finding element: By.xpath: //div[@class='v-menu__content theme--light v-menu__content--fixed menuable__content__active']//div[contains(text(),'Mobile')]
2022-01-31/12:22:21.585  INFO: listener.WebEventListener - Before Finding element: By.xpath: //div[@class='v-menu__content theme--light v-menu__content--fixed menuable__content__active']//div[contains(text(),'Mobile')]
872615 [main] INFO utilities.listener.WebEventListener  - Before Finding element: By.xpath: //div[@class='v-menu__content theme--light v-menu__content--fixed menuable__content__active']//div[contains(text(),'Mobile')]
872615 [main] INFO utilities.listener.WebEventListener  - Before Finding element: By.xpath: //div[@class='v-menu__content theme--light v-menu__content--fixed menuable__content__active']//div[contains(text(),'Mobile')]
872615 [main] INFO utilities.listener.WebEventListener  - Before Finding element: By.xpath: //div[@class='v-menu__content theme--light v-menu__content--fixed menuable__content__active']//div[contains(text(),'Mobile')]
2022-01-31/12:22:21.629  INFO: listener.WebEventListener - beforeClickOn xpath: //div[@class='v-menu__content theme--light v-menu__content--fixed menuable__content__active']//div[contains(text(),'Mobile')]]
872659 [main] INFO utilities.listener.WebEventListener  - beforeClickOn xpath: //div[@class='v-menu__content theme--light v-menu__content--fixed menuable__content__active']//div[contains(text(),'Mobile')]]
872659 [main] INFO utilities.listener.WebEventListener  - beforeClickOn xpath: //div[@class='v-menu__content theme--light v-menu__content--fixed menuable__content__active']//div[contains(text(),'Mobile')]]
872659 [main] INFO utilities.listener.WebEventListener  - beforeClickOn xpath: //div[@class='v-menu__content theme--light v-menu__content--fixed menuable__content__active']//div[contains(text(),'Mobile')]]
2022-01-31/12:22:21.786  INFO: listener.WebEventListener - after click on
872816 [main] INFO utilities.listener.WebEventListener  - after click on
872816 [main] INFO utilities.listener.WebEventListener  - after click on
872816 [main] INFO utilities.listener.WebEventListener  - after click on
2022-01-31/12:22:21.786  INFO: listener.WebEventListener - Before Finding element: By.xpath: //input[@id='NewPrimaryContact']
872816 [main] INFO utilities.listener.WebEventListener  - Before Finding element: By.xpath: //input[@id='NewPrimaryContact']
872816 [main] INFO utilities.listener.WebEventListener  - Before Finding element: By.xpath: //input[@id='NewPrimaryContact']
872816 [main] INFO utilities.listener.WebEventListener  - Before Finding element: By.xpath: //input[@id='NewPrimaryContact']
2022-01-31/12:22:21.855  INFO: listener.WebEventListener - Before Finding element: By.xpath: //input[@id='NewPrimaryContact']
872885 [main] INFO utilities.listener.WebEventListener  - Before Finding element: By.xpath: //input[@id='NewPrimaryContact']
872885 [main] INFO utilities.listener.WebEventListener  - Before Finding element: By.xpath: //input[@id='NewPrimaryContact']
872885 [main] INFO utilities.listener.WebEventListener  - Before Finding element: By.xpath: //input[@id='NewPrimaryContact']
2022-01-31/12:22:21.889  INFO: listener.WebEventListener - Before Finding element: By.xpath: //input[@id='NewPrimaryContact']
872919 [main] INFO utilities.listener.WebEventListener  - Before Finding element: By.xpath: //input[@id='NewPrimaryContact']
872919 [main] INFO utilities.listener.WebEventListener  - Before Finding element: By.xpath: //input[@id='NewPrimaryContact']
872919 [main] INFO utilities.listener.WebEventListener  - Before Finding element: By.xpath: //input[@id='NewPrimaryContact']
2022-01-31/12:22:21.971  INFO: listener.WebEventListener - Default Value :
873001 [main] INFO utilities.listener.WebEventListener  - Default Value :
873001 [main] INFO utilities.listener.WebEventListener  - Default Value :
873001 [main] INFO utilities.listener.WebEventListener  - Default Value :
2022-01-31/12:22:22.324  INFO: listener.WebEventListener - Entered Value :984 865 5555
873354 [main] INFO utilities.listener.WebEventListener  - Entered Value :984 865 5555
873354 [main] INFO utilities.listener.WebEventListener  - Entered Value :984 865 5555
873354 [main] INFO utilities.listener.WebEventListener  - Entered Value :984 865 5555
2022-01-31/12:22:22.325  INFO: listener.WebEventListener - Before Finding element: By.xpath: //input[@id='NewEmailAddress']
873355 [main] INFO utilities.listener.WebEventListener  - Before Finding element: By.xpath: //input[@id='NewEmailAddress']
873355 [main] INFO utilities.listener.WebEventListener  - Before Finding element: By.xpath: //input[@id='NewEmailAddress']
873355 [main] INFO utilities.listener.WebEventListener  - Before Finding element: By.xpath: //input[@id='NewEmailAddress']
2022-01-31/12:22:22.382  INFO: listener.WebEventListener - Before Finding element: By.xpath: //input[@id='NewEmailAddress']
873412 [main] INFO utilities.listener.WebEventListener  - Before Finding element: By.xpath: //input[@id='NewEmailAddress']
873412 [main] INFO utilities.listener.WebEventListener  - Before Finding element: By.xpath: //input[@id='NewEmailAddress']
873412 [main] INFO utilities.listener.WebEventListener  - Before Finding element: By.xpath: //input[@id='NewEmailAddress']
2022-01-31/12:22:22.399  INFO: listener.WebEventListener - Before Finding element: By.xpath: //input[@id='NewEmailAddress']
873429 [main] INFO utilities.listener.WebEventListener  - Before Finding element: By.xpath: //input[@id='NewEmailAddress']
873429 [main] INFO utilities.listener.WebEventListener  - Before Finding element: By.xpath: //input[@id='NewEmailAddress']
873429 [main] INFO utilities.listener.WebEventListener  - Before Finding element: By.xpath: //input[@id='NewEmailAddress']
2022-01-31/12:22:22.489  INFO: listener.WebEventListener - Default Value :
873519 [main] INFO utilities.listener.WebEventListener  - Default Value :
873519 [main] INFO utilities.listener.WebEventListener  - Default Value :
873519 [main] INFO utilities.listener.WebEventListener  - Default Value :
2022-01-31/12:22:23.097  INFO: listener.WebEventListener - Entered Value :Nasreen.Khan@winjit.com
874127 [main] INFO utilities.listener.WebEventListener  - Entered Value :Nasreen.Khan@winjit.com
874127 [main] INFO utilities.listener.WebEventListener  - Entered Value :Nasreen.Khan@winjit.com
874127 [main] INFO utilities.listener.WebEventListener  - Entered Value :Nasreen.Khan@winjit.com
2022-01-31/12:22:23.098  INFO: listener.WebEventListener - Before Finding element: By.xpath: //button[@id='NewSubmitCustomer']
874128 [main] INFO utilities.listener.WebEventListener  - Before Finding element: By.xpath: //button[@id='NewSubmitCustomer']
874128 [main] INFO utilities.listener.WebEventListener  - Before Finding element: By.xpath: //button[@id='NewSubmitCustomer']
874128 [main] INFO utilities.listener.WebEventListener  - Before Finding element: By.xpath: //button[@id='NewSubmitCustomer']
2022-01-31/12:22:23.144  INFO: listener.WebEventListener - Before Finding element: By.xpath: //button[@id='NewSubmitCustomer']
874174 [main] INFO utilities.listener.WebEventListener  - Before Finding element: By.xpath: //button[@id='NewSubmitCustomer']
874174 [main] INFO utilities.listener.WebEventListener  - Before Finding element: By.xpath: //button[@id='NewSubmitCustomer']
874174 [main] INFO utilities.listener.WebEventListener  - Before Finding element: By.xpath: //button[@id='NewSubmitCustomer']
2022-01-31/12:22:23.163  INFO: listener.WebEventListener - Before Finding element: By.xpath: //button[@id='NewSubmitCustomer']
874193 [main] INFO utilities.listener.WebEventListener  - Before Finding element: By.xpath: //button[@id='NewSubmitCustomer']
874193 [main] INFO utilities.listener.WebEventListener  - Before Finding element: By.xpath: //button[@id='NewSubmitCustomer']
874193 [main] INFO utilities.listener.WebEventListener  - Before Finding element: By.xpath: //button[@id='NewSubmitCustomer']
2022-01-31/12:22:23.172  INFO: listener.WebEventListener - beforeClickOn xpath: //button[@id='NewSubmitCustomer']]
874202 [main] INFO utilities.listener.WebEventListener  - beforeClickOn xpath: //button[@id='NewSubmitCustomer']]
874202 [main] INFO utilities.listener.WebEventListener  - beforeClickOn xpath: //button[@id='NewSubmitCustomer']]
874202 [main] INFO utilities.listener.WebEventListener  - beforeClickOn xpath: //button[@id='NewSubmitCustomer']]
2022-01-31/12:22:23.257  INFO: listener.WebEventListener - after click on
874287 [main] INFO utilities.listener.WebEventListener  - after click on
874287 [main] INFO utilities.listener.WebEventListener  - after click on
874287 [main] INFO utilities.listener.WebEventListener  - after click on
2022-01-31/12:22:53.267  INFO: listener.WebEventListener - Before Finding element: By.xpath: //div[@id='stepReceiver']
904297 [main] INFO utilities.listener.WebEventListener  - Before Finding element: By.xpath: //div[@id='stepReceiver']
904297 [main] INFO utilities.listener.WebEventListener  - Before Finding element: By.xpath: //div[@id='stepReceiver']
904297 [main] INFO utilities.listener.WebEventListener  - Before Finding element: By.xpath: //div[@id='stepReceiver']
2022-01-31/12:22:53.322  INFO: listener.WebEventListener - beforeClickOn xpath: //div[@id='stepReceiver']]
904352 [main] INFO utilities.listener.WebEventListener  - beforeClickOn xpath: //div[@id='stepReceiver']]
904352 [main] INFO utilities.listener.WebEventListener  - beforeClickOn xpath: //div[@id='stepReceiver']]
904352 [main] INFO utilities.listener.WebEventListener  - beforeClickOn xpath: //div[@id='stepReceiver']]
2022-01-31/12:22:53.626  INFO: listener.WebEventListener - after click on
904656 [main] INFO utilities.listener.WebEventListener  - after click on
904656 [main] INFO utilities.listener.WebEventListener  - after click on
904656 [main] INFO utilities.listener.WebEventListener  - after click on
2022-01-31/12:22:53.689  INFO: listener.WebEventListener - Before Finding element: By.xpath: //button[@id='ReceiverResetSearch']//div
904719 [main] INFO utilities.listener.WebEventListener  - Before Finding element: By.xpath: //button[@id='ReceiverResetSearch']//div
904719 [main] INFO utilities.listener.WebEventListener  - Before Finding element: By.xpath: //button[@id='ReceiverResetSearch']//div
904719 [main] INFO utilities.listener.WebEventListener  - Before Finding element: By.xpath: //button[@id='ReceiverResetSearch']//div
2022-01-31/12:22:53.737  INFO: listener.WebEventListener - Before Finding element: By.xpath: //button[@id='ReceiverResetSearch']//div
904767 [main] INFO utilities.listener.WebEventListener  - Before Finding element: By.xpath: //button[@id='ReceiverResetSearch']//div
904767 [main] INFO utilities.listener.WebEventListener  - Before Finding element: By.xpath: //button[@id='ReceiverResetSearch']//div
904767 [main] INFO utilities.listener.WebEventListener  - Before Finding element: By.xpath: //button[@id='ReceiverResetSearch']//div
2022-01-31/12:22:54.031  INFO: listener.WebEventListener - Before Finding element: By.xpath: //button[@id='ReceiverResetSearch']//div
905061 [main] INFO utilities.listener.WebEventListener  - Before Finding element: By.xpath: //button[@id='ReceiverResetSearch']//div
905061 [main] INFO utilities.listener.WebEventListener  - Before Finding element: By.xpath: //button[@id='ReceiverResetSearch']//div
905061 [main] INFO utilities.listener.WebEventListener  - Before Finding element: By.xpath: //button[@id='ReceiverResetSearch']//div
2022-01-31/12:22:54.306  INFO: listener.WebEventListener - Before Finding element: By.xpath: //button[@id='ReceiverResetSearch']//div
905336 [main] INFO utilities.listener.WebEventListener  - Before Finding element: By.xpath: //button[@id='ReceiverResetSearch']//div
905336 [main] INFO utilities.listener.WebEventListener  - Before Finding element: By.xpath: //button[@id='ReceiverResetSearch']//div
905336 [main] INFO utilities.listener.WebEventListener  - Before Finding element: By.xpath: //button[@id='ReceiverResetSearch']//div
2022-01-31/12:22:54.628  INFO: listener.WebEventListener - Before Finding element: By.xpath: //button[@id='ReceiverResetSearch']//div
905658 [main] INFO utilities.listener.WebEventListener  - Before Finding element: By.xpath: //button[@id='ReceiverResetSearch']//div
905658 [main] INFO utilities.listener.WebEventListener  - Before Finding element: By.xpath: //button[@id='ReceiverResetSearch']//div
905658 [main] INFO utilities.listener.WebEventListener  - Before Finding element: By.xpath: //button[@id='ReceiverResetSearch']//div
2022-01-31/12:22:55.206  INFO: listener.WebEventListener - Before Finding element: By.xpath: //button[@id='ReceiverResetSearch']//div
906236 [main] INFO utilities.listener.WebEventListener  - Before Finding element: By.xpath: //button[@id='ReceiverResetSearch']//div
906236 [main] INFO utilities.listener.WebEventListener  - Before Finding element: By.xpath: //button[@id='ReceiverResetSearch']//div
906236 [main] INFO utilities.listener.WebEventListener  - Before Finding element: By.xpath: //button[@id='ReceiverResetSearch']//div
2022-01-31/12:22:55.697  INFO: listener.WebEventListener - Before Finding element: By.xpath: //button[@id='ReceiverResetSearch']//div
906727 [main] INFO utilities.listener.WebEventListener  - Before Finding element: By.xpath: //button[@id='ReceiverResetSearch']//div
906727 [main] INFO utilities.listener.WebEventListener  - Before Finding element: By.xpath: //button[@id='ReceiverResetSearch']//div
906727 [main] INFO utilities.listener.WebEventListener  - Before Finding element: By.xpath: //button[@id='ReceiverResetSearch']//div
2022-01-31/12:22:55.977  INFO: listener.WebEventListener - Before Finding element: By.xpath: //button[@id='ReceiverResetSearch']//div
907007 [main] INFO utilities.listener.WebEventListener  - Before Finding element: By.xpath: //button[@id='ReceiverResetSearch']//div
907007 [main] INFO utilities.listener.WebEventListener  - Before Finding element: By.xpath: //button[@id='ReceiverResetSearch']//div
907007 [main] INFO utilities.listener.WebEventListener  - Before Finding element: By.xpath: //button[@id='ReceiverResetSearch']//div
2022-01-31/12:22:56.262  INFO: listener.WebEventListener - Before Finding element: By.xpath: //button[@id='ReceiverResetSearch']//div
907292 [main] INFO utilities.listener.WebEventListener  - Before Finding element: By.xpath: //button[@id='ReceiverResetSearch']//div
907292 [main] INFO utilities.listener.WebEventListener  - Before Finding element: By.xpath: //button[@id='ReceiverResetSearch']//div
907292 [main] INFO utilities.listener.WebEventListener  - Before Finding element: By.xpath: //button[@id='ReceiverResetSearch']//div
2022-01-31/12:22:56.548  INFO: listener.WebEventListener - Before Finding element: By.xpath: //button[@id='ReceiverResetSearch']//div
907578 [main] INFO utilities.listener.WebEventListener  - Before Finding element: By.xpath: //button[@id='ReceiverResetSearch']//div
907578 [main] INFO utilities.listener.WebEventListener  - Before Finding element: By.xpath: //button[@id='ReceiverResetSearch']//div
907578 [main] INFO utilities.listener.WebEventListener  - Before Finding element: By.xpath: //button[@id='ReceiverResetSearch']//div
2022-01-31/12:22:56.882  INFO: listener.WebEventListener - Before Finding element: By.xpath: //button[@id='ReceiverResetSearch']//div
907912 [main] INFO utilities.listener.WebEventListener  - Before Finding element: By.xpath: //button[@id='ReceiverResetSearch']//div
907912 [main] INFO utilities.listener.WebEventListener  - Before Finding element: By.xpath: //button[@id='ReceiverResetSearch']//div
907912 [main] INFO utilities.listener.WebEventListener  - Before Finding element: By.xpath: //button[@id='ReceiverResetSearch']//div
2022-01-31/12:22:57.161  INFO: listener.WebEventListener - Before Finding element: By.xpath: //button[@id='ReceiverResetSearch']//div
908191 [main] INFO utilities.listener.WebEventListener  - Before Finding element: By.xpath: //button[@id='ReceiverResetSearch']//div
908191 [main] INFO utilities.listener.WebEventListener  - Before Finding element: By.xpath: //button[@id='ReceiverResetSearch']//div
908191 [main] INFO utilities.listener.WebEventListener  - Before Finding element: By.xpath: //button[@id='ReceiverResetSearch']//div
2022-01-31/12:22:57.454  INFO: listener.WebEventListener - Before Finding element: By.xpath: //button[@id='ReceiverResetSearch']//div
908484 [main] INFO utilities.listener.WebEventListener  - Before Finding element: By.xpath: //button[@id='ReceiverResetSearch']//div
908484 [main] INFO utilities.listener.WebEventListener  - Before Finding element: By.xpath: //button[@id='ReceiverResetSearch']//div
908484 [main] INFO utilities.listener.WebEventListener  - Before Finding element: By.xpath: //button[@id='ReceiverResetSearch']//div
2022-01-31/12:22:57.735  INFO: listener.WebEventListener - Before Finding element: By.xpath: //button[@id='ReceiverResetSearch']//div
908765 [main] INFO utilities.listener.WebEventListener  - Before Finding element: By.xpath: //button[@id='ReceiverResetSearch']//div
908765 [main] INFO utilities.listener.WebEventListener  - Before Finding element: By.xpath: //button[@id='ReceiverResetSearch']//div
908765 [main] INFO utilities.listener.WebEventListener  - Before Finding element: By.xpath: //button[@id='ReceiverResetSearch']//div
2022-01-31/12:22:58.014  INFO: listener.WebEventListener - Before Finding element: By.xpath: //button[@id='ReceiverResetSearch']//div
909044 [main] INFO utilities.listener.WebEventListener  - Before Finding element: By.xpath: //button[@id='ReceiverResetSearch']//div
909044 [main] INFO utilities.listener.WebEventListener  - Before Finding element: By.xpath: //button[@id='ReceiverResetSearch']//div
909044 [main] INFO utilities.listener.WebEventListener  - Before Finding element: By.xpath: //button[@id='ReceiverResetSearch']//div
2022-01-31/12:22:58.294  INFO: listener.WebEventListener - Before Finding element: By.xpath: //button[@id='ReceiverResetSearch']//div
909324 [main] INFO utilities.listener.WebEventListener  - Before Finding element: By.xpath: //button[@id='ReceiverResetSearch']//div
909324 [main] INFO utilities.listener.WebEventListener  - Before Finding element: By.xpath: //button[@id='ReceiverResetSearch']//div
909324 [main] INFO utilities.listener.WebEventListener  - Before Finding element: By.xpath: //button[@id='ReceiverResetSearch']//div
2022-01-31/12:22:58.576  INFO: listener.WebEventListener - Before Finding element: By.xpath: //button[@id='ReceiverResetSearch']//div
909606 [main] INFO utilities.listener.WebEventListener  - Before Finding element: By.xpath: //button[@id='ReceiverResetSearch']//div
909606 [main] INFO utilities.listener.WebEventListener  - Before Finding element: By.xpath: //button[@id='ReceiverResetSearch']//div
909606 [main] INFO utilities.listener.WebEventListener  - Before Finding element: By.xpath: //button[@id='ReceiverResetSearch']//div
2022-01-31/12:22:58.859  INFO: listener.WebEventListener - Before Finding element: By.xpath: //button[@id='ReceiverResetSearch']//div
909889 [main] INFO utilities.listener.WebEventListener  - Before Finding element: By.xpath: //button[@id='ReceiverResetSearch']//div
909889 [main] INFO utilities.listener.WebEventListener  - Before Finding element: By.xpath: //button[@id='ReceiverResetSearch']//div
909889 [main] INFO utilities.listener.WebEventListener  - Before Finding element: By.xpath: //button[@id='ReceiverResetSearch']//div
2022-01-31/12:22:59.139  INFO: listener.WebEventListener - Before Finding element: By.xpath: //button[@id='ReceiverResetSearch']//div
910169 [main] INFO utilities.listener.WebEventListener  - Before Finding element: By.xpath: //button[@id='ReceiverResetSearch']//div
910169 [main] INFO utilities.listener.WebEventListener  - Before Finding element: By.xpath: //button[@id='ReceiverResetSearch']//div
910169 [main] INFO utilities.listener.WebEventListener  - Before Finding element: By.xpath: //button[@id='ReceiverResetSearch']//div
2022-01-31/12:22:59.418  INFO: listener.WebEventListener - Before Finding element: By.xpath: //button[@id='ReceiverResetSearch']//div
910448 [main] INFO utilities.listener.WebEventListener  - Before Finding element: By.xpath: //button[@id='ReceiverResetSearch']//div
910448 [main] INFO utilities.listener.WebEventListener  - Before Finding element: By.xpath: //button[@id='ReceiverResetSearch']//div
910448 [main] INFO utilities.listener.WebEventListener  - Before Finding element: By.xpath: //button[@id='ReceiverResetSearch']//div
2022-01-31/12:22:59.705  INFO: listener.WebEventListener - Before Finding element: By.xpath: //button[@id='ReceiverResetSearch']//div
910735 [main] INFO utilities.listener.WebEventListener  - Before Finding element: By.xpath: //button[@id='ReceiverResetSearch']//div
910735 [main] INFO utilities.listener.WebEventListener  - Before Finding element: By.xpath: //button[@id='ReceiverResetSearch']//div
910735 [main] INFO utilities.listener.WebEventListener  - Before Finding element: By.xpath: //button[@id='ReceiverResetSearch']//div
2022-01-31/12:22:59.978  INFO: listener.WebEventListener - Before Finding element: By.xpath: //button[@id='ReceiverResetSearch']//div
911008 [main] INFO utilities.listener.WebEventListener  - Before Finding element: By.xpath: //button[@id='ReceiverResetSearch']//div
911008 [main] INFO utilities.listener.WebEventListener  - Before Finding element: By.xpath: //button[@id='ReceiverResetSearch']//div
911008 [main] INFO utilities.listener.WebEventListener  - Before Finding element: By.xpath: //button[@id='ReceiverResetSearch']//div
2022-01-31/12:23:00.271  INFO: listener.WebEventListener - Before Finding element: By.xpath: //button[@id='ReceiverResetSearch']//div
911301 [main] INFO utilities.listener.WebEventListener  - Before Finding element: By.xpath: //button[@id='ReceiverResetSearch']//div
911301 [main] INFO utilities.listener.WebEventListener  - Before Finding element: By.xpath: //button[@id='ReceiverResetSearch']//div
911301 [main] INFO utilities.listener.WebEventListener  - Before Finding element: By.xpath: //button[@id='ReceiverResetSearch']//div
2022-01-31/12:23:00.550  INFO: listener.WebEventListener - Before Finding element: By.xpath: //button[@id='ReceiverResetSearch']//div
911580 [main] INFO utilities.listener.WebEventListener  - Before Finding element: By.xpath: //button[@id='ReceiverResetSearch']//div
911580 [main] INFO utilities.listener.WebEventListener  - Before Finding element: By.xpath: //button[@id='ReceiverResetSearch']//div
911580 [main] INFO utilities.listener.WebEventListener  - Before Finding element: By.xpath: //button[@id='ReceiverResetSearch']//div
2022-01-31/12:23:00.833  INFO: listener.WebEventListener - Before Finding element: By.xpath: //button[@id='ReceiverResetSearch']//div
911863 [main] INFO utilities.listener.WebEventListener  - Before Finding element: By.xpath: //button[@id='ReceiverResetSearch']//div
911863 [main] INFO utilities.listener.WebEventListener  - Before Finding element: By.xpath: //button[@id='ReceiverResetSearch']//div
911863 [main] INFO utilities.listener.WebEventListener  - Before Finding element: By.xpath: //button[@id='ReceiverResetSearch']//div
2022-01-31/12:23:01.113  INFO: listener.WebEventListener - Before Finding element: By.xpath: //button[@id='ReceiverResetSearch']//div
912143 [main] INFO utilities.listener.WebEventListener  - Before Finding element: By.xpath: //button[@id='ReceiverResetSearch']//div
912143 [main] INFO utilities.listener.WebEventListener  - Before Finding element: By.xpath: //button[@id='ReceiverResetSearch']//div
912143 [main] INFO utilities.listener.WebEventListener  - Before Finding element: By.xpath: //button[@id='ReceiverResetSearch']//div
2022-01-31/12:23:01.390  INFO: listener.WebEventListener - Before Finding element: By.xpath: //button[@id='ReceiverResetSearch']//div
912420 [main] INFO utilities.listener.WebEventListener  - Before Finding element: By.xpath: //button[@id='ReceiverResetSearch']//div
912420 [main] INFO utilities.listener.WebEventListener  - Before Finding element: By.xpath: //button[@id='ReceiverResetSearch']//div
912420 [main] INFO utilities.listener.WebEventListener  - Before Finding element: By.xpath: //button[@id='ReceiverResetSearch']//div
2022-01-31/12:23:01.671  INFO: listener.WebEventListener - Before Finding element: By.xpath: //button[@id='ReceiverResetSearch']//div
912701 [main] INFO utilities.listener.WebEventListener  - Before Finding element: By.xpath: //button[@id='ReceiverResetSearch']//div
912701 [main] INFO utilities.listener.WebEventListener  - Before Finding element: By.xpath: //button[@id='ReceiverResetSearch']//div
912701 [main] INFO utilities.listener.WebEventListener  - Before Finding element: By.xpath: //button[@id='ReceiverResetSearch']//div
2022-01-31/12:23:01.950  INFO: listener.WebEventListener - Before Finding element: By.xpath: //button[@id='ReceiverResetSearch']//div
912980 [main] INFO utilities.listener.WebEventListener  - Before Finding element: By.xpath: //button[@id='ReceiverResetSearch']//div
912980 [main] INFO utilities.listener.WebEventListener  - Before Finding element: By.xpath: //button[@id='ReceiverResetSearch']//div
912980 [main] INFO utilities.listener.WebEventListener  - Before Finding element: By.xpath: //button[@id='ReceiverResetSearch']//div
2022-01-31/12:23:02.232  INFO: listener.WebEventListener - Before Finding element: By.xpath: //button[@id='ReceiverResetSearch']//div
913262 [main] INFO utilities.listener.WebEventListener  - Before Finding element: By.xpath: //button[@id='ReceiverResetSearch']//div
913262 [main] INFO utilities.listener.WebEventListener  - Before Finding element: By.xpath: //button[@id='ReceiverResetSearch']//div
913262 [main] INFO utilities.listener.WebEventListener  - Before Finding element: By.xpath: //button[@id='ReceiverResetSearch']//div
2022-01-31/12:23:02.508  INFO: listener.WebEventListener - Before Finding element: By.xpath: //button[@id='ReceiverResetSearch']//div
913538 [main] INFO utilities.listener.WebEventListener  - Before Finding element: By.xpath: //button[@id='ReceiverResetSearch']//div
913538 [main] INFO utilities.listener.WebEventListener  - Before Finding element: By.xpath: //button[@id='ReceiverResetSearch']//div
913538 [main] INFO utilities.listener.WebEventListener  - Before Finding element: By.xpath: //button[@id='ReceiverResetSearch']//div
2022-01-31/12:23:02.790  INFO: listener.WebEventListener - Before Finding element: By.xpath: //button[@id='ReceiverResetSearch']//div
913820 [main] INFO utilities.listener.WebEventListener  - Before Finding element: By.xpath: //button[@id='ReceiverResetSearch']//div
913820 [main] INFO utilities.listener.WebEventListener  - Before Finding element: By.xpath: //button[@id='ReceiverResetSearch']//div
913820 [main] INFO utilities.listener.WebEventListener  - Before Finding element: By.xpath: //button[@id='ReceiverResetSearch']//div
2022-01-31/12:23:03.070  INFO: listener.WebEventListener - Before Finding element: By.xpath: //button[@id='ReceiverResetSearch']//div
914100 [main] INFO utilities.listener.WebEventListener  - Before Finding element: By.xpath: //button[@id='ReceiverResetSearch']//div
914100 [main] INFO utilities.listener.WebEventListener  - Before Finding element: By.xpath: //button[@id='ReceiverResetSearch']//div
914100 [main] INFO utilities.listener.WebEventListener  - Before Finding element: By.xpath: //button[@id='ReceiverResetSearch']//div
2022-01-31/12:23:03.350  INFO: listener.WebEventListener - Before Finding element: By.xpath: //button[@id='ReceiverResetSearch']//div
914380 [main] INFO utilities.listener.WebEventListener  - Before Finding element: By.xpath: //button[@id='ReceiverResetSearch']//div
914380 [main] INFO utilities.listener.WebEventListener  - Before Finding element: By.xpath: //button[@id='ReceiverResetSearch']//div
914380 [main] INFO utilities.listener.WebEventListener  - Before Finding element: By.xpath: //button[@id='ReceiverResetSearch']//div
2022-01-31/12:23:03.630  INFO: listener.WebEventListener - Before Finding element: By.xpath: //button[@id='ReceiverResetSearch']//div
914660 [main] INFO utilities.listener.WebEventListener  - Before Finding element: By.xpath: //button[@id='ReceiverResetSearch']//div
914660 [main] INFO utilities.listener.WebEventListener  - Before Finding element: By.xpath: //button[@id='ReceiverResetSearch']//div
914660 [main] INFO utilities.listener.WebEventListener  - Before Finding element: By.xpath: //button[@id='ReceiverResetSearch']//div
2022-01-31/12:23:03.911  INFO: listener.WebEventListener - Before Finding element: By.xpath: //button[@id='ReceiverResetSearch']//div
914941 [main] INFO utilities.listener.WebEventListener  - Before Finding element: By.xpath: //button[@id='ReceiverResetSearch']//div
914941 [main] INFO utilities.listener.WebEventListener  - Before Finding element: By.xpath: //button[@id='ReceiverResetSearch']//div
914941 [main] INFO utilities.listener.WebEventListener  - Before Finding element: By.xpath: //button[@id='ReceiverResetSearch']//div
2022-01-31/12:23:04.190  INFO: listener.WebEventListener - Before Finding element: By.xpath: //button[@id='ReceiverResetSearch']//div
915220 [main] INFO utilities.listener.WebEventListener  - Before Finding element: By.xpath: //button[@id='ReceiverResetSearch']//div
915220 [main] INFO utilities.listener.WebEventListener  - Before Finding element: By.xpath: //button[@id='ReceiverResetSearch']//div
915220 [main] INFO utilities.listener.WebEventListener  - Before Finding element: By.xpath: //button[@id='ReceiverResetSearch']//div
2022-01-31/12:23:04.469  INFO: listener.WebEventListener - Before Finding element: By.xpath: //button[@id='ReceiverResetSearch']//div
915499 [main] INFO utilities.listener.WebEventListener  - Before Finding element: By.xpath: //button[@id='ReceiverResetSearch']//div
915499 [main] INFO utilities.listener.WebEventListener  - Before Finding element: By.xpath: //button[@id='ReceiverResetSearch']//div
915499 [main] INFO utilities.listener.WebEventListener  - Before Finding element: By.xpath: //button[@id='ReceiverResetSearch']//div
2022-01-31/12:23:04.763  INFO: listener.WebEventListener - Before Finding element: By.xpath: //button[@id='ReceiverResetSearch']//div
915793 [main] INFO utilities.listener.WebEventListener  - Before Finding element: By.xpath: //button[@id='ReceiverResetSearch']//div
915793 [main] INFO utilities.listener.WebEventListener  - Before Finding element: By.xpath: //button[@id='ReceiverResetSearch']//div
915793 [main] INFO utilities.listener.WebEventListener  - Before Finding element: By.xpath: //button[@id='ReceiverResetSearch']//div
2022-01-31/12:23:05.061  INFO: listener.WebEventListener - Before Finding element: By.xpath: //button[@id='ReceiverResetSearch']//div
916091 [main] INFO utilities.listener.WebEventListener  - Before Finding element: By.xpath: //button[@id='ReceiverResetSearch']//div
916091 [main] INFO utilities.listener.WebEventListener  - Before Finding element: By.xpath: //button[@id='ReceiverResetSearch']//div
916091 [main] INFO utilities.listener.WebEventListener  - Before Finding element: By.xpath: //button[@id='ReceiverResetSearch']//div
2022-01-31/12:23:05.341  INFO: listener.WebEventListener - Before Finding element: By.xpath: //button[@id='ReceiverResetSearch']//div
916371 [main] INFO utilities.listener.WebEventListener  - Before Finding element: By.xpath: //button[@id='ReceiverResetSearch']//div
916371 [main] INFO utilities.listener.WebEventListener  - Before Finding element: By.xpath: //button[@id='ReceiverResetSearch']//div
916371 [main] INFO utilities.listener.WebEventListener  - Before Finding element: By.xpath: //button[@id='ReceiverResetSearch']//div
2022-01-31/12:23:05.622  INFO: listener.WebEventListener - Before Finding element: By.xpath: //button[@id='ReceiverResetSearch']//div
916652 [main] INFO utilities.listener.WebEventListener  - Before Finding element: By.xpath: //button[@id='ReceiverResetSearch']//div
916652 [main] INFO utilities.listener.WebEventListener  - Before Finding element: By.xpath: //button[@id='ReceiverResetSearch']//div
916652 [main] INFO utilities.listener.WebEventListener  - Before Finding element: By.xpath: //button[@id='ReceiverResetSearch']//div
2022-01-31/12:23:05.901  INFO: listener.WebEventListener - Before Finding element: By.xpath: //button[@id='ReceiverResetSearch']//div
916931 [main] INFO utilities.listener.WebEventListener  - Before Finding element: By.xpath: //button[@id='ReceiverResetSearch']//div
916931 [main] INFO utilities.listener.WebEventListener  - Before Finding element: By.xpath: //button[@id='ReceiverResetSearch']//div
916931 [main] INFO utilities.listener.WebEventListener  - Before Finding element: By.xpath: //button[@id='ReceiverResetSearch']//div
2022-01-31/12:23:06.181  INFO: listener.WebEventListener - Before Finding element: By.xpath: //button[@id='ReceiverResetSearch']//div
917211 [main] INFO utilities.listener.WebEventListener  - Before Finding element: By.xpath: //button[@id='ReceiverResetSearch']//div
917211 [main] INFO utilities.listener.WebEventListener  - Before Finding element: By.xpath: //button[@id='ReceiverResetSearch']//div
917211 [main] INFO utilities.listener.WebEventListener  - Before Finding element: By.xpath: //button[@id='ReceiverResetSearch']//div
2022-01-31/12:23:06.460  INFO: listener.WebEventListener - Before Finding element: By.xpath: //button[@id='ReceiverResetSearch']//div
917490 [main] INFO utilities.listener.WebEventListener  - Before Finding element: By.xpath: //button[@id='ReceiverResetSearch']//div
917490 [main] INFO utilities.listener.WebEventListener  - Before Finding element: By.xpath: //button[@id='ReceiverResetSearch']//div
917490 [main] INFO utilities.listener.WebEventListener  - Before Finding element: By.xpath: //button[@id='ReceiverResetSearch']//div
2022-01-31/12:23:06.741  INFO: listener.WebEventListener - Before Finding element: By.xpath: //button[@id='ReceiverResetSearch']//div
917771 [main] INFO utilities.listener.WebEventListener  - Before Finding element: By.xpath: //button[@id='ReceiverResetSearch']//div
917771 [main] INFO utilities.listener.WebEventListener  - Before Finding element: By.xpath: //button[@id='ReceiverResetSearch']//div
917771 [main] INFO utilities.listener.WebEventListener  - Before Finding element: By.xpath: //button[@id='ReceiverResetSearch']//div
2022-01-31/12:23:07.020  INFO: listener.WebEventListener - Before Finding element: By.xpath: //button[@id='ReceiverResetSearch']//div
918050 [main] INFO utilities.listener.WebEventListener  - Before Finding element: By.xpath: //button[@id='ReceiverResetSearch']//div
918050 [main] INFO utilities.listener.WebEventListener  - Before Finding element: By.xpath: //button[@id='ReceiverResetSearch']//div
918050 [main] INFO utilities.listener.WebEventListener  - Before Finding element: By.xpath: //button[@id='ReceiverResetSearch']//div
2022-01-31/12:23:07.300  INFO: listener.WebEventListener - Before Finding element: By.xpath: //button[@id='ReceiverResetSearch']//div
918330 [main] INFO utilities.listener.WebEventListener  - Before Finding element: By.xpath: //button[@id='ReceiverResetSearch']//div
918330 [main] INFO utilities.listener.WebEventListener  - Before Finding element: By.xpath: //button[@id='ReceiverResetSearch']//div
918330 [main] INFO utilities.listener.WebEventListener  - Before Finding element: By.xpath: //button[@id='ReceiverResetSearch']//div
2022-01-31/12:23:07.580  INFO: listener.WebEventListener - Before Finding element: By.xpath: //button[@id='ReceiverResetSearch']//div
918610 [main] INFO utilities.listener.WebEventListener  - Before Finding element: By.xpath: //button[@id='ReceiverResetSearch']//div
918610 [main] INFO utilities.listener.WebEventListener  - Before Finding element: By.xpath: //button[@id='ReceiverResetSearch']//div
918610 [main] INFO utilities.listener.WebEventListener  - Before Finding element: By.xpath: //button[@id='ReceiverResetSearch']//div
2022-01-31/12:23:07.858  INFO: listener.WebEventListener - Before Finding element: By.xpath: //button[@id='ReceiverResetSearch']//div
918888 [main] INFO utilities.listener.WebEventListener  - Before Finding element: By.xpath: //button[@id='ReceiverResetSearch']//div
918888 [main] INFO utilities.listener.WebEventListener  - Before Finding element: By.xpath: //button[@id='ReceiverResetSearch']//div
918888 [main] INFO utilities.listener.WebEventListener  - Before Finding element: By.xpath: //button[@id='ReceiverResetSearch']//div
2022-01-31/12:23:08.141  INFO: listener.WebEventListener - Before Finding element: By.xpath: //button[@id='ReceiverResetSearch']//div
919171 [main] INFO utilities.listener.WebEventListener  - Before Finding element: By.xpath: //button[@id='ReceiverResetSearch']//div
919171 [main] INFO utilities.listener.WebEventListener  - Before Finding element: By.xpath: //button[@id='ReceiverResetSearch']//div
919171 [main] INFO utilities.listener.WebEventListener  - Before Finding element: By.xpath: //button[@id='ReceiverResetSearch']//div
2022-01-31/12:23:08.419  INFO: listener.WebEventListener - Before Finding element: By.xpath: //button[@id='ReceiverResetSearch']//div
919449 [main] INFO utilities.listener.WebEventListener  - Before Finding element: By.xpath: //button[@id='ReceiverResetSearch']//div
919449 [main] INFO utilities.listener.WebEventListener  - Before Finding element: By.xpath: //button[@id='ReceiverResetSearch']//div
919449 [main] INFO utilities.listener.WebEventListener  - Before Finding element: By.xpath: //button[@id='ReceiverResetSearch']//div
2022-01-31/12:23:08.702  INFO: listener.WebEventListener - Before Finding element: By.xpath: //button[@id='ReceiverResetSearch']//div
919732 [main] INFO utilities.listener.WebEventListener  - Before Finding element: By.xpath: //button[@id='ReceiverResetSearch']//div
919732 [main] INFO utilities.listener.WebEventListener  - Before Finding element: By.xpath: //button[@id='ReceiverResetSearch']//div
919732 [main] INFO utilities.listener.WebEventListener  - Before Finding element: By.xpath: //button[@id='ReceiverResetSearch']//div
2022-01-31/12:23:08.981  INFO: listener.WebEventListener - Before Finding element: By.xpath: //button[@id='ReceiverResetSearch']//div
920011 [main] INFO utilities.listener.WebEventListener  - Before Finding element: By.xpath: //button[@id='ReceiverResetSearch']//div
920011 [main] INFO utilities.listener.WebEventListener  - Before Finding element: By.xpath: //button[@id='ReceiverResetSearch']//div
920011 [main] INFO utilities.listener.WebEventListener  - Before Finding element: By.xpath: //button[@id='ReceiverResetSearch']//div
2022-01-31/12:23:09.261  INFO: listener.WebEventListener - Before Finding element: By.xpath: //button[@id='ReceiverResetSearch']//div
920291 [main] INFO utilities.listener.WebEventListener  - Before Finding element: By.xpath: //button[@id='ReceiverResetSearch']//div
920291 [main] INFO utilities.listener.WebEventListener  - Before Finding element: By.xpath: //button[@id='ReceiverResetSearch']//div
920291 [main] INFO utilities.listener.WebEventListener  - Before Finding element: By.xpath: //button[@id='ReceiverResetSearch']//div
2022-01-31/12:23:09.541  INFO: listener.WebEventListener - Before Finding element: By.xpath: //button[@id='ReceiverResetSearch']//div
920571 [main] INFO utilities.listener.WebEventListener  - Before Finding element: By.xpath: //button[@id='ReceiverResetSearch']//div
920571 [main] INFO utilities.listener.WebEventListener  - Before Finding element: By.xpath: //button[@id='ReceiverResetSearch']//div
920571 [main] INFO utilities.listener.WebEventListener  - Before Finding element: By.xpath: //button[@id='ReceiverResetSearch']//div
2022-01-31/12:23:09.823  INFO: listener.WebEventListener - Before Finding element: By.xpath: //button[@id='ReceiverResetSearch']//div
920853 [main] INFO utilities.listener.WebEventListener  - Before Finding element: By.xpath: //button[@id='ReceiverResetSearch']//div
920853 [main] INFO utilities.listener.WebEventListener  - Before Finding element: By.xpath: //button[@id='ReceiverResetSearch']//div
920853 [main] INFO utilities.listener.WebEventListener  - Before Finding element: By.xpath: //button[@id='ReceiverResetSearch']//div
2022-01-31/12:23:10.102  INFO: listener.WebEventListener - Before Finding element: By.xpath: //button[@id='ReceiverResetSearch']//div
921132 [main] INFO utilities.listener.WebEventListener  - Before Finding element: By.xpath: //button[@id='ReceiverResetSearch']//div
921132 [main] INFO utilities.listener.WebEventListener  - Before Finding element: By.xpath: //button[@id='ReceiverResetSearch']//div
921132 [main] INFO utilities.listener.WebEventListener  - Before Finding element: By.xpath: //button[@id='ReceiverResetSearch']//div
2022-01-31/12:23:10.383  INFO: listener.WebEventListener - Before Finding element: By.xpath: //button[@id='ReceiverResetSearch']//div
921413 [main] INFO utilities.listener.WebEventListener  - Before Finding element: By.xpath: //button[@id='ReceiverResetSearch']//div
921413 [main] INFO utilities.listener.WebEventListener  - Before Finding element: By.xpath: //button[@id='ReceiverResetSearch']//div
921413 [main] INFO utilities.listener.WebEventListener  - Before Finding element: By.xpath: //button[@id='ReceiverResetSearch']//div
2022-01-31/12:23:10.665  INFO: listener.WebEventListener - Before Finding element: By.xpath: //button[@id='ReceiverResetSearch']//div
921695 [main] INFO utilities.listener.WebEventListener  - Before Finding element: By.xpath: //button[@id='ReceiverResetSearch']//div
921695 [main] INFO utilities.listener.WebEventListener  - Before Finding element: By.xpath: //button[@id='ReceiverResetSearch']//div
921695 [main] INFO utilities.listener.WebEventListener  - Before Finding element: By.xpath: //button[@id='ReceiverResetSearch']//div
2022-01-31/12:23:10.945  INFO: listener.WebEventListener - Before Finding element: By.xpath: //button[@id='ReceiverResetSearch']//div
921975 [main] INFO utilities.listener.WebEventListener  - Before Finding element: By.xpath: //button[@id='ReceiverResetSearch']//div
921975 [main] INFO utilities.listener.WebEventListener  - Before Finding element: By.xpath: //button[@id='ReceiverResetSearch']//div
921975 [main] INFO utilities.listener.WebEventListener  - Before Finding element: By.xpath: //button[@id='ReceiverResetSearch']//div
2022-01-31/12:23:11.223  INFO: listener.WebEventListener - Before Finding element: By.xpath: //button[@id='ReceiverResetSearch']//div
922253 [main] INFO utilities.listener.WebEventListener  - Before Finding element: By.xpath: //button[@id='ReceiverResetSearch']//div
922253 [main] INFO utilities.listener.WebEventListener  - Before Finding element: By.xpath: //button[@id='ReceiverResetSearch']//div
922253 [main] INFO utilities.listener.WebEventListener  - Before Finding element: By.xpath: //button[@id='ReceiverResetSearch']//div
2022-01-31/12:23:11.507  INFO: listener.WebEventListener - Before Finding element: By.xpath: //button[@id='ReceiverResetSearch']//div
922537 [main] INFO utilities.listener.WebEventListener  - Before Finding element: By.xpath: //button[@id='ReceiverResetSearch']//div
922537 [main] INFO utilities.listener.WebEventListener  - Before Finding element: By.xpath: //button[@id='ReceiverResetSearch']//div
922537 [main] INFO utilities.listener.WebEventListener  - Before Finding element: By.xpath: //button[@id='ReceiverResetSearch']//div
2022-01-31/12:23:11.787  INFO: listener.WebEventListener - Before Finding element: By.xpath: //button[@id='ReceiverResetSearch']//div
922817 [main] INFO utilities.listener.WebEventListener  - Before Finding element: By.xpath: //button[@id='ReceiverResetSearch']//div
922817 [main] INFO utilities.listener.WebEventListener  - Before Finding element: By.xpath: //button[@id='ReceiverResetSearch']//div
922817 [main] INFO utilities.listener.WebEventListener  - Before Finding element: By.xpath: //button[@id='ReceiverResetSearch']//div
2022-01-31/12:23:12.068  INFO: listener.WebEventListener - Before Finding element: By.xpath: //button[@id='ReceiverResetSearch']//div
923098 [main] INFO utilities.listener.WebEventListener  - Before Finding element: By.xpath: //button[@id='ReceiverResetSearch']//div
923098 [main] INFO utilities.listener.WebEventListener  - Before Finding element: By.xpath: //button[@id='ReceiverResetSearch']//div
923098 [main] INFO utilities.listener.WebEventListener  - Before Finding element: By.xpath: //button[@id='ReceiverResetSearch']//div
2022-01-31/12:23:12.346  INFO: listener.WebEventListener - Before Finding element: By.xpath: //button[@id='ReceiverResetSearch']//div
923376 [main] INFO utilities.listener.WebEventListener  - Before Finding element: By.xpath: //button[@id='ReceiverResetSearch']//div
923376 [main] INFO utilities.listener.WebEventListener  - Before Finding element: By.xpath: //button[@id='ReceiverResetSearch']//div
923376 [main] INFO utilities.listener.WebEventListener  - Before Finding element: By.xpath: //button[@id='ReceiverResetSearch']//div
2022-01-31/12:23:12.627  INFO: listener.WebEventListener - Before Finding element: By.xpath: //button[@id='ReceiverResetSearch']//div
923657 [main] INFO utilities.listener.WebEventListener  - Before Finding element: By.xpath: //button[@id='ReceiverResetSearch']//div
923657 [main] INFO utilities.listener.WebEventListener  - Before Finding element: By.xpath: //button[@id='ReceiverResetSearch']//div
923657 [main] INFO utilities.listener.WebEventListener  - Before Finding element: By.xpath: //button[@id='ReceiverResetSearch']//div
2022-01-31/12:23:12.911  INFO: listener.WebEventListener - Before Finding element: By.xpath: //button[@id='ReceiverResetSearch']//div
923941 [main] INFO utilities.listener.WebEventListener  - Before Finding element: By.xpath: //button[@id='ReceiverResetSearch']//div
923941 [main] INFO utilities.listener.WebEventListener  - Before Finding element: By.xpath: //button[@id='ReceiverResetSearch']//div
923941 [main] INFO utilities.listener.WebEventListener  - Before Finding element: By.xpath: //button[@id='ReceiverResetSearch']//div
2022-01-31/12:23:13.191  INFO: listener.WebEventListener - Before Finding element: By.xpath: //button[@id='ReceiverResetSearch']//div
924221 [main] INFO utilities.listener.WebEventListener  - Before Finding element: By.xpath: //button[@id='ReceiverResetSearch']//div
924221 [main] INFO utilities.listener.WebEventListener  - Before Finding element: By.xpath: //button[@id='ReceiverResetSearch']//div
924221 [main] INFO utilities.listener.WebEventListener  - Before Finding element: By.xpath: //button[@id='ReceiverResetSearch']//div
2022-01-31/12:23:13.469  INFO: listener.WebEventListener - Before Finding element: By.xpath: //button[@id='ReceiverResetSearch']//div
924499 [main] INFO utilities.listener.WebEventListener  - Before Finding element: By.xpath: //button[@id='ReceiverResetSearch']//div
924499 [main] INFO utilities.listener.WebEventListener  - Before Finding element: By.xpath: //button[@id='ReceiverResetSearch']//div
924499 [main] INFO utilities.listener.WebEventListener  - Before Finding element: By.xpath: //button[@id='ReceiverResetSearch']//div
2022-01-31/12:23:13.748  INFO: listener.WebEventListener - Before Finding element: By.xpath: //button[@id='ReceiverResetSearch']//div
924778 [main] INFO utilities.listener.WebEventListener  - Before Finding element: By.xpath: //button[@id='ReceiverResetSearch']//div
924778 [main] INFO utilities.listener.WebEventListener  - Before Finding element: By.xpath: //button[@id='ReceiverResetSearch']//div
924778 [main] INFO utilities.listener.WebEventListener  - Before Finding element: By.xpath: //button[@id='ReceiverResetSearch']//div
2022-01-31/12:23:14.028  INFO: listener.WebEventListener - Before Finding element: By.xpath: //button[@id='ReceiverResetSearch']//div
925058 [main] INFO utilities.listener.WebEventListener  - Before Finding element: By.xpath: //button[@id='ReceiverResetSearch']//div
925058 [main] INFO utilities.listener.WebEventListener  - Before Finding element: By.xpath: //button[@id='ReceiverResetSearch']//div
925058 [main] INFO utilities.listener.WebEventListener  - Before Finding element: By.xpath: //button[@id='ReceiverResetSearch']//div
2022-01-31/12:23:14.310  INFO: listener.WebEventListener - Before Finding element: By.xpath: //button[@id='ReceiverResetSearch']//div
925340 [main] INFO utilities.listener.WebEventListener  - Before Finding element: By.xpath: //button[@id='ReceiverResetSearch']//div
925340 [main] INFO utilities.listener.WebEventListener  - Before Finding element: By.xpath: //button[@id='ReceiverResetSearch']//div
925340 [main] INFO utilities.listener.WebEventListener  - Before Finding element: By.xpath: //button[@id='ReceiverResetSearch']//div
2022-01-31/12:23:14.590  INFO: listener.WebEventListener - Before Finding element: By.xpath: //button[@id='ReceiverResetSearch']//div
925620 [main] INFO utilities.listener.WebEventListener  - Before Finding element: By.xpath: //button[@id='ReceiverResetSearch']//div
925620 [main] INFO utilities.listener.WebEventListener  - Before Finding element: By.xpath: //button[@id='ReceiverResetSearch']//div
925620 [main] INFO utilities.listener.WebEventListener  - Before Finding element: By.xpath: //button[@id='ReceiverResetSearch']//div
2022-01-31/12:23:14.870  INFO: listener.WebEventListener - Before Finding element: By.xpath: //button[@id='ReceiverResetSearch']//div
925900 [main] INFO utilities.listener.WebEventListener  - Before Finding element: By.xpath: //button[@id='ReceiverResetSearch']//div
925900 [main] INFO utilities.listener.WebEventListener  - Before Finding element: By.xpath: //button[@id='ReceiverResetSearch']//div
925900 [main] INFO utilities.listener.WebEventListener  - Before Finding element: By.xpath: //button[@id='ReceiverResetSearch']//div
2022-01-31/12:23:15.151  INFO: listener.WebEventListener - Before Finding element: By.xpath: //button[@id='ReceiverResetSearch']//div
926181 [main] INFO utilities.listener.WebEventListener  - Before Finding element: By.xpath: //button[@id='ReceiverResetSearch']//div
926181 [main] INFO utilities.listener.WebEventListener  - Before Finding element: By.xpath: //button[@id='ReceiverResetSearch']//div
926181 [main] INFO utilities.listener.WebEventListener  - Before Finding element: By.xpath: //button[@id='ReceiverResetSearch']//div
2022-01-31/12:23:15.436  INFO: listener.WebEventListener - Before Finding element: By.xpath: //button[@id='ReceiverResetSearch']//div
926466 [main] INFO utilities.listener.WebEventListener  - Before Finding element: By.xpath: //button[@id='ReceiverResetSearch']//div
926466 [main] INFO utilities.listener.WebEventListener  - Before Finding element: By.xpath: //button[@id='ReceiverResetSearch']//div
926466 [main] INFO utilities.listener.WebEventListener  - Before Finding element: By.xpath: //button[@id='ReceiverResetSearch']//div
2022-01-31/12:23:15.721  INFO: listener.WebEventListener - Before Finding element: By.xpath: //button[@id='ReceiverResetSearch']//div
926751 [main] INFO utilities.listener.WebEventListener  - Before Finding element: By.xpath: //button[@id='ReceiverResetSearch']//div
926751 [main] INFO utilities.listener.WebEventListener  - Before Finding element: By.xpath: //button[@id='ReceiverResetSearch']//div
926751 [main] INFO utilities.listener.WebEventListener  - Before Finding element: By.xpath: //button[@id='ReceiverResetSearch']//div
2022-01-31/12:23:15.998  INFO: listener.WebEventListener - Before Finding element: By.xpath: //button[@id='ReceiverResetSearch']//div
927028 [main] INFO utilities.listener.WebEventListener  - Before Finding element: By.xpath: //button[@id='ReceiverResetSearch']//div
927028 [main] INFO utilities.listener.WebEventListener  - Before Finding element: By.xpath: //button[@id='ReceiverResetSearch']//div
927028 [main] INFO utilities.listener.WebEventListener  - Before Finding element: By.xpath: //button[@id='ReceiverResetSearch']//div
2022-01-31/12:23:16.278  INFO: listener.WebEventListener - Before Finding element: By.xpath: //button[@id='ReceiverResetSearch']//div
927308 [main] INFO utilities.listener.WebEventListener  - Before Finding element: By.xpath: //button[@id='ReceiverResetSearch']//div
927308 [main] INFO utilities.listener.WebEventListener  - Before Finding element: By.xpath: //button[@id='ReceiverResetSearch']//div
927308 [main] INFO utilities.listener.WebEventListener  - Before Finding element: By.xpath: //button[@id='ReceiverResetSearch']//div
2022-01-31/12:23:16.559  INFO: listener.WebEventListener - Before Finding element: By.xpath: //button[@id='ReceiverResetSearch']//div
927589 [main] INFO utilities.listener.WebEventListener  - Before Finding element: By.xpath: //button[@id='ReceiverResetSearch']//div
927589 [main] INFO utilities.listener.WebEventListener  - Before Finding element: By.xpath: //button[@id='ReceiverResetSearch']//div
927589 [main] INFO utilities.listener.WebEventListener  - Before Finding element: By.xpath: //button[@id='ReceiverResetSearch']//div
2022-01-31/12:23:16.840  INFO: listener.WebEventListener - Before Finding element: By.xpath: //button[@id='ReceiverResetSearch']//div
927870 [main] INFO utilities.listener.WebEventListener  - Before Finding element: By.xpath: //button[@id='ReceiverResetSearch']//div
927870 [main] INFO utilities.listener.WebEventListener  - Before Finding element: By.xpath: //button[@id='ReceiverResetSearch']//div
927870 [main] INFO utilities.listener.WebEventListener  - Before Finding element: By.xpath: //button[@id='ReceiverResetSearch']//div
2022-01-31/12:23:17.121  INFO: listener.WebEventListener - Before Finding element: By.xpath: //button[@id='ReceiverResetSearch']//div
928151 [main] INFO utilities.listener.WebEventListener  - Before Finding element: By.xpath: //button[@id='ReceiverResetSearch']//div
928151 [main] INFO utilities.listener.WebEventListener  - Before Finding element: By.xpath: //button[@id='ReceiverResetSearch']//div
928151 [main] INFO utilities.listener.WebEventListener  - Before Finding element: By.xpath: //button[@id='ReceiverResetSearch']//div
2022-01-31/12:23:17.400  INFO: listener.WebEventListener - Before Finding element: By.xpath: //button[@id='ReceiverResetSearch']//div
928430 [main] INFO utilities.listener.WebEventListener  - Before Finding element: By.xpath: //button[@id='ReceiverResetSearch']//div
928430 [main] INFO utilities.listener.WebEventListener  - Before Finding element: By.xpath: //button[@id='ReceiverResetSearch']//div
928430 [main] INFO utilities.listener.WebEventListener  - Before Finding element: By.xpath: //button[@id='ReceiverResetSearch']//div
2022-01-31/12:23:17.680  INFO: listener.WebEventListener - Before Finding element: By.xpath: //button[@id='ReceiverResetSearch']//div
928710 [main] INFO utilities.listener.WebEventListener  - Before Finding element: By.xpath: //button[@id='ReceiverResetSearch']//div
928710 [main] INFO utilities.listener.WebEventListener  - Before Finding element: By.xpath: //button[@id='ReceiverResetSearch']//div
928710 [main] INFO utilities.listener.WebEventListener  - Before Finding element: By.xpath: //button[@id='ReceiverResetSearch']//div
2022-01-31/12:23:17.961  INFO: listener.WebEventListener - Before Finding element: By.xpath: //button[@id='ReceiverResetSearch']//div
928991 [main] INFO utilities.listener.WebEventListener  - Before Finding element: By.xpath: //button[@id='ReceiverResetSearch']//div
928991 [main] INFO utilities.listener.WebEventListener  - Before Finding element: By.xpath: //button[@id='ReceiverResetSearch']//div
928991 [main] INFO utilities.listener.WebEventListener  - Before Finding element: By.xpath: //button[@id='ReceiverResetSearch']//div
2022-01-31/12:23:18.241  INFO: listener.WebEventListener - Before Finding element: By.xpath: //button[@id='ReceiverResetSearch']//div
929271 [main] INFO utilities.listener.WebEventListener  - Before Finding element: By.xpath: //button[@id='ReceiverResetSearch']//div
929271 [main] INFO utilities.listener.WebEventListener  - Before Finding element: By.xpath: //button[@id='ReceiverResetSearch']//div
929271 [main] INFO utilities.listener.WebEventListener  - Before Finding element: By.xpath: //button[@id='ReceiverResetSearch']//div
2022-01-31/12:23:18.521  INFO: listener.WebEventListener - Before Finding element: By.xpath: //button[@id='ReceiverResetSearch']//div
929551 [main] INFO utilities.listener.WebEventListener  - Before Finding element: By.xpath: //button[@id='ReceiverResetSearch']//div
929551 [main] INFO utilities.listener.WebEventListener  - Before Finding element: By.xpath: //button[@id='ReceiverResetSearch']//div
929551 [main] INFO utilities.listener.WebEventListener  - Before Finding element: By.xpath: //button[@id='ReceiverResetSearch']//div
2022-01-31/12:23:18.804  INFO: listener.WebEventListener - Before Finding element: By.xpath: //button[@id='ReceiverResetSearch']//div
929834 [main] INFO utilities.listener.WebEventListener  - Before Finding element: By.xpath: //button[@id='ReceiverResetSearch']//div
929834 [main] INFO utilities.listener.WebEventListener  - Before Finding element: By.xpath: //button[@id='ReceiverResetSearch']//div
929834 [main] INFO utilities.listener.WebEventListener  - Before Finding element: By.xpath: //button[@id='ReceiverResetSearch']//div
2022-01-31/12:23:19.083  INFO: listener.WebEventListener - Before Finding element: By.xpath: //button[@id='ReceiverResetSearch']//div
930113 [main] INFO utilities.listener.WebEventListener  - Before Finding element: By.xpath: //button[@id='ReceiverResetSearch']//div
930113 [main] INFO utilities.listener.WebEventListener  - Before Finding element: By.xpath: //button[@id='ReceiverResetSearch']//div
930113 [main] INFO utilities.listener.WebEventListener  - Before Finding element: By.xpath: //button[@id='ReceiverResetSearch']//div
2022-01-31/12:23:19.363  INFO: listener.WebEventListener - Before Finding element: By.xpath: //button[@id='ReceiverResetSearch']//div
930393 [main] INFO utilities.listener.WebEventListener  - Before Finding element: By.xpath: //button[@id='ReceiverResetSearch']//div
930393 [main] INFO utilities.listener.WebEventListener  - Before Finding element: By.xpath: //button[@id='ReceiverResetSearch']//div
930393 [main] INFO utilities.listener.WebEventListener  - Before Finding element: By.xpath: //button[@id='ReceiverResetSearch']//div
2022-01-31/12:23:19.642  INFO: listener.WebEventListener - Before Finding element: By.xpath: //button[@id='ReceiverResetSearch']//div
930672 [main] INFO utilities.listener.WebEventListener  - Before Finding element: By.xpath: //button[@id='ReceiverResetSearch']//div
930672 [main] INFO utilities.listener.WebEventListener  - Before Finding element: By.xpath: //button[@id='ReceiverResetSearch']//div
930672 [main] INFO utilities.listener.WebEventListener  - Before Finding element: By.xpath: //button[@id='ReceiverResetSearch']//div
2022-01-31/12:23:19.922  INFO: listener.WebEventListener - Before Finding element: By.xpath: //button[@id='ReceiverResetSearch']//div
930952 [main] INFO utilities.listener.WebEventListener  - Before Finding element: By.xpath: //button[@id='ReceiverResetSearch']//div
930952 [main] INFO utilities.listener.WebEventListener  - Before Finding element: By.xpath: //button[@id='ReceiverResetSearch']//div
930952 [main] INFO utilities.listener.WebEventListener  - Before Finding element: By.xpath: //button[@id='ReceiverResetSearch']//div
2022-01-31/12:23:20.203  INFO: listener.WebEventListener - Before Finding element: By.xpath: //button[@id='ReceiverResetSearch']//div
931233 [main] INFO utilities.listener.WebEventListener  - Before Finding element: By.xpath: //button[@id='ReceiverResetSearch']//div
931233 [main] INFO utilities.listener.WebEventListener  - Before Finding element: By.xpath: //button[@id='ReceiverResetSearch']//div
931233 [main] INFO utilities.listener.WebEventListener  - Before Finding element: By.xpath: //button[@id='ReceiverResetSearch']//div
2022-01-31/12:23:20.486  INFO: listener.WebEventListener - Before Finding element: By.xpath: //button[@id='ReceiverResetSearch']//div
931516 [main] INFO utilities.listener.WebEventListener  - Before Finding element: By.xpath: //button[@id='ReceiverResetSearch']//div
931516 [main] INFO utilities.listener.WebEventListener  - Before Finding element: By.xpath: //button[@id='ReceiverResetSearch']//div
931516 [main] INFO utilities.listener.WebEventListener  - Before Finding element: By.xpath: //button[@id='ReceiverResetSearch']//div
2022-01-31/12:23:20.768  INFO: listener.WebEventListener - Before Finding element: By.xpath: //button[@id='ReceiverResetSearch']//div
931798 [main] INFO utilities.listener.WebEventListener  - Before Finding element: By.xpath: //button[@id='ReceiverResetSearch']//div
931798 [main] INFO utilities.listener.WebEventListener  - Before Finding element: By.xpath: //button[@id='ReceiverResetSearch']//div
931798 [main] INFO utilities.listener.WebEventListener  - Before Finding element: By.xpath: //button[@id='ReceiverResetSearch']//div
2022-01-31/12:23:21.049  INFO: listener.WebEventListener - Before Finding element: By.xpath: //button[@id='ReceiverResetSearch']//div
932079 [main] INFO utilities.listener.WebEventListener  - Before Finding element: By.xpath: //button[@id='ReceiverResetSearch']//div
932079 [main] INFO utilities.listener.WebEventListener  - Before Finding element: By.xpath: //button[@id='ReceiverResetSearch']//div
932079 [main] INFO utilities.listener.WebEventListener  - Before Finding element: By.xpath: //button[@id='ReceiverResetSearch']//div
2022-01-31/12:23:21.343  INFO: listener.WebEventListener - Before Finding element: By.xpath: //button[@id='ReceiverResetSearch']//div
932373 [main] INFO utilities.listener.WebEventListener  - Before Finding element: By.xpath: //button[@id='ReceiverResetSearch']//div
932373 [main] INFO utilities.listener.WebEventListener  - Before Finding element: By.xpath: //button[@id='ReceiverResetSearch']//div
932373 [main] INFO utilities.listener.WebEventListener  - Before Finding element: By.xpath: //button[@id='ReceiverResetSearch']//div
2022-01-31/12:23:21.624  INFO: listener.WebEventListener - Before Finding element: By.xpath: //button[@id='ReceiverResetSearch']//div
932654 [main] INFO utilities.listener.WebEventListener  - Before Finding element: By.xpath: //button[@id='ReceiverResetSearch']//div
932654 [main] INFO utilities.listener.WebEventListener  - Before Finding element: By.xpath: //button[@id='ReceiverResetSearch']//div
932654 [main] INFO utilities.listener.WebEventListener  - Before Finding element: By.xpath: //button[@id='ReceiverResetSearch']//div
2022-01-31/12:23:21.904  INFO: listener.WebEventListener - Before Finding element: By.xpath: //button[@id='ReceiverResetSearch']//div
932934 [main] INFO utilities.listener.WebEventListener  - Before Finding element: By.xpath: //button[@id='ReceiverResetSearch']//div
932934 [main] INFO utilities.listener.WebEventListener  - Before Finding element: By.xpath: //button[@id='ReceiverResetSearch']//div
932934 [main] INFO utilities.listener.WebEventListener  - Before Finding element: By.xpath: //button[@id='ReceiverResetSearch']//div
2022-01-31/12:23:22.184  INFO: listener.WebEventListener - Before Finding element: By.xpath: //button[@id='ReceiverResetSearch']//div
933214 [main] INFO utilities.listener.WebEventListener  - Before Finding element: By.xpath: //button[@id='ReceiverResetSearch']//div
933214 [main] INFO utilities.listener.WebEventListener  - Before Finding element: By.xpath: //button[@id='ReceiverResetSearch']//div
933214 [main] INFO utilities.listener.WebEventListener  - Before Finding element: By.xpath: //button[@id='ReceiverResetSearch']//div
2022-01-31/12:23:22.467  INFO: listener.WebEventListener - Before Finding element: By.xpath: //button[@id='ReceiverResetSearch']//div
933497 [main] INFO utilities.listener.WebEventListener  - Before Finding element: By.xpath: //button[@id='ReceiverResetSearch']//div
933497 [main] INFO utilities.listener.WebEventListener  - Before Finding element: By.xpath: //button[@id='ReceiverResetSearch']//div
933497 [main] INFO utilities.listener.WebEventListener  - Before Finding element: By.xpath: //button[@id='ReceiverResetSearch']//div
2022-01-31/12:23:22.745  INFO: listener.WebEventListener - Before Finding element: By.xpath: //button[@id='ReceiverResetSearch']//div
933775 [main] INFO utilities.listener.WebEventListener  - Before Finding element: By.xpath: //button[@id='ReceiverResetSearch']//div
933775 [main] INFO utilities.listener.WebEventListener  - Before Finding element: By.xpath: //button[@id='ReceiverResetSearch']//div
933775 [main] INFO utilities.listener.WebEventListener  - Before Finding element: By.xpath: //button[@id='ReceiverResetSearch']//div
2022-01-31/12:23:23.027  INFO: listener.WebEventListener - Before Finding element: By.xpath: //button[@id='ReceiverResetSearch']//div
934057 [main] INFO utilities.listener.WebEventListener  - Before Finding element: By.xpath: //button[@id='ReceiverResetSearch']//div
934057 [main] INFO utilities.listener.WebEventListener  - Before Finding element: By.xpath: //button[@id='ReceiverResetSearch']//div
934057 [main] INFO utilities.listener.WebEventListener  - Before Finding element: By.xpath: //button[@id='ReceiverResetSearch']//div
2022-01-31/12:23:23.308  INFO: listener.WebEventListener - Before Finding element: By.xpath: //button[@id='ReceiverResetSearch']//div
934338 [main] INFO utilities.listener.WebEventListener  - Before Finding element: By.xpath: //button[@id='ReceiverResetSearch']//div
934338 [main] INFO utilities.listener.WebEventListener  - Before Finding element: By.xpath: //button[@id='ReceiverResetSearch']//div
934338 [main] INFO utilities.listener.WebEventListener  - Before Finding element: By.xpath: //button[@id='ReceiverResetSearch']//div
2022-01-31/12:23:23.588  INFO: listener.WebEventListener - Before Finding element: By.xpath: //button[@id='ReceiverResetSearch']//div
934618 [main] INFO utilities.listener.WebEventListener  - Before Finding element: By.xpath: //button[@id='ReceiverResetSearch']//div
934618 [main] INFO utilities.listener.WebEventListener  - Before Finding element: By.xpath: //button[@id='ReceiverResetSearch']//div
934618 [main] INFO utilities.listener.WebEventListener  - Before Finding element: By.xpath: //button[@id='ReceiverResetSearch']//div
2022-01-31/12:23:23.870  INFO: listener.WebEventListener - Before Finding element: By.xpath: //button[@id='ReceiverResetSearch']//div
934900 [main] INFO utilities.listener.WebEventListener  - Before Finding element: By.xpath: //button[@id='ReceiverResetSearch']//div
934900 [main] INFO utilities.listener.WebEventListener  - Before Finding element: By.xpath: //button[@id='ReceiverResetSearch']//div
934900 [main] INFO utilities.listener.WebEventListener  - Before Finding element: By.xpath: //button[@id='ReceiverResetSearch']//div
2022-01-31/12:23:24.150  INFO: listener.WebEventListener - Before Finding element: By.xpath: //button[@id='ReceiverResetSearch']//div
935180 [main] INFO utilities.listener.WebEventListener  - Before Finding element: By.xpath: //button[@id='ReceiverResetSearch']//div
935180 [main] INFO utilities.listener.WebEventListener  - Before Finding element: By.xpath: //button[@id='ReceiverResetSearch']//div
935180 [main] INFO utilities.listener.WebEventListener  - Before Finding element: By.xpath: //button[@id='ReceiverResetSearch']//div
2022-01-31/12:23:24.432  INFO: listener.WebEventListener - Before Finding element: By.xpath: //button[@id='ReceiverResetSearch']//div
935462 [main] INFO utilities.listener.WebEventListener  - Before Finding element: By.xpath: //button[@id='ReceiverResetSearch']//div
935462 [main] INFO utilities.listener.WebEventListener  - Before Finding element: By.xpath: //button[@id='ReceiverResetSearch']//div
935462 [main] INFO utilities.listener.WebEventListener  - Before Finding element: By.xpath: //button[@id='ReceiverResetSearch']//div
2022-01-31/12:23:24.714  INFO: listener.WebEventListener - Before Finding element: By.xpath: //button[@id='ReceiverResetSearch']//div
935744 [main] INFO utilities.listener.WebEventListener  - Before Finding element: By.xpath: //button[@id='ReceiverResetSearch']//div
935744 [main] INFO utilities.listener.WebEventListener  - Before Finding element: By.xpath: //button[@id='ReceiverResetSearch']//div
935744 [main] INFO utilities.listener.WebEventListener  - Before Finding element: By.xpath: //button[@id='ReceiverResetSearch']//div
2022-01-31/12:23:24.995  INFO: listener.WebEventListener - Before Finding element: By.xpath: //button[@id='ReceiverResetSearch']//div
936025 [main] INFO utilities.listener.WebEventListener  - Before Finding element: By.xpath: //button[@id='ReceiverResetSearch']//div
936025 [main] INFO utilities.listener.WebEventListener  - Before Finding element: By.xpath: //button[@id='ReceiverResetSearch']//div
936025 [main] INFO utilities.listener.WebEventListener  - Before Finding element: By.xpath: //button[@id='ReceiverResetSearch']//div
2022-01-31/12:23:25.275  INFO: listener.WebEventListener - Before Finding element: By.xpath: //button[@id='ReceiverResetSearch']//div
936305 [main] INFO utilities.listener.WebEventListener  - Before Finding element: By.xpath: //button[@id='ReceiverResetSearch']//div
936305 [main] INFO utilities.listener.WebEventListener  - Before Finding element: By.xpath: //button[@id='ReceiverResetSearch']//div
936305 [main] INFO utilities.listener.WebEventListener  - Before Finding element: By.xpath: //button[@id='ReceiverResetSearch']//div
2022-01-31/12:23:25.556  INFO: listener.WebEventListener - Before Finding element: By.xpath: //button[@id='ReceiverResetSearch']//div
936586 [main] INFO utilities.listener.WebEventListener  - Before Finding element: By.xpath: //button[@id='ReceiverResetSearch']//div
936586 [main] INFO utilities.listener.WebEventListener  - Before Finding element: By.xpath: //button[@id='ReceiverResetSearch']//div
936586 [main] INFO utilities.listener.WebEventListener  - Before Finding element: By.xpath: //button[@id='ReceiverResetSearch']//div
2022-01-31/12:23:25.834  INFO: listener.WebEventListener - Before Finding element: By.xpath: //button[@id='ReceiverResetSearch']//div
936864 [main] INFO utilities.listener.WebEventListener  - Before Finding element: By.xpath: //button[@id='ReceiverResetSearch']//div
936864 [main] INFO utilities.listener.WebEventListener  - Before Finding element: By.xpath: //button[@id='ReceiverResetSearch']//div
936864 [main] INFO utilities.listener.WebEventListener  - Before Finding element: By.xpath: //button[@id='ReceiverResetSearch']//div
2022-01-31/12:23:26.117  INFO: listener.WebEventListener - Before Finding element: By.xpath: //button[@id='ReceiverResetSearch']//div
937147 [main] INFO utilities.listener.WebEventListener  - Before Finding element: By.xpath: //button[@id='ReceiverResetSearch']//div
937147 [main] INFO utilities.listener.WebEventListener  - Before Finding element: By.xpath: //button[@id='ReceiverResetSearch']//div
937147 [main] INFO utilities.listener.WebEventListener  - Before Finding element: By.xpath: //button[@id='ReceiverResetSearch']//div
2022-01-31/12:23:26.446  INFO: listener.WebEventListener - Before Finding element: By.xpath: //button[@id='ReceiverResetSearch']//div
937476 [main] INFO utilities.listener.WebEventListener  - Before Finding element: By.xpath: //button[@id='ReceiverResetSearch']//div
937476 [main] INFO utilities.listener.WebEventListener  - Before Finding element: By.xpath: //button[@id='ReceiverResetSearch']//div
937476 [main] INFO utilities.listener.WebEventListener  - Before Finding element: By.xpath: //button[@id='ReceiverResetSearch']//div
2022-01-31/12:23:26.897  INFO: listener.WebEventListener - Before Finding element: By.xpath: //button[@id='ReceiverResetSearch']//div
937927 [main] INFO utilities.listener.WebEventListener  - Before Finding element: By.xpath: //button[@id='ReceiverResetSearch']//div
937927 [main] INFO utilities.listener.WebEventListener  - Before Finding element: By.xpath: //button[@id='ReceiverResetSearch']//div
937927 [main] INFO utilities.listener.WebEventListener  - Before Finding element: By.xpath: //button[@id='ReceiverResetSearch']//div
2022-01-31/12:23:27.196  INFO: listener.WebEventListener - Before Finding element: By.xpath: //button[@id='ReceiverResetSearch']//div
938226 [main] INFO utilities.listener.WebEventListener  - Before Finding element: By.xpath: //button[@id='ReceiverResetSearch']//div
938226 [main] INFO utilities.listener.WebEventListener  - Before Finding element: By.xpath: //button[@id='ReceiverResetSearch']//div
938226 [main] INFO utilities.listener.WebEventListener  - Before Finding element: By.xpath: //button[@id='ReceiverResetSearch']//div
2022-01-31/12:23:27.470  INFO: listener.WebEventListener - Before Finding element: By.xpath: //button[@id='ReceiverResetSearch']//div
938500 [main] INFO utilities.listener.WebEventListener  - Before Finding element: By.xpath: //button[@id='ReceiverResetSearch']//div
938500 [main] INFO utilities.listener.WebEventListener  - Before Finding element: By.xpath: //button[@id='ReceiverResetSearch']//div
938500 [main] INFO utilities.listener.WebEventListener  - Before Finding element: By.xpath: //button[@id='ReceiverResetSearch']//div
2022-01-31/12:23:27.796  INFO: listener.WebEventListener - Before Finding element: By.xpath: //button[@id='ReceiverResetSearch']//div
938826 [main] INFO utilities.listener.WebEventListener  - Before Finding element: By.xpath: //button[@id='ReceiverResetSearch']//div
938826 [main] INFO utilities.listener.WebEventListener  - Before Finding element: By.xpath: //button[@id='ReceiverResetSearch']//div
938826 [main] INFO utilities.listener.WebEventListener  - Before Finding element: By.xpath: //button[@id='ReceiverResetSearch']//div
2022-01-31/12:23:28.083  INFO: listener.WebEventListener - Before Finding element: By.xpath: //button[@id='ReceiverResetSearch']//div
939113 [main] INFO utilities.listener.WebEventListener  - Before Finding element: By.xpath: //button[@id='ReceiverResetSearch']//div
939113 [main] INFO utilities.listener.WebEventListener  - Before Finding element: By.xpath: //button[@id='ReceiverResetSearch']//div
939113 [main] INFO utilities.listener.WebEventListener  - Before Finding element: By.xpath: //button[@id='ReceiverResetSearch']//div
2022-01-31/12:23:28.365  INFO: listener.WebEventListener - Before Finding element: By.xpath: //button[@id='ReceiverResetSearch']//div
939395 [main] INFO utilities.listener.WebEventListener  - Before Finding element: By.xpath: //button[@id='ReceiverResetSearch']//div
939395 [main] INFO utilities.listener.WebEventListener  - Before Finding element: By.xpath: //button[@id='ReceiverResetSearch']//div
939395 [main] INFO utilities.listener.WebEventListener  - Before Finding element: By.xpath: //button[@id='ReceiverResetSearch']//div
2022-01-31/12:23:28.646  INFO: listener.WebEventListener - Before Finding element: By.xpath: //button[@id='ReceiverResetSearch']//div
939676 [main] INFO utilities.listener.WebEventListener  - Before Finding element: By.xpath: //button[@id='ReceiverResetSearch']//div
939676 [main] INFO utilities.listener.WebEventListener  - Before Finding element: By.xpath: //button[@id='ReceiverResetSearch']//div
939676 [main] INFO utilities.listener.WebEventListener  - Before Finding element: By.xpath: //button[@id='ReceiverResetSearch']//div
2022-01-31/12:23:28.929  INFO: listener.WebEventListener - Before Finding element: By.xpath: //button[@id='ReceiverResetSearch']//div
939959 [main] INFO utilities.listener.WebEventListener  - Before Finding element: By.xpath: //button[@id='ReceiverResetSearch']//div
939959 [main] INFO utilities.listener.WebEventListener  - Before Finding element: By.xpath: //button[@id='ReceiverResetSearch']//div
939959 [main] INFO utilities.listener.WebEventListener  - Before Finding element: By.xpath: //button[@id='ReceiverResetSearch']//div
2022-01-31/12:23:29.208  INFO: listener.WebEventListener - Before Finding element: By.xpath: //button[@id='ReceiverResetSearch']//div
940238 [main] INFO utilities.listener.WebEventListener  - Before Finding element: By.xpath: //button[@id='ReceiverResetSearch']//div
940238 [main] INFO utilities.listener.WebEventListener  - Before Finding element: By.xpath: //button[@id='ReceiverResetSearch']//div
940238 [main] INFO utilities.listener.WebEventListener  - Before Finding element: By.xpath: //button[@id='ReceiverResetSearch']//div
2022-01-31/12:23:29.490  INFO: listener.WebEventListener - Before Finding element: By.xpath: //button[@id='ReceiverResetSearch']//div
940520 [main] INFO utilities.listener.WebEventListener  - Before Finding element: By.xpath: //button[@id='ReceiverResetSearch']//div
940520 [main] INFO utilities.listener.WebEventListener  - Before Finding element: By.xpath: //button[@id='ReceiverResetSearch']//div
940520 [main] INFO utilities.listener.WebEventListener  - Before Finding element: By.xpath: //button[@id='ReceiverResetSearch']//div
2022-01-31/12:23:29.771  INFO: listener.WebEventListener - Before Finding element: By.xpath: //button[@id='ReceiverResetSearch']//div
940801 [main] INFO utilities.listener.WebEventListener  - Before Finding element: By.xpath: //button[@id='ReceiverResetSearch']//div
940801 [main] INFO utilities.listener.WebEventListener  - Before Finding element: By.xpath: //button[@id='ReceiverResetSearch']//div
940801 [main] INFO utilities.listener.WebEventListener  - Before Finding element: By.xpath: //button[@id='ReceiverResetSearch']//div
2022-01-31/12:23:30.053  INFO: listener.WebEventListener - Before Finding element: By.xpath: //button[@id='ReceiverResetSearch']//div
941083 [main] INFO utilities.listener.WebEventListener  - Before Finding element: By.xpath: //button[@id='ReceiverResetSearch']//div
941083 [main] INFO utilities.listener.WebEventListener  - Before Finding element: By.xpath: //button[@id='ReceiverResetSearch']//div
941083 [main] INFO utilities.listener.WebEventListener  - Before Finding element: By.xpath: //button[@id='ReceiverResetSearch']//div
2022-01-31/12:23:30.332  INFO: listener.WebEventListener - Before Finding element: By.xpath: //button[@id='ReceiverResetSearch']//div
941362 [main] INFO utilities.listener.WebEventListener  - Before Finding element: By.xpath: //button[@id='ReceiverResetSearch']//div
941362 [main] INFO utilities.listener.WebEventListener  - Before Finding element: By.xpath: //button[@id='ReceiverResetSearch']//div
941362 [main] INFO utilities.listener.WebEventListener  - Before Finding element: By.xpath: //button[@id='ReceiverResetSearch']//div
2022-01-31/12:23:30.612  INFO: listener.WebEventListener - Before Finding element: By.xpath: //button[@id='ReceiverResetSearch']//div
941642 [main] INFO utilities.listener.WebEventListener  - Before Finding element: By.xpath: //button[@id='ReceiverResetSearch']//div
941642 [main] INFO utilities.listener.WebEventListener  - Before Finding element: By.xpath: //button[@id='ReceiverResetSearch']//div
941642 [main] INFO utilities.listener.WebEventListener  - Before Finding element: By.xpath: //button[@id='ReceiverResetSearch']//div
2022-01-31/12:23:30.895  INFO: listener.WebEventListener - Before Finding element: By.xpath: //button[@id='ReceiverResetSearch']//div
941925 [main] INFO utilities.listener.WebEventListener  - Before Finding element: By.xpath: //button[@id='ReceiverResetSearch']//div
941925 [main] INFO utilities.listener.WebEventListener  - Before Finding element: By.xpath: //button[@id='ReceiverResetSearch']//div
941925 [main] INFO utilities.listener.WebEventListener  - Before Finding element: By.xpath: //button[@id='ReceiverResetSearch']//div
2022-01-31/12:23:31.175  INFO: listener.WebEventListener - Before Finding element: By.xpath: //button[@id='ReceiverResetSearch']//div
942205 [main] INFO utilities.listener.WebEventListener  - Before Finding element: By.xpath: //button[@id='ReceiverResetSearch']//div
942205 [main] INFO utilities.listener.WebEventListener  - Before Finding element: By.xpath: //button[@id='ReceiverResetSearch']//div
942205 [main] INFO utilities.listener.WebEventListener  - Before Finding element: By.xpath: //button[@id='ReceiverResetSearch']//div
2022-01-31/12:23:31.503  INFO: listener.WebEventListener - Before Finding element: By.xpath: //button[@id='ReceiverResetSearch']//div
942533 [main] INFO utilities.listener.WebEventListener  - Before Finding element: By.xpath: //button[@id='ReceiverResetSearch']//div
942533 [main] INFO utilities.listener.WebEventListener  - Before Finding element: By.xpath: //button[@id='ReceiverResetSearch']//div
942533 [main] INFO utilities.listener.WebEventListener  - Before Finding element: By.xpath: //button[@id='ReceiverResetSearch']//div
2022-01-31/12:23:31.790  INFO: listener.WebEventListener - Before Finding element: By.xpath: //button[@id='ReceiverResetSearch']//div
942820 [main] INFO utilities.listener.WebEventListener  - Before Finding element: By.xpath: //button[@id='ReceiverResetSearch']//div
942820 [main] INFO utilities.listener.WebEventListener  - Before Finding element: By.xpath: //button[@id='ReceiverResetSearch']//div
942820 [main] INFO utilities.listener.WebEventListener  - Before Finding element: By.xpath: //button[@id='ReceiverResetSearch']//div
2022-01-31/12:23:32.061  INFO: listener.WebEventListener - Before Finding element: By.xpath: //button[@id='ReceiverResetSearch']//div
943091 [main] INFO utilities.listener.WebEventListener  - Before Finding element: By.xpath: //button[@id='ReceiverResetSearch']//div
943091 [main] INFO utilities.listener.WebEventListener  - Before Finding element: By.xpath: //button[@id='ReceiverResetSearch']//div
943091 [main] INFO utilities.listener.WebEventListener  - Before Finding element: By.xpath: //button[@id='ReceiverResetSearch']//div
2022-01-31/12:23:32.340  INFO: listener.WebEventListener - Before Finding element: By.xpath: //button[@id='ReceiverResetSearch']//div
943370 [main] INFO utilities.listener.WebEventListener  - Before Finding element: By.xpath: //button[@id='ReceiverResetSearch']//div
943370 [main] INFO utilities.listener.WebEventListener  - Before Finding element: By.xpath: //button[@id='ReceiverResetSearch']//div
943370 [main] INFO utilities.listener.WebEventListener  - Before Finding element: By.xpath: //button[@id='ReceiverResetSearch']//div
2022-01-31/12:23:32.623  INFO: listener.WebEventListener - Before Finding element: By.xpath: //button[@id='ReceiverResetSearch']//div
943653 [main] INFO utilities.listener.WebEventListener  - Before Finding element: By.xpath: //button[@id='ReceiverResetSearch']//div
943653 [main] INFO utilities.listener.WebEventListener  - Before Finding element: By.xpath: //button[@id='ReceiverResetSearch']//div
943653 [main] INFO utilities.listener.WebEventListener  - Before Finding element: By.xpath: //button[@id='ReceiverResetSearch']//div
2022-01-31/12:23:32.918  INFO: listener.WebEventListener - Before Finding element: By.xpath: //button[@id='ReceiverResetSearch']//div
943948 [main] INFO utilities.listener.WebEventListener  - Before Finding element: By.xpath: //button[@id='ReceiverResetSearch']//div
943948 [main] INFO utilities.listener.WebEventListener  - Before Finding element: By.xpath: //button[@id='ReceiverResetSearch']//div
943948 [main] INFO utilities.listener.WebEventListener  - Before Finding element: By.xpath: //button[@id='ReceiverResetSearch']//div
2022-01-31/12:23:33.216  INFO: listener.WebEventListener - Before Finding element: By.xpath: //button[@id='ReceiverResetSearch']//div
944246 [main] INFO utilities.listener.WebEventListener  - Before Finding element: By.xpath: //button[@id='ReceiverResetSearch']//div
944246 [main] INFO utilities.listener.WebEventListener  - Before Finding element: By.xpath: //button[@id='ReceiverResetSearch']//div
944246 [main] INFO utilities.listener.WebEventListener  - Before Finding element: By.xpath: //button[@id='ReceiverResetSearch']//div
2022-01-31/12:23:33.513  INFO: listener.WebEventListener - Before Finding element: By.xpath: //button[@id='ReceiverResetSearch']//div
944543 [main] INFO utilities.listener.WebEventListener  - Before Finding element: By.xpath: //button[@id='ReceiverResetSearch']//div
944543 [main] INFO utilities.listener.WebEventListener  - Before Finding element: By.xpath: //button[@id='ReceiverResetSearch']//div
944543 [main] INFO utilities.listener.WebEventListener  - Before Finding element: By.xpath: //button[@id='ReceiverResetSearch']//div
2022-01-31/12:23:33.792  INFO: listener.WebEventListener - Before Finding element: By.xpath: //button[@id='ReceiverResetSearch']//div
944822 [main] INFO utilities.listener.WebEventListener  - Before Finding element: By.xpath: //button[@id='ReceiverResetSearch']//div
944822 [main] INFO utilities.listener.WebEventListener  - Before Finding element: By.xpath: //button[@id='ReceiverResetSearch']//div
944822 [main] INFO utilities.listener.WebEventListener  - Before Finding element: By.xpath: //button[@id='ReceiverResetSearch']//div
2022-01-31/12:23:34.086  INFO: listener.WebEventListener - Before Finding element: By.xpath: //button[@id='ReceiverResetSearch']//div
945116 [main] INFO utilities.listener.WebEventListener  - Before Finding element: By.xpath: //button[@id='ReceiverResetSearch']//div
945116 [main] INFO utilities.listener.WebEventListener  - Before Finding element: By.xpath: //button[@id='ReceiverResetSearch']//div
945116 [main] INFO utilities.listener.WebEventListener  - Before Finding element: By.xpath: //button[@id='ReceiverResetSearch']//div
2022-01-31/12:23:34.367  INFO: listener.WebEventListener - Before Finding element: By.xpath: //button[@id='ReceiverResetSearch']//div
945397 [main] INFO utilities.listener.WebEventListener  - Before Finding element: By.xpath: //button[@id='ReceiverResetSearch']//div
945397 [main] INFO utilities.listener.WebEventListener  - Before Finding element: By.xpath: //button[@id='ReceiverResetSearch']//div
945397 [main] INFO utilities.listener.WebEventListener  - Before Finding element: By.xpath: //button[@id='ReceiverResetSearch']//div
2022-01-31/12:23:34.646  INFO: listener.WebEventListener - Before Finding element: By.xpath: //button[@id='ReceiverResetSearch']//div
945676 [main] INFO utilities.listener.WebEventListener  - Before Finding element: By.xpath: //button[@id='ReceiverResetSearch']//div
945676 [main] INFO utilities.listener.WebEventListener  - Before Finding element: By.xpath: //button[@id='ReceiverResetSearch']//div
945676 [main] INFO utilities.listener.WebEventListener  - Before Finding element: By.xpath: //button[@id='ReceiverResetSearch']//div
2022-01-31/12:23:34.930  INFO: listener.WebEventListener - Before Finding element: By.xpath: //button[@id='ReceiverResetSearch']//div
945960 [main] INFO utilities.listener.WebEventListener  - Before Finding element: By.xpath: //button[@id='ReceiverResetSearch']//div
945960 [main] INFO utilities.listener.WebEventListener  - Before Finding element: By.xpath: //button[@id='ReceiverResetSearch']//div
945960 [main] INFO utilities.listener.WebEventListener  - Before Finding element: By.xpath: //button[@id='ReceiverResetSearch']//div
2022-01-31/12:23:35.207  INFO: listener.WebEventListener - Before Finding element: By.xpath: //button[@id='ReceiverResetSearch']//div
946237 [main] INFO utilities.listener.WebEventListener  - Before Finding element: By.xpath: //button[@id='ReceiverResetSearch']//div
946237 [main] INFO utilities.listener.WebEventListener  - Before Finding element: By.xpath: //button[@id='ReceiverResetSearch']//div
946237 [main] INFO utilities.listener.WebEventListener  - Before Finding element: By.xpath: //button[@id='ReceiverResetSearch']//div
2022-01-31/12:23:35.504  INFO: listener.WebEventListener - Before Finding element: By.xpath: //button[@id='ReceiverResetSearch']//div
946534 [main] INFO utilities.listener.WebEventListener  - Before Finding element: By.xpath: //button[@id='ReceiverResetSearch']//div
946534 [main] INFO utilities.listener.WebEventListener  - Before Finding element: By.xpath: //button[@id='ReceiverResetSearch']//div
946534 [main] INFO utilities.listener.WebEventListener  - Before Finding element: By.xpath: //button[@id='ReceiverResetSearch']//div
2022-01-31/12:23:35.827  INFO: listener.WebEventListener - Before Finding element: By.xpath: //button[@id='ReceiverResetSearch']//div
946857 [main] INFO utilities.listener.WebEventListener  - Before Finding element: By.xpath: //button[@id='ReceiverResetSearch']//div
946857 [main] INFO utilities.listener.WebEventListener  - Before Finding element: By.xpath: //button[@id='ReceiverResetSearch']//div
946857 [main] INFO utilities.listener.WebEventListener  - Before Finding element: By.xpath: //button[@id='ReceiverResetSearch']//div
2022-01-31/12:23:36.254  INFO: listener.WebEventListener - Before Finding element: By.xpath: //button[@id='ReceiverResetSearch']//div
947284 [main] INFO utilities.listener.WebEventListener  - Before Finding element: By.xpath: //button[@id='ReceiverResetSearch']//div
947284 [main] INFO utilities.listener.WebEventListener  - Before Finding element: By.xpath: //button[@id='ReceiverResetSearch']//div
947284 [main] INFO utilities.listener.WebEventListener  - Before Finding element: By.xpath: //button[@id='ReceiverResetSearch']//div
2022-01-31/12:23:36.553  INFO: listener.WebEventListener - Before Finding element: By.xpath: //button[@id='ReceiverResetSearch']//div
947583 [main] INFO utilities.listener.WebEventListener  - Before Finding element: By.xpath: //button[@id='ReceiverResetSearch']//div
947583 [main] INFO utilities.listener.WebEventListener  - Before Finding element: By.xpath: //button[@id='ReceiverResetSearch']//div
947583 [main] INFO utilities.listener.WebEventListener  - Before Finding element: By.xpath: //button[@id='ReceiverResetSearch']//div
2022-01-31/12:23:36.851  INFO: listener.WebEventListener - Before Finding element: By.xpath: //button[@id='ReceiverResetSearch']//div
947881 [main] INFO utilities.listener.WebEventListener  - Before Finding element: By.xpath: //button[@id='ReceiverResetSearch']//div
947881 [main] INFO utilities.listener.WebEventListener  - Before Finding element: By.xpath: //button[@id='ReceiverResetSearch']//div
947881 [main] INFO utilities.listener.WebEventListener  - Before Finding element: By.xpath: //button[@id='ReceiverResetSearch']//div
2022-01-31/12:23:37.133  INFO: listener.WebEventListener - Before Finding element: By.xpath: //button[@id='ReceiverResetSearch']//div
948163 [main] INFO utilities.listener.WebEventListener  - Before Finding element: By.xpath: //button[@id='ReceiverResetSearch']//div
948163 [main] INFO utilities.listener.WebEventListener  - Before Finding element: By.xpath: //button[@id='ReceiverResetSearch']//div
948163 [main] INFO utilities.listener.WebEventListener  - Before Finding element: By.xpath: //button[@id='ReceiverResetSearch']//div
2022-01-31/12:23:37.411  INFO: listener.WebEventListener - Before Finding element: By.xpath: //button[@id='ReceiverResetSearch']//div
948441 [main] INFO utilities.listener.WebEventListener  - Before Finding element: By.xpath: //button[@id='ReceiverResetSearch']//div
948441 [main] INFO utilities.listener.WebEventListener  - Before Finding element: By.xpath: //button[@id='ReceiverResetSearch']//div
948441 [main] INFO utilities.listener.WebEventListener  - Before Finding element: By.xpath: //button[@id='ReceiverResetSearch']//div
2022-01-31/12:23:37.690  INFO: listener.WebEventListener - Before Finding element: By.xpath: //button[@id='ReceiverResetSearch']//div
948720 [main] INFO utilities.listener.WebEventListener  - Before Finding element: By.xpath: //button[@id='ReceiverResetSearch']//div
948720 [main] INFO utilities.listener.WebEventListener  - Before Finding element: By.xpath: //button[@id='ReceiverResetSearch']//div
948720 [main] INFO utilities.listener.WebEventListener  - Before Finding element: By.xpath: //button[@id='ReceiverResetSearch']//div
2022-01-31/12:23:37.973  INFO: listener.WebEventListener - Before Finding element: By.xpath: //button[@id='ReceiverResetSearch']//div
949003 [main] INFO utilities.listener.WebEventListener  - Before Finding element: By.xpath: //button[@id='ReceiverResetSearch']//div
949003 [main] INFO utilities.listener.WebEventListener  - Before Finding element: By.xpath: //button[@id='ReceiverResetSearch']//div
949003 [main] INFO utilities.listener.WebEventListener  - Before Finding element: By.xpath: //button[@id='ReceiverResetSearch']//div
2022-01-31/12:23:38.252  INFO: listener.WebEventListener - Before Finding element: By.xpath: //button[@id='ReceiverResetSearch']//div
949282 [main] INFO utilities.listener.WebEventListener  - Before Finding element: By.xpath: //button[@id='ReceiverResetSearch']//div
949282 [main] INFO utilities.listener.WebEventListener  - Before Finding element: By.xpath: //button[@id='ReceiverResetSearch']//div
949282 [main] INFO utilities.listener.WebEventListener  - Before Finding element: By.xpath: //button[@id='ReceiverResetSearch']//div
2022-01-31/12:23:38.529  INFO: listener.WebEventListener - Before Finding element: By.xpath: //button[@id='ReceiverResetSearch']//div
949559 [main] INFO utilities.listener.WebEventListener  - Before Finding element: By.xpath: //button[@id='ReceiverResetSearch']//div
949559 [main] INFO utilities.listener.WebEventListener  - Before Finding element: By.xpath: //button[@id='ReceiverResetSearch']//div
949559 [main] INFO utilities.listener.WebEventListener  - Before Finding element: By.xpath: //button[@id='ReceiverResetSearch']//div
2022-01-31/12:23:38.809  INFO: listener.WebEventListener - Before Finding element: By.xpath: //button[@id='ReceiverResetSearch']//div
949839 [main] INFO utilities.listener.WebEventListener  - Before Finding element: By.xpath: //button[@id='ReceiverResetSearch']//div
949839 [main] INFO utilities.listener.WebEventListener  - Before Finding element: By.xpath: //button[@id='ReceiverResetSearch']//div
949839 [main] INFO utilities.listener.WebEventListener  - Before Finding element: By.xpath: //button[@id='ReceiverResetSearch']//div
2022-01-31/12:23:39.090  INFO: listener.WebEventListener - Before Finding element: By.xpath: //button[@id='ReceiverResetSearch']//div
950120 [main] INFO utilities.listener.WebEventListener  - Before Finding element: By.xpath: //button[@id='ReceiverResetSearch']//div
950120 [main] INFO utilities.listener.WebEventListener  - Before Finding element: By.xpath: //button[@id='ReceiverResetSearch']//div
950120 [main] INFO utilities.listener.WebEventListener  - Before Finding element: By.xpath: //button[@id='ReceiverResetSearch']//div
2022-01-31/12:23:39.369  INFO: listener.WebEventListener - Before Finding element: By.xpath: //button[@id='ReceiverResetSearch']//div
950399 [main] INFO utilities.listener.WebEventListener  - Before Finding element: By.xpath: //button[@id='ReceiverResetSearch']//div
950399 [main] INFO utilities.listener.WebEventListener  - Before Finding element: By.xpath: //button[@id='ReceiverResetSearch']//div
950399 [main] INFO utilities.listener.WebEventListener  - Before Finding element: By.xpath: //button[@id='ReceiverResetSearch']//div
2022-01-31/12:23:39.648  INFO: listener.WebEventListener - Before Finding element: By.xpath: //button[@id='ReceiverResetSearch']//div
950678 [main] INFO utilities.listener.WebEventListener  - Before Finding element: By.xpath: //button[@id='ReceiverResetSearch']//div
950678 [main] INFO utilities.listener.WebEventListener  - Before Finding element: By.xpath: //button[@id='ReceiverResetSearch']//div
950678 [main] INFO utilities.listener.WebEventListener  - Before Finding element: By.xpath: //button[@id='ReceiverResetSearch']//div
2022-01-31/12:23:39.928  INFO: listener.WebEventListener - Before Finding element: By.xpath: //button[@id='ReceiverResetSearch']//div
950958 [main] INFO utilities.listener.WebEventListener  - Before Finding element: By.xpath: //button[@id='ReceiverResetSearch']//div
950958 [main] INFO utilities.listener.WebEventListener  - Before Finding element: By.xpath: //button[@id='ReceiverResetSearch']//div
950958 [main] INFO utilities.listener.WebEventListener  - Before Finding element: By.xpath: //button[@id='ReceiverResetSearch']//div
2022-01-31/12:23:40.208  INFO: listener.WebEventListener - Before Finding element: By.xpath: //button[@id='ReceiverResetSearch']//div
951238 [main] INFO utilities.listener.WebEventListener  - Before Finding element: By.xpath: //button[@id='ReceiverResetSearch']//div
951238 [main] INFO utilities.listener.WebEventListener  - Before Finding element: By.xpath: //button[@id='ReceiverResetSearch']//div
951238 [main] INFO utilities.listener.WebEventListener  - Before Finding element: By.xpath: //button[@id='ReceiverResetSearch']//div
2022-01-31/12:23:40.487  INFO: listener.WebEventListener - Before Finding element: By.xpath: //button[@id='ReceiverResetSearch']//div
951517 [main] INFO utilities.listener.WebEventListener  - Before Finding element: By.xpath: //button[@id='ReceiverResetSearch']//div
951517 [main] INFO utilities.listener.WebEventListener  - Before Finding element: By.xpath: //button[@id='ReceiverResetSearch']//div
951517 [main] INFO utilities.listener.WebEventListener  - Before Finding element: By.xpath: //button[@id='ReceiverResetSearch']//div
2022-01-31/12:23:40.765  INFO: listener.WebEventListener - Before Finding element: By.xpath: //button[@id='ReceiverResetSearch']//div
951795 [main] INFO utilities.listener.WebEventListener  - Before Finding element: By.xpath: //button[@id='ReceiverResetSearch']//div
951795 [main] INFO utilities.listener.WebEventListener  - Before Finding element: By.xpath: //button[@id='ReceiverResetSearch']//div
951795 [main] INFO utilities.listener.WebEventListener  - Before Finding element: By.xpath: //button[@id='ReceiverResetSearch']//div
2022-01-31/12:23:41.045  INFO: listener.WebEventListener - Before Finding element: By.xpath: //button[@id='ReceiverResetSearch']//div
952075 [main] INFO utilities.listener.WebEventListener  - Before Finding element: By.xpath: //button[@id='ReceiverResetSearch']//div
952075 [main] INFO utilities.listener.WebEventListener  - Before Finding element: By.xpath: //button[@id='ReceiverResetSearch']//div
952075 [main] INFO utilities.listener.WebEventListener  - Before Finding element: By.xpath: //button[@id='ReceiverResetSearch']//div
2022-01-31/12:23:41.326  INFO: listener.WebEventListener - Before Finding element: By.xpath: //button[@id='ReceiverResetSearch']//div
952356 [main] INFO utilities.listener.WebEventListener  - Before Finding element: By.xpath: //button[@id='ReceiverResetSearch']//div
952356 [main] INFO utilities.listener.WebEventListener  - Before Finding element: By.xpath: //button[@id='ReceiverResetSearch']//div
952356 [main] INFO utilities.listener.WebEventListener  - Before Finding element: By.xpath: //button[@id='ReceiverResetSearch']//div
2022-01-31/12:23:41.608  INFO: listener.WebEventListener - Before Finding element: By.xpath: //button[@id='ReceiverResetSearch']//div
952638 [main] INFO utilities.listener.WebEventListener  - Before Finding element: By.xpath: //button[@id='ReceiverResetSearch']//div
952638 [main] INFO utilities.listener.WebEventListener  - Before Finding element: By.xpath: //button[@id='ReceiverResetSearch']//div
952638 [main] INFO utilities.listener.WebEventListener  - Before Finding element: By.xpath: //button[@id='ReceiverResetSearch']//div
2022-01-31/12:23:41.891  INFO: listener.WebEventListener - Before Finding element: By.xpath: //button[@id='ReceiverResetSearch']//div
952921 [main] INFO utilities.listener.WebEventListener  - Before Finding element: By.xpath: //button[@id='ReceiverResetSearch']//div
952921 [main] INFO utilities.listener.WebEventListener  - Before Finding element: By.xpath: //button[@id='ReceiverResetSearch']//div
952921 [main] INFO utilities.listener.WebEventListener  - Before Finding element: By.xpath: //button[@id='ReceiverResetSearch']//div
2022-01-31/12:23:42.173  INFO: listener.WebEventListener - Before Finding element: By.xpath: //button[@id='ReceiverResetSearch']//div
953203 [main] INFO utilities.listener.WebEventListener  - Before Finding element: By.xpath: //button[@id='ReceiverResetSearch']//div
953203 [main] INFO utilities.listener.WebEventListener  - Before Finding element: By.xpath: //button[@id='ReceiverResetSearch']//div
953203 [main] INFO utilities.listener.WebEventListener  - Before Finding element: By.xpath: //button[@id='ReceiverResetSearch']//div
2022-01-31/12:23:42.486  INFO: listener.WebEventListener - Before Finding element: By.xpath: //button[@id='ReceiverResetSearch']//div
953516 [main] INFO utilities.listener.WebEventListener  - Before Finding element: By.xpath: //button[@id='ReceiverResetSearch']//div
953516 [main] INFO utilities.listener.WebEventListener  - Before Finding element: By.xpath: //button[@id='ReceiverResetSearch']//div
953516 [main] INFO utilities.listener.WebEventListener  - Before Finding element: By.xpath: //button[@id='ReceiverResetSearch']//div
2022-01-31/12:23:42.906  INFO: listener.WebEventListener - Before Finding element: By.xpath: //button[@id='ReceiverResetSearch']//div
953936 [main] INFO utilities.listener.WebEventListener  - Before Finding element: By.xpath: //button[@id='ReceiverResetSearch']//div
953936 [main] INFO utilities.listener.WebEventListener  - Before Finding element: By.xpath: //button[@id='ReceiverResetSearch']//div
953936 [main] INFO utilities.listener.WebEventListener  - Before Finding element: By.xpath: //button[@id='ReceiverResetSearch']//div
2022-01-31/12:23:43.199  INFO: listener.WebEventListener - Before Finding element: By.xpath: //button[@id='ReceiverResetSearch']//div
954229 [main] INFO utilities.listener.WebEventListener  - Before Finding element: By.xpath: //button[@id='ReceiverResetSearch']//div
954229 [main] INFO utilities.listener.WebEventListener  - Before Finding element: By.xpath: //button[@id='ReceiverResetSearch']//div
954229 [main] INFO utilities.listener.WebEventListener  - Before Finding element: By.xpath: //button[@id='ReceiverResetSearch']//div
2022-01-31/12:23:43.483  INFO: listener.WebEventListener - Before Finding element: By.xpath: //button[@id='ReceiverResetSearch']//div
954513 [main] INFO utilities.listener.WebEventListener  - Before Finding element: By.xpath: //button[@id='ReceiverResetSearch']//div
954513 [main] INFO utilities.listener.WebEventListener  - Before Finding element: By.xpath: //button[@id='ReceiverResetSearch']//div
954513 [main] INFO utilities.listener.WebEventListener  - Before Finding element: By.xpath: //button[@id='ReceiverResetSearch']//div
2022-01-31/12:23:43.768  INFO: listener.WebEventListener - Before Finding element: By.xpath: //button[@id='ReceiverResetSearch']//div
954798 [main] INFO utilities.listener.WebEventListener  - Before Finding element: By.xpath: //button[@id='ReceiverResetSearch']//div
954798 [main] INFO utilities.listener.WebEventListener  - Before Finding element: By.xpath: //button[@id='ReceiverResetSearch']//div
954798 [main] INFO utilities.listener.WebEventListener  - Before Finding element: By.xpath: //button[@id='ReceiverResetSearch']//div
2022-01-31/12:23:44.189  INFO: listener.WebEventListener - Before Finding element: By.xpath: //button[@id='ReceiverResetSearch']//div
955219 [main] INFO utilities.listener.WebEventListener  - Before Finding element: By.xpath: //button[@id='ReceiverResetSearch']//div
955219 [main] INFO utilities.listener.WebEventListener  - Before Finding element: By.xpath: //button[@id='ReceiverResetSearch']//div
955219 [main] INFO utilities.listener.WebEventListener  - Before Finding element: By.xpath: //button[@id='ReceiverResetSearch']//div
2022-01-31/12:23:44.471  INFO: listener.WebEventListener - Before Finding element: By.xpath: //button[@id='ReceiverResetSearch']//div
955501 [main] INFO utilities.listener.WebEventListener  - Before Finding element: By.xpath: //button[@id='ReceiverResetSearch']//div
955501 [main] INFO utilities.listener.WebEventListener  - Before Finding element: By.xpath: //button[@id='ReceiverResetSearch']//div
955501 [main] INFO utilities.listener.WebEventListener  - Before Finding element: By.xpath: //button[@id='ReceiverResetSearch']//div
2022-01-31/12:23:44.766  INFO: listener.WebEventListener - Before Finding element: By.xpath: //button[@id='ReceiverResetSearch']//div
955796 [main] INFO utilities.listener.WebEventListener  - Before Finding element: By.xpath: //button[@id='ReceiverResetSearch']//div
955796 [main] INFO utilities.listener.WebEventListener  - Before Finding element: By.xpath: //button[@id='ReceiverResetSearch']//div
955796 [main] INFO utilities.listener.WebEventListener  - Before Finding element: By.xpath: //button[@id='ReceiverResetSearch']//div
2022-01-31/12:23:45.045  INFO: listener.WebEventListener - Before Finding element: By.xpath: //button[@id='ReceiverResetSearch']//div
956075 [main] INFO utilities.listener.WebEventListener  - Before Finding element: By.xpath: //button[@id='ReceiverResetSearch']//div
956075 [main] INFO utilities.listener.WebEventListener  - Before Finding element: By.xpath: //button[@id='ReceiverResetSearch']//div
956075 [main] INFO utilities.listener.WebEventListener  - Before Finding element: By.xpath: //button[@id='ReceiverResetSearch']//div
2022-01-31/12:23:45.327  INFO: listener.WebEventListener - Before Finding element: By.xpath: //button[@id='ReceiverResetSearch']//div
956357 [main] INFO utilities.listener.WebEventListener  - Before Finding element: By.xpath: //button[@id='ReceiverResetSearch']//div
956357 [main] INFO utilities.listener.WebEventListener  - Before Finding element: By.xpath: //button[@id='ReceiverResetSearch']//div
956357 [main] INFO utilities.listener.WebEventListener  - Before Finding element: By.xpath: //button[@id='ReceiverResetSearch']//div
2022-01-31/12:23:45.606  INFO: listener.WebEventListener - Before Finding element: By.xpath: //button[@id='ReceiverResetSearch']//div
956636 [main] INFO utilities.listener.WebEventListener  - Before Finding element: By.xpath: //button[@id='ReceiverResetSearch']//div
956636 [main] INFO utilities.listener.WebEventListener  - Before Finding element: By.xpath: //button[@id='ReceiverResetSearch']//div
956636 [main] INFO utilities.listener.WebEventListener  - Before Finding element: By.xpath: //button[@id='ReceiverResetSearch']//div
2022-01-31/12:23:45.884  INFO: listener.WebEventListener - Before Finding element: By.xpath: //button[@id='ReceiverResetSearch']//div
956914 [main] INFO utilities.listener.WebEventListener  - Before Finding element: By.xpath: //button[@id='ReceiverResetSearch']//div
956914 [main] INFO utilities.listener.WebEventListener  - Before Finding element: By.xpath: //button[@id='ReceiverResetSearch']//div
956914 [main] INFO utilities.listener.WebEventListener  - Before Finding element: By.xpath: //button[@id='ReceiverResetSearch']//div
2022-01-31/12:23:46.175  INFO: listener.WebEventListener - Before Finding element: By.xpath: //button[@id='ReceiverResetSearch']//div
957205 [main] INFO utilities.listener.WebEventListener  - Before Finding element: By.xpath: //button[@id='ReceiverResetSearch']//div
957205 [main] INFO utilities.listener.WebEventListener  - Before Finding element: By.xpath: //button[@id='ReceiverResetSearch']//div
957205 [main] INFO utilities.listener.WebEventListener  - Before Finding element: By.xpath: //button[@id='ReceiverResetSearch']//div
2022-01-31/12:23:46.468  INFO: listener.WebEventListener - Before Finding element: By.xpath: //button[@id='ReceiverResetSearch']//div
957498 [main] INFO utilities.listener.WebEventListener  - Before Finding element: By.xpath: //button[@id='ReceiverResetSearch']//div
957498 [main] INFO utilities.listener.WebEventListener  - Before Finding element: By.xpath: //button[@id='ReceiverResetSearch']//div
957498 [main] INFO utilities.listener.WebEventListener  - Before Finding element: By.xpath: //button[@id='ReceiverResetSearch']//div
2022-01-31/12:23:46.808  INFO: listener.WebEventListener - Before Finding element: By.xpath: //button[@id='ReceiverResetSearch']//div
957838 [main] INFO utilities.listener.WebEventListener  - Before Finding element: By.xpath: //button[@id='ReceiverResetSearch']//div
957838 [main] INFO utilities.listener.WebEventListener  - Before Finding element: By.xpath: //button[@id='ReceiverResetSearch']//div
957838 [main] INFO utilities.listener.WebEventListener  - Before Finding element: By.xpath: //button[@id='ReceiverResetSearch']//div
2022-01-31/12:23:47.086  INFO: listener.WebEventListener - Before Finding element: By.xpath: //button[@id='ReceiverResetSearch']//div
958116 [main] INFO utilities.listener.WebEventListener  - Before Finding element: By.xpath: //button[@id='ReceiverResetSearch']//div
958116 [main] INFO utilities.listener.WebEventListener  - Before Finding element: By.xpath: //button[@id='ReceiverResetSearch']//div
958116 [main] INFO utilities.listener.WebEventListener  - Before Finding element: By.xpath: //button[@id='ReceiverResetSearch']//div
2022-01-31/12:23:47.366  INFO: listener.WebEventListener - Before Finding element: By.xpath: //button[@id='ReceiverResetSearch']//div
958396 [main] INFO utilities.listener.WebEventListener  - Before Finding element: By.xpath: //button[@id='ReceiverResetSearch']//div
958396 [main] INFO utilities.listener.WebEventListener  - Before Finding element: By.xpath: //button[@id='ReceiverResetSearch']//div
958396 [main] INFO utilities.listener.WebEventListener  - Before Finding element: By.xpath: //button[@id='ReceiverResetSearch']//div
2022-01-31/12:23:47.646  INFO: listener.WebEventListener - Before Finding element: By.xpath: //button[@id='ReceiverResetSearch']//div
958676 [main] INFO utilities.listener.WebEventListener  - Before Finding element: By.xpath: //button[@id='ReceiverResetSearch']//div
958676 [main] INFO utilities.listener.WebEventListener  - Before Finding element: By.xpath: //button[@id='ReceiverResetSearch']//div
958676 [main] INFO utilities.listener.WebEventListener  - Before Finding element: By.xpath: //button[@id='ReceiverResetSearch']//div
2022-01-31/12:23:47.943  INFO: listener.WebEventListener - Before Finding element: By.xpath: //button[@id='ReceiverResetSearch']//div
958973 [main] INFO utilities.listener.WebEventListener  - Before Finding element: By.xpath: //button[@id='ReceiverResetSearch']//div
958973 [main] INFO utilities.listener.WebEventListener  - Before Finding element: By.xpath: //button[@id='ReceiverResetSearch']//div
958973 [main] INFO utilities.listener.WebEventListener  - Before Finding element: By.xpath: //button[@id='ReceiverResetSearch']//div
2022-01-31/12:23:48.324  INFO: listener.WebEventListener - Before Finding element: By.xpath: //button[@id='ReceiverResetSearch']//div
959354 [main] INFO utilities.listener.WebEventListener  - Before Finding element: By.xpath: //button[@id='ReceiverResetSearch']//div
959354 [main] INFO utilities.listener.WebEventListener  - Before Finding element: By.xpath: //button[@id='ReceiverResetSearch']//div
959354 [main] INFO utilities.listener.WebEventListener  - Before Finding element: By.xpath: //button[@id='ReceiverResetSearch']//div
2022-01-31/12:23:48.605  INFO: listener.WebEventListener - Before Finding element: By.xpath: //button[@id='ReceiverResetSearch']//div
959635 [main] INFO utilities.listener.WebEventListener  - Before Finding element: By.xpath: //button[@id='ReceiverResetSearch']//div
959635 [main] INFO utilities.listener.WebEventListener  - Before Finding element: By.xpath: //button[@id='ReceiverResetSearch']//div
959635 [main] INFO utilities.listener.WebEventListener  - Before Finding element: By.xpath: //button[@id='ReceiverResetSearch']//div
2022-01-31/12:23:48.963  INFO: listener.WebEventListener - Before Finding element: By.xpath: //button[@id='ReceiverResetSearch']//div
959993 [main] INFO utilities.listener.WebEventListener  - Before Finding element: By.xpath: //button[@id='ReceiverResetSearch']//div
959993 [main] INFO utilities.listener.WebEventListener  - Before Finding element: By.xpath: //button[@id='ReceiverResetSearch']//div
959993 [main] INFO utilities.listener.WebEventListener  - Before Finding element: By.xpath: //button[@id='ReceiverResetSearch']//div
2022-01-31/12:23:49.239  INFO: listener.WebEventListener - Before Finding element: By.xpath: //button[@id='ReceiverResetSearch']//div
960269 [main] INFO utilities.listener.WebEventListener  - Before Finding element: By.xpath: //button[@id='ReceiverResetSearch']//div
960269 [main] INFO utilities.listener.WebEventListener  - Before Finding element: By.xpath: //button[@id='ReceiverResetSearch']//div
960269 [main] INFO utilities.listener.WebEventListener  - Before Finding element: By.xpath: //button[@id='ReceiverResetSearch']//div
2022-01-31/12:23:49.520  INFO: listener.WebEventListener - Before Finding element: By.xpath: //button[@id='ReceiverResetSearch']//div
960550 [main] INFO utilities.listener.WebEventListener  - Before Finding element: By.xpath: //button[@id='ReceiverResetSearch']//div
960550 [main] INFO utilities.listener.WebEventListener  - Before Finding element: By.xpath: //button[@id='ReceiverResetSearch']//div
960550 [main] INFO utilities.listener.WebEventListener  - Before Finding element: By.xpath: //button[@id='ReceiverResetSearch']//div
2022-01-31/12:23:49.798  INFO: listener.WebEventListener - Before Finding element: By.xpath: //button[@id='ReceiverResetSearch']//div
960828 [main] INFO utilities.listener.WebEventListener  - Before Finding element: By.xpath: //button[@id='ReceiverResetSearch']//div
960828 [main] INFO utilities.listener.WebEventListener  - Before Finding element: By.xpath: //button[@id='ReceiverResetSearch']//div
960828 [main] INFO utilities.listener.WebEventListener  - Before Finding element: By.xpath: //button[@id='ReceiverResetSearch']//div
2022-01-31/12:23:50.084  INFO: listener.WebEventListener - Before Finding element: By.xpath: //button[@id='ReceiverResetSearch']//div
961114 [main] INFO utilities.listener.WebEventListener  - Before Finding element: By.xpath: //button[@id='ReceiverResetSearch']//div
961114 [main] INFO utilities.listener.WebEventListener  - Before Finding element: By.xpath: //button[@id='ReceiverResetSearch']//div
961114 [main] INFO utilities.listener.WebEventListener  - Before Finding element: By.xpath: //button[@id='ReceiverResetSearch']//div
2022-01-31/12:23:50.367  INFO: listener.WebEventListener - Before Finding element: By.xpath: //button[@id='ReceiverResetSearch']//div
961397 [main] INFO utilities.listener.WebEventListener  - Before Finding element: By.xpath: //button[@id='ReceiverResetSearch']//div
961397 [main] INFO utilities.listener.WebEventListener  - Before Finding element: By.xpath: //button[@id='ReceiverResetSearch']//div
961397 [main] INFO utilities.listener.WebEventListener  - Before Finding element: By.xpath: //button[@id='ReceiverResetSearch']//div
2022-01-31/12:23:50.650  INFO: listener.WebEventListener - Before Finding element: By.xpath: //button[@id='ReceiverResetSearch']//div
961680 [main] INFO utilities.listener.WebEventListener  - Before Finding element: By.xpath: //button[@id='ReceiverResetSearch']//div
961680 [main] INFO utilities.listener.WebEventListener  - Before Finding element: By.xpath: //button[@id='ReceiverResetSearch']//div
961680 [main] INFO utilities.listener.WebEventListener  - Before Finding element: By.xpath: //button[@id='ReceiverResetSearch']//div
2022-01-31/12:23:50.932  INFO: listener.WebEventListener - Before Finding element: By.xpath: //button[@id='ReceiverResetSearch']//div
961962 [main] INFO utilities.listener.WebEventListener  - Before Finding element: By.xpath: //button[@id='ReceiverResetSearch']//div
961962 [main] INFO utilities.listener.WebEventListener  - Before Finding element: By.xpath: //button[@id='ReceiverResetSearch']//div
961962 [main] INFO utilities.listener.WebEventListener  - Before Finding element: By.xpath: //button[@id='ReceiverResetSearch']//div
2022-01-31/12:23:51.243  INFO: listener.WebEventListener - Before Finding element: By.xpath: //button[@id='ReceiverResetSearch']//div
962273 [main] INFO utilities.listener.WebEventListener  - Before Finding element: By.xpath: //button[@id='ReceiverResetSearch']//div
962273 [main] INFO utilities.listener.WebEventListener  - Before Finding element: By.xpath: //button[@id='ReceiverResetSearch']//div
962273 [main] INFO utilities.listener.WebEventListener  - Before Finding element: By.xpath: //button[@id='ReceiverResetSearch']//div
2022-01-31/12:23:51.526  INFO: listener.WebEventListener - Before Finding element: By.xpath: //button[@id='ReceiverResetSearch']//div
962556 [main] INFO utilities.listener.WebEventListener  - Before Finding element: By.xpath: //button[@id='ReceiverResetSearch']//div
962556 [main] INFO utilities.listener.WebEventListener  - Before Finding element: By.xpath: //button[@id='ReceiverResetSearch']//div
962556 [main] INFO utilities.listener.WebEventListener  - Before Finding element: By.xpath: //button[@id='ReceiverResetSearch']//div
2022-01-31/12:23:51.810  INFO: listener.WebEventListener - Before Finding element: By.xpath: //button[@id='ReceiverResetSearch']//div
962840 [main] INFO utilities.listener.WebEventListener  - Before Finding element: By.xpath: //button[@id='ReceiverResetSearch']//div
962840 [main] INFO utilities.listener.WebEventListener  - Before Finding element: By.xpath: //button[@id='ReceiverResetSearch']//div
962840 [main] INFO utilities.listener.WebEventListener  - Before Finding element: By.xpath: //button[@id='ReceiverResetSearch']//div
2022-01-31/12:23:52.122  INFO: listener.WebEventListener - Before Finding element: By.xpath: //button[@id='ReceiverResetSearch']//div
963152 [main] INFO utilities.listener.WebEventListener  - Before Finding element: By.xpath: //button[@id='ReceiverResetSearch']//div
963152 [main] INFO utilities.listener.WebEventListener  - Before Finding element: By.xpath: //button[@id='ReceiverResetSearch']//div
963152 [main] INFO utilities.listener.WebEventListener  - Before Finding element: By.xpath: //button[@id='ReceiverResetSearch']//div
2022-01-31/12:23:52.531  INFO: listener.WebEventListener - Before Finding element: By.xpath: //button[@id='ReceiverResetSearch']//div
963561 [main] INFO utilities.listener.WebEventListener  - Before Finding element: By.xpath: //button[@id='ReceiverResetSearch']//div
963561 [main] INFO utilities.listener.WebEventListener  - Before Finding element: By.xpath: //button[@id='ReceiverResetSearch']//div
963561 [main] INFO utilities.listener.WebEventListener  - Before Finding element: By.xpath: //button[@id='ReceiverResetSearch']//div
2022-01-31/12:23:52.813  INFO: listener.WebEventListener - Before Finding element: By.xpath: //button[@id='ReceiverResetSearch']//div
963843 [main] INFO utilities.listener.WebEventListener  - Before Finding element: By.xpath: //button[@id='ReceiverResetSearch']//div
963843 [main] INFO utilities.listener.WebEventListener  - Before Finding element: By.xpath: //button[@id='ReceiverResetSearch']//div
963843 [main] INFO utilities.listener.WebEventListener  - Before Finding element: By.xpath: //button[@id='ReceiverResetSearch']//div
2022-01-31/12:23:53.093  INFO: listener.WebEventListener - Before Finding element: By.xpath: //button[@id='ReceiverResetSearch']//div
964123 [main] INFO utilities.listener.WebEventListener  - Before Finding element: By.xpath: //button[@id='ReceiverResetSearch']//div
964123 [main] INFO utilities.listener.WebEventListener  - Before Finding element: By.xpath: //button[@id='ReceiverResetSearch']//div
964123 [main] INFO utilities.listener.WebEventListener  - Before Finding element: By.xpath: //button[@id='ReceiverResetSearch']//div
2022-01-31/12:23:53.371  INFO: listener.WebEventListener - Before Finding element: By.xpath: //button[@id='ReceiverResetSearch']//div
964401 [main] INFO utilities.listener.WebEventListener  - Before Finding element: By.xpath: //button[@id='ReceiverResetSearch']//div
964401 [main] INFO utilities.listener.WebEventListener  - Before Finding element: By.xpath: //button[@id='ReceiverResetSearch']//div
964401 [main] INFO utilities.listener.WebEventListener  - Before Finding element: By.xpath: //button[@id='ReceiverResetSearch']//div
2022-01-31/12:23:53.655  INFO: listener.WebEventListener - Before Finding element: By.xpath: //button[@id='ReceiverResetSearch']//div
964685 [main] INFO utilities.listener.WebEventListener  - Before Finding element: By.xpath: //button[@id='ReceiverResetSearch']//div
964685 [main] INFO utilities.listener.WebEventListener  - Before Finding element: By.xpath: //button[@id='ReceiverResetSearch']//div
964685 [main] INFO utilities.listener.WebEventListener  - Before Finding element: By.xpath: //button[@id='ReceiverResetSearch']//div
2022-01-31/12:23:53.937  INFO: listener.WebEventListener - Before Finding element: By.xpath: //button[@id='ReceiverResetSearch']//div
964967 [main] INFO utilities.listener.WebEventListener  - Before Finding element: By.xpath: //button[@id='ReceiverResetSearch']//div
964967 [main] INFO utilities.listener.WebEventListener  - Before Finding element: By.xpath: //button[@id='ReceiverResetSearch']//div
964967 [main] INFO utilities.listener.WebEventListener  - Before Finding element: By.xpath: //button[@id='ReceiverResetSearch']//div
2022-01-31/12:23:53.966  INFO: listener.WebEventListener - Before Finding element: By.xpath: //button[@id='ReceiverResetSearch']//div
964996 [main] INFO utilities.listener.WebEventListener  - Before Finding element: By.xpath: //button[@id='ReceiverResetSearch']//div
964996 [main] INFO utilities.listener.WebEventListener  - Before Finding element: By.xpath: //button[@id='ReceiverResetSearch']//div
964996 [main] INFO utilities.listener.WebEventListener  - Before Finding element: By.xpath: //button[@id='ReceiverResetSearch']//div
2022-01-31/12:23:53.987  INFO: listener.WebEventListener - Before Finding element: By.xpath: //button[@id='ReceiverResetSearch']//div
965017 [main] INFO utilities.listener.WebEventListener  - Before Finding element: By.xpath: //button[@id='ReceiverResetSearch']//div
965017 [main] INFO utilities.listener.WebEventListener  - Before Finding element: By.xpath: //button[@id='ReceiverResetSearch']//div
965017 [main] INFO utilities.listener.WebEventListener  - Before Finding element: By.xpath: //button[@id='ReceiverResetSearch']//div
2022-01-31/12:23:54.282  INFO: listener.WebEventListener - Before Finding element: By.xpath: //button[@id='ReceiverResetSearch']//div
965312 [main] INFO utilities.listener.WebEventListener  - Before Finding element: By.xpath: //button[@id='ReceiverResetSearch']//div
965312 [main] INFO utilities.listener.WebEventListener  - Before Finding element: By.xpath: //button[@id='ReceiverResetSearch']//div
965312 [main] INFO utilities.listener.WebEventListener  - Before Finding element: By.xpath: //button[@id='ReceiverResetSearch']//div
2022-01-31/12:23:54.577  INFO: listener.WebEventListener - Before Finding element: By.xpath: //button[@id='ReceiverResetSearch']//div
965607 [main] INFO utilities.listener.WebEventListener  - Before Finding element: By.xpath: //button[@id='ReceiverResetSearch']//div
965607 [main] INFO utilities.listener.WebEventListener  - Before Finding element: By.xpath: //button[@id='ReceiverResetSearch']//div
965607 [main] INFO utilities.listener.WebEventListener  - Before Finding element: By.xpath: //button[@id='ReceiverResetSearch']//div
2022-01-31/12:23:54.857  INFO: listener.WebEventListener - Before Finding element: By.xpath: //button[@id='ReceiverResetSearch']//div
965887 [main] INFO utilities.listener.WebEventListener  - Before Finding element: By.xpath: //button[@id='ReceiverResetSearch']//div
965887 [main] INFO utilities.listener.WebEventListener  - Before Finding element: By.xpath: //button[@id='ReceiverResetSearch']//div
965887 [main] INFO utilities.listener.WebEventListener  - Before Finding element: By.xpath: //button[@id='ReceiverResetSearch']//div
2022-01-31/12:23:55.138  INFO: listener.WebEventListener - Before Finding element: By.xpath: //button[@id='ReceiverResetSearch']//div
966168 [main] INFO utilities.listener.WebEventListener  - Before Finding element: By.xpath: //button[@id='ReceiverResetSearch']//div
966168 [main] INFO utilities.listener.WebEventListener  - Before Finding element: By.xpath: //button[@id='ReceiverResetSearch']//div
966168 [main] INFO utilities.listener.WebEventListener  - Before Finding element: By.xpath: //button[@id='ReceiverResetSearch']//div
2022-01-31/12:23:55.416  INFO: listener.WebEventListener - Before Finding element: By.xpath: //button[@id='ReceiverResetSearch']//div
966446 [main] INFO utilities.listener.WebEventListener  - Before Finding element: By.xpath: //button[@id='ReceiverResetSearch']//div
966446 [main] INFO utilities.listener.WebEventListener  - Before Finding element: By.xpath: //button[@id='ReceiverResetSearch']//div
966446 [main] INFO utilities.listener.WebEventListener  - Before Finding element: By.xpath: //button[@id='ReceiverResetSearch']//div
2022-01-31/12:23:55.697  INFO: listener.WebEventListener - Before Finding element: By.xpath: //button[@id='ReceiverResetSearch']//div
966727 [main] INFO utilities.listener.WebEventListener  - Before Finding element: By.xpath: //button[@id='ReceiverResetSearch']//div
966727 [main] INFO utilities.listener.WebEventListener  - Before Finding element: By.xpath: //button[@id='ReceiverResetSearch']//div
966727 [main] INFO utilities.listener.WebEventListener  - Before Finding element: By.xpath: //button[@id='ReceiverResetSearch']//div
2022-01-31/12:23:55.977  INFO: listener.WebEventListener - Before Finding element: By.xpath: //button[@id='ReceiverResetSearch']//div
967007 [main] INFO utilities.listener.WebEventListener  - Before Finding element: By.xpath: //button[@id='ReceiverResetSearch']//div
967007 [main] INFO utilities.listener.WebEventListener  - Before Finding element: By.xpath: //button[@id='ReceiverResetSearch']//div
967007 [main] INFO utilities.listener.WebEventListener  - Before Finding element: By.xpath: //button[@id='ReceiverResetSearch']//div
2022-01-31/12:23:56.257  INFO: listener.WebEventListener - Before Finding element: By.xpath: //button[@id='ReceiverResetSearch']//div
967287 [main] INFO utilities.listener.WebEventListener  - Before Finding element: By.xpath: //button[@id='ReceiverResetSearch']//div
967287 [main] INFO utilities.listener.WebEventListener  - Before Finding element: By.xpath: //button[@id='ReceiverResetSearch']//div
967287 [main] INFO utilities.listener.WebEventListener  - Before Finding element: By.xpath: //button[@id='ReceiverResetSearch']//div
2022-01-31/12:23:56.537  INFO: listener.WebEventListener - Before Finding element: By.xpath: //button[@id='ReceiverResetSearch']//div
967567 [main] INFO utilities.listener.WebEventListener  - Before Finding element: By.xpath: //button[@id='ReceiverResetSearch']//div
967567 [main] INFO utilities.listener.WebEventListener  - Before Finding element: By.xpath: //button[@id='ReceiverResetSearch']//div
967567 [main] INFO utilities.listener.WebEventListener  - Before Finding element: By.xpath: //button[@id='ReceiverResetSearch']//div
2022-01-31/12:23:56.816  INFO: listener.WebEventListener - Before Finding element: By.xpath: //button[@id='ReceiverResetSearch']//div
967846 [main] INFO utilities.listener.WebEventListener  - Before Finding element: By.xpath: //button[@id='ReceiverResetSearch']//div
967846 [main] INFO utilities.listener.WebEventListener  - Before Finding element: By.xpath: //button[@id='ReceiverResetSearch']//div
967846 [main] INFO utilities.listener.WebEventListener  - Before Finding element: By.xpath: //button[@id='ReceiverResetSearch']//div
2022-01-31/12:23:57.095  INFO: listener.WebEventListener - Before Finding element: By.xpath: //button[@id='ReceiverResetSearch']//div
968125 [main] INFO utilities.listener.WebEventListener  - Before Finding element: By.xpath: //button[@id='ReceiverResetSearch']//div
968125 [main] INFO utilities.listener.WebEventListener  - Before Finding element: By.xpath: //button[@id='ReceiverResetSearch']//div
968125 [main] INFO utilities.listener.WebEventListener  - Before Finding element: By.xpath: //button[@id='ReceiverResetSearch']//div
2022-01-31/12:23:57.375  INFO: listener.WebEventListener - Before Finding element: By.xpath: //button[@id='ReceiverResetSearch']//div
968405 [main] INFO utilities.listener.WebEventListener  - Before Finding element: By.xpath: //button[@id='ReceiverResetSearch']//div
968405 [main] INFO utilities.listener.WebEventListener  - Before Finding element: By.xpath: //button[@id='ReceiverResetSearch']//div
968405 [main] INFO utilities.listener.WebEventListener  - Before Finding element: By.xpath: //button[@id='ReceiverResetSearch']//div
2022-01-31/12:23:57.666  INFO: listener.WebEventListener - Before Finding element: By.xpath: //button[@id='ReceiverResetSearch']//div
968696 [main] INFO utilities.listener.WebEventListener  - Before Finding element: By.xpath: //button[@id='ReceiverResetSearch']//div
968696 [main] INFO utilities.listener.WebEventListener  - Before Finding element: By.xpath: //button[@id='ReceiverResetSearch']//div
968696 [main] INFO utilities.listener.WebEventListener  - Before Finding element: By.xpath: //button[@id='ReceiverResetSearch']//div
2022-01-31/12:23:57.982  INFO: listener.WebEventListener - Before Finding element: By.xpath: //button[@id='ReceiverResetSearch']//div
969012 [main] INFO utilities.listener.WebEventListener  - Before Finding element: By.xpath: //button[@id='ReceiverResetSearch']//div
969012 [main] INFO utilities.listener.WebEventListener  - Before Finding element: By.xpath: //button[@id='ReceiverResetSearch']//div
969012 [main] INFO utilities.listener.WebEventListener  - Before Finding element: By.xpath: //button[@id='ReceiverResetSearch']//div
2022-01-31/12:23:58.352  INFO: listener.WebEventListener - Before Finding element: By.xpath: //button[@id='ReceiverResetSearch']//div
969382 [main] INFO utilities.listener.WebEventListener  - Before Finding element: By.xpath: //button[@id='ReceiverResetSearch']//div
969382 [main] INFO utilities.listener.WebEventListener  - Before Finding element: By.xpath: //button[@id='ReceiverResetSearch']//div
969382 [main] INFO utilities.listener.WebEventListener  - Before Finding element: By.xpath: //button[@id='ReceiverResetSearch']//div
2022-01-31/12:23:58.648  INFO: listener.WebEventListener - Before Finding element: By.xpath: //button[@id='ReceiverResetSearch']//div
969678 [main] INFO utilities.listener.WebEventListener  - Before Finding element: By.xpath: //button[@id='ReceiverResetSearch']//div
969678 [main] INFO utilities.listener.WebEventListener  - Before Finding element: By.xpath: //button[@id='ReceiverResetSearch']//div
969678 [main] INFO utilities.listener.WebEventListener  - Before Finding element: By.xpath: //button[@id='ReceiverResetSearch']//div
2022-01-31/12:23:59.032  INFO: listener.WebEventListener - Before Finding element: By.xpath: //button[@id='ReceiverResetSearch']//div
970062 [main] INFO utilities.listener.WebEventListener  - Before Finding element: By.xpath: //button[@id='ReceiverResetSearch']//div
970062 [main] INFO utilities.listener.WebEventListener  - Before Finding element: By.xpath: //button[@id='ReceiverResetSearch']//div
970062 [main] INFO utilities.listener.WebEventListener  - Before Finding element: By.xpath: //button[@id='ReceiverResetSearch']//div
2022-01-31/12:23:59.341  INFO: listener.WebEventListener - Before Finding element: By.xpath: //button[@id='ReceiverResetSearch']//div
970371 [main] INFO utilities.listener.WebEventListener  - Before Finding element: By.xpath: //button[@id='ReceiverResetSearch']//div
970371 [main] INFO utilities.listener.WebEventListener  - Before Finding element: By.xpath: //button[@id='ReceiverResetSearch']//div
970371 [main] INFO utilities.listener.WebEventListener  - Before Finding element: By.xpath: //button[@id='ReceiverResetSearch']//div
2022-01-31/12:23:59.640  INFO: listener.WebEventListener - Before Finding element: By.xpath: //button[@id='ReceiverResetSearch']//div
970670 [main] INFO utilities.listener.WebEventListener  - Before Finding element: By.xpath: //button[@id='ReceiverResetSearch']//div
970670 [main] INFO utilities.listener.WebEventListener  - Before Finding element: By.xpath: //button[@id='ReceiverResetSearch']//div
970670 [main] INFO utilities.listener.WebEventListener  - Before Finding element: By.xpath: //button[@id='ReceiverResetSearch']//div
2022-01-31/12:23:59.919  INFO: listener.WebEventListener - Before Finding element: By.xpath: //button[@id='ReceiverResetSearch']//div
970949 [main] INFO utilities.listener.WebEventListener  - Before Finding element: By.xpath: //button[@id='ReceiverResetSearch']//div
970949 [main] INFO utilities.listener.WebEventListener  - Before Finding element: By.xpath: //button[@id='ReceiverResetSearch']//div
970949 [main] INFO utilities.listener.WebEventListener  - Before Finding element: By.xpath: //button[@id='ReceiverResetSearch']//div
2022-01-31/12:24:00.217  INFO: listener.WebEventListener - Before Finding element: By.xpath: //button[@id='ReceiverResetSearch']//div
971247 [main] INFO utilities.listener.WebEventListener  - Before Finding element: By.xpath: //button[@id='ReceiverResetSearch']//div
971247 [main] INFO utilities.listener.WebEventListener  - Before Finding element: By.xpath: //button[@id='ReceiverResetSearch']//div
971247 [main] INFO utilities.listener.WebEventListener  - Before Finding element: By.xpath: //button[@id='ReceiverResetSearch']//div
2022-01-31/12:24:00.496  INFO: listener.WebEventListener - Before Finding element: By.xpath: //button[@id='ReceiverResetSearch']//div
971526 [main] INFO utilities.listener.WebEventListener  - Before Finding element: By.xpath: //button[@id='ReceiverResetSearch']//div
971526 [main] INFO utilities.listener.WebEventListener  - Before Finding element: By.xpath: //button[@id='ReceiverResetSearch']//div
971526 [main] INFO utilities.listener.WebEventListener  - Before Finding element: By.xpath: //button[@id='ReceiverResetSearch']//div
2022-01-31/12:24:00.775  INFO: listener.WebEventListener - Before Finding element: By.xpath: //button[@id='ReceiverResetSearch']//div
971805 [main] INFO utilities.listener.WebEventListener  - Before Finding element: By.xpath: //button[@id='ReceiverResetSearch']//div
971805 [main] INFO utilities.listener.WebEventListener  - Before Finding element: By.xpath: //button[@id='ReceiverResetSearch']//div
971805 [main] INFO utilities.listener.WebEventListener  - Before Finding element: By.xpath: //button[@id='ReceiverResetSearch']//div
2022-01-31/12:24:01.057  INFO: listener.WebEventListener - Before Finding element: By.xpath: //button[@id='ReceiverResetSearch']//div
972087 [main] INFO utilities.listener.WebEventListener  - Before Finding element: By.xpath: //button[@id='ReceiverResetSearch']//div
972087 [main] INFO utilities.listener.WebEventListener  - Before Finding element: By.xpath: //button[@id='ReceiverResetSearch']//div
972087 [main] INFO utilities.listener.WebEventListener  - Before Finding element: By.xpath: //button[@id='ReceiverResetSearch']//div
2022-01-31/12:24:01.336  INFO: listener.WebEventListener - Before Finding element: By.xpath: //button[@id='ReceiverResetSearch']//div
972366 [main] INFO utilities.listener.WebEventListener  - Before Finding element: By.xpath: //button[@id='ReceiverResetSearch']//div
972366 [main] INFO utilities.listener.WebEventListener  - Before Finding element: By.xpath: //button[@id='ReceiverResetSearch']//div
972366 [main] INFO utilities.listener.WebEventListener  - Before Finding element: By.xpath: //button[@id='ReceiverResetSearch']//div
2022-01-31/12:24:01.616  INFO: listener.WebEventListener - Before Finding element: By.xpath: //button[@id='ReceiverResetSearch']//div
972646 [main] INFO utilities.listener.WebEventListener  - Before Finding element: By.xpath: //button[@id='ReceiverResetSearch']//div
972646 [main] INFO utilities.listener.WebEventListener  - Before Finding element: By.xpath: //button[@id='ReceiverResetSearch']//div
972646 [main] INFO utilities.listener.WebEventListener  - Before Finding element: By.xpath: //button[@id='ReceiverResetSearch']//div
2022-01-31/12:24:01.895  INFO: listener.WebEventListener - Before Finding element: By.xpath: //button[@id='ReceiverResetSearch']//div
972925 [main] INFO utilities.listener.WebEventListener  - Before Finding element: By.xpath: //button[@id='ReceiverResetSearch']//div
972925 [main] INFO utilities.listener.WebEventListener  - Before Finding element: By.xpath: //button[@id='ReceiverResetSearch']//div
972925 [main] INFO utilities.listener.WebEventListener  - Before Finding element: By.xpath: //button[@id='ReceiverResetSearch']//div
2022-01-31/12:24:02.178  INFO: listener.WebEventListener - Before Finding element: By.xpath: //button[@id='ReceiverResetSearch']//div
973208 [main] INFO utilities.listener.WebEventListener  - Before Finding element: By.xpath: //button[@id='ReceiverResetSearch']//div
973208 [main] INFO utilities.listener.WebEventListener  - Before Finding element: By.xpath: //button[@id='ReceiverResetSearch']//div
973208 [main] INFO utilities.listener.WebEventListener  - Before Finding element: By.xpath: //button[@id='ReceiverResetSearch']//div
2022-01-31/12:24:02.459  INFO: listener.WebEventListener - Before Finding element: By.xpath: //button[@id='ReceiverResetSearch']//div
973489 [main] INFO utilities.listener.WebEventListener  - Before Finding element: By.xpath: //button[@id='ReceiverResetSearch']//div
973489 [main] INFO utilities.listener.WebEventListener  - Before Finding element: By.xpath: //button[@id='ReceiverResetSearch']//div
973489 [main] INFO utilities.listener.WebEventListener  - Before Finding element: By.xpath: //button[@id='ReceiverResetSearch']//div
2022-01-31/12:24:02.739  INFO: listener.WebEventListener - Before Finding element: By.xpath: //button[@id='ReceiverResetSearch']//div
973769 [main] INFO utilities.listener.WebEventListener  - Before Finding element: By.xpath: //button[@id='ReceiverResetSearch']//div
973769 [main] INFO utilities.listener.WebEventListener  - Before Finding element: By.xpath: //button[@id='ReceiverResetSearch']//div
973769 [main] INFO utilities.listener.WebEventListener  - Before Finding element: By.xpath: //button[@id='ReceiverResetSearch']//div
2022-01-31/12:24:03.018  INFO: listener.WebEventListener - Before Finding element: By.xpath: //button[@id='ReceiverResetSearch']//div
974048 [main] INFO utilities.listener.WebEventListener  - Before Finding element: By.xpath: //button[@id='ReceiverResetSearch']//div
974048 [main] INFO utilities.listener.WebEventListener  - Before Finding element: By.xpath: //button[@id='ReceiverResetSearch']//div
974048 [main] INFO utilities.listener.WebEventListener  - Before Finding element: By.xpath: //button[@id='ReceiverResetSearch']//div
2022-01-31/12:24:03.297  INFO: listener.WebEventListener - Before Finding element: By.xpath: //button[@id='ReceiverResetSearch']//div
974327 [main] INFO utilities.listener.WebEventListener  - Before Finding element: By.xpath: //button[@id='ReceiverResetSearch']//div
974327 [main] INFO utilities.listener.WebEventListener  - Before Finding element: By.xpath: //button[@id='ReceiverResetSearch']//div
974327 [main] INFO utilities.listener.WebEventListener  - Before Finding element: By.xpath: //button[@id='ReceiverResetSearch']//div
2022-01-31/12:24:03.577  INFO: listener.WebEventListener - Before Finding element: By.xpath: //button[@id='ReceiverResetSearch']//div
974607 [main] INFO utilities.listener.WebEventListener  - Before Finding element: By.xpath: //button[@id='ReceiverResetSearch']//div
974607 [main] INFO utilities.listener.WebEventListener  - Before Finding element: By.xpath: //button[@id='ReceiverResetSearch']//div
974607 [main] INFO utilities.listener.WebEventListener  - Before Finding element: By.xpath: //button[@id='ReceiverResetSearch']//div
2022-01-31/12:24:03.858  INFO: listener.WebEventListener - Before Finding element: By.xpath: //button[@id='ReceiverResetSearch']//div
974888 [main] INFO utilities.listener.WebEventListener  - Before Finding element: By.xpath: //button[@id='ReceiverResetSearch']//div
974888 [main] INFO utilities.listener.WebEventListener  - Before Finding element: By.xpath: //button[@id='ReceiverResetSearch']//div
974888 [main] INFO utilities.listener.WebEventListener  - Before Finding element: By.xpath: //button[@id='ReceiverResetSearch']//div
2022-01-31/12:24:04.138  INFO: listener.WebEventListener - Before Finding element: By.xpath: //button[@id='ReceiverResetSearch']//div
975168 [main] INFO utilities.listener.WebEventListener  - Before Finding element: By.xpath: //button[@id='ReceiverResetSearch']//div
975168 [main] INFO utilities.listener.WebEventListener  - Before Finding element: By.xpath: //button[@id='ReceiverResetSearch']//div
975168 [main] INFO utilities.listener.WebEventListener  - Before Finding element: By.xpath: //button[@id='ReceiverResetSearch']//div
2022-01-31/12:24:04.420  INFO: listener.WebEventListener - Before Finding element: By.xpath: //button[@id='ReceiverResetSearch']//div
975450 [main] INFO utilities.listener.WebEventListener  - Before Finding element: By.xpath: //button[@id='ReceiverResetSearch']//div
975450 [main] INFO utilities.listener.WebEventListener  - Before Finding element: By.xpath: //button[@id='ReceiverResetSearch']//div
975450 [main] INFO utilities.listener.WebEventListener  - Before Finding element: By.xpath: //button[@id='ReceiverResetSearch']//div
2022-01-31/12:24:04.697  INFO: listener.WebEventListener - Before Finding element: By.xpath: //button[@id='ReceiverResetSearch']//div
975727 [main] INFO utilities.listener.WebEventListener  - Before Finding element: By.xpath: //button[@id='ReceiverResetSearch']//div
975727 [main] INFO utilities.listener.WebEventListener  - Before Finding element: By.xpath: //button[@id='ReceiverResetSearch']//div
975727 [main] INFO utilities.listener.WebEventListener  - Before Finding element: By.xpath: //button[@id='ReceiverResetSearch']//div
2022-01-31/12:24:04.976  INFO: listener.WebEventListener - Before Finding element: By.xpath: //button[@id='ReceiverResetSearch']//div
976006 [main] INFO utilities.listener.WebEventListener  - Before Finding element: By.xpath: //button[@id='ReceiverResetSearch']//div
976006 [main] INFO utilities.listener.WebEventListener  - Before Finding element: By.xpath: //button[@id='ReceiverResetSearch']//div
976006 [main] INFO utilities.listener.WebEventListener  - Before Finding element: By.xpath: //button[@id='ReceiverResetSearch']//div
2022-01-31/12:24:05.257  INFO: listener.WebEventListener - Before Finding element: By.xpath: //button[@id='ReceiverResetSearch']//div
976287 [main] INFO utilities.listener.WebEventListener  - Before Finding element: By.xpath: //button[@id='ReceiverResetSearch']//div
976287 [main] INFO utilities.listener.WebEventListener  - Before Finding element: By.xpath: //button[@id='ReceiverResetSearch']//div
976287 [main] INFO utilities.listener.WebEventListener  - Before Finding element: By.xpath: //button[@id='ReceiverResetSearch']//div
2022-01-31/12:24:05.536  INFO: listener.WebEventListener - Before Finding element: By.xpath: //button[@id='ReceiverResetSearch']//div
976566 [main] INFO utilities.listener.WebEventListener  - Before Finding element: By.xpath: //button[@id='ReceiverResetSearch']//div
976566 [main] INFO utilities.listener.WebEventListener  - Before Finding element: By.xpath: //button[@id='ReceiverResetSearch']//div
976566 [main] INFO utilities.listener.WebEventListener  - Before Finding element: By.xpath: //button[@id='ReceiverResetSearch']//div
2022-01-31/12:24:05.817  INFO: listener.WebEventListener - Before Finding element: By.xpath: //button[@id='ReceiverResetSearch']//div
976847 [main] INFO utilities.listener.WebEventListener  - Before Finding element: By.xpath: //button[@id='ReceiverResetSearch']//div
976847 [main] INFO utilities.listener.WebEventListener  - Before Finding element: By.xpath: //button[@id='ReceiverResetSearch']//div
976847 [main] INFO utilities.listener.WebEventListener  - Before Finding element: By.xpath: //button[@id='ReceiverResetSearch']//div
2022-01-31/12:24:06.095  INFO: listener.WebEventListener - Before Finding element: By.xpath: //button[@id='ReceiverResetSearch']//div
977125 [main] INFO utilities.listener.WebEventListener  - Before Finding element: By.xpath: //button[@id='ReceiverResetSearch']//div
977125 [main] INFO utilities.listener.WebEventListener  - Before Finding element: By.xpath: //button[@id='ReceiverResetSearch']//div
977125 [main] INFO utilities.listener.WebEventListener  - Before Finding element: By.xpath: //button[@id='ReceiverResetSearch']//div
2022-01-31/12:24:06.373  INFO: listener.WebEventListener - Before Finding element: By.xpath: //button[@id='ReceiverResetSearch']//div
977403 [main] INFO utilities.listener.WebEventListener  - Before Finding element: By.xpath: //button[@id='ReceiverResetSearch']//div
977403 [main] INFO utilities.listener.WebEventListener  - Before Finding element: By.xpath: //button[@id='ReceiverResetSearch']//div
977403 [main] INFO utilities.listener.WebEventListener  - Before Finding element: By.xpath: //button[@id='ReceiverResetSearch']//div
2022-01-31/12:24:06.654  INFO: listener.WebEventListener - Before Finding element: By.xpath: //button[@id='ReceiverResetSearch']//div
977684 [main] INFO utilities.listener.WebEventListener  - Before Finding element: By.xpath: //button[@id='ReceiverResetSearch']//div
977684 [main] INFO utilities.listener.WebEventListener  - Before Finding element: By.xpath: //button[@id='ReceiverResetSearch']//div
977684 [main] INFO utilities.listener.WebEventListener  - Before Finding element: By.xpath: //button[@id='ReceiverResetSearch']//div
2022-01-31/12:24:06.936  INFO: listener.WebEventListener - Before Finding element: By.xpath: //button[@id='ReceiverResetSearch']//div
977966 [main] INFO utilities.listener.WebEventListener  - Before Finding element: By.xpath: //button[@id='ReceiverResetSearch']//div
977966 [main] INFO utilities.listener.WebEventListener  - Before Finding element: By.xpath: //button[@id='ReceiverResetSearch']//div
977966 [main] INFO utilities.listener.WebEventListener  - Before Finding element: By.xpath: //button[@id='ReceiverResetSearch']//div
2022-01-31/12:24:07.217  INFO: listener.WebEventListener - Before Finding element: By.xpath: //button[@id='ReceiverResetSearch']//div
978247 [main] INFO utilities.listener.WebEventListener  - Before Finding element: By.xpath: //button[@id='ReceiverResetSearch']//div
978247 [main] INFO utilities.listener.WebEventListener  - Before Finding element: By.xpath: //button[@id='ReceiverResetSearch']//div
978247 [main] INFO utilities.listener.WebEventListener  - Before Finding element: By.xpath: //button[@id='ReceiverResetSearch']//div
2022-01-31/12:24:07.498  INFO: listener.WebEventListener - Before Finding element: By.xpath: //button[@id='ReceiverResetSearch']//div
978528 [main] INFO utilities.listener.WebEventListener  - Before Finding element: By.xpath: //button[@id='ReceiverResetSearch']//div
978528 [main] INFO utilities.listener.WebEventListener  - Before Finding element: By.xpath: //button[@id='ReceiverResetSearch']//div
978528 [main] INFO utilities.listener.WebEventListener  - Before Finding element: By.xpath: //button[@id='ReceiverResetSearch']//div
2022-01-31/12:24:07.780  INFO: listener.WebEventListener - Before Finding element: By.xpath: //button[@id='ReceiverResetSearch']//div
978810 [main] INFO utilities.listener.WebEventListener  - Before Finding element: By.xpath: //button[@id='ReceiverResetSearch']//div
978810 [main] INFO utilities.listener.WebEventListener  - Before Finding element: By.xpath: //button[@id='ReceiverResetSearch']//div
978810 [main] INFO utilities.listener.WebEventListener  - Before Finding element: By.xpath: //button[@id='ReceiverResetSearch']//div
2022-01-31/12:24:08.058  INFO: listener.WebEventListener - Before Finding element: By.xpath: //button[@id='ReceiverResetSearch']//div
979088 [main] INFO utilities.listener.WebEventListener  - Before Finding element: By.xpath: //button[@id='ReceiverResetSearch']//div
979088 [main] INFO utilities.listener.WebEventListener  - Before Finding element: By.xpath: //button[@id='ReceiverResetSearch']//div
979088 [main] INFO utilities.listener.WebEventListener  - Before Finding element: By.xpath: //button[@id='ReceiverResetSearch']//div
2022-01-31/12:24:08.343  INFO: listener.WebEventListener - Before Finding element: By.xpath: //button[@id='ReceiverResetSearch']//div
979373 [main] INFO utilities.listener.WebEventListener  - Before Finding element: By.xpath: //button[@id='ReceiverResetSearch']//div
979373 [main] INFO utilities.listener.WebEventListener  - Before Finding element: By.xpath: //button[@id='ReceiverResetSearch']//div
979373 [main] INFO utilities.listener.WebEventListener  - Before Finding element: By.xpath: //button[@id='ReceiverResetSearch']//div
2022-01-31/12:24:08.619  INFO: listener.WebEventListener - Before Finding element: By.xpath: //button[@id='ReceiverResetSearch']//div
979649 [main] INFO utilities.listener.WebEventListener  - Before Finding element: By.xpath: //button[@id='ReceiverResetSearch']//div
979649 [main] INFO utilities.listener.WebEventListener  - Before Finding element: By.xpath: //button[@id='ReceiverResetSearch']//div
979649 [main] INFO utilities.listener.WebEventListener  - Before Finding element: By.xpath: //button[@id='ReceiverResetSearch']//div
2022-01-31/12:24:08.896  INFO: listener.WebEventListener - Before Finding element: By.xpath: //button[@id='ReceiverResetSearch']//div
979926 [main] INFO utilities.listener.WebEventListener  - Before Finding element: By.xpath: //button[@id='ReceiverResetSearch']//div
979926 [main] INFO utilities.listener.WebEventListener  - Before Finding element: By.xpath: //button[@id='ReceiverResetSearch']//div
979926 [main] INFO utilities.listener.WebEventListener  - Before Finding element: By.xpath: //button[@id='ReceiverResetSearch']//div
2022-01-31/12:24:09.193  INFO: listener.WebEventListener - Before Finding element: By.xpath: //button[@id='ReceiverResetSearch']//div
980223 [main] INFO utilities.listener.WebEventListener  - Before Finding element: By.xpath: //button[@id='ReceiverResetSearch']//div
980223 [main] INFO utilities.listener.WebEventListener  - Before Finding element: By.xpath: //button[@id='ReceiverResetSearch']//div
980223 [main] INFO utilities.listener.WebEventListener  - Before Finding element: By.xpath: //button[@id='ReceiverResetSearch']//div
2022-01-31/12:24:09.473  INFO: listener.WebEventListener - Before Finding element: By.xpath: //button[@id='ReceiverResetSearch']//div
980503 [main] INFO utilities.listener.WebEventListener  - Before Finding element: By.xpath: //button[@id='ReceiverResetSearch']//div
980503 [main] INFO utilities.listener.WebEventListener  - Before Finding element: By.xpath: //button[@id='ReceiverResetSearch']//div
980503 [main] INFO utilities.listener.WebEventListener  - Before Finding element: By.xpath: //button[@id='ReceiverResetSearch']//div
2022-01-31/12:24:09.753  INFO: listener.WebEventListener - Before Finding element: By.xpath: //button[@id='ReceiverResetSearch']//div
980783 [main] INFO utilities.listener.WebEventListener  - Before Finding element: By.xpath: //button[@id='ReceiverResetSearch']//div
980783 [main] INFO utilities.listener.WebEventListener  - Before Finding element: By.xpath: //button[@id='ReceiverResetSearch']//div
980783 [main] INFO utilities.listener.WebEventListener  - Before Finding element: By.xpath: //button[@id='ReceiverResetSearch']//div
2022-01-31/12:24:10.035  INFO: listener.WebEventListener - Before Finding element: By.xpath: //button[@id='ReceiverResetSearch']//div
981065 [main] INFO utilities.listener.WebEventListener  - Before Finding element: By.xpath: //button[@id='ReceiverResetSearch']//div
981065 [main] INFO utilities.listener.WebEventListener  - Before Finding element: By.xpath: //button[@id='ReceiverResetSearch']//div
981065 [main] INFO utilities.listener.WebEventListener  - Before Finding element: By.xpath: //button[@id='ReceiverResetSearch']//div
2022-01-31/12:24:10.316  INFO: listener.WebEventListener - Before Finding element: By.xpath: //button[@id='ReceiverResetSearch']//div
981346 [main] INFO utilities.listener.WebEventListener  - Before Finding element: By.xpath: //button[@id='ReceiverResetSearch']//div
981346 [main] INFO utilities.listener.WebEventListener  - Before Finding element: By.xpath: //button[@id='ReceiverResetSearch']//div
981346 [main] INFO utilities.listener.WebEventListener  - Before Finding element: By.xpath: //button[@id='ReceiverResetSearch']//div
2022-01-31/12:24:10.598  INFO: listener.WebEventListener - Before Finding element: By.xpath: //button[@id='ReceiverResetSearch']//div
981628 [main] INFO utilities.listener.WebEventListener  - Before Finding element: By.xpath: //button[@id='ReceiverResetSearch']//div
981628 [main] INFO utilities.listener.WebEventListener  - Before Finding element: By.xpath: //button[@id='ReceiverResetSearch']//div
981628 [main] INFO utilities.listener.WebEventListener  - Before Finding element: By.xpath: //button[@id='ReceiverResetSearch']//div
2022-01-31/12:24:10.880  INFO: listener.WebEventListener - Before Finding element: By.xpath: //button[@id='ReceiverResetSearch']//div
981910 [main] INFO utilities.listener.WebEventListener  - Before Finding element: By.xpath: //button[@id='ReceiverResetSearch']//div
981910 [main] INFO utilities.listener.WebEventListener  - Before Finding element: By.xpath: //button[@id='ReceiverResetSearch']//div
981910 [main] INFO utilities.listener.WebEventListener  - Before Finding element: By.xpath: //button[@id='ReceiverResetSearch']//div
2022-01-31/12:24:11.160  INFO: listener.WebEventListener - Before Finding element: By.xpath: //button[@id='ReceiverResetSearch']//div
982190 [main] INFO utilities.listener.WebEventListener  - Before Finding element: By.xpath: //button[@id='ReceiverResetSearch']//div
982190 [main] INFO utilities.listener.WebEventListener  - Before Finding element: By.xpath: //button[@id='ReceiverResetSearch']//div
982190 [main] INFO utilities.listener.WebEventListener  - Before Finding element: By.xpath: //button[@id='ReceiverResetSearch']//div
2022-01-31/12:24:11.441  INFO: listener.WebEventListener - Before Finding element: By.xpath: //button[@id='ReceiverResetSearch']//div
982471 [main] INFO utilities.listener.WebEventListener  - Before Finding element: By.xpath: //button[@id='ReceiverResetSearch']//div
982471 [main] INFO utilities.listener.WebEventListener  - Before Finding element: By.xpath: //button[@id='ReceiverResetSearch']//div
982471 [main] INFO utilities.listener.WebEventListener  - Before Finding element: By.xpath: //button[@id='ReceiverResetSearch']//div
2022-01-31/12:24:11.721  INFO: listener.WebEventListener - Before Finding element: By.xpath: //button[@id='ReceiverResetSearch']//div
982751 [main] INFO utilities.listener.WebEventListener  - Before Finding element: By.xpath: //button[@id='ReceiverResetSearch']//div
982751 [main] INFO utilities.listener.WebEventListener  - Before Finding element: By.xpath: //button[@id='ReceiverResetSearch']//div
982751 [main] INFO utilities.listener.WebEventListener  - Before Finding element: By.xpath: //button[@id='ReceiverResetSearch']//div
2022-01-31/12:24:12.003  INFO: listener.WebEventListener - Before Finding element: By.xpath: //button[@id='ReceiverResetSearch']//div
983033 [main] INFO utilities.listener.WebEventListener  - Before Finding element: By.xpath: //button[@id='ReceiverResetSearch']//div
983033 [main] INFO utilities.listener.WebEventListener  - Before Finding element: By.xpath: //button[@id='ReceiverResetSearch']//div
983033 [main] INFO utilities.listener.WebEventListener  - Before Finding element: By.xpath: //button[@id='ReceiverResetSearch']//div
2022-01-31/12:24:12.284  INFO: listener.WebEventListener - Before Finding element: By.xpath: //button[@id='ReceiverResetSearch']//div
983314 [main] INFO utilities.listener.WebEventListener  - Before Finding element: By.xpath: //button[@id='ReceiverResetSearch']//div
983314 [main] INFO utilities.listener.WebEventListener  - Before Finding element: By.xpath: //button[@id='ReceiverResetSearch']//div
983314 [main] INFO utilities.listener.WebEventListener  - Before Finding element: By.xpath: //button[@id='ReceiverResetSearch']//div
2022-01-31/12:24:12.565  INFO: listener.WebEventListener - Before Finding element: By.xpath: //button[@id='ReceiverResetSearch']//div
983595 [main] INFO utilities.listener.WebEventListener  - Before Finding element: By.xpath: //button[@id='ReceiverResetSearch']//div
983595 [main] INFO utilities.listener.WebEventListener  - Before Finding element: By.xpath: //button[@id='ReceiverResetSearch']//div
983595 [main] INFO utilities.listener.WebEventListener  - Before Finding element: By.xpath: //button[@id='ReceiverResetSearch']//div
2022-01-31/12:24:12.843  INFO: listener.WebEventListener - Before Finding element: By.xpath: //button[@id='ReceiverResetSearch']//div
983873 [main] INFO utilities.listener.WebEventListener  - Before Finding element: By.xpath: //button[@id='ReceiverResetSearch']//div
983873 [main] INFO utilities.listener.WebEventListener  - Before Finding element: By.xpath: //button[@id='ReceiverResetSearch']//div
983873 [main] INFO utilities.listener.WebEventListener  - Before Finding element: By.xpath: //button[@id='ReceiverResetSearch']//div
2022-01-31/12:24:13.121  INFO: listener.WebEventListener - Before Finding element: By.xpath: //button[@id='ReceiverResetSearch']//div
984151 [main] INFO utilities.listener.WebEventListener  - Before Finding element: By.xpath: //button[@id='ReceiverResetSearch']//div
984151 [main] INFO utilities.listener.WebEventListener  - Before Finding element: By.xpath: //button[@id='ReceiverResetSearch']//div
984151 [main] INFO utilities.listener.WebEventListener  - Before Finding element: By.xpath: //button[@id='ReceiverResetSearch']//div
2022-01-31/12:24:13.401  INFO: listener.WebEventListener - Before Finding element: By.xpath: //button[@id='ReceiverResetSearch']//div
984431 [main] INFO utilities.listener.WebEventListener  - Before Finding element: By.xpath: //button[@id='ReceiverResetSearch']//div
984431 [main] INFO utilities.listener.WebEventListener  - Before Finding element: By.xpath: //button[@id='ReceiverResetSearch']//div
984431 [main] INFO utilities.listener.WebEventListener  - Before Finding element: By.xpath: //button[@id='ReceiverResetSearch']//div
2022-01-31/12:24:13.683  INFO: listener.WebEventListener - Before Finding element: By.xpath: //button[@id='ReceiverResetSearch']//div
984713 [main] INFO utilities.listener.WebEventListener  - Before Finding element: By.xpath: //button[@id='ReceiverResetSearch']//div
984713 [main] INFO utilities.listener.WebEventListener  - Before Finding element: By.xpath: //button[@id='ReceiverResetSearch']//div
984713 [main] INFO utilities.listener.WebEventListener  - Before Finding element: By.xpath: //button[@id='ReceiverResetSearch']//div
2022-01-31/12:24:13.964  INFO: listener.WebEventListener - Before Finding element: By.xpath: //button[@id='ReceiverResetSearch']//div
984994 [main] INFO utilities.listener.WebEventListener  - Before Finding element: By.xpath: //button[@id='ReceiverResetSearch']//div
984994 [main] INFO utilities.listener.WebEventListener  - Before Finding element: By.xpath: //button[@id='ReceiverResetSearch']//div
984994 [main] INFO utilities.listener.WebEventListener  - Before Finding element: By.xpath: //button[@id='ReceiverResetSearch']//div
2022-01-31/12:24:14.246  INFO: listener.WebEventListener - Before Finding element: By.xpath: //button[@id='ReceiverResetSearch']//div
985276 [main] INFO utilities.listener.WebEventListener  - Before Finding element: By.xpath: //button[@id='ReceiverResetSearch']//div
985276 [main] INFO utilities.listener.WebEventListener  - Before Finding element: By.xpath: //button[@id='ReceiverResetSearch']//div
985276 [main] INFO utilities.listener.WebEventListener  - Before Finding element: By.xpath: //button[@id='ReceiverResetSearch']//div
2022-01-31/12:24:14.526  INFO: listener.WebEventListener - Before Finding element: By.xpath: //button[@id='ReceiverResetSearch']//div
985556 [main] INFO utilities.listener.WebEventListener  - Before Finding element: By.xpath: //button[@id='ReceiverResetSearch']//div
985556 [main] INFO utilities.listener.WebEventListener  - Before Finding element: By.xpath: //button[@id='ReceiverResetSearch']//div
985556 [main] INFO utilities.listener.WebEventListener  - Before Finding element: By.xpath: //button[@id='ReceiverResetSearch']//div
2022-01-31/12:24:14.804  INFO: listener.WebEventListener - Before Finding element: By.xpath: //button[@id='ReceiverResetSearch']//div
985834 [main] INFO utilities.listener.WebEventListener  - Before Finding element: By.xpath: //button[@id='ReceiverResetSearch']//div
985834 [main] INFO utilities.listener.WebEventListener  - Before Finding element: By.xpath: //button[@id='ReceiverResetSearch']//div
985834 [main] INFO utilities.listener.WebEventListener  - Before Finding element: By.xpath: //button[@id='ReceiverResetSearch']//div
2022-01-31/12:24:15.082  INFO: listener.WebEventListener - Before Finding element: By.xpath: //button[@id='ReceiverResetSearch']//div
986112 [main] INFO utilities.listener.WebEventListener  - Before Finding element: By.xpath: //button[@id='ReceiverResetSearch']//div
986112 [main] INFO utilities.listener.WebEventListener  - Before Finding element: By.xpath: //button[@id='ReceiverResetSearch']//div
986112 [main] INFO utilities.listener.WebEventListener  - Before Finding element: By.xpath: //button[@id='ReceiverResetSearch']//div
2022-01-31/12:24:15.366  INFO: listener.WebEventListener - Before Finding element: By.xpath: //button[@id='ReceiverResetSearch']//div
986396 [main] INFO utilities.listener.WebEventListener  - Before Finding element: By.xpath: //button[@id='ReceiverResetSearch']//div
986396 [main] INFO utilities.listener.WebEventListener  - Before Finding element: By.xpath: //button[@id='ReceiverResetSearch']//div
986396 [main] INFO utilities.listener.WebEventListener  - Before Finding element: By.xpath: //button[@id='ReceiverResetSearch']//div
2022-01-31/12:24:15.646  INFO: listener.WebEventListener - Before Finding element: By.xpath: //button[@id='ReceiverResetSearch']//div
986676 [main] INFO utilities.listener.WebEventListener  - Before Finding element: By.xpath: //button[@id='ReceiverResetSearch']//div
986676 [main] INFO utilities.listener.WebEventListener  - Before Finding element: By.xpath: //button[@id='ReceiverResetSearch']//div
986676 [main] INFO utilities.listener.WebEventListener  - Before Finding element: By.xpath: //button[@id='ReceiverResetSearch']//div
2022-01-31/12:24:15.926  INFO: listener.WebEventListener - Before Finding element: By.xpath: //button[@id='ReceiverResetSearch']//div
986956 [main] INFO utilities.listener.WebEventListener  - Before Finding element: By.xpath: //button[@id='ReceiverResetSearch']//div
986956 [main] INFO utilities.listener.WebEventListener  - Before Finding element: By.xpath: //button[@id='ReceiverResetSearch']//div
986956 [main] INFO utilities.listener.WebEventListener  - Before Finding element: By.xpath: //button[@id='ReceiverResetSearch']//div
2022-01-31/12:24:16.206  INFO: listener.WebEventListener - Before Finding element: By.xpath: //button[@id='ReceiverResetSearch']//div
987236 [main] INFO utilities.listener.WebEventListener  - Before Finding element: By.xpath: //button[@id='ReceiverResetSearch']//div
987236 [main] INFO utilities.listener.WebEventListener  - Before Finding element: By.xpath: //button[@id='ReceiverResetSearch']//div
987236 [main] INFO utilities.listener.WebEventListener  - Before Finding element: By.xpath: //button[@id='ReceiverResetSearch']//div
2022-01-31/12:24:16.486  INFO: listener.WebEventListener - Before Finding element: By.xpath: //button[@id='ReceiverResetSearch']//div
987516 [main] INFO utilities.listener.WebEventListener  - Before Finding element: By.xpath: //button[@id='ReceiverResetSearch']//div
987516 [main] INFO utilities.listener.WebEventListener  - Before Finding element: By.xpath: //button[@id='ReceiverResetSearch']//div
987516 [main] INFO utilities.listener.WebEventListener  - Before Finding element: By.xpath: //button[@id='ReceiverResetSearch']//div
2022-01-31/12:24:16.767  INFO: listener.WebEventListener - Before Finding element: By.xpath: //button[@id='ReceiverResetSearch']//div
987797 [main] INFO utilities.listener.WebEventListener  - Before Finding element: By.xpath: //button[@id='ReceiverResetSearch']//div
987797 [main] INFO utilities.listener.WebEventListener  - Before Finding element: By.xpath: //button[@id='ReceiverResetSearch']//div
987797 [main] INFO utilities.listener.WebEventListener  - Before Finding element: By.xpath: //button[@id='ReceiverResetSearch']//div
2022-01-31/12:24:17.047  INFO: listener.WebEventListener - Before Finding element: By.xpath: //button[@id='ReceiverResetSearch']//div
988077 [main] INFO utilities.listener.WebEventListener  - Before Finding element: By.xpath: //button[@id='ReceiverResetSearch']//div
988077 [main] INFO utilities.listener.WebEventListener  - Before Finding element: By.xpath: //button[@id='ReceiverResetSearch']//div
988077 [main] INFO utilities.listener.WebEventListener  - Before Finding element: By.xpath: //button[@id='ReceiverResetSearch']//div
2022-01-31/12:24:17.329  INFO: listener.WebEventListener - Before Finding element: By.xpath: //button[@id='ReceiverResetSearch']//div
988359 [main] INFO utilities.listener.WebEventListener  - Before Finding element: By.xpath: //button[@id='ReceiverResetSearch']//div
988359 [main] INFO utilities.listener.WebEventListener  - Before Finding element: By.xpath: //button[@id='ReceiverResetSearch']//div
988359 [main] INFO utilities.listener.WebEventListener  - Before Finding element: By.xpath: //button[@id='ReceiverResetSearch']//div
2022-01-31/12:24:17.607  INFO: listener.WebEventListener - Before Finding element: By.xpath: //button[@id='ReceiverResetSearch']//div
988637 [main] INFO utilities.listener.WebEventListener  - Before Finding element: By.xpath: //button[@id='ReceiverResetSearch']//div
988637 [main] INFO utilities.listener.WebEventListener  - Before Finding element: By.xpath: //button[@id='ReceiverResetSearch']//div
988637 [main] INFO utilities.listener.WebEventListener  - Before Finding element: By.xpath: //button[@id='ReceiverResetSearch']//div
2022-01-31/12:24:17.887  INFO: listener.WebEventListener - Before Finding element: By.xpath: //button[@id='ReceiverResetSearch']//div
988917 [main] INFO utilities.listener.WebEventListener  - Before Finding element: By.xpath: //button[@id='ReceiverResetSearch']//div
988917 [main] INFO utilities.listener.WebEventListener  - Before Finding element: By.xpath: //button[@id='ReceiverResetSearch']//div
988917 [main] INFO utilities.listener.WebEventListener  - Before Finding element: By.xpath: //button[@id='ReceiverResetSearch']//div
2022-01-31/12:24:18.169  INFO: listener.WebEventListener - Before Finding element: By.xpath: //button[@id='ReceiverResetSearch']//div
989199 [main] INFO utilities.listener.WebEventListener  - Before Finding element: By.xpath: //button[@id='ReceiverResetSearch']//div
989199 [main] INFO utilities.listener.WebEventListener  - Before Finding element: By.xpath: //button[@id='ReceiverResetSearch']//div
989199 [main] INFO utilities.listener.WebEventListener  - Before Finding element: By.xpath: //button[@id='ReceiverResetSearch']//div
2022-01-31/12:24:18.446  INFO: listener.WebEventListener - Before Finding element: By.xpath: //button[@id='ReceiverResetSearch']//div
989476 [main] INFO utilities.listener.WebEventListener  - Before Finding element: By.xpath: //button[@id='ReceiverResetSearch']//div
989476 [main] INFO utilities.listener.WebEventListener  - Before Finding element: By.xpath: //button[@id='ReceiverResetSearch']//div
989476 [main] INFO utilities.listener.WebEventListener  - Before Finding element: By.xpath: //button[@id='ReceiverResetSearch']//div
2022-01-31/12:24:18.727  INFO: listener.WebEventListener - Before Finding element: By.xpath: //button[@id='ReceiverResetSearch']//div
989757 [main] INFO utilities.listener.WebEventListener  - Before Finding element: By.xpath: //button[@id='ReceiverResetSearch']//div
989757 [main] INFO utilities.listener.WebEventListener  - Before Finding element: By.xpath: //button[@id='ReceiverResetSearch']//div
989757 [main] INFO utilities.listener.WebEventListener  - Before Finding element: By.xpath: //button[@id='ReceiverResetSearch']//div
2022-01-31/12:24:19.005  INFO: listener.WebEventListener - Before Finding element: By.xpath: //button[@id='ReceiverResetSearch']//div
990035 [main] INFO utilities.listener.WebEventListener  - Before Finding element: By.xpath: //button[@id='ReceiverResetSearch']//div
990035 [main] INFO utilities.listener.WebEventListener  - Before Finding element: By.xpath: //button[@id='ReceiverResetSearch']//div
990035 [main] INFO utilities.listener.WebEventListener  - Before Finding element: By.xpath: //button[@id='ReceiverResetSearch']//div
2022-01-31/12:24:19.286  INFO: listener.WebEventListener - Before Finding element: By.xpath: //button[@id='ReceiverResetSearch']//div
990316 [main] INFO utilities.listener.WebEventListener  - Before Finding element: By.xpath: //button[@id='ReceiverResetSearch']//div
990316 [main] INFO utilities.listener.WebEventListener  - Before Finding element: By.xpath: //button[@id='ReceiverResetSearch']//div
990316 [main] INFO utilities.listener.WebEventListener  - Before Finding element: By.xpath: //button[@id='ReceiverResetSearch']//div
2022-01-31/12:24:19.565  INFO: listener.WebEventListener - Before Finding element: By.xpath: //button[@id='ReceiverResetSearch']//div
990595 [main] INFO utilities.listener.WebEventListener  - Before Finding element: By.xpath: //button[@id='ReceiverResetSearch']//div
990595 [main] INFO utilities.listener.WebEventListener  - Before Finding element: By.xpath: //button[@id='ReceiverResetSearch']//div
990595 [main] INFO utilities.listener.WebEventListener  - Before Finding element: By.xpath: //button[@id='ReceiverResetSearch']//div
2022-01-31/12:24:19.845  INFO: listener.WebEventListener - Before Finding element: By.xpath: //button[@id='ReceiverResetSearch']//div
990875 [main] INFO utilities.listener.WebEventListener  - Before Finding element: By.xpath: //button[@id='ReceiverResetSearch']//div
990875 [main] INFO utilities.listener.WebEventListener  - Before Finding element: By.xpath: //button[@id='ReceiverResetSearch']//div
990875 [main] INFO utilities.listener.WebEventListener  - Before Finding element: By.xpath: //button[@id='ReceiverResetSearch']//div
2022-01-31/12:24:20.126  INFO: listener.WebEventListener - Before Finding element: By.xpath: //button[@id='ReceiverResetSearch']//div
991156 [main] INFO utilities.listener.WebEventListener  - Before Finding element: By.xpath: //button[@id='ReceiverResetSearch']//div
991156 [main] INFO utilities.listener.WebEventListener  - Before Finding element: By.xpath: //button[@id='ReceiverResetSearch']//div
991156 [main] INFO utilities.listener.WebEventListener  - Before Finding element: By.xpath: //button[@id='ReceiverResetSearch']//div
2022-01-31/12:24:20.406  INFO: listener.WebEventListener - Before Finding element: By.xpath: //button[@id='ReceiverResetSearch']//div
991436 [main] INFO utilities.listener.WebEventListener  - Before Finding element: By.xpath: //button[@id='ReceiverResetSearch']//div
991436 [main] INFO utilities.listener.WebEventListener  - Before Finding element: By.xpath: //button[@id='ReceiverResetSearch']//div
991436 [main] INFO utilities.listener.WebEventListener  - Before Finding element: By.xpath: //button[@id='ReceiverResetSearch']//div
2022-01-31/12:24:20.687  INFO: listener.WebEventListener - Before Finding element: By.xpath: //button[@id='ReceiverResetSearch']//div
991717 [main] INFO utilities.listener.WebEventListener  - Before Finding element: By.xpath: //button[@id='ReceiverResetSearch']//div
991717 [main] INFO utilities.listener.WebEventListener  - Before Finding element: By.xpath: //button[@id='ReceiverResetSearch']//div
991717 [main] INFO utilities.listener.WebEventListener  - Before Finding element: By.xpath: //button[@id='ReceiverResetSearch']//div
2022-01-31/12:24:20.966  INFO: listener.WebEventListener - Before Finding element: By.xpath: //button[@id='ReceiverResetSearch']//div
991996 [main] INFO utilities.listener.WebEventListener  - Before Finding element: By.xpath: //button[@id='ReceiverResetSearch']//div
991996 [main] INFO utilities.listener.WebEventListener  - Before Finding element: By.xpath: //button[@id='ReceiverResetSearch']//div
991996 [main] INFO utilities.listener.WebEventListener  - Before Finding element: By.xpath: //button[@id='ReceiverResetSearch']//div
2022-01-31/12:24:21.242  INFO: listener.WebEventListener - Before Finding element: By.xpath: //button[@id='ReceiverResetSearch']//div
992272 [main] INFO utilities.listener.WebEventListener  - Before Finding element: By.xpath: //button[@id='ReceiverResetSearch']//div
992272 [main] INFO utilities.listener.WebEventListener  - Before Finding element: By.xpath: //button[@id='ReceiverResetSearch']//div
992272 [main] INFO utilities.listener.WebEventListener  - Before Finding element: By.xpath: //button[@id='ReceiverResetSearch']//div
2022-01-31/12:24:21.521  INFO: listener.WebEventListener - Before Finding element: By.xpath: //button[@id='ReceiverResetSearch']//div
992551 [main] INFO utilities.listener.WebEventListener  - Before Finding element: By.xpath: //button[@id='ReceiverResetSearch']//div
992551 [main] INFO utilities.listener.WebEventListener  - Before Finding element: By.xpath: //button[@id='ReceiverResetSearch']//div
992551 [main] INFO utilities.listener.WebEventListener  - Before Finding element: By.xpath: //button[@id='ReceiverResetSearch']//div
2022-01-31/12:24:21.802  INFO: listener.WebEventListener - Before Finding element: By.xpath: //button[@id='ReceiverResetSearch']//div
992832 [main] INFO utilities.listener.WebEventListener  - Before Finding element: By.xpath: //button[@id='ReceiverResetSearch']//div
992832 [main] INFO utilities.listener.WebEventListener  - Before Finding element: By.xpath: //button[@id='ReceiverResetSearch']//div
992832 [main] INFO utilities.listener.WebEventListener  - Before Finding element: By.xpath: //button[@id='ReceiverResetSearch']//div
2022-01-31/12:24:22.083  INFO: listener.WebEventListener - Before Finding element: By.xpath: //button[@id='ReceiverResetSearch']//div
993113 [main] INFO utilities.listener.WebEventListener  - Before Finding element: By.xpath: //button[@id='ReceiverResetSearch']//div
993113 [main] INFO utilities.listener.WebEventListener  - Before Finding element: By.xpath: //button[@id='ReceiverResetSearch']//div
993113 [main] INFO utilities.listener.WebEventListener  - Before Finding element: By.xpath: //button[@id='ReceiverResetSearch']//div
2022-01-31/12:24:22.365  INFO: listener.WebEventListener - Before Finding element: By.xpath: //button[@id='ReceiverResetSearch']//div
993395 [main] INFO utilities.listener.WebEventListener  - Before Finding element: By.xpath: //button[@id='ReceiverResetSearch']//div
993395 [main] INFO utilities.listener.WebEventListener  - Before Finding element: By.xpath: //button[@id='ReceiverResetSearch']//div
993395 [main] INFO utilities.listener.WebEventListener  - Before Finding element: By.xpath: //button[@id='ReceiverResetSearch']//div
2022-01-31/12:24:22.645  INFO: listener.WebEventListener - Before Finding element: By.xpath: //button[@id='ReceiverResetSearch']//div
993675 [main] INFO utilities.listener.WebEventListener  - Before Finding element: By.xpath: //button[@id='ReceiverResetSearch']//div
993675 [main] INFO utilities.listener.WebEventListener  - Before Finding element: By.xpath: //button[@id='ReceiverResetSearch']//div
993675 [main] INFO utilities.listener.WebEventListener  - Before Finding element: By.xpath: //button[@id='ReceiverResetSearch']//div
2022-01-31/12:24:22.926  INFO: listener.WebEventListener - Before Finding element: By.xpath: //button[@id='ReceiverResetSearch']//div
993956 [main] INFO utilities.listener.WebEventListener  - Before Finding element: By.xpath: //button[@id='ReceiverResetSearch']//div
993956 [main] INFO utilities.listener.WebEventListener  - Before Finding element: By.xpath: //button[@id='ReceiverResetSearch']//div
993956 [main] INFO utilities.listener.WebEventListener  - Before Finding element: By.xpath: //button[@id='ReceiverResetSearch']//div
2022-01-31/12:24:23.208  INFO: listener.WebEventListener - Before Finding element: By.xpath: //button[@id='ReceiverResetSearch']//div
994238 [main] INFO utilities.listener.WebEventListener  - Before Finding element: By.xpath: //button[@id='ReceiverResetSearch']//div
994238 [main] INFO utilities.listener.WebEventListener  - Before Finding element: By.xpath: //button[@id='ReceiverResetSearch']//div
994238 [main] INFO utilities.listener.WebEventListener  - Before Finding element: By.xpath: //button[@id='ReceiverResetSearch']//div
2022-01-31/12:24:23.487  INFO: listener.WebEventListener - Before Finding element: By.xpath: //button[@id='ReceiverResetSearch']//div
994517 [main] INFO utilities.listener.WebEventListener  - Before Finding element: By.xpath: //button[@id='ReceiverResetSearch']//div
994517 [main] INFO utilities.listener.WebEventListener  - Before Finding element: By.xpath: //button[@id='ReceiverResetSearch']//div
994517 [main] INFO utilities.listener.WebEventListener  - Before Finding element: By.xpath: //button[@id='ReceiverResetSearch']//div
2022-01-31/12:24:23.768  INFO: listener.WebEventListener - Before Finding element: By.xpath: //button[@id='ReceiverResetSearch']//div
994798 [main] INFO utilities.listener.WebEventListener  - Before Finding element: By.xpath: //button[@id='ReceiverResetSearch']//div
994798 [main] INFO utilities.listener.WebEventListener  - Before Finding element: By.xpath: //button[@id='ReceiverResetSearch']//div
994798 [main] INFO utilities.listener.WebEventListener  - Before Finding element: By.xpath: //button[@id='ReceiverResetSearch']//div
2022-01-31/12:24:24.046  INFO: listener.WebEventListener - Before Finding element: By.xpath: //button[@id='ReceiverResetSearch']//div
995076 [main] INFO utilities.listener.WebEventListener  - Before Finding element: By.xpath: //button[@id='ReceiverResetSearch']//div
995076 [main] INFO utilities.listener.WebEventListener  - Before Finding element: By.xpath: //button[@id='ReceiverResetSearch']//div
995076 [main] INFO utilities.listener.WebEventListener  - Before Finding element: By.xpath: //button[@id='ReceiverResetSearch']//div
2022-01-31/12:24:24.328  INFO: listener.WebEventListener - Before Finding element: By.xpath: //button[@id='ReceiverResetSearch']//div
995358 [main] INFO utilities.listener.WebEventListener  - Before Finding element: By.xpath: //button[@id='ReceiverResetSearch']//div
995358 [main] INFO utilities.listener.WebEventListener  - Before Finding element: By.xpath: //button[@id='ReceiverResetSearch']//div
995358 [main] INFO utilities.listener.WebEventListener  - Before Finding element: By.xpath: //button[@id='ReceiverResetSearch']//div
2022-01-31/12:24:24.610  INFO: listener.WebEventListener - Before Finding element: By.xpath: //button[@id='ReceiverResetSearch']//div
995640 [main] INFO utilities.listener.WebEventListener  - Before Finding element: By.xpath: //button[@id='ReceiverResetSearch']//div
995640 [main] INFO utilities.listener.WebEventListener  - Before Finding element: By.xpath: //button[@id='ReceiverResetSearch']//div
995640 [main] INFO utilities.listener.WebEventListener  - Before Finding element: By.xpath: //button[@id='ReceiverResetSearch']//div
2022-01-31/12:24:24.888  INFO: listener.WebEventListener - Before Finding element: By.xpath: //button[@id='ReceiverResetSearch']//div
995918 [main] INFO utilities.listener.WebEventListener  - Before Finding element: By.xpath: //button[@id='ReceiverResetSearch']//div
995918 [main] INFO utilities.listener.WebEventListener  - Before Finding element: By.xpath: //button[@id='ReceiverResetSearch']//div
995918 [main] INFO utilities.listener.WebEventListener  - Before Finding element: By.xpath: //button[@id='ReceiverResetSearch']//div
2022-01-31/12:24:25.170  INFO: listener.WebEventListener - Before Finding element: By.xpath: //button[@id='ReceiverResetSearch']//div
996200 [main] INFO utilities.listener.WebEventListener  - Before Finding element: By.xpath: //button[@id='ReceiverResetSearch']//div
996200 [main] INFO utilities.listener.WebEventListener  - Before Finding element: By.xpath: //button[@id='ReceiverResetSearch']//div
996200 [main] INFO utilities.listener.WebEventListener  - Before Finding element: By.xpath: //button[@id='ReceiverResetSearch']//div
2022-01-31/12:24:25.463  INFO: listener.WebEventListener - Before Finding element: By.xpath: //button[@id='ReceiverResetSearch']//div
996493 [main] INFO utilities.listener.WebEventListener  - Before Finding element: By.xpath: //button[@id='ReceiverResetSearch']//div
996493 [main] INFO utilities.listener.WebEventListener  - Before Finding element: By.xpath: //button[@id='ReceiverResetSearch']//div
996493 [main] INFO utilities.listener.WebEventListener  - Before Finding element: By.xpath: //button[@id='ReceiverResetSearch']//div
2022-01-31/12:24:25.747  INFO: listener.WebEventListener - Before Finding element: By.xpath: //button[@id='ReceiverResetSearch']//div
996777 [main] INFO utilities.listener.WebEventListener  - Before Finding element: By.xpath: //button[@id='ReceiverResetSearch']//div
996777 [main] INFO utilities.listener.WebEventListener  - Before Finding element: By.xpath: //button[@id='ReceiverResetSearch']//div
996777 [main] INFO utilities.listener.WebEventListener  - Before Finding element: By.xpath: //button[@id='ReceiverResetSearch']//div
2022-01-31/12:24:26.026  INFO: listener.WebEventListener - Before Finding element: By.xpath: //button[@id='ReceiverResetSearch']//div
997056 [main] INFO utilities.listener.WebEventListener  - Before Finding element: By.xpath: //button[@id='ReceiverResetSearch']//div
997056 [main] INFO utilities.listener.WebEventListener  - Before Finding element: By.xpath: //button[@id='ReceiverResetSearch']//div
997056 [main] INFO utilities.listener.WebEventListener  - Before Finding element: By.xpath: //button[@id='ReceiverResetSearch']//div
2022-01-31/12:24:26.306  INFO: listener.WebEventListener - Before Finding element: By.xpath: //button[@id='ReceiverResetSearch']//div
997336 [main] INFO utilities.listener.WebEventListener  - Before Finding element: By.xpath: //button[@id='ReceiverResetSearch']//div
997336 [main] INFO utilities.listener.WebEventListener  - Before Finding element: By.xpath: //button[@id='ReceiverResetSearch']//div
997336 [main] INFO utilities.listener.WebEventListener  - Before Finding element: By.xpath: //button[@id='ReceiverResetSearch']//div
2022-01-31/12:24:26.587  INFO: listener.WebEventListener - Before Finding element: By.xpath: //button[@id='ReceiverResetSearch']//div
997617 [main] INFO utilities.listener.WebEventListener  - Before Finding element: By.xpath: //button[@id='ReceiverResetSearch']//div
997617 [main] INFO utilities.listener.WebEventListener  - Before Finding element: By.xpath: //button[@id='ReceiverResetSearch']//div
997617 [main] INFO utilities.listener.WebEventListener  - Before Finding element: By.xpath: //button[@id='ReceiverResetSearch']//div
2022-01-31/12:24:26.867  INFO: listener.WebEventListener - Before Finding element: By.xpath: //button[@id='ReceiverResetSearch']//div
997897 [main] INFO utilities.listener.WebEventListener  - Before Finding element: By.xpath: //button[@id='ReceiverResetSearch']//div
997897 [main] INFO utilities.listener.WebEventListener  - Before Finding element: By.xpath: //button[@id='ReceiverResetSearch']//div
997897 [main] INFO utilities.listener.WebEventListener  - Before Finding element: By.xpath: //button[@id='ReceiverResetSearch']//div
2022-01-31/12:24:27.148  INFO: listener.WebEventListener - Before Finding element: By.xpath: //button[@id='ReceiverResetSearch']//div
998178 [main] INFO utilities.listener.WebEventListener  - Before Finding element: By.xpath: //button[@id='ReceiverResetSearch']//div
998178 [main] INFO utilities.listener.WebEventListener  - Before Finding element: By.xpath: //button[@id='ReceiverResetSearch']//div
998178 [main] INFO utilities.listener.WebEventListener  - Before Finding element: By.xpath: //button[@id='ReceiverResetSearch']//div
2022-01-31/12:24:27.429  INFO: listener.WebEventListener - Before Finding element: By.xpath: //button[@id='ReceiverResetSearch']//div
998459 [main] INFO utilities.listener.WebEventListener  - Before Finding element: By.xpath: //button[@id='ReceiverResetSearch']//div
998459 [main] INFO utilities.listener.WebEventListener  - Before Finding element: By.xpath: //button[@id='ReceiverResetSearch']//div
998459 [main] INFO utilities.listener.WebEventListener  - Before Finding element: By.xpath: //button[@id='ReceiverResetSearch']//div
2022-01-31/12:24:27.709  INFO: listener.WebEventListener - Before Finding element: By.xpath: //button[@id='ReceiverResetSearch']//div
998739 [main] INFO utilities.listener.WebEventListener  - Before Finding element: By.xpath: //button[@id='ReceiverResetSearch']//div
998739 [main] INFO utilities.listener.WebEventListener  - Before Finding element: By.xpath: //button[@id='ReceiverResetSearch']//div
998739 [main] INFO utilities.listener.WebEventListener  - Before Finding element: By.xpath: //button[@id='ReceiverResetSearch']//div
2022-01-31/12:24:27.993  INFO: listener.WebEventListener - Before Finding element: By.xpath: //button[@id='ReceiverResetSearch']//div
999023 [main] INFO utilities.listener.WebEventListener  - Before Finding element: By.xpath: //button[@id='ReceiverResetSearch']//div
999023 [main] INFO utilities.listener.WebEventListener  - Before Finding element: By.xpath: //button[@id='ReceiverResetSearch']//div
999023 [main] INFO utilities.listener.WebEventListener  - Before Finding element: By.xpath: //button[@id='ReceiverResetSearch']//div
2022-01-31/12:24:28.272  INFO: listener.WebEventListener - Before Finding element: By.xpath: //button[@id='ReceiverResetSearch']//div
999302 [main] INFO utilities.listener.WebEventListener  - Before Finding element: By.xpath: //button[@id='ReceiverResetSearch']//div
999302 [main] INFO utilities.listener.WebEventListener  - Before Finding element: By.xpath: //button[@id='ReceiverResetSearch']//div
999302 [main] INFO utilities.listener.WebEventListener  - Before Finding element: By.xpath: //button[@id='ReceiverResetSearch']//div
2022-01-31/12:24:28.551  INFO: listener.WebEventListener - Before Finding element: By.xpath: //button[@id='ReceiverResetSearch']//div
999581 [main] INFO utilities.listener.WebEventListener  - Before Finding element: By.xpath: //button[@id='ReceiverResetSearch']//div
999581 [main] INFO utilities.listener.WebEventListener  - Before Finding element: By.xpath: //button[@id='ReceiverResetSearch']//div
999581 [main] INFO utilities.listener.WebEventListener  - Before Finding element: By.xpath: //button[@id='ReceiverResetSearch']//div
2022-01-31/12:24:28.832  INFO: listener.WebEventListener - Before Finding element: By.xpath: //button[@id='ReceiverResetSearch']//div
999862 [main] INFO utilities.listener.WebEventListener  - Before Finding element: By.xpath: //button[@id='ReceiverResetSearch']//div
999862 [main] INFO utilities.listener.WebEventListener  - Before Finding element: By.xpath: //button[@id='ReceiverResetSearch']//div
999862 [main] INFO utilities.listener.WebEventListener  - Before Finding element: By.xpath: //button[@id='ReceiverResetSearch']//div
2022-01-31/12:24:29.111  INFO: listener.WebEventListener - Before Finding element: By.xpath: //button[@id='ReceiverResetSearch']//div
1000141 [main] INFO utilities.listener.WebEventListener  - Before Finding element: By.xpath: //button[@id='ReceiverResetSearch']//div
1000141 [main] INFO utilities.listener.WebEventListener  - Before Finding element: By.xpath: //button[@id='ReceiverResetSearch']//div
1000141 [main] INFO utilities.listener.WebEventListener  - Before Finding element: By.xpath: //button[@id='ReceiverResetSearch']//div
2022-01-31/12:24:29.393  INFO: listener.WebEventListener - Before Finding element: By.xpath: //button[@id='ReceiverResetSearch']//div
1000423 [main] INFO utilities.listener.WebEventListener  - Before Finding element: By.xpath: //button[@id='ReceiverResetSearch']//div
1000423 [main] INFO utilities.listener.WebEventListener  - Before Finding element: By.xpath: //button[@id='ReceiverResetSearch']//div
1000423 [main] INFO utilities.listener.WebEventListener  - Before Finding element: By.xpath: //button[@id='ReceiverResetSearch']//div
2022-01-31/12:24:29.677  INFO: listener.WebEventListener - Before Finding element: By.xpath: //button[@id='ReceiverResetSearch']//div
1000707 [main] INFO utilities.listener.WebEventListener  - Before Finding element: By.xpath: //button[@id='ReceiverResetSearch']//div
1000707 [main] INFO utilities.listener.WebEventListener  - Before Finding element: By.xpath: //button[@id='ReceiverResetSearch']//div
1000707 [main] INFO utilities.listener.WebEventListener  - Before Finding element: By.xpath: //button[@id='ReceiverResetSearch']//div
2022-01-31/12:24:29.955  INFO: listener.WebEventListener - Before Finding element: By.xpath: //button[@id='ReceiverResetSearch']//div
1000985 [main] INFO utilities.listener.WebEventListener  - Before Finding element: By.xpath: //button[@id='ReceiverResetSearch']//div
1000985 [main] INFO utilities.listener.WebEventListener  - Before Finding element: By.xpath: //button[@id='ReceiverResetSearch']//div
1000985 [main] INFO utilities.listener.WebEventListener  - Before Finding element: By.xpath: //button[@id='ReceiverResetSearch']//div
2022-01-31/12:24:30.236  INFO: listener.WebEventListener - Before Finding element: By.xpath: //button[@id='ReceiverResetSearch']//div
1001266 [main] INFO utilities.listener.WebEventListener  - Before Finding element: By.xpath: //button[@id='ReceiverResetSearch']//div
1001266 [main] INFO utilities.listener.WebEventListener  - Before Finding element: By.xpath: //button[@id='ReceiverResetSearch']//div
1001266 [main] INFO utilities.listener.WebEventListener  - Before Finding element: By.xpath: //button[@id='ReceiverResetSearch']//div
2022-01-31/12:24:30.517  INFO: listener.WebEventListener - Before Finding element: By.xpath: //button[@id='ReceiverResetSearch']//div
1001547 [main] INFO utilities.listener.WebEventListener  - Before Finding element: By.xpath: //button[@id='ReceiverResetSearch']//div
1001547 [main] INFO utilities.listener.WebEventListener  - Before Finding element: By.xpath: //button[@id='ReceiverResetSearch']//div
1001547 [main] INFO utilities.listener.WebEventListener  - Before Finding element: By.xpath: //button[@id='ReceiverResetSearch']//div
2022-01-31/12:24:30.797  INFO: listener.WebEventListener - Before Finding element: By.xpath: //button[@id='ReceiverResetSearch']//div
1001827 [main] INFO utilities.listener.WebEventListener  - Before Finding element: By.xpath: //button[@id='ReceiverResetSearch']//div
1001827 [main] INFO utilities.listener.WebEventListener  - Before Finding element: By.xpath: //button[@id='ReceiverResetSearch']//div
1001827 [main] INFO utilities.listener.WebEventListener  - Before Finding element: By.xpath: //button[@id='ReceiverResetSearch']//div
2022-01-31/12:24:31.091  INFO: listener.WebEventListener - Before Finding element: By.xpath: //button[@id='ReceiverResetSearch']//div
1002121 [main] INFO utilities.listener.WebEventListener  - Before Finding element: By.xpath: //button[@id='ReceiverResetSearch']//div
1002121 [main] INFO utilities.listener.WebEventListener  - Before Finding element: By.xpath: //button[@id='ReceiverResetSearch']//div
1002121 [main] INFO utilities.listener.WebEventListener  - Before Finding element: By.xpath: //button[@id='ReceiverResetSearch']//div
2022-01-31/12:24:31.371  INFO: listener.WebEventListener - Before Finding element: By.xpath: //button[@id='ReceiverResetSearch']//div
1002401 [main] INFO utilities.listener.WebEventListener  - Before Finding element: By.xpath: //button[@id='ReceiverResetSearch']//div
1002401 [main] INFO utilities.listener.WebEventListener  - Before Finding element: By.xpath: //button[@id='ReceiverResetSearch']//div
1002401 [main] INFO utilities.listener.WebEventListener  - Before Finding element: By.xpath: //button[@id='ReceiverResetSearch']//div
2022-01-31/12:24:31.654  INFO: listener.WebEventListener - Before Finding element: By.xpath: //button[@id='ReceiverResetSearch']//div
1002684 [main] INFO utilities.listener.WebEventListener  - Before Finding element: By.xpath: //button[@id='ReceiverResetSearch']//div
1002684 [main] INFO utilities.listener.WebEventListener  - Before Finding element: By.xpath: //button[@id='ReceiverResetSearch']//div
1002684 [main] INFO utilities.listener.WebEventListener  - Before Finding element: By.xpath: //button[@id='ReceiverResetSearch']//div
2022-01-31/12:24:31.933  INFO: listener.WebEventListener - Before Finding element: By.xpath: //button[@id='ReceiverResetSearch']//div
1002963 [main] INFO utilities.listener.WebEventListener  - Before Finding element: By.xpath: //button[@id='ReceiverResetSearch']//div
1002963 [main] INFO utilities.listener.WebEventListener  - Before Finding element: By.xpath: //button[@id='ReceiverResetSearch']//div
1002963 [main] INFO utilities.listener.WebEventListener  - Before Finding element: By.xpath: //button[@id='ReceiverResetSearch']//div
2022-01-31/12:24:32.211  INFO: listener.WebEventListener - Before Finding element: By.xpath: //button[@id='ReceiverResetSearch']//div
1003241 [main] INFO utilities.listener.WebEventListener  - Before Finding element: By.xpath: //button[@id='ReceiverResetSearch']//div
1003241 [main] INFO utilities.listener.WebEventListener  - Before Finding element: By.xpath: //button[@id='ReceiverResetSearch']//div
1003241 [main] INFO utilities.listener.WebEventListener  - Before Finding element: By.xpath: //button[@id='ReceiverResetSearch']//div
2022-01-31/12:24:32.495  INFO: listener.WebEventListener - Before Finding element: By.xpath: //button[@id='ReceiverResetSearch']//div
1003525 [main] INFO utilities.listener.WebEventListener  - Before Finding element: By.xpath: //button[@id='ReceiverResetSearch']//div
1003525 [main] INFO utilities.listener.WebEventListener  - Before Finding element: By.xpath: //button[@id='ReceiverResetSearch']//div
1003525 [main] INFO utilities.listener.WebEventListener  - Before Finding element: By.xpath: //button[@id='ReceiverResetSearch']//div
2022-01-31/12:24:32.777  INFO: listener.WebEventListener - Before Finding element: By.xpath: //button[@id='ReceiverResetSearch']//div
1003807 [main] INFO utilities.listener.WebEventListener  - Before Finding element: By.xpath: //button[@id='ReceiverResetSearch']//div
1003807 [main] INFO utilities.listener.WebEventListener  - Before Finding element: By.xpath: //button[@id='ReceiverResetSearch']//div
1003807 [main] INFO utilities.listener.WebEventListener  - Before Finding element: By.xpath: //button[@id='ReceiverResetSearch']//div
2022-01-31/12:24:33.056  INFO: listener.WebEventListener - Before Finding element: By.xpath: //button[@id='ReceiverResetSearch']//div
1004086 [main] INFO utilities.listener.WebEventListener  - Before Finding element: By.xpath: //button[@id='ReceiverResetSearch']//div
1004086 [main] INFO utilities.listener.WebEventListener  - Before Finding element: By.xpath: //button[@id='ReceiverResetSearch']//div
1004086 [main] INFO utilities.listener.WebEventListener  - Before Finding element: By.xpath: //button[@id='ReceiverResetSearch']//div
2022-01-31/12:24:33.336  INFO: listener.WebEventListener - Before Finding element: By.xpath: //button[@id='ReceiverResetSearch']//div
1004366 [main] INFO utilities.listener.WebEventListener  - Before Finding element: By.xpath: //button[@id='ReceiverResetSearch']//div
1004366 [main] INFO utilities.listener.WebEventListener  - Before Finding element: By.xpath: //button[@id='ReceiverResetSearch']//div
1004366 [main] INFO utilities.listener.WebEventListener  - Before Finding element: By.xpath: //button[@id='ReceiverResetSearch']//div
2022-01-31/12:24:33.600  INFO: listener.WebEventListener - Before Finding element: By.xpath: //button[@id='ReceiverResetSearch']//div
1004630 [main] INFO utilities.listener.WebEventListener  - Before Finding element: By.xpath: //button[@id='ReceiverResetSearch']//div
1004630 [main] INFO utilities.listener.WebEventListener  - Before Finding element: By.xpath: //button[@id='ReceiverResetSearch']//div
1004630 [main] INFO utilities.listener.WebEventListener  - Before Finding element: By.xpath: //button[@id='ReceiverResetSearch']//div
2022-01-31/12:24:33.883  INFO: listener.WebEventListener - Before Finding element: By.xpath: //button[@id='ReceiverResetSearch']//div
1004913 [main] INFO utilities.listener.WebEventListener  - Before Finding element: By.xpath: //button[@id='ReceiverResetSearch']//div
1004913 [main] INFO utilities.listener.WebEventListener  - Before Finding element: By.xpath: //button[@id='ReceiverResetSearch']//div
1004913 [main] INFO utilities.listener.WebEventListener  - Before Finding element: By.xpath: //button[@id='ReceiverResetSearch']//div
2022-01-31/12:24:34.165  INFO: listener.WebEventListener - Before Finding element: By.xpath: //button[@id='ReceiverResetSearch']//div
1005195 [main] INFO utilities.listener.WebEventListener  - Before Finding element: By.xpath: //button[@id='ReceiverResetSearch']//div
1005195 [main] INFO utilities.listener.WebEventListener  - Before Finding element: By.xpath: //button[@id='ReceiverResetSearch']//div
1005195 [main] INFO utilities.listener.WebEventListener  - Before Finding element: By.xpath: //button[@id='ReceiverResetSearch']//div
2022-01-31/12:24:34.446  INFO: listener.WebEventListener - Before Finding element: By.xpath: //button[@id='ReceiverResetSearch']//div
1005476 [main] INFO utilities.listener.WebEventListener  - Before Finding element: By.xpath: //button[@id='ReceiverResetSearch']//div
1005476 [main] INFO utilities.listener.WebEventListener  - Before Finding element: By.xpath: //button[@id='ReceiverResetSearch']//div
1005476 [main] INFO utilities.listener.WebEventListener  - Before Finding element: By.xpath: //button[@id='ReceiverResetSearch']//div
2022-01-31/12:24:34.727  INFO: listener.WebEventListener - Before Finding element: By.xpath: //button[@id='ReceiverResetSearch']//div
1005757 [main] INFO utilities.listener.WebEventListener  - Before Finding element: By.xpath: //button[@id='ReceiverResetSearch']//div
1005757 [main] INFO utilities.listener.WebEventListener  - Before Finding element: By.xpath: //button[@id='ReceiverResetSearch']//div
1005757 [main] INFO utilities.listener.WebEventListener  - Before Finding element: By.xpath: //button[@id='ReceiverResetSearch']//div
2022-01-31/12:24:35.008  INFO: listener.WebEventListener - Before Finding element: By.xpath: //button[@id='ReceiverResetSearch']//div
1006038 [main] INFO utilities.listener.WebEventListener  - Before Finding element: By.xpath: //button[@id='ReceiverResetSearch']//div
1006038 [main] INFO utilities.listener.WebEventListener  - Before Finding element: By.xpath: //button[@id='ReceiverResetSearch']//div
1006038 [main] INFO utilities.listener.WebEventListener  - Before Finding element: By.xpath: //button[@id='ReceiverResetSearch']//div
2022-01-31/12:24:35.289  INFO: listener.WebEventListener - Before Finding element: By.xpath: //button[@id='ReceiverResetSearch']//div
1006319 [main] INFO utilities.listener.WebEventListener  - Before Finding element: By.xpath: //button[@id='ReceiverResetSearch']//div
1006319 [main] INFO utilities.listener.WebEventListener  - Before Finding element: By.xpath: //button[@id='ReceiverResetSearch']//div
1006319 [main] INFO utilities.listener.WebEventListener  - Before Finding element: By.xpath: //button[@id='ReceiverResetSearch']//div
2022-01-31/12:24:35.567  INFO: listener.WebEventListener - Before Finding element: By.xpath: //button[@id='ReceiverResetSearch']//div
1006597 [main] INFO utilities.listener.WebEventListener  - Before Finding element: By.xpath: //button[@id='ReceiverResetSearch']//div
1006597 [main] INFO utilities.listener.WebEventListener  - Before Finding element: By.xpath: //button[@id='ReceiverResetSearch']//div
1006597 [main] INFO utilities.listener.WebEventListener  - Before Finding element: By.xpath: //button[@id='ReceiverResetSearch']//div
2022-01-31/12:24:35.849  INFO: listener.WebEventListener - Before Finding element: By.xpath: //button[@id='ReceiverResetSearch']//div
1006879 [main] INFO utilities.listener.WebEventListener  - Before Finding element: By.xpath: //button[@id='ReceiverResetSearch']//div
1006879 [main] INFO utilities.listener.WebEventListener  - Before Finding element: By.xpath: //button[@id='ReceiverResetSearch']//div
1006879 [main] INFO utilities.listener.WebEventListener  - Before Finding element: By.xpath: //button[@id='ReceiverResetSearch']//div
2022-01-31/12:24:36.130  INFO: listener.WebEventListener - Before Finding element: By.xpath: //button[@id='ReceiverResetSearch']//div
1007160 [main] INFO utilities.listener.WebEventListener  - Before Finding element: By.xpath: //button[@id='ReceiverResetSearch']//div
1007160 [main] INFO utilities.listener.WebEventListener  - Before Finding element: By.xpath: //button[@id='ReceiverResetSearch']//div
1007160 [main] INFO utilities.listener.WebEventListener  - Before Finding element: By.xpath: //button[@id='ReceiverResetSearch']//div
2022-01-31/12:24:36.427  INFO: listener.WebEventListener - Before Finding element: By.xpath: //button[@id='ReceiverResetSearch']//div
1007457 [main] INFO utilities.listener.WebEventListener  - Before Finding element: By.xpath: //button[@id='ReceiverResetSearch']//div
1007457 [main] INFO utilities.listener.WebEventListener  - Before Finding element: By.xpath: //button[@id='ReceiverResetSearch']//div
1007457 [main] INFO utilities.listener.WebEventListener  - Before Finding element: By.xpath: //button[@id='ReceiverResetSearch']//div
2022-01-31/12:24:36.706  INFO: listener.WebEventListener - Before Finding element: By.xpath: //button[@id='ReceiverResetSearch']//div
1007736 [main] INFO utilities.listener.WebEventListener  - Before Finding element: By.xpath: //button[@id='ReceiverResetSearch']//div
1007736 [main] INFO utilities.listener.WebEventListener  - Before Finding element: By.xpath: //button[@id='ReceiverResetSearch']//div
1007736 [main] INFO utilities.listener.WebEventListener  - Before Finding element: By.xpath: //button[@id='ReceiverResetSearch']//div
2022-01-31/12:24:36.987  INFO: listener.WebEventListener - Before Finding element: By.xpath: //button[@id='ReceiverResetSearch']//div
1008017 [main] INFO utilities.listener.WebEventListener  - Before Finding element: By.xpath: //button[@id='ReceiverResetSearch']//div
1008017 [main] INFO utilities.listener.WebEventListener  - Before Finding element: By.xpath: //button[@id='ReceiverResetSearch']//div
1008017 [main] INFO utilities.listener.WebEventListener  - Before Finding element: By.xpath: //button[@id='ReceiverResetSearch']//div
2022-01-31/12:24:37.266  INFO: listener.WebEventListener - Before Finding element: By.xpath: //button[@id='ReceiverResetSearch']//div
1008296 [main] INFO utilities.listener.WebEventListener  - Before Finding element: By.xpath: //button[@id='ReceiverResetSearch']//div
1008296 [main] INFO utilities.listener.WebEventListener  - Before Finding element: By.xpath: //button[@id='ReceiverResetSearch']//div
1008296 [main] INFO utilities.listener.WebEventListener  - Before Finding element: By.xpath: //button[@id='ReceiverResetSearch']//div
2022-01-31/12:24:37.545  INFO: listener.WebEventListener - Before Finding element: By.xpath: //button[@id='ReceiverResetSearch']//div
1008575 [main] INFO utilities.listener.WebEventListener  - Before Finding element: By.xpath: //button[@id='ReceiverResetSearch']//div
1008575 [main] INFO utilities.listener.WebEventListener  - Before Finding element: By.xpath: //button[@id='ReceiverResetSearch']//div
1008575 [main] INFO utilities.listener.WebEventListener  - Before Finding element: By.xpath: //button[@id='ReceiverResetSearch']//div
2022-01-31/12:24:37.826  INFO: listener.WebEventListener - Before Finding element: By.xpath: //button[@id='ReceiverResetSearch']//div
1008856 [main] INFO utilities.listener.WebEventListener  - Before Finding element: By.xpath: //button[@id='ReceiverResetSearch']//div
1008856 [main] INFO utilities.listener.WebEventListener  - Before Finding element: By.xpath: //button[@id='ReceiverResetSearch']//div
1008856 [main] INFO utilities.listener.WebEventListener  - Before Finding element: By.xpath: //button[@id='ReceiverResetSearch']//div
2022-01-31/12:24:38.106  INFO: listener.WebEventListener - Before Finding element: By.xpath: //button[@id='ReceiverResetSearch']//div
1009136 [main] INFO utilities.listener.WebEventListener  - Before Finding element: By.xpath: //button[@id='ReceiverResetSearch']//div
1009136 [main] INFO utilities.listener.WebEventListener  - Before Finding element: By.xpath: //button[@id='ReceiverResetSearch']//div
1009136 [main] INFO utilities.listener.WebEventListener  - Before Finding element: By.xpath: //button[@id='ReceiverResetSearch']//div
2022-01-31/12:24:38.386  INFO: listener.WebEventListener - Before Finding element: By.xpath: //button[@id='ReceiverResetSearch']//div
1009416 [main] INFO utilities.listener.WebEventListener  - Before Finding element: By.xpath: //button[@id='ReceiverResetSearch']//div
1009416 [main] INFO utilities.listener.WebEventListener  - Before Finding element: By.xpath: //button[@id='ReceiverResetSearch']//div
1009416 [main] INFO utilities.listener.WebEventListener  - Before Finding element: By.xpath: //button[@id='ReceiverResetSearch']//div
2022-01-31/12:24:38.666  INFO: listener.WebEventListener - Before Finding element: By.xpath: //button[@id='ReceiverResetSearch']//div
1009696 [main] INFO utilities.listener.WebEventListener  - Before Finding element: By.xpath: //button[@id='ReceiverResetSearch']//div
1009696 [main] INFO utilities.listener.WebEventListener  - Before Finding element: By.xpath: //button[@id='ReceiverResetSearch']//div
1009696 [main] INFO utilities.listener.WebEventListener  - Before Finding element: By.xpath: //button[@id='ReceiverResetSearch']//div
2022-01-31/12:24:38.946  INFO: listener.WebEventListener - Before Finding element: By.xpath: //button[@id='ReceiverResetSearch']//div
1009976 [main] INFO utilities.listener.WebEventListener  - Before Finding element: By.xpath: //button[@id='ReceiverResetSearch']//div
1009976 [main] INFO utilities.listener.WebEventListener  - Before Finding element: By.xpath: //button[@id='ReceiverResetSearch']//div
1009976 [main] INFO utilities.listener.WebEventListener  - Before Finding element: By.xpath: //button[@id='ReceiverResetSearch']//div
2022-01-31/12:24:39.225  INFO: listener.WebEventListener - Before Finding element: By.xpath: //button[@id='ReceiverResetSearch']//div
1010255 [main] INFO utilities.listener.WebEventListener  - Before Finding element: By.xpath: //button[@id='ReceiverResetSearch']//div
1010255 [main] INFO utilities.listener.WebEventListener  - Before Finding element: By.xpath: //button[@id='ReceiverResetSearch']//div
1010255 [main] INFO utilities.listener.WebEventListener  - Before Finding element: By.xpath: //button[@id='ReceiverResetSearch']//div
2022-01-31/12:24:39.506  INFO: listener.WebEventListener - Before Finding element: By.xpath: //button[@id='ReceiverResetSearch']//div
1010536 [main] INFO utilities.listener.WebEventListener  - Before Finding element: By.xpath: //button[@id='ReceiverResetSearch']//div
1010536 [main] INFO utilities.listener.WebEventListener  - Before Finding element: By.xpath: //button[@id='ReceiverResetSearch']//div
1010536 [main] INFO utilities.listener.WebEventListener  - Before Finding element: By.xpath: //button[@id='ReceiverResetSearch']//div
2022-01-31/12:24:39.786  INFO: listener.WebEventListener - Before Finding element: By.xpath: //button[@id='ReceiverResetSearch']//div
1010816 [main] INFO utilities.listener.WebEventListener  - Before Finding element: By.xpath: //button[@id='ReceiverResetSearch']//div
1010816 [main] INFO utilities.listener.WebEventListener  - Before Finding element: By.xpath: //button[@id='ReceiverResetSearch']//div
1010816 [main] INFO utilities.listener.WebEventListener  - Before Finding element: By.xpath: //button[@id='ReceiverResetSearch']//div
2022-01-31/12:24:40.065  INFO: listener.WebEventListener - Before Finding element: By.xpath: //button[@id='ReceiverResetSearch']//div
1011095 [main] INFO utilities.listener.WebEventListener  - Before Finding element: By.xpath: //button[@id='ReceiverResetSearch']//div
1011095 [main] INFO utilities.listener.WebEventListener  - Before Finding element: By.xpath: //button[@id='ReceiverResetSearch']//div
1011095 [main] INFO utilities.listener.WebEventListener  - Before Finding element: By.xpath: //button[@id='ReceiverResetSearch']//div
2022-01-31/12:24:40.345  INFO: listener.WebEventListener - Before Finding element: By.xpath: //button[@id='ReceiverResetSearch']//div
1011375 [main] INFO utilities.listener.WebEventListener  - Before Finding element: By.xpath: //button[@id='ReceiverResetSearch']//div
1011375 [main] INFO utilities.listener.WebEventListener  - Before Finding element: By.xpath: //button[@id='ReceiverResetSearch']//div
1011375 [main] INFO utilities.listener.WebEventListener  - Before Finding element: By.xpath: //button[@id='ReceiverResetSearch']//div
2022-01-31/12:24:40.624  INFO: listener.WebEventListener - Before Finding element: By.xpath: //button[@id='ReceiverResetSearch']//div
1011654 [main] INFO utilities.listener.WebEventListener  - Before Finding element: By.xpath: //button[@id='ReceiverResetSearch']//div
1011654 [main] INFO utilities.listener.WebEventListener  - Before Finding element: By.xpath: //button[@id='ReceiverResetSearch']//div
1011654 [main] INFO utilities.listener.WebEventListener  - Before Finding element: By.xpath: //button[@id='ReceiverResetSearch']//div
2022-01-31/12:24:40.905  INFO: listener.WebEventListener - Before Finding element: By.xpath: //button[@id='ReceiverResetSearch']//div
1011935 [main] INFO utilities.listener.WebEventListener  - Before Finding element: By.xpath: //button[@id='ReceiverResetSearch']//div
1011935 [main] INFO utilities.listener.WebEventListener  - Before Finding element: By.xpath: //button[@id='ReceiverResetSearch']//div
1011935 [main] INFO utilities.listener.WebEventListener  - Before Finding element: By.xpath: //button[@id='ReceiverResetSearch']//div
2022-01-31/12:24:41.190  INFO: listener.WebEventListener - Before Finding element: By.xpath: //button[@id='ReceiverResetSearch']//div
1012220 [main] INFO utilities.listener.WebEventListener  - Before Finding element: By.xpath: //button[@id='ReceiverResetSearch']//div
1012220 [main] INFO utilities.listener.WebEventListener  - Before Finding element: By.xpath: //button[@id='ReceiverResetSearch']//div
1012220 [main] INFO utilities.listener.WebEventListener  - Before Finding element: By.xpath: //button[@id='ReceiverResetSearch']//div
2022-01-31/12:24:41.475  INFO: listener.WebEventListener - Before Finding element: By.xpath: //button[@id='ReceiverResetSearch']//div
1012505 [main] INFO utilities.listener.WebEventListener  - Before Finding element: By.xpath: //button[@id='ReceiverResetSearch']//div
1012505 [main] INFO utilities.listener.WebEventListener  - Before Finding element: By.xpath: //button[@id='ReceiverResetSearch']//div
1012505 [main] INFO utilities.listener.WebEventListener  - Before Finding element: By.xpath: //button[@id='ReceiverResetSearch']//div
2022-01-31/12:24:41.755  INFO: listener.WebEventListener - Before Finding element: By.xpath: //button[@id='ReceiverResetSearch']//div
1012785 [main] INFO utilities.listener.WebEventListener  - Before Finding element: By.xpath: //button[@id='ReceiverResetSearch']//div
1012785 [main] INFO utilities.listener.WebEventListener  - Before Finding element: By.xpath: //button[@id='ReceiverResetSearch']//div
1012785 [main] INFO utilities.listener.WebEventListener  - Before Finding element: By.xpath: //button[@id='ReceiverResetSearch']//div
2022-01-31/12:24:42.035  INFO: listener.WebEventListener - Before Finding element: By.xpath: //button[@id='ReceiverResetSearch']//div
1013065 [main] INFO utilities.listener.WebEventListener  - Before Finding element: By.xpath: //button[@id='ReceiverResetSearch']//div
1013065 [main] INFO utilities.listener.WebEventListener  - Before Finding element: By.xpath: //button[@id='ReceiverResetSearch']//div
1013065 [main] INFO utilities.listener.WebEventListener  - Before Finding element: By.xpath: //button[@id='ReceiverResetSearch']//div
2022-01-31/12:24:42.316  INFO: listener.WebEventListener - Before Finding element: By.xpath: //button[@id='ReceiverResetSearch']//div
1013346 [main] INFO utilities.listener.WebEventListener  - Before Finding element: By.xpath: //button[@id='ReceiverResetSearch']//div
1013346 [main] INFO utilities.listener.WebEventListener  - Before Finding element: By.xpath: //button[@id='ReceiverResetSearch']//div
1013346 [main] INFO utilities.listener.WebEventListener  - Before Finding element: By.xpath: //button[@id='ReceiverResetSearch']//div
2022-01-31/12:24:42.597  INFO: listener.WebEventListener - Before Finding element: By.xpath: //button[@id='ReceiverResetSearch']//div
1013627 [main] INFO utilities.listener.WebEventListener  - Before Finding element: By.xpath: //button[@id='ReceiverResetSearch']//div
1013627 [main] INFO utilities.listener.WebEventListener  - Before Finding element: By.xpath: //button[@id='ReceiverResetSearch']//div
1013627 [main] INFO utilities.listener.WebEventListener  - Before Finding element: By.xpath: //button[@id='ReceiverResetSearch']//div
2022-01-31/12:24:42.879  INFO: listener.WebEventListener - Before Finding element: By.xpath: //button[@id='ReceiverResetSearch']//div
1013909 [main] INFO utilities.listener.WebEventListener  - Before Finding element: By.xpath: //button[@id='ReceiverResetSearch']//div
1013909 [main] INFO utilities.listener.WebEventListener  - Before Finding element: By.xpath: //button[@id='ReceiverResetSearch']//div
1013909 [main] INFO utilities.listener.WebEventListener  - Before Finding element: By.xpath: //button[@id='ReceiverResetSearch']//div
2022-01-31/12:24:43.159  INFO: listener.WebEventListener - Before Finding element: By.xpath: //button[@id='ReceiverResetSearch']//div
1014189 [main] INFO utilities.listener.WebEventListener  - Before Finding element: By.xpath: //button[@id='ReceiverResetSearch']//div
1014189 [main] INFO utilities.listener.WebEventListener  - Before Finding element: By.xpath: //button[@id='ReceiverResetSearch']//div
1014189 [main] INFO utilities.listener.WebEventListener  - Before Finding element: By.xpath: //button[@id='ReceiverResetSearch']//div
2022-01-31/12:24:43.439  INFO: listener.WebEventListener - Before Finding element: By.xpath: //button[@id='ReceiverResetSearch']//div
1014469 [main] INFO utilities.listener.WebEventListener  - Before Finding element: By.xpath: //button[@id='ReceiverResetSearch']//div
1014469 [main] INFO utilities.listener.WebEventListener  - Before Finding element: By.xpath: //button[@id='ReceiverResetSearch']//div
1014469 [main] INFO utilities.listener.WebEventListener  - Before Finding element: By.xpath: //button[@id='ReceiverResetSearch']//div
2022-01-31/12:24:43.716  INFO: listener.WebEventListener - Before Finding element: By.xpath: //button[@id='ReceiverResetSearch']//div
1014746 [main] INFO utilities.listener.WebEventListener  - Before Finding element: By.xpath: //button[@id='ReceiverResetSearch']//div
1014746 [main] INFO utilities.listener.WebEventListener  - Before Finding element: By.xpath: //button[@id='ReceiverResetSearch']//div
1014746 [main] INFO utilities.listener.WebEventListener  - Before Finding element: By.xpath: //button[@id='ReceiverResetSearch']//div
2022-01-31/12:24:43.996  INFO: listener.WebEventListener - Before Finding element: By.xpath: //button[@id='ReceiverResetSearch']//div
1015026 [main] INFO utilities.listener.WebEventListener  - Before Finding element: By.xpath: //button[@id='ReceiverResetSearch']//div
1015026 [main] INFO utilities.listener.WebEventListener  - Before Finding element: By.xpath: //button[@id='ReceiverResetSearch']//div
1015026 [main] INFO utilities.listener.WebEventListener  - Before Finding element: By.xpath: //button[@id='ReceiverResetSearch']//div
2022-01-31/12:24:44.276  INFO: listener.WebEventListener - Before Finding element: By.xpath: //button[@id='ReceiverResetSearch']//div
1015306 [main] INFO utilities.listener.WebEventListener  - Before Finding element: By.xpath: //button[@id='ReceiverResetSearch']//div
1015306 [main] INFO utilities.listener.WebEventListener  - Before Finding element: By.xpath: //button[@id='ReceiverResetSearch']//div
1015306 [main] INFO utilities.listener.WebEventListener  - Before Finding element: By.xpath: //button[@id='ReceiverResetSearch']//div
2022-01-31/12:24:44.558  INFO: listener.WebEventListener - Before Finding element: By.xpath: //button[@id='ReceiverResetSearch']//div
1015588 [main] INFO utilities.listener.WebEventListener  - Before Finding element: By.xpath: //button[@id='ReceiverResetSearch']//div
1015588 [main] INFO utilities.listener.WebEventListener  - Before Finding element: By.xpath: //button[@id='ReceiverResetSearch']//div
1015588 [main] INFO utilities.listener.WebEventListener  - Before Finding element: By.xpath: //button[@id='ReceiverResetSearch']//div
2022-01-31/12:24:44.842  INFO: listener.WebEventListener - Before Finding element: By.xpath: //button[@id='ReceiverResetSearch']//div
1015872 [main] INFO utilities.listener.WebEventListener  - Before Finding element: By.xpath: //button[@id='ReceiverResetSearch']//div
1015872 [main] INFO utilities.listener.WebEventListener  - Before Finding element: By.xpath: //button[@id='ReceiverResetSearch']//div
1015872 [main] INFO utilities.listener.WebEventListener  - Before Finding element: By.xpath: //button[@id='ReceiverResetSearch']//div
2022-01-31/12:24:45.125  INFO: listener.WebEventListener - Before Finding element: By.xpath: //button[@id='ReceiverResetSearch']//div
1016155 [main] INFO utilities.listener.WebEventListener  - Before Finding element: By.xpath: //button[@id='ReceiverResetSearch']//div
1016155 [main] INFO utilities.listener.WebEventListener  - Before Finding element: By.xpath: //button[@id='ReceiverResetSearch']//div
1016155 [main] INFO utilities.listener.WebEventListener  - Before Finding element: By.xpath: //button[@id='ReceiverResetSearch']//div
2022-01-31/12:24:45.405  INFO: listener.WebEventListener - Before Finding element: By.xpath: //button[@id='ReceiverResetSearch']//div
1016435 [main] INFO utilities.listener.WebEventListener  - Before Finding element: By.xpath: //button[@id='ReceiverResetSearch']//div
1016435 [main] INFO utilities.listener.WebEventListener  - Before Finding element: By.xpath: //button[@id='ReceiverResetSearch']//div
1016435 [main] INFO utilities.listener.WebEventListener  - Before Finding element: By.xpath: //button[@id='ReceiverResetSearch']//div
2022-01-31/12:24:45.685  INFO: listener.WebEventListener - Before Finding element: By.xpath: //button[@id='ReceiverResetSearch']//div
1016715 [main] INFO utilities.listener.WebEventListener  - Before Finding element: By.xpath: //button[@id='ReceiverResetSearch']//div
1016715 [main] INFO utilities.listener.WebEventListener  - Before Finding element: By.xpath: //button[@id='ReceiverResetSearch']//div
1016715 [main] INFO utilities.listener.WebEventListener  - Before Finding element: By.xpath: //button[@id='ReceiverResetSearch']//div
2022-01-31/12:24:45.965  INFO: listener.WebEventListener - Before Finding element: By.xpath: //button[@id='ReceiverResetSearch']//div
1016995 [main] INFO utilities.listener.WebEventListener  - Before Finding element: By.xpath: //button[@id='ReceiverResetSearch']//div
1016995 [main] INFO utilities.listener.WebEventListener  - Before Finding element: By.xpath: //button[@id='ReceiverResetSearch']//div
1016995 [main] INFO utilities.listener.WebEventListener  - Before Finding element: By.xpath: //button[@id='ReceiverResetSearch']//div
2022-01-31/12:24:46.244  INFO: listener.WebEventListener - Before Finding element: By.xpath: //button[@id='ReceiverResetSearch']//div
1017274 [main] INFO utilities.listener.WebEventListener  - Before Finding element: By.xpath: //button[@id='ReceiverResetSearch']//div
1017274 [main] INFO utilities.listener.WebEventListener  - Before Finding element: By.xpath: //button[@id='ReceiverResetSearch']//div
1017274 [main] INFO utilities.listener.WebEventListener  - Before Finding element: By.xpath: //button[@id='ReceiverResetSearch']//div
2022-01-31/12:24:46.528  INFO: listener.WebEventListener - Before Finding element: By.xpath: //button[@id='ReceiverResetSearch']//div
1017558 [main] INFO utilities.listener.WebEventListener  - Before Finding element: By.xpath: //button[@id='ReceiverResetSearch']//div
1017558 [main] INFO utilities.listener.WebEventListener  - Before Finding element: By.xpath: //button[@id='ReceiverResetSearch']//div
1017558 [main] INFO utilities.listener.WebEventListener  - Before Finding element: By.xpath: //button[@id='ReceiverResetSearch']//div
2022-01-31/12:24:46.809  INFO: listener.WebEventListener - Before Finding element: By.xpath: //button[@id='ReceiverResetSearch']//div
1017839 [main] INFO utilities.listener.WebEventListener  - Before Finding element: By.xpath: //button[@id='ReceiverResetSearch']//div
1017839 [main] INFO utilities.listener.WebEventListener  - Before Finding element: By.xpath: //button[@id='ReceiverResetSearch']//div
1017839 [main] INFO utilities.listener.WebEventListener  - Before Finding element: By.xpath: //button[@id='ReceiverResetSearch']//div
2022-01-31/12:24:47.093  INFO: listener.WebEventListener - Before Finding element: By.xpath: //button[@id='ReceiverResetSearch']//div
1018123 [main] INFO utilities.listener.WebEventListener  - Before Finding element: By.xpath: //button[@id='ReceiverResetSearch']//div
1018123 [main] INFO utilities.listener.WebEventListener  - Before Finding element: By.xpath: //button[@id='ReceiverResetSearch']//div
1018123 [main] INFO utilities.listener.WebEventListener  - Before Finding element: By.xpath: //button[@id='ReceiverResetSearch']//div
2022-01-31/12:24:47.369  INFO: listener.WebEventListener - Before Finding element: By.xpath: //button[@id='ReceiverResetSearch']//div
1018399 [main] INFO utilities.listener.WebEventListener  - Before Finding element: By.xpath: //button[@id='ReceiverResetSearch']//div
1018399 [main] INFO utilities.listener.WebEventListener  - Before Finding element: By.xpath: //button[@id='ReceiverResetSearch']//div
1018399 [main] INFO utilities.listener.WebEventListener  - Before Finding element: By.xpath: //button[@id='ReceiverResetSearch']//div
2022-01-31/12:24:47.648  INFO: listener.WebEventListener - Before Finding element: By.xpath: //button[@id='ReceiverResetSearch']//div
1018678 [main] INFO utilities.listener.WebEventListener  - Before Finding element: By.xpath: //button[@id='ReceiverResetSearch']//div
1018678 [main] INFO utilities.listener.WebEventListener  - Before Finding element: By.xpath: //button[@id='ReceiverResetSearch']//div
1018678 [main] INFO utilities.listener.WebEventListener  - Before Finding element: By.xpath: //button[@id='ReceiverResetSearch']//div
2022-01-31/12:24:47.927  INFO: listener.WebEventListener - Before Finding element: By.xpath: //button[@id='ReceiverResetSearch']//div
1018957 [main] INFO utilities.listener.WebEventListener  - Before Finding element: By.xpath: //button[@id='ReceiverResetSearch']//div
1018957 [main] INFO utilities.listener.WebEventListener  - Before Finding element: By.xpath: //button[@id='ReceiverResetSearch']//div
1018957 [main] INFO utilities.listener.WebEventListener  - Before Finding element: By.xpath: //button[@id='ReceiverResetSearch']//div
2022-01-31/12:24:48.206  INFO: listener.WebEventListener - Before Finding element: By.xpath: //button[@id='ReceiverResetSearch']//div
1019236 [main] INFO utilities.listener.WebEventListener  - Before Finding element: By.xpath: //button[@id='ReceiverResetSearch']//div
1019236 [main] INFO utilities.listener.WebEventListener  - Before Finding element: By.xpath: //button[@id='ReceiverResetSearch']//div
1019236 [main] INFO utilities.listener.WebEventListener  - Before Finding element: By.xpath: //button[@id='ReceiverResetSearch']//div
2022-01-31/12:24:48.487  INFO: listener.WebEventListener - Before Finding element: By.xpath: //button[@id='ReceiverResetSearch']//div
1019517 [main] INFO utilities.listener.WebEventListener  - Before Finding element: By.xpath: //button[@id='ReceiverResetSearch']//div
1019517 [main] INFO utilities.listener.WebEventListener  - Before Finding element: By.xpath: //button[@id='ReceiverResetSearch']//div
1019517 [main] INFO utilities.listener.WebEventListener  - Before Finding element: By.xpath: //button[@id='ReceiverResetSearch']//div
2022-01-31/12:24:48.766  INFO: listener.WebEventListener - Before Finding element: By.xpath: //button[@id='ReceiverResetSearch']//div
1019796 [main] INFO utilities.listener.WebEventListener  - Before Finding element: By.xpath: //button[@id='ReceiverResetSearch']//div
1019796 [main] INFO utilities.listener.WebEventListener  - Before Finding element: By.xpath: //button[@id='ReceiverResetSearch']//div
1019796 [main] INFO utilities.listener.WebEventListener  - Before Finding element: By.xpath: //button[@id='ReceiverResetSearch']//div
2022-01-31/12:24:49.046  INFO: listener.WebEventListener - Before Finding element: By.xpath: //button[@id='ReceiverResetSearch']//div
1020076 [main] INFO utilities.listener.WebEventListener  - Before Finding element: By.xpath: //button[@id='ReceiverResetSearch']//div
1020076 [main] INFO utilities.listener.WebEventListener  - Before Finding element: By.xpath: //button[@id='ReceiverResetSearch']//div
1020076 [main] INFO utilities.listener.WebEventListener  - Before Finding element: By.xpath: //button[@id='ReceiverResetSearch']//div
2022-01-31/12:24:49.326  INFO: listener.WebEventListener - Before Finding element: By.xpath: //button[@id='ReceiverResetSearch']//div
1020356 [main] INFO utilities.listener.WebEventListener  - Before Finding element: By.xpath: //button[@id='ReceiverResetSearch']//div
1020356 [main] INFO utilities.listener.WebEventListener  - Before Finding element: By.xpath: //button[@id='ReceiverResetSearch']//div
1020356 [main] INFO utilities.listener.WebEventListener  - Before Finding element: By.xpath: //button[@id='ReceiverResetSearch']//div
2022-01-31/12:24:49.605  INFO: listener.WebEventListener - Before Finding element: By.xpath: //button[@id='ReceiverResetSearch']//div
1020635 [main] INFO utilities.listener.WebEventListener  - Before Finding element: By.xpath: //button[@id='ReceiverResetSearch']//div
1020635 [main] INFO utilities.listener.WebEventListener  - Before Finding element: By.xpath: //button[@id='ReceiverResetSearch']//div
1020635 [main] INFO utilities.listener.WebEventListener  - Before Finding element: By.xpath: //button[@id='ReceiverResetSearch']//div
2022-01-31/12:24:49.888  INFO: listener.WebEventListener - Before Finding element: By.xpath: //button[@id='ReceiverResetSearch']//div
1020918 [main] INFO utilities.listener.WebEventListener  - Before Finding element: By.xpath: //button[@id='ReceiverResetSearch']//div
1020918 [main] INFO utilities.listener.WebEventListener  - Before Finding element: By.xpath: //button[@id='ReceiverResetSearch']//div
1020918 [main] INFO utilities.listener.WebEventListener  - Before Finding element: By.xpath: //button[@id='ReceiverResetSearch']//div
2022-01-31/12:24:50.168  INFO: listener.WebEventListener - Before Finding element: By.xpath: //button[@id='ReceiverResetSearch']//div
1021198 [main] INFO utilities.listener.WebEventListener  - Before Finding element: By.xpath: //button[@id='ReceiverResetSearch']//div
1021198 [main] INFO utilities.listener.WebEventListener  - Before Finding element: By.xpath: //button[@id='ReceiverResetSearch']//div
1021198 [main] INFO utilities.listener.WebEventListener  - Before Finding element: By.xpath: //button[@id='ReceiverResetSearch']//div
2022-01-31/12:24:50.449  INFO: listener.WebEventListener - Before Finding element: By.xpath: //button[@id='ReceiverResetSearch']//div
1021479 [main] INFO utilities.listener.WebEventListener  - Before Finding element: By.xpath: //button[@id='ReceiverResetSearch']//div
1021479 [main] INFO utilities.listener.WebEventListener  - Before Finding element: By.xpath: //button[@id='ReceiverResetSearch']//div
1021479 [main] INFO utilities.listener.WebEventListener  - Before Finding element: By.xpath: //button[@id='ReceiverResetSearch']//div
2022-01-31/12:24:50.729  INFO: listener.WebEventListener - Before Finding element: By.xpath: //button[@id='ReceiverResetSearch']//div
1021759 [main] INFO utilities.listener.WebEventListener  - Before Finding element: By.xpath: //button[@id='ReceiverResetSearch']//div
1021759 [main] INFO utilities.listener.WebEventListener  - Before Finding element: By.xpath: //button[@id='ReceiverResetSearch']//div
1021759 [main] INFO utilities.listener.WebEventListener  - Before Finding element: By.xpath: //button[@id='ReceiverResetSearch']//div
2022-01-31/12:24:51.011  INFO: listener.WebEventListener - Before Finding element: By.xpath: //button[@id='ReceiverResetSearch']//div
1022041 [main] INFO utilities.listener.WebEventListener  - Before Finding element: By.xpath: //button[@id='ReceiverResetSearch']//div
1022041 [main] INFO utilities.listener.WebEventListener  - Before Finding element: By.xpath: //button[@id='ReceiverResetSearch']//div
1022041 [main] INFO utilities.listener.WebEventListener  - Before Finding element: By.xpath: //button[@id='ReceiverResetSearch']//div
2022-01-31/12:24:51.291  INFO: listener.WebEventListener - Before Finding element: By.xpath: //button[@id='ReceiverResetSearch']//div
1022321 [main] INFO utilities.listener.WebEventListener  - Before Finding element: By.xpath: //button[@id='ReceiverResetSearch']//div
1022321 [main] INFO utilities.listener.WebEventListener  - Before Finding element: By.xpath: //button[@id='ReceiverResetSearch']//div
1022321 [main] INFO utilities.listener.WebEventListener  - Before Finding element: By.xpath: //button[@id='ReceiverResetSearch']//div
2022-01-31/12:24:51.569  INFO: listener.WebEventListener - Before Finding element: By.xpath: //button[@id='ReceiverResetSearch']//div
1022599 [main] INFO utilities.listener.WebEventListener  - Before Finding element: By.xpath: //button[@id='ReceiverResetSearch']//div
1022599 [main] INFO utilities.listener.WebEventListener  - Before Finding element: By.xpath: //button[@id='ReceiverResetSearch']//div
1022599 [main] INFO utilities.listener.WebEventListener  - Before Finding element: By.xpath: //button[@id='ReceiverResetSearch']//div
2022-01-31/12:24:51.848  INFO: listener.WebEventListener - Before Finding element: By.xpath: //button[@id='ReceiverResetSearch']//div
1022878 [main] INFO utilities.listener.WebEventListener  - Before Finding element: By.xpath: //button[@id='ReceiverResetSearch']//div
1022878 [main] INFO utilities.listener.WebEventListener  - Before Finding element: By.xpath: //button[@id='ReceiverResetSearch']//div
1022878 [main] INFO utilities.listener.WebEventListener  - Before Finding element: By.xpath: //button[@id='ReceiverResetSearch']//div
2022-01-31/12:24:52.128  INFO: listener.WebEventListener - Before Finding element: By.xpath: //button[@id='ReceiverResetSearch']//div
1023158 [main] INFO utilities.listener.WebEventListener  - Before Finding element: By.xpath: //button[@id='ReceiverResetSearch']//div
1023158 [main] INFO utilities.listener.WebEventListener  - Before Finding element: By.xpath: //button[@id='ReceiverResetSearch']//div
1023158 [main] INFO utilities.listener.WebEventListener  - Before Finding element: By.xpath: //button[@id='ReceiverResetSearch']//div
2022-01-31/12:24:52.414  INFO: listener.WebEventListener - Before Finding element: By.xpath: //button[@id='ReceiverResetSearch']//div
1023444 [main] INFO utilities.listener.WebEventListener  - Before Finding element: By.xpath: //button[@id='ReceiverResetSearch']//div
1023444 [main] INFO utilities.listener.WebEventListener  - Before Finding element: By.xpath: //button[@id='ReceiverResetSearch']//div
1023444 [main] INFO utilities.listener.WebEventListener  - Before Finding element: By.xpath: //button[@id='ReceiverResetSearch']//div
2022-01-31/12:24:52.690  INFO: listener.WebEventListener - Before Finding element: By.xpath: //button[@id='ReceiverResetSearch']//div
1023720 [main] INFO utilities.listener.WebEventListener  - Before Finding element: By.xpath: //button[@id='ReceiverResetSearch']//div
1023720 [main] INFO utilities.listener.WebEventListener  - Before Finding element: By.xpath: //button[@id='ReceiverResetSearch']//div
1023720 [main] INFO utilities.listener.WebEventListener  - Before Finding element: By.xpath: //button[@id='ReceiverResetSearch']//div
2022-01-31/12:24:52.969  INFO: listener.WebEventListener - Before Finding element: By.xpath: //button[@id='ReceiverResetSearch']//div
1023999 [main] INFO utilities.listener.WebEventListener  - Before Finding element: By.xpath: //button[@id='ReceiverResetSearch']//div
1023999 [main] INFO utilities.listener.WebEventListener  - Before Finding element: By.xpath: //button[@id='ReceiverResetSearch']//div
1023999 [main] INFO utilities.listener.WebEventListener  - Before Finding element: By.xpath: //button[@id='ReceiverResetSearch']//div
2022-01-31/12:24:53.249  INFO: listener.WebEventListener - Before Finding element: By.xpath: //button[@id='ReceiverResetSearch']//div
1024279 [main] INFO utilities.listener.WebEventListener  - Before Finding element: By.xpath: //button[@id='ReceiverResetSearch']//div
1024279 [main] INFO utilities.listener.WebEventListener  - Before Finding element: By.xpath: //button[@id='ReceiverResetSearch']//div
1024279 [main] INFO utilities.listener.WebEventListener  - Before Finding element: By.xpath: //button[@id='ReceiverResetSearch']//div
2022-01-31/12:24:53.530  INFO: listener.WebEventListener - Before Finding element: By.xpath: //button[@id='ReceiverResetSearch']//div
1024560 [main] INFO utilities.listener.WebEventListener  - Before Finding element: By.xpath: //button[@id='ReceiverResetSearch']//div
1024560 [main] INFO utilities.listener.WebEventListener  - Before Finding element: By.xpath: //button[@id='ReceiverResetSearch']//div
1024560 [main] INFO utilities.listener.WebEventListener  - Before Finding element: By.xpath: //button[@id='ReceiverResetSearch']//div
2022-01-31/12:24:53.810  INFO: listener.WebEventListener - Before Finding element: By.xpath: //button[@id='ReceiverResetSearch']//div
1024840 [main] INFO utilities.listener.WebEventListener  - Before Finding element: By.xpath: //button[@id='ReceiverResetSearch']//div
1024840 [main] INFO utilities.listener.WebEventListener  - Before Finding element: By.xpath: //button[@id='ReceiverResetSearch']//div
1024840 [main] INFO utilities.listener.WebEventListener  - Before Finding element: By.xpath: //button[@id='ReceiverResetSearch']//div
2022-01-31/12:24:54.090  INFO: listener.WebEventListener - Before Finding element: By.xpath: //button[@id='ReceiverResetSearch']//div
1025120 [main] INFO utilities.listener.WebEventListener  - Before Finding element: By.xpath: //button[@id='ReceiverResetSearch']//div
1025120 [main] INFO utilities.listener.WebEventListener  - Before Finding element: By.xpath: //button[@id='ReceiverResetSearch']//div
1025120 [main] INFO utilities.listener.WebEventListener  - Before Finding element: By.xpath: //button[@id='ReceiverResetSearch']//div
]]></system-out>
  </testcase>
  <testcase name="consignmentInboundSave" classname="pages.TestPageConsignmentInboundProd" time="161.396">
    <failure message="Expected condition failed: waiting for element to be clickable: [[ChromeDriver: chrome on WINDOWS (0700bbedd0719e088f1f7d1c6280aff0)] -&gt; xpath: //input[@id=&apos;LogisticType&apos;]/..] (tried for 60 second(s) with 500 milliseconds interval)&#10;Build info: version: &apos;3.141.59&apos;, revision: &apos;e82be7d358&apos;, time: &apos;2018-11-14T08:17:03&apos;&#10;System info: host: &apos;WJLP-1270&apos;, ip: &apos;192.168.0.2&apos;, os.name: &apos;Windows 10&apos;, os.arch: &apos;amd64&apos;, os.version: &apos;10.0&apos;, java.version: &apos;11.0.10&apos;&#10;Driver info: org.openqa.selenium.support.events.EventFiringWebDriver&#10;Capabilities {acceptInsecureCerts: false, browserName: chrome, browserVersion: 97.0.4692.99, chrome: {chromedriverVersion: 97.0.4692.71 (adefa7837d02a..., userDataDir: C:\Users\nasreenk\AppData\L...}, goog:chromeOptions: {debuggerAddress: localhost:51238}, javascriptEnabled: true, networkConnectionEnabled: false, pageLoadStrategy: none, platform: WINDOWS, platformName: WINDOWS, proxy: Proxy(), setWindowRect: true, strictFileInteractability: false, timeouts: {implicit: 0, pageLoad: 300000, script: 30000}, unhandledPromptBehavior: dismiss and notify, webauthn:extension:credBlob: true, webauthn:extension:largeBlob: true, webauthn:virtualAuthenticators: true}&#10;Session ID: 0700bbedd0719e088f1f7d1c6280aff0" type="org.openqa.selenium.TimeoutException"><![CDATA[org.openqa.selenium.TimeoutException: 
Expected condition failed: waiting for element to be clickable: [[ChromeDriver: chrome on WINDOWS (0700bbedd0719e088f1f7d1c6280aff0)] -> xpath: //input[@id='LogisticType']/..] (tried for 60 second(s) with 500 milliseconds interval)
Build info: version: '3.141.59', revision: 'e82be7d358', time: '2018-11-14T08:17:03'
System info: host: 'WJLP-1270', ip: '192.168.0.2', os.name: 'Windows 10', os.arch: 'amd64', os.version: '10.0', java.version: '11.0.10'
Driver info: org.openqa.selenium.support.events.EventFiringWebDriver
Capabilities {acceptInsecureCerts: false, browserName: chrome, browserVersion: 97.0.4692.99, chrome: {chromedriverVersion: 97.0.4692.71 (adefa7837d02a..., userDataDir: C:\Users\nasreenk\AppData\L...}, goog:chromeOptions: {debuggerAddress: localhost:51238}, javascriptEnabled: true, networkConnectionEnabled: false, pageLoadStrategy: none, platform: WINDOWS, platformName: WINDOWS, proxy: Proxy(), setWindowRect: true, strictFileInteractability: false, timeouts: {implicit: 0, pageLoad: 300000, script: 30000}, unhandledPromptBehavior: dismiss and notify, webauthn:extension:credBlob: true, webauthn:extension:largeBlob: true, webauthn:virtualAuthenticators: true}
Session ID: 0700bbedd0719e088f1f7d1c6280aff0
	at pages.TestPageConsignmentInboundProd.consignmentInboundSave(TestPageConsignmentInboundProd.java:261)
]]></failure>
    <system-out><![CDATA[I am in onTestFailure method consignmentInboundEmailAndSave failed
2022-01-31/12:24:54.119 ERROR: allure.AllureLifecycle - Could not add attachment: no test is running
1025149 [main] ERROR io.qameta.allure.AllureLifecycle  - Could not add attachment: no test is running
1025149 [main] ERROR io.qameta.allure.AllureLifecycle  - Could not add attachment: no test is running
1025149 [main] ERROR io.qameta.allure.AllureLifecycle  - Could not add attachment: no test is running
I am in onTestStart method consignmentInboundSave start
2022-01-31/12:25:24.307  INFO: listener.WebEventListener - Before Finding element: By.xpath: //input[@id='ConsignmentID']
1055337 [main] INFO utilities.listener.WebEventListener  - Before Finding element: By.xpath: //input[@id='ConsignmentID']
1055337 [main] INFO utilities.listener.WebEventListener  - Before Finding element: By.xpath: //input[@id='ConsignmentID']
1055337 [main] INFO utilities.listener.WebEventListener  - Before Finding element: By.xpath: //input[@id='ConsignmentID']
2022-01-31/12:25:54.266  INFO: listener.WebEventListener - Default Value :PROD00011006
1085296 [main] INFO utilities.listener.WebEventListener  - Default Value :PROD00011006
1085296 [main] INFO utilities.listener.WebEventListener  - Default Value :PROD00011006
1085296 [main] INFO utilities.listener.WebEventListener  - Default Value :PROD00011006
2022-01-31/12:25:54.339  INFO: listener.WebEventListener - Entered Value :PROD00011006
1085369 [main] INFO utilities.listener.WebEventListener  - Entered Value :PROD00011006
1085369 [main] INFO utilities.listener.WebEventListener  - Entered Value :PROD00011006
1085369 [main] INFO utilities.listener.WebEventListener  - Entered Value :PROD00011006
2022-01-31/12:25:54.370  INFO: listener.WebEventListener - Default Value :PROD00011006
1085400 [main] INFO utilities.listener.WebEventListener  - Default Value :PROD00011006
1085400 [main] INFO utilities.listener.WebEventListener  - Default Value :PROD00011006
1085400 [main] INFO utilities.listener.WebEventListener  - Default Value :PROD00011006
2022-01-31/12:25:54.818  INFO: listener.WebEventListener - Entered Value :
1085848 [main] INFO utilities.listener.WebEventListener  - Entered Value :
1085848 [main] INFO utilities.listener.WebEventListener  - Entered Value :
1085848 [main] INFO utilities.listener.WebEventListener  - Entered Value :
2022-01-31/12:25:54.868  INFO: listener.WebEventListener - Default Value :
1085898 [main] INFO utilities.listener.WebEventListener  - Default Value :
1085898 [main] INFO utilities.listener.WebEventListener  - Default Value :
1085898 [main] INFO utilities.listener.WebEventListener  - Default Value :
2022-01-31/12:25:55.258  INFO: listener.WebEventListener - Entered Value :PROD00031010
1086288 [main] INFO utilities.listener.WebEventListener  - Entered Value :PROD00031010
1086288 [main] INFO utilities.listener.WebEventListener  - Entered Value :PROD00031010
1086288 [main] INFO utilities.listener.WebEventListener  - Entered Value :PROD00031010
2022-01-31/12:26:15.260  INFO: listener.WebEventListener - Before Finding element: By.cssSelector: #BilledTo
1106290 [main] INFO utilities.listener.WebEventListener  - Before Finding element: By.cssSelector: #BilledTo
1106290 [main] INFO utilities.listener.WebEventListener  - Before Finding element: By.cssSelector: #BilledTo
1106290 [main] INFO utilities.listener.WebEventListener  - Before Finding element: By.cssSelector: #BilledTo
2022-01-31/12:26:15.326  INFO: listener.WebEventListener - Default Value :
1106356 [main] INFO utilities.listener.WebEventListener  - Default Value :
1106356 [main] INFO utilities.listener.WebEventListener  - Default Value :
1106356 [main] INFO utilities.listener.WebEventListener  - Default Value :
2022-01-31/12:26:15.403  INFO: listener.WebEventListener - Entered Value :
1106433 [main] INFO utilities.listener.WebEventListener  - Entered Value :
1106433 [main] INFO utilities.listener.WebEventListener  - Entered Value :
1106433 [main] INFO utilities.listener.WebEventListener  - Entered Value :
2022-01-31/12:26:15.403  INFO: listener.WebEventListener - Before Finding element: By.cssSelector: #BilledTo
1106433 [main] INFO utilities.listener.WebEventListener  - Before Finding element: By.cssSelector: #BilledTo
1106433 [main] INFO utilities.listener.WebEventListener  - Before Finding element: By.cssSelector: #BilledTo
1106433 [main] INFO utilities.listener.WebEventListener  - Before Finding element: By.cssSelector: #BilledTo
2022-01-31/12:26:15.450  INFO: listener.WebEventListener - Default Value :
1106480 [main] INFO utilities.listener.WebEventListener  - Default Value :
1106480 [main] INFO utilities.listener.WebEventListener  - Default Value :
1106480 [main] INFO utilities.listener.WebEventListener  - Default Value :
2022-01-31/12:26:15.527  INFO: listener.WebEventListener - Entered Value :
1106557 [main] INFO utilities.listener.WebEventListener  - Entered Value :
1106557 [main] INFO utilities.listener.WebEventListener  - Entered Value :
1106557 [main] INFO utilities.listener.WebEventListener  - Entered Value :
2022-01-31/12:26:15.527  INFO: listener.WebEventListener - Before Finding element: By.cssSelector: #BilledTo
1106557 [main] INFO utilities.listener.WebEventListener  - Before Finding element: By.cssSelector: #BilledTo
1106557 [main] INFO utilities.listener.WebEventListener  - Before Finding element: By.cssSelector: #BilledTo
1106557 [main] INFO utilities.listener.WebEventListener  - Before Finding element: By.cssSelector: #BilledTo
2022-01-31/12:26:15.574  INFO: listener.WebEventListener - Default Value :
1106604 [main] INFO utilities.listener.WebEventListener  - Default Value :
1106604 [main] INFO utilities.listener.WebEventListener  - Default Value :
1106604 [main] INFO utilities.listener.WebEventListener  - Default Value :
2022-01-31/12:26:15.766  INFO: listener.WebEventListener - Entered Value :ITAU02
1106796 [main] INFO utilities.listener.WebEventListener  - Entered Value :ITAU02
1106796 [main] INFO utilities.listener.WebEventListener  - Entered Value :ITAU02
1106796 [main] INFO utilities.listener.WebEventListener  - Entered Value :ITAU02
2022-01-31/12:26:15.766  INFO: listener.WebEventListener - Before Finding element: By.cssSelector: #BilledTo
1106796 [main] INFO utilities.listener.WebEventListener  - Before Finding element: By.cssSelector: #BilledTo
1106796 [main] INFO utilities.listener.WebEventListener  - Before Finding element: By.cssSelector: #BilledTo
1106796 [main] INFO utilities.listener.WebEventListener  - Before Finding element: By.cssSelector: #BilledTo
2022-01-31/12:26:15.831  INFO: listener.WebEventListener - beforeClickOn css selector: #BilledTo]
1106861 [main] INFO utilities.listener.WebEventListener  - beforeClickOn css selector: #BilledTo]
1106861 [main] INFO utilities.listener.WebEventListener  - beforeClickOn css selector: #BilledTo]
1106861 [main] INFO utilities.listener.WebEventListener  - beforeClickOn css selector: #BilledTo]
2022-01-31/12:26:15.904  INFO: listener.WebEventListener - after click on
1106934 [main] INFO utilities.listener.WebEventListener  - after click on
1106934 [main] INFO utilities.listener.WebEventListener  - after click on
1106934 [main] INFO utilities.listener.WebEventListener  - after click on
2022-01-31/12:26:24.918  INFO: listener.WebEventListener - Before Finding element: By.xpath: //div[@class='v-menu__content theme--light menuable__content__active v-autocomplete__content']//div[@role='listitem'][1]
1115948 [main] INFO utilities.listener.WebEventListener  - Before Finding element: By.xpath: //div[@class='v-menu__content theme--light menuable__content__active v-autocomplete__content']//div[@role='listitem'][1]
1115948 [main] INFO utilities.listener.WebEventListener  - Before Finding element: By.xpath: //div[@class='v-menu__content theme--light menuable__content__active v-autocomplete__content']//div[@role='listitem'][1]
1115948 [main] INFO utilities.listener.WebEventListener  - Before Finding element: By.xpath: //div[@class='v-menu__content theme--light menuable__content__active v-autocomplete__content']//div[@role='listitem'][1]
hhhhhhhhhhhhhhhhhhhhhh
2022-01-31/12:26:24.980  INFO: listener.WebEventListener - beforeClickOn xpath: //div[@class='v-menu__content theme--light menuable__content__active v-autocomplete__content']//div[@role='listitem'][1]]
1116010 [main] INFO utilities.listener.WebEventListener  - beforeClickOn xpath: //div[@class='v-menu__content theme--light menuable__content__active v-autocomplete__content']//div[@role='listitem'][1]]
1116010 [main] INFO utilities.listener.WebEventListener  - beforeClickOn xpath: //div[@class='v-menu__content theme--light menuable__content__active v-autocomplete__content']//div[@role='listitem'][1]]
1116010 [main] INFO utilities.listener.WebEventListener  - beforeClickOn xpath: //div[@class='v-menu__content theme--light menuable__content__active v-autocomplete__content']//div[@role='listitem'][1]]
2022-01-31/12:26:25.138  INFO: listener.WebEventListener - after click on
1116168 [main] INFO utilities.listener.WebEventListener  - after click on
1116168 [main] INFO utilities.listener.WebEventListener  - after click on
1116168 [main] INFO utilities.listener.WebEventListener  - after click on
2022-01-31/12:26:35.146  INFO: listener.WebEventListener - Before Finding element: By.xpath: //input[@id='LogisticType']/../div
1126176 [main] INFO utilities.listener.WebEventListener  - Before Finding element: By.xpath: //input[@id='LogisticType']/../div
1126176 [main] INFO utilities.listener.WebEventListener  - Before Finding element: By.xpath: //input[@id='LogisticType']/../div
1126176 [main] INFO utilities.listener.WebEventListener  - Before Finding element: By.xpath: //input[@id='LogisticType']/../div
2022-01-31/12:26:35.172  INFO: listener.WebEventListener - Before Finding element: By.xpath: //input[@id='LogisticType']/..
1126202 [main] INFO utilities.listener.WebEventListener  - Before Finding element: By.xpath: //input[@id='LogisticType']/..
1126202 [main] INFO utilities.listener.WebEventListener  - Before Finding element: By.xpath: //input[@id='LogisticType']/..
1126202 [main] INFO utilities.listener.WebEventListener  - Before Finding element: By.xpath: //input[@id='LogisticType']/..
2022-01-31/12:26:35.708  INFO: listener.WebEventListener - Before Finding element: By.xpath: //input[@id='LogisticType']/..
1126738 [main] INFO utilities.listener.WebEventListener  - Before Finding element: By.xpath: //input[@id='LogisticType']/..
1126738 [main] INFO utilities.listener.WebEventListener  - Before Finding element: By.xpath: //input[@id='LogisticType']/..
1126738 [main] INFO utilities.listener.WebEventListener  - Before Finding element: By.xpath: //input[@id='LogisticType']/..
2022-01-31/12:26:36.253  INFO: listener.WebEventListener - Before Finding element: By.xpath: //input[@id='LogisticType']/..
1127283 [main] INFO utilities.listener.WebEventListener  - Before Finding element: By.xpath: //input[@id='LogisticType']/..
1127283 [main] INFO utilities.listener.WebEventListener  - Before Finding element: By.xpath: //input[@id='LogisticType']/..
1127283 [main] INFO utilities.listener.WebEventListener  - Before Finding element: By.xpath: //input[@id='LogisticType']/..
2022-01-31/12:26:36.799  INFO: listener.WebEventListener - Before Finding element: By.xpath: //input[@id='LogisticType']/..
1127829 [main] INFO utilities.listener.WebEventListener  - Before Finding element: By.xpath: //input[@id='LogisticType']/..
1127829 [main] INFO utilities.listener.WebEventListener  - Before Finding element: By.xpath: //input[@id='LogisticType']/..
1127829 [main] INFO utilities.listener.WebEventListener  - Before Finding element: By.xpath: //input[@id='LogisticType']/..
2022-01-31/12:26:37.373  INFO: listener.WebEventListener - Before Finding element: By.xpath: //input[@id='LogisticType']/..
1128403 [main] INFO utilities.listener.WebEventListener  - Before Finding element: By.xpath: //input[@id='LogisticType']/..
1128403 [main] INFO utilities.listener.WebEventListener  - Before Finding element: By.xpath: //input[@id='LogisticType']/..
1128403 [main] INFO utilities.listener.WebEventListener  - Before Finding element: By.xpath: //input[@id='LogisticType']/..
2022-01-31/12:26:37.931  INFO: listener.WebEventListener - Before Finding element: By.xpath: //input[@id='LogisticType']/..
1128961 [main] INFO utilities.listener.WebEventListener  - Before Finding element: By.xpath: //input[@id='LogisticType']/..
1128961 [main] INFO utilities.listener.WebEventListener  - Before Finding element: By.xpath: //input[@id='LogisticType']/..
1128961 [main] INFO utilities.listener.WebEventListener  - Before Finding element: By.xpath: //input[@id='LogisticType']/..
2022-01-31/12:26:38.475  INFO: listener.WebEventListener - Before Finding element: By.xpath: //input[@id='LogisticType']/..
1129505 [main] INFO utilities.listener.WebEventListener  - Before Finding element: By.xpath: //input[@id='LogisticType']/..
1129505 [main] INFO utilities.listener.WebEventListener  - Before Finding element: By.xpath: //input[@id='LogisticType']/..
1129505 [main] INFO utilities.listener.WebEventListener  - Before Finding element: By.xpath: //input[@id='LogisticType']/..
2022-01-31/12:26:39.022  INFO: listener.WebEventListener - Before Finding element: By.xpath: //input[@id='LogisticType']/..
1130052 [main] INFO utilities.listener.WebEventListener  - Before Finding element: By.xpath: //input[@id='LogisticType']/..
1130052 [main] INFO utilities.listener.WebEventListener  - Before Finding element: By.xpath: //input[@id='LogisticType']/..
1130052 [main] INFO utilities.listener.WebEventListener  - Before Finding element: By.xpath: //input[@id='LogisticType']/..
2022-01-31/12:26:39.565  INFO: listener.WebEventListener - Before Finding element: By.xpath: //input[@id='LogisticType']/..
1130595 [main] INFO utilities.listener.WebEventListener  - Before Finding element: By.xpath: //input[@id='LogisticType']/..
1130595 [main] INFO utilities.listener.WebEventListener  - Before Finding element: By.xpath: //input[@id='LogisticType']/..
1130595 [main] INFO utilities.listener.WebEventListener  - Before Finding element: By.xpath: //input[@id='LogisticType']/..
2022-01-31/12:26:40.124  INFO: listener.WebEventListener - Before Finding element: By.xpath: //input[@id='LogisticType']/..
1131154 [main] INFO utilities.listener.WebEventListener  - Before Finding element: By.xpath: //input[@id='LogisticType']/..
1131154 [main] INFO utilities.listener.WebEventListener  - Before Finding element: By.xpath: //input[@id='LogisticType']/..
1131154 [main] INFO utilities.listener.WebEventListener  - Before Finding element: By.xpath: //input[@id='LogisticType']/..
2022-01-31/12:26:40.683  INFO: listener.WebEventListener - Before Finding element: By.xpath: //input[@id='LogisticType']/..
1131713 [main] INFO utilities.listener.WebEventListener  - Before Finding element: By.xpath: //input[@id='LogisticType']/..
1131713 [main] INFO utilities.listener.WebEventListener  - Before Finding element: By.xpath: //input[@id='LogisticType']/..
1131713 [main] INFO utilities.listener.WebEventListener  - Before Finding element: By.xpath: //input[@id='LogisticType']/..
2022-01-31/12:26:41.230  INFO: listener.WebEventListener - Before Finding element: By.xpath: //input[@id='LogisticType']/..
1132260 [main] INFO utilities.listener.WebEventListener  - Before Finding element: By.xpath: //input[@id='LogisticType']/..
1132260 [main] INFO utilities.listener.WebEventListener  - Before Finding element: By.xpath: //input[@id='LogisticType']/..
1132260 [main] INFO utilities.listener.WebEventListener  - Before Finding element: By.xpath: //input[@id='LogisticType']/..
2022-01-31/12:26:41.790  INFO: listener.WebEventListener - Before Finding element: By.xpath: //input[@id='LogisticType']/..
1132820 [main] INFO utilities.listener.WebEventListener  - Before Finding element: By.xpath: //input[@id='LogisticType']/..
1132820 [main] INFO utilities.listener.WebEventListener  - Before Finding element: By.xpath: //input[@id='LogisticType']/..
1132820 [main] INFO utilities.listener.WebEventListener  - Before Finding element: By.xpath: //input[@id='LogisticType']/..
2022-01-31/12:26:42.350  INFO: listener.WebEventListener - Before Finding element: By.xpath: //input[@id='LogisticType']/..
1133380 [main] INFO utilities.listener.WebEventListener  - Before Finding element: By.xpath: //input[@id='LogisticType']/..
1133380 [main] INFO utilities.listener.WebEventListener  - Before Finding element: By.xpath: //input[@id='LogisticType']/..
1133380 [main] INFO utilities.listener.WebEventListener  - Before Finding element: By.xpath: //input[@id='LogisticType']/..
2022-01-31/12:26:42.895  INFO: listener.WebEventListener - Before Finding element: By.xpath: //input[@id='LogisticType']/..
1133925 [main] INFO utilities.listener.WebEventListener  - Before Finding element: By.xpath: //input[@id='LogisticType']/..
1133925 [main] INFO utilities.listener.WebEventListener  - Before Finding element: By.xpath: //input[@id='LogisticType']/..
1133925 [main] INFO utilities.listener.WebEventListener  - Before Finding element: By.xpath: //input[@id='LogisticType']/..
2022-01-31/12:26:43.437  INFO: listener.WebEventListener - Before Finding element: By.xpath: //input[@id='LogisticType']/..
1134467 [main] INFO utilities.listener.WebEventListener  - Before Finding element: By.xpath: //input[@id='LogisticType']/..
1134467 [main] INFO utilities.listener.WebEventListener  - Before Finding element: By.xpath: //input[@id='LogisticType']/..
1134467 [main] INFO utilities.listener.WebEventListener  - Before Finding element: By.xpath: //input[@id='LogisticType']/..
2022-01-31/12:26:43.983  INFO: listener.WebEventListener - Before Finding element: By.xpath: //input[@id='LogisticType']/..
1135013 [main] INFO utilities.listener.WebEventListener  - Before Finding element: By.xpath: //input[@id='LogisticType']/..
1135013 [main] INFO utilities.listener.WebEventListener  - Before Finding element: By.xpath: //input[@id='LogisticType']/..
1135013 [main] INFO utilities.listener.WebEventListener  - Before Finding element: By.xpath: //input[@id='LogisticType']/..
2022-01-31/12:26:44.527  INFO: listener.WebEventListener - Before Finding element: By.xpath: //input[@id='LogisticType']/..
1135557 [main] INFO utilities.listener.WebEventListener  - Before Finding element: By.xpath: //input[@id='LogisticType']/..
1135557 [main] INFO utilities.listener.WebEventListener  - Before Finding element: By.xpath: //input[@id='LogisticType']/..
1135557 [main] INFO utilities.listener.WebEventListener  - Before Finding element: By.xpath: //input[@id='LogisticType']/..
2022-01-31/12:26:45.073  INFO: listener.WebEventListener - Before Finding element: By.xpath: //input[@id='LogisticType']/..
1136103 [main] INFO utilities.listener.WebEventListener  - Before Finding element: By.xpath: //input[@id='LogisticType']/..
1136103 [main] INFO utilities.listener.WebEventListener  - Before Finding element: By.xpath: //input[@id='LogisticType']/..
1136103 [main] INFO utilities.listener.WebEventListener  - Before Finding element: By.xpath: //input[@id='LogisticType']/..
2022-01-31/12:26:45.620  INFO: listener.WebEventListener - Before Finding element: By.xpath: //input[@id='LogisticType']/..
1136650 [main] INFO utilities.listener.WebEventListener  - Before Finding element: By.xpath: //input[@id='LogisticType']/..
1136650 [main] INFO utilities.listener.WebEventListener  - Before Finding element: By.xpath: //input[@id='LogisticType']/..
1136650 [main] INFO utilities.listener.WebEventListener  - Before Finding element: By.xpath: //input[@id='LogisticType']/..
2022-01-31/12:26:46.165  INFO: listener.WebEventListener - Before Finding element: By.xpath: //input[@id='LogisticType']/..
1137195 [main] INFO utilities.listener.WebEventListener  - Before Finding element: By.xpath: //input[@id='LogisticType']/..
1137195 [main] INFO utilities.listener.WebEventListener  - Before Finding element: By.xpath: //input[@id='LogisticType']/..
1137195 [main] INFO utilities.listener.WebEventListener  - Before Finding element: By.xpath: //input[@id='LogisticType']/..
2022-01-31/12:26:46.708  INFO: listener.WebEventListener - Before Finding element: By.xpath: //input[@id='LogisticType']/..
1137738 [main] INFO utilities.listener.WebEventListener  - Before Finding element: By.xpath: //input[@id='LogisticType']/..
1137738 [main] INFO utilities.listener.WebEventListener  - Before Finding element: By.xpath: //input[@id='LogisticType']/..
1137738 [main] INFO utilities.listener.WebEventListener  - Before Finding element: By.xpath: //input[@id='LogisticType']/..
2022-01-31/12:26:47.271  INFO: listener.WebEventListener - Before Finding element: By.xpath: //input[@id='LogisticType']/..
1138301 [main] INFO utilities.listener.WebEventListener  - Before Finding element: By.xpath: //input[@id='LogisticType']/..
1138301 [main] INFO utilities.listener.WebEventListener  - Before Finding element: By.xpath: //input[@id='LogisticType']/..
1138301 [main] INFO utilities.listener.WebEventListener  - Before Finding element: By.xpath: //input[@id='LogisticType']/..
2022-01-31/12:26:47.816  INFO: listener.WebEventListener - Before Finding element: By.xpath: //input[@id='LogisticType']/..
1138846 [main] INFO utilities.listener.WebEventListener  - Before Finding element: By.xpath: //input[@id='LogisticType']/..
1138846 [main] INFO utilities.listener.WebEventListener  - Before Finding element: By.xpath: //input[@id='LogisticType']/..
1138846 [main] INFO utilities.listener.WebEventListener  - Before Finding element: By.xpath: //input[@id='LogisticType']/..
2022-01-31/12:26:48.378  INFO: listener.WebEventListener - Before Finding element: By.xpath: //input[@id='LogisticType']/..
1139408 [main] INFO utilities.listener.WebEventListener  - Before Finding element: By.xpath: //input[@id='LogisticType']/..
1139408 [main] INFO utilities.listener.WebEventListener  - Before Finding element: By.xpath: //input[@id='LogisticType']/..
1139408 [main] INFO utilities.listener.WebEventListener  - Before Finding element: By.xpath: //input[@id='LogisticType']/..
2022-01-31/12:26:48.921  INFO: listener.WebEventListener - Before Finding element: By.xpath: //input[@id='LogisticType']/..
1139951 [main] INFO utilities.listener.WebEventListener  - Before Finding element: By.xpath: //input[@id='LogisticType']/..
1139951 [main] INFO utilities.listener.WebEventListener  - Before Finding element: By.xpath: //input[@id='LogisticType']/..
1139951 [main] INFO utilities.listener.WebEventListener  - Before Finding element: By.xpath: //input[@id='LogisticType']/..
2022-01-31/12:26:49.482  INFO: listener.WebEventListener - Before Finding element: By.xpath: //input[@id='LogisticType']/..
1140512 [main] INFO utilities.listener.WebEventListener  - Before Finding element: By.xpath: //input[@id='LogisticType']/..
1140512 [main] INFO utilities.listener.WebEventListener  - Before Finding element: By.xpath: //input[@id='LogisticType']/..
1140512 [main] INFO utilities.listener.WebEventListener  - Before Finding element: By.xpath: //input[@id='LogisticType']/..
2022-01-31/12:26:50.029  INFO: listener.WebEventListener - Before Finding element: By.xpath: //input[@id='LogisticType']/..
1141059 [main] INFO utilities.listener.WebEventListener  - Before Finding element: By.xpath: //input[@id='LogisticType']/..
1141059 [main] INFO utilities.listener.WebEventListener  - Before Finding element: By.xpath: //input[@id='LogisticType']/..
1141059 [main] INFO utilities.listener.WebEventListener  - Before Finding element: By.xpath: //input[@id='LogisticType']/..
2022-01-31/12:26:50.589  INFO: listener.WebEventListener - Before Finding element: By.xpath: //input[@id='LogisticType']/..
1141619 [main] INFO utilities.listener.WebEventListener  - Before Finding element: By.xpath: //input[@id='LogisticType']/..
1141619 [main] INFO utilities.listener.WebEventListener  - Before Finding element: By.xpath: //input[@id='LogisticType']/..
1141619 [main] INFO utilities.listener.WebEventListener  - Before Finding element: By.xpath: //input[@id='LogisticType']/..
2022-01-31/12:26:51.135  INFO: listener.WebEventListener - Before Finding element: By.xpath: //input[@id='LogisticType']/..
1142165 [main] INFO utilities.listener.WebEventListener  - Before Finding element: By.xpath: //input[@id='LogisticType']/..
1142165 [main] INFO utilities.listener.WebEventListener  - Before Finding element: By.xpath: //input[@id='LogisticType']/..
1142165 [main] INFO utilities.listener.WebEventListener  - Before Finding element: By.xpath: //input[@id='LogisticType']/..
2022-01-31/12:26:51.678  INFO: listener.WebEventListener - Before Finding element: By.xpath: //input[@id='LogisticType']/..
1142708 [main] INFO utilities.listener.WebEventListener  - Before Finding element: By.xpath: //input[@id='LogisticType']/..
1142708 [main] INFO utilities.listener.WebEventListener  - Before Finding element: By.xpath: //input[@id='LogisticType']/..
1142708 [main] INFO utilities.listener.WebEventListener  - Before Finding element: By.xpath: //input[@id='LogisticType']/..
2022-01-31/12:26:52.220  INFO: listener.WebEventListener - Before Finding element: By.xpath: //input[@id='LogisticType']/..
1143250 [main] INFO utilities.listener.WebEventListener  - Before Finding element: By.xpath: //input[@id='LogisticType']/..
1143250 [main] INFO utilities.listener.WebEventListener  - Before Finding element: By.xpath: //input[@id='LogisticType']/..
1143250 [main] INFO utilities.listener.WebEventListener  - Before Finding element: By.xpath: //input[@id='LogisticType']/..
2022-01-31/12:26:52.769  INFO: listener.WebEventListener - Before Finding element: By.xpath: //input[@id='LogisticType']/..
1143799 [main] INFO utilities.listener.WebEventListener  - Before Finding element: By.xpath: //input[@id='LogisticType']/..
1143799 [main] INFO utilities.listener.WebEventListener  - Before Finding element: By.xpath: //input[@id='LogisticType']/..
1143799 [main] INFO utilities.listener.WebEventListener  - Before Finding element: By.xpath: //input[@id='LogisticType']/..
2022-01-31/12:26:53.312  INFO: listener.WebEventListener - Before Finding element: By.xpath: //input[@id='LogisticType']/..
1144342 [main] INFO utilities.listener.WebEventListener  - Before Finding element: By.xpath: //input[@id='LogisticType']/..
1144342 [main] INFO utilities.listener.WebEventListener  - Before Finding element: By.xpath: //input[@id='LogisticType']/..
1144342 [main] INFO utilities.listener.WebEventListener  - Before Finding element: By.xpath: //input[@id='LogisticType']/..
2022-01-31/12:26:53.860  INFO: listener.WebEventListener - Before Finding element: By.xpath: //input[@id='LogisticType']/..
1144890 [main] INFO utilities.listener.WebEventListener  - Before Finding element: By.xpath: //input[@id='LogisticType']/..
1144890 [main] INFO utilities.listener.WebEventListener  - Before Finding element: By.xpath: //input[@id='LogisticType']/..
1144890 [main] INFO utilities.listener.WebEventListener  - Before Finding element: By.xpath: //input[@id='LogisticType']/..
2022-01-31/12:26:54.405  INFO: listener.WebEventListener - Before Finding element: By.xpath: //input[@id='LogisticType']/..
1145435 [main] INFO utilities.listener.WebEventListener  - Before Finding element: By.xpath: //input[@id='LogisticType']/..
1145435 [main] INFO utilities.listener.WebEventListener  - Before Finding element: By.xpath: //input[@id='LogisticType']/..
1145435 [main] INFO utilities.listener.WebEventListener  - Before Finding element: By.xpath: //input[@id='LogisticType']/..
2022-01-31/12:26:54.948  INFO: listener.WebEventListener - Before Finding element: By.xpath: //input[@id='LogisticType']/..
1145978 [main] INFO utilities.listener.WebEventListener  - Before Finding element: By.xpath: //input[@id='LogisticType']/..
1145978 [main] INFO utilities.listener.WebEventListener  - Before Finding element: By.xpath: //input[@id='LogisticType']/..
1145978 [main] INFO utilities.listener.WebEventListener  - Before Finding element: By.xpath: //input[@id='LogisticType']/..
2022-01-31/12:26:55.491  INFO: listener.WebEventListener - Before Finding element: By.xpath: //input[@id='LogisticType']/..
1146521 [main] INFO utilities.listener.WebEventListener  - Before Finding element: By.xpath: //input[@id='LogisticType']/..
1146521 [main] INFO utilities.listener.WebEventListener  - Before Finding element: By.xpath: //input[@id='LogisticType']/..
1146521 [main] INFO utilities.listener.WebEventListener  - Before Finding element: By.xpath: //input[@id='LogisticType']/..
2022-01-31/12:26:56.048  INFO: listener.WebEventListener - Before Finding element: By.xpath: //input[@id='LogisticType']/..
1147078 [main] INFO utilities.listener.WebEventListener  - Before Finding element: By.xpath: //input[@id='LogisticType']/..
1147078 [main] INFO utilities.listener.WebEventListener  - Before Finding element: By.xpath: //input[@id='LogisticType']/..
1147078 [main] INFO utilities.listener.WebEventListener  - Before Finding element: By.xpath: //input[@id='LogisticType']/..
2022-01-31/12:26:56.611  INFO: listener.WebEventListener - Before Finding element: By.xpath: //input[@id='LogisticType']/..
1147641 [main] INFO utilities.listener.WebEventListener  - Before Finding element: By.xpath: //input[@id='LogisticType']/..
1147641 [main] INFO utilities.listener.WebEventListener  - Before Finding element: By.xpath: //input[@id='LogisticType']/..
1147641 [main] INFO utilities.listener.WebEventListener  - Before Finding element: By.xpath: //input[@id='LogisticType']/..
2022-01-31/12:26:57.156  INFO: listener.WebEventListener - Before Finding element: By.xpath: //input[@id='LogisticType']/..
1148186 [main] INFO utilities.listener.WebEventListener  - Before Finding element: By.xpath: //input[@id='LogisticType']/..
1148186 [main] INFO utilities.listener.WebEventListener  - Before Finding element: By.xpath: //input[@id='LogisticType']/..
1148186 [main] INFO utilities.listener.WebEventListener  - Before Finding element: By.xpath: //input[@id='LogisticType']/..
2022-01-31/12:26:57.699  INFO: listener.WebEventListener - Before Finding element: By.xpath: //input[@id='LogisticType']/..
1148729 [main] INFO utilities.listener.WebEventListener  - Before Finding element: By.xpath: //input[@id='LogisticType']/..
1148729 [main] INFO utilities.listener.WebEventListener  - Before Finding element: By.xpath: //input[@id='LogisticType']/..
1148729 [main] INFO utilities.listener.WebEventListener  - Before Finding element: By.xpath: //input[@id='LogisticType']/..
2022-01-31/12:26:58.245  INFO: listener.WebEventListener - Before Finding element: By.xpath: //input[@id='LogisticType']/..
1149275 [main] INFO utilities.listener.WebEventListener  - Before Finding element: By.xpath: //input[@id='LogisticType']/..
1149275 [main] INFO utilities.listener.WebEventListener  - Before Finding element: By.xpath: //input[@id='LogisticType']/..
1149275 [main] INFO utilities.listener.WebEventListener  - Before Finding element: By.xpath: //input[@id='LogisticType']/..
2022-01-31/12:26:58.792  INFO: listener.WebEventListener - Before Finding element: By.xpath: //input[@id='LogisticType']/..
1149822 [main] INFO utilities.listener.WebEventListener  - Before Finding element: By.xpath: //input[@id='LogisticType']/..
1149822 [main] INFO utilities.listener.WebEventListener  - Before Finding element: By.xpath: //input[@id='LogisticType']/..
1149822 [main] INFO utilities.listener.WebEventListener  - Before Finding element: By.xpath: //input[@id='LogisticType']/..
2022-01-31/12:26:59.339  INFO: listener.WebEventListener - Before Finding element: By.xpath: //input[@id='LogisticType']/..
1150369 [main] INFO utilities.listener.WebEventListener  - Before Finding element: By.xpath: //input[@id='LogisticType']/..
1150369 [main] INFO utilities.listener.WebEventListener  - Before Finding element: By.xpath: //input[@id='LogisticType']/..
1150369 [main] INFO utilities.listener.WebEventListener  - Before Finding element: By.xpath: //input[@id='LogisticType']/..
2022-01-31/12:26:59.897  INFO: listener.WebEventListener - Before Finding element: By.xpath: //input[@id='LogisticType']/..
1150927 [main] INFO utilities.listener.WebEventListener  - Before Finding element: By.xpath: //input[@id='LogisticType']/..
1150927 [main] INFO utilities.listener.WebEventListener  - Before Finding element: By.xpath: //input[@id='LogisticType']/..
1150927 [main] INFO utilities.listener.WebEventListener  - Before Finding element: By.xpath: //input[@id='LogisticType']/..
2022-01-31/12:27:00.465  INFO: listener.WebEventListener - Before Finding element: By.xpath: //input[@id='LogisticType']/..
1151495 [main] INFO utilities.listener.WebEventListener  - Before Finding element: By.xpath: //input[@id='LogisticType']/..
1151495 [main] INFO utilities.listener.WebEventListener  - Before Finding element: By.xpath: //input[@id='LogisticType']/..
1151495 [main] INFO utilities.listener.WebEventListener  - Before Finding element: By.xpath: //input[@id='LogisticType']/..
2022-01-31/12:27:01.006  INFO: listener.WebEventListener - Before Finding element: By.xpath: //input[@id='LogisticType']/..
1152036 [main] INFO utilities.listener.WebEventListener  - Before Finding element: By.xpath: //input[@id='LogisticType']/..
1152036 [main] INFO utilities.listener.WebEventListener  - Before Finding element: By.xpath: //input[@id='LogisticType']/..
1152036 [main] INFO utilities.listener.WebEventListener  - Before Finding element: By.xpath: //input[@id='LogisticType']/..
2022-01-31/12:27:01.551  INFO: listener.WebEventListener - Before Finding element: By.xpath: //input[@id='LogisticType']/..
1152581 [main] INFO utilities.listener.WebEventListener  - Before Finding element: By.xpath: //input[@id='LogisticType']/..
1152581 [main] INFO utilities.listener.WebEventListener  - Before Finding element: By.xpath: //input[@id='LogisticType']/..
1152581 [main] INFO utilities.listener.WebEventListener  - Before Finding element: By.xpath: //input[@id='LogisticType']/..
2022-01-31/12:27:02.096  INFO: listener.WebEventListener - Before Finding element: By.xpath: //input[@id='LogisticType']/..
1153126 [main] INFO utilities.listener.WebEventListener  - Before Finding element: By.xpath: //input[@id='LogisticType']/..
1153126 [main] INFO utilities.listener.WebEventListener  - Before Finding element: By.xpath: //input[@id='LogisticType']/..
1153126 [main] INFO utilities.listener.WebEventListener  - Before Finding element: By.xpath: //input[@id='LogisticType']/..
2022-01-31/12:27:02.641  INFO: listener.WebEventListener - Before Finding element: By.xpath: //input[@id='LogisticType']/..
1153671 [main] INFO utilities.listener.WebEventListener  - Before Finding element: By.xpath: //input[@id='LogisticType']/..
1153671 [main] INFO utilities.listener.WebEventListener  - Before Finding element: By.xpath: //input[@id='LogisticType']/..
1153671 [main] INFO utilities.listener.WebEventListener  - Before Finding element: By.xpath: //input[@id='LogisticType']/..
2022-01-31/12:27:03.184  INFO: listener.WebEventListener - Before Finding element: By.xpath: //input[@id='LogisticType']/..
1154214 [main] INFO utilities.listener.WebEventListener  - Before Finding element: By.xpath: //input[@id='LogisticType']/..
1154214 [main] INFO utilities.listener.WebEventListener  - Before Finding element: By.xpath: //input[@id='LogisticType']/..
1154214 [main] INFO utilities.listener.WebEventListener  - Before Finding element: By.xpath: //input[@id='LogisticType']/..
2022-01-31/12:27:03.730  INFO: listener.WebEventListener - Before Finding element: By.xpath: //input[@id='LogisticType']/..
1154760 [main] INFO utilities.listener.WebEventListener  - Before Finding element: By.xpath: //input[@id='LogisticType']/..
1154760 [main] INFO utilities.listener.WebEventListener  - Before Finding element: By.xpath: //input[@id='LogisticType']/..
1154760 [main] INFO utilities.listener.WebEventListener  - Before Finding element: By.xpath: //input[@id='LogisticType']/..
2022-01-31/12:27:04.280  INFO: listener.WebEventListener - Before Finding element: By.xpath: //input[@id='LogisticType']/..
1155310 [main] INFO utilities.listener.WebEventListener  - Before Finding element: By.xpath: //input[@id='LogisticType']/..
1155310 [main] INFO utilities.listener.WebEventListener  - Before Finding element: By.xpath: //input[@id='LogisticType']/..
1155310 [main] INFO utilities.listener.WebEventListener  - Before Finding element: By.xpath: //input[@id='LogisticType']/..
2022-01-31/12:27:04.830  INFO: listener.WebEventListener - Before Finding element: By.xpath: //input[@id='LogisticType']/..
1155860 [main] INFO utilities.listener.WebEventListener  - Before Finding element: By.xpath: //input[@id='LogisticType']/..
1155860 [main] INFO utilities.listener.WebEventListener  - Before Finding element: By.xpath: //input[@id='LogisticType']/..
1155860 [main] INFO utilities.listener.WebEventListener  - Before Finding element: By.xpath: //input[@id='LogisticType']/..
2022-01-31/12:27:05.377  INFO: listener.WebEventListener - Before Finding element: By.xpath: //input[@id='LogisticType']/..
1156407 [main] INFO utilities.listener.WebEventListener  - Before Finding element: By.xpath: //input[@id='LogisticType']/..
1156407 [main] INFO utilities.listener.WebEventListener  - Before Finding element: By.xpath: //input[@id='LogisticType']/..
1156407 [main] INFO utilities.listener.WebEventListener  - Before Finding element: By.xpath: //input[@id='LogisticType']/..
2022-01-31/12:27:05.921  INFO: listener.WebEventListener - Before Finding element: By.xpath: //input[@id='LogisticType']/..
1156951 [main] INFO utilities.listener.WebEventListener  - Before Finding element: By.xpath: //input[@id='LogisticType']/..
1156951 [main] INFO utilities.listener.WebEventListener  - Before Finding element: By.xpath: //input[@id='LogisticType']/..
1156951 [main] INFO utilities.listener.WebEventListener  - Before Finding element: By.xpath: //input[@id='LogisticType']/..
2022-01-31/12:27:06.469  INFO: listener.WebEventListener - Before Finding element: By.xpath: //input[@id='LogisticType']/..
1157499 [main] INFO utilities.listener.WebEventListener  - Before Finding element: By.xpath: //input[@id='LogisticType']/..
1157499 [main] INFO utilities.listener.WebEventListener  - Before Finding element: By.xpath: //input[@id='LogisticType']/..
1157499 [main] INFO utilities.listener.WebEventListener  - Before Finding element: By.xpath: //input[@id='LogisticType']/..
2022-01-31/12:27:07.015  INFO: listener.WebEventListener - Before Finding element: By.xpath: //input[@id='LogisticType']/..
1158045 [main] INFO utilities.listener.WebEventListener  - Before Finding element: By.xpath: //input[@id='LogisticType']/..
1158045 [main] INFO utilities.listener.WebEventListener  - Before Finding element: By.xpath: //input[@id='LogisticType']/..
1158045 [main] INFO utilities.listener.WebEventListener  - Before Finding element: By.xpath: //input[@id='LogisticType']/..
2022-01-31/12:27:07.561  INFO: listener.WebEventListener - Before Finding element: By.xpath: //input[@id='LogisticType']/..
1158591 [main] INFO utilities.listener.WebEventListener  - Before Finding element: By.xpath: //input[@id='LogisticType']/..
1158591 [main] INFO utilities.listener.WebEventListener  - Before Finding element: By.xpath: //input[@id='LogisticType']/..
1158591 [main] INFO utilities.listener.WebEventListener  - Before Finding element: By.xpath: //input[@id='LogisticType']/..
2022-01-31/12:27:08.105  INFO: listener.WebEventListener - Before Finding element: By.xpath: //input[@id='LogisticType']/..
1159135 [main] INFO utilities.listener.WebEventListener  - Before Finding element: By.xpath: //input[@id='LogisticType']/..
1159135 [main] INFO utilities.listener.WebEventListener  - Before Finding element: By.xpath: //input[@id='LogisticType']/..
1159135 [main] INFO utilities.listener.WebEventListener  - Before Finding element: By.xpath: //input[@id='LogisticType']/..
2022-01-31/12:27:08.651  INFO: listener.WebEventListener - Before Finding element: By.xpath: //input[@id='LogisticType']/..
1159681 [main] INFO utilities.listener.WebEventListener  - Before Finding element: By.xpath: //input[@id='LogisticType']/..
1159681 [main] INFO utilities.listener.WebEventListener  - Before Finding element: By.xpath: //input[@id='LogisticType']/..
1159681 [main] INFO utilities.listener.WebEventListener  - Before Finding element: By.xpath: //input[@id='LogisticType']/..
2022-01-31/12:27:09.209  INFO: listener.WebEventListener - Before Finding element: By.xpath: //input[@id='LogisticType']/..
1160239 [main] INFO utilities.listener.WebEventListener  - Before Finding element: By.xpath: //input[@id='LogisticType']/..
1160239 [main] INFO utilities.listener.WebEventListener  - Before Finding element: By.xpath: //input[@id='LogisticType']/..
1160239 [main] INFO utilities.listener.WebEventListener  - Before Finding element: By.xpath: //input[@id='LogisticType']/..
2022-01-31/12:27:09.755  INFO: listener.WebEventListener - Before Finding element: By.xpath: //input[@id='LogisticType']/..
1160785 [main] INFO utilities.listener.WebEventListener  - Before Finding element: By.xpath: //input[@id='LogisticType']/..
1160785 [main] INFO utilities.listener.WebEventListener  - Before Finding element: By.xpath: //input[@id='LogisticType']/..
1160785 [main] INFO utilities.listener.WebEventListener  - Before Finding element: By.xpath: //input[@id='LogisticType']/..
2022-01-31/12:27:10.317  INFO: listener.WebEventListener - Before Finding element: By.xpath: //input[@id='LogisticType']/..
1161347 [main] INFO utilities.listener.WebEventListener  - Before Finding element: By.xpath: //input[@id='LogisticType']/..
1161347 [main] INFO utilities.listener.WebEventListener  - Before Finding element: By.xpath: //input[@id='LogisticType']/..
1161347 [main] INFO utilities.listener.WebEventListener  - Before Finding element: By.xpath: //input[@id='LogisticType']/..
2022-01-31/12:27:10.874  INFO: listener.WebEventListener - Before Finding element: By.xpath: //input[@id='LogisticType']/..
1161904 [main] INFO utilities.listener.WebEventListener  - Before Finding element: By.xpath: //input[@id='LogisticType']/..
1161904 [main] INFO utilities.listener.WebEventListener  - Before Finding element: By.xpath: //input[@id='LogisticType']/..
1161904 [main] INFO utilities.listener.WebEventListener  - Before Finding element: By.xpath: //input[@id='LogisticType']/..
2022-01-31/12:27:11.422  INFO: listener.WebEventListener - Before Finding element: By.xpath: //input[@id='LogisticType']/..
1162452 [main] INFO utilities.listener.WebEventListener  - Before Finding element: By.xpath: //input[@id='LogisticType']/..
1162452 [main] INFO utilities.listener.WebEventListener  - Before Finding element: By.xpath: //input[@id='LogisticType']/..
1162452 [main] INFO utilities.listener.WebEventListener  - Before Finding element: By.xpath: //input[@id='LogisticType']/..
2022-01-31/12:27:11.966  INFO: listener.WebEventListener - Before Finding element: By.xpath: //input[@id='LogisticType']/..
1162996 [main] INFO utilities.listener.WebEventListener  - Before Finding element: By.xpath: //input[@id='LogisticType']/..
1162996 [main] INFO utilities.listener.WebEventListener  - Before Finding element: By.xpath: //input[@id='LogisticType']/..
1162996 [main] INFO utilities.listener.WebEventListener  - Before Finding element: By.xpath: //input[@id='LogisticType']/..
2022-01-31/12:27:12.511  INFO: listener.WebEventListener - Before Finding element: By.xpath: //input[@id='LogisticType']/..
1163541 [main] INFO utilities.listener.WebEventListener  - Before Finding element: By.xpath: //input[@id='LogisticType']/..
1163541 [main] INFO utilities.listener.WebEventListener  - Before Finding element: By.xpath: //input[@id='LogisticType']/..
1163541 [main] INFO utilities.listener.WebEventListener  - Before Finding element: By.xpath: //input[@id='LogisticType']/..
2022-01-31/12:27:13.085  INFO: listener.WebEventListener - Before Finding element: By.xpath: //input[@id='LogisticType']/..
1164115 [main] INFO utilities.listener.WebEventListener  - Before Finding element: By.xpath: //input[@id='LogisticType']/..
1164115 [main] INFO utilities.listener.WebEventListener  - Before Finding element: By.xpath: //input[@id='LogisticType']/..
1164115 [main] INFO utilities.listener.WebEventListener  - Before Finding element: By.xpath: //input[@id='LogisticType']/..
2022-01-31/12:27:13.632  INFO: listener.WebEventListener - Before Finding element: By.xpath: //input[@id='LogisticType']/..
1164662 [main] INFO utilities.listener.WebEventListener  - Before Finding element: By.xpath: //input[@id='LogisticType']/..
1164662 [main] INFO utilities.listener.WebEventListener  - Before Finding element: By.xpath: //input[@id='LogisticType']/..
1164662 [main] INFO utilities.listener.WebEventListener  - Before Finding element: By.xpath: //input[@id='LogisticType']/..
2022-01-31/12:27:14.179  INFO: listener.WebEventListener - Before Finding element: By.xpath: //input[@id='LogisticType']/..
1165209 [main] INFO utilities.listener.WebEventListener  - Before Finding element: By.xpath: //input[@id='LogisticType']/..
1165209 [main] INFO utilities.listener.WebEventListener  - Before Finding element: By.xpath: //input[@id='LogisticType']/..
1165209 [main] INFO utilities.listener.WebEventListener  - Before Finding element: By.xpath: //input[@id='LogisticType']/..
2022-01-31/12:27:14.737  INFO: listener.WebEventListener - Before Finding element: By.xpath: //input[@id='LogisticType']/..
1165767 [main] INFO utilities.listener.WebEventListener  - Before Finding element: By.xpath: //input[@id='LogisticType']/..
1165767 [main] INFO utilities.listener.WebEventListener  - Before Finding element: By.xpath: //input[@id='LogisticType']/..
1165767 [main] INFO utilities.listener.WebEventListener  - Before Finding element: By.xpath: //input[@id='LogisticType']/..
2022-01-31/12:27:15.297  INFO: listener.WebEventListener - Before Finding element: By.xpath: //input[@id='LogisticType']/..
1166327 [main] INFO utilities.listener.WebEventListener  - Before Finding element: By.xpath: //input[@id='LogisticType']/..
1166327 [main] INFO utilities.listener.WebEventListener  - Before Finding element: By.xpath: //input[@id='LogisticType']/..
1166327 [main] INFO utilities.listener.WebEventListener  - Before Finding element: By.xpath: //input[@id='LogisticType']/..
2022-01-31/12:27:15.844  INFO: listener.WebEventListener - Before Finding element: By.xpath: //input[@id='LogisticType']/..
1166874 [main] INFO utilities.listener.WebEventListener  - Before Finding element: By.xpath: //input[@id='LogisticType']/..
1166874 [main] INFO utilities.listener.WebEventListener  - Before Finding element: By.xpath: //input[@id='LogisticType']/..
1166874 [main] INFO utilities.listener.WebEventListener  - Before Finding element: By.xpath: //input[@id='LogisticType']/..
2022-01-31/12:27:16.385  INFO: listener.WebEventListener - Before Finding element: By.xpath: //input[@id='LogisticType']/..
1167415 [main] INFO utilities.listener.WebEventListener  - Before Finding element: By.xpath: //input[@id='LogisticType']/..
1167415 [main] INFO utilities.listener.WebEventListener  - Before Finding element: By.xpath: //input[@id='LogisticType']/..
1167415 [main] INFO utilities.listener.WebEventListener  - Before Finding element: By.xpath: //input[@id='LogisticType']/..
2022-01-31/12:27:16.931  INFO: listener.WebEventListener - Before Finding element: By.xpath: //input[@id='LogisticType']/..
1167961 [main] INFO utilities.listener.WebEventListener  - Before Finding element: By.xpath: //input[@id='LogisticType']/..
1167961 [main] INFO utilities.listener.WebEventListener  - Before Finding element: By.xpath: //input[@id='LogisticType']/..
1167961 [main] INFO utilities.listener.WebEventListener  - Before Finding element: By.xpath: //input[@id='LogisticType']/..
2022-01-31/12:27:17.477  INFO: listener.WebEventListener - Before Finding element: By.xpath: //input[@id='LogisticType']/..
1168507 [main] INFO utilities.listener.WebEventListener  - Before Finding element: By.xpath: //input[@id='LogisticType']/..
1168507 [main] INFO utilities.listener.WebEventListener  - Before Finding element: By.xpath: //input[@id='LogisticType']/..
1168507 [main] INFO utilities.listener.WebEventListener  - Before Finding element: By.xpath: //input[@id='LogisticType']/..
2022-01-31/12:27:18.034  INFO: listener.WebEventListener - Before Finding element: By.xpath: //input[@id='LogisticType']/..
1169064 [main] INFO utilities.listener.WebEventListener  - Before Finding element: By.xpath: //input[@id='LogisticType']/..
1169064 [main] INFO utilities.listener.WebEventListener  - Before Finding element: By.xpath: //input[@id='LogisticType']/..
1169064 [main] INFO utilities.listener.WebEventListener  - Before Finding element: By.xpath: //input[@id='LogisticType']/..
2022-01-31/12:27:18.603  INFO: listener.WebEventListener - Before Finding element: By.xpath: //input[@id='LogisticType']/..
1169633 [main] INFO utilities.listener.WebEventListener  - Before Finding element: By.xpath: //input[@id='LogisticType']/..
1169633 [main] INFO utilities.listener.WebEventListener  - Before Finding element: By.xpath: //input[@id='LogisticType']/..
1169633 [main] INFO utilities.listener.WebEventListener  - Before Finding element: By.xpath: //input[@id='LogisticType']/..
2022-01-31/12:27:19.145  INFO: listener.WebEventListener - Before Finding element: By.xpath: //input[@id='LogisticType']/..
1170175 [main] INFO utilities.listener.WebEventListener  - Before Finding element: By.xpath: //input[@id='LogisticType']/..
1170175 [main] INFO utilities.listener.WebEventListener  - Before Finding element: By.xpath: //input[@id='LogisticType']/..
1170175 [main] INFO utilities.listener.WebEventListener  - Before Finding element: By.xpath: //input[@id='LogisticType']/..
2022-01-31/12:27:19.690  INFO: listener.WebEventListener - Before Finding element: By.xpath: //input[@id='LogisticType']/..
1170720 [main] INFO utilities.listener.WebEventListener  - Before Finding element: By.xpath: //input[@id='LogisticType']/..
1170720 [main] INFO utilities.listener.WebEventListener  - Before Finding element: By.xpath: //input[@id='LogisticType']/..
1170720 [main] INFO utilities.listener.WebEventListener  - Before Finding element: By.xpath: //input[@id='LogisticType']/..
2022-01-31/12:27:20.234  INFO: listener.WebEventListener - Before Finding element: By.xpath: //input[@id='LogisticType']/..
1171264 [main] INFO utilities.listener.WebEventListener  - Before Finding element: By.xpath: //input[@id='LogisticType']/..
1171264 [main] INFO utilities.listener.WebEventListener  - Before Finding element: By.xpath: //input[@id='LogisticType']/..
1171264 [main] INFO utilities.listener.WebEventListener  - Before Finding element: By.xpath: //input[@id='LogisticType']/..
2022-01-31/12:27:20.779  INFO: listener.WebEventListener - Before Finding element: By.xpath: //input[@id='LogisticType']/..
1171809 [main] INFO utilities.listener.WebEventListener  - Before Finding element: By.xpath: //input[@id='LogisticType']/..
1171809 [main] INFO utilities.listener.WebEventListener  - Before Finding element: By.xpath: //input[@id='LogisticType']/..
1171809 [main] INFO utilities.listener.WebEventListener  - Before Finding element: By.xpath: //input[@id='LogisticType']/..
2022-01-31/12:27:21.323  INFO: listener.WebEventListener - Before Finding element: By.xpath: //input[@id='LogisticType']/..
1172353 [main] INFO utilities.listener.WebEventListener  - Before Finding element: By.xpath: //input[@id='LogisticType']/..
1172353 [main] INFO utilities.listener.WebEventListener  - Before Finding element: By.xpath: //input[@id='LogisticType']/..
1172353 [main] INFO utilities.listener.WebEventListener  - Before Finding element: By.xpath: //input[@id='LogisticType']/..
2022-01-31/12:27:21.866  INFO: listener.WebEventListener - Before Finding element: By.xpath: //input[@id='LogisticType']/..
1172896 [main] INFO utilities.listener.WebEventListener  - Before Finding element: By.xpath: //input[@id='LogisticType']/..
1172896 [main] INFO utilities.listener.WebEventListener  - Before Finding element: By.xpath: //input[@id='LogisticType']/..
1172896 [main] INFO utilities.listener.WebEventListener  - Before Finding element: By.xpath: //input[@id='LogisticType']/..
2022-01-31/12:27:22.410  INFO: listener.WebEventListener - Before Finding element: By.xpath: //input[@id='LogisticType']/..
1173440 [main] INFO utilities.listener.WebEventListener  - Before Finding element: By.xpath: //input[@id='LogisticType']/..
1173440 [main] INFO utilities.listener.WebEventListener  - Before Finding element: By.xpath: //input[@id='LogisticType']/..
1173440 [main] INFO utilities.listener.WebEventListener  - Before Finding element: By.xpath: //input[@id='LogisticType']/..
2022-01-31/12:27:22.953  INFO: listener.WebEventListener - Before Finding element: By.xpath: //input[@id='LogisticType']/..
1173983 [main] INFO utilities.listener.WebEventListener  - Before Finding element: By.xpath: //input[@id='LogisticType']/..
1173983 [main] INFO utilities.listener.WebEventListener  - Before Finding element: By.xpath: //input[@id='LogisticType']/..
1173983 [main] INFO utilities.listener.WebEventListener  - Before Finding element: By.xpath: //input[@id='LogisticType']/..
2022-01-31/12:27:23.498  INFO: listener.WebEventListener - Before Finding element: By.xpath: //input[@id='LogisticType']/..
1174528 [main] INFO utilities.listener.WebEventListener  - Before Finding element: By.xpath: //input[@id='LogisticType']/..
1174528 [main] INFO utilities.listener.WebEventListener  - Before Finding element: By.xpath: //input[@id='LogisticType']/..
1174528 [main] INFO utilities.listener.WebEventListener  - Before Finding element: By.xpath: //input[@id='LogisticType']/..
2022-01-31/12:27:24.044  INFO: listener.WebEventListener - Before Finding element: By.xpath: //input[@id='LogisticType']/..
1175074 [main] INFO utilities.listener.WebEventListener  - Before Finding element: By.xpath: //input[@id='LogisticType']/..
1175074 [main] INFO utilities.listener.WebEventListener  - Before Finding element: By.xpath: //input[@id='LogisticType']/..
1175074 [main] INFO utilities.listener.WebEventListener  - Before Finding element: By.xpath: //input[@id='LogisticType']/..
2022-01-31/12:27:24.616  INFO: listener.WebEventListener - Before Finding element: By.xpath: //input[@id='LogisticType']/..
1175646 [main] INFO utilities.listener.WebEventListener  - Before Finding element: By.xpath: //input[@id='LogisticType']/..
1175646 [main] INFO utilities.listener.WebEventListener  - Before Finding element: By.xpath: //input[@id='LogisticType']/..
1175646 [main] INFO utilities.listener.WebEventListener  - Before Finding element: By.xpath: //input[@id='LogisticType']/..
2022-01-31/12:27:25.162  INFO: listener.WebEventListener - Before Finding element: By.xpath: //input[@id='LogisticType']/..
1176192 [main] INFO utilities.listener.WebEventListener  - Before Finding element: By.xpath: //input[@id='LogisticType']/..
1176192 [main] INFO utilities.listener.WebEventListener  - Before Finding element: By.xpath: //input[@id='LogisticType']/..
1176192 [main] INFO utilities.listener.WebEventListener  - Before Finding element: By.xpath: //input[@id='LogisticType']/..
2022-01-31/12:27:25.706  INFO: listener.WebEventListener - Before Finding element: By.xpath: //input[@id='LogisticType']/..
1176736 [main] INFO utilities.listener.WebEventListener  - Before Finding element: By.xpath: //input[@id='LogisticType']/..
1176736 [main] INFO utilities.listener.WebEventListener  - Before Finding element: By.xpath: //input[@id='LogisticType']/..
1176736 [main] INFO utilities.listener.WebEventListener  - Before Finding element: By.xpath: //input[@id='LogisticType']/..
2022-01-31/12:27:26.249  INFO: listener.WebEventListener - Before Finding element: By.xpath: //input[@id='LogisticType']/..
1177279 [main] INFO utilities.listener.WebEventListener  - Before Finding element: By.xpath: //input[@id='LogisticType']/..
1177279 [main] INFO utilities.listener.WebEventListener  - Before Finding element: By.xpath: //input[@id='LogisticType']/..
1177279 [main] INFO utilities.listener.WebEventListener  - Before Finding element: By.xpath: //input[@id='LogisticType']/..
2022-01-31/12:27:26.792  INFO: listener.WebEventListener - Before Finding element: By.xpath: //input[@id='LogisticType']/..
1177822 [main] INFO utilities.listener.WebEventListener  - Before Finding element: By.xpath: //input[@id='LogisticType']/..
1177822 [main] INFO utilities.listener.WebEventListener  - Before Finding element: By.xpath: //input[@id='LogisticType']/..
1177822 [main] INFO utilities.listener.WebEventListener  - Before Finding element: By.xpath: //input[@id='LogisticType']/..
2022-01-31/12:27:27.355  INFO: listener.WebEventListener - Before Finding element: By.xpath: //input[@id='LogisticType']/..
1178385 [main] INFO utilities.listener.WebEventListener  - Before Finding element: By.xpath: //input[@id='LogisticType']/..
1178385 [main] INFO utilities.listener.WebEventListener  - Before Finding element: By.xpath: //input[@id='LogisticType']/..
1178385 [main] INFO utilities.listener.WebEventListener  - Before Finding element: By.xpath: //input[@id='LogisticType']/..
2022-01-31/12:27:27.899  INFO: listener.WebEventListener - Before Finding element: By.xpath: //input[@id='LogisticType']/..
1178929 [main] INFO utilities.listener.WebEventListener  - Before Finding element: By.xpath: //input[@id='LogisticType']/..
1178929 [main] INFO utilities.listener.WebEventListener  - Before Finding element: By.xpath: //input[@id='LogisticType']/..
1178929 [main] INFO utilities.listener.WebEventListener  - Before Finding element: By.xpath: //input[@id='LogisticType']/..
2022-01-31/12:27:28.459  INFO: listener.WebEventListener - Before Finding element: By.xpath: //input[@id='LogisticType']/..
1179489 [main] INFO utilities.listener.WebEventListener  - Before Finding element: By.xpath: //input[@id='LogisticType']/..
1179489 [main] INFO utilities.listener.WebEventListener  - Before Finding element: By.xpath: //input[@id='LogisticType']/..
1179489 [main] INFO utilities.listener.WebEventListener  - Before Finding element: By.xpath: //input[@id='LogisticType']/..
2022-01-31/12:27:29.037  INFO: listener.WebEventListener - Before Finding element: By.xpath: //input[@id='LogisticType']/..
1180067 [main] INFO utilities.listener.WebEventListener  - Before Finding element: By.xpath: //input[@id='LogisticType']/..
1180067 [main] INFO utilities.listener.WebEventListener  - Before Finding element: By.xpath: //input[@id='LogisticType']/..
1180067 [main] INFO utilities.listener.WebEventListener  - Before Finding element: By.xpath: //input[@id='LogisticType']/..
2022-01-31/12:27:29.583  INFO: listener.WebEventListener - Before Finding element: By.xpath: //input[@id='LogisticType']/..
1180613 [main] INFO utilities.listener.WebEventListener  - Before Finding element: By.xpath: //input[@id='LogisticType']/..
1180613 [main] INFO utilities.listener.WebEventListener  - Before Finding element: By.xpath: //input[@id='LogisticType']/..
1180613 [main] INFO utilities.listener.WebEventListener  - Before Finding element: By.xpath: //input[@id='LogisticType']/..
2022-01-31/12:27:30.130  INFO: listener.WebEventListener - Before Finding element: By.xpath: //input[@id='LogisticType']/..
1181160 [main] INFO utilities.listener.WebEventListener  - Before Finding element: By.xpath: //input[@id='LogisticType']/..
1181160 [main] INFO utilities.listener.WebEventListener  - Before Finding element: By.xpath: //input[@id='LogisticType']/..
1181160 [main] INFO utilities.listener.WebEventListener  - Before Finding element: By.xpath: //input[@id='LogisticType']/..
2022-01-31/12:27:30.675  INFO: listener.WebEventListener - Before Finding element: By.xpath: //input[@id='LogisticType']/..
1181705 [main] INFO utilities.listener.WebEventListener  - Before Finding element: By.xpath: //input[@id='LogisticType']/..
1181705 [main] INFO utilities.listener.WebEventListener  - Before Finding element: By.xpath: //input[@id='LogisticType']/..
1181705 [main] INFO utilities.listener.WebEventListener  - Before Finding element: By.xpath: //input[@id='LogisticType']/..
2022-01-31/12:27:31.221  INFO: listener.WebEventListener - Before Finding element: By.xpath: //input[@id='LogisticType']/..
1182251 [main] INFO utilities.listener.WebEventListener  - Before Finding element: By.xpath: //input[@id='LogisticType']/..
1182251 [main] INFO utilities.listener.WebEventListener  - Before Finding element: By.xpath: //input[@id='LogisticType']/..
1182251 [main] INFO utilities.listener.WebEventListener  - Before Finding element: By.xpath: //input[@id='LogisticType']/..
2022-01-31/12:27:31.767  INFO: listener.WebEventListener - Before Finding element: By.xpath: //input[@id='LogisticType']/..
1182797 [main] INFO utilities.listener.WebEventListener  - Before Finding element: By.xpath: //input[@id='LogisticType']/..
1182797 [main] INFO utilities.listener.WebEventListener  - Before Finding element: By.xpath: //input[@id='LogisticType']/..
1182797 [main] INFO utilities.listener.WebEventListener  - Before Finding element: By.xpath: //input[@id='LogisticType']/..
2022-01-31/12:27:32.342  INFO: listener.WebEventListener - Before Finding element: By.xpath: //input[@id='LogisticType']/..
1183372 [main] INFO utilities.listener.WebEventListener  - Before Finding element: By.xpath: //input[@id='LogisticType']/..
1183372 [main] INFO utilities.listener.WebEventListener  - Before Finding element: By.xpath: //input[@id='LogisticType']/..
1183372 [main] INFO utilities.listener.WebEventListener  - Before Finding element: By.xpath: //input[@id='LogisticType']/..
2022-01-31/12:27:32.901  INFO: listener.WebEventListener - Before Finding element: By.xpath: //input[@id='LogisticType']/..
1183931 [main] INFO utilities.listener.WebEventListener  - Before Finding element: By.xpath: //input[@id='LogisticType']/..
1183931 [main] INFO utilities.listener.WebEventListener  - Before Finding element: By.xpath: //input[@id='LogisticType']/..
1183931 [main] INFO utilities.listener.WebEventListener  - Before Finding element: By.xpath: //input[@id='LogisticType']/..
2022-01-31/12:27:33.442  INFO: listener.WebEventListener - Before Finding element: By.xpath: //input[@id='LogisticType']/..
1184472 [main] INFO utilities.listener.WebEventListener  - Before Finding element: By.xpath: //input[@id='LogisticType']/..
1184472 [main] INFO utilities.listener.WebEventListener  - Before Finding element: By.xpath: //input[@id='LogisticType']/..
1184472 [main] INFO utilities.listener.WebEventListener  - Before Finding element: By.xpath: //input[@id='LogisticType']/..
2022-01-31/12:27:33.987  INFO: listener.WebEventListener - Before Finding element: By.xpath: //input[@id='LogisticType']/..
1185017 [main] INFO utilities.listener.WebEventListener  - Before Finding element: By.xpath: //input[@id='LogisticType']/..
1185017 [main] INFO utilities.listener.WebEventListener  - Before Finding element: By.xpath: //input[@id='LogisticType']/..
1185017 [main] INFO utilities.listener.WebEventListener  - Before Finding element: By.xpath: //input[@id='LogisticType']/..
2022-01-31/12:27:34.533  INFO: listener.WebEventListener - Before Finding element: By.xpath: //input[@id='LogisticType']/..
1185563 [main] INFO utilities.listener.WebEventListener  - Before Finding element: By.xpath: //input[@id='LogisticType']/..
1185563 [main] INFO utilities.listener.WebEventListener  - Before Finding element: By.xpath: //input[@id='LogisticType']/..
1185563 [main] INFO utilities.listener.WebEventListener  - Before Finding element: By.xpath: //input[@id='LogisticType']/..
2022-01-31/12:27:35.075  INFO: listener.WebEventListener - Before Finding element: By.xpath: //input[@id='LogisticType']/..
1186105 [main] INFO utilities.listener.WebEventListener  - Before Finding element: By.xpath: //input[@id='LogisticType']/..
1186105 [main] INFO utilities.listener.WebEventListener  - Before Finding element: By.xpath: //input[@id='LogisticType']/..
1186105 [main] INFO utilities.listener.WebEventListener  - Before Finding element: By.xpath: //input[@id='LogisticType']/..
2022-01-31/12:27:35.618  INFO: listener.WebEventListener - Before Finding element: By.xpath: //input[@id='LogisticType']/..
1186648 [main] INFO utilities.listener.WebEventListener  - Before Finding element: By.xpath: //input[@id='LogisticType']/..
1186648 [main] INFO utilities.listener.WebEventListener  - Before Finding element: By.xpath: //input[@id='LogisticType']/..
1186648 [main] INFO utilities.listener.WebEventListener  - Before Finding element: By.xpath: //input[@id='LogisticType']/..
2022-01-31/12:27:35.660  INFO: listener.WebEventListener - Before Finding element: By.xpath: //input[@id='LogisticType']/..
1186690 [main] INFO utilities.listener.WebEventListener  - Before Finding element: By.xpath: //input[@id='LogisticType']/..
1186690 [main] INFO utilities.listener.WebEventListener  - Before Finding element: By.xpath: //input[@id='LogisticType']/..
1186690 [main] INFO utilities.listener.WebEventListener  - Before Finding element: By.xpath: //input[@id='LogisticType']/..
]]></system-out>
  </testcase>
</testsuite>