<?xml version="1.0" encoding="UTF-8"?>
<testsuite xmlns:xsi="http://www.w3.org/2001/XMLSchema-instance" xsi:noNamespaceSchemaLocation="https://maven.apache.org/surefire/maven-surefire-plugin/xsd/surefire-test-report-3.0.xsd" version="3.0" name="TestSuite" time="244.602" tests="4" errors="0" skipped="0" failures="2">
  <properties>
    <property name="sun.desktop" value="windows"/>
    <property name="awt.toolkit" value="sun.awt.windows.WToolkit"/>
    <property name="java.specification.version" value="11"/>
    <property name="webdriver.chrome.driver" value="C:\Users\nasreenk\.m2\repository\webdriver\chromedriver\win32\84.0.4147.30\chromedriver.exe"/>
    <property name="sun.cpu.isalist" value="amd64"/>
    <property name="sun.jnu.encoding" value="Cp1252"/>
    <property name="java.class.path" value="E:\InelliJ\SeleniumTestJavaArtifact2july\SeleniumTestJavaArtifact\target\test-classes;E:\InelliJ\SeleniumTestJavaArtifact2july\SeleniumTestJavaArtifact\target\classes;C:\Users\nasreenk\.m2\repository\io\github\bonigarcia\webdrivermanager\4.0.0\webdrivermanager-4.0.0.jar;C:\Users\nasreenk\.m2\repository\commons-io\commons-io\2.6\commons-io-2.6.jar;C:\Users\nasreenk\.m2\repository\com\google\code\gson\gson\2.8.6\gson-2.8.6.jar;C:\Users\nasreenk\.m2\repository\org\apache\commons\commons-lang3\3.10\commons-lang3-3.10.jar;C:\Users\nasreenk\.m2\repository\org\apache\httpcomponents\client5\httpclient5\5.0\httpclient5-5.0.jar;C:\Users\nasreenk\.m2\repository\org\apache\httpcomponents\core5\httpcore5\5.0\httpcore5-5.0.jar;C:\Users\nasreenk\.m2\repository\org\apache\httpcomponents\core5\httpcore5-h2\5.0\httpcore5-h2-5.0.jar;C:\Users\nasreenk\.m2\repository\commons-codec\commons-codec\1.13\commons-codec-1.13.jar;C:\Users\nasreenk\.m2\repository\org\rauschig\jarchivelib\1.0.0\jarchivelib-1.0.0.jar;C:\Users\nasreenk\.m2\repository\org\apache\commons\commons-compress\1.18\commons-compress-1.18.jar;C:\Users\nasreenk\.m2\repository\org\seleniumhq\selenium\selenium-java\3.141.59\selenium-java-3.141.59.jar;C:\Users\nasreenk\.m2\repository\org\seleniumhq\selenium\selenium-api\3.141.59\selenium-api-3.141.59.jar;C:\Users\nasreenk\.m2\repository\org\seleniumhq\selenium\selenium-chrome-driver\3.141.59\selenium-chrome-driver-3.141.59.jar;C:\Users\nasreenk\.m2\repository\org\seleniumhq\selenium\selenium-edge-driver\3.141.59\selenium-edge-driver-3.141.59.jar;C:\Users\nasreenk\.m2\repository\org\seleniumhq\selenium\selenium-firefox-driver\3.141.59\selenium-firefox-driver-3.141.59.jar;C:\Users\nasreenk\.m2\repository\org\seleniumhq\selenium\selenium-ie-driver\3.141.59\selenium-ie-driver-3.141.59.jar;C:\Users\nasreenk\.m2\repository\org\seleniumhq\selenium\selenium-opera-driver\3.141.59\selenium-opera-driver-3.141.59.jar;C:\Users\nasreenk\.m2\repository\org\seleniumhq\selenium\selenium-remote-driver\3.141.59\selenium-remote-driver-3.141.59.jar;C:\Users\nasreenk\.m2\repository\org\seleniumhq\selenium\selenium-safari-driver\3.141.59\selenium-safari-driver-3.141.59.jar;C:\Users\nasreenk\.m2\repository\org\seleniumhq\selenium\selenium-support\3.141.59\selenium-support-3.141.59.jar;C:\Users\nasreenk\.m2\repository\net\bytebuddy\byte-buddy\1.8.15\byte-buddy-1.8.15.jar;C:\Users\nasreenk\.m2\repository\org\apache\commons\commons-exec\1.3\commons-exec-1.3.jar;C:\Users\nasreenk\.m2\repository\com\google\guava\guava\25.0-jre\guava-25.0-jre.jar;C:\Users\nasreenk\.m2\repository\org\checkerframework\checker-compat-qual\2.0.0\checker-compat-qual-2.0.0.jar;C:\Users\nasreenk\.m2\repository\com\google\errorprone\error_prone_annotations\2.1.3\error_prone_annotations-2.1.3.jar;C:\Users\nasreenk\.m2\repository\com\google\j2objc\j2objc-annotations\1.1\j2objc-annotations-1.1.jar;C:\Users\nasreenk\.m2\repository\org\codehaus\mojo\animal-sniffer-annotations\1.14\animal-sniffer-annotations-1.14.jar;C:\Users\nasreenk\.m2\repository\com\squareup\okhttp3\okhttp\3.11.0\okhttp-3.11.0.jar;C:\Users\nasreenk\.m2\repository\com\squareup\okio\okio\1.14.0\okio-1.14.0.jar;C:\Users\nasreenk\.m2\repository\org\testng\testng\7.1.0\testng-7.1.0.jar;C:\Users\nasreenk\.m2\repository\com\beust\jcommander\1.72\jcommander-1.72.jar;C:\Users\nasreenk\.m2\repository\com\google\inject\guice\4.1.0\guice-4.1.0-no_aop.jar;C:\Users\nasreenk\.m2\repository\javax\inject\javax.inject\1\javax.inject-1.jar;C:\Users\nasreenk\.m2\repository\aopalliance\aopalliance\1.0\aopalliance-1.0.jar;C:\Users\nasreenk\.m2\repository\org\yaml\snakeyaml\1.21\snakeyaml-1.21.jar;C:\Users\nasreenk\.m2\repository\com\codoid\products\fillo\1.21\fillo-1.21.jar;C:\Users\nasreenk\.m2\repository\org\testng\reportng\1.2.2\reportng-1.2.2.jar;C:\Users\nasreenk\.m2\repository\org\freemarker\freemarker\2.3.28\freemarker-2.3.28.jar;C:\Users\nasreenk\.m2\repository\com\google\inject\guice\4.2.0\guice-4.2.0.jar;C:\Users\nasreenk\.m2\repository\io\qameta\allure\allure-testng\2.13.2\allure-testng-2.13.2.jar;C:\Users\nasreenk\.m2\repository\io\qameta\allure\allure-java-commons\2.13.2\allure-java-commons-2.13.2.jar;C:\Users\nasreenk\.m2\repository\io\qameta\allure\allure-model\2.13.2\allure-model-2.13.2.jar;C:\Users\nasreenk\.m2\repository\com\fasterxml\jackson\core\jackson-databind\2.9.8\jackson-databind-2.9.8.jar;C:\Users\nasreenk\.m2\repository\com\fasterxml\jackson\core\jackson-annotations\2.9.0\jackson-annotations-2.9.0.jar;C:\Users\nasreenk\.m2\repository\com\fasterxml\jackson\core\jackson-core\2.9.8\jackson-core-2.9.8.jar;C:\Users\nasreenk\.m2\repository\org\apache\tika\tika-core\1.20\tika-core-1.20.jar;C:\Users\nasreenk\.m2\repository\org\jooq\joor-java-8\0.9.10\joor-java-8-0.9.10.jar;C:\Users\nasreenk\.m2\repository\com\aventstack\extentreports\4.1.3\extentreports-4.1.3.jar;C:\Users\nasreenk\.m2\repository\org\apache\httpcomponents\httpclient\4.5.2\httpclient-4.5.2.jar;C:\Users\nasreenk\.m2\repository\org\apache\httpcomponents\httpcore\4.4.4\httpcore-4.4.4.jar;C:\Users\nasreenk\.m2\repository\commons-logging\commons-logging\1.2\commons-logging-1.2.jar;C:\Users\nasreenk\.m2\repository\org\apache\httpcomponents\httpmime\4.5.2\httpmime-4.5.2.jar;C:\Users\nasreenk\.m2\repository\org\mongodb\mongodb-driver\3.12.0\mongodb-driver-3.12.0.jar;C:\Users\nasreenk\.m2\repository\org\mongodb\mongodb-driver-core\3.12.0\mongodb-driver-core-3.12.0.jar;C:\Users\nasreenk\.m2\repository\org\mongodb\bson\3.12.0\bson-3.12.0.jar;C:\Users\nasreenk\.m2\repository\com\sun\mail\javax.mail\1.6.2\javax.mail-1.6.2.jar;C:\Users\nasreenk\.m2\repository\javax\activation\activation\1.1\activation-1.1.jar;C:\Users\nasreenk\.m2\repository\org\jsoup\jsoup\1.12.1\jsoup-1.12.1.jar;C:\Users\nasreenk\.m2\repository\com\google\code\findbugs\jsr305\3.0.2\jsr305-3.0.2.jar;C:\Users\nasreenk\.m2\repository\org\slf4j\slf4j-api\1.7.30\slf4j-api-1.7.30.jar;C:\Users\nasreenk\.m2\repository\org\slf4j\slf4j-log4j12\1.7.30\slf4j-log4j12-1.7.30.jar;C:\Users\nasreenk\.m2\repository\log4j\log4j\1.2.17\log4j-1.2.17.jar;C:\Users\nasreenk\.m2\repository\org\apache\logging\log4j\log4j-core\2.13.2\log4j-core-2.13.2.jar;C:\Users\nasreenk\.m2\repository\org\apache\logging\log4j\log4j-api\2.13.2\log4j-api-2.13.2.jar;C:\Users\nasreenk\.m2\repository\net\sourceforge\csvjdbc\csvjdbc\1.0.36\csvjdbc-1.0.36.jar;"/>
    <property name="java.vm.vendor" value="Oracle Corporation"/>
    <property name="sun.arch.data.model" value="64"/>
    <property name="user.variant" value=""/>
    <property name="java.vendor.url" value="https://openjdk.java.net/"/>
    <property name="user.timezone" value="Asia/Calcutta"/>
    <property name="java.vm.specification.version" value="11"/>
    <property name="os.name" value="Windows 10"/>
    <property name="sun.java.launcher" value="SUN_STANDARD"/>
    <property name="user.country" value="IN"/>
    <property name="sun.boot.library.path" value="C:\Program Files\Java\jdk-11.0.7\bin"/>
    <property name="sun.java.command" value="C:\Users\nasreenk\AppData\Local\Temp\surefire9360364607380169280\surefirebooter620587978322235197.jar C:\Users\nasreenk\AppData\Local\Temp\surefire9360364607380169280 2020-08-31T16-10-30_374-jvmRun1 surefire17010735931653631241tmp surefire_05664928917445137239tmp"/>
    <property name="jdk.debug" value="release"/>
    <property name="surefire.test.class.path" value="E:\InelliJ\SeleniumTestJavaArtifact2july\SeleniumTestJavaArtifact\target\test-classes;E:\InelliJ\SeleniumTestJavaArtifact2july\SeleniumTestJavaArtifact\target\classes;C:\Users\nasreenk\.m2\repository\io\github\bonigarcia\webdrivermanager\4.0.0\webdrivermanager-4.0.0.jar;C:\Users\nasreenk\.m2\repository\commons-io\commons-io\2.6\commons-io-2.6.jar;C:\Users\nasreenk\.m2\repository\com\google\code\gson\gson\2.8.6\gson-2.8.6.jar;C:\Users\nasreenk\.m2\repository\org\apache\commons\commons-lang3\3.10\commons-lang3-3.10.jar;C:\Users\nasreenk\.m2\repository\org\apache\httpcomponents\client5\httpclient5\5.0\httpclient5-5.0.jar;C:\Users\nasreenk\.m2\repository\org\apache\httpcomponents\core5\httpcore5\5.0\httpcore5-5.0.jar;C:\Users\nasreenk\.m2\repository\org\apache\httpcomponents\core5\httpcore5-h2\5.0\httpcore5-h2-5.0.jar;C:\Users\nasreenk\.m2\repository\commons-codec\commons-codec\1.13\commons-codec-1.13.jar;C:\Users\nasreenk\.m2\repository\org\rauschig\jarchivelib\1.0.0\jarchivelib-1.0.0.jar;C:\Users\nasreenk\.m2\repository\org\apache\commons\commons-compress\1.18\commons-compress-1.18.jar;C:\Users\nasreenk\.m2\repository\org\seleniumhq\selenium\selenium-java\3.141.59\selenium-java-3.141.59.jar;C:\Users\nasreenk\.m2\repository\org\seleniumhq\selenium\selenium-api\3.141.59\selenium-api-3.141.59.jar;C:\Users\nasreenk\.m2\repository\org\seleniumhq\selenium\selenium-chrome-driver\3.141.59\selenium-chrome-driver-3.141.59.jar;C:\Users\nasreenk\.m2\repository\org\seleniumhq\selenium\selenium-edge-driver\3.141.59\selenium-edge-driver-3.141.59.jar;C:\Users\nasreenk\.m2\repository\org\seleniumhq\selenium\selenium-firefox-driver\3.141.59\selenium-firefox-driver-3.141.59.jar;C:\Users\nasreenk\.m2\repository\org\seleniumhq\selenium\selenium-ie-driver\3.141.59\selenium-ie-driver-3.141.59.jar;C:\Users\nasreenk\.m2\repository\org\seleniumhq\selenium\selenium-opera-driver\3.141.59\selenium-opera-driver-3.141.59.jar;C:\Users\nasreenk\.m2\repository\org\seleniumhq\selenium\selenium-remote-driver\3.141.59\selenium-remote-driver-3.141.59.jar;C:\Users\nasreenk\.m2\repository\org\seleniumhq\selenium\selenium-safari-driver\3.141.59\selenium-safari-driver-3.141.59.jar;C:\Users\nasreenk\.m2\repository\org\seleniumhq\selenium\selenium-support\3.141.59\selenium-support-3.141.59.jar;C:\Users\nasreenk\.m2\repository\net\bytebuddy\byte-buddy\1.8.15\byte-buddy-1.8.15.jar;C:\Users\nasreenk\.m2\repository\org\apache\commons\commons-exec\1.3\commons-exec-1.3.jar;C:\Users\nasreenk\.m2\repository\com\google\guava\guava\25.0-jre\guava-25.0-jre.jar;C:\Users\nasreenk\.m2\repository\org\checkerframework\checker-compat-qual\2.0.0\checker-compat-qual-2.0.0.jar;C:\Users\nasreenk\.m2\repository\com\google\errorprone\error_prone_annotations\2.1.3\error_prone_annotations-2.1.3.jar;C:\Users\nasreenk\.m2\repository\com\google\j2objc\j2objc-annotations\1.1\j2objc-annotations-1.1.jar;C:\Users\nasreenk\.m2\repository\org\codehaus\mojo\animal-sniffer-annotations\1.14\animal-sniffer-annotations-1.14.jar;C:\Users\nasreenk\.m2\repository\com\squareup\okhttp3\okhttp\3.11.0\okhttp-3.11.0.jar;C:\Users\nasreenk\.m2\repository\com\squareup\okio\okio\1.14.0\okio-1.14.0.jar;C:\Users\nasreenk\.m2\repository\org\testng\testng\7.1.0\testng-7.1.0.jar;C:\Users\nasreenk\.m2\repository\com\beust\jcommander\1.72\jcommander-1.72.jar;C:\Users\nasreenk\.m2\repository\com\google\inject\guice\4.1.0\guice-4.1.0-no_aop.jar;C:\Users\nasreenk\.m2\repository\javax\inject\javax.inject\1\javax.inject-1.jar;C:\Users\nasreenk\.m2\repository\aopalliance\aopalliance\1.0\aopalliance-1.0.jar;C:\Users\nasreenk\.m2\repository\org\yaml\snakeyaml\1.21\snakeyaml-1.21.jar;C:\Users\nasreenk\.m2\repository\com\codoid\products\fillo\1.21\fillo-1.21.jar;C:\Users\nasreenk\.m2\repository\org\testng\reportng\1.2.2\reportng-1.2.2.jar;C:\Users\nasreenk\.m2\repository\org\freemarker\freemarker\2.3.28\freemarker-2.3.28.jar;C:\Users\nasreenk\.m2\repository\com\google\inject\guice\4.2.0\guice-4.2.0.jar;C:\Users\nasreenk\.m2\repository\io\qameta\allure\allure-testng\2.13.2\allure-testng-2.13.2.jar;C:\Users\nasreenk\.m2\repository\io\qameta\allure\allure-java-commons\2.13.2\allure-java-commons-2.13.2.jar;C:\Users\nasreenk\.m2\repository\io\qameta\allure\allure-model\2.13.2\allure-model-2.13.2.jar;C:\Users\nasreenk\.m2\repository\com\fasterxml\jackson\core\jackson-databind\2.9.8\jackson-databind-2.9.8.jar;C:\Users\nasreenk\.m2\repository\com\fasterxml\jackson\core\jackson-annotations\2.9.0\jackson-annotations-2.9.0.jar;C:\Users\nasreenk\.m2\repository\com\fasterxml\jackson\core\jackson-core\2.9.8\jackson-core-2.9.8.jar;C:\Users\nasreenk\.m2\repository\org\apache\tika\tika-core\1.20\tika-core-1.20.jar;C:\Users\nasreenk\.m2\repository\org\jooq\joor-java-8\0.9.10\joor-java-8-0.9.10.jar;C:\Users\nasreenk\.m2\repository\com\aventstack\extentreports\4.1.3\extentreports-4.1.3.jar;C:\Users\nasreenk\.m2\repository\org\apache\httpcomponents\httpclient\4.5.2\httpclient-4.5.2.jar;C:\Users\nasreenk\.m2\repository\org\apache\httpcomponents\httpcore\4.4.4\httpcore-4.4.4.jar;C:\Users\nasreenk\.m2\repository\commons-logging\commons-logging\1.2\commons-logging-1.2.jar;C:\Users\nasreenk\.m2\repository\org\apache\httpcomponents\httpmime\4.5.2\httpmime-4.5.2.jar;C:\Users\nasreenk\.m2\repository\org\mongodb\mongodb-driver\3.12.0\mongodb-driver-3.12.0.jar;C:\Users\nasreenk\.m2\repository\org\mongodb\mongodb-driver-core\3.12.0\mongodb-driver-core-3.12.0.jar;C:\Users\nasreenk\.m2\repository\org\mongodb\bson\3.12.0\bson-3.12.0.jar;C:\Users\nasreenk\.m2\repository\com\sun\mail\javax.mail\1.6.2\javax.mail-1.6.2.jar;C:\Users\nasreenk\.m2\repository\javax\activation\activation\1.1\activation-1.1.jar;C:\Users\nasreenk\.m2\repository\org\jsoup\jsoup\1.12.1\jsoup-1.12.1.jar;C:\Users\nasreenk\.m2\repository\com\google\code\findbugs\jsr305\3.0.2\jsr305-3.0.2.jar;C:\Users\nasreenk\.m2\repository\org\slf4j\slf4j-api\1.7.30\slf4j-api-1.7.30.jar;C:\Users\nasreenk\.m2\repository\org\slf4j\slf4j-log4j12\1.7.30\slf4j-log4j12-1.7.30.jar;C:\Users\nasreenk\.m2\repository\log4j\log4j\1.2.17\log4j-1.2.17.jar;C:\Users\nasreenk\.m2\repository\org\apache\logging\log4j\log4j-core\2.13.2\log4j-core-2.13.2.jar;C:\Users\nasreenk\.m2\repository\org\apache\logging\log4j\log4j-api\2.13.2\log4j-api-2.13.2.jar;C:\Users\nasreenk\.m2\repository\net\sourceforge\csvjdbc\csvjdbc\1.0.36\csvjdbc-1.0.36.jar;"/>
    <property name="sun.cpu.endian" value="little"/>
    <property name="user.home" value="C:\Users\nasreenk"/>
    <property name="user.language" value="en"/>
    <property name="java.specification.vendor" value="Oracle Corporation"/>
    <property name="java.version.date" value="2020-04-14"/>
    <property name="java.home" value="C:\Program Files\Java\jdk-11.0.7"/>
    <property name="file.separator" value="\"/>
    <property name="basedir" value="E:\InelliJ\SeleniumTestJavaArtifact2july\SeleniumTestJavaArtifact"/>
    <property name="java.vm.compressedOopsMode" value="32-bit"/>
    <property name="line.separator" value="&#10;"/>
    <property name="filename" value="utilities.listener.WebEventListener"/>
    <property name="java.specification.name" value="Java Platform API Specification"/>
    <property name="java.vm.specification.vendor" value="Oracle Corporation"/>
    <property name="java.awt.graphicsenv" value="sun.awt.Win32GraphicsEnvironment"/>
    <property name="idea.version2020.1.1" value="true"/>
    <property name="surefire.real.class.path" value="C:\Users\nasreenk\AppData\Local\Temp\surefire9360364607380169280\surefirebooter620587978322235197.jar"/>
    <property name="user.script" value=""/>
    <property name="sun.management.compiler" value="HotSpot 64-Bit Tiered Compilers"/>
    <property name="java.runtime.version" value="11.0.7+8-LTS"/>
    <property name="user.name" value="Nasreenk"/>
    <property name="path.separator" value=";"/>
    <property name="os.version" value="10.0"/>
    <property name="java.runtime.name" value="Java(TM) SE Runtime Environment"/>
    <property name="file.encoding" value="Cp1252"/>
    <property name="java.vm.name" value="Java HotSpot(TM) 64-Bit Server VM"/>
    <property name="java.vendor.version" value="18.9"/>
    <property name="localRepository" value="C:\Users\nasreenk\.m2\repository"/>
    <property name="java.vendor.url.bug" value="https://bugreport.java.com/bugreport/"/>
    <property name="java.io.tmpdir" value="C:\Users\nasreenk\AppData\Local\Temp\"/>
    <property name="java.version" value="11.0.7"/>
    <property name="user.dir" value="E:\InelliJ\SeleniumTestJavaArtifact2july\SeleniumTestJavaArtifact"/>
    <property name="os.arch" value="amd64"/>
    <property name="java.vm.specification.name" value="Java Virtual Machine Specification"/>
    <property name="java.awt.printerjob" value="sun.awt.windows.WPrinterJob"/>
    <property name="sun.os.patch.level" value=""/>
    <property name="java.library.path" value="C:\Program Files\Java\jdk-11.0.7\bin;C:\WINDOWS\Sun\Java\bin;C:\WINDOWS\system32;C:\WINDOWS;C:\ProgramData\Oracle\Java\javapath;C:\WINDOWS\system32;C:\WINDOWS;C:\Users\AditiB\AppData\Roaming\npm;%AppData%\npm;C:\Program Files\nodejs\;C:\WINDOWS\System32\Wbem;C:\WINDOWS\System32\WindowsPowerShell\v1.0\;C:\Program Files (x86)\Bitvise SSH Client;C:\WINDOWS\System32\OpenSSH\;C:\Program Files\Geth;C:\Program Files\Git\cmd;C:\Python27;C:\Go\bin;C:\Program Files\PuTTY\;C:\Program Files\Java\nssm-2.24\nssm-2.24\win64;C:\Program Files (x86)\Java\jdk1.8.0_25\bin;C:\Program Files (x86)\Java\jre1.8.0_25\bin;C:\android-sdk\platform-tools;C:\android-sdk\tools;E:\jmeter\apache-jmeter-5.2.1\bin;C:\Users\nasreenk\scoop\shims;C:\Program Files\Java\jdk-13.0.2\bin;;."/>
    <property name="java.vendor" value="Oracle Corporation"/>
    <property name="java.vm.info" value="mixed mode"/>
    <property name="java.vm.version" value="11.0.7+8-LTS"/>
    <property name="sun.io.unicode.encoding" value="UnicodeLittle"/>
    <property name="java.class.version" value="55.0"/>
  </properties>
  <testcase name="signIn" classname="pages.LoginPageTest" time="4.12"/>
  <testcase name="clickOnConsignment" classname="pages.TestPageConsinment" time="25.084"/>
  <testcase name="doStarted" classname="pages.TestPageConsinment" time="71.158">
    <failure message="element click intercepted: Element &lt;div class=&quot;v-list__tile__title&quot;&gt;...&lt;/div&gt; is not clickable at point (649, 454). Other element would receive the click: &lt;div class=&quot;toast toast-error animated zoomInUp&quot; style=&quot;display: block;&quot;&gt;...&lt;/div&gt;&#10;  (Session info: headless chrome=84.0.4147.135)&#10;Build info: version: &apos;3.141.59&apos;, revision: &apos;e82be7d358&apos;, time: &apos;2018-11-14T08:17:03&apos;&#10;System info: host: &apos;WJLP-1098&apos;, ip: &apos;192.168.65.1&apos;, os.name: &apos;Windows 10&apos;, os.arch: &apos;amd64&apos;, os.version: &apos;10.0&apos;, java.version: &apos;11.0.7&apos;&#10;Driver info: org.openqa.selenium.chrome.ChromeDriver&#10;Capabilities {acceptInsecureCerts: false, browserName: chrome, browserVersion: 84.0.4147.135, chrome: {chromedriverVersion: 84.0.4147.30 (48b3e868b4cc0..., userDataDir: C:\Users\nasreenk\AppData\L...}, goog:chromeOptions: {debuggerAddress: localhost:63945}, javascriptEnabled: true, networkConnectionEnabled: false, pageLoadStrategy: none, platform: WINDOWS, platformName: WINDOWS, proxy: Proxy(), setWindowRect: true, strictFileInteractability: false, timeouts: {implicit: 0, pageLoad: 300000, script: 30000}, unhandledPromptBehavior: dismiss and notify, webauthn:virtualAuthenticators: true}&#10;Session ID: 0ee453a6fb1576597d9ecf4a60ca179c" type="org.openqa.selenium.ElementClickInterceptedException"><![CDATA[org.openqa.selenium.ElementClickInterceptedException: 
element click intercepted: Element <div class="v-list__tile__title">...</div> is not clickable at point (649, 454). Other element would receive the click: <div class="toast toast-error animated zoomInUp" style="display: block;">...</div>
  (Session info: headless chrome=84.0.4147.135)
Build info: version: '3.141.59', revision: 'e82be7d358', time: '2018-11-14T08:17:03'
System info: host: 'WJLP-1098', ip: '192.168.65.1', os.name: 'Windows 10', os.arch: 'amd64', os.version: '10.0', java.version: '11.0.7'
Driver info: org.openqa.selenium.chrome.ChromeDriver
Capabilities {acceptInsecureCerts: false, browserName: chrome, browserVersion: 84.0.4147.135, chrome: {chromedriverVersion: 84.0.4147.30 (48b3e868b4cc0..., userDataDir: C:\Users\nasreenk\AppData\L...}, goog:chromeOptions: {debuggerAddress: localhost:63945}, javascriptEnabled: true, networkConnectionEnabled: false, pageLoadStrategy: none, platform: WINDOWS, platformName: WINDOWS, proxy: Proxy(), setWindowRect: true, strictFileInteractability: false, timeouts: {implicit: 0, pageLoad: 300000, script: 30000}, unhandledPromptBehavior: dismiss and notify, webauthn:virtualAuthenticators: true}
Session ID: 0ee453a6fb1576597d9ecf4a60ca179c
	at pages.TestPageConsinment.doStarted(TestPageConsinment.java:125)
]]></failure>
    <system-out><![CDATA[I am in onTestStart method doStarted start
2020-08-31/16:12:14.589  INFO: listener.WebEventListener - Before Finding element: By.xpath: //div[@class='spinner-inner']/parent::*/parent::div[contains(@class,'active')]
92136 [main] INFO utilities.listener.WebEventListener  - Before Finding element: By.xpath: //div[@class='spinner-inner']/parent::*/parent::div[contains(@class,'active')]
2020-08-31/16:12:14.646  INFO: listener.WebEventListener - Before Finding element: By.xpath: //div[@class='spinner-inner']/parent::*/parent::div[contains(@class,'active')]
92193 [main] INFO utilities.listener.WebEventListener  - Before Finding element: By.xpath: //div[@class='spinner-inner']/parent::*/parent::div[contains(@class,'active')]
2020-08-31/16:12:14.918  INFO: listener.WebEventListener - Before Finding element: By.xpath: //div[@class='spinner-inner']/parent::*/parent::div[contains(@class,'active')]
92465 [main] INFO utilities.listener.WebEventListener  - Before Finding element: By.xpath: //div[@class='spinner-inner']/parent::*/parent::div[contains(@class,'active')]
2020-08-31/16:12:15.190  INFO: listener.WebEventListener - Before Finding element: By.xpath: //div[@class='spinner-inner']/parent::*/parent::div[contains(@class,'active')]
92737 [main] INFO utilities.listener.WebEventListener  - Before Finding element: By.xpath: //div[@class='spinner-inner']/parent::*/parent::div[contains(@class,'active')]
2020-08-31/16:12:15.475  INFO: listener.WebEventListener - Before Finding element: By.xpath: //div[@class='spinner-inner']/parent::*/parent::div[contains(@class,'active')]
93022 [main] INFO utilities.listener.WebEventListener  - Before Finding element: By.xpath: //div[@class='spinner-inner']/parent::*/parent::div[contains(@class,'active')]
2020-08-31/16:12:15.763  INFO: listener.WebEventListener - Before Finding element: By.xpath: //div[@class='spinner-inner']/parent::*/parent::div[contains(@class,'active')]
93310 [main] INFO utilities.listener.WebEventListener  - Before Finding element: By.xpath: //div[@class='spinner-inner']/parent::*/parent::div[contains(@class,'active')]
2020-08-31/16:12:16.035  INFO: listener.WebEventListener - Before Finding element: By.xpath: //div[@class='spinner-inner']/parent::*/parent::div[contains(@class,'active')]
93582 [main] INFO utilities.listener.WebEventListener  - Before Finding element: By.xpath: //div[@class='spinner-inner']/parent::*/parent::div[contains(@class,'active')]
2020-08-31/16:12:16.347  INFO: listener.WebEventListener - Before Finding element: By.xpath: //div[@class='spinner-inner']/parent::*/parent::div[contains(@class,'active')]
93894 [main] INFO utilities.listener.WebEventListener  - Before Finding element: By.xpath: //div[@class='spinner-inner']/parent::*/parent::div[contains(@class,'active')]
2020-08-31/16:12:16.622  INFO: listener.WebEventListener - Before Finding element: By.xpath: //div[@class='spinner-inner']/parent::*/parent::div[contains(@class,'active')]
94169 [main] INFO utilities.listener.WebEventListener  - Before Finding element: By.xpath: //div[@class='spinner-inner']/parent::*/parent::div[contains(@class,'active')]
2020-08-31/16:12:18.410  INFO: listener.WebEventListener - Before Finding element: By.xpath: //div[@class='spinner-inner']/parent::*/parent::div[contains(@class,'active')]
95957 [main] INFO utilities.listener.WebEventListener  - Before Finding element: By.xpath: //div[@class='spinner-inner']/parent::*/parent::div[contains(@class,'active')]
2020-08-31/16:12:19.399  INFO: listener.WebEventListener - Element Found and highlighted: [[ChromeDriver: chrome on WINDOWS (0ee453a6fb1576597d9ecf4a60ca179c)] -> xpath: //div[@class='spinner-inner']/parent::*/parent::div[contains(@class,'active')]]
96946 [main] INFO utilities.listener.WebEventListener  - Element Found and highlighted: [[ChromeDriver: chrome on WINDOWS (0ee453a6fb1576597d9ecf4a60ca179c)] -> xpath: //div[@class='spinner-inner']/parent::*/parent::div[contains(@class,'active')]]
xpath locatorType
//div[@class='spinner-inner']/parent::*/parent::div[contains(@class,'active')] locatorPath
2020-08-31/16:12:19.409  INFO: listener.WebEventListener - Before Finding element: By.xpath: //div[@class='spinner-inner']/parent::*/parent::div[contains(@class,'active')]
96956 [main] INFO utilities.listener.WebEventListener  - Before Finding element: By.xpath: //div[@class='spinner-inner']/parent::*/parent::div[contains(@class,'active')]
2020-08-31/16:12:19.518  INFO: listener.WebEventListener - Element Found and highlighted: [[ChromeDriver: chrome on WINDOWS (0ee453a6fb1576597d9ecf4a60ca179c)] -> xpath: //div[@class='spinner-inner']/parent::*/parent::div[contains(@class,'active')]]
97065 [main] INFO utilities.listener.WebEventListener  - Element Found and highlighted: [[ChromeDriver: chrome on WINDOWS (0ee453a6fb1576597d9ecf4a60ca179c)] -> xpath: //div[@class='spinner-inner']/parent::*/parent::div[contains(@class,'active')]]
2020-08-31/16:12:20.082  INFO: listener.WebEventListener - Before Finding element: By.xpath: //div[@class='spinner-inner']/parent::*/parent::div[contains(@class,'active')]
97629 [main] INFO utilities.listener.WebEventListener  - Before Finding element: By.xpath: //div[@class='spinner-inner']/parent::*/parent::div[contains(@class,'active')]
2020-08-31/16:12:20.102  INFO: listener.WebEventListener - Element Found and highlighted: [[ChromeDriver: chrome on WINDOWS (0ee453a6fb1576597d9ecf4a60ca179c)] -> xpath: //div[@class='spinner-inner']/parent::*/parent::div[contains(@class,'active')]]
97649 [main] INFO utilities.listener.WebEventListener  - Element Found and highlighted: [[ChromeDriver: chrome on WINDOWS (0ee453a6fb1576597d9ecf4a60ca179c)] -> xpath: //div[@class='spinner-inner']/parent::*/parent::div[contains(@class,'active')]]
2020-08-31/16:12:20.148  INFO: listener.WebEventListener - Before Finding element: By.xpath: //div[@class='spinner-inner']/parent::*/parent::div[contains(@class,'active')]
97695 [main] INFO utilities.listener.WebEventListener  - Before Finding element: By.xpath: //div[@class='spinner-inner']/parent::*/parent::div[contains(@class,'active')]
2020-08-31/16:12:20.165  INFO: listener.WebEventListener - Element Found and highlighted: [[ChromeDriver: chrome on WINDOWS (0ee453a6fb1576597d9ecf4a60ca179c)] -> xpath: //div[@class='spinner-inner']/parent::*/parent::div[contains(@class,'active')]]
97712 [main] INFO utilities.listener.WebEventListener  - Element Found and highlighted: [[ChromeDriver: chrome on WINDOWS (0ee453a6fb1576597d9ecf4a60ca179c)] -> xpath: //div[@class='spinner-inner']/parent::*/parent::div[contains(@class,'active')]]
xpath locatorType
//div[@class='spinner-inner']/parent::*/parent::div[contains(@class,'active')] locatorPath
2020-08-31/16:12:20.168  INFO: listener.WebEventListener - Before Finding element: By.xpath: //div[@class='spinner-inner']/parent::*/parent::div[contains(@class,'active')]
97715 [main] INFO utilities.listener.WebEventListener  - Before Finding element: By.xpath: //div[@class='spinner-inner']/parent::*/parent::div[contains(@class,'active')]
2020-08-31/16:12:20.186  INFO: listener.WebEventListener - Element Found and highlighted: [[ChromeDriver: chrome on WINDOWS (0ee453a6fb1576597d9ecf4a60ca179c)] -> xpath: //div[@class='spinner-inner']/parent::*/parent::div[contains(@class,'active')]]
97733 [main] INFO utilities.listener.WebEventListener  - Element Found and highlighted: [[ChromeDriver: chrome on WINDOWS (0ee453a6fb1576597d9ecf4a60ca179c)] -> xpath: //div[@class='spinner-inner']/parent::*/parent::div[contains(@class,'active')]]
2020-08-31/16:12:20.723  INFO: listener.WebEventListener - Before Finding element: By.xpath: //div[@class='spinner-inner']/parent::*/parent::div[contains(@class,'active')]
98270 [main] INFO utilities.listener.WebEventListener  - Before Finding element: By.xpath: //div[@class='spinner-inner']/parent::*/parent::div[contains(@class,'active')]
2020-08-31/16:12:20.811  INFO: listener.WebEventListener - Element Found and highlighted: [[ChromeDriver: chrome on WINDOWS (0ee453a6fb1576597d9ecf4a60ca179c)] -> xpath: //div[@class='spinner-inner']/parent::*/parent::div[contains(@class,'active')]]
98358 [main] INFO utilities.listener.WebEventListener  - Element Found and highlighted: [[ChromeDriver: chrome on WINDOWS (0ee453a6fb1576597d9ecf4a60ca179c)] -> xpath: //div[@class='spinner-inner']/parent::*/parent::div[contains(@class,'active')]]
2020-08-31/16:12:21.351  INFO: listener.WebEventListener - Before Finding element: By.xpath: //div[@class='spinner-inner']/parent::*/parent::div[contains(@class,'active')]
98898 [main] INFO utilities.listener.WebEventListener  - Before Finding element: By.xpath: //div[@class='spinner-inner']/parent::*/parent::div[contains(@class,'active')]
2020-08-31/16:12:21.391  INFO: listener.WebEventListener - Element Found and highlighted: [[ChromeDriver: chrome on WINDOWS (0ee453a6fb1576597d9ecf4a60ca179c)] -> xpath: //div[@class='spinner-inner']/parent::*/parent::div[contains(@class,'active')]]
98938 [main] INFO utilities.listener.WebEventListener  - Element Found and highlighted: [[ChromeDriver: chrome on WINDOWS (0ee453a6fb1576597d9ecf4a60ca179c)] -> xpath: //div[@class='spinner-inner']/parent::*/parent::div[contains(@class,'active')]]
2020-08-31/16:12:21.936  INFO: listener.WebEventListener - Before Finding element: By.xpath: //div[@class='spinner-inner']/parent::*/parent::div[contains(@class,'active')]
99483 [main] INFO utilities.listener.WebEventListener  - Before Finding element: By.xpath: //div[@class='spinner-inner']/parent::*/parent::div[contains(@class,'active')]
2020-08-31/16:12:21.965  INFO: listener.WebEventListener - Element Found and highlighted: [[ChromeDriver: chrome on WINDOWS (0ee453a6fb1576597d9ecf4a60ca179c)] -> xpath: //div[@class='spinner-inner']/parent::*/parent::div[contains(@class,'active')]]
99512 [main] INFO utilities.listener.WebEventListener  - Element Found and highlighted: [[ChromeDriver: chrome on WINDOWS (0ee453a6fb1576597d9ecf4a60ca179c)] -> xpath: //div[@class='spinner-inner']/parent::*/parent::div[contains(@class,'active')]]
2020-08-31/16:12:22.509  INFO: listener.WebEventListener - Before Finding element: By.xpath: //div[@class='spinner-inner']/parent::*/parent::div[contains(@class,'active')]
100056 [main] INFO utilities.listener.WebEventListener  - Before Finding element: By.xpath: //div[@class='spinner-inner']/parent::*/parent::div[contains(@class,'active')]
2020-08-31/16:12:22.527  INFO: listener.WebEventListener - Element Found and highlighted: [[ChromeDriver: chrome on WINDOWS (0ee453a6fb1576597d9ecf4a60ca179c)] -> xpath: //div[@class='spinner-inner']/parent::*/parent::div[contains(@class,'active')]]
100074 [main] INFO utilities.listener.WebEventListener  - Element Found and highlighted: [[ChromeDriver: chrome on WINDOWS (0ee453a6fb1576597d9ecf4a60ca179c)] -> xpath: //div[@class='spinner-inner']/parent::*/parent::div[contains(@class,'active')]]
2020-08-31/16:12:23.064  INFO: listener.WebEventListener - Before Finding element: By.xpath: //div[@class='spinner-inner']/parent::*/parent::div[contains(@class,'active')]
100611 [main] INFO utilities.listener.WebEventListener  - Before Finding element: By.xpath: //div[@class='spinner-inner']/parent::*/parent::div[contains(@class,'active')]
2020-08-31/16:12:23.092  INFO: listener.WebEventListener - Element Found and highlighted: [[ChromeDriver: chrome on WINDOWS (0ee453a6fb1576597d9ecf4a60ca179c)] -> xpath: //div[@class='spinner-inner']/parent::*/parent::div[contains(@class,'active')]]
100639 [main] INFO utilities.listener.WebEventListener  - Element Found and highlighted: [[ChromeDriver: chrome on WINDOWS (0ee453a6fb1576597d9ecf4a60ca179c)] -> xpath: //div[@class='spinner-inner']/parent::*/parent::div[contains(@class,'active')]]
2020-08-31/16:12:23.643  INFO: listener.WebEventListener - Before Finding element: By.xpath: //div[@class='spinner-inner']/parent::*/parent::div[contains(@class,'active')]
101190 [main] INFO utilities.listener.WebEventListener  - Before Finding element: By.xpath: //div[@class='spinner-inner']/parent::*/parent::div[contains(@class,'active')]
2020-08-31/16:12:23.664  INFO: listener.WebEventListener - Before Finding element: By.xpath: //input[@id='ConsignmentID']
101211 [main] INFO utilities.listener.WebEventListener  - Before Finding element: By.xpath: //input[@id='ConsignmentID']
2020-08-31/16:12:23.699  INFO: listener.WebEventListener - Element Found and highlighted: [[ChromeDriver: chrome on WINDOWS (0ee453a6fb1576597d9ecf4a60ca179c)] -> xpath: //input[@id='ConsignmentID']]
101246 [main] INFO utilities.listener.WebEventListener  - Element Found and highlighted: [[ChromeDriver: chrome on WINDOWS (0ee453a6fb1576597d9ecf4a60ca179c)] -> xpath: //input[@id='ConsignmentID']]
2020-08-31/16:12:23.766  INFO: listener.WebEventListener - Default Value :
101313 [main] INFO utilities.listener.WebEventListener  - Default Value :
2020-08-31/16:12:24.643  INFO: listener.WebEventListener - Entered Value :UAT42092143
102190 [main] INFO utilities.listener.WebEventListener  - Entered Value :UAT42092143
2020-08-31/16:12:32.645  INFO: listener.WebEventListener - Before Finding element: By.cssSelector: #BilledTo
110192 [main] INFO utilities.listener.WebEventListener  - Before Finding element: By.cssSelector: #BilledTo
2020-08-31/16:12:32.687  INFO: listener.WebEventListener - Element Found and highlighted: [[ChromeDriver: chrome on WINDOWS (0ee453a6fb1576597d9ecf4a60ca179c)] -> css selector: #BilledTo]
110234 [main] INFO utilities.listener.WebEventListener  - Element Found and highlighted: [[ChromeDriver: chrome on WINDOWS (0ee453a6fb1576597d9ecf4a60ca179c)] -> css selector: #BilledTo]
2020-08-31/16:12:32.742  INFO: listener.WebEventListener - Default Value :
110289 [main] INFO utilities.listener.WebEventListener  - Default Value :
2020-08-31/16:12:32.971  INFO: listener.WebEventListener - Entered Value :CELW01
110518 [main] INFO utilities.listener.WebEventListener  - Entered Value :CELW01
2020-08-31/16:12:32.972  INFO: listener.WebEventListener - Before Finding element: By.cssSelector: #BilledTo
110519 [main] INFO utilities.listener.WebEventListener  - Before Finding element: By.cssSelector: #BilledTo
2020-08-31/16:12:32.991  INFO: listener.WebEventListener - Element Found and highlighted: [[ChromeDriver: chrome on WINDOWS (0ee453a6fb1576597d9ecf4a60ca179c)] -> css selector: #BilledTo]
110538 [main] INFO utilities.listener.WebEventListener  - Element Found and highlighted: [[ChromeDriver: chrome on WINDOWS (0ee453a6fb1576597d9ecf4a60ca179c)] -> css selector: #BilledTo]
2020-08-31/16:12:32.992  INFO: listener.WebEventListener - beforeClickOn css selector: #BilledTo]
110539 [main] INFO utilities.listener.WebEventListener  - beforeClickOn css selector: #BilledTo]
2020-08-31/16:12:33.091  INFO: listener.WebEventListener - after click on
110638 [main] INFO utilities.listener.WebEventListener  - after click on
2020-08-31/16:12:33.092  INFO: listener.WebEventListener - Before Finding element: By.xpath: //div[@class='v-menu__content theme--light menuable__content__active v-autocomplete__content']//div[@role='listitem'][1]
110639 [main] INFO utilities.listener.WebEventListener  - Before Finding element: By.xpath: //div[@class='v-menu__content theme--light menuable__content__active v-autocomplete__content']//div[@role='listitem'][1]
2020-08-31/16:12:33.122  INFO: listener.WebEventListener - Before Finding element: By.xpath: //div[@class='v-menu__content theme--light menuable__content__active v-autocomplete__content']//div[@role='listitem'][1]
110669 [main] INFO utilities.listener.WebEventListener  - Before Finding element: By.xpath: //div[@class='v-menu__content theme--light menuable__content__active v-autocomplete__content']//div[@role='listitem'][1]
2020-08-31/16:12:33.392  INFO: listener.WebEventListener - Before Finding element: By.xpath: //div[@class='v-menu__content theme--light menuable__content__active v-autocomplete__content']//div[@role='listitem'][1]
110939 [main] INFO utilities.listener.WebEventListener  - Before Finding element: By.xpath: //div[@class='v-menu__content theme--light menuable__content__active v-autocomplete__content']//div[@role='listitem'][1]
2020-08-31/16:12:33.673  INFO: listener.WebEventListener - Before Finding element: By.xpath: //div[@class='v-menu__content theme--light menuable__content__active v-autocomplete__content']//div[@role='listitem'][1]
111220 [main] INFO utilities.listener.WebEventListener  - Before Finding element: By.xpath: //div[@class='v-menu__content theme--light menuable__content__active v-autocomplete__content']//div[@role='listitem'][1]
2020-08-31/16:12:33.947  INFO: listener.WebEventListener - Before Finding element: By.xpath: //div[@class='v-menu__content theme--light menuable__content__active v-autocomplete__content']//div[@role='listitem'][1]
111494 [main] INFO utilities.listener.WebEventListener  - Before Finding element: By.xpath: //div[@class='v-menu__content theme--light menuable__content__active v-autocomplete__content']//div[@role='listitem'][1]
2020-08-31/16:12:34.235  INFO: listener.WebEventListener - Before Finding element: By.xpath: //div[@class='v-menu__content theme--light menuable__content__active v-autocomplete__content']//div[@role='listitem'][1]
111782 [main] INFO utilities.listener.WebEventListener  - Before Finding element: By.xpath: //div[@class='v-menu__content theme--light menuable__content__active v-autocomplete__content']//div[@role='listitem'][1]
2020-08-31/16:12:34.510  INFO: listener.WebEventListener - Before Finding element: By.xpath: //div[@class='v-menu__content theme--light menuable__content__active v-autocomplete__content']//div[@role='listitem'][1]
112057 [main] INFO utilities.listener.WebEventListener  - Before Finding element: By.xpath: //div[@class='v-menu__content theme--light menuable__content__active v-autocomplete__content']//div[@role='listitem'][1]
2020-08-31/16:12:34.779  INFO: listener.WebEventListener - Before Finding element: By.xpath: //div[@class='v-menu__content theme--light menuable__content__active v-autocomplete__content']//div[@role='listitem'][1]
112326 [main] INFO utilities.listener.WebEventListener  - Before Finding element: By.xpath: //div[@class='v-menu__content theme--light menuable__content__active v-autocomplete__content']//div[@role='listitem'][1]
2020-08-31/16:12:35.049  INFO: listener.WebEventListener - Before Finding element: By.xpath: //div[@class='v-menu__content theme--light menuable__content__active v-autocomplete__content']//div[@role='listitem'][1]
112596 [main] INFO utilities.listener.WebEventListener  - Before Finding element: By.xpath: //div[@class='v-menu__content theme--light menuable__content__active v-autocomplete__content']//div[@role='listitem'][1]
2020-08-31/16:12:35.319  INFO: listener.WebEventListener - Before Finding element: By.xpath: //div[@class='v-menu__content theme--light menuable__content__active v-autocomplete__content']//div[@role='listitem'][1]
112866 [main] INFO utilities.listener.WebEventListener  - Before Finding element: By.xpath: //div[@class='v-menu__content theme--light menuable__content__active v-autocomplete__content']//div[@role='listitem'][1]
2020-08-31/16:12:35.597  INFO: listener.WebEventListener - Before Finding element: By.xpath: //div[@class='v-menu__content theme--light menuable__content__active v-autocomplete__content']//div[@role='listitem'][1]
113144 [main] INFO utilities.listener.WebEventListener  - Before Finding element: By.xpath: //div[@class='v-menu__content theme--light menuable__content__active v-autocomplete__content']//div[@role='listitem'][1]
2020-08-31/16:12:35.626  INFO: listener.WebEventListener - Element Found and highlighted: [[ChromeDriver: chrome on WINDOWS (0ee453a6fb1576597d9ecf4a60ca179c)] -> xpath: //div[@class='v-menu__content theme--light menuable__content__active v-autocomplete__content']//div[@role='listitem'][1]]
113173 [main] INFO utilities.listener.WebEventListener  - Element Found and highlighted: [[ChromeDriver: chrome on WINDOWS (0ee453a6fb1576597d9ecf4a60ca179c)] -> xpath: //div[@class='v-menu__content theme--light menuable__content__active v-autocomplete__content']//div[@role='listitem'][1]]
hhhhhhhhhhhhhhhhhhhhhh
2020-08-31/16:12:35.683  INFO: listener.WebEventListener - beforeClickOn xpath: //div[@class='v-menu__content theme--light menuable__content__active v-autocomplete__content']//div[@role='listitem'][1]]
113230 [main] INFO utilities.listener.WebEventListener  - beforeClickOn xpath: //div[@class='v-menu__content theme--light menuable__content__active v-autocomplete__content']//div[@role='listitem'][1]]
2020-08-31/16:12:35.892  INFO: listener.WebEventListener - after click on
113439 [main] INFO utilities.listener.WebEventListener  - after click on
2020-08-31/16:12:35.893  INFO: listener.WebEventListener - Before Finding element: By.xpath: //label[text()='Commodity']/parent::*/div[1]/div
113440 [main] INFO utilities.listener.WebEventListener  - Before Finding element: By.xpath: //label[text()='Commodity']/parent::*/div[1]/div
2020-08-31/16:12:35.951  INFO: listener.WebEventListener - Before Finding element: By.xpath: //label[text()='Commodity']/parent::*/div[1]/div
113498 [main] INFO utilities.listener.WebEventListener  - Before Finding element: By.xpath: //label[text()='Commodity']/parent::*/div[1]/div
2020-08-31/16:12:36.227  INFO: listener.WebEventListener - Before Finding element: By.xpath: //label[text()='Commodity']/parent::*/div[1]/div
113774 [main] INFO utilities.listener.WebEventListener  - Before Finding element: By.xpath: //label[text()='Commodity']/parent::*/div[1]/div
2020-08-31/16:12:36.498  INFO: listener.WebEventListener - Before Finding element: By.xpath: //label[text()='Commodity']/parent::*/div[1]/div
114045 [main] INFO utilities.listener.WebEventListener  - Before Finding element: By.xpath: //label[text()='Commodity']/parent::*/div[1]/div
2020-08-31/16:12:36.781  INFO: listener.WebEventListener - Before Finding element: By.xpath: //label[text()='Commodity']/parent::*/div[1]/div
114328 [main] INFO utilities.listener.WebEventListener  - Before Finding element: By.xpath: //label[text()='Commodity']/parent::*/div[1]/div
2020-08-31/16:12:37.165  INFO: listener.WebEventListener - Before Finding element: By.xpath: //label[text()='Commodity']/parent::*/div[1]/div
114712 [main] INFO utilities.listener.WebEventListener  - Before Finding element: By.xpath: //label[text()='Commodity']/parent::*/div[1]/div
2020-08-31/16:12:37.440  INFO: listener.WebEventListener - Before Finding element: By.xpath: //label[text()='Commodity']/parent::*/div[1]/div
114987 [main] INFO utilities.listener.WebEventListener  - Before Finding element: By.xpath: //label[text()='Commodity']/parent::*/div[1]/div
2020-08-31/16:12:37.801  INFO: listener.WebEventListener - Before Finding element: By.xpath: //label[text()='Commodity']/parent::*/div[1]/div
115348 [main] INFO utilities.listener.WebEventListener  - Before Finding element: By.xpath: //label[text()='Commodity']/parent::*/div[1]/div
2020-08-31/16:12:38.070  INFO: listener.WebEventListener - Before Finding element: By.xpath: //label[text()='Commodity']/parent::*/div[1]/div
115617 [main] INFO utilities.listener.WebEventListener  - Before Finding element: By.xpath: //label[text()='Commodity']/parent::*/div[1]/div
2020-08-31/16:12:38.345  INFO: listener.WebEventListener - Before Finding element: By.xpath: //label[text()='Commodity']/parent::*/div[1]/div
115892 [main] INFO utilities.listener.WebEventListener  - Before Finding element: By.xpath: //label[text()='Commodity']/parent::*/div[1]/div
2020-08-31/16:12:38.700  INFO: listener.WebEventListener - Element Found and highlighted: [[ChromeDriver: chrome on WINDOWS (0ee453a6fb1576597d9ecf4a60ca179c)] -> xpath: //label[text()='Commodity']/parent::*/div[1]/div]
116247 [main] INFO utilities.listener.WebEventListener  - Element Found and highlighted: [[ChromeDriver: chrome on WINDOWS (0ee453a6fb1576597d9ecf4a60ca179c)] -> xpath: //label[text()='Commodity']/parent::*/div[1]/div]
2020-08-31/16:12:38.792  INFO: listener.WebEventListener - beforeClickOn xpath: //label[text()='Commodity']/parent::*/div[1]/div]
116339 [main] INFO utilities.listener.WebEventListener  - beforeClickOn xpath: //label[text()='Commodity']/parent::*/div[1]/div]
2020-08-31/16:12:38.907  INFO: listener.WebEventListener - after click on
116454 [main] INFO utilities.listener.WebEventListener  - after click on
2020-08-31/16:12:38.907  INFO: listener.WebEventListener - Before Finding element: By.xpath: //div[@class='v-menu__content theme--light menuable__content__active']//div[@role='listitem' and @class='primary--text']
116454 [main] INFO utilities.listener.WebEventListener  - Before Finding element: By.xpath: //div[@class='v-menu__content theme--light menuable__content__active']//div[@role='listitem' and @class='primary--text']
2020-08-31/16:12:39.022  INFO: listener.WebEventListener - Before Finding element: By.xpath: //div[@class='v-menu__content theme--light menuable__content__active']//div[@role='listitem' and @class='primary--text']
116569 [main] INFO utilities.listener.WebEventListener  - Before Finding element: By.xpath: //div[@class='v-menu__content theme--light menuable__content__active']//div[@role='listitem' and @class='primary--text']
2020-08-31/16:12:39.311  INFO: listener.WebEventListener - Before Finding element: By.xpath: //div[@class='v-menu__content theme--light menuable__content__active']//div[@role='listitem' and @class='primary--text']
116858 [main] INFO utilities.listener.WebEventListener  - Before Finding element: By.xpath: //div[@class='v-menu__content theme--light menuable__content__active']//div[@role='listitem' and @class='primary--text']
2020-08-31/16:12:39.579  INFO: listener.WebEventListener - Before Finding element: By.xpath: //div[@class='v-menu__content theme--light menuable__content__active']//div[@role='listitem' and @class='primary--text']
117126 [main] INFO utilities.listener.WebEventListener  - Before Finding element: By.xpath: //div[@class='v-menu__content theme--light menuable__content__active']//div[@role='listitem' and @class='primary--text']
2020-08-31/16:12:39.607  INFO: listener.WebEventListener - Element Found and highlighted: [[ChromeDriver: chrome on WINDOWS (0ee453a6fb1576597d9ecf4a60ca179c)] -> xpath: //div[@class='v-menu__content theme--light menuable__content__active']//div[@role='listitem' and @class='primary--text']]
117154 [main] INFO utilities.listener.WebEventListener  - Element Found and highlighted: [[ChromeDriver: chrome on WINDOWS (0ee453a6fb1576597d9ecf4a60ca179c)] -> xpath: //div[@class='v-menu__content theme--light menuable__content__active']//div[@role='listitem' and @class='primary--text']]
2020-08-31/16:12:39.641  INFO: listener.WebEventListener - beforeClickOn xpath: //div[@class='v-menu__content theme--light menuable__content__active']//div[@role='listitem' and @class='primary--text']]
117188 [main] INFO utilities.listener.WebEventListener  - beforeClickOn xpath: //div[@class='v-menu__content theme--light menuable__content__active']//div[@role='listitem' and @class='primary--text']]
2020-08-31/16:12:39.733  INFO: listener.WebEventListener - after click on
117280 [main] INFO utilities.listener.WebEventListener  - after click on
2020-08-31/16:12:39.734  INFO: listener.WebEventListener - Before Finding element: By.xpath: //div[@class='v-select__selections']/div[contains(text(),'Cellular Equipment')]
117281 [main] INFO utilities.listener.WebEventListener  - Before Finding element: By.xpath: //div[@class='v-select__selections']/div[contains(text(),'Cellular Equipment')]
2020-08-31/16:12:39.790  INFO: listener.WebEventListener - Element Found and highlighted: [[ChromeDriver: chrome on WINDOWS (0ee453a6fb1576597d9ecf4a60ca179c)] -> xpath: //div[@class='v-select__selections']/div[contains(text(),'Cellular Equipment')]]
117337 [main] INFO utilities.listener.WebEventListener  - Element Found and highlighted: [[ChromeDriver: chrome on WINDOWS (0ee453a6fb1576597d9ecf4a60ca179c)] -> xpath: //div[@class='v-select__selections']/div[contains(text(),'Cellular Equipment')]]
2020-08-31/16:12:39.876  INFO: listener.WebEventListener - beforeClickOn xpath: //div[@class='v-select__selections']/div[contains(text(),'Cellular Equipment')]]
117423 [main] INFO utilities.listener.WebEventListener  - beforeClickOn xpath: //div[@class='v-select__selections']/div[contains(text(),'Cellular Equipment')]]
2020-08-31/16:12:39.978  INFO: listener.WebEventListener - after click on
117525 [main] INFO utilities.listener.WebEventListener  - after click on
2020-08-31/16:12:39.979  INFO: listener.WebEventListener - Before Finding element: By.xpath: //div[@class='v-list__tile__content']/div[contains(text(),'Documentation')]
117526 [main] INFO utilities.listener.WebEventListener  - Before Finding element: By.xpath: //div[@class='v-list__tile__content']/div[contains(text(),'Documentation')]
2020-08-31/16:12:40.038  INFO: listener.WebEventListener - Element Found and highlighted: [[ChromeDriver: chrome on WINDOWS (0ee453a6fb1576597d9ecf4a60ca179c)] -> xpath: //div[@class='v-list__tile__content']/div[contains(text(),'Documentation')]]
117585 [main] INFO utilities.listener.WebEventListener  - Element Found and highlighted: [[ChromeDriver: chrome on WINDOWS (0ee453a6fb1576597d9ecf4a60ca179c)] -> xpath: //div[@class='v-list__tile__content']/div[contains(text(),'Documentation')]]
2020-08-31/16:12:40.099  INFO: listener.WebEventListener - beforeClickOn xpath: //div[@class='v-list__tile__content']/div[contains(text(),'Documentation')]]
117646 [main] INFO utilities.listener.WebEventListener  - beforeClickOn xpath: //div[@class='v-list__tile__content']/div[contains(text(),'Documentation')]]
2020-08-31/16:12:40.378  INFO: listener.WebEventListener - after click on
117925 [main] INFO utilities.listener.WebEventListener  - after click on
2020-08-31/16:12:40.379  INFO: listener.WebEventListener - Before Finding element: By.xpath: //button[@id='CommodityContinue']
117926 [main] INFO utilities.listener.WebEventListener  - Before Finding element: By.xpath: //button[@id='CommodityContinue']
2020-08-31/16:12:40.422  INFO: listener.WebEventListener - Element Found and highlighted: [[ChromeDriver: chrome on WINDOWS (0ee453a6fb1576597d9ecf4a60ca179c)] -> xpath: //button[@id='CommodityContinue']]
117969 [main] INFO utilities.listener.WebEventListener  - Element Found and highlighted: [[ChromeDriver: chrome on WINDOWS (0ee453a6fb1576597d9ecf4a60ca179c)] -> xpath: //button[@id='CommodityContinue']]
2020-08-31/16:12:40.490  INFO: listener.WebEventListener - beforeClickOn xpath: //button[@id='CommodityContinue']]
118037 [main] INFO utilities.listener.WebEventListener  - beforeClickOn xpath: //button[@id='CommodityContinue']]
2020-08-31/16:12:40.671  INFO: listener.WebEventListener - after click on
118218 [main] INFO utilities.listener.WebEventListener  - after click on
2020-08-31/16:12:45.672  INFO: listener.WebEventListener - Before Finding element: By.xpath: //div[@class='v-select__selections']/div[contains(text(),'Documentation')]
123219 [main] INFO utilities.listener.WebEventListener  - Before Finding element: By.xpath: //div[@class='v-select__selections']/div[contains(text(),'Documentation')]
2020-08-31/16:12:45.707  INFO: listener.WebEventListener - Element Found and highlighted: [[ChromeDriver: chrome on WINDOWS (0ee453a6fb1576597d9ecf4a60ca179c)] -> xpath: //div[@class='v-select__selections']/div[contains(text(),'Documentation')]]
123254 [main] INFO utilities.listener.WebEventListener  - Element Found and highlighted: [[ChromeDriver: chrome on WINDOWS (0ee453a6fb1576597d9ecf4a60ca179c)] -> xpath: //div[@class='v-select__selections']/div[contains(text(),'Documentation')]]
2020-08-31/16:12:45.753  INFO: listener.WebEventListener - beforeClickOn xpath: //div[@class='v-select__selections']/div[contains(text(),'Documentation')]]
123300 [main] INFO utilities.listener.WebEventListener  - beforeClickOn xpath: //div[@class='v-select__selections']/div[contains(text(),'Documentation')]]
2020-08-31/16:12:45.864  INFO: listener.WebEventListener - after click on
123411 [main] INFO utilities.listener.WebEventListener  - after click on
2020-08-31/16:12:45.864  INFO: listener.WebEventListener - Before Finding element: By.xpath: //div[@class='v-list__tile__content']/div[contains(text(),'Jewellery')]
123411 [main] INFO utilities.listener.WebEventListener  - Before Finding element: By.xpath: //div[@class='v-list__tile__content']/div[contains(text(),'Jewellery')]
2020-08-31/16:12:46.005  INFO: listener.WebEventListener - Element Found and highlighted: [[ChromeDriver: chrome on WINDOWS (0ee453a6fb1576597d9ecf4a60ca179c)] -> xpath: //div[@class='v-list__tile__content']/div[contains(text(),'Jewellery')]]
123552 [main] INFO utilities.listener.WebEventListener  - Element Found and highlighted: [[ChromeDriver: chrome on WINDOWS (0ee453a6fb1576597d9ecf4a60ca179c)] -> xpath: //div[@class='v-list__tile__content']/div[contains(text(),'Jewellery')]]
2020-08-31/16:12:46.581  INFO: listener.WebEventListener - beforeClickOn xpath: //div[@class='v-list__tile__content']/div[contains(text(),'Jewellery')]]
124128 [main] INFO utilities.listener.WebEventListener  - beforeClickOn xpath: //div[@class='v-list__tile__content']/div[contains(text(),'Jewellery')]]
2020-08-31/16:12:46.826  INFO: listener.WebEventListener - after click on
124373 [main] INFO utilities.listener.WebEventListener  - after click on
2020-08-31/16:12:46.826  INFO: listener.WebEventListener - Before Finding element: By.xpath: //button[@class='v-btn v-btn--outline v-btn--depressed theme--light primary--text']/div[contains(text(),'Continue')]
124373 [main] INFO utilities.listener.WebEventListener  - Before Finding element: By.xpath: //button[@class='v-btn v-btn--outline v-btn--depressed theme--light primary--text']/div[contains(text(),'Continue')]
2020-08-31/16:12:46.872  INFO: listener.WebEventListener - Element Found and highlighted: [[ChromeDriver: chrome on WINDOWS (0ee453a6fb1576597d9ecf4a60ca179c)] -> xpath: //button[@class='v-btn v-btn--outline v-btn--depressed theme--light primary--text']/div[contains(text(),'Continue')]]
124419 [main] INFO utilities.listener.WebEventListener  - Element Found and highlighted: [[ChromeDriver: chrome on WINDOWS (0ee453a6fb1576597d9ecf4a60ca179c)] -> xpath: //button[@class='v-btn v-btn--outline v-btn--depressed theme--light primary--text']/div[contains(text(),'Continue')]]
2020-08-31/16:12:46.920  INFO: listener.WebEventListener - beforeClickOn xpath: //button[@class='v-btn v-btn--outline v-btn--depressed theme--light primary--text']/div[contains(text(),'Continue')]]
124467 [main] INFO utilities.listener.WebEventListener  - beforeClickOn xpath: //button[@class='v-btn v-btn--outline v-btn--depressed theme--light primary--text']/div[contains(text(),'Continue')]]
2020-08-31/16:12:47.156  INFO: listener.WebEventListener - after click on
124703 [main] INFO utilities.listener.WebEventListener  - after click on
2020-08-31/16:12:52.157  INFO: listener.WebEventListener - Before Finding element: By.xpath: //div[@id='stepSender']
129704 [main] INFO utilities.listener.WebEventListener  - Before Finding element: By.xpath: //div[@id='stepSender']
2020-08-31/16:12:52.184  INFO: listener.WebEventListener - Element Found and highlighted: [[ChromeDriver: chrome on WINDOWS (0ee453a6fb1576597d9ecf4a60ca179c)] -> xpath: //div[@id='stepSender']]
129731 [main] INFO utilities.listener.WebEventListener  - Element Found and highlighted: [[ChromeDriver: chrome on WINDOWS (0ee453a6fb1576597d9ecf4a60ca179c)] -> xpath: //div[@id='stepSender']]
2020-08-31/16:12:52.235  INFO: listener.WebEventListener - beforeClickOn xpath: //div[@id='stepSender']]
129782 [main] INFO utilities.listener.WebEventListener  - beforeClickOn xpath: //div[@id='stepSender']]
2020-08-31/16:12:52.428  INFO: listener.WebEventListener - after click on
129975 [main] INFO utilities.listener.WebEventListener  - after click on
2020-08-31/16:12:54.430  INFO: listener.WebEventListener - Before Finding element: By.xpath: //div[contains(text(),'Reset')]
131977 [main] INFO utilities.listener.WebEventListener  - Before Finding element: By.xpath: //div[contains(text(),'Reset')]
2020-08-31/16:12:54.479  INFO: listener.WebEventListener - Element Found and highlighted: [[ChromeDriver: chrome on WINDOWS (0ee453a6fb1576597d9ecf4a60ca179c)] -> xpath: //div[contains(text(),'Reset')]]
132026 [main] INFO utilities.listener.WebEventListener  - Element Found and highlighted: [[ChromeDriver: chrome on WINDOWS (0ee453a6fb1576597d9ecf4a60ca179c)] -> xpath: //div[contains(text(),'Reset')]]
2020-08-31/16:12:54.525  INFO: listener.WebEventListener - beforeClickOn xpath: //div[contains(text(),'Reset')]]
132072 [main] INFO utilities.listener.WebEventListener  - beforeClickOn xpath: //div[contains(text(),'Reset')]]
2020-08-31/16:12:54.832  INFO: listener.WebEventListener - after click on
132379 [main] INFO utilities.listener.WebEventListener  - after click on
2020-08-31/16:12:54.833  INFO: listener.WebEventListener - Before Finding element: By.xpath: //input[@id='SenderName']
132380 [main] INFO utilities.listener.WebEventListener  - Before Finding element: By.xpath: //input[@id='SenderName']
2020-08-31/16:12:54.869  INFO: listener.WebEventListener - Element Found and highlighted: [[ChromeDriver: chrome on WINDOWS (0ee453a6fb1576597d9ecf4a60ca179c)] -> xpath: //input[@id='SenderName']]
132416 [main] INFO utilities.listener.WebEventListener  - Element Found and highlighted: [[ChromeDriver: chrome on WINDOWS (0ee453a6fb1576597d9ecf4a60ca179c)] -> xpath: //input[@id='SenderName']]
2020-08-31/16:12:55.008  INFO: listener.WebEventListener - Default Value :
132555 [main] INFO utilities.listener.WebEventListener  - Default Value :
2020-08-31/16:12:55.209  INFO: listener.WebEventListener - Entered Value :Cell
132756 [main] INFO utilities.listener.WebEventListener  - Entered Value :Cell
2020-08-31/16:12:55.242  INFO: listener.WebEventListener - beforeClickOn xpath: //input[@id='SenderName']]
132789 [main] INFO utilities.listener.WebEventListener  - beforeClickOn xpath: //input[@id='SenderName']]
2020-08-31/16:12:55.321  INFO: listener.WebEventListener - after click on
132868 [main] INFO utilities.listener.WebEventListener  - after click on
2020-08-31/16:12:55.323  INFO: listener.WebEventListener - Before Finding element: By.xpath: //div[contains(text(),'CELL C - COMPANY OWNED STORES, CELL C, 084 174 4000')]
132870 [main] INFO utilities.listener.WebEventListener  - Before Finding element: By.xpath: //div[contains(text(),'CELL C - COMPANY OWNED STORES, CELL C, 084 174 4000')]
2020-08-31/16:12:55.348  INFO: listener.WebEventListener - Before Finding element: By.xpath: //div[contains(text(),'CELL C - COMPANY OWNED STORES, CELL C, 084 174 4000')]
132895 [main] INFO utilities.listener.WebEventListener  - Before Finding element: By.xpath: //div[contains(text(),'CELL C - COMPANY OWNED STORES, CELL C, 084 174 4000')]
2020-08-31/16:12:55.615  INFO: listener.WebEventListener - Before Finding element: By.xpath: //div[contains(text(),'CELL C - COMPANY OWNED STORES, CELL C, 084 174 4000')]
133162 [main] INFO utilities.listener.WebEventListener  - Before Finding element: By.xpath: //div[contains(text(),'CELL C - COMPANY OWNED STORES, CELL C, 084 174 4000')]
2020-08-31/16:12:55.896  INFO: listener.WebEventListener - Before Finding element: By.xpath: //div[contains(text(),'CELL C - COMPANY OWNED STORES, CELL C, 084 174 4000')]
133443 [main] INFO utilities.listener.WebEventListener  - Before Finding element: By.xpath: //div[contains(text(),'CELL C - COMPANY OWNED STORES, CELL C, 084 174 4000')]
2020-08-31/16:12:56.179  INFO: listener.WebEventListener - Before Finding element: By.xpath: //div[contains(text(),'CELL C - COMPANY OWNED STORES, CELL C, 084 174 4000')]
133726 [main] INFO utilities.listener.WebEventListener  - Before Finding element: By.xpath: //div[contains(text(),'CELL C - COMPANY OWNED STORES, CELL C, 084 174 4000')]
2020-08-31/16:12:56.205  INFO: listener.WebEventListener - Element Found and highlighted: [[ChromeDriver: chrome on WINDOWS (0ee453a6fb1576597d9ecf4a60ca179c)] -> xpath: //div[contains(text(),'CELL C - COMPANY OWNED STORES, CELL C, 084 174 4000')]]
133752 [main] INFO utilities.listener.WebEventListener  - Element Found and highlighted: [[ChromeDriver: chrome on WINDOWS (0ee453a6fb1576597d9ecf4a60ca179c)] -> xpath: //div[contains(text(),'CELL C - COMPANY OWNED STORES, CELL C, 084 174 4000')]]
2020-08-31/16:12:56.241  INFO: listener.WebEventListener - beforeClickOn xpath: //div[contains(text(),'CELL C - COMPANY OWNED STORES, CELL C, 084 174 4000')]]
133788 [main] INFO utilities.listener.WebEventListener  - beforeClickOn xpath: //div[contains(text(),'CELL C - COMPANY OWNED STORES, CELL C, 084 174 4000')]]
2020-08-31/16:12:56.348  INFO: listener.WebEventListener - after click on
133895 [main] INFO utilities.listener.WebEventListener  - after click on
2020-08-31/16:12:56.350  INFO: listener.WebEventListener - Before Finding element: By.xpath: //button[@id='SenderContactNew']//div[@class='v-btn__content'][contains(text(),'New Contact')]
133897 [main] INFO utilities.listener.WebEventListener  - Before Finding element: By.xpath: //button[@id='SenderContactNew']//div[@class='v-btn__content'][contains(text(),'New Contact')]
2020-08-31/16:12:56.390  INFO: listener.WebEventListener - Before Finding element: By.xpath: //button[@id='SenderContactNew']//div[@class='v-btn__content'][contains(text(),'New Contact')]
133937 [main] INFO utilities.listener.WebEventListener  - Before Finding element: By.xpath: //button[@id='SenderContactNew']//div[@class='v-btn__content'][contains(text(),'New Contact')]
2020-08-31/16:12:56.667  INFO: listener.WebEventListener - Before Finding element: By.xpath: //button[@id='SenderContactNew']//div[@class='v-btn__content'][contains(text(),'New Contact')]
134214 [main] INFO utilities.listener.WebEventListener  - Before Finding element: By.xpath: //button[@id='SenderContactNew']//div[@class='v-btn__content'][contains(text(),'New Contact')]
2020-08-31/16:12:56.935  INFO: listener.WebEventListener - Before Finding element: By.xpath: //button[@id='SenderContactNew']//div[@class='v-btn__content'][contains(text(),'New Contact')]
134482 [main] INFO utilities.listener.WebEventListener  - Before Finding element: By.xpath: //button[@id='SenderContactNew']//div[@class='v-btn__content'][contains(text(),'New Contact')]
2020-08-31/16:12:57.205  INFO: listener.WebEventListener - Before Finding element: By.xpath: //button[@id='SenderContactNew']//div[@class='v-btn__content'][contains(text(),'New Contact')]
134752 [main] INFO utilities.listener.WebEventListener  - Before Finding element: By.xpath: //button[@id='SenderContactNew']//div[@class='v-btn__content'][contains(text(),'New Contact')]
2020-08-31/16:12:57.485  INFO: listener.WebEventListener - Before Finding element: By.xpath: //button[@id='SenderContactNew']//div[@class='v-btn__content'][contains(text(),'New Contact')]
135032 [main] INFO utilities.listener.WebEventListener  - Before Finding element: By.xpath: //button[@id='SenderContactNew']//div[@class='v-btn__content'][contains(text(),'New Contact')]
2020-08-31/16:12:57.756  INFO: listener.WebEventListener - Before Finding element: By.xpath: //button[@id='SenderContactNew']//div[@class='v-btn__content'][contains(text(),'New Contact')]
135303 [main] INFO utilities.listener.WebEventListener  - Before Finding element: By.xpath: //button[@id='SenderContactNew']//div[@class='v-btn__content'][contains(text(),'New Contact')]
2020-08-31/16:12:58.027  INFO: listener.WebEventListener - Before Finding element: By.xpath: //button[@id='SenderContactNew']//div[@class='v-btn__content'][contains(text(),'New Contact')]
135574 [main] INFO utilities.listener.WebEventListener  - Before Finding element: By.xpath: //button[@id='SenderContactNew']//div[@class='v-btn__content'][contains(text(),'New Contact')]
2020-08-31/16:12:58.292  INFO: listener.WebEventListener - Before Finding element: By.xpath: //button[@id='SenderContactNew']//div[@class='v-btn__content'][contains(text(),'New Contact')]
135839 [main] INFO utilities.listener.WebEventListener  - Before Finding element: By.xpath: //button[@id='SenderContactNew']//div[@class='v-btn__content'][contains(text(),'New Contact')]
2020-08-31/16:12:58.562  INFO: listener.WebEventListener - Before Finding element: By.xpath: //button[@id='SenderContactNew']//div[@class='v-btn__content'][contains(text(),'New Contact')]
136109 [main] INFO utilities.listener.WebEventListener  - Before Finding element: By.xpath: //button[@id='SenderContactNew']//div[@class='v-btn__content'][contains(text(),'New Contact')]
2020-08-31/16:12:58.828  INFO: listener.WebEventListener - Before Finding element: By.xpath: //button[@id='SenderContactNew']//div[@class='v-btn__content'][contains(text(),'New Contact')]
136375 [main] INFO utilities.listener.WebEventListener  - Before Finding element: By.xpath: //button[@id='SenderContactNew']//div[@class='v-btn__content'][contains(text(),'New Contact')]
2020-08-31/16:12:58.942  INFO: listener.WebEventListener - Element Found and highlighted: [[ChromeDriver: chrome on WINDOWS (0ee453a6fb1576597d9ecf4a60ca179c)] -> xpath: //button[@id='SenderContactNew']//div[@class='v-btn__content'][contains(text(),'New Contact')]]
136489 [main] INFO utilities.listener.WebEventListener  - Element Found and highlighted: [[ChromeDriver: chrome on WINDOWS (0ee453a6fb1576597d9ecf4a60ca179c)] -> xpath: //button[@id='SenderContactNew']//div[@class='v-btn__content'][contains(text(),'New Contact')]]
2020-08-31/16:12:59.016  INFO: listener.WebEventListener - beforeClickOn xpath: //button[@id='SenderContactNew']//div[@class='v-btn__content'][contains(text(),'New Contact')]]
136563 [main] INFO utilities.listener.WebEventListener  - beforeClickOn xpath: //button[@id='SenderContactNew']//div[@class='v-btn__content'][contains(text(),'New Contact')]]
2020-08-31/16:12:59.358  INFO: listener.WebEventListener - after click on
136905 [main] INFO utilities.listener.WebEventListener  - after click on
2020-08-31/16:12:59.359  INFO: listener.WebEventListener - Before Finding element: By.xpath: //div[contains(text(),'Cancel')]
136906 [main] INFO utilities.listener.WebEventListener  - Before Finding element: By.xpath: //div[contains(text(),'Cancel')]
2020-08-31/16:12:59.404  INFO: listener.WebEventListener - Element Found and highlighted: [[ChromeDriver: chrome on WINDOWS (0ee453a6fb1576597d9ecf4a60ca179c)] -> xpath: //div[contains(text(),'Cancel')]]
136951 [main] INFO utilities.listener.WebEventListener  - Element Found and highlighted: [[ChromeDriver: chrome on WINDOWS (0ee453a6fb1576597d9ecf4a60ca179c)] -> xpath: //div[contains(text(),'Cancel')]]
2020-08-31/16:12:59.456  INFO: listener.WebEventListener - beforeClickOn xpath: //div[contains(text(),'Cancel')]]
137003 [main] INFO utilities.listener.WebEventListener  - beforeClickOn xpath: //div[contains(text(),'Cancel')]]
2020-08-31/16:12:59.684  INFO: listener.WebEventListener - after click on
137231 [main] INFO utilities.listener.WebEventListener  - after click on
2020-08-31/16:12:59.685  INFO: listener.WebEventListener - Before Finding element: By.xpath: //button[@id='SenderContactEdit']//div[contains(text(),'Edit Contact')]
137232 [main] INFO utilities.listener.WebEventListener  - Before Finding element: By.xpath: //button[@id='SenderContactEdit']//div[contains(text(),'Edit Contact')]
2020-08-31/16:12:59.716  INFO: listener.WebEventListener - Element Found and highlighted: [[ChromeDriver: chrome on WINDOWS (0ee453a6fb1576597d9ecf4a60ca179c)] -> xpath: //button[@id='SenderContactEdit']//div[contains(text(),'Edit Contact')]]
137263 [main] INFO utilities.listener.WebEventListener  - Element Found and highlighted: [[ChromeDriver: chrome on WINDOWS (0ee453a6fb1576597d9ecf4a60ca179c)] -> xpath: //button[@id='SenderContactEdit']//div[contains(text(),'Edit Contact')]]
2020-08-31/16:12:59.767  INFO: listener.WebEventListener - beforeClickOn xpath: //button[@id='SenderContactEdit']//div[contains(text(),'Edit Contact')]]
137314 [main] INFO utilities.listener.WebEventListener  - beforeClickOn xpath: //button[@id='SenderContactEdit']//div[contains(text(),'Edit Contact')]]
2020-08-31/16:12:59.874  INFO: listener.WebEventListener - after click on
137421 [main] INFO utilities.listener.WebEventListener  - after click on
2020-08-31/16:12:59.875  INFO: listener.WebEventListener - Before Finding element: By.xpath: // button[@id='Cancel_sendercontactaddedit']//div[contains(text(),'Cancel')]
137422 [main] INFO utilities.listener.WebEventListener  - Before Finding element: By.xpath: // button[@id='Cancel_sendercontactaddedit']//div[contains(text(),'Cancel')]
2020-08-31/16:12:59.918  INFO: listener.WebEventListener - Before Finding element: By.xpath: // button[@id='Cancel_sendercontactaddedit']//div[contains(text(),'Cancel')]
137465 [main] INFO utilities.listener.WebEventListener  - Before Finding element: By.xpath: // button[@id='Cancel_sendercontactaddedit']//div[contains(text(),'Cancel')]
2020-08-31/16:13:00.196  INFO: listener.WebEventListener - Before Finding element: By.xpath: // button[@id='Cancel_sendercontactaddedit']//div[contains(text(),'Cancel')]
137743 [main] INFO utilities.listener.WebEventListener  - Before Finding element: By.xpath: // button[@id='Cancel_sendercontactaddedit']//div[contains(text(),'Cancel')]
2020-08-31/16:13:00.466  INFO: listener.WebEventListener - Before Finding element: By.xpath: // button[@id='Cancel_sendercontactaddedit']//div[contains(text(),'Cancel')]
138013 [main] INFO utilities.listener.WebEventListener  - Before Finding element: By.xpath: // button[@id='Cancel_sendercontactaddedit']//div[contains(text(),'Cancel')]
2020-08-31/16:13:00.733  INFO: listener.WebEventListener - Before Finding element: By.xpath: // button[@id='Cancel_sendercontactaddedit']//div[contains(text(),'Cancel')]
138280 [main] INFO utilities.listener.WebEventListener  - Before Finding element: By.xpath: // button[@id='Cancel_sendercontactaddedit']//div[contains(text(),'Cancel')]
2020-08-31/16:13:01.002  INFO: listener.WebEventListener - Before Finding element: By.xpath: // button[@id='Cancel_sendercontactaddedit']//div[contains(text(),'Cancel')]
138549 [main] INFO utilities.listener.WebEventListener  - Before Finding element: By.xpath: // button[@id='Cancel_sendercontactaddedit']//div[contains(text(),'Cancel')]
2020-08-31/16:13:01.278  INFO: listener.WebEventListener - Before Finding element: By.xpath: // button[@id='Cancel_sendercontactaddedit']//div[contains(text(),'Cancel')]
138825 [main] INFO utilities.listener.WebEventListener  - Before Finding element: By.xpath: // button[@id='Cancel_sendercontactaddedit']//div[contains(text(),'Cancel')]
2020-08-31/16:13:01.547  INFO: listener.WebEventListener - Before Finding element: By.xpath: // button[@id='Cancel_sendercontactaddedit']//div[contains(text(),'Cancel')]
139094 [main] INFO utilities.listener.WebEventListener  - Before Finding element: By.xpath: // button[@id='Cancel_sendercontactaddedit']//div[contains(text(),'Cancel')]
2020-08-31/16:13:01.820  INFO: listener.WebEventListener - Before Finding element: By.xpath: // button[@id='Cancel_sendercontactaddedit']//div[contains(text(),'Cancel')]
139367 [main] INFO utilities.listener.WebEventListener  - Before Finding element: By.xpath: // button[@id='Cancel_sendercontactaddedit']//div[contains(text(),'Cancel')]
2020-08-31/16:13:02.095  INFO: listener.WebEventListener - Before Finding element: By.xpath: // button[@id='Cancel_sendercontactaddedit']//div[contains(text(),'Cancel')]
139642 [main] INFO utilities.listener.WebEventListener  - Before Finding element: By.xpath: // button[@id='Cancel_sendercontactaddedit']//div[contains(text(),'Cancel')]
2020-08-31/16:13:02.365  INFO: listener.WebEventListener - Before Finding element: By.xpath: // button[@id='Cancel_sendercontactaddedit']//div[contains(text(),'Cancel')]
139912 [main] INFO utilities.listener.WebEventListener  - Before Finding element: By.xpath: // button[@id='Cancel_sendercontactaddedit']//div[contains(text(),'Cancel')]
2020-08-31/16:13:02.649  INFO: listener.WebEventListener - Before Finding element: By.xpath: // button[@id='Cancel_sendercontactaddedit']//div[contains(text(),'Cancel')]
140196 [main] INFO utilities.listener.WebEventListener  - Before Finding element: By.xpath: // button[@id='Cancel_sendercontactaddedit']//div[contains(text(),'Cancel')]
2020-08-31/16:13:02.740  INFO: listener.WebEventListener - Element Found and highlighted: [[ChromeDriver: chrome on WINDOWS (0ee453a6fb1576597d9ecf4a60ca179c)] -> xpath: // button[@id='Cancel_sendercontactaddedit']//div[contains(text(),'Cancel')]]
140287 [main] INFO utilities.listener.WebEventListener  - Element Found and highlighted: [[ChromeDriver: chrome on WINDOWS (0ee453a6fb1576597d9ecf4a60ca179c)] -> xpath: // button[@id='Cancel_sendercontactaddedit']//div[contains(text(),'Cancel')]]
2020-08-31/16:13:02.799  INFO: listener.WebEventListener - beforeClickOn xpath: // button[@id='Cancel_sendercontactaddedit']//div[contains(text(),'Cancel')]]
140346 [main] INFO utilities.listener.WebEventListener  - beforeClickOn xpath: // button[@id='Cancel_sendercontactaddedit']//div[contains(text(),'Cancel')]]
2020-08-31/16:13:03.015  INFO: listener.WebEventListener - after click on
140562 [main] INFO utilities.listener.WebEventListener  - after click on
2020-08-31/16:13:03.016  INFO: listener.WebEventListener - Before Finding element: By.xpath: //div[@id='stepReceiver']
140563 [main] INFO utilities.listener.WebEventListener  - Before Finding element: By.xpath: //div[@id='stepReceiver']
2020-08-31/16:13:03.046  INFO: listener.WebEventListener - Element Found and highlighted: [[ChromeDriver: chrome on WINDOWS (0ee453a6fb1576597d9ecf4a60ca179c)] -> xpath: //div[@id='stepReceiver']]
140593 [main] INFO utilities.listener.WebEventListener  - Element Found and highlighted: [[ChromeDriver: chrome on WINDOWS (0ee453a6fb1576597d9ecf4a60ca179c)] -> xpath: //div[@id='stepReceiver']]
2020-08-31/16:13:03.083  INFO: listener.WebEventListener - beforeClickOn xpath: //div[@id='stepReceiver']]
140630 [main] INFO utilities.listener.WebEventListener  - beforeClickOn xpath: //div[@id='stepReceiver']]
2020-08-31/16:13:03.234  INFO: listener.WebEventListener - after click on
140781 [main] INFO utilities.listener.WebEventListener  - after click on
2020-08-31/16:13:03.300  INFO: listener.WebEventListener - Before Finding element: By.xpath: //input[@id='ReceiverName']
140847 [main] INFO utilities.listener.WebEventListener  - Before Finding element: By.xpath: //input[@id='ReceiverName']
2020-08-31/16:13:03.345  INFO: listener.WebEventListener - Element Found and highlighted: [[ChromeDriver: chrome on WINDOWS (0ee453a6fb1576597d9ecf4a60ca179c)] -> xpath: //input[@id='ReceiverName']]
140892 [main] INFO utilities.listener.WebEventListener  - Element Found and highlighted: [[ChromeDriver: chrome on WINDOWS (0ee453a6fb1576597d9ecf4a60ca179c)] -> xpath: //input[@id='ReceiverName']]
2020-08-31/16:13:04.077  INFO: listener.WebEventListener - Default Value :
141624 [main] INFO utilities.listener.WebEventListener  - Default Value :
2020-08-31/16:13:04.233  INFO: listener.WebEventListener - Entered Value :S
141780 [main] INFO utilities.listener.WebEventListener  - Entered Value :S
2020-08-31/16:13:04.233  INFO: listener.WebEventListener - beforeClickOn xpath: //input[@id='ReceiverName']]
141780 [main] INFO utilities.listener.WebEventListener  - beforeClickOn xpath: //input[@id='ReceiverName']]
2020-08-31/16:13:04.328  INFO: listener.WebEventListener - after click on
141875 [main] INFO utilities.listener.WebEventListener  - after click on
2020-08-31/16:13:04.330  INFO: listener.WebEventListener - Before Finding element: By.xpath: //div[contains(text(),'New Receiver')]
141877 [main] INFO utilities.listener.WebEventListener  - Before Finding element: By.xpath: //div[contains(text(),'New Receiver')]
2020-08-31/16:13:04.373  INFO: listener.WebEventListener - Element Found and highlighted: [[ChromeDriver: chrome on WINDOWS (0ee453a6fb1576597d9ecf4a60ca179c)] -> xpath: //div[contains(text(),'New Receiver')]]
141920 [main] INFO utilities.listener.WebEventListener  - Element Found and highlighted: [[ChromeDriver: chrome on WINDOWS (0ee453a6fb1576597d9ecf4a60ca179c)] -> xpath: //div[contains(text(),'New Receiver')]]
2020-08-31/16:13:04.414  INFO: listener.WebEventListener - beforeClickOn xpath: //div[contains(text(),'New Receiver')]]
141961 [main] INFO utilities.listener.WebEventListener  - beforeClickOn xpath: //div[contains(text(),'New Receiver')]]
2020-08-31/16:13:04.889  INFO: listener.WebEventListener - after click on
142436 [main] INFO utilities.listener.WebEventListener  - after click on
2020-08-31/16:13:04.890  INFO: listener.WebEventListener - Before Finding element: By.xpath: //button[@id='NewCancelCustomer']/div[contains(text(),'Cancel')]
142437 [main] INFO utilities.listener.WebEventListener  - Before Finding element: By.xpath: //button[@id='NewCancelCustomer']/div[contains(text(),'Cancel')]
2020-08-31/16:13:04.926  INFO: listener.WebEventListener - Element Found and highlighted: [[ChromeDriver: chrome on WINDOWS (0ee453a6fb1576597d9ecf4a60ca179c)] -> xpath: //button[@id='NewCancelCustomer']/div[contains(text(),'Cancel')]]
142473 [main] INFO utilities.listener.WebEventListener  - Element Found and highlighted: [[ChromeDriver: chrome on WINDOWS (0ee453a6fb1576597d9ecf4a60ca179c)] -> xpath: //button[@id='NewCancelCustomer']/div[contains(text(),'Cancel')]]
2020-08-31/16:13:04.984  INFO: listener.WebEventListener - beforeClickOn xpath: //button[@id='NewCancelCustomer']/div[contains(text(),'Cancel')]]
142531 [main] INFO utilities.listener.WebEventListener  - beforeClickOn xpath: //button[@id='NewCancelCustomer']/div[contains(text(),'Cancel')]]
2020-08-31/16:13:05.278  INFO: listener.WebEventListener - after click on
142825 [main] INFO utilities.listener.WebEventListener  - after click on
2020-08-31/16:13:05.372  INFO: listener.WebEventListener - Default Value :
142919 [main] INFO utilities.listener.WebEventListener  - Default Value :
2020-08-31/16:13:05.634  INFO: listener.WebEventListener - Entered Value :Surekha
143181 [main] INFO utilities.listener.WebEventListener  - Entered Value :Surekha
2020-08-31/16:13:05.634  INFO: listener.WebEventListener - beforeClickOn xpath: //input[@id='ReceiverName']]
143181 [main] INFO utilities.listener.WebEventListener  - beforeClickOn xpath: //input[@id='ReceiverName']]
2020-08-31/16:13:05.700  INFO: listener.WebEventListener - after click on
143247 [main] INFO utilities.listener.WebEventListener  - after click on
2020-08-31/16:13:05.701  INFO: listener.WebEventListener - Before Finding element: By.xpath: //div[@class='v-menu__content theme--light menuable__content__active v-autocomplete__content']//div[@class='v-list__tile__content'][1]
143248 [main] INFO utilities.listener.WebEventListener  - Before Finding element: By.xpath: //div[@class='v-menu__content theme--light menuable__content__active v-autocomplete__content']//div[@class='v-list__tile__content'][1]
2020-08-31/16:13:05.729  INFO: listener.WebEventListener - Before Finding element: By.xpath: //div[@class='v-menu__content theme--light menuable__content__active v-autocomplete__content']//div[@class='v-list__tile__content'][1]
143276 [main] INFO utilities.listener.WebEventListener  - Before Finding element: By.xpath: //div[@class='v-menu__content theme--light menuable__content__active v-autocomplete__content']//div[@class='v-list__tile__content'][1]
2020-08-31/16:13:05.999  INFO: listener.WebEventListener - Before Finding element: By.xpath: //div[@class='v-menu__content theme--light menuable__content__active v-autocomplete__content']//div[@class='v-list__tile__content'][1]
143546 [main] INFO utilities.listener.WebEventListener  - Before Finding element: By.xpath: //div[@class='v-menu__content theme--light menuable__content__active v-autocomplete__content']//div[@class='v-list__tile__content'][1]
2020-08-31/16:13:06.268  INFO: listener.WebEventListener - Before Finding element: By.xpath: //div[@class='v-menu__content theme--light menuable__content__active v-autocomplete__content']//div[@class='v-list__tile__content'][1]
143815 [main] INFO utilities.listener.WebEventListener  - Before Finding element: By.xpath: //div[@class='v-menu__content theme--light menuable__content__active v-autocomplete__content']//div[@class='v-list__tile__content'][1]
2020-08-31/16:13:06.536  INFO: listener.WebEventListener - Before Finding element: By.xpath: //div[@class='v-menu__content theme--light menuable__content__active v-autocomplete__content']//div[@class='v-list__tile__content'][1]
144083 [main] INFO utilities.listener.WebEventListener  - Before Finding element: By.xpath: //div[@class='v-menu__content theme--light menuable__content__active v-autocomplete__content']//div[@class='v-list__tile__content'][1]
2020-08-31/16:13:06.817  INFO: listener.WebEventListener - Before Finding element: By.xpath: //div[@class='v-menu__content theme--light menuable__content__active v-autocomplete__content']//div[@class='v-list__tile__content'][1]
144364 [main] INFO utilities.listener.WebEventListener  - Before Finding element: By.xpath: //div[@class='v-menu__content theme--light menuable__content__active v-autocomplete__content']//div[@class='v-list__tile__content'][1]
2020-08-31/16:13:07.090  INFO: listener.WebEventListener - Before Finding element: By.xpath: //div[@class='v-menu__content theme--light menuable__content__active v-autocomplete__content']//div[@class='v-list__tile__content'][1]
144637 [main] INFO utilities.listener.WebEventListener  - Before Finding element: By.xpath: //div[@class='v-menu__content theme--light menuable__content__active v-autocomplete__content']//div[@class='v-list__tile__content'][1]
2020-08-31/16:13:07.358  INFO: listener.WebEventListener - Before Finding element: By.xpath: //div[@class='v-menu__content theme--light menuable__content__active v-autocomplete__content']//div[@class='v-list__tile__content'][1]
144905 [main] INFO utilities.listener.WebEventListener  - Before Finding element: By.xpath: //div[@class='v-menu__content theme--light menuable__content__active v-autocomplete__content']//div[@class='v-list__tile__content'][1]
2020-08-31/16:13:07.629  INFO: listener.WebEventListener - Before Finding element: By.xpath: //div[@class='v-menu__content theme--light menuable__content__active v-autocomplete__content']//div[@class='v-list__tile__content'][1]
145176 [main] INFO utilities.listener.WebEventListener  - Before Finding element: By.xpath: //div[@class='v-menu__content theme--light menuable__content__active v-autocomplete__content']//div[@class='v-list__tile__content'][1]
2020-08-31/16:13:07.899  INFO: listener.WebEventListener - Before Finding element: By.xpath: //div[@class='v-menu__content theme--light menuable__content__active v-autocomplete__content']//div[@class='v-list__tile__content'][1]
145446 [main] INFO utilities.listener.WebEventListener  - Before Finding element: By.xpath: //div[@class='v-menu__content theme--light menuable__content__active v-autocomplete__content']//div[@class='v-list__tile__content'][1]
2020-08-31/16:13:08.166  INFO: listener.WebEventListener - Before Finding element: By.xpath: //div[@class='v-menu__content theme--light menuable__content__active v-autocomplete__content']//div[@class='v-list__tile__content'][1]
145713 [main] INFO utilities.listener.WebEventListener  - Before Finding element: By.xpath: //div[@class='v-menu__content theme--light menuable__content__active v-autocomplete__content']//div[@class='v-list__tile__content'][1]
2020-08-31/16:13:08.435  INFO: listener.WebEventListener - Before Finding element: By.xpath: //div[@class='v-menu__content theme--light menuable__content__active v-autocomplete__content']//div[@class='v-list__tile__content'][1]
145982 [main] INFO utilities.listener.WebEventListener  - Before Finding element: By.xpath: //div[@class='v-menu__content theme--light menuable__content__active v-autocomplete__content']//div[@class='v-list__tile__content'][1]
2020-08-31/16:13:08.714  INFO: listener.WebEventListener - Before Finding element: By.xpath: //div[@class='v-menu__content theme--light menuable__content__active v-autocomplete__content']//div[@class='v-list__tile__content'][1]
146261 [main] INFO utilities.listener.WebEventListener  - Before Finding element: By.xpath: //div[@class='v-menu__content theme--light menuable__content__active v-autocomplete__content']//div[@class='v-list__tile__content'][1]
2020-08-31/16:13:08.985  INFO: listener.WebEventListener - Before Finding element: By.xpath: //div[@class='v-menu__content theme--light menuable__content__active v-autocomplete__content']//div[@class='v-list__tile__content'][1]
146532 [main] INFO utilities.listener.WebEventListener  - Before Finding element: By.xpath: //div[@class='v-menu__content theme--light menuable__content__active v-autocomplete__content']//div[@class='v-list__tile__content'][1]
2020-08-31/16:13:09.260  INFO: listener.WebEventListener - Before Finding element: By.xpath: //div[@class='v-menu__content theme--light menuable__content__active v-autocomplete__content']//div[@class='v-list__tile__content'][1]
146807 [main] INFO utilities.listener.WebEventListener  - Before Finding element: By.xpath: //div[@class='v-menu__content theme--light menuable__content__active v-autocomplete__content']//div[@class='v-list__tile__content'][1]
2020-08-31/16:13:09.540  INFO: listener.WebEventListener - Before Finding element: By.xpath: //div[@class='v-menu__content theme--light menuable__content__active v-autocomplete__content']//div[@class='v-list__tile__content'][1]
147087 [main] INFO utilities.listener.WebEventListener  - Before Finding element: By.xpath: //div[@class='v-menu__content theme--light menuable__content__active v-autocomplete__content']//div[@class='v-list__tile__content'][1]
2020-08-31/16:13:09.823  INFO: listener.WebEventListener - Before Finding element: By.xpath: //div[@class='v-menu__content theme--light menuable__content__active v-autocomplete__content']//div[@class='v-list__tile__content'][1]
147370 [main] INFO utilities.listener.WebEventListener  - Before Finding element: By.xpath: //div[@class='v-menu__content theme--light menuable__content__active v-autocomplete__content']//div[@class='v-list__tile__content'][1]
2020-08-31/16:13:09.855  INFO: listener.WebEventListener - Element Found and highlighted: [[ChromeDriver: chrome on WINDOWS (0ee453a6fb1576597d9ecf4a60ca179c)] -> xpath: //div[@class='v-menu__content theme--light menuable__content__active v-autocomplete__content']//div[@class='v-list__tile__content'][1]]
147402 [main] INFO utilities.listener.WebEventListener  - Element Found and highlighted: [[ChromeDriver: chrome on WINDOWS (0ee453a6fb1576597d9ecf4a60ca179c)] -> xpath: //div[@class='v-menu__content theme--light menuable__content__active v-autocomplete__content']//div[@class='v-list__tile__content'][1]]
2020-08-31/16:13:09.856  INFO: listener.WebEventListener - beforeClickOn xpath: //div[@class='v-menu__content theme--light menuable__content__active v-autocomplete__content']//div[@class='v-list__tile__content'][1]]
147403 [main] INFO utilities.listener.WebEventListener  - beforeClickOn xpath: //div[@class='v-menu__content theme--light menuable__content__active v-autocomplete__content']//div[@class='v-list__tile__content'][1]]
2020-08-31/16:13:09.966  INFO: listener.WebEventListener - after click on
147513 [main] INFO utilities.listener.WebEventListener  - after click on
2020-08-31/16:13:09.967  INFO: listener.WebEventListener - Before Finding element: By.xpath: //button[@id='ReceiverNewContact']/div[contains(text(),'New Contact')]
147514 [main] INFO utilities.listener.WebEventListener  - Before Finding element: By.xpath: //button[@id='ReceiverNewContact']/div[contains(text(),'New Contact')]
2020-08-31/16:13:10.000  INFO: listener.WebEventListener - Before Finding element: By.xpath: //button[@id='ReceiverNewContact']/div[contains(text(),'New Contact')]
147547 [main] INFO utilities.listener.WebEventListener  - Before Finding element: By.xpath: //button[@id='ReceiverNewContact']/div[contains(text(),'New Contact')]
2020-08-31/16:13:10.267  INFO: listener.WebEventListener - Before Finding element: By.xpath: //button[@id='ReceiverNewContact']/div[contains(text(),'New Contact')]
147814 [main] INFO utilities.listener.WebEventListener  - Before Finding element: By.xpath: //button[@id='ReceiverNewContact']/div[contains(text(),'New Contact')]
2020-08-31/16:13:10.534  INFO: listener.WebEventListener - Before Finding element: By.xpath: //button[@id='ReceiverNewContact']/div[contains(text(),'New Contact')]
148081 [main] INFO utilities.listener.WebEventListener  - Before Finding element: By.xpath: //button[@id='ReceiverNewContact']/div[contains(text(),'New Contact')]
2020-08-31/16:13:10.801  INFO: listener.WebEventListener - Before Finding element: By.xpath: //button[@id='ReceiverNewContact']/div[contains(text(),'New Contact')]
148348 [main] INFO utilities.listener.WebEventListener  - Before Finding element: By.xpath: //button[@id='ReceiverNewContact']/div[contains(text(),'New Contact')]
2020-08-31/16:13:11.066  INFO: listener.WebEventListener - Before Finding element: By.xpath: //button[@id='ReceiverNewContact']/div[contains(text(),'New Contact')]
148613 [main] INFO utilities.listener.WebEventListener  - Before Finding element: By.xpath: //button[@id='ReceiverNewContact']/div[contains(text(),'New Contact')]
2020-08-31/16:13:11.338  INFO: listener.WebEventListener - Before Finding element: By.xpath: //button[@id='ReceiverNewContact']/div[contains(text(),'New Contact')]
148885 [main] INFO utilities.listener.WebEventListener  - Before Finding element: By.xpath: //button[@id='ReceiverNewContact']/div[contains(text(),'New Contact')]
2020-08-31/16:13:11.513  INFO: listener.WebEventListener - Element Found and highlighted: [[ChromeDriver: chrome on WINDOWS (0ee453a6fb1576597d9ecf4a60ca179c)] -> xpath: //button[@id='ReceiverNewContact']/div[contains(text(),'New Contact')]]
149060 [main] INFO utilities.listener.WebEventListener  - Element Found and highlighted: [[ChromeDriver: chrome on WINDOWS (0ee453a6fb1576597d9ecf4a60ca179c)] -> xpath: //button[@id='ReceiverNewContact']/div[contains(text(),'New Contact')]]
2020-08-31/16:13:11.665  INFO: listener.WebEventListener - beforeClickOn xpath: //button[@id='ReceiverNewContact']/div[contains(text(),'New Contact')]]
149212 [main] INFO utilities.listener.WebEventListener  - beforeClickOn xpath: //button[@id='ReceiverNewContact']/div[contains(text(),'New Contact')]]
2020-08-31/16:13:12.059  INFO: listener.WebEventListener - after click on
149606 [main] INFO utilities.listener.WebEventListener  - after click on
2020-08-31/16:13:16.062  INFO: listener.WebEventListener - Before Finding element: By.xpath: //button[@id='save_receivercontactaddedit']/div[contains(text(),' Save')]
153609 [main] INFO utilities.listener.WebEventListener  - Before Finding element: By.xpath: //button[@id='save_receivercontactaddedit']/div[contains(text(),' Save')]
2020-08-31/16:13:16.099  INFO: listener.WebEventListener - Element Found and highlighted: [[ChromeDriver: chrome on WINDOWS (0ee453a6fb1576597d9ecf4a60ca179c)] -> xpath: //button[@id='save_receivercontactaddedit']/div[contains(text(),' Save')]]
153646 [main] INFO utilities.listener.WebEventListener  - Element Found and highlighted: [[ChromeDriver: chrome on WINDOWS (0ee453a6fb1576597d9ecf4a60ca179c)] -> xpath: //button[@id='save_receivercontactaddedit']/div[contains(text(),' Save')]]
2020-08-31/16:13:16.153  INFO: listener.WebEventListener - beforeClickOn xpath: //button[@id='save_receivercontactaddedit']/div[contains(text(),' Save')]]
153700 [main] INFO utilities.listener.WebEventListener  - beforeClickOn xpath: //button[@id='save_receivercontactaddedit']/div[contains(text(),' Save')]]
2020-08-31/16:13:16.298  INFO: listener.WebEventListener - after click on
153845 [main] INFO utilities.listener.WebEventListener  - after click on
2020-08-31/16:13:16.299  INFO: listener.WebEventListener - Before Finding element: By.xpath: //button[@id='cancel_receivercontactaddedit']/div[contains(text(),' Cancel')]
153846 [main] INFO utilities.listener.WebEventListener  - Before Finding element: By.xpath: //button[@id='cancel_receivercontactaddedit']/div[contains(text(),' Cancel')]
2020-08-31/16:13:16.363  INFO: listener.WebEventListener - Element Found and highlighted: [[ChromeDriver: chrome on WINDOWS (0ee453a6fb1576597d9ecf4a60ca179c)] -> xpath: //button[@id='cancel_receivercontactaddedit']/div[contains(text(),' Cancel')]]
153910 [main] INFO utilities.listener.WebEventListener  - Element Found and highlighted: [[ChromeDriver: chrome on WINDOWS (0ee453a6fb1576597d9ecf4a60ca179c)] -> xpath: //button[@id='cancel_receivercontactaddedit']/div[contains(text(),' Cancel')]]
2020-08-31/16:13:16.427  INFO: listener.WebEventListener - beforeClickOn xpath: //button[@id='cancel_receivercontactaddedit']/div[contains(text(),' Cancel')]]
153974 [main] INFO utilities.listener.WebEventListener  - beforeClickOn xpath: //button[@id='cancel_receivercontactaddedit']/div[contains(text(),' Cancel')]]
2020-08-31/16:13:16.622  INFO: listener.WebEventListener - after click on
154169 [main] INFO utilities.listener.WebEventListener  - after click on
2020-08-31/16:13:19.623  INFO: listener.WebEventListener - Before Finding element: By.xpath: //div[@id='stepValue']
157170 [main] INFO utilities.listener.WebEventListener  - Before Finding element: By.xpath: //div[@id='stepValue']
2020-08-31/16:13:19.646  INFO: listener.WebEventListener - Element Found and highlighted: [[ChromeDriver: chrome on WINDOWS (0ee453a6fb1576597d9ecf4a60ca179c)] -> xpath: //div[@id='stepValue']]
157193 [main] INFO utilities.listener.WebEventListener  - Element Found and highlighted: [[ChromeDriver: chrome on WINDOWS (0ee453a6fb1576597d9ecf4a60ca179c)] -> xpath: //div[@id='stepValue']]
2020-08-31/16:13:19.710  INFO: listener.WebEventListener - beforeClickOn xpath: //div[@id='stepValue']]
157257 [main] INFO utilities.listener.WebEventListener  - beforeClickOn xpath: //div[@id='stepValue']]
2020-08-31/16:13:19.890  INFO: listener.WebEventListener - after click on
157437 [main] INFO utilities.listener.WebEventListener  - after click on
2020-08-31/16:13:19.891  INFO: listener.WebEventListener - Before Finding element: By.xpath: //div[@class='v-text-field__slot']//input[@id='ValueForCarriage']
157438 [main] INFO utilities.listener.WebEventListener  - Before Finding element: By.xpath: //div[@class='v-text-field__slot']//input[@id='ValueForCarriage']
2020-08-31/16:13:19.938  INFO: listener.WebEventListener - Element Found and highlighted: [[ChromeDriver: chrome on WINDOWS (0ee453a6fb1576597d9ecf4a60ca179c)] -> xpath: //div[@class='v-text-field__slot']//input[@id='ValueForCarriage']]
157485 [main] INFO utilities.listener.WebEventListener  - Element Found and highlighted: [[ChromeDriver: chrome on WINDOWS (0ee453a6fb1576597d9ecf4a60ca179c)] -> xpath: //div[@class='v-text-field__slot']//input[@id='ValueForCarriage']]
2020-08-31/16:13:20.909  INFO: listener.WebEventListener - Before Finding element: By.xpath: //div[@class='v-input--selection-controls__ripple']
158456 [main] INFO utilities.listener.WebEventListener  - Before Finding element: By.xpath: //div[@class='v-input--selection-controls__ripple']
2020-08-31/16:13:20.943  INFO: listener.WebEventListener - Element Found and highlighted: [[ChromeDriver: chrome on WINDOWS (0ee453a6fb1576597d9ecf4a60ca179c)] -> xpath: //div[@class='v-input--selection-controls__ripple']]
158490 [main] INFO utilities.listener.WebEventListener  - Element Found and highlighted: [[ChromeDriver: chrome on WINDOWS (0ee453a6fb1576597d9ecf4a60ca179c)] -> xpath: //div[@class='v-input--selection-controls__ripple']]
2020-08-31/16:13:20.943  INFO: listener.WebEventListener - beforeClickOn xpath: //div[@class='v-input--selection-controls__ripple']]
158490 [main] INFO utilities.listener.WebEventListener  - beforeClickOn xpath: //div[@class='v-input--selection-controls__ripple']]
2020-08-31/16:13:21.100  INFO: listener.WebEventListener - after click on
158647 [main] INFO utilities.listener.WebEventListener  - after click on
2020-08-31/16:13:21.101  INFO: listener.WebEventListener - Before Finding element: By.xpath: //div[@id='stepRequirements']
158648 [main] INFO utilities.listener.WebEventListener  - Before Finding element: By.xpath: //div[@id='stepRequirements']
2020-08-31/16:13:21.157  INFO: listener.WebEventListener - Element Found and highlighted: [[ChromeDriver: chrome on WINDOWS (0ee453a6fb1576597d9ecf4a60ca179c)] -> xpath: //div[@id='stepRequirements']]
158704 [main] INFO utilities.listener.WebEventListener  - Element Found and highlighted: [[ChromeDriver: chrome on WINDOWS (0ee453a6fb1576597d9ecf4a60ca179c)] -> xpath: //div[@id='stepRequirements']]
2020-08-31/16:13:21.243  INFO: listener.WebEventListener - beforeClickOn xpath: //div[@id='stepRequirements']]
158790 [main] INFO utilities.listener.WebEventListener  - beforeClickOn xpath: //div[@id='stepRequirements']]
2020-08-31/16:13:21.393  INFO: listener.WebEventListener - after click on
158940 [main] INFO utilities.listener.WebEventListener  - after click on
2020-08-31/16:13:21.394  INFO: listener.WebEventListener - Before Finding element: By.xpath: //input[@id='ShipperReference']
158941 [main] INFO utilities.listener.WebEventListener  - Before Finding element: By.xpath: //input[@id='ShipperReference']
2020-08-31/16:13:21.454  INFO: listener.WebEventListener - Element Found and highlighted: [[ChromeDriver: chrome on WINDOWS (0ee453a6fb1576597d9ecf4a60ca179c)] -> xpath: //input[@id='ShipperReference']]
159001 [main] INFO utilities.listener.WebEventListener  - Element Found and highlighted: [[ChromeDriver: chrome on WINDOWS (0ee453a6fb1576597d9ecf4a60ca179c)] -> xpath: //input[@id='ShipperReference']]
2020-08-31/16:13:22.113  INFO: listener.WebEventListener - Default Value :
159660 [main] INFO utilities.listener.WebEventListener  - Default Value :
2020-08-31/16:13:22.367  INFO: listener.WebEventListener - Entered Value :
159914 [main] INFO utilities.listener.WebEventListener  - Entered Value :
2020-08-31/16:13:22.409  INFO: listener.WebEventListener - Default Value :
159956 [main] INFO utilities.listener.WebEventListener  - Default Value :
2020-08-31/16:13:22.506  INFO: listener.WebEventListener - Entered Value :
160053 [main] INFO utilities.listener.WebEventListener  - Entered Value :
2020-08-31/16:13:22.546  INFO: listener.WebEventListener - Default Value :
160093 [main] INFO utilities.listener.WebEventListener  - Default Value :
2020-08-31/16:13:22.699  INFO: listener.WebEventListener - Entered Value :aaaaaa
160246 [main] INFO utilities.listener.WebEventListener  - Entered Value :aaaaaa
2020-08-31/16:13:22.766  INFO: listener.WebEventListener - Default Value :aaaaaa
160313 [main] INFO utilities.listener.WebEventListener  - Default Value :aaaaaa
2020-08-31/16:13:22.996  INFO: listener.WebEventListener - Entered Value :
160543 [main] INFO utilities.listener.WebEventListener  - Entered Value :
2020-08-31/16:13:23.039  INFO: listener.WebEventListener - Default Value :
160586 [main] INFO utilities.listener.WebEventListener  - Default Value :
2020-08-31/16:13:23.138  INFO: listener.WebEventListener - Entered Value :
160685 [main] INFO utilities.listener.WebEventListener  - Entered Value :
2020-08-31/16:13:23.196  INFO: listener.WebEventListener - Default Value :
160743 [main] INFO utilities.listener.WebEventListener  - Default Value :
2020-08-31/16:13:23.364  INFO: listener.WebEventListener - Entered Value :qqqqqqq
160911 [main] INFO utilities.listener.WebEventListener  - Entered Value :qqqqqqq
2020-08-31/16:13:23.365  INFO: listener.WebEventListener - Before Finding element: By.xpath: //div[@class='flex xs12 md12']//div[@class='v-select__selections']
160912 [main] INFO utilities.listener.WebEventListener  - Before Finding element: By.xpath: //div[@class='flex xs12 md12']//div[@class='v-select__selections']
2020-08-31/16:13:23.395  INFO: listener.WebEventListener - Element Found and highlighted: [[ChromeDriver: chrome on WINDOWS (0ee453a6fb1576597d9ecf4a60ca179c)] -> xpath: //div[@class='flex xs12 md12']//div[@class='v-select__selections']]
160942 [main] INFO utilities.listener.WebEventListener  - Element Found and highlighted: [[ChromeDriver: chrome on WINDOWS (0ee453a6fb1576597d9ecf4a60ca179c)] -> xpath: //div[@class='flex xs12 md12']//div[@class='v-select__selections']]
2020-08-31/16:13:23.450  INFO: listener.WebEventListener - beforeClickOn xpath: //div[@class='flex xs12 md12']//div[@class='v-select__selections']]
160997 [main] INFO utilities.listener.WebEventListener  - beforeClickOn xpath: //div[@class='flex xs12 md12']//div[@class='v-select__selections']]
2020-08-31/16:13:23.623  INFO: listener.WebEventListener - after click on
161170 [main] INFO utilities.listener.WebEventListener  - after click on
2020-08-31/16:13:23.623  INFO: listener.WebEventListener - Before Finding element: By.xpath: //div[contains(text(),'KYC Code 1-Sign Waybill')]
161170 [main] INFO utilities.listener.WebEventListener  - Before Finding element: By.xpath: //div[contains(text(),'KYC Code 1-Sign Waybill')]
2020-08-31/16:13:23.764  INFO: listener.WebEventListener - Element Found and highlighted: [[ChromeDriver: chrome on WINDOWS (0ee453a6fb1576597d9ecf4a60ca179c)] -> xpath: //div[contains(text(),'KYC Code 1-Sign Waybill')]]
161311 [main] INFO utilities.listener.WebEventListener  - Element Found and highlighted: [[ChromeDriver: chrome on WINDOWS (0ee453a6fb1576597d9ecf4a60ca179c)] -> xpath: //div[contains(text(),'KYC Code 1-Sign Waybill')]]
2020-08-31/16:13:23.829  INFO: listener.WebEventListener - beforeClickOn xpath: //div[contains(text(),'KYC Code 1-Sign Waybill')]]
161376 [main] INFO utilities.listener.WebEventListener  - beforeClickOn xpath: //div[contains(text(),'KYC Code 1-Sign Waybill')]]
2020-08-31/16:13:24.090  INFO: listener.WebEventListener - after click on
161637 [main] INFO utilities.listener.WebEventListener  - after click on
2020-08-31/16:13:24.091  INFO: listener.WebEventListener - Before Finding element: By.xpath: //div[@name='instruction-combobox']//div[@class='v-select__selections']
161638 [main] INFO utilities.listener.WebEventListener  - Before Finding element: By.xpath: //div[@name='instruction-combobox']//div[@class='v-select__selections']
2020-08-31/16:13:24.124  INFO: listener.WebEventListener - Element Found and highlighted: [[ChromeDriver: chrome on WINDOWS (0ee453a6fb1576597d9ecf4a60ca179c)] -> xpath: //div[@name='instruction-combobox']//div[@class='v-select__selections']]
161671 [main] INFO utilities.listener.WebEventListener  - Element Found and highlighted: [[ChromeDriver: chrome on WINDOWS (0ee453a6fb1576597d9ecf4a60ca179c)] -> xpath: //div[@name='instruction-combobox']//div[@class='v-select__selections']]
2020-08-31/16:13:24.159  INFO: listener.WebEventListener - beforeClickOn xpath: //div[@name='instruction-combobox']//div[@class='v-select__selections']]
161706 [main] INFO utilities.listener.WebEventListener  - beforeClickOn xpath: //div[@name='instruction-combobox']//div[@class='v-select__selections']]
2020-08-31/16:13:24.264  INFO: listener.WebEventListener - after click on
161811 [main] INFO utilities.listener.WebEventListener  - after click on
2020-08-31/16:13:24.264  INFO: listener.WebEventListener - Before Finding element: By.xpath: //div[contains(text(),'DontDeliverOn')]
161811 [main] INFO utilities.listener.WebEventListener  - Before Finding element: By.xpath: //div[contains(text(),'DontDeliverOn')]
2020-08-31/16:13:24.304  INFO: listener.WebEventListener - Element Found and highlighted: [[ChromeDriver: chrome on WINDOWS (0ee453a6fb1576597d9ecf4a60ca179c)] -> xpath: //div[contains(text(),'DontDeliverOn')]]
161851 [main] INFO utilities.listener.WebEventListener  - Element Found and highlighted: [[ChromeDriver: chrome on WINDOWS (0ee453a6fb1576597d9ecf4a60ca179c)] -> xpath: //div[contains(text(),'DontDeliverOn')]]
2020-08-31/16:13:24.305  INFO: listener.WebEventListener - beforeClickOn xpath: //div[contains(text(),'DontDeliverOn')]]
161852 [main] INFO utilities.listener.WebEventListener  - beforeClickOn xpath: //div[contains(text(),'DontDeliverOn')]]
I am in onTestFailure method doStarted failed
]]></system-out>
  </testcase>
  <testcase name="doStarted" classname="pages.TestPageConsinment" time="60.201">
    <failure message="Index 1 out of bounds for length 1" type="java.lang.ArrayIndexOutOfBoundsException"><![CDATA[java.lang.ArrayIndexOutOfBoundsException: Index 1 out of bounds for length 1
	at pages.TestPageConsinment.doStarted(TestPageConsinment.java:44)
]]></failure>
    <system-out><![CDATA[I am in onTestStart method doStarted start
2020-08-31/16:13:25.657  INFO: listener.WebEventListener - Before Finding element: By.xpath: //div[@class='spinner-inner']/parent::*/parent::div[contains(@class,'active')]
163204 [main] INFO utilities.listener.WebEventListener  - Before Finding element: By.xpath: //div[@class='spinner-inner']/parent::*/parent::div[contains(@class,'active')]
2020-08-31/16:13:25.678  INFO: listener.WebEventListener - Before Finding element: By.xpath: //div[@class='spinner-inner']/parent::*/parent::div[contains(@class,'active')]
163225 [main] INFO utilities.listener.WebEventListener  - Before Finding element: By.xpath: //div[@class='spinner-inner']/parent::*/parent::div[contains(@class,'active')]
2020-08-31/16:13:25.949  INFO: listener.WebEventListener - Before Finding element: By.xpath: //div[@class='spinner-inner']/parent::*/parent::div[contains(@class,'active')]
163496 [main] INFO utilities.listener.WebEventListener  - Before Finding element: By.xpath: //div[@class='spinner-inner']/parent::*/parent::div[contains(@class,'active')]
2020-08-31/16:13:26.215  INFO: listener.WebEventListener - Before Finding element: By.xpath: //div[@class='spinner-inner']/parent::*/parent::div[contains(@class,'active')]
163762 [main] INFO utilities.listener.WebEventListener  - Before Finding element: By.xpath: //div[@class='spinner-inner']/parent::*/parent::div[contains(@class,'active')]
2020-08-31/16:13:26.497  INFO: listener.WebEventListener - Before Finding element: By.xpath: //div[@class='spinner-inner']/parent::*/parent::div[contains(@class,'active')]
164044 [main] INFO utilities.listener.WebEventListener  - Before Finding element: By.xpath: //div[@class='spinner-inner']/parent::*/parent::div[contains(@class,'active')]
2020-08-31/16:13:26.775  INFO: listener.WebEventListener - Before Finding element: By.xpath: //div[@class='spinner-inner']/parent::*/parent::div[contains(@class,'active')]
164322 [main] INFO utilities.listener.WebEventListener  - Before Finding element: By.xpath: //div[@class='spinner-inner']/parent::*/parent::div[contains(@class,'active')]
2020-08-31/16:13:27.061  INFO: listener.WebEventListener - Before Finding element: By.xpath: //div[@class='spinner-inner']/parent::*/parent::div[contains(@class,'active')]
164608 [main] INFO utilities.listener.WebEventListener  - Before Finding element: By.xpath: //div[@class='spinner-inner']/parent::*/parent::div[contains(@class,'active')]
2020-08-31/16:13:27.343  INFO: listener.WebEventListener - Before Finding element: By.xpath: //div[@class='spinner-inner']/parent::*/parent::div[contains(@class,'active')]
164890 [main] INFO utilities.listener.WebEventListener  - Before Finding element: By.xpath: //div[@class='spinner-inner']/parent::*/parent::div[contains(@class,'active')]
2020-08-31/16:13:27.626  INFO: listener.WebEventListener - Before Finding element: By.xpath: //div[@class='spinner-inner']/parent::*/parent::div[contains(@class,'active')]
165173 [main] INFO utilities.listener.WebEventListener  - Before Finding element: By.xpath: //div[@class='spinner-inner']/parent::*/parent::div[contains(@class,'active')]
2020-08-31/16:13:27.910  INFO: listener.WebEventListener - Before Finding element: By.xpath: //div[@class='spinner-inner']/parent::*/parent::div[contains(@class,'active')]
165457 [main] INFO utilities.listener.WebEventListener  - Before Finding element: By.xpath: //div[@class='spinner-inner']/parent::*/parent::div[contains(@class,'active')]
2020-08-31/16:13:28.192  INFO: listener.WebEventListener - Before Finding element: By.xpath: //div[@class='spinner-inner']/parent::*/parent::div[contains(@class,'active')]
165739 [main] INFO utilities.listener.WebEventListener  - Before Finding element: By.xpath: //div[@class='spinner-inner']/parent::*/parent::div[contains(@class,'active')]
2020-08-31/16:13:28.462  INFO: listener.WebEventListener - Before Finding element: By.xpath: //div[@class='spinner-inner']/parent::*/parent::div[contains(@class,'active')]
166009 [main] INFO utilities.listener.WebEventListener  - Before Finding element: By.xpath: //div[@class='spinner-inner']/parent::*/parent::div[contains(@class,'active')]
2020-08-31/16:13:28.746  INFO: listener.WebEventListener - Before Finding element: By.xpath: //div[@class='spinner-inner']/parent::*/parent::div[contains(@class,'active')]
166293 [main] INFO utilities.listener.WebEventListener  - Before Finding element: By.xpath: //div[@class='spinner-inner']/parent::*/parent::div[contains(@class,'active')]
2020-08-31/16:13:29.026  INFO: listener.WebEventListener - Before Finding element: By.xpath: //div[@class='spinner-inner']/parent::*/parent::div[contains(@class,'active')]
166573 [main] INFO utilities.listener.WebEventListener  - Before Finding element: By.xpath: //div[@class='spinner-inner']/parent::*/parent::div[contains(@class,'active')]
2020-08-31/16:13:29.301  INFO: listener.WebEventListener - Before Finding element: By.xpath: //div[@class='spinner-inner']/parent::*/parent::div[contains(@class,'active')]
166848 [main] INFO utilities.listener.WebEventListener  - Before Finding element: By.xpath: //div[@class='spinner-inner']/parent::*/parent::div[contains(@class,'active')]
2020-08-31/16:13:29.590  INFO: listener.WebEventListener - Before Finding element: By.xpath: //div[@class='spinner-inner']/parent::*/parent::div[contains(@class,'active')]
167137 [main] INFO utilities.listener.WebEventListener  - Before Finding element: By.xpath: //div[@class='spinner-inner']/parent::*/parent::div[contains(@class,'active')]
2020-08-31/16:13:29.878  INFO: listener.WebEventListener - Before Finding element: By.xpath: //div[@class='spinner-inner']/parent::*/parent::div[contains(@class,'active')]
167425 [main] INFO utilities.listener.WebEventListener  - Before Finding element: By.xpath: //div[@class='spinner-inner']/parent::*/parent::div[contains(@class,'active')]
2020-08-31/16:13:30.147  INFO: listener.WebEventListener - Before Finding element: By.xpath: //div[@class='spinner-inner']/parent::*/parent::div[contains(@class,'active')]
167694 [main] INFO utilities.listener.WebEventListener  - Before Finding element: By.xpath: //div[@class='spinner-inner']/parent::*/parent::div[contains(@class,'active')]
2020-08-31/16:13:30.413  INFO: listener.WebEventListener - Before Finding element: By.xpath: //div[@class='spinner-inner']/parent::*/parent::div[contains(@class,'active')]
167960 [main] INFO utilities.listener.WebEventListener  - Before Finding element: By.xpath: //div[@class='spinner-inner']/parent::*/parent::div[contains(@class,'active')]
2020-08-31/16:13:30.695  INFO: listener.WebEventListener - Before Finding element: By.xpath: //div[@class='spinner-inner']/parent::*/parent::div[contains(@class,'active')]
168242 [main] INFO utilities.listener.WebEventListener  - Before Finding element: By.xpath: //div[@class='spinner-inner']/parent::*/parent::div[contains(@class,'active')]
2020-08-31/16:13:30.962  INFO: listener.WebEventListener - Before Finding element: By.xpath: //div[@class='spinner-inner']/parent::*/parent::div[contains(@class,'active')]
168509 [main] INFO utilities.listener.WebEventListener  - Before Finding element: By.xpath: //div[@class='spinner-inner']/parent::*/parent::div[contains(@class,'active')]
2020-08-31/16:13:31.247  INFO: listener.WebEventListener - Before Finding element: By.xpath: //div[@class='spinner-inner']/parent::*/parent::div[contains(@class,'active')]
168794 [main] INFO utilities.listener.WebEventListener  - Before Finding element: By.xpath: //div[@class='spinner-inner']/parent::*/parent::div[contains(@class,'active')]
2020-08-31/16:13:31.544  INFO: listener.WebEventListener - Before Finding element: By.xpath: //div[@class='spinner-inner']/parent::*/parent::div[contains(@class,'active')]
169091 [main] INFO utilities.listener.WebEventListener  - Before Finding element: By.xpath: //div[@class='spinner-inner']/parent::*/parent::div[contains(@class,'active')]
2020-08-31/16:13:31.831  INFO: listener.WebEventListener - Before Finding element: By.xpath: //div[@class='spinner-inner']/parent::*/parent::div[contains(@class,'active')]
169378 [main] INFO utilities.listener.WebEventListener  - Before Finding element: By.xpath: //div[@class='spinner-inner']/parent::*/parent::div[contains(@class,'active')]
2020-08-31/16:13:32.102  INFO: listener.WebEventListener - Before Finding element: By.xpath: //div[@class='spinner-inner']/parent::*/parent::div[contains(@class,'active')]
169649 [main] INFO utilities.listener.WebEventListener  - Before Finding element: By.xpath: //div[@class='spinner-inner']/parent::*/parent::div[contains(@class,'active')]
2020-08-31/16:13:32.372  INFO: listener.WebEventListener - Before Finding element: By.xpath: //div[@class='spinner-inner']/parent::*/parent::div[contains(@class,'active')]
169919 [main] INFO utilities.listener.WebEventListener  - Before Finding element: By.xpath: //div[@class='spinner-inner']/parent::*/parent::div[contains(@class,'active')]
2020-08-31/16:13:32.653  INFO: listener.WebEventListener - Before Finding element: By.xpath: //div[@class='spinner-inner']/parent::*/parent::div[contains(@class,'active')]
170200 [main] INFO utilities.listener.WebEventListener  - Before Finding element: By.xpath: //div[@class='spinner-inner']/parent::*/parent::div[contains(@class,'active')]
2020-08-31/16:13:32.936  INFO: listener.WebEventListener - Before Finding element: By.xpath: //div[@class='spinner-inner']/parent::*/parent::div[contains(@class,'active')]
170483 [main] INFO utilities.listener.WebEventListener  - Before Finding element: By.xpath: //div[@class='spinner-inner']/parent::*/parent::div[contains(@class,'active')]
2020-08-31/16:13:33.220  INFO: listener.WebEventListener - Before Finding element: By.xpath: //div[@class='spinner-inner']/parent::*/parent::div[contains(@class,'active')]
170767 [main] INFO utilities.listener.WebEventListener  - Before Finding element: By.xpath: //div[@class='spinner-inner']/parent::*/parent::div[contains(@class,'active')]
2020-08-31/16:13:33.488  INFO: listener.WebEventListener - Before Finding element: By.xpath: //div[@class='spinner-inner']/parent::*/parent::div[contains(@class,'active')]
171035 [main] INFO utilities.listener.WebEventListener  - Before Finding element: By.xpath: //div[@class='spinner-inner']/parent::*/parent::div[contains(@class,'active')]
2020-08-31/16:13:33.766  INFO: listener.WebEventListener - Before Finding element: By.xpath: //div[@class='spinner-inner']/parent::*/parent::div[contains(@class,'active')]
171313 [main] INFO utilities.listener.WebEventListener  - Before Finding element: By.xpath: //div[@class='spinner-inner']/parent::*/parent::div[contains(@class,'active')]
2020-08-31/16:13:34.034  INFO: listener.WebEventListener - Before Finding element: By.xpath: //div[@class='spinner-inner']/parent::*/parent::div[contains(@class,'active')]
171581 [main] INFO utilities.listener.WebEventListener  - Before Finding element: By.xpath: //div[@class='spinner-inner']/parent::*/parent::div[contains(@class,'active')]
2020-08-31/16:13:34.317  INFO: listener.WebEventListener - Before Finding element: By.xpath: //div[@class='spinner-inner']/parent::*/parent::div[contains(@class,'active')]
171864 [main] INFO utilities.listener.WebEventListener  - Before Finding element: By.xpath: //div[@class='spinner-inner']/parent::*/parent::div[contains(@class,'active')]
2020-08-31/16:13:34.599  INFO: listener.WebEventListener - Before Finding element: By.xpath: //div[@class='spinner-inner']/parent::*/parent::div[contains(@class,'active')]
172146 [main] INFO utilities.listener.WebEventListener  - Before Finding element: By.xpath: //div[@class='spinner-inner']/parent::*/parent::div[contains(@class,'active')]
2020-08-31/16:13:34.882  INFO: listener.WebEventListener - Before Finding element: By.xpath: //div[@class='spinner-inner']/parent::*/parent::div[contains(@class,'active')]
172429 [main] INFO utilities.listener.WebEventListener  - Before Finding element: By.xpath: //div[@class='spinner-inner']/parent::*/parent::div[contains(@class,'active')]
2020-08-31/16:13:35.165  INFO: listener.WebEventListener - Before Finding element: By.xpath: //div[@class='spinner-inner']/parent::*/parent::div[contains(@class,'active')]
172712 [main] INFO utilities.listener.WebEventListener  - Before Finding element: By.xpath: //div[@class='spinner-inner']/parent::*/parent::div[contains(@class,'active')]
2020-08-31/16:13:35.448  INFO: listener.WebEventListener - Before Finding element: By.xpath: //div[@class='spinner-inner']/parent::*/parent::div[contains(@class,'active')]
172995 [main] INFO utilities.listener.WebEventListener  - Before Finding element: By.xpath: //div[@class='spinner-inner']/parent::*/parent::div[contains(@class,'active')]
2020-08-31/16:13:35.732  INFO: listener.WebEventListener - Before Finding element: By.xpath: //div[@class='spinner-inner']/parent::*/parent::div[contains(@class,'active')]
173279 [main] INFO utilities.listener.WebEventListener  - Before Finding element: By.xpath: //div[@class='spinner-inner']/parent::*/parent::div[contains(@class,'active')]
2020-08-31/16:13:35.997  INFO: listener.WebEventListener - Before Finding element: By.xpath: //div[@class='spinner-inner']/parent::*/parent::div[contains(@class,'active')]
173544 [main] INFO utilities.listener.WebEventListener  - Before Finding element: By.xpath: //div[@class='spinner-inner']/parent::*/parent::div[contains(@class,'active')]
2020-08-31/16:13:36.269  INFO: listener.WebEventListener - Before Finding element: By.xpath: //div[@class='spinner-inner']/parent::*/parent::div[contains(@class,'active')]
173816 [main] INFO utilities.listener.WebEventListener  - Before Finding element: By.xpath: //div[@class='spinner-inner']/parent::*/parent::div[contains(@class,'active')]
2020-08-31/16:13:36.538  INFO: listener.WebEventListener - Before Finding element: By.xpath: //div[@class='spinner-inner']/parent::*/parent::div[contains(@class,'active')]
174085 [main] INFO utilities.listener.WebEventListener  - Before Finding element: By.xpath: //div[@class='spinner-inner']/parent::*/parent::div[contains(@class,'active')]
2020-08-31/16:13:36.808  INFO: listener.WebEventListener - Before Finding element: By.xpath: //div[@class='spinner-inner']/parent::*/parent::div[contains(@class,'active')]
174355 [main] INFO utilities.listener.WebEventListener  - Before Finding element: By.xpath: //div[@class='spinner-inner']/parent::*/parent::div[contains(@class,'active')]
2020-08-31/16:13:37.094  INFO: listener.WebEventListener - Before Finding element: By.xpath: //div[@class='spinner-inner']/parent::*/parent::div[contains(@class,'active')]
174641 [main] INFO utilities.listener.WebEventListener  - Before Finding element: By.xpath: //div[@class='spinner-inner']/parent::*/parent::div[contains(@class,'active')]
2020-08-31/16:13:37.375  INFO: listener.WebEventListener - Before Finding element: By.xpath: //div[@class='spinner-inner']/parent::*/parent::div[contains(@class,'active')]
174922 [main] INFO utilities.listener.WebEventListener  - Before Finding element: By.xpath: //div[@class='spinner-inner']/parent::*/parent::div[contains(@class,'active')]
2020-08-31/16:13:37.642  INFO: listener.WebEventListener - Before Finding element: By.xpath: //div[@class='spinner-inner']/parent::*/parent::div[contains(@class,'active')]
175189 [main] INFO utilities.listener.WebEventListener  - Before Finding element: By.xpath: //div[@class='spinner-inner']/parent::*/parent::div[contains(@class,'active')]
2020-08-31/16:13:37.928  INFO: listener.WebEventListener - Before Finding element: By.xpath: //div[@class='spinner-inner']/parent::*/parent::div[contains(@class,'active')]
175475 [main] INFO utilities.listener.WebEventListener  - Before Finding element: By.xpath: //div[@class='spinner-inner']/parent::*/parent::div[contains(@class,'active')]
2020-08-31/16:13:38.197  INFO: listener.WebEventListener - Before Finding element: By.xpath: //div[@class='spinner-inner']/parent::*/parent::div[contains(@class,'active')]
175744 [main] INFO utilities.listener.WebEventListener  - Before Finding element: By.xpath: //div[@class='spinner-inner']/parent::*/parent::div[contains(@class,'active')]
2020-08-31/16:13:38.480  INFO: listener.WebEventListener - Before Finding element: By.xpath: //div[@class='spinner-inner']/parent::*/parent::div[contains(@class,'active')]
176027 [main] INFO utilities.listener.WebEventListener  - Before Finding element: By.xpath: //div[@class='spinner-inner']/parent::*/parent::div[contains(@class,'active')]
2020-08-31/16:13:38.769  INFO: listener.WebEventListener - Before Finding element: By.xpath: //div[@class='spinner-inner']/parent::*/parent::div[contains(@class,'active')]
176316 [main] INFO utilities.listener.WebEventListener  - Before Finding element: By.xpath: //div[@class='spinner-inner']/parent::*/parent::div[contains(@class,'active')]
2020-08-31/16:13:39.056  INFO: listener.WebEventListener - Before Finding element: By.xpath: //div[@class='spinner-inner']/parent::*/parent::div[contains(@class,'active')]
176603 [main] INFO utilities.listener.WebEventListener  - Before Finding element: By.xpath: //div[@class='spinner-inner']/parent::*/parent::div[contains(@class,'active')]
2020-08-31/16:13:39.338  INFO: listener.WebEventListener - Before Finding element: By.xpath: //div[@class='spinner-inner']/parent::*/parent::div[contains(@class,'active')]
176885 [main] INFO utilities.listener.WebEventListener  - Before Finding element: By.xpath: //div[@class='spinner-inner']/parent::*/parent::div[contains(@class,'active')]
2020-08-31/16:13:39.621  INFO: listener.WebEventListener - Before Finding element: By.xpath: //div[@class='spinner-inner']/parent::*/parent::div[contains(@class,'active')]
177168 [main] INFO utilities.listener.WebEventListener  - Before Finding element: By.xpath: //div[@class='spinner-inner']/parent::*/parent::div[contains(@class,'active')]
2020-08-31/16:13:39.896  INFO: listener.WebEventListener - Before Finding element: By.xpath: //div[@class='spinner-inner']/parent::*/parent::div[contains(@class,'active')]
177443 [main] INFO utilities.listener.WebEventListener  - Before Finding element: By.xpath: //div[@class='spinner-inner']/parent::*/parent::div[contains(@class,'active')]
2020-08-31/16:13:40.180  INFO: listener.WebEventListener - Before Finding element: By.xpath: //div[@class='spinner-inner']/parent::*/parent::div[contains(@class,'active')]
177727 [main] INFO utilities.listener.WebEventListener  - Before Finding element: By.xpath: //div[@class='spinner-inner']/parent::*/parent::div[contains(@class,'active')]
2020-08-31/16:13:40.450  INFO: listener.WebEventListener - Before Finding element: By.xpath: //div[@class='spinner-inner']/parent::*/parent::div[contains(@class,'active')]
177997 [main] INFO utilities.listener.WebEventListener  - Before Finding element: By.xpath: //div[@class='spinner-inner']/parent::*/parent::div[contains(@class,'active')]
2020-08-31/16:13:40.747  INFO: listener.WebEventListener - Before Finding element: By.xpath: //div[@class='spinner-inner']/parent::*/parent::div[contains(@class,'active')]
178294 [main] INFO utilities.listener.WebEventListener  - Before Finding element: By.xpath: //div[@class='spinner-inner']/parent::*/parent::div[contains(@class,'active')]
2020-08-31/16:13:41.038  INFO: listener.WebEventListener - Before Finding element: By.xpath: //div[@class='spinner-inner']/parent::*/parent::div[contains(@class,'active')]
178585 [main] INFO utilities.listener.WebEventListener  - Before Finding element: By.xpath: //div[@class='spinner-inner']/parent::*/parent::div[contains(@class,'active')]
2020-08-31/16:13:41.323  INFO: listener.WebEventListener - Before Finding element: By.xpath: //div[@class='spinner-inner']/parent::*/parent::div[contains(@class,'active')]
178870 [main] INFO utilities.listener.WebEventListener  - Before Finding element: By.xpath: //div[@class='spinner-inner']/parent::*/parent::div[contains(@class,'active')]
2020-08-31/16:13:41.593  INFO: listener.WebEventListener - Before Finding element: By.xpath: //div[@class='spinner-inner']/parent::*/parent::div[contains(@class,'active')]
179140 [main] INFO utilities.listener.WebEventListener  - Before Finding element: By.xpath: //div[@class='spinner-inner']/parent::*/parent::div[contains(@class,'active')]
2020-08-31/16:13:41.891  INFO: listener.WebEventListener - Before Finding element: By.xpath: //div[@class='spinner-inner']/parent::*/parent::div[contains(@class,'active')]
179438 [main] INFO utilities.listener.WebEventListener  - Before Finding element: By.xpath: //div[@class='spinner-inner']/parent::*/parent::div[contains(@class,'active')]
2020-08-31/16:13:42.177  INFO: listener.WebEventListener - Before Finding element: By.xpath: //div[@class='spinner-inner']/parent::*/parent::div[contains(@class,'active')]
179724 [main] INFO utilities.listener.WebEventListener  - Before Finding element: By.xpath: //div[@class='spinner-inner']/parent::*/parent::div[contains(@class,'active')]
2020-08-31/16:13:42.457  INFO: listener.WebEventListener - Before Finding element: By.xpath: //div[@class='spinner-inner']/parent::*/parent::div[contains(@class,'active')]
180004 [main] INFO utilities.listener.WebEventListener  - Before Finding element: By.xpath: //div[@class='spinner-inner']/parent::*/parent::div[contains(@class,'active')]
2020-08-31/16:13:42.724  INFO: listener.WebEventListener - Before Finding element: By.xpath: //div[@class='spinner-inner']/parent::*/parent::div[contains(@class,'active')]
180271 [main] INFO utilities.listener.WebEventListener  - Before Finding element: By.xpath: //div[@class='spinner-inner']/parent::*/parent::div[contains(@class,'active')]
2020-08-31/16:13:42.992  INFO: listener.WebEventListener - Before Finding element: By.xpath: //div[@class='spinner-inner']/parent::*/parent::div[contains(@class,'active')]
180539 [main] INFO utilities.listener.WebEventListener  - Before Finding element: By.xpath: //div[@class='spinner-inner']/parent::*/parent::div[contains(@class,'active')]
2020-08-31/16:13:43.287  INFO: listener.WebEventListener - Before Finding element: By.xpath: //div[@class='spinner-inner']/parent::*/parent::div[contains(@class,'active')]
180834 [main] INFO utilities.listener.WebEventListener  - Before Finding element: By.xpath: //div[@class='spinner-inner']/parent::*/parent::div[contains(@class,'active')]
2020-08-31/16:13:43.565  INFO: listener.WebEventListener - Before Finding element: By.xpath: //div[@class='spinner-inner']/parent::*/parent::div[contains(@class,'active')]
181112 [main] INFO utilities.listener.WebEventListener  - Before Finding element: By.xpath: //div[@class='spinner-inner']/parent::*/parent::div[contains(@class,'active')]
2020-08-31/16:13:43.843  INFO: listener.WebEventListener - Before Finding element: By.xpath: //div[@class='spinner-inner']/parent::*/parent::div[contains(@class,'active')]
181390 [main] INFO utilities.listener.WebEventListener  - Before Finding element: By.xpath: //div[@class='spinner-inner']/parent::*/parent::div[contains(@class,'active')]
2020-08-31/16:13:44.109  INFO: listener.WebEventListener - Before Finding element: By.xpath: //div[@class='spinner-inner']/parent::*/parent::div[contains(@class,'active')]
181656 [main] INFO utilities.listener.WebEventListener  - Before Finding element: By.xpath: //div[@class='spinner-inner']/parent::*/parent::div[contains(@class,'active')]
2020-08-31/16:13:44.393  INFO: listener.WebEventListener - Before Finding element: By.xpath: //div[@class='spinner-inner']/parent::*/parent::div[contains(@class,'active')]
181940 [main] INFO utilities.listener.WebEventListener  - Before Finding element: By.xpath: //div[@class='spinner-inner']/parent::*/parent::div[contains(@class,'active')]
2020-08-31/16:13:44.676  INFO: listener.WebEventListener - Before Finding element: By.xpath: //div[@class='spinner-inner']/parent::*/parent::div[contains(@class,'active')]
182223 [main] INFO utilities.listener.WebEventListener  - Before Finding element: By.xpath: //div[@class='spinner-inner']/parent::*/parent::div[contains(@class,'active')]
2020-08-31/16:13:44.959  INFO: listener.WebEventListener - Before Finding element: By.xpath: //div[@class='spinner-inner']/parent::*/parent::div[contains(@class,'active')]
182506 [main] INFO utilities.listener.WebEventListener  - Before Finding element: By.xpath: //div[@class='spinner-inner']/parent::*/parent::div[contains(@class,'active')]
2020-08-31/16:13:45.247  INFO: listener.WebEventListener - Before Finding element: By.xpath: //div[@class='spinner-inner']/parent::*/parent::div[contains(@class,'active')]
182794 [main] INFO utilities.listener.WebEventListener  - Before Finding element: By.xpath: //div[@class='spinner-inner']/parent::*/parent::div[contains(@class,'active')]
2020-08-31/16:13:45.516  INFO: listener.WebEventListener - Before Finding element: By.xpath: //div[@class='spinner-inner']/parent::*/parent::div[contains(@class,'active')]
183063 [main] INFO utilities.listener.WebEventListener  - Before Finding element: By.xpath: //div[@class='spinner-inner']/parent::*/parent::div[contains(@class,'active')]
2020-08-31/16:13:45.799  INFO: listener.WebEventListener - Before Finding element: By.xpath: //div[@class='spinner-inner']/parent::*/parent::div[contains(@class,'active')]
183346 [main] INFO utilities.listener.WebEventListener  - Before Finding element: By.xpath: //div[@class='spinner-inner']/parent::*/parent::div[contains(@class,'active')]
2020-08-31/16:13:46.070  INFO: listener.WebEventListener - Before Finding element: By.xpath: //div[@class='spinner-inner']/parent::*/parent::div[contains(@class,'active')]
183617 [main] INFO utilities.listener.WebEventListener  - Before Finding element: By.xpath: //div[@class='spinner-inner']/parent::*/parent::div[contains(@class,'active')]
2020-08-31/16:13:46.355  INFO: listener.WebEventListener - Before Finding element: By.xpath: //div[@class='spinner-inner']/parent::*/parent::div[contains(@class,'active')]
183902 [main] INFO utilities.listener.WebEventListener  - Before Finding element: By.xpath: //div[@class='spinner-inner']/parent::*/parent::div[contains(@class,'active')]
2020-08-31/16:13:46.636  INFO: listener.WebEventListener - Before Finding element: By.xpath: //div[@class='spinner-inner']/parent::*/parent::div[contains(@class,'active')]
184183 [main] INFO utilities.listener.WebEventListener  - Before Finding element: By.xpath: //div[@class='spinner-inner']/parent::*/parent::div[contains(@class,'active')]
2020-08-31/16:13:46.905  INFO: listener.WebEventListener - Before Finding element: By.xpath: //div[@class='spinner-inner']/parent::*/parent::div[contains(@class,'active')]
184452 [main] INFO utilities.listener.WebEventListener  - Before Finding element: By.xpath: //div[@class='spinner-inner']/parent::*/parent::div[contains(@class,'active')]
2020-08-31/16:13:47.187  INFO: listener.WebEventListener - Before Finding element: By.xpath: //div[@class='spinner-inner']/parent::*/parent::div[contains(@class,'active')]
184734 [main] INFO utilities.listener.WebEventListener  - Before Finding element: By.xpath: //div[@class='spinner-inner']/parent::*/parent::div[contains(@class,'active')]
2020-08-31/16:13:47.468  INFO: listener.WebEventListener - Before Finding element: By.xpath: //div[@class='spinner-inner']/parent::*/parent::div[contains(@class,'active')]
185015 [main] INFO utilities.listener.WebEventListener  - Before Finding element: By.xpath: //div[@class='spinner-inner']/parent::*/parent::div[contains(@class,'active')]
2020-08-31/16:13:47.766  INFO: listener.WebEventListener - Before Finding element: By.xpath: //div[@class='spinner-inner']/parent::*/parent::div[contains(@class,'active')]
185313 [main] INFO utilities.listener.WebEventListener  - Before Finding element: By.xpath: //div[@class='spinner-inner']/parent::*/parent::div[contains(@class,'active')]
2020-08-31/16:13:48.041  INFO: listener.WebEventListener - Before Finding element: By.xpath: //div[@class='spinner-inner']/parent::*/parent::div[contains(@class,'active')]
185588 [main] INFO utilities.listener.WebEventListener  - Before Finding element: By.xpath: //div[@class='spinner-inner']/parent::*/parent::div[contains(@class,'active')]
2020-08-31/16:13:48.309  INFO: listener.WebEventListener - Before Finding element: By.xpath: //div[@class='spinner-inner']/parent::*/parent::div[contains(@class,'active')]
185856 [main] INFO utilities.listener.WebEventListener  - Before Finding element: By.xpath: //div[@class='spinner-inner']/parent::*/parent::div[contains(@class,'active')]
2020-08-31/16:13:48.593  INFO: listener.WebEventListener - Before Finding element: By.xpath: //div[@class='spinner-inner']/parent::*/parent::div[contains(@class,'active')]
186140 [main] INFO utilities.listener.WebEventListener  - Before Finding element: By.xpath: //div[@class='spinner-inner']/parent::*/parent::div[contains(@class,'active')]
2020-08-31/16:13:48.874  INFO: listener.WebEventListener - Before Finding element: By.xpath: //div[@class='spinner-inner']/parent::*/parent::div[contains(@class,'active')]
186421 [main] INFO utilities.listener.WebEventListener  - Before Finding element: By.xpath: //div[@class='spinner-inner']/parent::*/parent::div[contains(@class,'active')]
2020-08-31/16:13:49.181  INFO: listener.WebEventListener - Before Finding element: By.xpath: //div[@class='spinner-inner']/parent::*/parent::div[contains(@class,'active')]
186728 [main] INFO utilities.listener.WebEventListener  - Before Finding element: By.xpath: //div[@class='spinner-inner']/parent::*/parent::div[contains(@class,'active')]
2020-08-31/16:13:49.468  INFO: listener.WebEventListener - Before Finding element: By.xpath: //div[@class='spinner-inner']/parent::*/parent::div[contains(@class,'active')]
187015 [main] INFO utilities.listener.WebEventListener  - Before Finding element: By.xpath: //div[@class='spinner-inner']/parent::*/parent::div[contains(@class,'active')]
2020-08-31/16:13:49.748  INFO: listener.WebEventListener - Before Finding element: By.xpath: //div[@class='spinner-inner']/parent::*/parent::div[contains(@class,'active')]
187295 [main] INFO utilities.listener.WebEventListener  - Before Finding element: By.xpath: //div[@class='spinner-inner']/parent::*/parent::div[contains(@class,'active')]
2020-08-31/16:13:50.015  INFO: listener.WebEventListener - Before Finding element: By.xpath: //div[@class='spinner-inner']/parent::*/parent::div[contains(@class,'active')]
187562 [main] INFO utilities.listener.WebEventListener  - Before Finding element: By.xpath: //div[@class='spinner-inner']/parent::*/parent::div[contains(@class,'active')]
2020-08-31/16:13:50.298  INFO: listener.WebEventListener - Before Finding element: By.xpath: //div[@class='spinner-inner']/parent::*/parent::div[contains(@class,'active')]
187845 [main] INFO utilities.listener.WebEventListener  - Before Finding element: By.xpath: //div[@class='spinner-inner']/parent::*/parent::div[contains(@class,'active')]
2020-08-31/16:13:50.581  INFO: listener.WebEventListener - Before Finding element: By.xpath: //div[@class='spinner-inner']/parent::*/parent::div[contains(@class,'active')]
188128 [main] INFO utilities.listener.WebEventListener  - Before Finding element: By.xpath: //div[@class='spinner-inner']/parent::*/parent::div[contains(@class,'active')]
2020-08-31/16:13:50.863  INFO: listener.WebEventListener - Before Finding element: By.xpath: //div[@class='spinner-inner']/parent::*/parent::div[contains(@class,'active')]
188410 [main] INFO utilities.listener.WebEventListener  - Before Finding element: By.xpath: //div[@class='spinner-inner']/parent::*/parent::div[contains(@class,'active')]
2020-08-31/16:13:51.135  INFO: listener.WebEventListener - Before Finding element: By.xpath: //div[@class='spinner-inner']/parent::*/parent::div[contains(@class,'active')]
188682 [main] INFO utilities.listener.WebEventListener  - Before Finding element: By.xpath: //div[@class='spinner-inner']/parent::*/parent::div[contains(@class,'active')]
2020-08-31/16:13:51.400  INFO: listener.WebEventListener - Before Finding element: By.xpath: //div[@class='spinner-inner']/parent::*/parent::div[contains(@class,'active')]
188947 [main] INFO utilities.listener.WebEventListener  - Before Finding element: By.xpath: //div[@class='spinner-inner']/parent::*/parent::div[contains(@class,'active')]
2020-08-31/16:13:51.686  INFO: listener.WebEventListener - Before Finding element: By.xpath: //div[@class='spinner-inner']/parent::*/parent::div[contains(@class,'active')]
189233 [main] INFO utilities.listener.WebEventListener  - Before Finding element: By.xpath: //div[@class='spinner-inner']/parent::*/parent::div[contains(@class,'active')]
2020-08-31/16:13:51.968  INFO: listener.WebEventListener - Before Finding element: By.xpath: //div[@class='spinner-inner']/parent::*/parent::div[contains(@class,'active')]
189515 [main] INFO utilities.listener.WebEventListener  - Before Finding element: By.xpath: //div[@class='spinner-inner']/parent::*/parent::div[contains(@class,'active')]
2020-08-31/16:13:52.252  INFO: listener.WebEventListener - Before Finding element: By.xpath: //div[@class='spinner-inner']/parent::*/parent::div[contains(@class,'active')]
189799 [main] INFO utilities.listener.WebEventListener  - Before Finding element: By.xpath: //div[@class='spinner-inner']/parent::*/parent::div[contains(@class,'active')]
2020-08-31/16:13:52.533  INFO: listener.WebEventListener - Before Finding element: By.xpath: //div[@class='spinner-inner']/parent::*/parent::div[contains(@class,'active')]
190080 [main] INFO utilities.listener.WebEventListener  - Before Finding element: By.xpath: //div[@class='spinner-inner']/parent::*/parent::div[contains(@class,'active')]
2020-08-31/16:13:52.814  INFO: listener.WebEventListener - Before Finding element: By.xpath: //div[@class='spinner-inner']/parent::*/parent::div[contains(@class,'active')]
190361 [main] INFO utilities.listener.WebEventListener  - Before Finding element: By.xpath: //div[@class='spinner-inner']/parent::*/parent::div[contains(@class,'active')]
2020-08-31/16:13:53.098  INFO: listener.WebEventListener - Before Finding element: By.xpath: //div[@class='spinner-inner']/parent::*/parent::div[contains(@class,'active')]
190645 [main] INFO utilities.listener.WebEventListener  - Before Finding element: By.xpath: //div[@class='spinner-inner']/parent::*/parent::div[contains(@class,'active')]
2020-08-31/16:13:53.380  INFO: listener.WebEventListener - Before Finding element: By.xpath: //div[@class='spinner-inner']/parent::*/parent::div[contains(@class,'active')]
190927 [main] INFO utilities.listener.WebEventListener  - Before Finding element: By.xpath: //div[@class='spinner-inner']/parent::*/parent::div[contains(@class,'active')]
2020-08-31/16:13:53.660  INFO: listener.WebEventListener - Before Finding element: By.xpath: //div[@class='spinner-inner']/parent::*/parent::div[contains(@class,'active')]
191207 [main] INFO utilities.listener.WebEventListener  - Before Finding element: By.xpath: //div[@class='spinner-inner']/parent::*/parent::div[contains(@class,'active')]
2020-08-31/16:13:53.943  INFO: listener.WebEventListener - Before Finding element: By.xpath: //div[@class='spinner-inner']/parent::*/parent::div[contains(@class,'active')]
191490 [main] INFO utilities.listener.WebEventListener  - Before Finding element: By.xpath: //div[@class='spinner-inner']/parent::*/parent::div[contains(@class,'active')]
2020-08-31/16:13:54.219  INFO: listener.WebEventListener - Before Finding element: By.xpath: //div[@class='spinner-inner']/parent::*/parent::div[contains(@class,'active')]
191766 [main] INFO utilities.listener.WebEventListener  - Before Finding element: By.xpath: //div[@class='spinner-inner']/parent::*/parent::div[contains(@class,'active')]
2020-08-31/16:13:54.503  INFO: listener.WebEventListener - Before Finding element: By.xpath: //div[@class='spinner-inner']/parent::*/parent::div[contains(@class,'active')]
192050 [main] INFO utilities.listener.WebEventListener  - Before Finding element: By.xpath: //div[@class='spinner-inner']/parent::*/parent::div[contains(@class,'active')]
2020-08-31/16:13:54.786  INFO: listener.WebEventListener - Before Finding element: By.xpath: //div[@class='spinner-inner']/parent::*/parent::div[contains(@class,'active')]
192333 [main] INFO utilities.listener.WebEventListener  - Before Finding element: By.xpath: //div[@class='spinner-inner']/parent::*/parent::div[contains(@class,'active')]
2020-08-31/16:13:55.052  INFO: listener.WebEventListener - Before Finding element: By.xpath: //div[@class='spinner-inner']/parent::*/parent::div[contains(@class,'active')]
192599 [main] INFO utilities.listener.WebEventListener  - Before Finding element: By.xpath: //div[@class='spinner-inner']/parent::*/parent::div[contains(@class,'active')]
2020-08-31/16:13:55.332  INFO: listener.WebEventListener - Before Finding element: By.xpath: //div[@class='spinner-inner']/parent::*/parent::div[contains(@class,'active')]
192879 [main] INFO utilities.listener.WebEventListener  - Before Finding element: By.xpath: //div[@class='spinner-inner']/parent::*/parent::div[contains(@class,'active')]
2020-08-31/16:13:55.619  INFO: listener.WebEventListener - Before Finding element: By.xpath: //div[@class='spinner-inner']/parent::*/parent::div[contains(@class,'active')]
193166 [main] INFO utilities.listener.WebEventListener  - Before Finding element: By.xpath: //div[@class='spinner-inner']/parent::*/parent::div[contains(@class,'active')]
2020-08-31/16:13:55.900  INFO: listener.WebEventListener - Before Finding element: By.xpath: //div[@class='spinner-inner']/parent::*/parent::div[contains(@class,'active')]
193447 [main] INFO utilities.listener.WebEventListener  - Before Finding element: By.xpath: //div[@class='spinner-inner']/parent::*/parent::div[contains(@class,'active')]
2020-08-31/16:13:56.168  INFO: listener.WebEventListener - Before Finding element: By.xpath: //div[@class='spinner-inner']/parent::*/parent::div[contains(@class,'active')]
193715 [main] INFO utilities.listener.WebEventListener  - Before Finding element: By.xpath: //div[@class='spinner-inner']/parent::*/parent::div[contains(@class,'active')]
2020-08-31/16:13:56.454  INFO: listener.WebEventListener - Before Finding element: By.xpath: //div[@class='spinner-inner']/parent::*/parent::div[contains(@class,'active')]
194001 [main] INFO utilities.listener.WebEventListener  - Before Finding element: By.xpath: //div[@class='spinner-inner']/parent::*/parent::div[contains(@class,'active')]
2020-08-31/16:13:56.720  INFO: listener.WebEventListener - Before Finding element: By.xpath: //div[@class='spinner-inner']/parent::*/parent::div[contains(@class,'active')]
194267 [main] INFO utilities.listener.WebEventListener  - Before Finding element: By.xpath: //div[@class='spinner-inner']/parent::*/parent::div[contains(@class,'active')]
2020-08-31/16:13:57.004  INFO: listener.WebEventListener - Before Finding element: By.xpath: //div[@class='spinner-inner']/parent::*/parent::div[contains(@class,'active')]
194551 [main] INFO utilities.listener.WebEventListener  - Before Finding element: By.xpath: //div[@class='spinner-inner']/parent::*/parent::div[contains(@class,'active')]
2020-08-31/16:13:57.285  INFO: listener.WebEventListener - Before Finding element: By.xpath: //div[@class='spinner-inner']/parent::*/parent::div[contains(@class,'active')]
194832 [main] INFO utilities.listener.WebEventListener  - Before Finding element: By.xpath: //div[@class='spinner-inner']/parent::*/parent::div[contains(@class,'active')]
2020-08-31/16:13:57.563  INFO: listener.WebEventListener - Before Finding element: By.xpath: //div[@class='spinner-inner']/parent::*/parent::div[contains(@class,'active')]
195110 [main] INFO utilities.listener.WebEventListener  - Before Finding element: By.xpath: //div[@class='spinner-inner']/parent::*/parent::div[contains(@class,'active')]
2020-08-31/16:13:57.847  INFO: listener.WebEventListener - Before Finding element: By.xpath: //div[@class='spinner-inner']/parent::*/parent::div[contains(@class,'active')]
195394 [main] INFO utilities.listener.WebEventListener  - Before Finding element: By.xpath: //div[@class='spinner-inner']/parent::*/parent::div[contains(@class,'active')]
2020-08-31/16:13:58.128  INFO: listener.WebEventListener - Before Finding element: By.xpath: //div[@class='spinner-inner']/parent::*/parent::div[contains(@class,'active')]
195675 [main] INFO utilities.listener.WebEventListener  - Before Finding element: By.xpath: //div[@class='spinner-inner']/parent::*/parent::div[contains(@class,'active')]
2020-08-31/16:13:58.411  INFO: listener.WebEventListener - Before Finding element: By.xpath: //div[@class='spinner-inner']/parent::*/parent::div[contains(@class,'active')]
195958 [main] INFO utilities.listener.WebEventListener  - Before Finding element: By.xpath: //div[@class='spinner-inner']/parent::*/parent::div[contains(@class,'active')]
2020-08-31/16:13:58.693  INFO: listener.WebEventListener - Before Finding element: By.xpath: //div[@class='spinner-inner']/parent::*/parent::div[contains(@class,'active')]
196240 [main] INFO utilities.listener.WebEventListener  - Before Finding element: By.xpath: //div[@class='spinner-inner']/parent::*/parent::div[contains(@class,'active')]
2020-08-31/16:13:58.967  INFO: listener.WebEventListener - Before Finding element: By.xpath: //div[@class='spinner-inner']/parent::*/parent::div[contains(@class,'active')]
196514 [main] INFO utilities.listener.WebEventListener  - Before Finding element: By.xpath: //div[@class='spinner-inner']/parent::*/parent::div[contains(@class,'active')]
2020-08-31/16:13:59.237  INFO: listener.WebEventListener - Before Finding element: By.xpath: //div[@class='spinner-inner']/parent::*/parent::div[contains(@class,'active')]
196784 [main] INFO utilities.listener.WebEventListener  - Before Finding element: By.xpath: //div[@class='spinner-inner']/parent::*/parent::div[contains(@class,'active')]
2020-08-31/16:13:59.520  INFO: listener.WebEventListener - Before Finding element: By.xpath: //div[@class='spinner-inner']/parent::*/parent::div[contains(@class,'active')]
197067 [main] INFO utilities.listener.WebEventListener  - Before Finding element: By.xpath: //div[@class='spinner-inner']/parent::*/parent::div[contains(@class,'active')]
2020-08-31/16:13:59.801  INFO: listener.WebEventListener - Before Finding element: By.xpath: //div[@class='spinner-inner']/parent::*/parent::div[contains(@class,'active')]
197348 [main] INFO utilities.listener.WebEventListener  - Before Finding element: By.xpath: //div[@class='spinner-inner']/parent::*/parent::div[contains(@class,'active')]
2020-08-31/16:14:00.082  INFO: listener.WebEventListener - Before Finding element: By.xpath: //div[@class='spinner-inner']/parent::*/parent::div[contains(@class,'active')]
197629 [main] INFO utilities.listener.WebEventListener  - Before Finding element: By.xpath: //div[@class='spinner-inner']/parent::*/parent::div[contains(@class,'active')]
2020-08-31/16:14:00.350  INFO: listener.WebEventListener - Before Finding element: By.xpath: //div[@class='spinner-inner']/parent::*/parent::div[contains(@class,'active')]
197897 [main] INFO utilities.listener.WebEventListener  - Before Finding element: By.xpath: //div[@class='spinner-inner']/parent::*/parent::div[contains(@class,'active')]
2020-08-31/16:14:00.634  INFO: listener.WebEventListener - Before Finding element: By.xpath: //div[@class='spinner-inner']/parent::*/parent::div[contains(@class,'active')]
198181 [main] INFO utilities.listener.WebEventListener  - Before Finding element: By.xpath: //div[@class='spinner-inner']/parent::*/parent::div[contains(@class,'active')]
2020-08-31/16:14:00.918  INFO: listener.WebEventListener - Before Finding element: By.xpath: //div[@class='spinner-inner']/parent::*/parent::div[contains(@class,'active')]
198465 [main] INFO utilities.listener.WebEventListener  - Before Finding element: By.xpath: //div[@class='spinner-inner']/parent::*/parent::div[contains(@class,'active')]
2020-08-31/16:14:01.192  INFO: listener.WebEventListener - Before Finding element: By.xpath: //div[@class='spinner-inner']/parent::*/parent::div[contains(@class,'active')]
198739 [main] INFO utilities.listener.WebEventListener  - Before Finding element: By.xpath: //div[@class='spinner-inner']/parent::*/parent::div[contains(@class,'active')]
2020-08-31/16:14:01.471  INFO: listener.WebEventListener - Before Finding element: By.xpath: //div[@class='spinner-inner']/parent::*/parent::div[contains(@class,'active')]
199018 [main] INFO utilities.listener.WebEventListener  - Before Finding element: By.xpath: //div[@class='spinner-inner']/parent::*/parent::div[contains(@class,'active')]
2020-08-31/16:14:01.760  INFO: listener.WebEventListener - Before Finding element: By.xpath: //div[@class='spinner-inner']/parent::*/parent::div[contains(@class,'active')]
199307 [main] INFO utilities.listener.WebEventListener  - Before Finding element: By.xpath: //div[@class='spinner-inner']/parent::*/parent::div[contains(@class,'active')]
2020-08-31/16:14:02.047  INFO: listener.WebEventListener - Before Finding element: By.xpath: //div[@class='spinner-inner']/parent::*/parent::div[contains(@class,'active')]
199594 [main] INFO utilities.listener.WebEventListener  - Before Finding element: By.xpath: //div[@class='spinner-inner']/parent::*/parent::div[contains(@class,'active')]
2020-08-31/16:14:02.330  INFO: listener.WebEventListener - Before Finding element: By.xpath: //div[@class='spinner-inner']/parent::*/parent::div[contains(@class,'active')]
199877 [main] INFO utilities.listener.WebEventListener  - Before Finding element: By.xpath: //div[@class='spinner-inner']/parent::*/parent::div[contains(@class,'active')]
2020-08-31/16:14:02.610  INFO: listener.WebEventListener - Before Finding element: By.xpath: //div[@class='spinner-inner']/parent::*/parent::div[contains(@class,'active')]
200157 [main] INFO utilities.listener.WebEventListener  - Before Finding element: By.xpath: //div[@class='spinner-inner']/parent::*/parent::div[contains(@class,'active')]
2020-08-31/16:14:02.892  INFO: listener.WebEventListener - Before Finding element: By.xpath: //div[@class='spinner-inner']/parent::*/parent::div[contains(@class,'active')]
200439 [main] INFO utilities.listener.WebEventListener  - Before Finding element: By.xpath: //div[@class='spinner-inner']/parent::*/parent::div[contains(@class,'active')]
2020-08-31/16:14:03.180  INFO: listener.WebEventListener - Before Finding element: By.xpath: //div[@class='spinner-inner']/parent::*/parent::div[contains(@class,'active')]
200727 [main] INFO utilities.listener.WebEventListener  - Before Finding element: By.xpath: //div[@class='spinner-inner']/parent::*/parent::div[contains(@class,'active')]
2020-08-31/16:14:03.463  INFO: listener.WebEventListener - Before Finding element: By.xpath: //div[@class='spinner-inner']/parent::*/parent::div[contains(@class,'active')]
201010 [main] INFO utilities.listener.WebEventListener  - Before Finding element: By.xpath: //div[@class='spinner-inner']/parent::*/parent::div[contains(@class,'active')]
2020-08-31/16:14:03.746  INFO: listener.WebEventListener - Before Finding element: By.xpath: //div[@class='spinner-inner']/parent::*/parent::div[contains(@class,'active')]
201293 [main] INFO utilities.listener.WebEventListener  - Before Finding element: By.xpath: //div[@class='spinner-inner']/parent::*/parent::div[contains(@class,'active')]
2020-08-31/16:14:04.026  INFO: listener.WebEventListener - Before Finding element: By.xpath: //div[@class='spinner-inner']/parent::*/parent::div[contains(@class,'active')]
201573 [main] INFO utilities.listener.WebEventListener  - Before Finding element: By.xpath: //div[@class='spinner-inner']/parent::*/parent::div[contains(@class,'active')]
2020-08-31/16:14:04.293  INFO: listener.WebEventListener - Before Finding element: By.xpath: //div[@class='spinner-inner']/parent::*/parent::div[contains(@class,'active')]
201840 [main] INFO utilities.listener.WebEventListener  - Before Finding element: By.xpath: //div[@class='spinner-inner']/parent::*/parent::div[contains(@class,'active')]
2020-08-31/16:14:04.570  INFO: listener.WebEventListener - Before Finding element: By.xpath: //div[@class='spinner-inner']/parent::*/parent::div[contains(@class,'active')]
202117 [main] INFO utilities.listener.WebEventListener  - Before Finding element: By.xpath: //div[@class='spinner-inner']/parent::*/parent::div[contains(@class,'active')]
2020-08-31/16:14:04.842  INFO: listener.WebEventListener - Before Finding element: By.xpath: //div[@class='spinner-inner']/parent::*/parent::div[contains(@class,'active')]
202389 [main] INFO utilities.listener.WebEventListener  - Before Finding element: By.xpath: //div[@class='spinner-inner']/parent::*/parent::div[contains(@class,'active')]
2020-08-31/16:14:05.131  INFO: listener.WebEventListener - Before Finding element: By.xpath: //div[@class='spinner-inner']/parent::*/parent::div[contains(@class,'active')]
202678 [main] INFO utilities.listener.WebEventListener  - Before Finding element: By.xpath: //div[@class='spinner-inner']/parent::*/parent::div[contains(@class,'active')]
2020-08-31/16:14:05.410  INFO: listener.WebEventListener - Before Finding element: By.xpath: //div[@class='spinner-inner']/parent::*/parent::div[contains(@class,'active')]
202957 [main] INFO utilities.listener.WebEventListener  - Before Finding element: By.xpath: //div[@class='spinner-inner']/parent::*/parent::div[contains(@class,'active')]
2020-08-31/16:14:05.682  INFO: listener.WebEventListener - Before Finding element: By.xpath: //div[@class='spinner-inner']/parent::*/parent::div[contains(@class,'active')]
203229 [main] INFO utilities.listener.WebEventListener  - Before Finding element: By.xpath: //div[@class='spinner-inner']/parent::*/parent::div[contains(@class,'active')]
2020-08-31/16:14:05.957  INFO: listener.WebEventListener - Before Finding element: By.xpath: //div[@class='spinner-inner']/parent::*/parent::div[contains(@class,'active')]
203504 [main] INFO utilities.listener.WebEventListener  - Before Finding element: By.xpath: //div[@class='spinner-inner']/parent::*/parent::div[contains(@class,'active')]
2020-08-31/16:14:06.230  INFO: listener.WebEventListener - Before Finding element: By.xpath: //div[@class='spinner-inner']/parent::*/parent::div[contains(@class,'active')]
203777 [main] INFO utilities.listener.WebEventListener  - Before Finding element: By.xpath: //div[@class='spinner-inner']/parent::*/parent::div[contains(@class,'active')]
2020-08-31/16:14:06.536  INFO: listener.WebEventListener - Before Finding element: By.xpath: //div[@class='spinner-inner']/parent::*/parent::div[contains(@class,'active')]
204083 [main] INFO utilities.listener.WebEventListener  - Before Finding element: By.xpath: //div[@class='spinner-inner']/parent::*/parent::div[contains(@class,'active')]
2020-08-31/16:14:06.843  INFO: listener.WebEventListener - Before Finding element: By.xpath: //div[@class='spinner-inner']/parent::*/parent::div[contains(@class,'active')]
204390 [main] INFO utilities.listener.WebEventListener  - Before Finding element: By.xpath: //div[@class='spinner-inner']/parent::*/parent::div[contains(@class,'active')]
2020-08-31/16:14:07.122  INFO: listener.WebEventListener - Before Finding element: By.xpath: //div[@class='spinner-inner']/parent::*/parent::div[contains(@class,'active')]
204669 [main] INFO utilities.listener.WebEventListener  - Before Finding element: By.xpath: //div[@class='spinner-inner']/parent::*/parent::div[contains(@class,'active')]
2020-08-31/16:14:07.389  INFO: listener.WebEventListener - Before Finding element: By.xpath: //div[@class='spinner-inner']/parent::*/parent::div[contains(@class,'active')]
204936 [main] INFO utilities.listener.WebEventListener  - Before Finding element: By.xpath: //div[@class='spinner-inner']/parent::*/parent::div[contains(@class,'active')]
2020-08-31/16:14:07.681  INFO: listener.WebEventListener - Before Finding element: By.xpath: //div[@class='spinner-inner']/parent::*/parent::div[contains(@class,'active')]
205228 [main] INFO utilities.listener.WebEventListener  - Before Finding element: By.xpath: //div[@class='spinner-inner']/parent::*/parent::div[contains(@class,'active')]
2020-08-31/16:14:07.982  INFO: listener.WebEventListener - Before Finding element: By.xpath: //div[@class='spinner-inner']/parent::*/parent::div[contains(@class,'active')]
205529 [main] INFO utilities.listener.WebEventListener  - Before Finding element: By.xpath: //div[@class='spinner-inner']/parent::*/parent::div[contains(@class,'active')]
2020-08-31/16:14:08.294  INFO: listener.WebEventListener - Before Finding element: By.xpath: //div[@class='spinner-inner']/parent::*/parent::div[contains(@class,'active')]
205841 [main] INFO utilities.listener.WebEventListener  - Before Finding element: By.xpath: //div[@class='spinner-inner']/parent::*/parent::div[contains(@class,'active')]
2020-08-31/16:14:08.577  INFO: listener.WebEventListener - Before Finding element: By.xpath: //div[@class='spinner-inner']/parent::*/parent::div[contains(@class,'active')]
206124 [main] INFO utilities.listener.WebEventListener  - Before Finding element: By.xpath: //div[@class='spinner-inner']/parent::*/parent::div[contains(@class,'active')]
2020-08-31/16:14:08.858  INFO: listener.WebEventListener - Before Finding element: By.xpath: //div[@class='spinner-inner']/parent::*/parent::div[contains(@class,'active')]
206405 [main] INFO utilities.listener.WebEventListener  - Before Finding element: By.xpath: //div[@class='spinner-inner']/parent::*/parent::div[contains(@class,'active')]
2020-08-31/16:14:09.126  INFO: listener.WebEventListener - Before Finding element: By.xpath: //div[@class='spinner-inner']/parent::*/parent::div[contains(@class,'active')]
206673 [main] INFO utilities.listener.WebEventListener  - Before Finding element: By.xpath: //div[@class='spinner-inner']/parent::*/parent::div[contains(@class,'active')]
2020-08-31/16:14:09.405  INFO: listener.WebEventListener - Before Finding element: By.xpath: //div[@class='spinner-inner']/parent::*/parent::div[contains(@class,'active')]
206952 [main] INFO utilities.listener.WebEventListener  - Before Finding element: By.xpath: //div[@class='spinner-inner']/parent::*/parent::div[contains(@class,'active')]
2020-08-31/16:14:09.685  INFO: listener.WebEventListener - Before Finding element: By.xpath: //div[@class='spinner-inner']/parent::*/parent::div[contains(@class,'active')]
207232 [main] INFO utilities.listener.WebEventListener  - Before Finding element: By.xpath: //div[@class='spinner-inner']/parent::*/parent::div[contains(@class,'active')]
2020-08-31/16:14:09.966  INFO: listener.WebEventListener - Before Finding element: By.xpath: //div[@class='spinner-inner']/parent::*/parent::div[contains(@class,'active')]
207513 [main] INFO utilities.listener.WebEventListener  - Before Finding element: By.xpath: //div[@class='spinner-inner']/parent::*/parent::div[contains(@class,'active')]
2020-08-31/16:14:10.255  INFO: listener.WebEventListener - Before Finding element: By.xpath: //div[@class='spinner-inner']/parent::*/parent::div[contains(@class,'active')]
207802 [main] INFO utilities.listener.WebEventListener  - Before Finding element: By.xpath: //div[@class='spinner-inner']/parent::*/parent::div[contains(@class,'active')]
2020-08-31/16:14:10.522  INFO: listener.WebEventListener - Before Finding element: By.xpath: //div[@class='spinner-inner']/parent::*/parent::div[contains(@class,'active')]
208069 [main] INFO utilities.listener.WebEventListener  - Before Finding element: By.xpath: //div[@class='spinner-inner']/parent::*/parent::div[contains(@class,'active')]
2020-08-31/16:14:10.804  INFO: listener.WebEventListener - Before Finding element: By.xpath: //div[@class='spinner-inner']/parent::*/parent::div[contains(@class,'active')]
208351 [main] INFO utilities.listener.WebEventListener  - Before Finding element: By.xpath: //div[@class='spinner-inner']/parent::*/parent::div[contains(@class,'active')]
2020-08-31/16:14:11.087  INFO: listener.WebEventListener - Before Finding element: By.xpath: //div[@class='spinner-inner']/parent::*/parent::div[contains(@class,'active')]
208634 [main] INFO utilities.listener.WebEventListener  - Before Finding element: By.xpath: //div[@class='spinner-inner']/parent::*/parent::div[contains(@class,'active')]
2020-08-31/16:14:11.352  INFO: listener.WebEventListener - Before Finding element: By.xpath: //div[@class='spinner-inner']/parent::*/parent::div[contains(@class,'active')]
208899 [main] INFO utilities.listener.WebEventListener  - Before Finding element: By.xpath: //div[@class='spinner-inner']/parent::*/parent::div[contains(@class,'active')]
2020-08-31/16:14:11.638  INFO: listener.WebEventListener - Before Finding element: By.xpath: //div[@class='spinner-inner']/parent::*/parent::div[contains(@class,'active')]
209185 [main] INFO utilities.listener.WebEventListener  - Before Finding element: By.xpath: //div[@class='spinner-inner']/parent::*/parent::div[contains(@class,'active')]
2020-08-31/16:14:11.917  INFO: listener.WebEventListener - Before Finding element: By.xpath: //div[@class='spinner-inner']/parent::*/parent::div[contains(@class,'active')]
209464 [main] INFO utilities.listener.WebEventListener  - Before Finding element: By.xpath: //div[@class='spinner-inner']/parent::*/parent::div[contains(@class,'active')]
2020-08-31/16:14:12.204  INFO: listener.WebEventListener - Before Finding element: By.xpath: //div[@class='spinner-inner']/parent::*/parent::div[contains(@class,'active')]
209751 [main] INFO utilities.listener.WebEventListener  - Before Finding element: By.xpath: //div[@class='spinner-inner']/parent::*/parent::div[contains(@class,'active')]
2020-08-31/16:14:12.474  INFO: listener.WebEventListener - Before Finding element: By.xpath: //div[@class='spinner-inner']/parent::*/parent::div[contains(@class,'active')]
210021 [main] INFO utilities.listener.WebEventListener  - Before Finding element: By.xpath: //div[@class='spinner-inner']/parent::*/parent::div[contains(@class,'active')]
2020-08-31/16:14:12.756  INFO: listener.WebEventListener - Before Finding element: By.xpath: //div[@class='spinner-inner']/parent::*/parent::div[contains(@class,'active')]
210303 [main] INFO utilities.listener.WebEventListener  - Before Finding element: By.xpath: //div[@class='spinner-inner']/parent::*/parent::div[contains(@class,'active')]
2020-08-31/16:14:13.044  INFO: listener.WebEventListener - Before Finding element: By.xpath: //div[@class='spinner-inner']/parent::*/parent::div[contains(@class,'active')]
210591 [main] INFO utilities.listener.WebEventListener  - Before Finding element: By.xpath: //div[@class='spinner-inner']/parent::*/parent::div[contains(@class,'active')]
2020-08-31/16:14:13.327  INFO: listener.WebEventListener - Before Finding element: By.xpath: //div[@class='spinner-inner']/parent::*/parent::div[contains(@class,'active')]
210874 [main] INFO utilities.listener.WebEventListener  - Before Finding element: By.xpath: //div[@class='spinner-inner']/parent::*/parent::div[contains(@class,'active')]
2020-08-31/16:14:13.592  INFO: listener.WebEventListener - Before Finding element: By.xpath: //div[@class='spinner-inner']/parent::*/parent::div[contains(@class,'active')]
211139 [main] INFO utilities.listener.WebEventListener  - Before Finding element: By.xpath: //div[@class='spinner-inner']/parent::*/parent::div[contains(@class,'active')]
2020-08-31/16:14:13.859  INFO: listener.WebEventListener - Before Finding element: By.xpath: //div[@class='spinner-inner']/parent::*/parent::div[contains(@class,'active')]
211406 [main] INFO utilities.listener.WebEventListener  - Before Finding element: By.xpath: //div[@class='spinner-inner']/parent::*/parent::div[contains(@class,'active')]
2020-08-31/16:14:14.142  INFO: listener.WebEventListener - Before Finding element: By.xpath: //div[@class='spinner-inner']/parent::*/parent::div[contains(@class,'active')]
211689 [main] INFO utilities.listener.WebEventListener  - Before Finding element: By.xpath: //div[@class='spinner-inner']/parent::*/parent::div[contains(@class,'active')]
2020-08-31/16:14:14.423  INFO: listener.WebEventListener - Before Finding element: By.xpath: //div[@class='spinner-inner']/parent::*/parent::div[contains(@class,'active')]
211970 [main] INFO utilities.listener.WebEventListener  - Before Finding element: By.xpath: //div[@class='spinner-inner']/parent::*/parent::div[contains(@class,'active')]
2020-08-31/16:14:14.705  INFO: listener.WebEventListener - Before Finding element: By.xpath: //div[@class='spinner-inner']/parent::*/parent::div[contains(@class,'active')]
212252 [main] INFO utilities.listener.WebEventListener  - Before Finding element: By.xpath: //div[@class='spinner-inner']/parent::*/parent::div[contains(@class,'active')]
2020-08-31/16:14:14.987  INFO: listener.WebEventListener - Before Finding element: By.xpath: //div[@class='spinner-inner']/parent::*/parent::div[contains(@class,'active')]
212534 [main] INFO utilities.listener.WebEventListener  - Before Finding element: By.xpath: //div[@class='spinner-inner']/parent::*/parent::div[contains(@class,'active')]
2020-08-31/16:14:15.253  INFO: listener.WebEventListener - Before Finding element: By.xpath: //div[@class='spinner-inner']/parent::*/parent::div[contains(@class,'active')]
212800 [main] INFO utilities.listener.WebEventListener  - Before Finding element: By.xpath: //div[@class='spinner-inner']/parent::*/parent::div[contains(@class,'active')]
2020-08-31/16:14:15.537  INFO: listener.WebEventListener - Before Finding element: By.xpath: //div[@class='spinner-inner']/parent::*/parent::div[contains(@class,'active')]
213084 [main] INFO utilities.listener.WebEventListener  - Before Finding element: By.xpath: //div[@class='spinner-inner']/parent::*/parent::div[contains(@class,'active')]
2020-08-31/16:14:15.823  INFO: listener.WebEventListener - Before Finding element: By.xpath: //div[@class='spinner-inner']/parent::*/parent::div[contains(@class,'active')]
213370 [main] INFO utilities.listener.WebEventListener  - Before Finding element: By.xpath: //div[@class='spinner-inner']/parent::*/parent::div[contains(@class,'active')]
2020-08-31/16:14:16.107  INFO: listener.WebEventListener - Before Finding element: By.xpath: //div[@class='spinner-inner']/parent::*/parent::div[contains(@class,'active')]
213654 [main] INFO utilities.listener.WebEventListener  - Before Finding element: By.xpath: //div[@class='spinner-inner']/parent::*/parent::div[contains(@class,'active')]
2020-08-31/16:14:16.376  INFO: listener.WebEventListener - Before Finding element: By.xpath: //div[@class='spinner-inner']/parent::*/parent::div[contains(@class,'active')]
213923 [main] INFO utilities.listener.WebEventListener  - Before Finding element: By.xpath: //div[@class='spinner-inner']/parent::*/parent::div[contains(@class,'active')]
2020-08-31/16:14:16.655  INFO: listener.WebEventListener - Before Finding element: By.xpath: //div[@class='spinner-inner']/parent::*/parent::div[contains(@class,'active')]
214202 [main] INFO utilities.listener.WebEventListener  - Before Finding element: By.xpath: //div[@class='spinner-inner']/parent::*/parent::div[contains(@class,'active')]
2020-08-31/16:14:16.921  INFO: listener.WebEventListener - Before Finding element: By.xpath: //div[@class='spinner-inner']/parent::*/parent::div[contains(@class,'active')]
214468 [main] INFO utilities.listener.WebEventListener  - Before Finding element: By.xpath: //div[@class='spinner-inner']/parent::*/parent::div[contains(@class,'active')]
2020-08-31/16:14:17.193  INFO: listener.WebEventListener - Before Finding element: By.xpath: //div[@class='spinner-inner']/parent::*/parent::div[contains(@class,'active')]
214740 [main] INFO utilities.listener.WebEventListener  - Before Finding element: By.xpath: //div[@class='spinner-inner']/parent::*/parent::div[contains(@class,'active')]
2020-08-31/16:14:17.480  INFO: listener.WebEventListener - Before Finding element: By.xpath: //div[@class='spinner-inner']/parent::*/parent::div[contains(@class,'active')]
215027 [main] INFO utilities.listener.WebEventListener  - Before Finding element: By.xpath: //div[@class='spinner-inner']/parent::*/parent::div[contains(@class,'active')]
2020-08-31/16:14:17.768  INFO: listener.WebEventListener - Before Finding element: By.xpath: //div[@class='spinner-inner']/parent::*/parent::div[contains(@class,'active')]
215315 [main] INFO utilities.listener.WebEventListener  - Before Finding element: By.xpath: //div[@class='spinner-inner']/parent::*/parent::div[contains(@class,'active')]
2020-08-31/16:14:18.049  INFO: listener.WebEventListener - Before Finding element: By.xpath: //div[@class='spinner-inner']/parent::*/parent::div[contains(@class,'active')]
215596 [main] INFO utilities.listener.WebEventListener  - Before Finding element: By.xpath: //div[@class='spinner-inner']/parent::*/parent::div[contains(@class,'active')]
2020-08-31/16:14:18.316  INFO: listener.WebEventListener - Before Finding element: By.xpath: //div[@class='spinner-inner']/parent::*/parent::div[contains(@class,'active')]
215863 [main] INFO utilities.listener.WebEventListener  - Before Finding element: By.xpath: //div[@class='spinner-inner']/parent::*/parent::div[contains(@class,'active')]
2020-08-31/16:14:18.603  INFO: listener.WebEventListener - Before Finding element: By.xpath: //div[@class='spinner-inner']/parent::*/parent::div[contains(@class,'active')]
216150 [main] INFO utilities.listener.WebEventListener  - Before Finding element: By.xpath: //div[@class='spinner-inner']/parent::*/parent::div[contains(@class,'active')]
2020-08-31/16:14:18.878  INFO: listener.WebEventListener - Before Finding element: By.xpath: //div[@class='spinner-inner']/parent::*/parent::div[contains(@class,'active')]
216425 [main] INFO utilities.listener.WebEventListener  - Before Finding element: By.xpath: //div[@class='spinner-inner']/parent::*/parent::div[contains(@class,'active')]
2020-08-31/16:14:19.148  INFO: listener.WebEventListener - Before Finding element: By.xpath: //div[@class='spinner-inner']/parent::*/parent::div[contains(@class,'active')]
216695 [main] INFO utilities.listener.WebEventListener  - Before Finding element: By.xpath: //div[@class='spinner-inner']/parent::*/parent::div[contains(@class,'active')]
2020-08-31/16:14:19.432  INFO: listener.WebEventListener - Before Finding element: By.xpath: //div[@class='spinner-inner']/parent::*/parent::div[contains(@class,'active')]
216979 [main] INFO utilities.listener.WebEventListener  - Before Finding element: By.xpath: //div[@class='spinner-inner']/parent::*/parent::div[contains(@class,'active')]
2020-08-31/16:14:19.702  INFO: listener.WebEventListener - Before Finding element: By.xpath: //div[@class='spinner-inner']/parent::*/parent::div[contains(@class,'active')]
217249 [main] INFO utilities.listener.WebEventListener  - Before Finding element: By.xpath: //div[@class='spinner-inner']/parent::*/parent::div[contains(@class,'active')]
2020-08-31/16:14:19.969  INFO: listener.WebEventListener - Before Finding element: By.xpath: //div[@class='spinner-inner']/parent::*/parent::div[contains(@class,'active')]
217516 [main] INFO utilities.listener.WebEventListener  - Before Finding element: By.xpath: //div[@class='spinner-inner']/parent::*/parent::div[contains(@class,'active')]
2020-08-31/16:14:20.254  INFO: listener.WebEventListener - Before Finding element: By.xpath: //div[@class='spinner-inner']/parent::*/parent::div[contains(@class,'active')]
217801 [main] INFO utilities.listener.WebEventListener  - Before Finding element: By.xpath: //div[@class='spinner-inner']/parent::*/parent::div[contains(@class,'active')]
2020-08-31/16:14:20.519  INFO: listener.WebEventListener - Before Finding element: By.xpath: //div[@class='spinner-inner']/parent::*/parent::div[contains(@class,'active')]
218066 [main] INFO utilities.listener.WebEventListener  - Before Finding element: By.xpath: //div[@class='spinner-inner']/parent::*/parent::div[contains(@class,'active')]
2020-08-31/16:14:20.802  INFO: listener.WebEventListener - Before Finding element: By.xpath: //div[@class='spinner-inner']/parent::*/parent::div[contains(@class,'active')]
218349 [main] INFO utilities.listener.WebEventListener  - Before Finding element: By.xpath: //div[@class='spinner-inner']/parent::*/parent::div[contains(@class,'active')]
2020-08-31/16:14:21.085  INFO: listener.WebEventListener - Before Finding element: By.xpath: //div[@class='spinner-inner']/parent::*/parent::div[contains(@class,'active')]
218632 [main] INFO utilities.listener.WebEventListener  - Before Finding element: By.xpath: //div[@class='spinner-inner']/parent::*/parent::div[contains(@class,'active')]
2020-08-31/16:14:21.369  INFO: listener.WebEventListener - Before Finding element: By.xpath: //div[@class='spinner-inner']/parent::*/parent::div[contains(@class,'active')]
218916 [main] INFO utilities.listener.WebEventListener  - Before Finding element: By.xpath: //div[@class='spinner-inner']/parent::*/parent::div[contains(@class,'active')]
2020-08-31/16:14:21.654  INFO: listener.WebEventListener - Before Finding element: By.xpath: //div[@class='spinner-inner']/parent::*/parent::div[contains(@class,'active')]
219201 [main] INFO utilities.listener.WebEventListener  - Before Finding element: By.xpath: //div[@class='spinner-inner']/parent::*/parent::div[contains(@class,'active')]
2020-08-31/16:14:21.936  INFO: listener.WebEventListener - Before Finding element: By.xpath: //div[@class='spinner-inner']/parent::*/parent::div[contains(@class,'active')]
219483 [main] INFO utilities.listener.WebEventListener  - Before Finding element: By.xpath: //div[@class='spinner-inner']/parent::*/parent::div[contains(@class,'active')]
2020-08-31/16:14:22.205  INFO: listener.WebEventListener - Before Finding element: By.xpath: //div[@class='spinner-inner']/parent::*/parent::div[contains(@class,'active')]
219752 [main] INFO utilities.listener.WebEventListener  - Before Finding element: By.xpath: //div[@class='spinner-inner']/parent::*/parent::div[contains(@class,'active')]
2020-08-31/16:14:22.486  INFO: listener.WebEventListener - Before Finding element: By.xpath: //div[@class='spinner-inner']/parent::*/parent::div[contains(@class,'active')]
220033 [main] INFO utilities.listener.WebEventListener  - Before Finding element: By.xpath: //div[@class='spinner-inner']/parent::*/parent::div[contains(@class,'active')]
2020-08-31/16:14:22.755  INFO: listener.WebEventListener - Before Finding element: By.xpath: //div[@class='spinner-inner']/parent::*/parent::div[contains(@class,'active')]
220302 [main] INFO utilities.listener.WebEventListener  - Before Finding element: By.xpath: //div[@class='spinner-inner']/parent::*/parent::div[contains(@class,'active')]
2020-08-31/16:14:23.025  INFO: listener.WebEventListener - Before Finding element: By.xpath: //div[@class='spinner-inner']/parent::*/parent::div[contains(@class,'active')]
220572 [main] INFO utilities.listener.WebEventListener  - Before Finding element: By.xpath: //div[@class='spinner-inner']/parent::*/parent::div[contains(@class,'active')]
2020-08-31/16:14:23.295  INFO: listener.WebEventListener - Before Finding element: By.xpath: //div[@class='spinner-inner']/parent::*/parent::div[contains(@class,'active')]
220842 [main] INFO utilities.listener.WebEventListener  - Before Finding element: By.xpath: //div[@class='spinner-inner']/parent::*/parent::div[contains(@class,'active')]
2020-08-31/16:14:23.563  INFO: listener.WebEventListener - Before Finding element: By.xpath: //div[@class='spinner-inner']/parent::*/parent::div[contains(@class,'active')]
221110 [main] INFO utilities.listener.WebEventListener  - Before Finding element: By.xpath: //div[@class='spinner-inner']/parent::*/parent::div[contains(@class,'active')]
2020-08-31/16:14:23.845  INFO: listener.WebEventListener - Before Finding element: By.xpath: //div[@class='spinner-inner']/parent::*/parent::div[contains(@class,'active')]
221392 [main] INFO utilities.listener.WebEventListener  - Before Finding element: By.xpath: //div[@class='spinner-inner']/parent::*/parent::div[contains(@class,'active')]
2020-08-31/16:14:24.130  INFO: listener.WebEventListener - Before Finding element: By.xpath: //div[@class='spinner-inner']/parent::*/parent::div[contains(@class,'active')]
221677 [main] INFO utilities.listener.WebEventListener  - Before Finding element: By.xpath: //div[@class='spinner-inner']/parent::*/parent::div[contains(@class,'active')]
2020-08-31/16:14:24.414  INFO: listener.WebEventListener - Before Finding element: By.xpath: //div[@class='spinner-inner']/parent::*/parent::div[contains(@class,'active')]
221961 [main] INFO utilities.listener.WebEventListener  - Before Finding element: By.xpath: //div[@class='spinner-inner']/parent::*/parent::div[contains(@class,'active')]
2020-08-31/16:14:24.683  INFO: listener.WebEventListener - Before Finding element: By.xpath: //div[@class='spinner-inner']/parent::*/parent::div[contains(@class,'active')]
222230 [main] INFO utilities.listener.WebEventListener  - Before Finding element: By.xpath: //div[@class='spinner-inner']/parent::*/parent::div[contains(@class,'active')]
2020-08-31/16:14:24.949  INFO: listener.WebEventListener - Before Finding element: By.xpath: //div[@class='spinner-inner']/parent::*/parent::div[contains(@class,'active')]
222496 [main] INFO utilities.listener.WebEventListener  - Before Finding element: By.xpath: //div[@class='spinner-inner']/parent::*/parent::div[contains(@class,'active')]
2020-08-31/16:14:25.216  INFO: listener.WebEventListener - Before Finding element: By.xpath: //div[@class='spinner-inner']/parent::*/parent::div[contains(@class,'active')]
222763 [main] INFO utilities.listener.WebEventListener  - Before Finding element: By.xpath: //div[@class='spinner-inner']/parent::*/parent::div[contains(@class,'active')]
2020-08-31/16:14:25.516  INFO: listener.WebEventListener - Before Finding element: By.xpath: //div[@class='spinner-inner']/parent::*/parent::div[contains(@class,'active')]
223063 [main] INFO utilities.listener.WebEventListener  - Before Finding element: By.xpath: //div[@class='spinner-inner']/parent::*/parent::div[contains(@class,'active')]
2020-08-31/16:14:25.784  INFO: listener.WebEventListener - Before Finding element: By.xpath: //div[@class='spinner-inner']/parent::*/parent::div[contains(@class,'active')]
223331 [main] INFO utilities.listener.WebEventListener  - Before Finding element: By.xpath: //div[@class='spinner-inner']/parent::*/parent::div[contains(@class,'active')]
I am in onTestFailure method doStarted failed
]]></system-out>
  </testcase>
</testsuite>