<?xml version="1.0" encoding="UTF-8"?>
<testsuite xmlns:xsi="http://www.w3.org/2001/XMLSchema-instance" xsi:noNamespaceSchemaLocation="https://maven.apache.org/surefire/maven-surefire-plugin/xsd/surefire-test-report-3.0.xsd" version="3.0" name="TestSuite" time="797.681" tests="10" errors="0" skipped="0" failures="5">
  <properties>
    <property name="sun.desktop" value="windows"/>
    <property name="awt.toolkit" value="sun.awt.windows.WToolkit"/>
    <property name="java.specification.version" value="11"/>
    <property name="webdriver.chrome.driver" value="C:\Users\nasreenk\.m2\repository\webdriver\chromedriver\win32\89.0.4389.23\chromedriver.exe"/>
    <property name="sun.cpu.isalist" value="amd64"/>
    <property name="sun.jnu.encoding" value="Cp1252"/>
    <property name="java.class.path" value="E:\InelliJ\SeleniumTestJavaArtifact2july\SeleniumTestJavaArtifact\target\test-classes;E:\InelliJ\SeleniumTestJavaArtifact2july\SeleniumTestJavaArtifact\target\classes;C:\Users\nasreenk\.m2\repository\io\github\bonigarcia\webdrivermanager\4.0.0\webdrivermanager-4.0.0.jar;C:\Users\nasreenk\.m2\repository\commons-io\commons-io\2.6\commons-io-2.6.jar;C:\Users\nasreenk\.m2\repository\com\google\code\gson\gson\2.8.6\gson-2.8.6.jar;C:\Users\nasreenk\.m2\repository\org\apache\commons\commons-lang3\3.10\commons-lang3-3.10.jar;C:\Users\nasreenk\.m2\repository\org\apache\httpcomponents\client5\httpclient5\5.0\httpclient5-5.0.jar;C:\Users\nasreenk\.m2\repository\org\apache\httpcomponents\core5\httpcore5\5.0\httpcore5-5.0.jar;C:\Users\nasreenk\.m2\repository\org\apache\httpcomponents\core5\httpcore5-h2\5.0\httpcore5-h2-5.0.jar;C:\Users\nasreenk\.m2\repository\commons-codec\commons-codec\1.13\commons-codec-1.13.jar;C:\Users\nasreenk\.m2\repository\org\rauschig\jarchivelib\1.0.0\jarchivelib-1.0.0.jar;C:\Users\nasreenk\.m2\repository\org\apache\commons\commons-compress\1.18\commons-compress-1.18.jar;C:\Users\nasreenk\.m2\repository\org\seleniumhq\selenium\selenium-java\3.141.59\selenium-java-3.141.59.jar;C:\Users\nasreenk\.m2\repository\org\seleniumhq\selenium\selenium-api\3.141.59\selenium-api-3.141.59.jar;C:\Users\nasreenk\.m2\repository\org\seleniumhq\selenium\selenium-chrome-driver\3.141.59\selenium-chrome-driver-3.141.59.jar;C:\Users\nasreenk\.m2\repository\org\seleniumhq\selenium\selenium-edge-driver\3.141.59\selenium-edge-driver-3.141.59.jar;C:\Users\nasreenk\.m2\repository\org\seleniumhq\selenium\selenium-firefox-driver\3.141.59\selenium-firefox-driver-3.141.59.jar;C:\Users\nasreenk\.m2\repository\org\seleniumhq\selenium\selenium-ie-driver\3.141.59\selenium-ie-driver-3.141.59.jar;C:\Users\nasreenk\.m2\repository\org\seleniumhq\selenium\selenium-opera-driver\3.141.59\selenium-opera-driver-3.141.59.jar;C:\Users\nasreenk\.m2\repository\org\seleniumhq\selenium\selenium-remote-driver\3.141.59\selenium-remote-driver-3.141.59.jar;C:\Users\nasreenk\.m2\repository\org\seleniumhq\selenium\selenium-safari-driver\3.141.59\selenium-safari-driver-3.141.59.jar;C:\Users\nasreenk\.m2\repository\org\seleniumhq\selenium\selenium-support\3.141.59\selenium-support-3.141.59.jar;C:\Users\nasreenk\.m2\repository\net\bytebuddy\byte-buddy\1.8.15\byte-buddy-1.8.15.jar;C:\Users\nasreenk\.m2\repository\org\apache\commons\commons-exec\1.3\commons-exec-1.3.jar;C:\Users\nasreenk\.m2\repository\com\google\guava\guava\25.0-jre\guava-25.0-jre.jar;C:\Users\nasreenk\.m2\repository\org\checkerframework\checker-compat-qual\2.0.0\checker-compat-qual-2.0.0.jar;C:\Users\nasreenk\.m2\repository\com\google\errorprone\error_prone_annotations\2.1.3\error_prone_annotations-2.1.3.jar;C:\Users\nasreenk\.m2\repository\com\google\j2objc\j2objc-annotations\1.1\j2objc-annotations-1.1.jar;C:\Users\nasreenk\.m2\repository\org\codehaus\mojo\animal-sniffer-annotations\1.14\animal-sniffer-annotations-1.14.jar;C:\Users\nasreenk\.m2\repository\com\squareup\okhttp3\okhttp\3.11.0\okhttp-3.11.0.jar;C:\Users\nasreenk\.m2\repository\com\squareup\okio\okio\1.14.0\okio-1.14.0.jar;C:\Users\nasreenk\.m2\repository\org\testng\testng\7.1.0\testng-7.1.0.jar;C:\Users\nasreenk\.m2\repository\com\beust\jcommander\1.72\jcommander-1.72.jar;C:\Users\nasreenk\.m2\repository\com\google\inject\guice\4.1.0\guice-4.1.0-no_aop.jar;C:\Users\nasreenk\.m2\repository\javax\inject\javax.inject\1\javax.inject-1.jar;C:\Users\nasreenk\.m2\repository\aopalliance\aopalliance\1.0\aopalliance-1.0.jar;C:\Users\nasreenk\.m2\repository\org\yaml\snakeyaml\1.21\snakeyaml-1.21.jar;C:\Users\nasreenk\.m2\repository\com\codoid\products\fillo\1.21\fillo-1.21.jar;C:\Users\nasreenk\.m2\repository\org\testng\reportng\1.2.2\reportng-1.2.2.jar;C:\Users\nasreenk\.m2\repository\org\freemarker\freemarker\2.3.28\freemarker-2.3.28.jar;C:\Users\nasreenk\.m2\repository\com\google\inject\guice\4.2.0\guice-4.2.0.jar;C:\Users\nasreenk\.m2\repository\io\qameta\allure\allure-testng\2.13.2\allure-testng-2.13.2.jar;C:\Users\nasreenk\.m2\repository\io\qameta\allure\allure-java-commons\2.13.2\allure-java-commons-2.13.2.jar;C:\Users\nasreenk\.m2\repository\io\qameta\allure\allure-model\2.13.2\allure-model-2.13.2.jar;C:\Users\nasreenk\.m2\repository\com\fasterxml\jackson\core\jackson-databind\2.9.8\jackson-databind-2.9.8.jar;C:\Users\nasreenk\.m2\repository\com\fasterxml\jackson\core\jackson-annotations\2.9.0\jackson-annotations-2.9.0.jar;C:\Users\nasreenk\.m2\repository\com\fasterxml\jackson\core\jackson-core\2.9.8\jackson-core-2.9.8.jar;C:\Users\nasreenk\.m2\repository\org\apache\tika\tika-core\1.20\tika-core-1.20.jar;C:\Users\nasreenk\.m2\repository\org\jooq\joor-java-8\0.9.10\joor-java-8-0.9.10.jar;C:\Users\nasreenk\.m2\repository\com\aventstack\extentreports\4.1.3\extentreports-4.1.3.jar;C:\Users\nasreenk\.m2\repository\org\apache\httpcomponents\httpclient\4.5.2\httpclient-4.5.2.jar;C:\Users\nasreenk\.m2\repository\org\apache\httpcomponents\httpcore\4.4.4\httpcore-4.4.4.jar;C:\Users\nasreenk\.m2\repository\commons-logging\commons-logging\1.2\commons-logging-1.2.jar;C:\Users\nasreenk\.m2\repository\org\apache\httpcomponents\httpmime\4.5.2\httpmime-4.5.2.jar;C:\Users\nasreenk\.m2\repository\org\mongodb\mongodb-driver\3.12.0\mongodb-driver-3.12.0.jar;C:\Users\nasreenk\.m2\repository\org\mongodb\mongodb-driver-core\3.12.0\mongodb-driver-core-3.12.0.jar;C:\Users\nasreenk\.m2\repository\org\mongodb\bson\3.12.0\bson-3.12.0.jar;C:\Users\nasreenk\.m2\repository\com\sun\mail\javax.mail\1.6.2\javax.mail-1.6.2.jar;C:\Users\nasreenk\.m2\repository\javax\activation\activation\1.1\activation-1.1.jar;C:\Users\nasreenk\.m2\repository\org\jsoup\jsoup\1.12.1\jsoup-1.12.1.jar;C:\Users\nasreenk\.m2\repository\com\google\code\findbugs\jsr305\3.0.2\jsr305-3.0.2.jar;C:\Users\nasreenk\.m2\repository\org\slf4j\slf4j-api\1.7.30\slf4j-api-1.7.30.jar;C:\Users\nasreenk\.m2\repository\org\slf4j\slf4j-log4j12\1.7.30\slf4j-log4j12-1.7.30.jar;C:\Users\nasreenk\.m2\repository\log4j\log4j\1.2.17\log4j-1.2.17.jar;C:\Users\nasreenk\.m2\repository\org\apache\logging\log4j\log4j-core\2.13.2\log4j-core-2.13.2.jar;C:\Users\nasreenk\.m2\repository\org\apache\logging\log4j\log4j-api\2.13.2\log4j-api-2.13.2.jar;C:\Users\nasreenk\.m2\repository\net\sourceforge\csvjdbc\csvjdbc\1.0.36\csvjdbc-1.0.36.jar;"/>
    <property name="java.vm.vendor" value="Oracle Corporation"/>
    <property name="sun.arch.data.model" value="64"/>
    <property name="user.variant" value=""/>
    <property name="java.vendor.url" value="https://openjdk.java.net/"/>
    <property name="user.timezone" value="Asia/Calcutta"/>
    <property name="java.vm.specification.version" value="11"/>
    <property name="os.name" value="Windows 10"/>
    <property name="sun.java.launcher" value="SUN_STANDARD"/>
    <property name="user.country" value="IN"/>
    <property name="sun.boot.library.path" value="C:\Program Files\Java\jdk-11.0.7\bin"/>
    <property name="sun.java.command" value="C:\Users\nasreenk\AppData\Local\Temp\surefire12109303350118130671\surefirebooter6582535846432767620.jar C:\Users\nasreenk\AppData\Local\Temp\surefire12109303350118130671 2021-03-19T13-24-20_567-jvmRun1 surefire14036447421332493360tmp surefire_015230760332905572891tmp"/>
    <property name="jdk.debug" value="release"/>
    <property name="surefire.test.class.path" value="E:\InelliJ\SeleniumTestJavaArtifact2july\SeleniumTestJavaArtifact\target\test-classes;E:\InelliJ\SeleniumTestJavaArtifact2july\SeleniumTestJavaArtifact\target\classes;C:\Users\nasreenk\.m2\repository\io\github\bonigarcia\webdrivermanager\4.0.0\webdrivermanager-4.0.0.jar;C:\Users\nasreenk\.m2\repository\commons-io\commons-io\2.6\commons-io-2.6.jar;C:\Users\nasreenk\.m2\repository\com\google\code\gson\gson\2.8.6\gson-2.8.6.jar;C:\Users\nasreenk\.m2\repository\org\apache\commons\commons-lang3\3.10\commons-lang3-3.10.jar;C:\Users\nasreenk\.m2\repository\org\apache\httpcomponents\client5\httpclient5\5.0\httpclient5-5.0.jar;C:\Users\nasreenk\.m2\repository\org\apache\httpcomponents\core5\httpcore5\5.0\httpcore5-5.0.jar;C:\Users\nasreenk\.m2\repository\org\apache\httpcomponents\core5\httpcore5-h2\5.0\httpcore5-h2-5.0.jar;C:\Users\nasreenk\.m2\repository\commons-codec\commons-codec\1.13\commons-codec-1.13.jar;C:\Users\nasreenk\.m2\repository\org\rauschig\jarchivelib\1.0.0\jarchivelib-1.0.0.jar;C:\Users\nasreenk\.m2\repository\org\apache\commons\commons-compress\1.18\commons-compress-1.18.jar;C:\Users\nasreenk\.m2\repository\org\seleniumhq\selenium\selenium-java\3.141.59\selenium-java-3.141.59.jar;C:\Users\nasreenk\.m2\repository\org\seleniumhq\selenium\selenium-api\3.141.59\selenium-api-3.141.59.jar;C:\Users\nasreenk\.m2\repository\org\seleniumhq\selenium\selenium-chrome-driver\3.141.59\selenium-chrome-driver-3.141.59.jar;C:\Users\nasreenk\.m2\repository\org\seleniumhq\selenium\selenium-edge-driver\3.141.59\selenium-edge-driver-3.141.59.jar;C:\Users\nasreenk\.m2\repository\org\seleniumhq\selenium\selenium-firefox-driver\3.141.59\selenium-firefox-driver-3.141.59.jar;C:\Users\nasreenk\.m2\repository\org\seleniumhq\selenium\selenium-ie-driver\3.141.59\selenium-ie-driver-3.141.59.jar;C:\Users\nasreenk\.m2\repository\org\seleniumhq\selenium\selenium-opera-driver\3.141.59\selenium-opera-driver-3.141.59.jar;C:\Users\nasreenk\.m2\repository\org\seleniumhq\selenium\selenium-remote-driver\3.141.59\selenium-remote-driver-3.141.59.jar;C:\Users\nasreenk\.m2\repository\org\seleniumhq\selenium\selenium-safari-driver\3.141.59\selenium-safari-driver-3.141.59.jar;C:\Users\nasreenk\.m2\repository\org\seleniumhq\selenium\selenium-support\3.141.59\selenium-support-3.141.59.jar;C:\Users\nasreenk\.m2\repository\net\bytebuddy\byte-buddy\1.8.15\byte-buddy-1.8.15.jar;C:\Users\nasreenk\.m2\repository\org\apache\commons\commons-exec\1.3\commons-exec-1.3.jar;C:\Users\nasreenk\.m2\repository\com\google\guava\guava\25.0-jre\guava-25.0-jre.jar;C:\Users\nasreenk\.m2\repository\org\checkerframework\checker-compat-qual\2.0.0\checker-compat-qual-2.0.0.jar;C:\Users\nasreenk\.m2\repository\com\google\errorprone\error_prone_annotations\2.1.3\error_prone_annotations-2.1.3.jar;C:\Users\nasreenk\.m2\repository\com\google\j2objc\j2objc-annotations\1.1\j2objc-annotations-1.1.jar;C:\Users\nasreenk\.m2\repository\org\codehaus\mojo\animal-sniffer-annotations\1.14\animal-sniffer-annotations-1.14.jar;C:\Users\nasreenk\.m2\repository\com\squareup\okhttp3\okhttp\3.11.0\okhttp-3.11.0.jar;C:\Users\nasreenk\.m2\repository\com\squareup\okio\okio\1.14.0\okio-1.14.0.jar;C:\Users\nasreenk\.m2\repository\org\testng\testng\7.1.0\testng-7.1.0.jar;C:\Users\nasreenk\.m2\repository\com\beust\jcommander\1.72\jcommander-1.72.jar;C:\Users\nasreenk\.m2\repository\com\google\inject\guice\4.1.0\guice-4.1.0-no_aop.jar;C:\Users\nasreenk\.m2\repository\javax\inject\javax.inject\1\javax.inject-1.jar;C:\Users\nasreenk\.m2\repository\aopalliance\aopalliance\1.0\aopalliance-1.0.jar;C:\Users\nasreenk\.m2\repository\org\yaml\snakeyaml\1.21\snakeyaml-1.21.jar;C:\Users\nasreenk\.m2\repository\com\codoid\products\fillo\1.21\fillo-1.21.jar;C:\Users\nasreenk\.m2\repository\org\testng\reportng\1.2.2\reportng-1.2.2.jar;C:\Users\nasreenk\.m2\repository\org\freemarker\freemarker\2.3.28\freemarker-2.3.28.jar;C:\Users\nasreenk\.m2\repository\com\google\inject\guice\4.2.0\guice-4.2.0.jar;C:\Users\nasreenk\.m2\repository\io\qameta\allure\allure-testng\2.13.2\allure-testng-2.13.2.jar;C:\Users\nasreenk\.m2\repository\io\qameta\allure\allure-java-commons\2.13.2\allure-java-commons-2.13.2.jar;C:\Users\nasreenk\.m2\repository\io\qameta\allure\allure-model\2.13.2\allure-model-2.13.2.jar;C:\Users\nasreenk\.m2\repository\com\fasterxml\jackson\core\jackson-databind\2.9.8\jackson-databind-2.9.8.jar;C:\Users\nasreenk\.m2\repository\com\fasterxml\jackson\core\jackson-annotations\2.9.0\jackson-annotations-2.9.0.jar;C:\Users\nasreenk\.m2\repository\com\fasterxml\jackson\core\jackson-core\2.9.8\jackson-core-2.9.8.jar;C:\Users\nasreenk\.m2\repository\org\apache\tika\tika-core\1.20\tika-core-1.20.jar;C:\Users\nasreenk\.m2\repository\org\jooq\joor-java-8\0.9.10\joor-java-8-0.9.10.jar;C:\Users\nasreenk\.m2\repository\com\aventstack\extentreports\4.1.3\extentreports-4.1.3.jar;C:\Users\nasreenk\.m2\repository\org\apache\httpcomponents\httpclient\4.5.2\httpclient-4.5.2.jar;C:\Users\nasreenk\.m2\repository\org\apache\httpcomponents\httpcore\4.4.4\httpcore-4.4.4.jar;C:\Users\nasreenk\.m2\repository\commons-logging\commons-logging\1.2\commons-logging-1.2.jar;C:\Users\nasreenk\.m2\repository\org\apache\httpcomponents\httpmime\4.5.2\httpmime-4.5.2.jar;C:\Users\nasreenk\.m2\repository\org\mongodb\mongodb-driver\3.12.0\mongodb-driver-3.12.0.jar;C:\Users\nasreenk\.m2\repository\org\mongodb\mongodb-driver-core\3.12.0\mongodb-driver-core-3.12.0.jar;C:\Users\nasreenk\.m2\repository\org\mongodb\bson\3.12.0\bson-3.12.0.jar;C:\Users\nasreenk\.m2\repository\com\sun\mail\javax.mail\1.6.2\javax.mail-1.6.2.jar;C:\Users\nasreenk\.m2\repository\javax\activation\activation\1.1\activation-1.1.jar;C:\Users\nasreenk\.m2\repository\org\jsoup\jsoup\1.12.1\jsoup-1.12.1.jar;C:\Users\nasreenk\.m2\repository\com\google\code\findbugs\jsr305\3.0.2\jsr305-3.0.2.jar;C:\Users\nasreenk\.m2\repository\org\slf4j\slf4j-api\1.7.30\slf4j-api-1.7.30.jar;C:\Users\nasreenk\.m2\repository\org\slf4j\slf4j-log4j12\1.7.30\slf4j-log4j12-1.7.30.jar;C:\Users\nasreenk\.m2\repository\log4j\log4j\1.2.17\log4j-1.2.17.jar;C:\Users\nasreenk\.m2\repository\org\apache\logging\log4j\log4j-core\2.13.2\log4j-core-2.13.2.jar;C:\Users\nasreenk\.m2\repository\org\apache\logging\log4j\log4j-api\2.13.2\log4j-api-2.13.2.jar;C:\Users\nasreenk\.m2\repository\net\sourceforge\csvjdbc\csvjdbc\1.0.36\csvjdbc-1.0.36.jar;"/>
    <property name="sun.cpu.endian" value="little"/>
    <property name="user.home" value="C:\Users\nasreenk"/>
    <property name="user.language" value="en"/>
    <property name="java.specification.vendor" value="Oracle Corporation"/>
    <property name="java.version.date" value="2020-04-14"/>
    <property name="java.home" value="C:\Program Files\Java\jdk-11.0.7"/>
    <property name="file.separator" value="\"/>
    <property name="basedir" value="E:\InelliJ\SeleniumTestJavaArtifact2july\SeleniumTestJavaArtifact"/>
    <property name="java.vm.compressedOopsMode" value="32-bit"/>
    <property name="line.separator" value="&#10;"/>
    <property name="filename" value="utilities.listener.WebEventListener"/>
    <property name="java.specification.name" value="Java Platform API Specification"/>
    <property name="java.vm.specification.vendor" value="Oracle Corporation"/>
    <property name="java.awt.graphicsenv" value="sun.awt.Win32GraphicsEnvironment"/>
    <property name="idea.version2020.1.1" value="true"/>
    <property name="surefire.real.class.path" value="C:\Users\nasreenk\AppData\Local\Temp\surefire12109303350118130671\surefirebooter6582535846432767620.jar"/>
    <property name="user.script" value=""/>
    <property name="sun.management.compiler" value="HotSpot 64-Bit Tiered Compilers"/>
    <property name="java.runtime.version" value="11.0.7+8-LTS"/>
    <property name="user.name" value="Nasreenk"/>
    <property name="path.separator" value=";"/>
    <property name="os.version" value="10.0"/>
    <property name="java.runtime.name" value="Java(TM) SE Runtime Environment"/>
    <property name="file.encoding" value="Cp1252"/>
    <property name="java.vm.name" value="Java HotSpot(TM) 64-Bit Server VM"/>
    <property name="java.vendor.version" value="18.9"/>
    <property name="localRepository" value="C:\Users\nasreenk\.m2\repository"/>
    <property name="java.vendor.url.bug" value="https://bugreport.java.com/bugreport/"/>
    <property name="java.io.tmpdir" value="C:\Users\nasreenk\AppData\Local\Temp\"/>
    <property name="java.version" value="11.0.7"/>
    <property name="user.dir" value="E:\InelliJ\SeleniumTestJavaArtifact2july\SeleniumTestJavaArtifact"/>
    <property name="os.arch" value="amd64"/>
    <property name="java.vm.specification.name" value="Java Virtual Machine Specification"/>
    <property name="java.awt.printerjob" value="sun.awt.windows.WPrinterJob"/>
    <property name="sun.os.patch.level" value=""/>
    <property name="java.library.path" value="C:\Program Files\Java\jdk-11.0.7\bin;C:\WINDOWS\Sun\Java\bin;C:\WINDOWS\system32;C:\WINDOWS;C:\ProgramData\Oracle\Java\javapath;C:\WINDOWS\system32;C:\WINDOWS;C:\Users\AditiB\AppData\Roaming\npm;%AppData%\npm;C:\Program Files\nodejs\;C:\WINDOWS\System32\Wbem;C:\WINDOWS\System32\WindowsPowerShell\v1.0\;C:\Program Files (x86)\Bitvise SSH Client;C:\WINDOWS\System32\OpenSSH\;C:\Program Files\Geth;C:\Program Files\Git\cmd;C:\Python27;C:\Go\bin;C:\Program Files\PuTTY\;C:\Program Files\Java\nssm-2.24\nssm-2.24\win64;C:\Program Files (x86)\Java\jdk1.8.0_25\bin;C:\Program Files (x86)\Java\jre1.8.0_25\bin;C:\android-sdk\platform-tools;C:\android-sdk\tools;E:\jmeter\apache-jmeter-5.2.1\bin;C:\Users\nasreenk\scoop\shims;C:\Program Files\Java\jdk-13.0.2\bin;C:\Program Files (x86)\Sophos\Sophos SSL VPN Client\bin;."/>
    <property name="java.vendor" value="Oracle Corporation"/>
    <property name="java.vm.info" value="mixed mode"/>
    <property name="java.vm.version" value="11.0.7+8-LTS"/>
    <property name="sun.io.unicode.encoding" value="UnicodeLittle"/>
    <property name="java.class.version" value="55.0"/>
  </properties>
  <testcase name="signIn" classname="pages.LoginPageTest" time="26.805"/>
  <testcase name="signIn" classname="pages.LoginPageTest" time="6.343"/>
  <testcase name="clickOnConsignment" classname="pages.TestPageConsinment" time="31.661"/>
  <testcase name="clickOnAccordian" classname="pages.TestPageConsinment" time="6.743"/>
  <testcase name="verifyValueStepperIsNotPresentOnSelectionOfDoc" classname="pages.TestPageConsinment" time="15.91">
    <failure message="element click intercepted: Element &lt;div class=&quot;v-menu v-menu--inline&quot;&gt;...&lt;/div&gt; is not clickable at point (1063, 28). Other element would receive the click: &lt;div class=&quot;v-overlay v-overlay--active&quot; style=&quot;z-index: 201;&quot;&gt;&lt;/div&gt;&#10;  (Session info: headless chrome=89.0.4389.90)&#10;Build info: version: &apos;3.141.59&apos;, revision: &apos;e82be7d358&apos;, time: &apos;2018-11-14T08:17:03&apos;&#10;System info: host: &apos;WJLP-1098&apos;, ip: &apos;192.168.65.1&apos;, os.name: &apos;Windows 10&apos;, os.arch: &apos;amd64&apos;, os.version: &apos;10.0&apos;, java.version: &apos;11.0.7&apos;&#10;Driver info: org.openqa.selenium.chrome.ChromeDriver&#10;Capabilities {acceptInsecureCerts: false, browserName: chrome, browserVersion: 89.0.4389.90, chrome: {chromedriverVersion: 89.0.4389.23 (61b08ee2c5002..., userDataDir: C:\Users\nasreenk\AppData\L...}, goog:chromeOptions: {debuggerAddress: localhost:53748}, javascriptEnabled: true, networkConnectionEnabled: false, pageLoadStrategy: none, platform: WINDOWS, platformName: WINDOWS, proxy: Proxy(), setWindowRect: true, strictFileInteractability: false, timeouts: {implicit: 0, pageLoad: 300000, script: 30000}, unhandledPromptBehavior: dismiss and notify, webauthn:extension:largeBlob: true, webauthn:virtualAuthenticators: true}&#10;Session ID: 4fac41a26d96408ad66db42786186454" type="org.openqa.selenium.ElementClickInterceptedException"><![CDATA[org.openqa.selenium.ElementClickInterceptedException: 
element click intercepted: Element <div class="v-menu v-menu--inline">...</div> is not clickable at point (1063, 28). Other element would receive the click: <div class="v-overlay v-overlay--active" style="z-index: 201;"></div>
  (Session info: headless chrome=89.0.4389.90)
Build info: version: '3.141.59', revision: 'e82be7d358', time: '2018-11-14T08:17:03'
System info: host: 'WJLP-1098', ip: '192.168.65.1', os.name: 'Windows 10', os.arch: 'amd64', os.version: '10.0', java.version: '11.0.7'
Driver info: org.openqa.selenium.chrome.ChromeDriver
Capabilities {acceptInsecureCerts: false, browserName: chrome, browserVersion: 89.0.4389.90, chrome: {chromedriverVersion: 89.0.4389.23 (61b08ee2c5002..., userDataDir: C:\Users\nasreenk\AppData\L...}, goog:chromeOptions: {debuggerAddress: localhost:53748}, javascriptEnabled: true, networkConnectionEnabled: false, pageLoadStrategy: none, platform: WINDOWS, platformName: WINDOWS, proxy: Proxy(), setWindowRect: true, strictFileInteractability: false, timeouts: {implicit: 0, pageLoad: 300000, script: 30000}, unhandledPromptBehavior: dismiss and notify, webauthn:extension:largeBlob: true, webauthn:virtualAuthenticators: true}
Session ID: 4fac41a26d96408ad66db42786186454
	at pages.TestPageConsinment.verifyValueStepperIsNotPresentOnSelectionOfDoc(TestPageConsinment.java:64)
]]></failure>
    <system-out><![CDATA[I am in onTestStart method verifyValueStepperIsNotPresentOnSelectionOfDoc start
2021-03-19/13:26:17.558  INFO: listener.WebEventListener - Before Finding element: By.xpath: //div[@class='flex xs3 md3']//div[@class='v-menu v-menu--inline']
108029 [main] INFO utilities.listener.WebEventListener  - Before Finding element: By.xpath: //div[@class='flex xs3 md3']//div[@class='v-menu v-menu--inline']
2021-03-19/13:26:17.654  INFO: listener.WebEventListener - Before Finding element: By.xpath: //div[@class='flex xs3 md3']//div[@class='v-menu v-menu--inline']
108125 [main] INFO utilities.listener.WebEventListener  - Before Finding element: By.xpath: //div[@class='flex xs3 md3']//div[@class='v-menu v-menu--inline']
2021-03-19/13:26:17.938  INFO: listener.WebEventListener - Before Finding element: By.xpath: //div[@class='flex xs3 md3']//div[@class='v-menu v-menu--inline']
108409 [main] INFO utilities.listener.WebEventListener  - Before Finding element: By.xpath: //div[@class='flex xs3 md3']//div[@class='v-menu v-menu--inline']
2021-03-19/13:26:18.273  INFO: listener.WebEventListener - Before Finding element: By.xpath: //div[@class='flex xs3 md3']//div[@class='v-menu v-menu--inline']
108744 [main] INFO utilities.listener.WebEventListener  - Before Finding element: By.xpath: //div[@class='flex xs3 md3']//div[@class='v-menu v-menu--inline']
2021-03-19/13:26:18.578  INFO: listener.WebEventListener - Before Finding element: By.xpath: //div[@class='flex xs3 md3']//div[@class='v-menu v-menu--inline']
109049 [main] INFO utilities.listener.WebEventListener  - Before Finding element: By.xpath: //div[@class='flex xs3 md3']//div[@class='v-menu v-menu--inline']
2021-03-19/13:26:18.924  INFO: listener.WebEventListener - Before Finding element: By.xpath: //div[@class='flex xs3 md3']//div[@class='v-menu v-menu--inline']
109395 [main] INFO utilities.listener.WebEventListener  - Before Finding element: By.xpath: //div[@class='flex xs3 md3']//div[@class='v-menu v-menu--inline']
2021-03-19/13:26:19.191  INFO: listener.WebEventListener - Before Finding element: By.xpath: //div[@class='flex xs3 md3']//div[@class='v-menu v-menu--inline']
109662 [main] INFO utilities.listener.WebEventListener  - Before Finding element: By.xpath: //div[@class='flex xs3 md3']//div[@class='v-menu v-menu--inline']
2021-03-19/13:26:19.473  INFO: listener.WebEventListener - Before Finding element: By.xpath: //div[@class='flex xs3 md3']//div[@class='v-menu v-menu--inline']
109944 [main] INFO utilities.listener.WebEventListener  - Before Finding element: By.xpath: //div[@class='flex xs3 md3']//div[@class='v-menu v-menu--inline']
2021-03-19/13:26:19.755  INFO: listener.WebEventListener - Before Finding element: By.xpath: //div[@class='flex xs3 md3']//div[@class='v-menu v-menu--inline']
110226 [main] INFO utilities.listener.WebEventListener  - Before Finding element: By.xpath: //div[@class='flex xs3 md3']//div[@class='v-menu v-menu--inline']
2021-03-19/13:26:20.036  INFO: listener.WebEventListener - Before Finding element: By.xpath: //div[@class='flex xs3 md3']//div[@class='v-menu v-menu--inline']
110507 [main] INFO utilities.listener.WebEventListener  - Before Finding element: By.xpath: //div[@class='flex xs3 md3']//div[@class='v-menu v-menu--inline']
2021-03-19/13:26:20.317  INFO: listener.WebEventListener - Before Finding element: By.xpath: //div[@class='flex xs3 md3']//div[@class='v-menu v-menu--inline']
110788 [main] INFO utilities.listener.WebEventListener  - Before Finding element: By.xpath: //div[@class='flex xs3 md3']//div[@class='v-menu v-menu--inline']
2021-03-19/13:26:20.594  INFO: listener.WebEventListener - Before Finding element: By.xpath: //div[@class='flex xs3 md3']//div[@class='v-menu v-menu--inline']
111065 [main] INFO utilities.listener.WebEventListener  - Before Finding element: By.xpath: //div[@class='flex xs3 md3']//div[@class='v-menu v-menu--inline']
2021-03-19/13:26:20.877  INFO: listener.WebEventListener - Before Finding element: By.xpath: //div[@class='flex xs3 md3']//div[@class='v-menu v-menu--inline']
111348 [main] INFO utilities.listener.WebEventListener  - Before Finding element: By.xpath: //div[@class='flex xs3 md3']//div[@class='v-menu v-menu--inline']
2021-03-19/13:26:21.159  INFO: listener.WebEventListener - Before Finding element: By.xpath: //div[@class='flex xs3 md3']//div[@class='v-menu v-menu--inline']
111630 [main] INFO utilities.listener.WebEventListener  - Before Finding element: By.xpath: //div[@class='flex xs3 md3']//div[@class='v-menu v-menu--inline']
2021-03-19/13:26:21.424  INFO: listener.WebEventListener - Before Finding element: By.xpath: //div[@class='flex xs3 md3']//div[@class='v-menu v-menu--inline']
111895 [main] INFO utilities.listener.WebEventListener  - Before Finding element: By.xpath: //div[@class='flex xs3 md3']//div[@class='v-menu v-menu--inline']
true
2021-03-19/13:26:24.137  INFO: listener.WebEventListener - beforeClickOn xpath: //div[@class='flex xs3 md3']//div[@class='v-menu v-menu--inline']]
114608 [main] INFO utilities.listener.WebEventListener  - beforeClickOn xpath: //div[@class='flex xs3 md3']//div[@class='v-menu v-menu--inline']]
I am in onTestFailure method verifyValueStepperIsNotPresentOnSelectionOfDoc failed
]]></system-out>
  </testcase>
  <testcase name="doStarted" classname="pages.TestPageConsinment" time="92.563"/>
  <testcase name="clickOnConsignment" classname="pages.TestPageConsignmentInbound" time="150.276">
    <failure message="Expected condition failed: waiting for element to be clickable: Proxy element for: AjaxElementLocator &apos;By.xpath: //div[@class=&apos;flex xs1 md1&apos;]&apos; (tried for 60 second(s) with 500 milliseconds interval)" type="org.openqa.selenium.TimeoutException"><![CDATA[org.openqa.selenium.TimeoutException: Expected condition failed: waiting for element to be clickable: Proxy element for: AjaxElementLocator 'By.xpath: //div[@class='flex xs1 md1']' (tried for 60 second(s) with 500 milliseconds interval)
	at pages.TestPageConsignmentInbound.clickOnConsignment(TestPageConsignmentInbound.java:26)
Caused by: org.openqa.selenium.NoSuchElementException: Timed out after 60 seconds. Unable to locate the element
	at pages.TestPageConsignmentInbound.clickOnConsignment(TestPageConsignmentInbound.java:26)
Caused by: org.openqa.selenium.NoSuchElementException: 
no such element: Unable to locate element: {"method":"xpath","selector":"//div[@class='flex xs1 md1']"}
  (Session info: headless chrome=89.0.4389.90)
For documentation on this error, please visit: https://www.seleniumhq.org/exceptions/no_such_element.html
Build info: version: '3.141.59', revision: 'e82be7d358', time: '2018-11-14T08:17:03'
System info: host: 'WJLP-1098', ip: '192.168.65.1', os.name: 'Windows 10', os.arch: 'amd64', os.version: '10.0', java.version: '11.0.7'
Driver info: org.openqa.selenium.chrome.ChromeDriver
Capabilities {acceptInsecureCerts: false, browserName: chrome, browserVersion: 89.0.4389.90, chrome: {chromedriverVersion: 89.0.4389.23 (61b08ee2c5002..., userDataDir: C:\Users\nasreenk\AppData\L...}, goog:chromeOptions: {debuggerAddress: localhost:53878}, javascriptEnabled: true, networkConnectionEnabled: false, pageLoadStrategy: none, platform: WINDOWS, platformName: WINDOWS, proxy: Proxy(), setWindowRect: true, strictFileInteractability: false, timeouts: {implicit: 0, pageLoad: 300000, script: 30000}, unhandledPromptBehavior: dismiss and notify, webauthn:extension:largeBlob: true, webauthn:virtualAuthenticators: true}
Session ID: 2c385f64303c21b7fc3507e4f9935a94
*** Element info: {Using=xpath, value=//div[@class='flex xs1 md1']}
	at pages.TestPageConsignmentInbound.clickOnConsignment(TestPageConsignmentInbound.java:26)
]]></failure>
    <system-out><![CDATA[I am in onFinish method Check login and logout successfully
I am in onStart method Test Consignment Inbound
ClassName: pages.TestPageConsignmentInbound
I am in onTestStart method clickOnConsignment start
2021-03-19/13:29:10.462  INFO: listener.WebEventListener - Before Finding element: By.xpath: //div[@class='flex xs1 md1']
280933 [main] INFO utilities.listener.WebEventListener  - Before Finding element: By.xpath: //div[@class='flex xs1 md1']
280933 [main] INFO utilities.listener.WebEventListener  - Before Finding element: By.xpath: //div[@class='flex xs1 md1']
2021-03-19/13:29:10.502  INFO: listener.WebEventListener - Before Finding element: By.xpath: //div[@class='flex xs1 md1']
280973 [main] INFO utilities.listener.WebEventListener  - Before Finding element: By.xpath: //div[@class='flex xs1 md1']
280973 [main] INFO utilities.listener.WebEventListener  - Before Finding element: By.xpath: //div[@class='flex xs1 md1']
2021-03-19/13:29:10.767  INFO: listener.WebEventListener - Before Finding element: By.xpath: //div[@class='flex xs1 md1']
281238 [main] INFO utilities.listener.WebEventListener  - Before Finding element: By.xpath: //div[@class='flex xs1 md1']
281238 [main] INFO utilities.listener.WebEventListener  - Before Finding element: By.xpath: //div[@class='flex xs1 md1']
2021-03-19/13:29:11.042  INFO: listener.WebEventListener - Before Finding element: By.xpath: //div[@class='flex xs1 md1']
281513 [main] INFO utilities.listener.WebEventListener  - Before Finding element: By.xpath: //div[@class='flex xs1 md1']
281513 [main] INFO utilities.listener.WebEventListener  - Before Finding element: By.xpath: //div[@class='flex xs1 md1']
2021-03-19/13:29:11.322  INFO: listener.WebEventListener - Before Finding element: By.xpath: //div[@class='flex xs1 md1']
281793 [main] INFO utilities.listener.WebEventListener  - Before Finding element: By.xpath: //div[@class='flex xs1 md1']
281793 [main] INFO utilities.listener.WebEventListener  - Before Finding element: By.xpath: //div[@class='flex xs1 md1']
2021-03-19/13:29:11.603  INFO: listener.WebEventListener - Before Finding element: By.xpath: //div[@class='flex xs1 md1']
282074 [main] INFO utilities.listener.WebEventListener  - Before Finding element: By.xpath: //div[@class='flex xs1 md1']
282074 [main] INFO utilities.listener.WebEventListener  - Before Finding element: By.xpath: //div[@class='flex xs1 md1']
2021-03-19/13:29:11.883  INFO: listener.WebEventListener - Before Finding element: By.xpath: //div[@class='flex xs1 md1']
282354 [main] INFO utilities.listener.WebEventListener  - Before Finding element: By.xpath: //div[@class='flex xs1 md1']
282354 [main] INFO utilities.listener.WebEventListener  - Before Finding element: By.xpath: //div[@class='flex xs1 md1']
2021-03-19/13:29:12.150  INFO: listener.WebEventListener - Before Finding element: By.xpath: //div[@class='flex xs1 md1']
282621 [main] INFO utilities.listener.WebEventListener  - Before Finding element: By.xpath: //div[@class='flex xs1 md1']
282621 [main] INFO utilities.listener.WebEventListener  - Before Finding element: By.xpath: //div[@class='flex xs1 md1']
2021-03-19/13:29:12.418  INFO: listener.WebEventListener - Before Finding element: By.xpath: //div[@class='flex xs1 md1']
282889 [main] INFO utilities.listener.WebEventListener  - Before Finding element: By.xpath: //div[@class='flex xs1 md1']
282889 [main] INFO utilities.listener.WebEventListener  - Before Finding element: By.xpath: //div[@class='flex xs1 md1']
2021-03-19/13:29:12.683  INFO: listener.WebEventListener - Before Finding element: By.xpath: //div[@class='flex xs1 md1']
283154 [main] INFO utilities.listener.WebEventListener  - Before Finding element: By.xpath: //div[@class='flex xs1 md1']
283154 [main] INFO utilities.listener.WebEventListener  - Before Finding element: By.xpath: //div[@class='flex xs1 md1']
2021-03-19/13:29:12.971  INFO: listener.WebEventListener - Before Finding element: By.xpath: //div[@class='flex xs1 md1']
283442 [main] INFO utilities.listener.WebEventListener  - Before Finding element: By.xpath: //div[@class='flex xs1 md1']
283442 [main] INFO utilities.listener.WebEventListener  - Before Finding element: By.xpath: //div[@class='flex xs1 md1']
2021-03-19/13:29:13.235  INFO: listener.WebEventListener - Before Finding element: By.xpath: //div[@class='flex xs1 md1']
283706 [main] INFO utilities.listener.WebEventListener  - Before Finding element: By.xpath: //div[@class='flex xs1 md1']
283706 [main] INFO utilities.listener.WebEventListener  - Before Finding element: By.xpath: //div[@class='flex xs1 md1']
2021-03-19/13:29:13.518  INFO: listener.WebEventListener - Before Finding element: By.xpath: //div[@class='flex xs1 md1']
283989 [main] INFO utilities.listener.WebEventListener  - Before Finding element: By.xpath: //div[@class='flex xs1 md1']
283989 [main] INFO utilities.listener.WebEventListener  - Before Finding element: By.xpath: //div[@class='flex xs1 md1']
2021-03-19/13:29:13.785  INFO: listener.WebEventListener - Before Finding element: By.xpath: //div[@class='flex xs1 md1']
284256 [main] INFO utilities.listener.WebEventListener  - Before Finding element: By.xpath: //div[@class='flex xs1 md1']
284256 [main] INFO utilities.listener.WebEventListener  - Before Finding element: By.xpath: //div[@class='flex xs1 md1']
2021-03-19/13:29:14.067  INFO: listener.WebEventListener - Before Finding element: By.xpath: //div[@class='flex xs1 md1']
284538 [main] INFO utilities.listener.WebEventListener  - Before Finding element: By.xpath: //div[@class='flex xs1 md1']
284538 [main] INFO utilities.listener.WebEventListener  - Before Finding element: By.xpath: //div[@class='flex xs1 md1']
2021-03-19/13:29:14.336  INFO: listener.WebEventListener - Before Finding element: By.xpath: //div[@class='flex xs1 md1']
284807 [main] INFO utilities.listener.WebEventListener  - Before Finding element: By.xpath: //div[@class='flex xs1 md1']
284807 [main] INFO utilities.listener.WebEventListener  - Before Finding element: By.xpath: //div[@class='flex xs1 md1']
2021-03-19/13:29:14.604  INFO: listener.WebEventListener - Before Finding element: By.xpath: //div[@class='flex xs1 md1']
285075 [main] INFO utilities.listener.WebEventListener  - Before Finding element: By.xpath: //div[@class='flex xs1 md1']
285075 [main] INFO utilities.listener.WebEventListener  - Before Finding element: By.xpath: //div[@class='flex xs1 md1']
2021-03-19/13:29:14.872  INFO: listener.WebEventListener - Before Finding element: By.xpath: //div[@class='flex xs1 md1']
285343 [main] INFO utilities.listener.WebEventListener  - Before Finding element: By.xpath: //div[@class='flex xs1 md1']
285343 [main] INFO utilities.listener.WebEventListener  - Before Finding element: By.xpath: //div[@class='flex xs1 md1']
2021-03-19/13:29:15.152  INFO: listener.WebEventListener - Before Finding element: By.xpath: //div[@class='flex xs1 md1']
285623 [main] INFO utilities.listener.WebEventListener  - Before Finding element: By.xpath: //div[@class='flex xs1 md1']
285623 [main] INFO utilities.listener.WebEventListener  - Before Finding element: By.xpath: //div[@class='flex xs1 md1']
2021-03-19/13:29:15.417  INFO: listener.WebEventListener - Before Finding element: By.xpath: //div[@class='flex xs1 md1']
285888 [main] INFO utilities.listener.WebEventListener  - Before Finding element: By.xpath: //div[@class='flex xs1 md1']
285888 [main] INFO utilities.listener.WebEventListener  - Before Finding element: By.xpath: //div[@class='flex xs1 md1']
2021-03-19/13:29:15.681  INFO: listener.WebEventListener - Before Finding element: By.xpath: //div[@class='flex xs1 md1']
286152 [main] INFO utilities.listener.WebEventListener  - Before Finding element: By.xpath: //div[@class='flex xs1 md1']
286152 [main] INFO utilities.listener.WebEventListener  - Before Finding element: By.xpath: //div[@class='flex xs1 md1']
2021-03-19/13:29:15.952  INFO: listener.WebEventListener - Before Finding element: By.xpath: //div[@class='flex xs1 md1']
286423 [main] INFO utilities.listener.WebEventListener  - Before Finding element: By.xpath: //div[@class='flex xs1 md1']
286423 [main] INFO utilities.listener.WebEventListener  - Before Finding element: By.xpath: //div[@class='flex xs1 md1']
2021-03-19/13:29:16.221  INFO: listener.WebEventListener - Before Finding element: By.xpath: //div[@class='flex xs1 md1']
286692 [main] INFO utilities.listener.WebEventListener  - Before Finding element: By.xpath: //div[@class='flex xs1 md1']
286692 [main] INFO utilities.listener.WebEventListener  - Before Finding element: By.xpath: //div[@class='flex xs1 md1']
2021-03-19/13:29:16.521  INFO: listener.WebEventListener - Before Finding element: By.xpath: //div[@class='flex xs1 md1']
286992 [main] INFO utilities.listener.WebEventListener  - Before Finding element: By.xpath: //div[@class='flex xs1 md1']
286992 [main] INFO utilities.listener.WebEventListener  - Before Finding element: By.xpath: //div[@class='flex xs1 md1']
2021-03-19/13:29:16.851  INFO: listener.WebEventListener - Before Finding element: By.xpath: //div[@class='flex xs1 md1']
287322 [main] INFO utilities.listener.WebEventListener  - Before Finding element: By.xpath: //div[@class='flex xs1 md1']
287322 [main] INFO utilities.listener.WebEventListener  - Before Finding element: By.xpath: //div[@class='flex xs1 md1']
2021-03-19/13:29:17.238  INFO: listener.WebEventListener - Before Finding element: By.xpath: //div[@class='flex xs1 md1']
287709 [main] INFO utilities.listener.WebEventListener  - Before Finding element: By.xpath: //div[@class='flex xs1 md1']
287709 [main] INFO utilities.listener.WebEventListener  - Before Finding element: By.xpath: //div[@class='flex xs1 md1']
2021-03-19/13:29:17.515  INFO: listener.WebEventListener - Before Finding element: By.xpath: //div[@class='flex xs1 md1']
287986 [main] INFO utilities.listener.WebEventListener  - Before Finding element: By.xpath: //div[@class='flex xs1 md1']
287986 [main] INFO utilities.listener.WebEventListener  - Before Finding element: By.xpath: //div[@class='flex xs1 md1']
2021-03-19/13:29:17.788  INFO: listener.WebEventListener - Before Finding element: By.xpath: //div[@class='flex xs1 md1']
288259 [main] INFO utilities.listener.WebEventListener  - Before Finding element: By.xpath: //div[@class='flex xs1 md1']
288259 [main] INFO utilities.listener.WebEventListener  - Before Finding element: By.xpath: //div[@class='flex xs1 md1']
2021-03-19/13:29:18.078  INFO: listener.WebEventListener - Before Finding element: By.xpath: //div[@class='flex xs1 md1']
288549 [main] INFO utilities.listener.WebEventListener  - Before Finding element: By.xpath: //div[@class='flex xs1 md1']
288549 [main] INFO utilities.listener.WebEventListener  - Before Finding element: By.xpath: //div[@class='flex xs1 md1']
2021-03-19/13:29:18.342  INFO: listener.WebEventListener - Before Finding element: By.xpath: //div[@class='flex xs1 md1']
288813 [main] INFO utilities.listener.WebEventListener  - Before Finding element: By.xpath: //div[@class='flex xs1 md1']
288813 [main] INFO utilities.listener.WebEventListener  - Before Finding element: By.xpath: //div[@class='flex xs1 md1']
2021-03-19/13:29:18.610  INFO: listener.WebEventListener - Before Finding element: By.xpath: //div[@class='flex xs1 md1']
289081 [main] INFO utilities.listener.WebEventListener  - Before Finding element: By.xpath: //div[@class='flex xs1 md1']
289081 [main] INFO utilities.listener.WebEventListener  - Before Finding element: By.xpath: //div[@class='flex xs1 md1']
2021-03-19/13:29:18.875  INFO: listener.WebEventListener - Before Finding element: By.xpath: //div[@class='flex xs1 md1']
289346 [main] INFO utilities.listener.WebEventListener  - Before Finding element: By.xpath: //div[@class='flex xs1 md1']
289346 [main] INFO utilities.listener.WebEventListener  - Before Finding element: By.xpath: //div[@class='flex xs1 md1']
2021-03-19/13:29:19.140  INFO: listener.WebEventListener - Before Finding element: By.xpath: //div[@class='flex xs1 md1']
289611 [main] INFO utilities.listener.WebEventListener  - Before Finding element: By.xpath: //div[@class='flex xs1 md1']
289611 [main] INFO utilities.listener.WebEventListener  - Before Finding element: By.xpath: //div[@class='flex xs1 md1']
2021-03-19/13:29:19.413  INFO: listener.WebEventListener - Before Finding element: By.xpath: //div[@class='flex xs1 md1']
289884 [main] INFO utilities.listener.WebEventListener  - Before Finding element: By.xpath: //div[@class='flex xs1 md1']
289884 [main] INFO utilities.listener.WebEventListener  - Before Finding element: By.xpath: //div[@class='flex xs1 md1']
2021-03-19/13:29:19.684  INFO: listener.WebEventListener - Before Finding element: By.xpath: //div[@class='flex xs1 md1']
290155 [main] INFO utilities.listener.WebEventListener  - Before Finding element: By.xpath: //div[@class='flex xs1 md1']
290155 [main] INFO utilities.listener.WebEventListener  - Before Finding element: By.xpath: //div[@class='flex xs1 md1']
2021-03-19/13:29:19.950  INFO: listener.WebEventListener - Before Finding element: By.xpath: //div[@class='flex xs1 md1']
290421 [main] INFO utilities.listener.WebEventListener  - Before Finding element: By.xpath: //div[@class='flex xs1 md1']
290421 [main] INFO utilities.listener.WebEventListener  - Before Finding element: By.xpath: //div[@class='flex xs1 md1']
2021-03-19/13:29:20.215  INFO: listener.WebEventListener - Before Finding element: By.xpath: //div[@class='flex xs1 md1']
290686 [main] INFO utilities.listener.WebEventListener  - Before Finding element: By.xpath: //div[@class='flex xs1 md1']
290686 [main] INFO utilities.listener.WebEventListener  - Before Finding element: By.xpath: //div[@class='flex xs1 md1']
2021-03-19/13:29:20.479  INFO: listener.WebEventListener - Before Finding element: By.xpath: //div[@class='flex xs1 md1']
290950 [main] INFO utilities.listener.WebEventListener  - Before Finding element: By.xpath: //div[@class='flex xs1 md1']
290950 [main] INFO utilities.listener.WebEventListener  - Before Finding element: By.xpath: //div[@class='flex xs1 md1']
2021-03-19/13:29:20.760  INFO: listener.WebEventListener - Before Finding element: By.xpath: //div[@class='flex xs1 md1']
291231 [main] INFO utilities.listener.WebEventListener  - Before Finding element: By.xpath: //div[@class='flex xs1 md1']
291231 [main] INFO utilities.listener.WebEventListener  - Before Finding element: By.xpath: //div[@class='flex xs1 md1']
2021-03-19/13:29:21.025  INFO: listener.WebEventListener - Before Finding element: By.xpath: //div[@class='flex xs1 md1']
291496 [main] INFO utilities.listener.WebEventListener  - Before Finding element: By.xpath: //div[@class='flex xs1 md1']
291496 [main] INFO utilities.listener.WebEventListener  - Before Finding element: By.xpath: //div[@class='flex xs1 md1']
2021-03-19/13:29:21.302  INFO: listener.WebEventListener - Before Finding element: By.xpath: //div[@class='flex xs1 md1']
291773 [main] INFO utilities.listener.WebEventListener  - Before Finding element: By.xpath: //div[@class='flex xs1 md1']
291773 [main] INFO utilities.listener.WebEventListener  - Before Finding element: By.xpath: //div[@class='flex xs1 md1']
2021-03-19/13:29:21.577  INFO: listener.WebEventListener - Before Finding element: By.xpath: //div[@class='flex xs1 md1']
292048 [main] INFO utilities.listener.WebEventListener  - Before Finding element: By.xpath: //div[@class='flex xs1 md1']
292048 [main] INFO utilities.listener.WebEventListener  - Before Finding element: By.xpath: //div[@class='flex xs1 md1']
2021-03-19/13:29:21.843  INFO: listener.WebEventListener - Before Finding element: By.xpath: //div[@class='flex xs1 md1']
292314 [main] INFO utilities.listener.WebEventListener  - Before Finding element: By.xpath: //div[@class='flex xs1 md1']
292314 [main] INFO utilities.listener.WebEventListener  - Before Finding element: By.xpath: //div[@class='flex xs1 md1']
2021-03-19/13:29:22.110  INFO: listener.WebEventListener - Before Finding element: By.xpath: //div[@class='flex xs1 md1']
292581 [main] INFO utilities.listener.WebEventListener  - Before Finding element: By.xpath: //div[@class='flex xs1 md1']
292581 [main] INFO utilities.listener.WebEventListener  - Before Finding element: By.xpath: //div[@class='flex xs1 md1']
2021-03-19/13:29:22.385  INFO: listener.WebEventListener - Before Finding element: By.xpath: //div[@class='flex xs1 md1']
292856 [main] INFO utilities.listener.WebEventListener  - Before Finding element: By.xpath: //div[@class='flex xs1 md1']
292856 [main] INFO utilities.listener.WebEventListener  - Before Finding element: By.xpath: //div[@class='flex xs1 md1']
2021-03-19/13:29:22.654  INFO: listener.WebEventListener - Before Finding element: By.xpath: //div[@class='flex xs1 md1']
293125 [main] INFO utilities.listener.WebEventListener  - Before Finding element: By.xpath: //div[@class='flex xs1 md1']
293125 [main] INFO utilities.listener.WebEventListener  - Before Finding element: By.xpath: //div[@class='flex xs1 md1']
2021-03-19/13:29:22.918  INFO: listener.WebEventListener - Before Finding element: By.xpath: //div[@class='flex xs1 md1']
293389 [main] INFO utilities.listener.WebEventListener  - Before Finding element: By.xpath: //div[@class='flex xs1 md1']
293389 [main] INFO utilities.listener.WebEventListener  - Before Finding element: By.xpath: //div[@class='flex xs1 md1']
2021-03-19/13:29:23.183  INFO: listener.WebEventListener - Before Finding element: By.xpath: //div[@class='flex xs1 md1']
293654 [main] INFO utilities.listener.WebEventListener  - Before Finding element: By.xpath: //div[@class='flex xs1 md1']
293654 [main] INFO utilities.listener.WebEventListener  - Before Finding element: By.xpath: //div[@class='flex xs1 md1']
2021-03-19/13:29:23.466  INFO: listener.WebEventListener - Before Finding element: By.xpath: //div[@class='flex xs1 md1']
293937 [main] INFO utilities.listener.WebEventListener  - Before Finding element: By.xpath: //div[@class='flex xs1 md1']
293937 [main] INFO utilities.listener.WebEventListener  - Before Finding element: By.xpath: //div[@class='flex xs1 md1']
2021-03-19/13:29:23.734  INFO: listener.WebEventListener - Before Finding element: By.xpath: //div[@class='flex xs1 md1']
294205 [main] INFO utilities.listener.WebEventListener  - Before Finding element: By.xpath: //div[@class='flex xs1 md1']
294205 [main] INFO utilities.listener.WebEventListener  - Before Finding element: By.xpath: //div[@class='flex xs1 md1']
2021-03-19/13:29:24.004  INFO: listener.WebEventListener - Before Finding element: By.xpath: //div[@class='flex xs1 md1']
294475 [main] INFO utilities.listener.WebEventListener  - Before Finding element: By.xpath: //div[@class='flex xs1 md1']
294475 [main] INFO utilities.listener.WebEventListener  - Before Finding element: By.xpath: //div[@class='flex xs1 md1']
2021-03-19/13:29:24.270  INFO: listener.WebEventListener - Before Finding element: By.xpath: //div[@class='flex xs1 md1']
294741 [main] INFO utilities.listener.WebEventListener  - Before Finding element: By.xpath: //div[@class='flex xs1 md1']
294741 [main] INFO utilities.listener.WebEventListener  - Before Finding element: By.xpath: //div[@class='flex xs1 md1']
2021-03-19/13:29:24.538  INFO: listener.WebEventListener - Before Finding element: By.xpath: //div[@class='flex xs1 md1']
295009 [main] INFO utilities.listener.WebEventListener  - Before Finding element: By.xpath: //div[@class='flex xs1 md1']
295009 [main] INFO utilities.listener.WebEventListener  - Before Finding element: By.xpath: //div[@class='flex xs1 md1']
2021-03-19/13:29:24.803  INFO: listener.WebEventListener - Before Finding element: By.xpath: //div[@class='flex xs1 md1']
295274 [main] INFO utilities.listener.WebEventListener  - Before Finding element: By.xpath: //div[@class='flex xs1 md1']
295274 [main] INFO utilities.listener.WebEventListener  - Before Finding element: By.xpath: //div[@class='flex xs1 md1']
2021-03-19/13:29:25.081  INFO: listener.WebEventListener - Before Finding element: By.xpath: //div[@class='flex xs1 md1']
295552 [main] INFO utilities.listener.WebEventListener  - Before Finding element: By.xpath: //div[@class='flex xs1 md1']
295552 [main] INFO utilities.listener.WebEventListener  - Before Finding element: By.xpath: //div[@class='flex xs1 md1']
2021-03-19/13:29:25.348  INFO: listener.WebEventListener - Before Finding element: By.xpath: //div[@class='flex xs1 md1']
295819 [main] INFO utilities.listener.WebEventListener  - Before Finding element: By.xpath: //div[@class='flex xs1 md1']
295819 [main] INFO utilities.listener.WebEventListener  - Before Finding element: By.xpath: //div[@class='flex xs1 md1']
2021-03-19/13:29:25.622  INFO: listener.WebEventListener - Before Finding element: By.xpath: //div[@class='flex xs1 md1']
296093 [main] INFO utilities.listener.WebEventListener  - Before Finding element: By.xpath: //div[@class='flex xs1 md1']
296093 [main] INFO utilities.listener.WebEventListener  - Before Finding element: By.xpath: //div[@class='flex xs1 md1']
2021-03-19/13:29:25.886  INFO: listener.WebEventListener - Before Finding element: By.xpath: //div[@class='flex xs1 md1']
296357 [main] INFO utilities.listener.WebEventListener  - Before Finding element: By.xpath: //div[@class='flex xs1 md1']
296357 [main] INFO utilities.listener.WebEventListener  - Before Finding element: By.xpath: //div[@class='flex xs1 md1']
2021-03-19/13:29:26.157  INFO: listener.WebEventListener - Before Finding element: By.xpath: //div[@class='flex xs1 md1']
296628 [main] INFO utilities.listener.WebEventListener  - Before Finding element: By.xpath: //div[@class='flex xs1 md1']
296628 [main] INFO utilities.listener.WebEventListener  - Before Finding element: By.xpath: //div[@class='flex xs1 md1']
2021-03-19/13:29:26.422  INFO: listener.WebEventListener - Before Finding element: By.xpath: //div[@class='flex xs1 md1']
296893 [main] INFO utilities.listener.WebEventListener  - Before Finding element: By.xpath: //div[@class='flex xs1 md1']
296893 [main] INFO utilities.listener.WebEventListener  - Before Finding element: By.xpath: //div[@class='flex xs1 md1']
2021-03-19/13:29:26.687  INFO: listener.WebEventListener - Before Finding element: By.xpath: //div[@class='flex xs1 md1']
297158 [main] INFO utilities.listener.WebEventListener  - Before Finding element: By.xpath: //div[@class='flex xs1 md1']
297158 [main] INFO utilities.listener.WebEventListener  - Before Finding element: By.xpath: //div[@class='flex xs1 md1']
2021-03-19/13:29:26.966  INFO: listener.WebEventListener - Before Finding element: By.xpath: //div[@class='flex xs1 md1']
297437 [main] INFO utilities.listener.WebEventListener  - Before Finding element: By.xpath: //div[@class='flex xs1 md1']
297437 [main] INFO utilities.listener.WebEventListener  - Before Finding element: By.xpath: //div[@class='flex xs1 md1']
2021-03-19/13:29:27.238  INFO: listener.WebEventListener - Before Finding element: By.xpath: //div[@class='flex xs1 md1']
297709 [main] INFO utilities.listener.WebEventListener  - Before Finding element: By.xpath: //div[@class='flex xs1 md1']
297709 [main] INFO utilities.listener.WebEventListener  - Before Finding element: By.xpath: //div[@class='flex xs1 md1']
2021-03-19/13:29:27.521  INFO: listener.WebEventListener - Before Finding element: By.xpath: //div[@class='flex xs1 md1']
297992 [main] INFO utilities.listener.WebEventListener  - Before Finding element: By.xpath: //div[@class='flex xs1 md1']
297992 [main] INFO utilities.listener.WebEventListener  - Before Finding element: By.xpath: //div[@class='flex xs1 md1']
2021-03-19/13:29:27.786  INFO: listener.WebEventListener - Before Finding element: By.xpath: //div[@class='flex xs1 md1']
298257 [main] INFO utilities.listener.WebEventListener  - Before Finding element: By.xpath: //div[@class='flex xs1 md1']
298257 [main] INFO utilities.listener.WebEventListener  - Before Finding element: By.xpath: //div[@class='flex xs1 md1']
2021-03-19/13:29:28.057  INFO: listener.WebEventListener - Before Finding element: By.xpath: //div[@class='flex xs1 md1']
298528 [main] INFO utilities.listener.WebEventListener  - Before Finding element: By.xpath: //div[@class='flex xs1 md1']
298528 [main] INFO utilities.listener.WebEventListener  - Before Finding element: By.xpath: //div[@class='flex xs1 md1']
2021-03-19/13:29:28.328  INFO: listener.WebEventListener - Before Finding element: By.xpath: //div[@class='flex xs1 md1']
298799 [main] INFO utilities.listener.WebEventListener  - Before Finding element: By.xpath: //div[@class='flex xs1 md1']
298799 [main] INFO utilities.listener.WebEventListener  - Before Finding element: By.xpath: //div[@class='flex xs1 md1']
2021-03-19/13:29:28.653  INFO: listener.WebEventListener - Before Finding element: By.xpath: //div[@class='flex xs1 md1']
299124 [main] INFO utilities.listener.WebEventListener  - Before Finding element: By.xpath: //div[@class='flex xs1 md1']
299124 [main] INFO utilities.listener.WebEventListener  - Before Finding element: By.xpath: //div[@class='flex xs1 md1']
2021-03-19/13:29:28.941  INFO: listener.WebEventListener - Before Finding element: By.xpath: //div[@class='flex xs1 md1']
299412 [main] INFO utilities.listener.WebEventListener  - Before Finding element: By.xpath: //div[@class='flex xs1 md1']
299412 [main] INFO utilities.listener.WebEventListener  - Before Finding element: By.xpath: //div[@class='flex xs1 md1']
2021-03-19/13:29:29.207  INFO: listener.WebEventListener - Before Finding element: By.xpath: //div[@class='flex xs1 md1']
299678 [main] INFO utilities.listener.WebEventListener  - Before Finding element: By.xpath: //div[@class='flex xs1 md1']
299678 [main] INFO utilities.listener.WebEventListener  - Before Finding element: By.xpath: //div[@class='flex xs1 md1']
2021-03-19/13:29:29.474  INFO: listener.WebEventListener - Before Finding element: By.xpath: //div[@class='flex xs1 md1']
299945 [main] INFO utilities.listener.WebEventListener  - Before Finding element: By.xpath: //div[@class='flex xs1 md1']
299945 [main] INFO utilities.listener.WebEventListener  - Before Finding element: By.xpath: //div[@class='flex xs1 md1']
2021-03-19/13:29:29.742  INFO: listener.WebEventListener - Before Finding element: By.xpath: //div[@class='flex xs1 md1']
300213 [main] INFO utilities.listener.WebEventListener  - Before Finding element: By.xpath: //div[@class='flex xs1 md1']
300213 [main] INFO utilities.listener.WebEventListener  - Before Finding element: By.xpath: //div[@class='flex xs1 md1']
2021-03-19/13:29:30.019  INFO: listener.WebEventListener - Before Finding element: By.xpath: //div[@class='flex xs1 md1']
300490 [main] INFO utilities.listener.WebEventListener  - Before Finding element: By.xpath: //div[@class='flex xs1 md1']
300490 [main] INFO utilities.listener.WebEventListener  - Before Finding element: By.xpath: //div[@class='flex xs1 md1']
2021-03-19/13:29:30.284  INFO: listener.WebEventListener - Before Finding element: By.xpath: //div[@class='flex xs1 md1']
300755 [main] INFO utilities.listener.WebEventListener  - Before Finding element: By.xpath: //div[@class='flex xs1 md1']
300755 [main] INFO utilities.listener.WebEventListener  - Before Finding element: By.xpath: //div[@class='flex xs1 md1']
2021-03-19/13:29:30.549  INFO: listener.WebEventListener - Before Finding element: By.xpath: //div[@class='flex xs1 md1']
301020 [main] INFO utilities.listener.WebEventListener  - Before Finding element: By.xpath: //div[@class='flex xs1 md1']
301020 [main] INFO utilities.listener.WebEventListener  - Before Finding element: By.xpath: //div[@class='flex xs1 md1']
2021-03-19/13:29:30.814  INFO: listener.WebEventListener - Before Finding element: By.xpath: //div[@class='flex xs1 md1']
301285 [main] INFO utilities.listener.WebEventListener  - Before Finding element: By.xpath: //div[@class='flex xs1 md1']
301285 [main] INFO utilities.listener.WebEventListener  - Before Finding element: By.xpath: //div[@class='flex xs1 md1']
2021-03-19/13:29:31.078  INFO: listener.WebEventListener - Before Finding element: By.xpath: //div[@class='flex xs1 md1']
301549 [main] INFO utilities.listener.WebEventListener  - Before Finding element: By.xpath: //div[@class='flex xs1 md1']
301549 [main] INFO utilities.listener.WebEventListener  - Before Finding element: By.xpath: //div[@class='flex xs1 md1']
2021-03-19/13:29:31.346  INFO: listener.WebEventListener - Before Finding element: By.xpath: //div[@class='flex xs1 md1']
301817 [main] INFO utilities.listener.WebEventListener  - Before Finding element: By.xpath: //div[@class='flex xs1 md1']
301817 [main] INFO utilities.listener.WebEventListener  - Before Finding element: By.xpath: //div[@class='flex xs1 md1']
2021-03-19/13:29:31.610  INFO: listener.WebEventListener - Before Finding element: By.xpath: //div[@class='flex xs1 md1']
302081 [main] INFO utilities.listener.WebEventListener  - Before Finding element: By.xpath: //div[@class='flex xs1 md1']
302081 [main] INFO utilities.listener.WebEventListener  - Before Finding element: By.xpath: //div[@class='flex xs1 md1']
2021-03-19/13:29:31.876  INFO: listener.WebEventListener - Before Finding element: By.xpath: //div[@class='flex xs1 md1']
302347 [main] INFO utilities.listener.WebEventListener  - Before Finding element: By.xpath: //div[@class='flex xs1 md1']
302347 [main] INFO utilities.listener.WebEventListener  - Before Finding element: By.xpath: //div[@class='flex xs1 md1']
2021-03-19/13:29:32.144  INFO: listener.WebEventListener - Before Finding element: By.xpath: //div[@class='flex xs1 md1']
302615 [main] INFO utilities.listener.WebEventListener  - Before Finding element: By.xpath: //div[@class='flex xs1 md1']
302615 [main] INFO utilities.listener.WebEventListener  - Before Finding element: By.xpath: //div[@class='flex xs1 md1']
2021-03-19/13:29:32.410  INFO: listener.WebEventListener - Before Finding element: By.xpath: //div[@class='flex xs1 md1']
302881 [main] INFO utilities.listener.WebEventListener  - Before Finding element: By.xpath: //div[@class='flex xs1 md1']
302881 [main] INFO utilities.listener.WebEventListener  - Before Finding element: By.xpath: //div[@class='flex xs1 md1']
2021-03-19/13:29:32.675  INFO: listener.WebEventListener - Before Finding element: By.xpath: //div[@class='flex xs1 md1']
303146 [main] INFO utilities.listener.WebEventListener  - Before Finding element: By.xpath: //div[@class='flex xs1 md1']
303146 [main] INFO utilities.listener.WebEventListener  - Before Finding element: By.xpath: //div[@class='flex xs1 md1']
2021-03-19/13:29:32.943  INFO: listener.WebEventListener - Before Finding element: By.xpath: //div[@class='flex xs1 md1']
303414 [main] INFO utilities.listener.WebEventListener  - Before Finding element: By.xpath: //div[@class='flex xs1 md1']
303414 [main] INFO utilities.listener.WebEventListener  - Before Finding element: By.xpath: //div[@class='flex xs1 md1']
2021-03-19/13:29:33.214  INFO: listener.WebEventListener - Before Finding element: By.xpath: //div[@class='flex xs1 md1']
303685 [main] INFO utilities.listener.WebEventListener  - Before Finding element: By.xpath: //div[@class='flex xs1 md1']
303685 [main] INFO utilities.listener.WebEventListener  - Before Finding element: By.xpath: //div[@class='flex xs1 md1']
2021-03-19/13:29:33.479  INFO: listener.WebEventListener - Before Finding element: By.xpath: //div[@class='flex xs1 md1']
303950 [main] INFO utilities.listener.WebEventListener  - Before Finding element: By.xpath: //div[@class='flex xs1 md1']
303950 [main] INFO utilities.listener.WebEventListener  - Before Finding element: By.xpath: //div[@class='flex xs1 md1']
2021-03-19/13:29:33.747  INFO: listener.WebEventListener - Before Finding element: By.xpath: //div[@class='flex xs1 md1']
304218 [main] INFO utilities.listener.WebEventListener  - Before Finding element: By.xpath: //div[@class='flex xs1 md1']
304218 [main] INFO utilities.listener.WebEventListener  - Before Finding element: By.xpath: //div[@class='flex xs1 md1']
2021-03-19/13:29:34.016  INFO: listener.WebEventListener - Before Finding element: By.xpath: //div[@class='flex xs1 md1']
304487 [main] INFO utilities.listener.WebEventListener  - Before Finding element: By.xpath: //div[@class='flex xs1 md1']
304487 [main] INFO utilities.listener.WebEventListener  - Before Finding element: By.xpath: //div[@class='flex xs1 md1']
2021-03-19/13:29:34.286  INFO: listener.WebEventListener - Before Finding element: By.xpath: //div[@class='flex xs1 md1']
304757 [main] INFO utilities.listener.WebEventListener  - Before Finding element: By.xpath: //div[@class='flex xs1 md1']
304757 [main] INFO utilities.listener.WebEventListener  - Before Finding element: By.xpath: //div[@class='flex xs1 md1']
2021-03-19/13:29:34.555  INFO: listener.WebEventListener - Before Finding element: By.xpath: //div[@class='flex xs1 md1']
305026 [main] INFO utilities.listener.WebEventListener  - Before Finding element: By.xpath: //div[@class='flex xs1 md1']
305026 [main] INFO utilities.listener.WebEventListener  - Before Finding element: By.xpath: //div[@class='flex xs1 md1']
2021-03-19/13:29:34.834  INFO: listener.WebEventListener - Before Finding element: By.xpath: //div[@class='flex xs1 md1']
305305 [main] INFO utilities.listener.WebEventListener  - Before Finding element: By.xpath: //div[@class='flex xs1 md1']
305305 [main] INFO utilities.listener.WebEventListener  - Before Finding element: By.xpath: //div[@class='flex xs1 md1']
2021-03-19/13:29:35.112  INFO: listener.WebEventListener - Before Finding element: By.xpath: //div[@class='flex xs1 md1']
305583 [main] INFO utilities.listener.WebEventListener  - Before Finding element: By.xpath: //div[@class='flex xs1 md1']
305583 [main] INFO utilities.listener.WebEventListener  - Before Finding element: By.xpath: //div[@class='flex xs1 md1']
2021-03-19/13:29:35.392  INFO: listener.WebEventListener - Before Finding element: By.xpath: //div[@class='flex xs1 md1']
305863 [main] INFO utilities.listener.WebEventListener  - Before Finding element: By.xpath: //div[@class='flex xs1 md1']
305863 [main] INFO utilities.listener.WebEventListener  - Before Finding element: By.xpath: //div[@class='flex xs1 md1']
2021-03-19/13:29:35.658  INFO: listener.WebEventListener - Before Finding element: By.xpath: //div[@class='flex xs1 md1']
306129 [main] INFO utilities.listener.WebEventListener  - Before Finding element: By.xpath: //div[@class='flex xs1 md1']
306129 [main] INFO utilities.listener.WebEventListener  - Before Finding element: By.xpath: //div[@class='flex xs1 md1']
2021-03-19/13:29:35.923  INFO: listener.WebEventListener - Before Finding element: By.xpath: //div[@class='flex xs1 md1']
306394 [main] INFO utilities.listener.WebEventListener  - Before Finding element: By.xpath: //div[@class='flex xs1 md1']
306394 [main] INFO utilities.listener.WebEventListener  - Before Finding element: By.xpath: //div[@class='flex xs1 md1']
2021-03-19/13:29:36.193  INFO: listener.WebEventListener - Before Finding element: By.xpath: //div[@class='flex xs1 md1']
306664 [main] INFO utilities.listener.WebEventListener  - Before Finding element: By.xpath: //div[@class='flex xs1 md1']
306664 [main] INFO utilities.listener.WebEventListener  - Before Finding element: By.xpath: //div[@class='flex xs1 md1']
2021-03-19/13:29:36.466  INFO: listener.WebEventListener - Before Finding element: By.xpath: //div[@class='flex xs1 md1']
306937 [main] INFO utilities.listener.WebEventListener  - Before Finding element: By.xpath: //div[@class='flex xs1 md1']
306937 [main] INFO utilities.listener.WebEventListener  - Before Finding element: By.xpath: //div[@class='flex xs1 md1']
2021-03-19/13:29:36.740  INFO: listener.WebEventListener - Before Finding element: By.xpath: //div[@class='flex xs1 md1']
307211 [main] INFO utilities.listener.WebEventListener  - Before Finding element: By.xpath: //div[@class='flex xs1 md1']
307211 [main] INFO utilities.listener.WebEventListener  - Before Finding element: By.xpath: //div[@class='flex xs1 md1']
2021-03-19/13:29:37.007  INFO: listener.WebEventListener - Before Finding element: By.xpath: //div[@class='flex xs1 md1']
307478 [main] INFO utilities.listener.WebEventListener  - Before Finding element: By.xpath: //div[@class='flex xs1 md1']
307478 [main] INFO utilities.listener.WebEventListener  - Before Finding element: By.xpath: //div[@class='flex xs1 md1']
2021-03-19/13:29:37.280  INFO: listener.WebEventListener - Before Finding element: By.xpath: //div[@class='flex xs1 md1']
307751 [main] INFO utilities.listener.WebEventListener  - Before Finding element: By.xpath: //div[@class='flex xs1 md1']
307751 [main] INFO utilities.listener.WebEventListener  - Before Finding element: By.xpath: //div[@class='flex xs1 md1']
2021-03-19/13:29:37.571  INFO: listener.WebEventListener - Before Finding element: By.xpath: //div[@class='flex xs1 md1']
308042 [main] INFO utilities.listener.WebEventListener  - Before Finding element: By.xpath: //div[@class='flex xs1 md1']
308042 [main] INFO utilities.listener.WebEventListener  - Before Finding element: By.xpath: //div[@class='flex xs1 md1']
2021-03-19/13:29:37.837  INFO: listener.WebEventListener - Before Finding element: By.xpath: //div[@class='flex xs1 md1']
308308 [main] INFO utilities.listener.WebEventListener  - Before Finding element: By.xpath: //div[@class='flex xs1 md1']
308308 [main] INFO utilities.listener.WebEventListener  - Before Finding element: By.xpath: //div[@class='flex xs1 md1']
2021-03-19/13:29:38.120  INFO: listener.WebEventListener - Before Finding element: By.xpath: //div[@class='flex xs1 md1']
308591 [main] INFO utilities.listener.WebEventListener  - Before Finding element: By.xpath: //div[@class='flex xs1 md1']
308591 [main] INFO utilities.listener.WebEventListener  - Before Finding element: By.xpath: //div[@class='flex xs1 md1']
2021-03-19/13:29:38.400  INFO: listener.WebEventListener - Before Finding element: By.xpath: //div[@class='flex xs1 md1']
308871 [main] INFO utilities.listener.WebEventListener  - Before Finding element: By.xpath: //div[@class='flex xs1 md1']
308871 [main] INFO utilities.listener.WebEventListener  - Before Finding element: By.xpath: //div[@class='flex xs1 md1']
2021-03-19/13:29:38.670  INFO: listener.WebEventListener - Before Finding element: By.xpath: //div[@class='flex xs1 md1']
309141 [main] INFO utilities.listener.WebEventListener  - Before Finding element: By.xpath: //div[@class='flex xs1 md1']
309141 [main] INFO utilities.listener.WebEventListener  - Before Finding element: By.xpath: //div[@class='flex xs1 md1']
2021-03-19/13:29:38.938  INFO: listener.WebEventListener - Before Finding element: By.xpath: //div[@class='flex xs1 md1']
309409 [main] INFO utilities.listener.WebEventListener  - Before Finding element: By.xpath: //div[@class='flex xs1 md1']
309409 [main] INFO utilities.listener.WebEventListener  - Before Finding element: By.xpath: //div[@class='flex xs1 md1']
2021-03-19/13:29:39.205  INFO: listener.WebEventListener - Before Finding element: By.xpath: //div[@class='flex xs1 md1']
309676 [main] INFO utilities.listener.WebEventListener  - Before Finding element: By.xpath: //div[@class='flex xs1 md1']
309676 [main] INFO utilities.listener.WebEventListener  - Before Finding element: By.xpath: //div[@class='flex xs1 md1']
2021-03-19/13:29:39.485  INFO: listener.WebEventListener - Before Finding element: By.xpath: //div[@class='flex xs1 md1']
309956 [main] INFO utilities.listener.WebEventListener  - Before Finding element: By.xpath: //div[@class='flex xs1 md1']
309956 [main] INFO utilities.listener.WebEventListener  - Before Finding element: By.xpath: //div[@class='flex xs1 md1']
2021-03-19/13:29:39.751  INFO: listener.WebEventListener - Before Finding element: By.xpath: //div[@class='flex xs1 md1']
310222 [main] INFO utilities.listener.WebEventListener  - Before Finding element: By.xpath: //div[@class='flex xs1 md1']
310222 [main] INFO utilities.listener.WebEventListener  - Before Finding element: By.xpath: //div[@class='flex xs1 md1']
2021-03-19/13:29:40.030  INFO: listener.WebEventListener - Before Finding element: By.xpath: //div[@class='flex xs1 md1']
310501 [main] INFO utilities.listener.WebEventListener  - Before Finding element: By.xpath: //div[@class='flex xs1 md1']
310501 [main] INFO utilities.listener.WebEventListener  - Before Finding element: By.xpath: //div[@class='flex xs1 md1']
2021-03-19/13:29:40.310  INFO: listener.WebEventListener - Before Finding element: By.xpath: //div[@class='flex xs1 md1']
310781 [main] INFO utilities.listener.WebEventListener  - Before Finding element: By.xpath: //div[@class='flex xs1 md1']
310781 [main] INFO utilities.listener.WebEventListener  - Before Finding element: By.xpath: //div[@class='flex xs1 md1']
2021-03-19/13:29:40.576  INFO: listener.WebEventListener - Before Finding element: By.xpath: //div[@class='flex xs1 md1']
311047 [main] INFO utilities.listener.WebEventListener  - Before Finding element: By.xpath: //div[@class='flex xs1 md1']
311047 [main] INFO utilities.listener.WebEventListener  - Before Finding element: By.xpath: //div[@class='flex xs1 md1']
2021-03-19/13:29:40.854  INFO: listener.WebEventListener - Before Finding element: By.xpath: //div[@class='flex xs1 md1']
311325 [main] INFO utilities.listener.WebEventListener  - Before Finding element: By.xpath: //div[@class='flex xs1 md1']
311325 [main] INFO utilities.listener.WebEventListener  - Before Finding element: By.xpath: //div[@class='flex xs1 md1']
2021-03-19/13:29:41.133  INFO: listener.WebEventListener - Before Finding element: By.xpath: //div[@class='flex xs1 md1']
311604 [main] INFO utilities.listener.WebEventListener  - Before Finding element: By.xpath: //div[@class='flex xs1 md1']
311604 [main] INFO utilities.listener.WebEventListener  - Before Finding element: By.xpath: //div[@class='flex xs1 md1']
2021-03-19/13:29:41.398  INFO: listener.WebEventListener - Before Finding element: By.xpath: //div[@class='flex xs1 md1']
311869 [main] INFO utilities.listener.WebEventListener  - Before Finding element: By.xpath: //div[@class='flex xs1 md1']
311869 [main] INFO utilities.listener.WebEventListener  - Before Finding element: By.xpath: //div[@class='flex xs1 md1']
2021-03-19/13:29:41.671  INFO: listener.WebEventListener - Before Finding element: By.xpath: //div[@class='flex xs1 md1']
312142 [main] INFO utilities.listener.WebEventListener  - Before Finding element: By.xpath: //div[@class='flex xs1 md1']
312142 [main] INFO utilities.listener.WebEventListener  - Before Finding element: By.xpath: //div[@class='flex xs1 md1']
2021-03-19/13:29:41.951  INFO: listener.WebEventListener - Before Finding element: By.xpath: //div[@class='flex xs1 md1']
312422 [main] INFO utilities.listener.WebEventListener  - Before Finding element: By.xpath: //div[@class='flex xs1 md1']
312422 [main] INFO utilities.listener.WebEventListener  - Before Finding element: By.xpath: //div[@class='flex xs1 md1']
2021-03-19/13:29:42.215  INFO: listener.WebEventListener - Before Finding element: By.xpath: //div[@class='flex xs1 md1']
312686 [main] INFO utilities.listener.WebEventListener  - Before Finding element: By.xpath: //div[@class='flex xs1 md1']
312686 [main] INFO utilities.listener.WebEventListener  - Before Finding element: By.xpath: //div[@class='flex xs1 md1']
2021-03-19/13:29:42.482  INFO: listener.WebEventListener - Before Finding element: By.xpath: //div[@class='flex xs1 md1']
312953 [main] INFO utilities.listener.WebEventListener  - Before Finding element: By.xpath: //div[@class='flex xs1 md1']
312953 [main] INFO utilities.listener.WebEventListener  - Before Finding element: By.xpath: //div[@class='flex xs1 md1']
2021-03-19/13:29:42.747  INFO: listener.WebEventListener - Before Finding element: By.xpath: //div[@class='flex xs1 md1']
313218 [main] INFO utilities.listener.WebEventListener  - Before Finding element: By.xpath: //div[@class='flex xs1 md1']
313218 [main] INFO utilities.listener.WebEventListener  - Before Finding element: By.xpath: //div[@class='flex xs1 md1']
2021-03-19/13:29:43.028  INFO: listener.WebEventListener - Before Finding element: By.xpath: //div[@class='flex xs1 md1']
313499 [main] INFO utilities.listener.WebEventListener  - Before Finding element: By.xpath: //div[@class='flex xs1 md1']
313499 [main] INFO utilities.listener.WebEventListener  - Before Finding element: By.xpath: //div[@class='flex xs1 md1']
2021-03-19/13:29:43.300  INFO: listener.WebEventListener - Before Finding element: By.xpath: //div[@class='flex xs1 md1']
313771 [main] INFO utilities.listener.WebEventListener  - Before Finding element: By.xpath: //div[@class='flex xs1 md1']
313771 [main] INFO utilities.listener.WebEventListener  - Before Finding element: By.xpath: //div[@class='flex xs1 md1']
2021-03-19/13:29:43.564  INFO: listener.WebEventListener - Before Finding element: By.xpath: //div[@class='flex xs1 md1']
314035 [main] INFO utilities.listener.WebEventListener  - Before Finding element: By.xpath: //div[@class='flex xs1 md1']
314035 [main] INFO utilities.listener.WebEventListener  - Before Finding element: By.xpath: //div[@class='flex xs1 md1']
2021-03-19/13:29:43.844  INFO: listener.WebEventListener - Before Finding element: By.xpath: //div[@class='flex xs1 md1']
314315 [main] INFO utilities.listener.WebEventListener  - Before Finding element: By.xpath: //div[@class='flex xs1 md1']
314315 [main] INFO utilities.listener.WebEventListener  - Before Finding element: By.xpath: //div[@class='flex xs1 md1']
2021-03-19/13:29:44.110  INFO: listener.WebEventListener - Before Finding element: By.xpath: //div[@class='flex xs1 md1']
314581 [main] INFO utilities.listener.WebEventListener  - Before Finding element: By.xpath: //div[@class='flex xs1 md1']
314581 [main] INFO utilities.listener.WebEventListener  - Before Finding element: By.xpath: //div[@class='flex xs1 md1']
2021-03-19/13:29:44.392  INFO: listener.WebEventListener - Before Finding element: By.xpath: //div[@class='flex xs1 md1']
314863 [main] INFO utilities.listener.WebEventListener  - Before Finding element: By.xpath: //div[@class='flex xs1 md1']
314863 [main] INFO utilities.listener.WebEventListener  - Before Finding element: By.xpath: //div[@class='flex xs1 md1']
2021-03-19/13:29:44.658  INFO: listener.WebEventListener - Before Finding element: By.xpath: //div[@class='flex xs1 md1']
315129 [main] INFO utilities.listener.WebEventListener  - Before Finding element: By.xpath: //div[@class='flex xs1 md1']
315129 [main] INFO utilities.listener.WebEventListener  - Before Finding element: By.xpath: //div[@class='flex xs1 md1']
2021-03-19/13:29:44.923  INFO: listener.WebEventListener - Before Finding element: By.xpath: //div[@class='flex xs1 md1']
315394 [main] INFO utilities.listener.WebEventListener  - Before Finding element: By.xpath: //div[@class='flex xs1 md1']
315394 [main] INFO utilities.listener.WebEventListener  - Before Finding element: By.xpath: //div[@class='flex xs1 md1']
2021-03-19/13:29:45.188  INFO: listener.WebEventListener - Before Finding element: By.xpath: //div[@class='flex xs1 md1']
315659 [main] INFO utilities.listener.WebEventListener  - Before Finding element: By.xpath: //div[@class='flex xs1 md1']
315659 [main] INFO utilities.listener.WebEventListener  - Before Finding element: By.xpath: //div[@class='flex xs1 md1']
2021-03-19/13:29:45.455  INFO: listener.WebEventListener - Before Finding element: By.xpath: //div[@class='flex xs1 md1']
315926 [main] INFO utilities.listener.WebEventListener  - Before Finding element: By.xpath: //div[@class='flex xs1 md1']
315926 [main] INFO utilities.listener.WebEventListener  - Before Finding element: By.xpath: //div[@class='flex xs1 md1']
2021-03-19/13:29:45.722  INFO: listener.WebEventListener - Before Finding element: By.xpath: //div[@class='flex xs1 md1']
316193 [main] INFO utilities.listener.WebEventListener  - Before Finding element: By.xpath: //div[@class='flex xs1 md1']
316193 [main] INFO utilities.listener.WebEventListener  - Before Finding element: By.xpath: //div[@class='flex xs1 md1']
2021-03-19/13:29:45.990  INFO: listener.WebEventListener - Before Finding element: By.xpath: //div[@class='flex xs1 md1']
316461 [main] INFO utilities.listener.WebEventListener  - Before Finding element: By.xpath: //div[@class='flex xs1 md1']
316461 [main] INFO utilities.listener.WebEventListener  - Before Finding element: By.xpath: //div[@class='flex xs1 md1']
2021-03-19/13:29:46.260  INFO: listener.WebEventListener - Before Finding element: By.xpath: //div[@class='flex xs1 md1']
316731 [main] INFO utilities.listener.WebEventListener  - Before Finding element: By.xpath: //div[@class='flex xs1 md1']
316731 [main] INFO utilities.listener.WebEventListener  - Before Finding element: By.xpath: //div[@class='flex xs1 md1']
2021-03-19/13:29:46.525  INFO: listener.WebEventListener - Before Finding element: By.xpath: //div[@class='flex xs1 md1']
316996 [main] INFO utilities.listener.WebEventListener  - Before Finding element: By.xpath: //div[@class='flex xs1 md1']
316996 [main] INFO utilities.listener.WebEventListener  - Before Finding element: By.xpath: //div[@class='flex xs1 md1']
2021-03-19/13:29:46.792  INFO: listener.WebEventListener - Before Finding element: By.xpath: //div[@class='flex xs1 md1']
317263 [main] INFO utilities.listener.WebEventListener  - Before Finding element: By.xpath: //div[@class='flex xs1 md1']
317263 [main] INFO utilities.listener.WebEventListener  - Before Finding element: By.xpath: //div[@class='flex xs1 md1']
2021-03-19/13:29:47.072  INFO: listener.WebEventListener - Before Finding element: By.xpath: //div[@class='flex xs1 md1']
317543 [main] INFO utilities.listener.WebEventListener  - Before Finding element: By.xpath: //div[@class='flex xs1 md1']
317543 [main] INFO utilities.listener.WebEventListener  - Before Finding element: By.xpath: //div[@class='flex xs1 md1']
2021-03-19/13:29:47.338  INFO: listener.WebEventListener - Before Finding element: By.xpath: //div[@class='flex xs1 md1']
317809 [main] INFO utilities.listener.WebEventListener  - Before Finding element: By.xpath: //div[@class='flex xs1 md1']
317809 [main] INFO utilities.listener.WebEventListener  - Before Finding element: By.xpath: //div[@class='flex xs1 md1']
2021-03-19/13:29:47.603  INFO: listener.WebEventListener - Before Finding element: By.xpath: //div[@class='flex xs1 md1']
318074 [main] INFO utilities.listener.WebEventListener  - Before Finding element: By.xpath: //div[@class='flex xs1 md1']
318074 [main] INFO utilities.listener.WebEventListener  - Before Finding element: By.xpath: //div[@class='flex xs1 md1']
2021-03-19/13:29:47.879  INFO: listener.WebEventListener - Before Finding element: By.xpath: //div[@class='flex xs1 md1']
318350 [main] INFO utilities.listener.WebEventListener  - Before Finding element: By.xpath: //div[@class='flex xs1 md1']
318350 [main] INFO utilities.listener.WebEventListener  - Before Finding element: By.xpath: //div[@class='flex xs1 md1']
2021-03-19/13:29:48.164  INFO: listener.WebEventListener - Before Finding element: By.xpath: //div[@class='flex xs1 md1']
318635 [main] INFO utilities.listener.WebEventListener  - Before Finding element: By.xpath: //div[@class='flex xs1 md1']
318635 [main] INFO utilities.listener.WebEventListener  - Before Finding element: By.xpath: //div[@class='flex xs1 md1']
2021-03-19/13:29:48.444  INFO: listener.WebEventListener - Before Finding element: By.xpath: //div[@class='flex xs1 md1']
318915 [main] INFO utilities.listener.WebEventListener  - Before Finding element: By.xpath: //div[@class='flex xs1 md1']
318915 [main] INFO utilities.listener.WebEventListener  - Before Finding element: By.xpath: //div[@class='flex xs1 md1']
2021-03-19/13:29:48.721  INFO: listener.WebEventListener - Before Finding element: By.xpath: //div[@class='flex xs1 md1']
319192 [main] INFO utilities.listener.WebEventListener  - Before Finding element: By.xpath: //div[@class='flex xs1 md1']
319192 [main] INFO utilities.listener.WebEventListener  - Before Finding element: By.xpath: //div[@class='flex xs1 md1']
2021-03-19/13:29:48.999  INFO: listener.WebEventListener - Before Finding element: By.xpath: //div[@class='flex xs1 md1']
319470 [main] INFO utilities.listener.WebEventListener  - Before Finding element: By.xpath: //div[@class='flex xs1 md1']
319470 [main] INFO utilities.listener.WebEventListener  - Before Finding element: By.xpath: //div[@class='flex xs1 md1']
2021-03-19/13:29:49.265  INFO: listener.WebEventListener - Before Finding element: By.xpath: //div[@class='flex xs1 md1']
319736 [main] INFO utilities.listener.WebEventListener  - Before Finding element: By.xpath: //div[@class='flex xs1 md1']
319736 [main] INFO utilities.listener.WebEventListener  - Before Finding element: By.xpath: //div[@class='flex xs1 md1']
2021-03-19/13:29:49.536  INFO: listener.WebEventListener - Before Finding element: By.xpath: //div[@class='flex xs1 md1']
320007 [main] INFO utilities.listener.WebEventListener  - Before Finding element: By.xpath: //div[@class='flex xs1 md1']
320007 [main] INFO utilities.listener.WebEventListener  - Before Finding element: By.xpath: //div[@class='flex xs1 md1']
2021-03-19/13:29:49.803  INFO: listener.WebEventListener - Before Finding element: By.xpath: //div[@class='flex xs1 md1']
320274 [main] INFO utilities.listener.WebEventListener  - Before Finding element: By.xpath: //div[@class='flex xs1 md1']
320274 [main] INFO utilities.listener.WebEventListener  - Before Finding element: By.xpath: //div[@class='flex xs1 md1']
2021-03-19/13:29:50.085  INFO: listener.WebEventListener - Before Finding element: By.xpath: //div[@class='flex xs1 md1']
320556 [main] INFO utilities.listener.WebEventListener  - Before Finding element: By.xpath: //div[@class='flex xs1 md1']
320556 [main] INFO utilities.listener.WebEventListener  - Before Finding element: By.xpath: //div[@class='flex xs1 md1']
2021-03-19/13:29:50.363  INFO: listener.WebEventListener - Before Finding element: By.xpath: //div[@class='flex xs1 md1']
320834 [main] INFO utilities.listener.WebEventListener  - Before Finding element: By.xpath: //div[@class='flex xs1 md1']
320834 [main] INFO utilities.listener.WebEventListener  - Before Finding element: By.xpath: //div[@class='flex xs1 md1']
2021-03-19/13:29:50.651  INFO: listener.WebEventListener - Before Finding element: By.xpath: //div[@class='flex xs1 md1']
321122 [main] INFO utilities.listener.WebEventListener  - Before Finding element: By.xpath: //div[@class='flex xs1 md1']
321122 [main] INFO utilities.listener.WebEventListener  - Before Finding element: By.xpath: //div[@class='flex xs1 md1']
2021-03-19/13:29:50.929  INFO: listener.WebEventListener - Before Finding element: By.xpath: //div[@class='flex xs1 md1']
321400 [main] INFO utilities.listener.WebEventListener  - Before Finding element: By.xpath: //div[@class='flex xs1 md1']
321400 [main] INFO utilities.listener.WebEventListener  - Before Finding element: By.xpath: //div[@class='flex xs1 md1']
2021-03-19/13:29:51.208  INFO: listener.WebEventListener - Before Finding element: By.xpath: //div[@class='flex xs1 md1']
321679 [main] INFO utilities.listener.WebEventListener  - Before Finding element: By.xpath: //div[@class='flex xs1 md1']
321679 [main] INFO utilities.listener.WebEventListener  - Before Finding element: By.xpath: //div[@class='flex xs1 md1']
2021-03-19/13:29:51.475  INFO: listener.WebEventListener - Before Finding element: By.xpath: //div[@class='flex xs1 md1']
321946 [main] INFO utilities.listener.WebEventListener  - Before Finding element: By.xpath: //div[@class='flex xs1 md1']
321946 [main] INFO utilities.listener.WebEventListener  - Before Finding element: By.xpath: //div[@class='flex xs1 md1']
2021-03-19/13:29:51.741  INFO: listener.WebEventListener - Before Finding element: By.xpath: //div[@class='flex xs1 md1']
322212 [main] INFO utilities.listener.WebEventListener  - Before Finding element: By.xpath: //div[@class='flex xs1 md1']
322212 [main] INFO utilities.listener.WebEventListener  - Before Finding element: By.xpath: //div[@class='flex xs1 md1']
2021-03-19/13:29:52.016  INFO: listener.WebEventListener - Before Finding element: By.xpath: //div[@class='flex xs1 md1']
322487 [main] INFO utilities.listener.WebEventListener  - Before Finding element: By.xpath: //div[@class='flex xs1 md1']
322487 [main] INFO utilities.listener.WebEventListener  - Before Finding element: By.xpath: //div[@class='flex xs1 md1']
2021-03-19/13:29:52.282  INFO: listener.WebEventListener - Before Finding element: By.xpath: //div[@class='flex xs1 md1']
322753 [main] INFO utilities.listener.WebEventListener  - Before Finding element: By.xpath: //div[@class='flex xs1 md1']
322753 [main] INFO utilities.listener.WebEventListener  - Before Finding element: By.xpath: //div[@class='flex xs1 md1']
2021-03-19/13:29:52.546  INFO: listener.WebEventListener - Before Finding element: By.xpath: //div[@class='flex xs1 md1']
323017 [main] INFO utilities.listener.WebEventListener  - Before Finding element: By.xpath: //div[@class='flex xs1 md1']
323017 [main] INFO utilities.listener.WebEventListener  - Before Finding element: By.xpath: //div[@class='flex xs1 md1']
2021-03-19/13:29:52.812  INFO: listener.WebEventListener - Before Finding element: By.xpath: //div[@class='flex xs1 md1']
323283 [main] INFO utilities.listener.WebEventListener  - Before Finding element: By.xpath: //div[@class='flex xs1 md1']
323283 [main] INFO utilities.listener.WebEventListener  - Before Finding element: By.xpath: //div[@class='flex xs1 md1']
2021-03-19/13:29:53.078  INFO: listener.WebEventListener - Before Finding element: By.xpath: //div[@class='flex xs1 md1']
323549 [main] INFO utilities.listener.WebEventListener  - Before Finding element: By.xpath: //div[@class='flex xs1 md1']
323549 [main] INFO utilities.listener.WebEventListener  - Before Finding element: By.xpath: //div[@class='flex xs1 md1']
2021-03-19/13:29:53.348  INFO: listener.WebEventListener - Before Finding element: By.xpath: //div[@class='flex xs1 md1']
323819 [main] INFO utilities.listener.WebEventListener  - Before Finding element: By.xpath: //div[@class='flex xs1 md1']
323819 [main] INFO utilities.listener.WebEventListener  - Before Finding element: By.xpath: //div[@class='flex xs1 md1']
2021-03-19/13:29:53.628  INFO: listener.WebEventListener - Before Finding element: By.xpath: //div[@class='flex xs1 md1']
324099 [main] INFO utilities.listener.WebEventListener  - Before Finding element: By.xpath: //div[@class='flex xs1 md1']
324099 [main] INFO utilities.listener.WebEventListener  - Before Finding element: By.xpath: //div[@class='flex xs1 md1']
2021-03-19/13:29:53.896  INFO: listener.WebEventListener - Before Finding element: By.xpath: //div[@class='flex xs1 md1']
324367 [main] INFO utilities.listener.WebEventListener  - Before Finding element: By.xpath: //div[@class='flex xs1 md1']
324367 [main] INFO utilities.listener.WebEventListener  - Before Finding element: By.xpath: //div[@class='flex xs1 md1']
2021-03-19/13:29:54.174  INFO: listener.WebEventListener - Before Finding element: By.xpath: //div[@class='flex xs1 md1']
324645 [main] INFO utilities.listener.WebEventListener  - Before Finding element: By.xpath: //div[@class='flex xs1 md1']
324645 [main] INFO utilities.listener.WebEventListener  - Before Finding element: By.xpath: //div[@class='flex xs1 md1']
2021-03-19/13:29:54.454  INFO: listener.WebEventListener - Before Finding element: By.xpath: //div[@class='flex xs1 md1']
324925 [main] INFO utilities.listener.WebEventListener  - Before Finding element: By.xpath: //div[@class='flex xs1 md1']
324925 [main] INFO utilities.listener.WebEventListener  - Before Finding element: By.xpath: //div[@class='flex xs1 md1']
2021-03-19/13:29:54.734  INFO: listener.WebEventListener - Before Finding element: By.xpath: //div[@class='flex xs1 md1']
325205 [main] INFO utilities.listener.WebEventListener  - Before Finding element: By.xpath: //div[@class='flex xs1 md1']
325205 [main] INFO utilities.listener.WebEventListener  - Before Finding element: By.xpath: //div[@class='flex xs1 md1']
2021-03-19/13:29:55.012  INFO: listener.WebEventListener - Before Finding element: By.xpath: //div[@class='flex xs1 md1']
325483 [main] INFO utilities.listener.WebEventListener  - Before Finding element: By.xpath: //div[@class='flex xs1 md1']
325483 [main] INFO utilities.listener.WebEventListener  - Before Finding element: By.xpath: //div[@class='flex xs1 md1']
2021-03-19/13:29:55.287  INFO: listener.WebEventListener - Before Finding element: By.xpath: //div[@class='flex xs1 md1']
325758 [main] INFO utilities.listener.WebEventListener  - Before Finding element: By.xpath: //div[@class='flex xs1 md1']
325758 [main] INFO utilities.listener.WebEventListener  - Before Finding element: By.xpath: //div[@class='flex xs1 md1']
2021-03-19/13:29:55.551  INFO: listener.WebEventListener - Before Finding element: By.xpath: //div[@class='flex xs1 md1']
326022 [main] INFO utilities.listener.WebEventListener  - Before Finding element: By.xpath: //div[@class='flex xs1 md1']
326022 [main] INFO utilities.listener.WebEventListener  - Before Finding element: By.xpath: //div[@class='flex xs1 md1']
2021-03-19/13:29:55.816  INFO: listener.WebEventListener - Before Finding element: By.xpath: //div[@class='flex xs1 md1']
326287 [main] INFO utilities.listener.WebEventListener  - Before Finding element: By.xpath: //div[@class='flex xs1 md1']
326287 [main] INFO utilities.listener.WebEventListener  - Before Finding element: By.xpath: //div[@class='flex xs1 md1']
2021-03-19/13:29:56.097  INFO: listener.WebEventListener - Before Finding element: By.xpath: //div[@class='flex xs1 md1']
326568 [main] INFO utilities.listener.WebEventListener  - Before Finding element: By.xpath: //div[@class='flex xs1 md1']
326568 [main] INFO utilities.listener.WebEventListener  - Before Finding element: By.xpath: //div[@class='flex xs1 md1']
2021-03-19/13:29:56.380  INFO: listener.WebEventListener - Before Finding element: By.xpath: //div[@class='flex xs1 md1']
326851 [main] INFO utilities.listener.WebEventListener  - Before Finding element: By.xpath: //div[@class='flex xs1 md1']
326851 [main] INFO utilities.listener.WebEventListener  - Before Finding element: By.xpath: //div[@class='flex xs1 md1']
2021-03-19/13:29:56.662  INFO: listener.WebEventListener - Before Finding element: By.xpath: //div[@class='flex xs1 md1']
327133 [main] INFO utilities.listener.WebEventListener  - Before Finding element: By.xpath: //div[@class='flex xs1 md1']
327133 [main] INFO utilities.listener.WebEventListener  - Before Finding element: By.xpath: //div[@class='flex xs1 md1']
2021-03-19/13:29:56.942  INFO: listener.WebEventListener - Before Finding element: By.xpath: //div[@class='flex xs1 md1']
327413 [main] INFO utilities.listener.WebEventListener  - Before Finding element: By.xpath: //div[@class='flex xs1 md1']
327413 [main] INFO utilities.listener.WebEventListener  - Before Finding element: By.xpath: //div[@class='flex xs1 md1']
2021-03-19/13:29:57.209  INFO: listener.WebEventListener - Before Finding element: By.xpath: //div[@class='flex xs1 md1']
327680 [main] INFO utilities.listener.WebEventListener  - Before Finding element: By.xpath: //div[@class='flex xs1 md1']
327680 [main] INFO utilities.listener.WebEventListener  - Before Finding element: By.xpath: //div[@class='flex xs1 md1']
2021-03-19/13:29:57.474  INFO: listener.WebEventListener - Before Finding element: By.xpath: //div[@class='flex xs1 md1']
327945 [main] INFO utilities.listener.WebEventListener  - Before Finding element: By.xpath: //div[@class='flex xs1 md1']
327945 [main] INFO utilities.listener.WebEventListener  - Before Finding element: By.xpath: //div[@class='flex xs1 md1']
2021-03-19/13:29:57.743  INFO: listener.WebEventListener - Before Finding element: By.xpath: //div[@class='flex xs1 md1']
328214 [main] INFO utilities.listener.WebEventListener  - Before Finding element: By.xpath: //div[@class='flex xs1 md1']
328214 [main] INFO utilities.listener.WebEventListener  - Before Finding element: By.xpath: //div[@class='flex xs1 md1']
2021-03-19/13:29:58.011  INFO: listener.WebEventListener - Before Finding element: By.xpath: //div[@class='flex xs1 md1']
328482 [main] INFO utilities.listener.WebEventListener  - Before Finding element: By.xpath: //div[@class='flex xs1 md1']
328482 [main] INFO utilities.listener.WebEventListener  - Before Finding element: By.xpath: //div[@class='flex xs1 md1']
2021-03-19/13:29:58.278  INFO: listener.WebEventListener - Before Finding element: By.xpath: //div[@class='flex xs1 md1']
328749 [main] INFO utilities.listener.WebEventListener  - Before Finding element: By.xpath: //div[@class='flex xs1 md1']
328749 [main] INFO utilities.listener.WebEventListener  - Before Finding element: By.xpath: //div[@class='flex xs1 md1']
2021-03-19/13:29:58.557  INFO: listener.WebEventListener - Before Finding element: By.xpath: //div[@class='flex xs1 md1']
329028 [main] INFO utilities.listener.WebEventListener  - Before Finding element: By.xpath: //div[@class='flex xs1 md1']
329028 [main] INFO utilities.listener.WebEventListener  - Before Finding element: By.xpath: //div[@class='flex xs1 md1']
2021-03-19/13:29:58.828  INFO: listener.WebEventListener - Before Finding element: By.xpath: //div[@class='flex xs1 md1']
329299 [main] INFO utilities.listener.WebEventListener  - Before Finding element: By.xpath: //div[@class='flex xs1 md1']
329299 [main] INFO utilities.listener.WebEventListener  - Before Finding element: By.xpath: //div[@class='flex xs1 md1']
2021-03-19/13:29:59.092  INFO: listener.WebEventListener - Before Finding element: By.xpath: //div[@class='flex xs1 md1']
329563 [main] INFO utilities.listener.WebEventListener  - Before Finding element: By.xpath: //div[@class='flex xs1 md1']
329563 [main] INFO utilities.listener.WebEventListener  - Before Finding element: By.xpath: //div[@class='flex xs1 md1']
2021-03-19/13:29:59.367  INFO: listener.WebEventListener - Before Finding element: By.xpath: //div[@class='flex xs1 md1']
329838 [main] INFO utilities.listener.WebEventListener  - Before Finding element: By.xpath: //div[@class='flex xs1 md1']
329838 [main] INFO utilities.listener.WebEventListener  - Before Finding element: By.xpath: //div[@class='flex xs1 md1']
2021-03-19/13:29:59.638  INFO: listener.WebEventListener - Before Finding element: By.xpath: //div[@class='flex xs1 md1']
330109 [main] INFO utilities.listener.WebEventListener  - Before Finding element: By.xpath: //div[@class='flex xs1 md1']
330109 [main] INFO utilities.listener.WebEventListener  - Before Finding element: By.xpath: //div[@class='flex xs1 md1']
2021-03-19/13:29:59.906  INFO: listener.WebEventListener - Before Finding element: By.xpath: //div[@class='flex xs1 md1']
330377 [main] INFO utilities.listener.WebEventListener  - Before Finding element: By.xpath: //div[@class='flex xs1 md1']
330377 [main] INFO utilities.listener.WebEventListener  - Before Finding element: By.xpath: //div[@class='flex xs1 md1']
2021-03-19/13:30:00.185  INFO: listener.WebEventListener - Before Finding element: By.xpath: //div[@class='flex xs1 md1']
330656 [main] INFO utilities.listener.WebEventListener  - Before Finding element: By.xpath: //div[@class='flex xs1 md1']
330656 [main] INFO utilities.listener.WebEventListener  - Before Finding element: By.xpath: //div[@class='flex xs1 md1']
2021-03-19/13:30:00.452  INFO: listener.WebEventListener - Before Finding element: By.xpath: //div[@class='flex xs1 md1']
330923 [main] INFO utilities.listener.WebEventListener  - Before Finding element: By.xpath: //div[@class='flex xs1 md1']
330923 [main] INFO utilities.listener.WebEventListener  - Before Finding element: By.xpath: //div[@class='flex xs1 md1']
2021-03-19/13:30:00.732  INFO: listener.WebEventListener - Before Finding element: By.xpath: //div[@class='flex xs1 md1']
331203 [main] INFO utilities.listener.WebEventListener  - Before Finding element: By.xpath: //div[@class='flex xs1 md1']
331203 [main] INFO utilities.listener.WebEventListener  - Before Finding element: By.xpath: //div[@class='flex xs1 md1']
2021-03-19/13:30:01.010  INFO: listener.WebEventListener - Before Finding element: By.xpath: //div[@class='flex xs1 md1']
331481 [main] INFO utilities.listener.WebEventListener  - Before Finding element: By.xpath: //div[@class='flex xs1 md1']
331481 [main] INFO utilities.listener.WebEventListener  - Before Finding element: By.xpath: //div[@class='flex xs1 md1']
2021-03-19/13:30:01.286  INFO: listener.WebEventListener - Before Finding element: By.xpath: //div[@class='flex xs1 md1']
331757 [main] INFO utilities.listener.WebEventListener  - Before Finding element: By.xpath: //div[@class='flex xs1 md1']
331757 [main] INFO utilities.listener.WebEventListener  - Before Finding element: By.xpath: //div[@class='flex xs1 md1']
2021-03-19/13:30:01.550  INFO: listener.WebEventListener - Before Finding element: By.xpath: //div[@class='flex xs1 md1']
332021 [main] INFO utilities.listener.WebEventListener  - Before Finding element: By.xpath: //div[@class='flex xs1 md1']
332021 [main] INFO utilities.listener.WebEventListener  - Before Finding element: By.xpath: //div[@class='flex xs1 md1']
2021-03-19/13:30:01.828  INFO: listener.WebEventListener - Before Finding element: By.xpath: //div[@class='flex xs1 md1']
332299 [main] INFO utilities.listener.WebEventListener  - Before Finding element: By.xpath: //div[@class='flex xs1 md1']
332299 [main] INFO utilities.listener.WebEventListener  - Before Finding element: By.xpath: //div[@class='flex xs1 md1']
2021-03-19/13:30:02.094  INFO: listener.WebEventListener - Before Finding element: By.xpath: //div[@class='flex xs1 md1']
332565 [main] INFO utilities.listener.WebEventListener  - Before Finding element: By.xpath: //div[@class='flex xs1 md1']
332565 [main] INFO utilities.listener.WebEventListener  - Before Finding element: By.xpath: //div[@class='flex xs1 md1']
2021-03-19/13:30:02.361  INFO: listener.WebEventListener - Before Finding element: By.xpath: //div[@class='flex xs1 md1']
332832 [main] INFO utilities.listener.WebEventListener  - Before Finding element: By.xpath: //div[@class='flex xs1 md1']
332832 [main] INFO utilities.listener.WebEventListener  - Before Finding element: By.xpath: //div[@class='flex xs1 md1']
2021-03-19/13:30:02.633  INFO: listener.WebEventListener - Before Finding element: By.xpath: //div[@class='flex xs1 md1']
333104 [main] INFO utilities.listener.WebEventListener  - Before Finding element: By.xpath: //div[@class='flex xs1 md1']
333104 [main] INFO utilities.listener.WebEventListener  - Before Finding element: By.xpath: //div[@class='flex xs1 md1']
2021-03-19/13:30:02.912  INFO: listener.WebEventListener - Before Finding element: By.xpath: //div[@class='flex xs1 md1']
333383 [main] INFO utilities.listener.WebEventListener  - Before Finding element: By.xpath: //div[@class='flex xs1 md1']
333383 [main] INFO utilities.listener.WebEventListener  - Before Finding element: By.xpath: //div[@class='flex xs1 md1']
2021-03-19/13:30:03.176  INFO: listener.WebEventListener - Before Finding element: By.xpath: //div[@class='flex xs1 md1']
333647 [main] INFO utilities.listener.WebEventListener  - Before Finding element: By.xpath: //div[@class='flex xs1 md1']
333647 [main] INFO utilities.listener.WebEventListener  - Before Finding element: By.xpath: //div[@class='flex xs1 md1']
2021-03-19/13:30:03.453  INFO: listener.WebEventListener - Before Finding element: By.xpath: //div[@class='flex xs1 md1']
333924 [main] INFO utilities.listener.WebEventListener  - Before Finding element: By.xpath: //div[@class='flex xs1 md1']
333924 [main] INFO utilities.listener.WebEventListener  - Before Finding element: By.xpath: //div[@class='flex xs1 md1']
2021-03-19/13:30:03.733  INFO: listener.WebEventListener - Before Finding element: By.xpath: //div[@class='flex xs1 md1']
334204 [main] INFO utilities.listener.WebEventListener  - Before Finding element: By.xpath: //div[@class='flex xs1 md1']
334204 [main] INFO utilities.listener.WebEventListener  - Before Finding element: By.xpath: //div[@class='flex xs1 md1']
2021-03-19/13:30:04.011  INFO: listener.WebEventListener - Before Finding element: By.xpath: //div[@class='flex xs1 md1']
334482 [main] INFO utilities.listener.WebEventListener  - Before Finding element: By.xpath: //div[@class='flex xs1 md1']
334482 [main] INFO utilities.listener.WebEventListener  - Before Finding element: By.xpath: //div[@class='flex xs1 md1']
2021-03-19/13:30:04.277  INFO: listener.WebEventListener - Before Finding element: By.xpath: //div[@class='flex xs1 md1']
334748 [main] INFO utilities.listener.WebEventListener  - Before Finding element: By.xpath: //div[@class='flex xs1 md1']
334748 [main] INFO utilities.listener.WebEventListener  - Before Finding element: By.xpath: //div[@class='flex xs1 md1']
2021-03-19/13:30:04.554  INFO: listener.WebEventListener - Before Finding element: By.xpath: //div[@class='flex xs1 md1']
335025 [main] INFO utilities.listener.WebEventListener  - Before Finding element: By.xpath: //div[@class='flex xs1 md1']
335025 [main] INFO utilities.listener.WebEventListener  - Before Finding element: By.xpath: //div[@class='flex xs1 md1']
2021-03-19/13:30:04.822  INFO: listener.WebEventListener - Before Finding element: By.xpath: //div[@class='flex xs1 md1']
335293 [main] INFO utilities.listener.WebEventListener  - Before Finding element: By.xpath: //div[@class='flex xs1 md1']
335293 [main] INFO utilities.listener.WebEventListener  - Before Finding element: By.xpath: //div[@class='flex xs1 md1']
2021-03-19/13:30:05.099  INFO: listener.WebEventListener - Before Finding element: By.xpath: //div[@class='flex xs1 md1']
335570 [main] INFO utilities.listener.WebEventListener  - Before Finding element: By.xpath: //div[@class='flex xs1 md1']
335570 [main] INFO utilities.listener.WebEventListener  - Before Finding element: By.xpath: //div[@class='flex xs1 md1']
2021-03-19/13:30:05.363  INFO: listener.WebEventListener - Before Finding element: By.xpath: //div[@class='flex xs1 md1']
335834 [main] INFO utilities.listener.WebEventListener  - Before Finding element: By.xpath: //div[@class='flex xs1 md1']
335834 [main] INFO utilities.listener.WebEventListener  - Before Finding element: By.xpath: //div[@class='flex xs1 md1']
2021-03-19/13:30:05.642  INFO: listener.WebEventListener - Before Finding element: By.xpath: //div[@class='flex xs1 md1']
336113 [main] INFO utilities.listener.WebEventListener  - Before Finding element: By.xpath: //div[@class='flex xs1 md1']
336113 [main] INFO utilities.listener.WebEventListener  - Before Finding element: By.xpath: //div[@class='flex xs1 md1']
2021-03-19/13:30:05.920  INFO: listener.WebEventListener - Before Finding element: By.xpath: //div[@class='flex xs1 md1']
336391 [main] INFO utilities.listener.WebEventListener  - Before Finding element: By.xpath: //div[@class='flex xs1 md1']
336391 [main] INFO utilities.listener.WebEventListener  - Before Finding element: By.xpath: //div[@class='flex xs1 md1']
2021-03-19/13:30:06.251  INFO: listener.WebEventListener - Before Finding element: By.xpath: //div[@class='flex xs1 md1']
336722 [main] INFO utilities.listener.WebEventListener  - Before Finding element: By.xpath: //div[@class='flex xs1 md1']
336722 [main] INFO utilities.listener.WebEventListener  - Before Finding element: By.xpath: //div[@class='flex xs1 md1']
2021-03-19/13:30:06.532  INFO: listener.WebEventListener - Before Finding element: By.xpath: //div[@class='flex xs1 md1']
337003 [main] INFO utilities.listener.WebEventListener  - Before Finding element: By.xpath: //div[@class='flex xs1 md1']
337003 [main] INFO utilities.listener.WebEventListener  - Before Finding element: By.xpath: //div[@class='flex xs1 md1']
2021-03-19/13:30:06.797  INFO: listener.WebEventListener - Before Finding element: By.xpath: //div[@class='flex xs1 md1']
337268 [main] INFO utilities.listener.WebEventListener  - Before Finding element: By.xpath: //div[@class='flex xs1 md1']
337268 [main] INFO utilities.listener.WebEventListener  - Before Finding element: By.xpath: //div[@class='flex xs1 md1']
2021-03-19/13:30:07.075  INFO: listener.WebEventListener - Before Finding element: By.xpath: //div[@class='flex xs1 md1']
337546 [main] INFO utilities.listener.WebEventListener  - Before Finding element: By.xpath: //div[@class='flex xs1 md1']
337546 [main] INFO utilities.listener.WebEventListener  - Before Finding element: By.xpath: //div[@class='flex xs1 md1']
2021-03-19/13:30:07.345  INFO: listener.WebEventListener - Before Finding element: By.xpath: //div[@class='flex xs1 md1']
337816 [main] INFO utilities.listener.WebEventListener  - Before Finding element: By.xpath: //div[@class='flex xs1 md1']
337816 [main] INFO utilities.listener.WebEventListener  - Before Finding element: By.xpath: //div[@class='flex xs1 md1']
2021-03-19/13:30:07.611  INFO: listener.WebEventListener - Before Finding element: By.xpath: //div[@class='flex xs1 md1']
338082 [main] INFO utilities.listener.WebEventListener  - Before Finding element: By.xpath: //div[@class='flex xs1 md1']
338082 [main] INFO utilities.listener.WebEventListener  - Before Finding element: By.xpath: //div[@class='flex xs1 md1']
2021-03-19/13:30:07.875  INFO: listener.WebEventListener - Before Finding element: By.xpath: //div[@class='flex xs1 md1']
338346 [main] INFO utilities.listener.WebEventListener  - Before Finding element: By.xpath: //div[@class='flex xs1 md1']
338346 [main] INFO utilities.listener.WebEventListener  - Before Finding element: By.xpath: //div[@class='flex xs1 md1']
2021-03-19/13:30:08.146  INFO: listener.WebEventListener - Before Finding element: By.xpath: //div[@class='flex xs1 md1']
338617 [main] INFO utilities.listener.WebEventListener  - Before Finding element: By.xpath: //div[@class='flex xs1 md1']
338617 [main] INFO utilities.listener.WebEventListener  - Before Finding element: By.xpath: //div[@class='flex xs1 md1']
2021-03-19/13:30:08.425  INFO: listener.WebEventListener - Before Finding element: By.xpath: //div[@class='flex xs1 md1']
338896 [main] INFO utilities.listener.WebEventListener  - Before Finding element: By.xpath: //div[@class='flex xs1 md1']
338896 [main] INFO utilities.listener.WebEventListener  - Before Finding element: By.xpath: //div[@class='flex xs1 md1']
2021-03-19/13:30:08.692  INFO: listener.WebEventListener - Before Finding element: By.xpath: //div[@class='flex xs1 md1']
339163 [main] INFO utilities.listener.WebEventListener  - Before Finding element: By.xpath: //div[@class='flex xs1 md1']
339163 [main] INFO utilities.listener.WebEventListener  - Before Finding element: By.xpath: //div[@class='flex xs1 md1']
2021-03-19/13:30:08.970  INFO: listener.WebEventListener - Before Finding element: By.xpath: //div[@class='flex xs1 md1']
339441 [main] INFO utilities.listener.WebEventListener  - Before Finding element: By.xpath: //div[@class='flex xs1 md1']
339441 [main] INFO utilities.listener.WebEventListener  - Before Finding element: By.xpath: //div[@class='flex xs1 md1']
2021-03-19/13:30:09.250  INFO: listener.WebEventListener - Before Finding element: By.xpath: //div[@class='flex xs1 md1']
339721 [main] INFO utilities.listener.WebEventListener  - Before Finding element: By.xpath: //div[@class='flex xs1 md1']
339721 [main] INFO utilities.listener.WebEventListener  - Before Finding element: By.xpath: //div[@class='flex xs1 md1']
2021-03-19/13:30:09.533  INFO: listener.WebEventListener - Before Finding element: By.xpath: //div[@class='flex xs1 md1']
340004 [main] INFO utilities.listener.WebEventListener  - Before Finding element: By.xpath: //div[@class='flex xs1 md1']
340004 [main] INFO utilities.listener.WebEventListener  - Before Finding element: By.xpath: //div[@class='flex xs1 md1']
2021-03-19/13:30:09.802  INFO: listener.WebEventListener - Before Finding element: By.xpath: //div[@class='flex xs1 md1']
340273 [main] INFO utilities.listener.WebEventListener  - Before Finding element: By.xpath: //div[@class='flex xs1 md1']
340273 [main] INFO utilities.listener.WebEventListener  - Before Finding element: By.xpath: //div[@class='flex xs1 md1']
2021-03-19/13:30:10.083  INFO: listener.WebEventListener - Before Finding element: By.xpath: //div[@class='flex xs1 md1']
340554 [main] INFO utilities.listener.WebEventListener  - Before Finding element: By.xpath: //div[@class='flex xs1 md1']
340554 [main] INFO utilities.listener.WebEventListener  - Before Finding element: By.xpath: //div[@class='flex xs1 md1']
2021-03-19/13:30:10.349  INFO: listener.WebEventListener - Before Finding element: By.xpath: //div[@class='flex xs1 md1']
340820 [main] INFO utilities.listener.WebEventListener  - Before Finding element: By.xpath: //div[@class='flex xs1 md1']
340820 [main] INFO utilities.listener.WebEventListener  - Before Finding element: By.xpath: //div[@class='flex xs1 md1']
2021-03-19/13:30:10.613  INFO: listener.WebEventListener - Before Finding element: By.xpath: //div[@class='flex xs1 md1']
341084 [main] INFO utilities.listener.WebEventListener  - Before Finding element: By.xpath: //div[@class='flex xs1 md1']
341084 [main] INFO utilities.listener.WebEventListener  - Before Finding element: By.xpath: //div[@class='flex xs1 md1']
2021-03-19/13:30:10.641  INFO: listener.WebEventListener - Before Finding element: By.xpath: //div[@class='flex xs1 md1']
341112 [main] INFO utilities.listener.WebEventListener  - Before Finding element: By.xpath: //div[@class='flex xs1 md1']
341112 [main] INFO utilities.listener.WebEventListener  - Before Finding element: By.xpath: //div[@class='flex xs1 md1']
2021-03-19/13:30:10.666  INFO: listener.WebEventListener - Before Finding element: By.xpath: //div[@class='flex xs1 md1']
341137 [main] INFO utilities.listener.WebEventListener  - Before Finding element: By.xpath: //div[@class='flex xs1 md1']
341137 [main] INFO utilities.listener.WebEventListener  - Before Finding element: By.xpath: //div[@class='flex xs1 md1']
2021-03-19/13:30:10.934  INFO: listener.WebEventListener - Before Finding element: By.xpath: //div[@class='flex xs1 md1']
341405 [main] INFO utilities.listener.WebEventListener  - Before Finding element: By.xpath: //div[@class='flex xs1 md1']
341405 [main] INFO utilities.listener.WebEventListener  - Before Finding element: By.xpath: //div[@class='flex xs1 md1']
2021-03-19/13:30:11.200  INFO: listener.WebEventListener - Before Finding element: By.xpath: //div[@class='flex xs1 md1']
341671 [main] INFO utilities.listener.WebEventListener  - Before Finding element: By.xpath: //div[@class='flex xs1 md1']
341671 [main] INFO utilities.listener.WebEventListener  - Before Finding element: By.xpath: //div[@class='flex xs1 md1']
2021-03-19/13:30:11.468  INFO: listener.WebEventListener - Before Finding element: By.xpath: //div[@class='flex xs1 md1']
341939 [main] INFO utilities.listener.WebEventListener  - Before Finding element: By.xpath: //div[@class='flex xs1 md1']
341939 [main] INFO utilities.listener.WebEventListener  - Before Finding element: By.xpath: //div[@class='flex xs1 md1']
2021-03-19/13:30:11.732  INFO: listener.WebEventListener - Before Finding element: By.xpath: //div[@class='flex xs1 md1']
342203 [main] INFO utilities.listener.WebEventListener  - Before Finding element: By.xpath: //div[@class='flex xs1 md1']
342203 [main] INFO utilities.listener.WebEventListener  - Before Finding element: By.xpath: //div[@class='flex xs1 md1']
2021-03-19/13:30:11.999  INFO: listener.WebEventListener - Before Finding element: By.xpath: //div[@class='flex xs1 md1']
342470 [main] INFO utilities.listener.WebEventListener  - Before Finding element: By.xpath: //div[@class='flex xs1 md1']
342470 [main] INFO utilities.listener.WebEventListener  - Before Finding element: By.xpath: //div[@class='flex xs1 md1']
2021-03-19/13:30:12.266  INFO: listener.WebEventListener - Before Finding element: By.xpath: //div[@class='flex xs1 md1']
342737 [main] INFO utilities.listener.WebEventListener  - Before Finding element: By.xpath: //div[@class='flex xs1 md1']
342737 [main] INFO utilities.listener.WebEventListener  - Before Finding element: By.xpath: //div[@class='flex xs1 md1']
2021-03-19/13:30:12.534  INFO: listener.WebEventListener - Before Finding element: By.xpath: //div[@class='flex xs1 md1']
343005 [main] INFO utilities.listener.WebEventListener  - Before Finding element: By.xpath: //div[@class='flex xs1 md1']
343005 [main] INFO utilities.listener.WebEventListener  - Before Finding element: By.xpath: //div[@class='flex xs1 md1']
2021-03-19/13:30:12.799  INFO: listener.WebEventListener - Before Finding element: By.xpath: //div[@class='flex xs1 md1']
343270 [main] INFO utilities.listener.WebEventListener  - Before Finding element: By.xpath: //div[@class='flex xs1 md1']
343270 [main] INFO utilities.listener.WebEventListener  - Before Finding element: By.xpath: //div[@class='flex xs1 md1']
2021-03-19/13:30:13.080  INFO: listener.WebEventListener - Before Finding element: By.xpath: //div[@class='flex xs1 md1']
343551 [main] INFO utilities.listener.WebEventListener  - Before Finding element: By.xpath: //div[@class='flex xs1 md1']
343551 [main] INFO utilities.listener.WebEventListener  - Before Finding element: By.xpath: //div[@class='flex xs1 md1']
2021-03-19/13:30:13.359  INFO: listener.WebEventListener - Before Finding element: By.xpath: //div[@class='flex xs1 md1']
343830 [main] INFO utilities.listener.WebEventListener  - Before Finding element: By.xpath: //div[@class='flex xs1 md1']
343830 [main] INFO utilities.listener.WebEventListener  - Before Finding element: By.xpath: //div[@class='flex xs1 md1']
2021-03-19/13:30:13.642  INFO: listener.WebEventListener - Before Finding element: By.xpath: //div[@class='flex xs1 md1']
344113 [main] INFO utilities.listener.WebEventListener  - Before Finding element: By.xpath: //div[@class='flex xs1 md1']
344113 [main] INFO utilities.listener.WebEventListener  - Before Finding element: By.xpath: //div[@class='flex xs1 md1']
2021-03-19/13:30:13.917  INFO: listener.WebEventListener - Before Finding element: By.xpath: //div[@class='flex xs1 md1']
344388 [main] INFO utilities.listener.WebEventListener  - Before Finding element: By.xpath: //div[@class='flex xs1 md1']
344388 [main] INFO utilities.listener.WebEventListener  - Before Finding element: By.xpath: //div[@class='flex xs1 md1']
2021-03-19/13:30:14.182  INFO: listener.WebEventListener - Before Finding element: By.xpath: //div[@class='flex xs1 md1']
344653 [main] INFO utilities.listener.WebEventListener  - Before Finding element: By.xpath: //div[@class='flex xs1 md1']
344653 [main] INFO utilities.listener.WebEventListener  - Before Finding element: By.xpath: //div[@class='flex xs1 md1']
2021-03-19/13:30:14.456  INFO: listener.WebEventListener - Before Finding element: By.xpath: //div[@class='flex xs1 md1']
344927 [main] INFO utilities.listener.WebEventListener  - Before Finding element: By.xpath: //div[@class='flex xs1 md1']
344927 [main] INFO utilities.listener.WebEventListener  - Before Finding element: By.xpath: //div[@class='flex xs1 md1']
2021-03-19/13:30:14.724  INFO: listener.WebEventListener - Before Finding element: By.xpath: //div[@class='flex xs1 md1']
345195 [main] INFO utilities.listener.WebEventListener  - Before Finding element: By.xpath: //div[@class='flex xs1 md1']
345195 [main] INFO utilities.listener.WebEventListener  - Before Finding element: By.xpath: //div[@class='flex xs1 md1']
2021-03-19/13:30:14.989  INFO: listener.WebEventListener - Before Finding element: By.xpath: //div[@class='flex xs1 md1']
345460 [main] INFO utilities.listener.WebEventListener  - Before Finding element: By.xpath: //div[@class='flex xs1 md1']
345460 [main] INFO utilities.listener.WebEventListener  - Before Finding element: By.xpath: //div[@class='flex xs1 md1']
2021-03-19/13:30:15.257  INFO: listener.WebEventListener - Before Finding element: By.xpath: //div[@class='flex xs1 md1']
345728 [main] INFO utilities.listener.WebEventListener  - Before Finding element: By.xpath: //div[@class='flex xs1 md1']
345728 [main] INFO utilities.listener.WebEventListener  - Before Finding element: By.xpath: //div[@class='flex xs1 md1']
2021-03-19/13:30:15.536  INFO: listener.WebEventListener - Before Finding element: By.xpath: //div[@class='flex xs1 md1']
346007 [main] INFO utilities.listener.WebEventListener  - Before Finding element: By.xpath: //div[@class='flex xs1 md1']
346007 [main] INFO utilities.listener.WebEventListener  - Before Finding element: By.xpath: //div[@class='flex xs1 md1']
2021-03-19/13:30:15.819  INFO: listener.WebEventListener - Before Finding element: By.xpath: //div[@class='flex xs1 md1']
346290 [main] INFO utilities.listener.WebEventListener  - Before Finding element: By.xpath: //div[@class='flex xs1 md1']
346290 [main] INFO utilities.listener.WebEventListener  - Before Finding element: By.xpath: //div[@class='flex xs1 md1']
2021-03-19/13:30:16.134  INFO: listener.WebEventListener - Before Finding element: By.xpath: //div[@class='flex xs1 md1']
346605 [main] INFO utilities.listener.WebEventListener  - Before Finding element: By.xpath: //div[@class='flex xs1 md1']
346605 [main] INFO utilities.listener.WebEventListener  - Before Finding element: By.xpath: //div[@class='flex xs1 md1']
2021-03-19/13:30:16.419  INFO: listener.WebEventListener - Before Finding element: By.xpath: //div[@class='flex xs1 md1']
346890 [main] INFO utilities.listener.WebEventListener  - Before Finding element: By.xpath: //div[@class='flex xs1 md1']
346890 [main] INFO utilities.listener.WebEventListener  - Before Finding element: By.xpath: //div[@class='flex xs1 md1']
2021-03-19/13:30:16.700  INFO: listener.WebEventListener - Before Finding element: By.xpath: //div[@class='flex xs1 md1']
347171 [main] INFO utilities.listener.WebEventListener  - Before Finding element: By.xpath: //div[@class='flex xs1 md1']
347171 [main] INFO utilities.listener.WebEventListener  - Before Finding element: By.xpath: //div[@class='flex xs1 md1']
2021-03-19/13:30:16.968  INFO: listener.WebEventListener - Before Finding element: By.xpath: //div[@class='flex xs1 md1']
347439 [main] INFO utilities.listener.WebEventListener  - Before Finding element: By.xpath: //div[@class='flex xs1 md1']
347439 [main] INFO utilities.listener.WebEventListener  - Before Finding element: By.xpath: //div[@class='flex xs1 md1']
2021-03-19/13:30:17.236  INFO: listener.WebEventListener - Before Finding element: By.xpath: //div[@class='flex xs1 md1']
347707 [main] INFO utilities.listener.WebEventListener  - Before Finding element: By.xpath: //div[@class='flex xs1 md1']
347707 [main] INFO utilities.listener.WebEventListener  - Before Finding element: By.xpath: //div[@class='flex xs1 md1']
2021-03-19/13:30:17.501  INFO: listener.WebEventListener - Before Finding element: By.xpath: //div[@class='flex xs1 md1']
347972 [main] INFO utilities.listener.WebEventListener  - Before Finding element: By.xpath: //div[@class='flex xs1 md1']
347972 [main] INFO utilities.listener.WebEventListener  - Before Finding element: By.xpath: //div[@class='flex xs1 md1']
2021-03-19/13:30:17.767  INFO: listener.WebEventListener - Before Finding element: By.xpath: //div[@class='flex xs1 md1']
348238 [main] INFO utilities.listener.WebEventListener  - Before Finding element: By.xpath: //div[@class='flex xs1 md1']
348238 [main] INFO utilities.listener.WebEventListener  - Before Finding element: By.xpath: //div[@class='flex xs1 md1']
2021-03-19/13:30:18.045  INFO: listener.WebEventListener - Before Finding element: By.xpath: //div[@class='flex xs1 md1']
348516 [main] INFO utilities.listener.WebEventListener  - Before Finding element: By.xpath: //div[@class='flex xs1 md1']
348516 [main] INFO utilities.listener.WebEventListener  - Before Finding element: By.xpath: //div[@class='flex xs1 md1']
2021-03-19/13:30:18.324  INFO: listener.WebEventListener - Before Finding element: By.xpath: //div[@class='flex xs1 md1']
348795 [main] INFO utilities.listener.WebEventListener  - Before Finding element: By.xpath: //div[@class='flex xs1 md1']
348795 [main] INFO utilities.listener.WebEventListener  - Before Finding element: By.xpath: //div[@class='flex xs1 md1']
2021-03-19/13:30:18.604  INFO: listener.WebEventListener - Before Finding element: By.xpath: //div[@class='flex xs1 md1']
349075 [main] INFO utilities.listener.WebEventListener  - Before Finding element: By.xpath: //div[@class='flex xs1 md1']
349075 [main] INFO utilities.listener.WebEventListener  - Before Finding element: By.xpath: //div[@class='flex xs1 md1']
2021-03-19/13:30:18.882  INFO: listener.WebEventListener - Before Finding element: By.xpath: //div[@class='flex xs1 md1']
349353 [main] INFO utilities.listener.WebEventListener  - Before Finding element: By.xpath: //div[@class='flex xs1 md1']
349353 [main] INFO utilities.listener.WebEventListener  - Before Finding element: By.xpath: //div[@class='flex xs1 md1']
2021-03-19/13:30:19.161  INFO: listener.WebEventListener - Before Finding element: By.xpath: //div[@class='flex xs1 md1']
349632 [main] INFO utilities.listener.WebEventListener  - Before Finding element: By.xpath: //div[@class='flex xs1 md1']
349632 [main] INFO utilities.listener.WebEventListener  - Before Finding element: By.xpath: //div[@class='flex xs1 md1']
2021-03-19/13:30:19.428  INFO: listener.WebEventListener - Before Finding element: By.xpath: //div[@class='flex xs1 md1']
349899 [main] INFO utilities.listener.WebEventListener  - Before Finding element: By.xpath: //div[@class='flex xs1 md1']
349899 [main] INFO utilities.listener.WebEventListener  - Before Finding element: By.xpath: //div[@class='flex xs1 md1']
2021-03-19/13:30:19.705  INFO: listener.WebEventListener - Before Finding element: By.xpath: //div[@class='flex xs1 md1']
350176 [main] INFO utilities.listener.WebEventListener  - Before Finding element: By.xpath: //div[@class='flex xs1 md1']
350176 [main] INFO utilities.listener.WebEventListener  - Before Finding element: By.xpath: //div[@class='flex xs1 md1']
2021-03-19/13:30:19.989  INFO: listener.WebEventListener - Before Finding element: By.xpath: //div[@class='flex xs1 md1']
350460 [main] INFO utilities.listener.WebEventListener  - Before Finding element: By.xpath: //div[@class='flex xs1 md1']
350460 [main] INFO utilities.listener.WebEventListener  - Before Finding element: By.xpath: //div[@class='flex xs1 md1']
2021-03-19/13:30:20.266  INFO: listener.WebEventListener - Before Finding element: By.xpath: //div[@class='flex xs1 md1']
350737 [main] INFO utilities.listener.WebEventListener  - Before Finding element: By.xpath: //div[@class='flex xs1 md1']
350737 [main] INFO utilities.listener.WebEventListener  - Before Finding element: By.xpath: //div[@class='flex xs1 md1']
2021-03-19/13:30:20.537  INFO: listener.WebEventListener - Before Finding element: By.xpath: //div[@class='flex xs1 md1']
351008 [main] INFO utilities.listener.WebEventListener  - Before Finding element: By.xpath: //div[@class='flex xs1 md1']
351008 [main] INFO utilities.listener.WebEventListener  - Before Finding element: By.xpath: //div[@class='flex xs1 md1']
2021-03-19/13:30:20.814  INFO: listener.WebEventListener - Before Finding element: By.xpath: //div[@class='flex xs1 md1']
351285 [main] INFO utilities.listener.WebEventListener  - Before Finding element: By.xpath: //div[@class='flex xs1 md1']
351285 [main] INFO utilities.listener.WebEventListener  - Before Finding element: By.xpath: //div[@class='flex xs1 md1']
2021-03-19/13:30:21.080  INFO: listener.WebEventListener - Before Finding element: By.xpath: //div[@class='flex xs1 md1']
351551 [main] INFO utilities.listener.WebEventListener  - Before Finding element: By.xpath: //div[@class='flex xs1 md1']
351551 [main] INFO utilities.listener.WebEventListener  - Before Finding element: By.xpath: //div[@class='flex xs1 md1']
2021-03-19/13:30:21.359  INFO: listener.WebEventListener - Before Finding element: By.xpath: //div[@class='flex xs1 md1']
351830 [main] INFO utilities.listener.WebEventListener  - Before Finding element: By.xpath: //div[@class='flex xs1 md1']
351830 [main] INFO utilities.listener.WebEventListener  - Before Finding element: By.xpath: //div[@class='flex xs1 md1']
2021-03-19/13:30:21.627  INFO: listener.WebEventListener - Before Finding element: By.xpath: //div[@class='flex xs1 md1']
352098 [main] INFO utilities.listener.WebEventListener  - Before Finding element: By.xpath: //div[@class='flex xs1 md1']
352098 [main] INFO utilities.listener.WebEventListener  - Before Finding element: By.xpath: //div[@class='flex xs1 md1']
2021-03-19/13:30:21.905  INFO: listener.WebEventListener - Before Finding element: By.xpath: //div[@class='flex xs1 md1']
352376 [main] INFO utilities.listener.WebEventListener  - Before Finding element: By.xpath: //div[@class='flex xs1 md1']
352376 [main] INFO utilities.listener.WebEventListener  - Before Finding element: By.xpath: //div[@class='flex xs1 md1']
2021-03-19/13:30:22.171  INFO: listener.WebEventListener - Before Finding element: By.xpath: //div[@class='flex xs1 md1']
352642 [main] INFO utilities.listener.WebEventListener  - Before Finding element: By.xpath: //div[@class='flex xs1 md1']
352642 [main] INFO utilities.listener.WebEventListener  - Before Finding element: By.xpath: //div[@class='flex xs1 md1']
2021-03-19/13:30:22.439  INFO: listener.WebEventListener - Before Finding element: By.xpath: //div[@class='flex xs1 md1']
352910 [main] INFO utilities.listener.WebEventListener  - Before Finding element: By.xpath: //div[@class='flex xs1 md1']
352910 [main] INFO utilities.listener.WebEventListener  - Before Finding element: By.xpath: //div[@class='flex xs1 md1']
2021-03-19/13:30:22.704  INFO: listener.WebEventListener - Before Finding element: By.xpath: //div[@class='flex xs1 md1']
353175 [main] INFO utilities.listener.WebEventListener  - Before Finding element: By.xpath: //div[@class='flex xs1 md1']
353175 [main] INFO utilities.listener.WebEventListener  - Before Finding element: By.xpath: //div[@class='flex xs1 md1']
2021-03-19/13:30:22.984  INFO: listener.WebEventListener - Before Finding element: By.xpath: //div[@class='flex xs1 md1']
353455 [main] INFO utilities.listener.WebEventListener  - Before Finding element: By.xpath: //div[@class='flex xs1 md1']
353455 [main] INFO utilities.listener.WebEventListener  - Before Finding element: By.xpath: //div[@class='flex xs1 md1']
2021-03-19/13:30:23.261  INFO: listener.WebEventListener - Before Finding element: By.xpath: //div[@class='flex xs1 md1']
353732 [main] INFO utilities.listener.WebEventListener  - Before Finding element: By.xpath: //div[@class='flex xs1 md1']
353732 [main] INFO utilities.listener.WebEventListener  - Before Finding element: By.xpath: //div[@class='flex xs1 md1']
2021-03-19/13:30:23.540  INFO: listener.WebEventListener - Before Finding element: By.xpath: //div[@class='flex xs1 md1']
354011 [main] INFO utilities.listener.WebEventListener  - Before Finding element: By.xpath: //div[@class='flex xs1 md1']
354011 [main] INFO utilities.listener.WebEventListener  - Before Finding element: By.xpath: //div[@class='flex xs1 md1']
2021-03-19/13:30:23.817  INFO: listener.WebEventListener - Before Finding element: By.xpath: //div[@class='flex xs1 md1']
354288 [main] INFO utilities.listener.WebEventListener  - Before Finding element: By.xpath: //div[@class='flex xs1 md1']
354288 [main] INFO utilities.listener.WebEventListener  - Before Finding element: By.xpath: //div[@class='flex xs1 md1']
2021-03-19/13:30:24.081  INFO: listener.WebEventListener - Before Finding element: By.xpath: //div[@class='flex xs1 md1']
354552 [main] INFO utilities.listener.WebEventListener  - Before Finding element: By.xpath: //div[@class='flex xs1 md1']
354552 [main] INFO utilities.listener.WebEventListener  - Before Finding element: By.xpath: //div[@class='flex xs1 md1']
2021-03-19/13:30:24.348  INFO: listener.WebEventListener - Before Finding element: By.xpath: //div[@class='flex xs1 md1']
354819 [main] INFO utilities.listener.WebEventListener  - Before Finding element: By.xpath: //div[@class='flex xs1 md1']
354819 [main] INFO utilities.listener.WebEventListener  - Before Finding element: By.xpath: //div[@class='flex xs1 md1']
2021-03-19/13:30:24.625  INFO: listener.WebEventListener - Before Finding element: By.xpath: //div[@class='flex xs1 md1']
355096 [main] INFO utilities.listener.WebEventListener  - Before Finding element: By.xpath: //div[@class='flex xs1 md1']
355096 [main] INFO utilities.listener.WebEventListener  - Before Finding element: By.xpath: //div[@class='flex xs1 md1']
2021-03-19/13:30:24.903  INFO: listener.WebEventListener - Before Finding element: By.xpath: //div[@class='flex xs1 md1']
355374 [main] INFO utilities.listener.WebEventListener  - Before Finding element: By.xpath: //div[@class='flex xs1 md1']
355374 [main] INFO utilities.listener.WebEventListener  - Before Finding element: By.xpath: //div[@class='flex xs1 md1']
2021-03-19/13:30:25.170  INFO: listener.WebEventListener - Before Finding element: By.xpath: //div[@class='flex xs1 md1']
355641 [main] INFO utilities.listener.WebEventListener  - Before Finding element: By.xpath: //div[@class='flex xs1 md1']
355641 [main] INFO utilities.listener.WebEventListener  - Before Finding element: By.xpath: //div[@class='flex xs1 md1']
2021-03-19/13:30:25.447  INFO: listener.WebEventListener - Before Finding element: By.xpath: //div[@class='flex xs1 md1']
355918 [main] INFO utilities.listener.WebEventListener  - Before Finding element: By.xpath: //div[@class='flex xs1 md1']
355918 [main] INFO utilities.listener.WebEventListener  - Before Finding element: By.xpath: //div[@class='flex xs1 md1']
2021-03-19/13:30:25.723  INFO: listener.WebEventListener - Before Finding element: By.xpath: //div[@class='flex xs1 md1']
356194 [main] INFO utilities.listener.WebEventListener  - Before Finding element: By.xpath: //div[@class='flex xs1 md1']
356194 [main] INFO utilities.listener.WebEventListener  - Before Finding element: By.xpath: //div[@class='flex xs1 md1']
2021-03-19/13:30:26.001  INFO: listener.WebEventListener - Before Finding element: By.xpath: //div[@class='flex xs1 md1']
356472 [main] INFO utilities.listener.WebEventListener  - Before Finding element: By.xpath: //div[@class='flex xs1 md1']
356472 [main] INFO utilities.listener.WebEventListener  - Before Finding element: By.xpath: //div[@class='flex xs1 md1']
2021-03-19/13:30:26.277  INFO: listener.WebEventListener - Before Finding element: By.xpath: //div[@class='flex xs1 md1']
356748 [main] INFO utilities.listener.WebEventListener  - Before Finding element: By.xpath: //div[@class='flex xs1 md1']
356748 [main] INFO utilities.listener.WebEventListener  - Before Finding element: By.xpath: //div[@class='flex xs1 md1']
2021-03-19/13:30:26.542  INFO: listener.WebEventListener - Before Finding element: By.xpath: //div[@class='flex xs1 md1']
357013 [main] INFO utilities.listener.WebEventListener  - Before Finding element: By.xpath: //div[@class='flex xs1 md1']
357013 [main] INFO utilities.listener.WebEventListener  - Before Finding element: By.xpath: //div[@class='flex xs1 md1']
2021-03-19/13:30:26.810  INFO: listener.WebEventListener - Before Finding element: By.xpath: //div[@class='flex xs1 md1']
357281 [main] INFO utilities.listener.WebEventListener  - Before Finding element: By.xpath: //div[@class='flex xs1 md1']
357281 [main] INFO utilities.listener.WebEventListener  - Before Finding element: By.xpath: //div[@class='flex xs1 md1']
2021-03-19/13:30:27.088  INFO: listener.WebEventListener - Before Finding element: By.xpath: //div[@class='flex xs1 md1']
357559 [main] INFO utilities.listener.WebEventListener  - Before Finding element: By.xpath: //div[@class='flex xs1 md1']
357559 [main] INFO utilities.listener.WebEventListener  - Before Finding element: By.xpath: //div[@class='flex xs1 md1']
2021-03-19/13:30:27.354  INFO: listener.WebEventListener - Before Finding element: By.xpath: //div[@class='flex xs1 md1']
357825 [main] INFO utilities.listener.WebEventListener  - Before Finding element: By.xpath: //div[@class='flex xs1 md1']
357825 [main] INFO utilities.listener.WebEventListener  - Before Finding element: By.xpath: //div[@class='flex xs1 md1']
2021-03-19/13:30:27.618  INFO: listener.WebEventListener - Before Finding element: By.xpath: //div[@class='flex xs1 md1']
358089 [main] INFO utilities.listener.WebEventListener  - Before Finding element: By.xpath: //div[@class='flex xs1 md1']
358089 [main] INFO utilities.listener.WebEventListener  - Before Finding element: By.xpath: //div[@class='flex xs1 md1']
2021-03-19/13:30:27.895  INFO: listener.WebEventListener - Before Finding element: By.xpath: //div[@class='flex xs1 md1']
358366 [main] INFO utilities.listener.WebEventListener  - Before Finding element: By.xpath: //div[@class='flex xs1 md1']
358366 [main] INFO utilities.listener.WebEventListener  - Before Finding element: By.xpath: //div[@class='flex xs1 md1']
2021-03-19/13:30:28.193  INFO: listener.WebEventListener - Before Finding element: By.xpath: //div[@class='flex xs1 md1']
358664 [main] INFO utilities.listener.WebEventListener  - Before Finding element: By.xpath: //div[@class='flex xs1 md1']
358664 [main] INFO utilities.listener.WebEventListener  - Before Finding element: By.xpath: //div[@class='flex xs1 md1']
2021-03-19/13:30:28.471  INFO: listener.WebEventListener - Before Finding element: By.xpath: //div[@class='flex xs1 md1']
358942 [main] INFO utilities.listener.WebEventListener  - Before Finding element: By.xpath: //div[@class='flex xs1 md1']
358942 [main] INFO utilities.listener.WebEventListener  - Before Finding element: By.xpath: //div[@class='flex xs1 md1']
2021-03-19/13:30:28.738  INFO: listener.WebEventListener - Before Finding element: By.xpath: //div[@class='flex xs1 md1']
359209 [main] INFO utilities.listener.WebEventListener  - Before Finding element: By.xpath: //div[@class='flex xs1 md1']
359209 [main] INFO utilities.listener.WebEventListener  - Before Finding element: By.xpath: //div[@class='flex xs1 md1']
2021-03-19/13:30:29.011  INFO: listener.WebEventListener - Before Finding element: By.xpath: //div[@class='flex xs1 md1']
359482 [main] INFO utilities.listener.WebEventListener  - Before Finding element: By.xpath: //div[@class='flex xs1 md1']
359482 [main] INFO utilities.listener.WebEventListener  - Before Finding element: By.xpath: //div[@class='flex xs1 md1']
2021-03-19/13:30:29.289  INFO: listener.WebEventListener - Before Finding element: By.xpath: //div[@class='flex xs1 md1']
359760 [main] INFO utilities.listener.WebEventListener  - Before Finding element: By.xpath: //div[@class='flex xs1 md1']
359760 [main] INFO utilities.listener.WebEventListener  - Before Finding element: By.xpath: //div[@class='flex xs1 md1']
2021-03-19/13:30:29.554  INFO: listener.WebEventListener - Before Finding element: By.xpath: //div[@class='flex xs1 md1']
360025 [main] INFO utilities.listener.WebEventListener  - Before Finding element: By.xpath: //div[@class='flex xs1 md1']
360025 [main] INFO utilities.listener.WebEventListener  - Before Finding element: By.xpath: //div[@class='flex xs1 md1']
2021-03-19/13:30:29.832  INFO: listener.WebEventListener - Before Finding element: By.xpath: //div[@class='flex xs1 md1']
360303 [main] INFO utilities.listener.WebEventListener  - Before Finding element: By.xpath: //div[@class='flex xs1 md1']
360303 [main] INFO utilities.listener.WebEventListener  - Before Finding element: By.xpath: //div[@class='flex xs1 md1']
2021-03-19/13:30:30.113  INFO: listener.WebEventListener - Before Finding element: By.xpath: //div[@class='flex xs1 md1']
360584 [main] INFO utilities.listener.WebEventListener  - Before Finding element: By.xpath: //div[@class='flex xs1 md1']
360584 [main] INFO utilities.listener.WebEventListener  - Before Finding element: By.xpath: //div[@class='flex xs1 md1']
2021-03-19/13:30:30.392  INFO: listener.WebEventListener - Before Finding element: By.xpath: //div[@class='flex xs1 md1']
360863 [main] INFO utilities.listener.WebEventListener  - Before Finding element: By.xpath: //div[@class='flex xs1 md1']
360863 [main] INFO utilities.listener.WebEventListener  - Before Finding element: By.xpath: //div[@class='flex xs1 md1']
2021-03-19/13:30:30.671  INFO: listener.WebEventListener - Before Finding element: By.xpath: //div[@class='flex xs1 md1']
361142 [main] INFO utilities.listener.WebEventListener  - Before Finding element: By.xpath: //div[@class='flex xs1 md1']
361142 [main] INFO utilities.listener.WebEventListener  - Before Finding element: By.xpath: //div[@class='flex xs1 md1']
2021-03-19/13:30:30.951  INFO: listener.WebEventListener - Before Finding element: By.xpath: //div[@class='flex xs1 md1']
361422 [main] INFO utilities.listener.WebEventListener  - Before Finding element: By.xpath: //div[@class='flex xs1 md1']
361422 [main] INFO utilities.listener.WebEventListener  - Before Finding element: By.xpath: //div[@class='flex xs1 md1']
2021-03-19/13:30:31.225  INFO: listener.WebEventListener - Before Finding element: By.xpath: //div[@class='flex xs1 md1']
361696 [main] INFO utilities.listener.WebEventListener  - Before Finding element: By.xpath: //div[@class='flex xs1 md1']
361696 [main] INFO utilities.listener.WebEventListener  - Before Finding element: By.xpath: //div[@class='flex xs1 md1']
2021-03-19/13:30:31.490  INFO: listener.WebEventListener - Before Finding element: By.xpath: //div[@class='flex xs1 md1']
361961 [main] INFO utilities.listener.WebEventListener  - Before Finding element: By.xpath: //div[@class='flex xs1 md1']
361961 [main] INFO utilities.listener.WebEventListener  - Before Finding element: By.xpath: //div[@class='flex xs1 md1']
2021-03-19/13:30:31.755  INFO: listener.WebEventListener - Before Finding element: By.xpath: //div[@class='flex xs1 md1']
362226 [main] INFO utilities.listener.WebEventListener  - Before Finding element: By.xpath: //div[@class='flex xs1 md1']
362226 [main] INFO utilities.listener.WebEventListener  - Before Finding element: By.xpath: //div[@class='flex xs1 md1']
2021-03-19/13:30:32.019  INFO: listener.WebEventListener - Before Finding element: By.xpath: //div[@class='flex xs1 md1']
362490 [main] INFO utilities.listener.WebEventListener  - Before Finding element: By.xpath: //div[@class='flex xs1 md1']
362490 [main] INFO utilities.listener.WebEventListener  - Before Finding element: By.xpath: //div[@class='flex xs1 md1']
2021-03-19/13:30:32.287  INFO: listener.WebEventListener - Before Finding element: By.xpath: //div[@class='flex xs1 md1']
362758 [main] INFO utilities.listener.WebEventListener  - Before Finding element: By.xpath: //div[@class='flex xs1 md1']
362758 [main] INFO utilities.listener.WebEventListener  - Before Finding element: By.xpath: //div[@class='flex xs1 md1']
2021-03-19/13:30:32.554  INFO: listener.WebEventListener - Before Finding element: By.xpath: //div[@class='flex xs1 md1']
363025 [main] INFO utilities.listener.WebEventListener  - Before Finding element: By.xpath: //div[@class='flex xs1 md1']
363025 [main] INFO utilities.listener.WebEventListener  - Before Finding element: By.xpath: //div[@class='flex xs1 md1']
2021-03-19/13:30:32.822  INFO: listener.WebEventListener - Before Finding element: By.xpath: //div[@class='flex xs1 md1']
363293 [main] INFO utilities.listener.WebEventListener  - Before Finding element: By.xpath: //div[@class='flex xs1 md1']
363293 [main] INFO utilities.listener.WebEventListener  - Before Finding element: By.xpath: //div[@class='flex xs1 md1']
2021-03-19/13:30:33.091  INFO: listener.WebEventListener - Before Finding element: By.xpath: //div[@class='flex xs1 md1']
363562 [main] INFO utilities.listener.WebEventListener  - Before Finding element: By.xpath: //div[@class='flex xs1 md1']
363562 [main] INFO utilities.listener.WebEventListener  - Before Finding element: By.xpath: //div[@class='flex xs1 md1']
2021-03-19/13:30:33.362  INFO: listener.WebEventListener - Before Finding element: By.xpath: //div[@class='flex xs1 md1']
363833 [main] INFO utilities.listener.WebEventListener  - Before Finding element: By.xpath: //div[@class='flex xs1 md1']
363833 [main] INFO utilities.listener.WebEventListener  - Before Finding element: By.xpath: //div[@class='flex xs1 md1']
2021-03-19/13:30:33.673  INFO: listener.WebEventListener - Before Finding element: By.xpath: //div[@class='flex xs1 md1']
364144 [main] INFO utilities.listener.WebEventListener  - Before Finding element: By.xpath: //div[@class='flex xs1 md1']
364144 [main] INFO utilities.listener.WebEventListener  - Before Finding element: By.xpath: //div[@class='flex xs1 md1']
2021-03-19/13:30:33.939  INFO: listener.WebEventListener - Before Finding element: By.xpath: //div[@class='flex xs1 md1']
364410 [main] INFO utilities.listener.WebEventListener  - Before Finding element: By.xpath: //div[@class='flex xs1 md1']
364410 [main] INFO utilities.listener.WebEventListener  - Before Finding element: By.xpath: //div[@class='flex xs1 md1']
2021-03-19/13:30:34.210  INFO: listener.WebEventListener - Before Finding element: By.xpath: //div[@class='flex xs1 md1']
364681 [main] INFO utilities.listener.WebEventListener  - Before Finding element: By.xpath: //div[@class='flex xs1 md1']
364681 [main] INFO utilities.listener.WebEventListener  - Before Finding element: By.xpath: //div[@class='flex xs1 md1']
2021-03-19/13:30:34.477  INFO: listener.WebEventListener - Before Finding element: By.xpath: //div[@class='flex xs1 md1']
364948 [main] INFO utilities.listener.WebEventListener  - Before Finding element: By.xpath: //div[@class='flex xs1 md1']
364948 [main] INFO utilities.listener.WebEventListener  - Before Finding element: By.xpath: //div[@class='flex xs1 md1']
2021-03-19/13:30:34.744  INFO: listener.WebEventListener - Before Finding element: By.xpath: //div[@class='flex xs1 md1']
365215 [main] INFO utilities.listener.WebEventListener  - Before Finding element: By.xpath: //div[@class='flex xs1 md1']
365215 [main] INFO utilities.listener.WebEventListener  - Before Finding element: By.xpath: //div[@class='flex xs1 md1']
2021-03-19/13:30:35.013  INFO: listener.WebEventListener - Before Finding element: By.xpath: //div[@class='flex xs1 md1']
365484 [main] INFO utilities.listener.WebEventListener  - Before Finding element: By.xpath: //div[@class='flex xs1 md1']
365484 [main] INFO utilities.listener.WebEventListener  - Before Finding element: By.xpath: //div[@class='flex xs1 md1']
2021-03-19/13:30:35.281  INFO: listener.WebEventListener - Before Finding element: By.xpath: //div[@class='flex xs1 md1']
365752 [main] INFO utilities.listener.WebEventListener  - Before Finding element: By.xpath: //div[@class='flex xs1 md1']
365752 [main] INFO utilities.listener.WebEventListener  - Before Finding element: By.xpath: //div[@class='flex xs1 md1']
2021-03-19/13:30:35.550  INFO: listener.WebEventListener - Before Finding element: By.xpath: //div[@class='flex xs1 md1']
366021 [main] INFO utilities.listener.WebEventListener  - Before Finding element: By.xpath: //div[@class='flex xs1 md1']
366021 [main] INFO utilities.listener.WebEventListener  - Before Finding element: By.xpath: //div[@class='flex xs1 md1']
2021-03-19/13:30:35.814  INFO: listener.WebEventListener - Before Finding element: By.xpath: //div[@class='flex xs1 md1']
366285 [main] INFO utilities.listener.WebEventListener  - Before Finding element: By.xpath: //div[@class='flex xs1 md1']
366285 [main] INFO utilities.listener.WebEventListener  - Before Finding element: By.xpath: //div[@class='flex xs1 md1']
2021-03-19/13:30:36.092  INFO: listener.WebEventListener - Before Finding element: By.xpath: //div[@class='flex xs1 md1']
366563 [main] INFO utilities.listener.WebEventListener  - Before Finding element: By.xpath: //div[@class='flex xs1 md1']
366563 [main] INFO utilities.listener.WebEventListener  - Before Finding element: By.xpath: //div[@class='flex xs1 md1']
2021-03-19/13:30:36.356  INFO: listener.WebEventListener - Before Finding element: By.xpath: //div[@class='flex xs1 md1']
366827 [main] INFO utilities.listener.WebEventListener  - Before Finding element: By.xpath: //div[@class='flex xs1 md1']
366827 [main] INFO utilities.listener.WebEventListener  - Before Finding element: By.xpath: //div[@class='flex xs1 md1']
2021-03-19/13:30:36.623  INFO: listener.WebEventListener - Before Finding element: By.xpath: //div[@class='flex xs1 md1']
367094 [main] INFO utilities.listener.WebEventListener  - Before Finding element: By.xpath: //div[@class='flex xs1 md1']
367094 [main] INFO utilities.listener.WebEventListener  - Before Finding element: By.xpath: //div[@class='flex xs1 md1']
2021-03-19/13:30:36.900  INFO: listener.WebEventListener - Before Finding element: By.xpath: //div[@class='flex xs1 md1']
367371 [main] INFO utilities.listener.WebEventListener  - Before Finding element: By.xpath: //div[@class='flex xs1 md1']
367371 [main] INFO utilities.listener.WebEventListener  - Before Finding element: By.xpath: //div[@class='flex xs1 md1']
2021-03-19/13:30:37.168  INFO: listener.WebEventListener - Before Finding element: By.xpath: //div[@class='flex xs1 md1']
367639 [main] INFO utilities.listener.WebEventListener  - Before Finding element: By.xpath: //div[@class='flex xs1 md1']
367639 [main] INFO utilities.listener.WebEventListener  - Before Finding element: By.xpath: //div[@class='flex xs1 md1']
2021-03-19/13:30:37.437  INFO: listener.WebEventListener - Before Finding element: By.xpath: //div[@class='flex xs1 md1']
367908 [main] INFO utilities.listener.WebEventListener  - Before Finding element: By.xpath: //div[@class='flex xs1 md1']
367908 [main] INFO utilities.listener.WebEventListener  - Before Finding element: By.xpath: //div[@class='flex xs1 md1']
2021-03-19/13:30:37.705  INFO: listener.WebEventListener - Before Finding element: By.xpath: //div[@class='flex xs1 md1']
368176 [main] INFO utilities.listener.WebEventListener  - Before Finding element: By.xpath: //div[@class='flex xs1 md1']
368176 [main] INFO utilities.listener.WebEventListener  - Before Finding element: By.xpath: //div[@class='flex xs1 md1']
2021-03-19/13:30:37.971  INFO: listener.WebEventListener - Before Finding element: By.xpath: //div[@class='flex xs1 md1']
368442 [main] INFO utilities.listener.WebEventListener  - Before Finding element: By.xpath: //div[@class='flex xs1 md1']
368442 [main] INFO utilities.listener.WebEventListener  - Before Finding element: By.xpath: //div[@class='flex xs1 md1']
2021-03-19/13:30:38.246  INFO: listener.WebEventListener - Before Finding element: By.xpath: //div[@class='flex xs1 md1']
368717 [main] INFO utilities.listener.WebEventListener  - Before Finding element: By.xpath: //div[@class='flex xs1 md1']
368717 [main] INFO utilities.listener.WebEventListener  - Before Finding element: By.xpath: //div[@class='flex xs1 md1']
2021-03-19/13:30:38.515  INFO: listener.WebEventListener - Before Finding element: By.xpath: //div[@class='flex xs1 md1']
368986 [main] INFO utilities.listener.WebEventListener  - Before Finding element: By.xpath: //div[@class='flex xs1 md1']
368986 [main] INFO utilities.listener.WebEventListener  - Before Finding element: By.xpath: //div[@class='flex xs1 md1']
2021-03-19/13:30:38.783  INFO: listener.WebEventListener - Before Finding element: By.xpath: //div[@class='flex xs1 md1']
369254 [main] INFO utilities.listener.WebEventListener  - Before Finding element: By.xpath: //div[@class='flex xs1 md1']
369254 [main] INFO utilities.listener.WebEventListener  - Before Finding element: By.xpath: //div[@class='flex xs1 md1']
2021-03-19/13:30:39.047  INFO: listener.WebEventListener - Before Finding element: By.xpath: //div[@class='flex xs1 md1']
369518 [main] INFO utilities.listener.WebEventListener  - Before Finding element: By.xpath: //div[@class='flex xs1 md1']
369518 [main] INFO utilities.listener.WebEventListener  - Before Finding element: By.xpath: //div[@class='flex xs1 md1']
2021-03-19/13:30:39.328  INFO: listener.WebEventListener - Before Finding element: By.xpath: //div[@class='flex xs1 md1']
369799 [main] INFO utilities.listener.WebEventListener  - Before Finding element: By.xpath: //div[@class='flex xs1 md1']
369799 [main] INFO utilities.listener.WebEventListener  - Before Finding element: By.xpath: //div[@class='flex xs1 md1']
2021-03-19/13:30:39.592  INFO: listener.WebEventListener - Before Finding element: By.xpath: //div[@class='flex xs1 md1']
370063 [main] INFO utilities.listener.WebEventListener  - Before Finding element: By.xpath: //div[@class='flex xs1 md1']
370063 [main] INFO utilities.listener.WebEventListener  - Before Finding element: By.xpath: //div[@class='flex xs1 md1']
2021-03-19/13:30:39.858  INFO: listener.WebEventListener - Before Finding element: By.xpath: //div[@class='flex xs1 md1']
370329 [main] INFO utilities.listener.WebEventListener  - Before Finding element: By.xpath: //div[@class='flex xs1 md1']
370329 [main] INFO utilities.listener.WebEventListener  - Before Finding element: By.xpath: //div[@class='flex xs1 md1']
2021-03-19/13:30:40.122  INFO: listener.WebEventListener - Before Finding element: By.xpath: //div[@class='flex xs1 md1']
370593 [main] INFO utilities.listener.WebEventListener  - Before Finding element: By.xpath: //div[@class='flex xs1 md1']
370593 [main] INFO utilities.listener.WebEventListener  - Before Finding element: By.xpath: //div[@class='flex xs1 md1']
2021-03-19/13:30:40.400  INFO: listener.WebEventListener - Before Finding element: By.xpath: //div[@class='flex xs1 md1']
370871 [main] INFO utilities.listener.WebEventListener  - Before Finding element: By.xpath: //div[@class='flex xs1 md1']
370871 [main] INFO utilities.listener.WebEventListener  - Before Finding element: By.xpath: //div[@class='flex xs1 md1']
2021-03-19/13:30:40.666  INFO: listener.WebEventListener - Before Finding element: By.xpath: //div[@class='flex xs1 md1']
371137 [main] INFO utilities.listener.WebEventListener  - Before Finding element: By.xpath: //div[@class='flex xs1 md1']
371137 [main] INFO utilities.listener.WebEventListener  - Before Finding element: By.xpath: //div[@class='flex xs1 md1']
2021-03-19/13:30:40.931  INFO: listener.WebEventListener - Before Finding element: By.xpath: //div[@class='flex xs1 md1']
371402 [main] INFO utilities.listener.WebEventListener  - Before Finding element: By.xpath: //div[@class='flex xs1 md1']
371402 [main] INFO utilities.listener.WebEventListener  - Before Finding element: By.xpath: //div[@class='flex xs1 md1']
2021-03-19/13:30:41.201  INFO: listener.WebEventListener - Before Finding element: By.xpath: //div[@class='flex xs1 md1']
371672 [main] INFO utilities.listener.WebEventListener  - Before Finding element: By.xpath: //div[@class='flex xs1 md1']
371672 [main] INFO utilities.listener.WebEventListener  - Before Finding element: By.xpath: //div[@class='flex xs1 md1']
2021-03-19/13:30:41.477  INFO: listener.WebEventListener - Before Finding element: By.xpath: //div[@class='flex xs1 md1']
371948 [main] INFO utilities.listener.WebEventListener  - Before Finding element: By.xpath: //div[@class='flex xs1 md1']
371948 [main] INFO utilities.listener.WebEventListener  - Before Finding element: By.xpath: //div[@class='flex xs1 md1']
2021-03-19/13:30:41.753  INFO: listener.WebEventListener - Before Finding element: By.xpath: //div[@class='flex xs1 md1']
372224 [main] INFO utilities.listener.WebEventListener  - Before Finding element: By.xpath: //div[@class='flex xs1 md1']
372224 [main] INFO utilities.listener.WebEventListener  - Before Finding element: By.xpath: //div[@class='flex xs1 md1']
2021-03-19/13:30:42.018  INFO: listener.WebEventListener - Before Finding element: By.xpath: //div[@class='flex xs1 md1']
372489 [main] INFO utilities.listener.WebEventListener  - Before Finding element: By.xpath: //div[@class='flex xs1 md1']
372489 [main] INFO utilities.listener.WebEventListener  - Before Finding element: By.xpath: //div[@class='flex xs1 md1']
2021-03-19/13:30:42.286  INFO: listener.WebEventListener - Before Finding element: By.xpath: //div[@class='flex xs1 md1']
372757 [main] INFO utilities.listener.WebEventListener  - Before Finding element: By.xpath: //div[@class='flex xs1 md1']
372757 [main] INFO utilities.listener.WebEventListener  - Before Finding element: By.xpath: //div[@class='flex xs1 md1']
2021-03-19/13:30:42.554  INFO: listener.WebEventListener - Before Finding element: By.xpath: //div[@class='flex xs1 md1']
373025 [main] INFO utilities.listener.WebEventListener  - Before Finding element: By.xpath: //div[@class='flex xs1 md1']
373025 [main] INFO utilities.listener.WebEventListener  - Before Finding element: By.xpath: //div[@class='flex xs1 md1']
2021-03-19/13:30:42.832  INFO: listener.WebEventListener - Before Finding element: By.xpath: //div[@class='flex xs1 md1']
373303 [main] INFO utilities.listener.WebEventListener  - Before Finding element: By.xpath: //div[@class='flex xs1 md1']
373303 [main] INFO utilities.listener.WebEventListener  - Before Finding element: By.xpath: //div[@class='flex xs1 md1']
2021-03-19/13:30:43.104  INFO: listener.WebEventListener - Before Finding element: By.xpath: //div[@class='flex xs1 md1']
373575 [main] INFO utilities.listener.WebEventListener  - Before Finding element: By.xpath: //div[@class='flex xs1 md1']
373575 [main] INFO utilities.listener.WebEventListener  - Before Finding element: By.xpath: //div[@class='flex xs1 md1']
2021-03-19/13:30:43.373  INFO: listener.WebEventListener - Before Finding element: By.xpath: //div[@class='flex xs1 md1']
373844 [main] INFO utilities.listener.WebEventListener  - Before Finding element: By.xpath: //div[@class='flex xs1 md1']
373844 [main] INFO utilities.listener.WebEventListener  - Before Finding element: By.xpath: //div[@class='flex xs1 md1']
2021-03-19/13:30:43.638  INFO: listener.WebEventListener - Before Finding element: By.xpath: //div[@class='flex xs1 md1']
374109 [main] INFO utilities.listener.WebEventListener  - Before Finding element: By.xpath: //div[@class='flex xs1 md1']
374109 [main] INFO utilities.listener.WebEventListener  - Before Finding element: By.xpath: //div[@class='flex xs1 md1']
2021-03-19/13:30:43.903  INFO: listener.WebEventListener - Before Finding element: By.xpath: //div[@class='flex xs1 md1']
374374 [main] INFO utilities.listener.WebEventListener  - Before Finding element: By.xpath: //div[@class='flex xs1 md1']
374374 [main] INFO utilities.listener.WebEventListener  - Before Finding element: By.xpath: //div[@class='flex xs1 md1']
2021-03-19/13:30:44.169  INFO: listener.WebEventListener - Before Finding element: By.xpath: //div[@class='flex xs1 md1']
374640 [main] INFO utilities.listener.WebEventListener  - Before Finding element: By.xpath: //div[@class='flex xs1 md1']
374640 [main] INFO utilities.listener.WebEventListener  - Before Finding element: By.xpath: //div[@class='flex xs1 md1']
2021-03-19/13:30:44.433  INFO: listener.WebEventListener - Before Finding element: By.xpath: //div[@class='flex xs1 md1']
374904 [main] INFO utilities.listener.WebEventListener  - Before Finding element: By.xpath: //div[@class='flex xs1 md1']
374904 [main] INFO utilities.listener.WebEventListener  - Before Finding element: By.xpath: //div[@class='flex xs1 md1']
2021-03-19/13:30:44.701  INFO: listener.WebEventListener - Before Finding element: By.xpath: //div[@class='flex xs1 md1']
375172 [main] INFO utilities.listener.WebEventListener  - Before Finding element: By.xpath: //div[@class='flex xs1 md1']
375172 [main] INFO utilities.listener.WebEventListener  - Before Finding element: By.xpath: //div[@class='flex xs1 md1']
2021-03-19/13:30:44.965  INFO: listener.WebEventListener - Before Finding element: By.xpath: //div[@class='flex xs1 md1']
375436 [main] INFO utilities.listener.WebEventListener  - Before Finding element: By.xpath: //div[@class='flex xs1 md1']
375436 [main] INFO utilities.listener.WebEventListener  - Before Finding element: By.xpath: //div[@class='flex xs1 md1']
2021-03-19/13:30:45.232  INFO: listener.WebEventListener - Before Finding element: By.xpath: //div[@class='flex xs1 md1']
375703 [main] INFO utilities.listener.WebEventListener  - Before Finding element: By.xpath: //div[@class='flex xs1 md1']
375703 [main] INFO utilities.listener.WebEventListener  - Before Finding element: By.xpath: //div[@class='flex xs1 md1']
2021-03-19/13:30:45.507  INFO: listener.WebEventListener - Before Finding element: By.xpath: //div[@class='flex xs1 md1']
375978 [main] INFO utilities.listener.WebEventListener  - Before Finding element: By.xpath: //div[@class='flex xs1 md1']
375978 [main] INFO utilities.listener.WebEventListener  - Before Finding element: By.xpath: //div[@class='flex xs1 md1']
2021-03-19/13:30:45.784  INFO: listener.WebEventListener - Before Finding element: By.xpath: //div[@class='flex xs1 md1']
376255 [main] INFO utilities.listener.WebEventListener  - Before Finding element: By.xpath: //div[@class='flex xs1 md1']
376255 [main] INFO utilities.listener.WebEventListener  - Before Finding element: By.xpath: //div[@class='flex xs1 md1']
2021-03-19/13:30:46.053  INFO: listener.WebEventListener - Before Finding element: By.xpath: //div[@class='flex xs1 md1']
376524 [main] INFO utilities.listener.WebEventListener  - Before Finding element: By.xpath: //div[@class='flex xs1 md1']
376524 [main] INFO utilities.listener.WebEventListener  - Before Finding element: By.xpath: //div[@class='flex xs1 md1']
2021-03-19/13:30:46.320  INFO: listener.WebEventListener - Before Finding element: By.xpath: //div[@class='flex xs1 md1']
376791 [main] INFO utilities.listener.WebEventListener  - Before Finding element: By.xpath: //div[@class='flex xs1 md1']
376791 [main] INFO utilities.listener.WebEventListener  - Before Finding element: By.xpath: //div[@class='flex xs1 md1']
2021-03-19/13:30:46.634  INFO: listener.WebEventListener - Before Finding element: By.xpath: //div[@class='flex xs1 md1']
377105 [main] INFO utilities.listener.WebEventListener  - Before Finding element: By.xpath: //div[@class='flex xs1 md1']
377105 [main] INFO utilities.listener.WebEventListener  - Before Finding element: By.xpath: //div[@class='flex xs1 md1']
2021-03-19/13:30:46.902  INFO: listener.WebEventListener - Before Finding element: By.xpath: //div[@class='flex xs1 md1']
377373 [main] INFO utilities.listener.WebEventListener  - Before Finding element: By.xpath: //div[@class='flex xs1 md1']
377373 [main] INFO utilities.listener.WebEventListener  - Before Finding element: By.xpath: //div[@class='flex xs1 md1']
2021-03-19/13:30:47.172  INFO: listener.WebEventListener - Before Finding element: By.xpath: //div[@class='flex xs1 md1']
377643 [main] INFO utilities.listener.WebEventListener  - Before Finding element: By.xpath: //div[@class='flex xs1 md1']
377643 [main] INFO utilities.listener.WebEventListener  - Before Finding element: By.xpath: //div[@class='flex xs1 md1']
2021-03-19/13:30:47.445  INFO: listener.WebEventListener - Before Finding element: By.xpath: //div[@class='flex xs1 md1']
377916 [main] INFO utilities.listener.WebEventListener  - Before Finding element: By.xpath: //div[@class='flex xs1 md1']
377916 [main] INFO utilities.listener.WebEventListener  - Before Finding element: By.xpath: //div[@class='flex xs1 md1']
2021-03-19/13:30:47.713  INFO: listener.WebEventListener - Before Finding element: By.xpath: //div[@class='flex xs1 md1']
378184 [main] INFO utilities.listener.WebEventListener  - Before Finding element: By.xpath: //div[@class='flex xs1 md1']
378184 [main] INFO utilities.listener.WebEventListener  - Before Finding element: By.xpath: //div[@class='flex xs1 md1']
2021-03-19/13:30:47.981  INFO: listener.WebEventListener - Before Finding element: By.xpath: //div[@class='flex xs1 md1']
378452 [main] INFO utilities.listener.WebEventListener  - Before Finding element: By.xpath: //div[@class='flex xs1 md1']
378452 [main] INFO utilities.listener.WebEventListener  - Before Finding element: By.xpath: //div[@class='flex xs1 md1']
2021-03-19/13:30:48.249  INFO: listener.WebEventListener - Before Finding element: By.xpath: //div[@class='flex xs1 md1']
378720 [main] INFO utilities.listener.WebEventListener  - Before Finding element: By.xpath: //div[@class='flex xs1 md1']
378720 [main] INFO utilities.listener.WebEventListener  - Before Finding element: By.xpath: //div[@class='flex xs1 md1']
2021-03-19/13:30:48.517  INFO: listener.WebEventListener - Before Finding element: By.xpath: //div[@class='flex xs1 md1']
378988 [main] INFO utilities.listener.WebEventListener  - Before Finding element: By.xpath: //div[@class='flex xs1 md1']
378988 [main] INFO utilities.listener.WebEventListener  - Before Finding element: By.xpath: //div[@class='flex xs1 md1']
2021-03-19/13:30:48.785  INFO: listener.WebEventListener - Before Finding element: By.xpath: //div[@class='flex xs1 md1']
379256 [main] INFO utilities.listener.WebEventListener  - Before Finding element: By.xpath: //div[@class='flex xs1 md1']
379256 [main] INFO utilities.listener.WebEventListener  - Before Finding element: By.xpath: //div[@class='flex xs1 md1']
2021-03-19/13:30:49.050  INFO: listener.WebEventListener - Before Finding element: By.xpath: //div[@class='flex xs1 md1']
379521 [main] INFO utilities.listener.WebEventListener  - Before Finding element: By.xpath: //div[@class='flex xs1 md1']
379521 [main] INFO utilities.listener.WebEventListener  - Before Finding element: By.xpath: //div[@class='flex xs1 md1']
2021-03-19/13:30:49.317  INFO: listener.WebEventListener - Before Finding element: By.xpath: //div[@class='flex xs1 md1']
379788 [main] INFO utilities.listener.WebEventListener  - Before Finding element: By.xpath: //div[@class='flex xs1 md1']
379788 [main] INFO utilities.listener.WebEventListener  - Before Finding element: By.xpath: //div[@class='flex xs1 md1']
2021-03-19/13:30:49.583  INFO: listener.WebEventListener - Before Finding element: By.xpath: //div[@class='flex xs1 md1']
380054 [main] INFO utilities.listener.WebEventListener  - Before Finding element: By.xpath: //div[@class='flex xs1 md1']
380054 [main] INFO utilities.listener.WebEventListener  - Before Finding element: By.xpath: //div[@class='flex xs1 md1']
2021-03-19/13:30:49.849  INFO: listener.WebEventListener - Before Finding element: By.xpath: //div[@class='flex xs1 md1']
380320 [main] INFO utilities.listener.WebEventListener  - Before Finding element: By.xpath: //div[@class='flex xs1 md1']
380320 [main] INFO utilities.listener.WebEventListener  - Before Finding element: By.xpath: //div[@class='flex xs1 md1']
2021-03-19/13:30:50.118  INFO: listener.WebEventListener - Before Finding element: By.xpath: //div[@class='flex xs1 md1']
380589 [main] INFO utilities.listener.WebEventListener  - Before Finding element: By.xpath: //div[@class='flex xs1 md1']
380589 [main] INFO utilities.listener.WebEventListener  - Before Finding element: By.xpath: //div[@class='flex xs1 md1']
2021-03-19/13:30:50.393  INFO: listener.WebEventListener - Before Finding element: By.xpath: //div[@class='flex xs1 md1']
380864 [main] INFO utilities.listener.WebEventListener  - Before Finding element: By.xpath: //div[@class='flex xs1 md1']
380864 [main] INFO utilities.listener.WebEventListener  - Before Finding element: By.xpath: //div[@class='flex xs1 md1']
2021-03-19/13:30:50.657  INFO: listener.WebEventListener - Before Finding element: By.xpath: //div[@class='flex xs1 md1']
381128 [main] INFO utilities.listener.WebEventListener  - Before Finding element: By.xpath: //div[@class='flex xs1 md1']
381128 [main] INFO utilities.listener.WebEventListener  - Before Finding element: By.xpath: //div[@class='flex xs1 md1']
2021-03-19/13:30:50.934  INFO: listener.WebEventListener - Before Finding element: By.xpath: //div[@class='flex xs1 md1']
381405 [main] INFO utilities.listener.WebEventListener  - Before Finding element: By.xpath: //div[@class='flex xs1 md1']
381405 [main] INFO utilities.listener.WebEventListener  - Before Finding element: By.xpath: //div[@class='flex xs1 md1']
2021-03-19/13:30:51.200  INFO: listener.WebEventListener - Before Finding element: By.xpath: //div[@class='flex xs1 md1']
381671 [main] INFO utilities.listener.WebEventListener  - Before Finding element: By.xpath: //div[@class='flex xs1 md1']
381671 [main] INFO utilities.listener.WebEventListener  - Before Finding element: By.xpath: //div[@class='flex xs1 md1']
2021-03-19/13:30:51.468  INFO: listener.WebEventListener - Before Finding element: By.xpath: //div[@class='flex xs1 md1']
381939 [main] INFO utilities.listener.WebEventListener  - Before Finding element: By.xpath: //div[@class='flex xs1 md1']
381939 [main] INFO utilities.listener.WebEventListener  - Before Finding element: By.xpath: //div[@class='flex xs1 md1']
2021-03-19/13:30:51.735  INFO: listener.WebEventListener - Before Finding element: By.xpath: //div[@class='flex xs1 md1']
382206 [main] INFO utilities.listener.WebEventListener  - Before Finding element: By.xpath: //div[@class='flex xs1 md1']
382206 [main] INFO utilities.listener.WebEventListener  - Before Finding element: By.xpath: //div[@class='flex xs1 md1']
2021-03-19/13:30:51.998  INFO: listener.WebEventListener - Before Finding element: By.xpath: //div[@class='flex xs1 md1']
382469 [main] INFO utilities.listener.WebEventListener  - Before Finding element: By.xpath: //div[@class='flex xs1 md1']
382469 [main] INFO utilities.listener.WebEventListener  - Before Finding element: By.xpath: //div[@class='flex xs1 md1']
2021-03-19/13:30:52.263  INFO: listener.WebEventListener - Before Finding element: By.xpath: //div[@class='flex xs1 md1']
382734 [main] INFO utilities.listener.WebEventListener  - Before Finding element: By.xpath: //div[@class='flex xs1 md1']
382734 [main] INFO utilities.listener.WebEventListener  - Before Finding element: By.xpath: //div[@class='flex xs1 md1']
2021-03-19/13:30:52.534  INFO: listener.WebEventListener - Before Finding element: By.xpath: //div[@class='flex xs1 md1']
383005 [main] INFO utilities.listener.WebEventListener  - Before Finding element: By.xpath: //div[@class='flex xs1 md1']
383005 [main] INFO utilities.listener.WebEventListener  - Before Finding element: By.xpath: //div[@class='flex xs1 md1']
2021-03-19/13:30:52.800  INFO: listener.WebEventListener - Before Finding element: By.xpath: //div[@class='flex xs1 md1']
383271 [main] INFO utilities.listener.WebEventListener  - Before Finding element: By.xpath: //div[@class='flex xs1 md1']
383271 [main] INFO utilities.listener.WebEventListener  - Before Finding element: By.xpath: //div[@class='flex xs1 md1']
2021-03-19/13:30:53.065  INFO: listener.WebEventListener - Before Finding element: By.xpath: //div[@class='flex xs1 md1']
383536 [main] INFO utilities.listener.WebEventListener  - Before Finding element: By.xpath: //div[@class='flex xs1 md1']
383536 [main] INFO utilities.listener.WebEventListener  - Before Finding element: By.xpath: //div[@class='flex xs1 md1']
2021-03-19/13:30:53.332  INFO: listener.WebEventListener - Before Finding element: By.xpath: //div[@class='flex xs1 md1']
383803 [main] INFO utilities.listener.WebEventListener  - Before Finding element: By.xpath: //div[@class='flex xs1 md1']
383803 [main] INFO utilities.listener.WebEventListener  - Before Finding element: By.xpath: //div[@class='flex xs1 md1']
2021-03-19/13:30:53.611  INFO: listener.WebEventListener - Before Finding element: By.xpath: //div[@class='flex xs1 md1']
384082 [main] INFO utilities.listener.WebEventListener  - Before Finding element: By.xpath: //div[@class='flex xs1 md1']
384082 [main] INFO utilities.listener.WebEventListener  - Before Finding element: By.xpath: //div[@class='flex xs1 md1']
2021-03-19/13:30:53.888  INFO: listener.WebEventListener - Before Finding element: By.xpath: //div[@class='flex xs1 md1']
384359 [main] INFO utilities.listener.WebEventListener  - Before Finding element: By.xpath: //div[@class='flex xs1 md1']
384359 [main] INFO utilities.listener.WebEventListener  - Before Finding element: By.xpath: //div[@class='flex xs1 md1']
2021-03-19/13:30:54.167  INFO: listener.WebEventListener - Before Finding element: By.xpath: //div[@class='flex xs1 md1']
384638 [main] INFO utilities.listener.WebEventListener  - Before Finding element: By.xpath: //div[@class='flex xs1 md1']
384638 [main] INFO utilities.listener.WebEventListener  - Before Finding element: By.xpath: //div[@class='flex xs1 md1']
2021-03-19/13:30:54.444  INFO: listener.WebEventListener - Before Finding element: By.xpath: //div[@class='flex xs1 md1']
384915 [main] INFO utilities.listener.WebEventListener  - Before Finding element: By.xpath: //div[@class='flex xs1 md1']
384915 [main] INFO utilities.listener.WebEventListener  - Before Finding element: By.xpath: //div[@class='flex xs1 md1']
2021-03-19/13:30:54.711  INFO: listener.WebEventListener - Before Finding element: By.xpath: //div[@class='flex xs1 md1']
385182 [main] INFO utilities.listener.WebEventListener  - Before Finding element: By.xpath: //div[@class='flex xs1 md1']
385182 [main] INFO utilities.listener.WebEventListener  - Before Finding element: By.xpath: //div[@class='flex xs1 md1']
2021-03-19/13:30:54.990  INFO: listener.WebEventListener - Before Finding element: By.xpath: //div[@class='flex xs1 md1']
385461 [main] INFO utilities.listener.WebEventListener  - Before Finding element: By.xpath: //div[@class='flex xs1 md1']
385461 [main] INFO utilities.listener.WebEventListener  - Before Finding element: By.xpath: //div[@class='flex xs1 md1']
2021-03-19/13:30:55.258  INFO: listener.WebEventListener - Before Finding element: By.xpath: //div[@class='flex xs1 md1']
385729 [main] INFO utilities.listener.WebEventListener  - Before Finding element: By.xpath: //div[@class='flex xs1 md1']
385729 [main] INFO utilities.listener.WebEventListener  - Before Finding element: By.xpath: //div[@class='flex xs1 md1']
2021-03-19/13:30:55.527  INFO: listener.WebEventListener - Before Finding element: By.xpath: //div[@class='flex xs1 md1']
385998 [main] INFO utilities.listener.WebEventListener  - Before Finding element: By.xpath: //div[@class='flex xs1 md1']
385998 [main] INFO utilities.listener.WebEventListener  - Before Finding element: By.xpath: //div[@class='flex xs1 md1']
2021-03-19/13:30:55.790  INFO: listener.WebEventListener - Before Finding element: By.xpath: //div[@class='flex xs1 md1']
386261 [main] INFO utilities.listener.WebEventListener  - Before Finding element: By.xpath: //div[@class='flex xs1 md1']
386261 [main] INFO utilities.listener.WebEventListener  - Before Finding element: By.xpath: //div[@class='flex xs1 md1']
2021-03-19/13:30:56.057  INFO: listener.WebEventListener - Before Finding element: By.xpath: //div[@class='flex xs1 md1']
386528 [main] INFO utilities.listener.WebEventListener  - Before Finding element: By.xpath: //div[@class='flex xs1 md1']
386528 [main] INFO utilities.listener.WebEventListener  - Before Finding element: By.xpath: //div[@class='flex xs1 md1']
2021-03-19/13:30:56.334  INFO: listener.WebEventListener - Before Finding element: By.xpath: //div[@class='flex xs1 md1']
386805 [main] INFO utilities.listener.WebEventListener  - Before Finding element: By.xpath: //div[@class='flex xs1 md1']
386805 [main] INFO utilities.listener.WebEventListener  - Before Finding element: By.xpath: //div[@class='flex xs1 md1']
2021-03-19/13:30:56.600  INFO: listener.WebEventListener - Before Finding element: By.xpath: //div[@class='flex xs1 md1']
387071 [main] INFO utilities.listener.WebEventListener  - Before Finding element: By.xpath: //div[@class='flex xs1 md1']
387071 [main] INFO utilities.listener.WebEventListener  - Before Finding element: By.xpath: //div[@class='flex xs1 md1']
2021-03-19/13:30:56.878  INFO: listener.WebEventListener - Before Finding element: By.xpath: //div[@class='flex xs1 md1']
387349 [main] INFO utilities.listener.WebEventListener  - Before Finding element: By.xpath: //div[@class='flex xs1 md1']
387349 [main] INFO utilities.listener.WebEventListener  - Before Finding element: By.xpath: //div[@class='flex xs1 md1']
2021-03-19/13:30:57.159  INFO: listener.WebEventListener - Before Finding element: By.xpath: //div[@class='flex xs1 md1']
387630 [main] INFO utilities.listener.WebEventListener  - Before Finding element: By.xpath: //div[@class='flex xs1 md1']
387630 [main] INFO utilities.listener.WebEventListener  - Before Finding element: By.xpath: //div[@class='flex xs1 md1']
2021-03-19/13:30:57.425  INFO: listener.WebEventListener - Before Finding element: By.xpath: //div[@class='flex xs1 md1']
387896 [main] INFO utilities.listener.WebEventListener  - Before Finding element: By.xpath: //div[@class='flex xs1 md1']
387896 [main] INFO utilities.listener.WebEventListener  - Before Finding element: By.xpath: //div[@class='flex xs1 md1']
2021-03-19/13:30:57.692  INFO: listener.WebEventListener - Before Finding element: By.xpath: //div[@class='flex xs1 md1']
388163 [main] INFO utilities.listener.WebEventListener  - Before Finding element: By.xpath: //div[@class='flex xs1 md1']
388163 [main] INFO utilities.listener.WebEventListener  - Before Finding element: By.xpath: //div[@class='flex xs1 md1']
2021-03-19/13:30:57.957  INFO: listener.WebEventListener - Before Finding element: By.xpath: //div[@class='flex xs1 md1']
388428 [main] INFO utilities.listener.WebEventListener  - Before Finding element: By.xpath: //div[@class='flex xs1 md1']
388428 [main] INFO utilities.listener.WebEventListener  - Before Finding element: By.xpath: //div[@class='flex xs1 md1']
2021-03-19/13:30:58.223  INFO: listener.WebEventListener - Before Finding element: By.xpath: //div[@class='flex xs1 md1']
388694 [main] INFO utilities.listener.WebEventListener  - Before Finding element: By.xpath: //div[@class='flex xs1 md1']
388694 [main] INFO utilities.listener.WebEventListener  - Before Finding element: By.xpath: //div[@class='flex xs1 md1']
2021-03-19/13:30:58.500  INFO: listener.WebEventListener - Before Finding element: By.xpath: //div[@class='flex xs1 md1']
388971 [main] INFO utilities.listener.WebEventListener  - Before Finding element: By.xpath: //div[@class='flex xs1 md1']
388971 [main] INFO utilities.listener.WebEventListener  - Before Finding element: By.xpath: //div[@class='flex xs1 md1']
2021-03-19/13:30:58.769  INFO: listener.WebEventListener - Before Finding element: By.xpath: //div[@class='flex xs1 md1']
389240 [main] INFO utilities.listener.WebEventListener  - Before Finding element: By.xpath: //div[@class='flex xs1 md1']
389240 [main] INFO utilities.listener.WebEventListener  - Before Finding element: By.xpath: //div[@class='flex xs1 md1']
2021-03-19/13:30:59.046  INFO: listener.WebEventListener - Before Finding element: By.xpath: //div[@class='flex xs1 md1']
389517 [main] INFO utilities.listener.WebEventListener  - Before Finding element: By.xpath: //div[@class='flex xs1 md1']
389517 [main] INFO utilities.listener.WebEventListener  - Before Finding element: By.xpath: //div[@class='flex xs1 md1']
2021-03-19/13:30:59.325  INFO: listener.WebEventListener - Before Finding element: By.xpath: //div[@class='flex xs1 md1']
389796 [main] INFO utilities.listener.WebEventListener  - Before Finding element: By.xpath: //div[@class='flex xs1 md1']
389796 [main] INFO utilities.listener.WebEventListener  - Before Finding element: By.xpath: //div[@class='flex xs1 md1']
2021-03-19/13:30:59.604  INFO: listener.WebEventListener - Before Finding element: By.xpath: //div[@class='flex xs1 md1']
390075 [main] INFO utilities.listener.WebEventListener  - Before Finding element: By.xpath: //div[@class='flex xs1 md1']
390075 [main] INFO utilities.listener.WebEventListener  - Before Finding element: By.xpath: //div[@class='flex xs1 md1']
2021-03-19/13:30:59.869  INFO: listener.WebEventListener - Before Finding element: By.xpath: //div[@class='flex xs1 md1']
390340 [main] INFO utilities.listener.WebEventListener  - Before Finding element: By.xpath: //div[@class='flex xs1 md1']
390340 [main] INFO utilities.listener.WebEventListener  - Before Finding element: By.xpath: //div[@class='flex xs1 md1']
2021-03-19/13:31:00.146  INFO: listener.WebEventListener - Before Finding element: By.xpath: //div[@class='flex xs1 md1']
390617 [main] INFO utilities.listener.WebEventListener  - Before Finding element: By.xpath: //div[@class='flex xs1 md1']
390617 [main] INFO utilities.listener.WebEventListener  - Before Finding element: By.xpath: //div[@class='flex xs1 md1']
2021-03-19/13:31:00.429  INFO: listener.WebEventListener - Before Finding element: By.xpath: //div[@class='flex xs1 md1']
390900 [main] INFO utilities.listener.WebEventListener  - Before Finding element: By.xpath: //div[@class='flex xs1 md1']
390900 [main] INFO utilities.listener.WebEventListener  - Before Finding element: By.xpath: //div[@class='flex xs1 md1']
2021-03-19/13:31:00.695  INFO: listener.WebEventListener - Before Finding element: By.xpath: //div[@class='flex xs1 md1']
391166 [main] INFO utilities.listener.WebEventListener  - Before Finding element: By.xpath: //div[@class='flex xs1 md1']
391166 [main] INFO utilities.listener.WebEventListener  - Before Finding element: By.xpath: //div[@class='flex xs1 md1']
2021-03-19/13:31:00.962  INFO: listener.WebEventListener - Before Finding element: By.xpath: //div[@class='flex xs1 md1']
391433 [main] INFO utilities.listener.WebEventListener  - Before Finding element: By.xpath: //div[@class='flex xs1 md1']
391433 [main] INFO utilities.listener.WebEventListener  - Before Finding element: By.xpath: //div[@class='flex xs1 md1']
2021-03-19/13:31:01.227  INFO: listener.WebEventListener - Before Finding element: By.xpath: //div[@class='flex xs1 md1']
391698 [main] INFO utilities.listener.WebEventListener  - Before Finding element: By.xpath: //div[@class='flex xs1 md1']
391698 [main] INFO utilities.listener.WebEventListener  - Before Finding element: By.xpath: //div[@class='flex xs1 md1']
2021-03-19/13:31:01.500  INFO: listener.WebEventListener - Before Finding element: By.xpath: //div[@class='flex xs1 md1']
391971 [main] INFO utilities.listener.WebEventListener  - Before Finding element: By.xpath: //div[@class='flex xs1 md1']
391971 [main] INFO utilities.listener.WebEventListener  - Before Finding element: By.xpath: //div[@class='flex xs1 md1']
2021-03-19/13:31:01.768  INFO: listener.WebEventListener - Before Finding element: By.xpath: //div[@class='flex xs1 md1']
392239 [main] INFO utilities.listener.WebEventListener  - Before Finding element: By.xpath: //div[@class='flex xs1 md1']
392239 [main] INFO utilities.listener.WebEventListener  - Before Finding element: By.xpath: //div[@class='flex xs1 md1']
2021-03-19/13:31:02.038  INFO: listener.WebEventListener - Before Finding element: By.xpath: //div[@class='flex xs1 md1']
392509 [main] INFO utilities.listener.WebEventListener  - Before Finding element: By.xpath: //div[@class='flex xs1 md1']
392509 [main] INFO utilities.listener.WebEventListener  - Before Finding element: By.xpath: //div[@class='flex xs1 md1']
2021-03-19/13:31:02.305  INFO: listener.WebEventListener - Before Finding element: By.xpath: //div[@class='flex xs1 md1']
392776 [main] INFO utilities.listener.WebEventListener  - Before Finding element: By.xpath: //div[@class='flex xs1 md1']
392776 [main] INFO utilities.listener.WebEventListener  - Before Finding element: By.xpath: //div[@class='flex xs1 md1']
2021-03-19/13:31:02.570  INFO: listener.WebEventListener - Before Finding element: By.xpath: //div[@class='flex xs1 md1']
393041 [main] INFO utilities.listener.WebEventListener  - Before Finding element: By.xpath: //div[@class='flex xs1 md1']
393041 [main] INFO utilities.listener.WebEventListener  - Before Finding element: By.xpath: //div[@class='flex xs1 md1']
2021-03-19/13:31:02.834  INFO: listener.WebEventListener - Before Finding element: By.xpath: //div[@class='flex xs1 md1']
393305 [main] INFO utilities.listener.WebEventListener  - Before Finding element: By.xpath: //div[@class='flex xs1 md1']
393305 [main] INFO utilities.listener.WebEventListener  - Before Finding element: By.xpath: //div[@class='flex xs1 md1']
2021-03-19/13:31:03.103  INFO: listener.WebEventListener - Before Finding element: By.xpath: //div[@class='flex xs1 md1']
393574 [main] INFO utilities.listener.WebEventListener  - Before Finding element: By.xpath: //div[@class='flex xs1 md1']
393574 [main] INFO utilities.listener.WebEventListener  - Before Finding element: By.xpath: //div[@class='flex xs1 md1']
2021-03-19/13:31:03.476  INFO: listener.WebEventListener - Before Finding element: By.xpath: //div[@class='flex xs1 md1']
393947 [main] INFO utilities.listener.WebEventListener  - Before Finding element: By.xpath: //div[@class='flex xs1 md1']
393947 [main] INFO utilities.listener.WebEventListener  - Before Finding element: By.xpath: //div[@class='flex xs1 md1']
2021-03-19/13:31:03.749  INFO: listener.WebEventListener - Before Finding element: By.xpath: //div[@class='flex xs1 md1']
394220 [main] INFO utilities.listener.WebEventListener  - Before Finding element: By.xpath: //div[@class='flex xs1 md1']
394220 [main] INFO utilities.listener.WebEventListener  - Before Finding element: By.xpath: //div[@class='flex xs1 md1']
2021-03-19/13:31:04.017  INFO: listener.WebEventListener - Before Finding element: By.xpath: //div[@class='flex xs1 md1']
394488 [main] INFO utilities.listener.WebEventListener  - Before Finding element: By.xpath: //div[@class='flex xs1 md1']
394488 [main] INFO utilities.listener.WebEventListener  - Before Finding element: By.xpath: //div[@class='flex xs1 md1']
2021-03-19/13:31:04.280  INFO: listener.WebEventListener - Before Finding element: By.xpath: //div[@class='flex xs1 md1']
394751 [main] INFO utilities.listener.WebEventListener  - Before Finding element: By.xpath: //div[@class='flex xs1 md1']
394751 [main] INFO utilities.listener.WebEventListener  - Before Finding element: By.xpath: //div[@class='flex xs1 md1']
2021-03-19/13:31:04.544  INFO: listener.WebEventListener - Before Finding element: By.xpath: //div[@class='flex xs1 md1']
395015 [main] INFO utilities.listener.WebEventListener  - Before Finding element: By.xpath: //div[@class='flex xs1 md1']
395015 [main] INFO utilities.listener.WebEventListener  - Before Finding element: By.xpath: //div[@class='flex xs1 md1']
2021-03-19/13:31:04.809  INFO: listener.WebEventListener - Before Finding element: By.xpath: //div[@class='flex xs1 md1']
395280 [main] INFO utilities.listener.WebEventListener  - Before Finding element: By.xpath: //div[@class='flex xs1 md1']
395280 [main] INFO utilities.listener.WebEventListener  - Before Finding element: By.xpath: //div[@class='flex xs1 md1']
2021-03-19/13:31:05.075  INFO: listener.WebEventListener - Before Finding element: By.xpath: //div[@class='flex xs1 md1']
395546 [main] INFO utilities.listener.WebEventListener  - Before Finding element: By.xpath: //div[@class='flex xs1 md1']
395546 [main] INFO utilities.listener.WebEventListener  - Before Finding element: By.xpath: //div[@class='flex xs1 md1']
2021-03-19/13:31:05.339  INFO: listener.WebEventListener - Before Finding element: By.xpath: //div[@class='flex xs1 md1']
395810 [main] INFO utilities.listener.WebEventListener  - Before Finding element: By.xpath: //div[@class='flex xs1 md1']
395810 [main] INFO utilities.listener.WebEventListener  - Before Finding element: By.xpath: //div[@class='flex xs1 md1']
2021-03-19/13:31:05.604  INFO: listener.WebEventListener - Before Finding element: By.xpath: //div[@class='flex xs1 md1']
396075 [main] INFO utilities.listener.WebEventListener  - Before Finding element: By.xpath: //div[@class='flex xs1 md1']
396075 [main] INFO utilities.listener.WebEventListener  - Before Finding element: By.xpath: //div[@class='flex xs1 md1']
2021-03-19/13:31:05.871  INFO: listener.WebEventListener - Before Finding element: By.xpath: //div[@class='flex xs1 md1']
396342 [main] INFO utilities.listener.WebEventListener  - Before Finding element: By.xpath: //div[@class='flex xs1 md1']
396342 [main] INFO utilities.listener.WebEventListener  - Before Finding element: By.xpath: //div[@class='flex xs1 md1']
2021-03-19/13:31:06.138  INFO: listener.WebEventListener - Before Finding element: By.xpath: //div[@class='flex xs1 md1']
396609 [main] INFO utilities.listener.WebEventListener  - Before Finding element: By.xpath: //div[@class='flex xs1 md1']
396609 [main] INFO utilities.listener.WebEventListener  - Before Finding element: By.xpath: //div[@class='flex xs1 md1']
2021-03-19/13:31:06.403  INFO: listener.WebEventListener - Before Finding element: By.xpath: //div[@class='flex xs1 md1']
396874 [main] INFO utilities.listener.WebEventListener  - Before Finding element: By.xpath: //div[@class='flex xs1 md1']
396874 [main] INFO utilities.listener.WebEventListener  - Before Finding element: By.xpath: //div[@class='flex xs1 md1']
2021-03-19/13:31:06.669  INFO: listener.WebEventListener - Before Finding element: By.xpath: //div[@class='flex xs1 md1']
397140 [main] INFO utilities.listener.WebEventListener  - Before Finding element: By.xpath: //div[@class='flex xs1 md1']
397140 [main] INFO utilities.listener.WebEventListener  - Before Finding element: By.xpath: //div[@class='flex xs1 md1']
2021-03-19/13:31:06.933  INFO: listener.WebEventListener - Before Finding element: By.xpath: //div[@class='flex xs1 md1']
397404 [main] INFO utilities.listener.WebEventListener  - Before Finding element: By.xpath: //div[@class='flex xs1 md1']
397404 [main] INFO utilities.listener.WebEventListener  - Before Finding element: By.xpath: //div[@class='flex xs1 md1']
2021-03-19/13:31:07.210  INFO: listener.WebEventListener - Before Finding element: By.xpath: //div[@class='flex xs1 md1']
397681 [main] INFO utilities.listener.WebEventListener  - Before Finding element: By.xpath: //div[@class='flex xs1 md1']
397681 [main] INFO utilities.listener.WebEventListener  - Before Finding element: By.xpath: //div[@class='flex xs1 md1']
2021-03-19/13:31:07.477  INFO: listener.WebEventListener - Before Finding element: By.xpath: //div[@class='flex xs1 md1']
397948 [main] INFO utilities.listener.WebEventListener  - Before Finding element: By.xpath: //div[@class='flex xs1 md1']
397948 [main] INFO utilities.listener.WebEventListener  - Before Finding element: By.xpath: //div[@class='flex xs1 md1']
2021-03-19/13:31:07.746  INFO: listener.WebEventListener - Before Finding element: By.xpath: //div[@class='flex xs1 md1']
398217 [main] INFO utilities.listener.WebEventListener  - Before Finding element: By.xpath: //div[@class='flex xs1 md1']
398217 [main] INFO utilities.listener.WebEventListener  - Before Finding element: By.xpath: //div[@class='flex xs1 md1']
2021-03-19/13:31:08.025  INFO: listener.WebEventListener - Before Finding element: By.xpath: //div[@class='flex xs1 md1']
398496 [main] INFO utilities.listener.WebEventListener  - Before Finding element: By.xpath: //div[@class='flex xs1 md1']
398496 [main] INFO utilities.listener.WebEventListener  - Before Finding element: By.xpath: //div[@class='flex xs1 md1']
2021-03-19/13:31:08.290  INFO: listener.WebEventListener - Before Finding element: By.xpath: //div[@class='flex xs1 md1']
398761 [main] INFO utilities.listener.WebEventListener  - Before Finding element: By.xpath: //div[@class='flex xs1 md1']
398761 [main] INFO utilities.listener.WebEventListener  - Before Finding element: By.xpath: //div[@class='flex xs1 md1']
2021-03-19/13:31:08.554  INFO: listener.WebEventListener - Before Finding element: By.xpath: //div[@class='flex xs1 md1']
399025 [main] INFO utilities.listener.WebEventListener  - Before Finding element: By.xpath: //div[@class='flex xs1 md1']
399025 [main] INFO utilities.listener.WebEventListener  - Before Finding element: By.xpath: //div[@class='flex xs1 md1']
2021-03-19/13:31:08.820  INFO: listener.WebEventListener - Before Finding element: By.xpath: //div[@class='flex xs1 md1']
399291 [main] INFO utilities.listener.WebEventListener  - Before Finding element: By.xpath: //div[@class='flex xs1 md1']
399291 [main] INFO utilities.listener.WebEventListener  - Before Finding element: By.xpath: //div[@class='flex xs1 md1']
2021-03-19/13:31:09.097  INFO: listener.WebEventListener - Before Finding element: By.xpath: //div[@class='flex xs1 md1']
399568 [main] INFO utilities.listener.WebEventListener  - Before Finding element: By.xpath: //div[@class='flex xs1 md1']
399568 [main] INFO utilities.listener.WebEventListener  - Before Finding element: By.xpath: //div[@class='flex xs1 md1']
2021-03-19/13:31:09.362  INFO: listener.WebEventListener - Before Finding element: By.xpath: //div[@class='flex xs1 md1']
399833 [main] INFO utilities.listener.WebEventListener  - Before Finding element: By.xpath: //div[@class='flex xs1 md1']
399833 [main] INFO utilities.listener.WebEventListener  - Before Finding element: By.xpath: //div[@class='flex xs1 md1']
2021-03-19/13:31:09.628  INFO: listener.WebEventListener - Before Finding element: By.xpath: //div[@class='flex xs1 md1']
400099 [main] INFO utilities.listener.WebEventListener  - Before Finding element: By.xpath: //div[@class='flex xs1 md1']
400099 [main] INFO utilities.listener.WebEventListener  - Before Finding element: By.xpath: //div[@class='flex xs1 md1']
2021-03-19/13:31:09.894  INFO: listener.WebEventListener - Before Finding element: By.xpath: //div[@class='flex xs1 md1']
400365 [main] INFO utilities.listener.WebEventListener  - Before Finding element: By.xpath: //div[@class='flex xs1 md1']
400365 [main] INFO utilities.listener.WebEventListener  - Before Finding element: By.xpath: //div[@class='flex xs1 md1']
2021-03-19/13:31:10.161  INFO: listener.WebEventListener - Before Finding element: By.xpath: //div[@class='flex xs1 md1']
400632 [main] INFO utilities.listener.WebEventListener  - Before Finding element: By.xpath: //div[@class='flex xs1 md1']
400632 [main] INFO utilities.listener.WebEventListener  - Before Finding element: By.xpath: //div[@class='flex xs1 md1']
2021-03-19/13:31:10.428  INFO: listener.WebEventListener - Before Finding element: By.xpath: //div[@class='flex xs1 md1']
400899 [main] INFO utilities.listener.WebEventListener  - Before Finding element: By.xpath: //div[@class='flex xs1 md1']
400899 [main] INFO utilities.listener.WebEventListener  - Before Finding element: By.xpath: //div[@class='flex xs1 md1']
2021-03-19/13:31:10.696  INFO: listener.WebEventListener - Before Finding element: By.xpath: //div[@class='flex xs1 md1']
401167 [main] INFO utilities.listener.WebEventListener  - Before Finding element: By.xpath: //div[@class='flex xs1 md1']
401167 [main] INFO utilities.listener.WebEventListener  - Before Finding element: By.xpath: //div[@class='flex xs1 md1']
I am in onTestFailure method clickOnConsignment failed
]]></system-out>
  </testcase>
  <testcase name="clickOnAccordian" classname="pages.TestPageConsignmentInbound" time="141.321">
    <failure message="Expected condition failed: waiting for element to be clickable: Proxy element for: AjaxElementLocator &apos;By.cssSelector: .v-expansion-panel__container:nth-child(5) .panel-header&apos; (tried for 60 second(s) with 500 milliseconds interval)" type="org.openqa.selenium.TimeoutException"><![CDATA[org.openqa.selenium.TimeoutException: Expected condition failed: waiting for element to be clickable: Proxy element for: AjaxElementLocator 'By.cssSelector: .v-expansion-panel__container:nth-child(5) .panel-header' (tried for 60 second(s) with 500 milliseconds interval)
	at pages.TestPageConsignmentInbound.clickOnAccordian(TestPageConsignmentInbound.java:43)
Caused by: org.openqa.selenium.NoSuchElementException: Timed out after 60 seconds. Unable to locate the element
	at pages.TestPageConsignmentInbound.clickOnAccordian(TestPageConsignmentInbound.java:43)
Caused by: org.openqa.selenium.NoSuchElementException: 
no such element: Unable to locate element: {"method":"css selector","selector":".v-expansion-panel__container:nth-child(5) .panel-header"}
  (Session info: headless chrome=89.0.4389.90)
For documentation on this error, please visit: https://www.seleniumhq.org/exceptions/no_such_element.html
Build info: version: '3.141.59', revision: 'e82be7d358', time: '2018-11-14T08:17:03'
System info: host: 'WJLP-1098', ip: '192.168.65.1', os.name: 'Windows 10', os.arch: 'amd64', os.version: '10.0', java.version: '11.0.7'
Driver info: org.openqa.selenium.chrome.ChromeDriver
Capabilities {acceptInsecureCerts: false, browserName: chrome, browserVersion: 89.0.4389.90, chrome: {chromedriverVersion: 89.0.4389.23 (61b08ee2c5002..., userDataDir: C:\Users\nasreenk\AppData\L...}, goog:chromeOptions: {debuggerAddress: localhost:53878}, javascriptEnabled: true, networkConnectionEnabled: false, pageLoadStrategy: none, platform: WINDOWS, platformName: WINDOWS, proxy: Proxy(), setWindowRect: true, strictFileInteractability: false, timeouts: {implicit: 0, pageLoad: 300000, script: 30000}, unhandledPromptBehavior: dismiss and notify, webauthn:extension:largeBlob: true, webauthn:virtualAuthenticators: true}
Session ID: 2c385f64303c21b7fc3507e4f9935a94
*** Element info: {Using=css selector, value=.v-expansion-panel__container:nth-child(5) .panel-header}
	at pages.TestPageConsignmentInbound.clickOnAccordian(TestPageConsignmentInbound.java:43)
]]></failure>
    <system-out><![CDATA[I am in onTestStart method clickOnAccordian start
2021-03-19/13:31:31.749  INFO: listener.WebEventListener - Before Finding element: By.cssSelector: .v-expansion-panel__container:nth-child(5) .panel-header
422220 [main] INFO utilities.listener.WebEventListener  - Before Finding element: By.cssSelector: .v-expansion-panel__container:nth-child(5) .panel-header
422220 [main] INFO utilities.listener.WebEventListener  - Before Finding element: By.cssSelector: .v-expansion-panel__container:nth-child(5) .panel-header
2021-03-19/13:31:31.787  INFO: listener.WebEventListener - Before Finding element: By.cssSelector: .v-expansion-panel__container:nth-child(5) .panel-header
422258 [main] INFO utilities.listener.WebEventListener  - Before Finding element: By.cssSelector: .v-expansion-panel__container:nth-child(5) .panel-header
422258 [main] INFO utilities.listener.WebEventListener  - Before Finding element: By.cssSelector: .v-expansion-panel__container:nth-child(5) .panel-header
2021-03-19/13:31:32.055  INFO: listener.WebEventListener - Before Finding element: By.cssSelector: .v-expansion-panel__container:nth-child(5) .panel-header
422526 [main] INFO utilities.listener.WebEventListener  - Before Finding element: By.cssSelector: .v-expansion-panel__container:nth-child(5) .panel-header
422526 [main] INFO utilities.listener.WebEventListener  - Before Finding element: By.cssSelector: .v-expansion-panel__container:nth-child(5) .panel-header
2021-03-19/13:31:32.352  INFO: listener.WebEventListener - Before Finding element: By.cssSelector: .v-expansion-panel__container:nth-child(5) .panel-header
422823 [main] INFO utilities.listener.WebEventListener  - Before Finding element: By.cssSelector: .v-expansion-panel__container:nth-child(5) .panel-header
422823 [main] INFO utilities.listener.WebEventListener  - Before Finding element: By.cssSelector: .v-expansion-panel__container:nth-child(5) .panel-header
2021-03-19/13:31:32.628  INFO: listener.WebEventListener - Before Finding element: By.cssSelector: .v-expansion-panel__container:nth-child(5) .panel-header
423099 [main] INFO utilities.listener.WebEventListener  - Before Finding element: By.cssSelector: .v-expansion-panel__container:nth-child(5) .panel-header
423099 [main] INFO utilities.listener.WebEventListener  - Before Finding element: By.cssSelector: .v-expansion-panel__container:nth-child(5) .panel-header
2021-03-19/13:31:32.896  INFO: listener.WebEventListener - Before Finding element: By.cssSelector: .v-expansion-panel__container:nth-child(5) .panel-header
423367 [main] INFO utilities.listener.WebEventListener  - Before Finding element: By.cssSelector: .v-expansion-panel__container:nth-child(5) .panel-header
423367 [main] INFO utilities.listener.WebEventListener  - Before Finding element: By.cssSelector: .v-expansion-panel__container:nth-child(5) .panel-header
2021-03-19/13:31:33.175  INFO: listener.WebEventListener - Before Finding element: By.cssSelector: .v-expansion-panel__container:nth-child(5) .panel-header
423646 [main] INFO utilities.listener.WebEventListener  - Before Finding element: By.cssSelector: .v-expansion-panel__container:nth-child(5) .panel-header
423646 [main] INFO utilities.listener.WebEventListener  - Before Finding element: By.cssSelector: .v-expansion-panel__container:nth-child(5) .panel-header
2021-03-19/13:31:33.444  INFO: listener.WebEventListener - Before Finding element: By.cssSelector: .v-expansion-panel__container:nth-child(5) .panel-header
423915 [main] INFO utilities.listener.WebEventListener  - Before Finding element: By.cssSelector: .v-expansion-panel__container:nth-child(5) .panel-header
423915 [main] INFO utilities.listener.WebEventListener  - Before Finding element: By.cssSelector: .v-expansion-panel__container:nth-child(5) .panel-header
2021-03-19/13:31:33.714  INFO: listener.WebEventListener - Before Finding element: By.cssSelector: .v-expansion-panel__container:nth-child(5) .panel-header
424185 [main] INFO utilities.listener.WebEventListener  - Before Finding element: By.cssSelector: .v-expansion-panel__container:nth-child(5) .panel-header
424185 [main] INFO utilities.listener.WebEventListener  - Before Finding element: By.cssSelector: .v-expansion-panel__container:nth-child(5) .panel-header
2021-03-19/13:31:33.981  INFO: listener.WebEventListener - Before Finding element: By.cssSelector: .v-expansion-panel__container:nth-child(5) .panel-header
424452 [main] INFO utilities.listener.WebEventListener  - Before Finding element: By.cssSelector: .v-expansion-panel__container:nth-child(5) .panel-header
424452 [main] INFO utilities.listener.WebEventListener  - Before Finding element: By.cssSelector: .v-expansion-panel__container:nth-child(5) .panel-header
2021-03-19/13:31:34.252  INFO: listener.WebEventListener - Before Finding element: By.cssSelector: .v-expansion-panel__container:nth-child(5) .panel-header
424723 [main] INFO utilities.listener.WebEventListener  - Before Finding element: By.cssSelector: .v-expansion-panel__container:nth-child(5) .panel-header
424723 [main] INFO utilities.listener.WebEventListener  - Before Finding element: By.cssSelector: .v-expansion-panel__container:nth-child(5) .panel-header
2021-03-19/13:31:34.528  INFO: listener.WebEventListener - Before Finding element: By.cssSelector: .v-expansion-panel__container:nth-child(5) .panel-header
424999 [main] INFO utilities.listener.WebEventListener  - Before Finding element: By.cssSelector: .v-expansion-panel__container:nth-child(5) .panel-header
424999 [main] INFO utilities.listener.WebEventListener  - Before Finding element: By.cssSelector: .v-expansion-panel__container:nth-child(5) .panel-header
2021-03-19/13:31:34.865  INFO: listener.WebEventListener - Before Finding element: By.cssSelector: .v-expansion-panel__container:nth-child(5) .panel-header
425336 [main] INFO utilities.listener.WebEventListener  - Before Finding element: By.cssSelector: .v-expansion-panel__container:nth-child(5) .panel-header
425336 [main] INFO utilities.listener.WebEventListener  - Before Finding element: By.cssSelector: .v-expansion-panel__container:nth-child(5) .panel-header
2021-03-19/13:31:35.135  INFO: listener.WebEventListener - Before Finding element: By.cssSelector: .v-expansion-panel__container:nth-child(5) .panel-header
425606 [main] INFO utilities.listener.WebEventListener  - Before Finding element: By.cssSelector: .v-expansion-panel__container:nth-child(5) .panel-header
425606 [main] INFO utilities.listener.WebEventListener  - Before Finding element: By.cssSelector: .v-expansion-panel__container:nth-child(5) .panel-header
2021-03-19/13:31:35.409  INFO: listener.WebEventListener - Before Finding element: By.cssSelector: .v-expansion-panel__container:nth-child(5) .panel-header
425880 [main] INFO utilities.listener.WebEventListener  - Before Finding element: By.cssSelector: .v-expansion-panel__container:nth-child(5) .panel-header
425880 [main] INFO utilities.listener.WebEventListener  - Before Finding element: By.cssSelector: .v-expansion-panel__container:nth-child(5) .panel-header
2021-03-19/13:31:35.700  INFO: listener.WebEventListener - Before Finding element: By.cssSelector: .v-expansion-panel__container:nth-child(5) .panel-header
426171 [main] INFO utilities.listener.WebEventListener  - Before Finding element: By.cssSelector: .v-expansion-panel__container:nth-child(5) .panel-header
426171 [main] INFO utilities.listener.WebEventListener  - Before Finding element: By.cssSelector: .v-expansion-panel__container:nth-child(5) .panel-header
2021-03-19/13:31:35.970  INFO: listener.WebEventListener - Before Finding element: By.cssSelector: .v-expansion-panel__container:nth-child(5) .panel-header
426441 [main] INFO utilities.listener.WebEventListener  - Before Finding element: By.cssSelector: .v-expansion-panel__container:nth-child(5) .panel-header
426441 [main] INFO utilities.listener.WebEventListener  - Before Finding element: By.cssSelector: .v-expansion-panel__container:nth-child(5) .panel-header
2021-03-19/13:31:36.239  INFO: listener.WebEventListener - Before Finding element: By.cssSelector: .v-expansion-panel__container:nth-child(5) .panel-header
426710 [main] INFO utilities.listener.WebEventListener  - Before Finding element: By.cssSelector: .v-expansion-panel__container:nth-child(5) .panel-header
426710 [main] INFO utilities.listener.WebEventListener  - Before Finding element: By.cssSelector: .v-expansion-panel__container:nth-child(5) .panel-header
2021-03-19/13:31:36.506  INFO: listener.WebEventListener - Before Finding element: By.cssSelector: .v-expansion-panel__container:nth-child(5) .panel-header
426977 [main] INFO utilities.listener.WebEventListener  - Before Finding element: By.cssSelector: .v-expansion-panel__container:nth-child(5) .panel-header
426977 [main] INFO utilities.listener.WebEventListener  - Before Finding element: By.cssSelector: .v-expansion-panel__container:nth-child(5) .panel-header
2021-03-19/13:31:36.769  INFO: listener.WebEventListener - Before Finding element: By.cssSelector: .v-expansion-panel__container:nth-child(5) .panel-header
427240 [main] INFO utilities.listener.WebEventListener  - Before Finding element: By.cssSelector: .v-expansion-panel__container:nth-child(5) .panel-header
427240 [main] INFO utilities.listener.WebEventListener  - Before Finding element: By.cssSelector: .v-expansion-panel__container:nth-child(5) .panel-header
2021-03-19/13:31:37.112  INFO: listener.WebEventListener - Before Finding element: By.cssSelector: .v-expansion-panel__container:nth-child(5) .panel-header
427583 [main] INFO utilities.listener.WebEventListener  - Before Finding element: By.cssSelector: .v-expansion-panel__container:nth-child(5) .panel-header
427583 [main] INFO utilities.listener.WebEventListener  - Before Finding element: By.cssSelector: .v-expansion-panel__container:nth-child(5) .panel-header
2021-03-19/13:31:37.660  INFO: listener.WebEventListener - Before Finding element: By.cssSelector: .v-expansion-panel__container:nth-child(5) .panel-header
428131 [main] INFO utilities.listener.WebEventListener  - Before Finding element: By.cssSelector: .v-expansion-panel__container:nth-child(5) .panel-header
428131 [main] INFO utilities.listener.WebEventListener  - Before Finding element: By.cssSelector: .v-expansion-panel__container:nth-child(5) .panel-header
2021-03-19/13:31:37.931  INFO: listener.WebEventListener - Before Finding element: By.cssSelector: .v-expansion-panel__container:nth-child(5) .panel-header
428402 [main] INFO utilities.listener.WebEventListener  - Before Finding element: By.cssSelector: .v-expansion-panel__container:nth-child(5) .panel-header
428402 [main] INFO utilities.listener.WebEventListener  - Before Finding element: By.cssSelector: .v-expansion-panel__container:nth-child(5) .panel-header
2021-03-19/13:31:38.197  INFO: listener.WebEventListener - Before Finding element: By.cssSelector: .v-expansion-panel__container:nth-child(5) .panel-header
428668 [main] INFO utilities.listener.WebEventListener  - Before Finding element: By.cssSelector: .v-expansion-panel__container:nth-child(5) .panel-header
428668 [main] INFO utilities.listener.WebEventListener  - Before Finding element: By.cssSelector: .v-expansion-panel__container:nth-child(5) .panel-header
2021-03-19/13:31:38.470  INFO: listener.WebEventListener - Before Finding element: By.cssSelector: .v-expansion-panel__container:nth-child(5) .panel-header
428941 [main] INFO utilities.listener.WebEventListener  - Before Finding element: By.cssSelector: .v-expansion-panel__container:nth-child(5) .panel-header
428941 [main] INFO utilities.listener.WebEventListener  - Before Finding element: By.cssSelector: .v-expansion-panel__container:nth-child(5) .panel-header
2021-03-19/13:31:38.739  INFO: listener.WebEventListener - Before Finding element: By.cssSelector: .v-expansion-panel__container:nth-child(5) .panel-header
429210 [main] INFO utilities.listener.WebEventListener  - Before Finding element: By.cssSelector: .v-expansion-panel__container:nth-child(5) .panel-header
429210 [main] INFO utilities.listener.WebEventListener  - Before Finding element: By.cssSelector: .v-expansion-panel__container:nth-child(5) .panel-header
2021-03-19/13:31:39.006  INFO: listener.WebEventListener - Before Finding element: By.cssSelector: .v-expansion-panel__container:nth-child(5) .panel-header
429477 [main] INFO utilities.listener.WebEventListener  - Before Finding element: By.cssSelector: .v-expansion-panel__container:nth-child(5) .panel-header
429477 [main] INFO utilities.listener.WebEventListener  - Before Finding element: By.cssSelector: .v-expansion-panel__container:nth-child(5) .panel-header
2021-03-19/13:31:39.282  INFO: listener.WebEventListener - Before Finding element: By.cssSelector: .v-expansion-panel__container:nth-child(5) .panel-header
429753 [main] INFO utilities.listener.WebEventListener  - Before Finding element: By.cssSelector: .v-expansion-panel__container:nth-child(5) .panel-header
429753 [main] INFO utilities.listener.WebEventListener  - Before Finding element: By.cssSelector: .v-expansion-panel__container:nth-child(5) .panel-header
2021-03-19/13:31:39.547  INFO: listener.WebEventListener - Before Finding element: By.cssSelector: .v-expansion-panel__container:nth-child(5) .panel-header
430018 [main] INFO utilities.listener.WebEventListener  - Before Finding element: By.cssSelector: .v-expansion-panel__container:nth-child(5) .panel-header
430018 [main] INFO utilities.listener.WebEventListener  - Before Finding element: By.cssSelector: .v-expansion-panel__container:nth-child(5) .panel-header
2021-03-19/13:31:39.813  INFO: listener.WebEventListener - Before Finding element: By.cssSelector: .v-expansion-panel__container:nth-child(5) .panel-header
430284 [main] INFO utilities.listener.WebEventListener  - Before Finding element: By.cssSelector: .v-expansion-panel__container:nth-child(5) .panel-header
430284 [main] INFO utilities.listener.WebEventListener  - Before Finding element: By.cssSelector: .v-expansion-panel__container:nth-child(5) .panel-header
2021-03-19/13:31:40.077  INFO: listener.WebEventListener - Before Finding element: By.cssSelector: .v-expansion-panel__container:nth-child(5) .panel-header
430548 [main] INFO utilities.listener.WebEventListener  - Before Finding element: By.cssSelector: .v-expansion-panel__container:nth-child(5) .panel-header
430548 [main] INFO utilities.listener.WebEventListener  - Before Finding element: By.cssSelector: .v-expansion-panel__container:nth-child(5) .panel-header
2021-03-19/13:31:40.351  INFO: listener.WebEventListener - Before Finding element: By.cssSelector: .v-expansion-panel__container:nth-child(5) .panel-header
430822 [main] INFO utilities.listener.WebEventListener  - Before Finding element: By.cssSelector: .v-expansion-panel__container:nth-child(5) .panel-header
430822 [main] INFO utilities.listener.WebEventListener  - Before Finding element: By.cssSelector: .v-expansion-panel__container:nth-child(5) .panel-header
2021-03-19/13:31:40.631  INFO: listener.WebEventListener - Before Finding element: By.cssSelector: .v-expansion-panel__container:nth-child(5) .panel-header
431102 [main] INFO utilities.listener.WebEventListener  - Before Finding element: By.cssSelector: .v-expansion-panel__container:nth-child(5) .panel-header
431102 [main] INFO utilities.listener.WebEventListener  - Before Finding element: By.cssSelector: .v-expansion-panel__container:nth-child(5) .panel-header
2021-03-19/13:31:40.896  INFO: listener.WebEventListener - Before Finding element: By.cssSelector: .v-expansion-panel__container:nth-child(5) .panel-header
431367 [main] INFO utilities.listener.WebEventListener  - Before Finding element: By.cssSelector: .v-expansion-panel__container:nth-child(5) .panel-header
431367 [main] INFO utilities.listener.WebEventListener  - Before Finding element: By.cssSelector: .v-expansion-panel__container:nth-child(5) .panel-header
2021-03-19/13:31:41.162  INFO: listener.WebEventListener - Before Finding element: By.cssSelector: .v-expansion-panel__container:nth-child(5) .panel-header
431633 [main] INFO utilities.listener.WebEventListener  - Before Finding element: By.cssSelector: .v-expansion-panel__container:nth-child(5) .panel-header
431633 [main] INFO utilities.listener.WebEventListener  - Before Finding element: By.cssSelector: .v-expansion-panel__container:nth-child(5) .panel-header
2021-03-19/13:31:41.428  INFO: listener.WebEventListener - Before Finding element: By.cssSelector: .v-expansion-panel__container:nth-child(5) .panel-header
431899 [main] INFO utilities.listener.WebEventListener  - Before Finding element: By.cssSelector: .v-expansion-panel__container:nth-child(5) .panel-header
431899 [main] INFO utilities.listener.WebEventListener  - Before Finding element: By.cssSelector: .v-expansion-panel__container:nth-child(5) .panel-header
2021-03-19/13:31:41.697  INFO: listener.WebEventListener - Before Finding element: By.cssSelector: .v-expansion-panel__container:nth-child(5) .panel-header
432168 [main] INFO utilities.listener.WebEventListener  - Before Finding element: By.cssSelector: .v-expansion-panel__container:nth-child(5) .panel-header
432168 [main] INFO utilities.listener.WebEventListener  - Before Finding element: By.cssSelector: .v-expansion-panel__container:nth-child(5) .panel-header
2021-03-19/13:31:41.964  INFO: listener.WebEventListener - Before Finding element: By.cssSelector: .v-expansion-panel__container:nth-child(5) .panel-header
432435 [main] INFO utilities.listener.WebEventListener  - Before Finding element: By.cssSelector: .v-expansion-panel__container:nth-child(5) .panel-header
432435 [main] INFO utilities.listener.WebEventListener  - Before Finding element: By.cssSelector: .v-expansion-panel__container:nth-child(5) .panel-header
2021-03-19/13:31:42.230  INFO: listener.WebEventListener - Before Finding element: By.cssSelector: .v-expansion-panel__container:nth-child(5) .panel-header
432701 [main] INFO utilities.listener.WebEventListener  - Before Finding element: By.cssSelector: .v-expansion-panel__container:nth-child(5) .panel-header
432701 [main] INFO utilities.listener.WebEventListener  - Before Finding element: By.cssSelector: .v-expansion-panel__container:nth-child(5) .panel-header
2021-03-19/13:31:42.496  INFO: listener.WebEventListener - Before Finding element: By.cssSelector: .v-expansion-panel__container:nth-child(5) .panel-header
432967 [main] INFO utilities.listener.WebEventListener  - Before Finding element: By.cssSelector: .v-expansion-panel__container:nth-child(5) .panel-header
432967 [main] INFO utilities.listener.WebEventListener  - Before Finding element: By.cssSelector: .v-expansion-panel__container:nth-child(5) .panel-header
2021-03-19/13:31:42.763  INFO: listener.WebEventListener - Before Finding element: By.cssSelector: .v-expansion-panel__container:nth-child(5) .panel-header
433234 [main] INFO utilities.listener.WebEventListener  - Before Finding element: By.cssSelector: .v-expansion-panel__container:nth-child(5) .panel-header
433234 [main] INFO utilities.listener.WebEventListener  - Before Finding element: By.cssSelector: .v-expansion-panel__container:nth-child(5) .panel-header
2021-03-19/13:31:43.027  INFO: listener.WebEventListener - Before Finding element: By.cssSelector: .v-expansion-panel__container:nth-child(5) .panel-header
433498 [main] INFO utilities.listener.WebEventListener  - Before Finding element: By.cssSelector: .v-expansion-panel__container:nth-child(5) .panel-header
433498 [main] INFO utilities.listener.WebEventListener  - Before Finding element: By.cssSelector: .v-expansion-panel__container:nth-child(5) .panel-header
2021-03-19/13:31:43.294  INFO: listener.WebEventListener - Before Finding element: By.cssSelector: .v-expansion-panel__container:nth-child(5) .panel-header
433765 [main] INFO utilities.listener.WebEventListener  - Before Finding element: By.cssSelector: .v-expansion-panel__container:nth-child(5) .panel-header
433765 [main] INFO utilities.listener.WebEventListener  - Before Finding element: By.cssSelector: .v-expansion-panel__container:nth-child(5) .panel-header
2021-03-19/13:31:43.563  INFO: listener.WebEventListener - Before Finding element: By.cssSelector: .v-expansion-panel__container:nth-child(5) .panel-header
434034 [main] INFO utilities.listener.WebEventListener  - Before Finding element: By.cssSelector: .v-expansion-panel__container:nth-child(5) .panel-header
434034 [main] INFO utilities.listener.WebEventListener  - Before Finding element: By.cssSelector: .v-expansion-panel__container:nth-child(5) .panel-header
2021-03-19/13:31:43.830  INFO: listener.WebEventListener - Before Finding element: By.cssSelector: .v-expansion-panel__container:nth-child(5) .panel-header
434301 [main] INFO utilities.listener.WebEventListener  - Before Finding element: By.cssSelector: .v-expansion-panel__container:nth-child(5) .panel-header
434301 [main] INFO utilities.listener.WebEventListener  - Before Finding element: By.cssSelector: .v-expansion-panel__container:nth-child(5) .panel-header
2021-03-19/13:31:44.095  INFO: listener.WebEventListener - Before Finding element: By.cssSelector: .v-expansion-panel__container:nth-child(5) .panel-header
434566 [main] INFO utilities.listener.WebEventListener  - Before Finding element: By.cssSelector: .v-expansion-panel__container:nth-child(5) .panel-header
434566 [main] INFO utilities.listener.WebEventListener  - Before Finding element: By.cssSelector: .v-expansion-panel__container:nth-child(5) .panel-header
2021-03-19/13:31:44.365  INFO: listener.WebEventListener - Before Finding element: By.cssSelector: .v-expansion-panel__container:nth-child(5) .panel-header
434836 [main] INFO utilities.listener.WebEventListener  - Before Finding element: By.cssSelector: .v-expansion-panel__container:nth-child(5) .panel-header
434836 [main] INFO utilities.listener.WebEventListener  - Before Finding element: By.cssSelector: .v-expansion-panel__container:nth-child(5) .panel-header
2021-03-19/13:31:44.632  INFO: listener.WebEventListener - Before Finding element: By.cssSelector: .v-expansion-panel__container:nth-child(5) .panel-header
435103 [main] INFO utilities.listener.WebEventListener  - Before Finding element: By.cssSelector: .v-expansion-panel__container:nth-child(5) .panel-header
435103 [main] INFO utilities.listener.WebEventListener  - Before Finding element: By.cssSelector: .v-expansion-panel__container:nth-child(5) .panel-header
2021-03-19/13:31:44.911  INFO: listener.WebEventListener - Before Finding element: By.cssSelector: .v-expansion-panel__container:nth-child(5) .panel-header
435382 [main] INFO utilities.listener.WebEventListener  - Before Finding element: By.cssSelector: .v-expansion-panel__container:nth-child(5) .panel-header
435382 [main] INFO utilities.listener.WebEventListener  - Before Finding element: By.cssSelector: .v-expansion-panel__container:nth-child(5) .panel-header
2021-03-19/13:31:45.185  INFO: listener.WebEventListener - Before Finding element: By.cssSelector: .v-expansion-panel__container:nth-child(5) .panel-header
435656 [main] INFO utilities.listener.WebEventListener  - Before Finding element: By.cssSelector: .v-expansion-panel__container:nth-child(5) .panel-header
435656 [main] INFO utilities.listener.WebEventListener  - Before Finding element: By.cssSelector: .v-expansion-panel__container:nth-child(5) .panel-header
2021-03-19/13:31:45.454  INFO: listener.WebEventListener - Before Finding element: By.cssSelector: .v-expansion-panel__container:nth-child(5) .panel-header
435925 [main] INFO utilities.listener.WebEventListener  - Before Finding element: By.cssSelector: .v-expansion-panel__container:nth-child(5) .panel-header
435925 [main] INFO utilities.listener.WebEventListener  - Before Finding element: By.cssSelector: .v-expansion-panel__container:nth-child(5) .panel-header
2021-03-19/13:31:45.727  INFO: listener.WebEventListener - Before Finding element: By.cssSelector: .v-expansion-panel__container:nth-child(5) .panel-header
436198 [main] INFO utilities.listener.WebEventListener  - Before Finding element: By.cssSelector: .v-expansion-panel__container:nth-child(5) .panel-header
436198 [main] INFO utilities.listener.WebEventListener  - Before Finding element: By.cssSelector: .v-expansion-panel__container:nth-child(5) .panel-header
2021-03-19/13:31:45.990  INFO: listener.WebEventListener - Before Finding element: By.cssSelector: .v-expansion-panel__container:nth-child(5) .panel-header
436461 [main] INFO utilities.listener.WebEventListener  - Before Finding element: By.cssSelector: .v-expansion-panel__container:nth-child(5) .panel-header
436461 [main] INFO utilities.listener.WebEventListener  - Before Finding element: By.cssSelector: .v-expansion-panel__container:nth-child(5) .panel-header
2021-03-19/13:31:46.257  INFO: listener.WebEventListener - Before Finding element: By.cssSelector: .v-expansion-panel__container:nth-child(5) .panel-header
436728 [main] INFO utilities.listener.WebEventListener  - Before Finding element: By.cssSelector: .v-expansion-panel__container:nth-child(5) .panel-header
436728 [main] INFO utilities.listener.WebEventListener  - Before Finding element: By.cssSelector: .v-expansion-panel__container:nth-child(5) .panel-header
2021-03-19/13:31:46.525  INFO: listener.WebEventListener - Before Finding element: By.cssSelector: .v-expansion-panel__container:nth-child(5) .panel-header
436996 [main] INFO utilities.listener.WebEventListener  - Before Finding element: By.cssSelector: .v-expansion-panel__container:nth-child(5) .panel-header
436996 [main] INFO utilities.listener.WebEventListener  - Before Finding element: By.cssSelector: .v-expansion-panel__container:nth-child(5) .panel-header
2021-03-19/13:31:46.794  INFO: listener.WebEventListener - Before Finding element: By.cssSelector: .v-expansion-panel__container:nth-child(5) .panel-header
437265 [main] INFO utilities.listener.WebEventListener  - Before Finding element: By.cssSelector: .v-expansion-panel__container:nth-child(5) .panel-header
437265 [main] INFO utilities.listener.WebEventListener  - Before Finding element: By.cssSelector: .v-expansion-panel__container:nth-child(5) .panel-header
2021-03-19/13:31:47.062  INFO: listener.WebEventListener - Before Finding element: By.cssSelector: .v-expansion-panel__container:nth-child(5) .panel-header
437533 [main] INFO utilities.listener.WebEventListener  - Before Finding element: By.cssSelector: .v-expansion-panel__container:nth-child(5) .panel-header
437533 [main] INFO utilities.listener.WebEventListener  - Before Finding element: By.cssSelector: .v-expansion-panel__container:nth-child(5) .panel-header
2021-03-19/13:31:47.336  INFO: listener.WebEventListener - Before Finding element: By.cssSelector: .v-expansion-panel__container:nth-child(5) .panel-header
437807 [main] INFO utilities.listener.WebEventListener  - Before Finding element: By.cssSelector: .v-expansion-panel__container:nth-child(5) .panel-header
437807 [main] INFO utilities.listener.WebEventListener  - Before Finding element: By.cssSelector: .v-expansion-panel__container:nth-child(5) .panel-header
2021-03-19/13:31:47.610  INFO: listener.WebEventListener - Before Finding element: By.cssSelector: .v-expansion-panel__container:nth-child(5) .panel-header
438081 [main] INFO utilities.listener.WebEventListener  - Before Finding element: By.cssSelector: .v-expansion-panel__container:nth-child(5) .panel-header
438081 [main] INFO utilities.listener.WebEventListener  - Before Finding element: By.cssSelector: .v-expansion-panel__container:nth-child(5) .panel-header
2021-03-19/13:31:47.878  INFO: listener.WebEventListener - Before Finding element: By.cssSelector: .v-expansion-panel__container:nth-child(5) .panel-header
438349 [main] INFO utilities.listener.WebEventListener  - Before Finding element: By.cssSelector: .v-expansion-panel__container:nth-child(5) .panel-header
438349 [main] INFO utilities.listener.WebEventListener  - Before Finding element: By.cssSelector: .v-expansion-panel__container:nth-child(5) .panel-header
2021-03-19/13:31:48.145  INFO: listener.WebEventListener - Before Finding element: By.cssSelector: .v-expansion-panel__container:nth-child(5) .panel-header
438616 [main] INFO utilities.listener.WebEventListener  - Before Finding element: By.cssSelector: .v-expansion-panel__container:nth-child(5) .panel-header
438616 [main] INFO utilities.listener.WebEventListener  - Before Finding element: By.cssSelector: .v-expansion-panel__container:nth-child(5) .panel-header
2021-03-19/13:31:48.418  INFO: listener.WebEventListener - Before Finding element: By.cssSelector: .v-expansion-panel__container:nth-child(5) .panel-header
438889 [main] INFO utilities.listener.WebEventListener  - Before Finding element: By.cssSelector: .v-expansion-panel__container:nth-child(5) .panel-header
438889 [main] INFO utilities.listener.WebEventListener  - Before Finding element: By.cssSelector: .v-expansion-panel__container:nth-child(5) .panel-header
2021-03-19/13:31:48.685  INFO: listener.WebEventListener - Before Finding element: By.cssSelector: .v-expansion-panel__container:nth-child(5) .panel-header
439156 [main] INFO utilities.listener.WebEventListener  - Before Finding element: By.cssSelector: .v-expansion-panel__container:nth-child(5) .panel-header
439156 [main] INFO utilities.listener.WebEventListener  - Before Finding element: By.cssSelector: .v-expansion-panel__container:nth-child(5) .panel-header
2021-03-19/13:31:48.950  INFO: listener.WebEventListener - Before Finding element: By.cssSelector: .v-expansion-panel__container:nth-child(5) .panel-header
439421 [main] INFO utilities.listener.WebEventListener  - Before Finding element: By.cssSelector: .v-expansion-panel__container:nth-child(5) .panel-header
439421 [main] INFO utilities.listener.WebEventListener  - Before Finding element: By.cssSelector: .v-expansion-panel__container:nth-child(5) .panel-header
2021-03-19/13:31:49.218  INFO: listener.WebEventListener - Before Finding element: By.cssSelector: .v-expansion-panel__container:nth-child(5) .panel-header
439689 [main] INFO utilities.listener.WebEventListener  - Before Finding element: By.cssSelector: .v-expansion-panel__container:nth-child(5) .panel-header
439689 [main] INFO utilities.listener.WebEventListener  - Before Finding element: By.cssSelector: .v-expansion-panel__container:nth-child(5) .panel-header
2021-03-19/13:31:49.483  INFO: listener.WebEventListener - Before Finding element: By.cssSelector: .v-expansion-panel__container:nth-child(5) .panel-header
439954 [main] INFO utilities.listener.WebEventListener  - Before Finding element: By.cssSelector: .v-expansion-panel__container:nth-child(5) .panel-header
439954 [main] INFO utilities.listener.WebEventListener  - Before Finding element: By.cssSelector: .v-expansion-panel__container:nth-child(5) .panel-header
2021-03-19/13:31:49.749  INFO: listener.WebEventListener - Before Finding element: By.cssSelector: .v-expansion-panel__container:nth-child(5) .panel-header
440220 [main] INFO utilities.listener.WebEventListener  - Before Finding element: By.cssSelector: .v-expansion-panel__container:nth-child(5) .panel-header
440220 [main] INFO utilities.listener.WebEventListener  - Before Finding element: By.cssSelector: .v-expansion-panel__container:nth-child(5) .panel-header
2021-03-19/13:31:50.013  INFO: listener.WebEventListener - Before Finding element: By.cssSelector: .v-expansion-panel__container:nth-child(5) .panel-header
440484 [main] INFO utilities.listener.WebEventListener  - Before Finding element: By.cssSelector: .v-expansion-panel__container:nth-child(5) .panel-header
440484 [main] INFO utilities.listener.WebEventListener  - Before Finding element: By.cssSelector: .v-expansion-panel__container:nth-child(5) .panel-header
2021-03-19/13:31:50.281  INFO: listener.WebEventListener - Before Finding element: By.cssSelector: .v-expansion-panel__container:nth-child(5) .panel-header
440752 [main] INFO utilities.listener.WebEventListener  - Before Finding element: By.cssSelector: .v-expansion-panel__container:nth-child(5) .panel-header
440752 [main] INFO utilities.listener.WebEventListener  - Before Finding element: By.cssSelector: .v-expansion-panel__container:nth-child(5) .panel-header
2021-03-19/13:31:50.547  INFO: listener.WebEventListener - Before Finding element: By.cssSelector: .v-expansion-panel__container:nth-child(5) .panel-header
441018 [main] INFO utilities.listener.WebEventListener  - Before Finding element: By.cssSelector: .v-expansion-panel__container:nth-child(5) .panel-header
441018 [main] INFO utilities.listener.WebEventListener  - Before Finding element: By.cssSelector: .v-expansion-panel__container:nth-child(5) .panel-header
2021-03-19/13:31:50.816  INFO: listener.WebEventListener - Before Finding element: By.cssSelector: .v-expansion-panel__container:nth-child(5) .panel-header
441287 [main] INFO utilities.listener.WebEventListener  - Before Finding element: By.cssSelector: .v-expansion-panel__container:nth-child(5) .panel-header
441287 [main] INFO utilities.listener.WebEventListener  - Before Finding element: By.cssSelector: .v-expansion-panel__container:nth-child(5) .panel-header
2021-03-19/13:31:51.083  INFO: listener.WebEventListener - Before Finding element: By.cssSelector: .v-expansion-panel__container:nth-child(5) .panel-header
441554 [main] INFO utilities.listener.WebEventListener  - Before Finding element: By.cssSelector: .v-expansion-panel__container:nth-child(5) .panel-header
441554 [main] INFO utilities.listener.WebEventListener  - Before Finding element: By.cssSelector: .v-expansion-panel__container:nth-child(5) .panel-header
2021-03-19/13:31:51.349  INFO: listener.WebEventListener - Before Finding element: By.cssSelector: .v-expansion-panel__container:nth-child(5) .panel-header
441820 [main] INFO utilities.listener.WebEventListener  - Before Finding element: By.cssSelector: .v-expansion-panel__container:nth-child(5) .panel-header
441820 [main] INFO utilities.listener.WebEventListener  - Before Finding element: By.cssSelector: .v-expansion-panel__container:nth-child(5) .panel-header
2021-03-19/13:31:51.614  INFO: listener.WebEventListener - Before Finding element: By.cssSelector: .v-expansion-panel__container:nth-child(5) .panel-header
442085 [main] INFO utilities.listener.WebEventListener  - Before Finding element: By.cssSelector: .v-expansion-panel__container:nth-child(5) .panel-header
442085 [main] INFO utilities.listener.WebEventListener  - Before Finding element: By.cssSelector: .v-expansion-panel__container:nth-child(5) .panel-header
2021-03-19/13:31:51.881  INFO: listener.WebEventListener - Before Finding element: By.cssSelector: .v-expansion-panel__container:nth-child(5) .panel-header
442352 [main] INFO utilities.listener.WebEventListener  - Before Finding element: By.cssSelector: .v-expansion-panel__container:nth-child(5) .panel-header
442352 [main] INFO utilities.listener.WebEventListener  - Before Finding element: By.cssSelector: .v-expansion-panel__container:nth-child(5) .panel-header
2021-03-19/13:31:52.149  INFO: listener.WebEventListener - Before Finding element: By.cssSelector: .v-expansion-panel__container:nth-child(5) .panel-header
442620 [main] INFO utilities.listener.WebEventListener  - Before Finding element: By.cssSelector: .v-expansion-panel__container:nth-child(5) .panel-header
442620 [main] INFO utilities.listener.WebEventListener  - Before Finding element: By.cssSelector: .v-expansion-panel__container:nth-child(5) .panel-header
2021-03-19/13:31:52.423  INFO: listener.WebEventListener - Before Finding element: By.cssSelector: .v-expansion-panel__container:nth-child(5) .panel-header
442894 [main] INFO utilities.listener.WebEventListener  - Before Finding element: By.cssSelector: .v-expansion-panel__container:nth-child(5) .panel-header
442894 [main] INFO utilities.listener.WebEventListener  - Before Finding element: By.cssSelector: .v-expansion-panel__container:nth-child(5) .panel-header
2021-03-19/13:31:52.714  INFO: listener.WebEventListener - Before Finding element: By.cssSelector: .v-expansion-panel__container:nth-child(5) .panel-header
443185 [main] INFO utilities.listener.WebEventListener  - Before Finding element: By.cssSelector: .v-expansion-panel__container:nth-child(5) .panel-header
443185 [main] INFO utilities.listener.WebEventListener  - Before Finding element: By.cssSelector: .v-expansion-panel__container:nth-child(5) .panel-header
2021-03-19/13:31:52.980  INFO: listener.WebEventListener - Before Finding element: By.cssSelector: .v-expansion-panel__container:nth-child(5) .panel-header
443451 [main] INFO utilities.listener.WebEventListener  - Before Finding element: By.cssSelector: .v-expansion-panel__container:nth-child(5) .panel-header
443451 [main] INFO utilities.listener.WebEventListener  - Before Finding element: By.cssSelector: .v-expansion-panel__container:nth-child(5) .panel-header
2021-03-19/13:31:53.247  INFO: listener.WebEventListener - Before Finding element: By.cssSelector: .v-expansion-panel__container:nth-child(5) .panel-header
443718 [main] INFO utilities.listener.WebEventListener  - Before Finding element: By.cssSelector: .v-expansion-panel__container:nth-child(5) .panel-header
443718 [main] INFO utilities.listener.WebEventListener  - Before Finding element: By.cssSelector: .v-expansion-panel__container:nth-child(5) .panel-header
2021-03-19/13:31:53.515  INFO: listener.WebEventListener - Before Finding element: By.cssSelector: .v-expansion-panel__container:nth-child(5) .panel-header
443986 [main] INFO utilities.listener.WebEventListener  - Before Finding element: By.cssSelector: .v-expansion-panel__container:nth-child(5) .panel-header
443986 [main] INFO utilities.listener.WebEventListener  - Before Finding element: By.cssSelector: .v-expansion-panel__container:nth-child(5) .panel-header
2021-03-19/13:31:53.785  INFO: listener.WebEventListener - Before Finding element: By.cssSelector: .v-expansion-panel__container:nth-child(5) .panel-header
444256 [main] INFO utilities.listener.WebEventListener  - Before Finding element: By.cssSelector: .v-expansion-panel__container:nth-child(5) .panel-header
444256 [main] INFO utilities.listener.WebEventListener  - Before Finding element: By.cssSelector: .v-expansion-panel__container:nth-child(5) .panel-header
2021-03-19/13:31:54.050  INFO: listener.WebEventListener - Before Finding element: By.cssSelector: .v-expansion-panel__container:nth-child(5) .panel-header
444521 [main] INFO utilities.listener.WebEventListener  - Before Finding element: By.cssSelector: .v-expansion-panel__container:nth-child(5) .panel-header
444521 [main] INFO utilities.listener.WebEventListener  - Before Finding element: By.cssSelector: .v-expansion-panel__container:nth-child(5) .panel-header
2021-03-19/13:31:54.321  INFO: listener.WebEventListener - Before Finding element: By.cssSelector: .v-expansion-panel__container:nth-child(5) .panel-header
444792 [main] INFO utilities.listener.WebEventListener  - Before Finding element: By.cssSelector: .v-expansion-panel__container:nth-child(5) .panel-header
444792 [main] INFO utilities.listener.WebEventListener  - Before Finding element: By.cssSelector: .v-expansion-panel__container:nth-child(5) .panel-header
2021-03-19/13:31:54.587  INFO: listener.WebEventListener - Before Finding element: By.cssSelector: .v-expansion-panel__container:nth-child(5) .panel-header
445058 [main] INFO utilities.listener.WebEventListener  - Before Finding element: By.cssSelector: .v-expansion-panel__container:nth-child(5) .panel-header
445058 [main] INFO utilities.listener.WebEventListener  - Before Finding element: By.cssSelector: .v-expansion-panel__container:nth-child(5) .panel-header
2021-03-19/13:31:54.853  INFO: listener.WebEventListener - Before Finding element: By.cssSelector: .v-expansion-panel__container:nth-child(5) .panel-header
445324 [main] INFO utilities.listener.WebEventListener  - Before Finding element: By.cssSelector: .v-expansion-panel__container:nth-child(5) .panel-header
445324 [main] INFO utilities.listener.WebEventListener  - Before Finding element: By.cssSelector: .v-expansion-panel__container:nth-child(5) .panel-header
2021-03-19/13:31:55.119  INFO: listener.WebEventListener - Before Finding element: By.cssSelector: .v-expansion-panel__container:nth-child(5) .panel-header
445590 [main] INFO utilities.listener.WebEventListener  - Before Finding element: By.cssSelector: .v-expansion-panel__container:nth-child(5) .panel-header
445590 [main] INFO utilities.listener.WebEventListener  - Before Finding element: By.cssSelector: .v-expansion-panel__container:nth-child(5) .panel-header
2021-03-19/13:31:55.386  INFO: listener.WebEventListener - Before Finding element: By.cssSelector: .v-expansion-panel__container:nth-child(5) .panel-header
445857 [main] INFO utilities.listener.WebEventListener  - Before Finding element: By.cssSelector: .v-expansion-panel__container:nth-child(5) .panel-header
445857 [main] INFO utilities.listener.WebEventListener  - Before Finding element: By.cssSelector: .v-expansion-panel__container:nth-child(5) .panel-header
2021-03-19/13:31:55.653  INFO: listener.WebEventListener - Before Finding element: By.cssSelector: .v-expansion-panel__container:nth-child(5) .panel-header
446124 [main] INFO utilities.listener.WebEventListener  - Before Finding element: By.cssSelector: .v-expansion-panel__container:nth-child(5) .panel-header
446124 [main] INFO utilities.listener.WebEventListener  - Before Finding element: By.cssSelector: .v-expansion-panel__container:nth-child(5) .panel-header
2021-03-19/13:31:55.919  INFO: listener.WebEventListener - Before Finding element: By.cssSelector: .v-expansion-panel__container:nth-child(5) .panel-header
446390 [main] INFO utilities.listener.WebEventListener  - Before Finding element: By.cssSelector: .v-expansion-panel__container:nth-child(5) .panel-header
446390 [main] INFO utilities.listener.WebEventListener  - Before Finding element: By.cssSelector: .v-expansion-panel__container:nth-child(5) .panel-header
2021-03-19/13:31:56.186  INFO: listener.WebEventListener - Before Finding element: By.cssSelector: .v-expansion-panel__container:nth-child(5) .panel-header
446657 [main] INFO utilities.listener.WebEventListener  - Before Finding element: By.cssSelector: .v-expansion-panel__container:nth-child(5) .panel-header
446657 [main] INFO utilities.listener.WebEventListener  - Before Finding element: By.cssSelector: .v-expansion-panel__container:nth-child(5) .panel-header
2021-03-19/13:31:56.454  INFO: listener.WebEventListener - Before Finding element: By.cssSelector: .v-expansion-panel__container:nth-child(5) .panel-header
446925 [main] INFO utilities.listener.WebEventListener  - Before Finding element: By.cssSelector: .v-expansion-panel__container:nth-child(5) .panel-header
446925 [main] INFO utilities.listener.WebEventListener  - Before Finding element: By.cssSelector: .v-expansion-panel__container:nth-child(5) .panel-header
2021-03-19/13:31:56.720  INFO: listener.WebEventListener - Before Finding element: By.cssSelector: .v-expansion-panel__container:nth-child(5) .panel-header
447191 [main] INFO utilities.listener.WebEventListener  - Before Finding element: By.cssSelector: .v-expansion-panel__container:nth-child(5) .panel-header
447191 [main] INFO utilities.listener.WebEventListener  - Before Finding element: By.cssSelector: .v-expansion-panel__container:nth-child(5) .panel-header
2021-03-19/13:31:56.984  INFO: listener.WebEventListener - Before Finding element: By.cssSelector: .v-expansion-panel__container:nth-child(5) .panel-header
447455 [main] INFO utilities.listener.WebEventListener  - Before Finding element: By.cssSelector: .v-expansion-panel__container:nth-child(5) .panel-header
447455 [main] INFO utilities.listener.WebEventListener  - Before Finding element: By.cssSelector: .v-expansion-panel__container:nth-child(5) .panel-header
2021-03-19/13:31:57.252  INFO: listener.WebEventListener - Before Finding element: By.cssSelector: .v-expansion-panel__container:nth-child(5) .panel-header
447723 [main] INFO utilities.listener.WebEventListener  - Before Finding element: By.cssSelector: .v-expansion-panel__container:nth-child(5) .panel-header
447723 [main] INFO utilities.listener.WebEventListener  - Before Finding element: By.cssSelector: .v-expansion-panel__container:nth-child(5) .panel-header
2021-03-19/13:31:57.527  INFO: listener.WebEventListener - Before Finding element: By.cssSelector: .v-expansion-panel__container:nth-child(5) .panel-header
447998 [main] INFO utilities.listener.WebEventListener  - Before Finding element: By.cssSelector: .v-expansion-panel__container:nth-child(5) .panel-header
447998 [main] INFO utilities.listener.WebEventListener  - Before Finding element: By.cssSelector: .v-expansion-panel__container:nth-child(5) .panel-header
2021-03-19/13:31:57.800  INFO: listener.WebEventListener - Before Finding element: By.cssSelector: .v-expansion-panel__container:nth-child(5) .panel-header
448271 [main] INFO utilities.listener.WebEventListener  - Before Finding element: By.cssSelector: .v-expansion-panel__container:nth-child(5) .panel-header
448271 [main] INFO utilities.listener.WebEventListener  - Before Finding element: By.cssSelector: .v-expansion-panel__container:nth-child(5) .panel-header
2021-03-19/13:31:58.065  INFO: listener.WebEventListener - Before Finding element: By.cssSelector: .v-expansion-panel__container:nth-child(5) .panel-header
448536 [main] INFO utilities.listener.WebEventListener  - Before Finding element: By.cssSelector: .v-expansion-panel__container:nth-child(5) .panel-header
448536 [main] INFO utilities.listener.WebEventListener  - Before Finding element: By.cssSelector: .v-expansion-panel__container:nth-child(5) .panel-header
2021-03-19/13:31:58.334  INFO: listener.WebEventListener - Before Finding element: By.cssSelector: .v-expansion-panel__container:nth-child(5) .panel-header
448805 [main] INFO utilities.listener.WebEventListener  - Before Finding element: By.cssSelector: .v-expansion-panel__container:nth-child(5) .panel-header
448805 [main] INFO utilities.listener.WebEventListener  - Before Finding element: By.cssSelector: .v-expansion-panel__container:nth-child(5) .panel-header
2021-03-19/13:31:58.602  INFO: listener.WebEventListener - Before Finding element: By.cssSelector: .v-expansion-panel__container:nth-child(5) .panel-header
449073 [main] INFO utilities.listener.WebEventListener  - Before Finding element: By.cssSelector: .v-expansion-panel__container:nth-child(5) .panel-header
449073 [main] INFO utilities.listener.WebEventListener  - Before Finding element: By.cssSelector: .v-expansion-panel__container:nth-child(5) .panel-header
2021-03-19/13:31:58.870  INFO: listener.WebEventListener - Before Finding element: By.cssSelector: .v-expansion-panel__container:nth-child(5) .panel-header
449341 [main] INFO utilities.listener.WebEventListener  - Before Finding element: By.cssSelector: .v-expansion-panel__container:nth-child(5) .panel-header
449341 [main] INFO utilities.listener.WebEventListener  - Before Finding element: By.cssSelector: .v-expansion-panel__container:nth-child(5) .panel-header
2021-03-19/13:31:59.136  INFO: listener.WebEventListener - Before Finding element: By.cssSelector: .v-expansion-panel__container:nth-child(5) .panel-header
449607 [main] INFO utilities.listener.WebEventListener  - Before Finding element: By.cssSelector: .v-expansion-panel__container:nth-child(5) .panel-header
449607 [main] INFO utilities.listener.WebEventListener  - Before Finding element: By.cssSelector: .v-expansion-panel__container:nth-child(5) .panel-header
2021-03-19/13:31:59.403  INFO: listener.WebEventListener - Before Finding element: By.cssSelector: .v-expansion-panel__container:nth-child(5) .panel-header
449874 [main] INFO utilities.listener.WebEventListener  - Before Finding element: By.cssSelector: .v-expansion-panel__container:nth-child(5) .panel-header
449874 [main] INFO utilities.listener.WebEventListener  - Before Finding element: By.cssSelector: .v-expansion-panel__container:nth-child(5) .panel-header
2021-03-19/13:31:59.669  INFO: listener.WebEventListener - Before Finding element: By.cssSelector: .v-expansion-panel__container:nth-child(5) .panel-header
450140 [main] INFO utilities.listener.WebEventListener  - Before Finding element: By.cssSelector: .v-expansion-panel__container:nth-child(5) .panel-header
450140 [main] INFO utilities.listener.WebEventListener  - Before Finding element: By.cssSelector: .v-expansion-panel__container:nth-child(5) .panel-header
2021-03-19/13:31:59.935  INFO: listener.WebEventListener - Before Finding element: By.cssSelector: .v-expansion-panel__container:nth-child(5) .panel-header
450406 [main] INFO utilities.listener.WebEventListener  - Before Finding element: By.cssSelector: .v-expansion-panel__container:nth-child(5) .panel-header
450406 [main] INFO utilities.listener.WebEventListener  - Before Finding element: By.cssSelector: .v-expansion-panel__container:nth-child(5) .panel-header
2021-03-19/13:32:00.206  INFO: listener.WebEventListener - Before Finding element: By.cssSelector: .v-expansion-panel__container:nth-child(5) .panel-header
450677 [main] INFO utilities.listener.WebEventListener  - Before Finding element: By.cssSelector: .v-expansion-panel__container:nth-child(5) .panel-header
450677 [main] INFO utilities.listener.WebEventListener  - Before Finding element: By.cssSelector: .v-expansion-panel__container:nth-child(5) .panel-header
2021-03-19/13:32:00.472  INFO: listener.WebEventListener - Before Finding element: By.cssSelector: .v-expansion-panel__container:nth-child(5) .panel-header
450943 [main] INFO utilities.listener.WebEventListener  - Before Finding element: By.cssSelector: .v-expansion-panel__container:nth-child(5) .panel-header
450943 [main] INFO utilities.listener.WebEventListener  - Before Finding element: By.cssSelector: .v-expansion-panel__container:nth-child(5) .panel-header
2021-03-19/13:32:00.739  INFO: listener.WebEventListener - Before Finding element: By.cssSelector: .v-expansion-panel__container:nth-child(5) .panel-header
451210 [main] INFO utilities.listener.WebEventListener  - Before Finding element: By.cssSelector: .v-expansion-panel__container:nth-child(5) .panel-header
451210 [main] INFO utilities.listener.WebEventListener  - Before Finding element: By.cssSelector: .v-expansion-panel__container:nth-child(5) .panel-header
2021-03-19/13:32:01.005  INFO: listener.WebEventListener - Before Finding element: By.cssSelector: .v-expansion-panel__container:nth-child(5) .panel-header
451476 [main] INFO utilities.listener.WebEventListener  - Before Finding element: By.cssSelector: .v-expansion-panel__container:nth-child(5) .panel-header
451476 [main] INFO utilities.listener.WebEventListener  - Before Finding element: By.cssSelector: .v-expansion-panel__container:nth-child(5) .panel-header
2021-03-19/13:32:01.272  INFO: listener.WebEventListener - Before Finding element: By.cssSelector: .v-expansion-panel__container:nth-child(5) .panel-header
451743 [main] INFO utilities.listener.WebEventListener  - Before Finding element: By.cssSelector: .v-expansion-panel__container:nth-child(5) .panel-header
451743 [main] INFO utilities.listener.WebEventListener  - Before Finding element: By.cssSelector: .v-expansion-panel__container:nth-child(5) .panel-header
2021-03-19/13:32:01.540  INFO: listener.WebEventListener - Before Finding element: By.cssSelector: .v-expansion-panel__container:nth-child(5) .panel-header
452011 [main] INFO utilities.listener.WebEventListener  - Before Finding element: By.cssSelector: .v-expansion-panel__container:nth-child(5) .panel-header
452011 [main] INFO utilities.listener.WebEventListener  - Before Finding element: By.cssSelector: .v-expansion-panel__container:nth-child(5) .panel-header
2021-03-19/13:32:01.809  INFO: listener.WebEventListener - Before Finding element: By.cssSelector: .v-expansion-panel__container:nth-child(5) .panel-header
452280 [main] INFO utilities.listener.WebEventListener  - Before Finding element: By.cssSelector: .v-expansion-panel__container:nth-child(5) .panel-header
452280 [main] INFO utilities.listener.WebEventListener  - Before Finding element: By.cssSelector: .v-expansion-panel__container:nth-child(5) .panel-header
2021-03-19/13:32:02.081  INFO: listener.WebEventListener - Before Finding element: By.cssSelector: .v-expansion-panel__container:nth-child(5) .panel-header
452552 [main] INFO utilities.listener.WebEventListener  - Before Finding element: By.cssSelector: .v-expansion-panel__container:nth-child(5) .panel-header
452552 [main] INFO utilities.listener.WebEventListener  - Before Finding element: By.cssSelector: .v-expansion-panel__container:nth-child(5) .panel-header
2021-03-19/13:32:02.355  INFO: listener.WebEventListener - Before Finding element: By.cssSelector: .v-expansion-panel__container:nth-child(5) .panel-header
452826 [main] INFO utilities.listener.WebEventListener  - Before Finding element: By.cssSelector: .v-expansion-panel__container:nth-child(5) .panel-header
452826 [main] INFO utilities.listener.WebEventListener  - Before Finding element: By.cssSelector: .v-expansion-panel__container:nth-child(5) .panel-header
2021-03-19/13:32:02.626  INFO: listener.WebEventListener - Before Finding element: By.cssSelector: .v-expansion-panel__container:nth-child(5) .panel-header
453097 [main] INFO utilities.listener.WebEventListener  - Before Finding element: By.cssSelector: .v-expansion-panel__container:nth-child(5) .panel-header
453097 [main] INFO utilities.listener.WebEventListener  - Before Finding element: By.cssSelector: .v-expansion-panel__container:nth-child(5) .panel-header
2021-03-19/13:32:02.892  INFO: listener.WebEventListener - Before Finding element: By.cssSelector: .v-expansion-panel__container:nth-child(5) .panel-header
453363 [main] INFO utilities.listener.WebEventListener  - Before Finding element: By.cssSelector: .v-expansion-panel__container:nth-child(5) .panel-header
453363 [main] INFO utilities.listener.WebEventListener  - Before Finding element: By.cssSelector: .v-expansion-panel__container:nth-child(5) .panel-header
2021-03-19/13:32:03.158  INFO: listener.WebEventListener - Before Finding element: By.cssSelector: .v-expansion-panel__container:nth-child(5) .panel-header
453629 [main] INFO utilities.listener.WebEventListener  - Before Finding element: By.cssSelector: .v-expansion-panel__container:nth-child(5) .panel-header
453629 [main] INFO utilities.listener.WebEventListener  - Before Finding element: By.cssSelector: .v-expansion-panel__container:nth-child(5) .panel-header
2021-03-19/13:32:03.425  INFO: listener.WebEventListener - Before Finding element: By.cssSelector: .v-expansion-panel__container:nth-child(5) .panel-header
453896 [main] INFO utilities.listener.WebEventListener  - Before Finding element: By.cssSelector: .v-expansion-panel__container:nth-child(5) .panel-header
453896 [main] INFO utilities.listener.WebEventListener  - Before Finding element: By.cssSelector: .v-expansion-panel__container:nth-child(5) .panel-header
2021-03-19/13:32:03.707  INFO: listener.WebEventListener - Before Finding element: By.cssSelector: .v-expansion-panel__container:nth-child(5) .panel-header
454178 [main] INFO utilities.listener.WebEventListener  - Before Finding element: By.cssSelector: .v-expansion-panel__container:nth-child(5) .panel-header
454178 [main] INFO utilities.listener.WebEventListener  - Before Finding element: By.cssSelector: .v-expansion-panel__container:nth-child(5) .panel-header
2021-03-19/13:32:03.975  INFO: listener.WebEventListener - Before Finding element: By.cssSelector: .v-expansion-panel__container:nth-child(5) .panel-header
454446 [main] INFO utilities.listener.WebEventListener  - Before Finding element: By.cssSelector: .v-expansion-panel__container:nth-child(5) .panel-header
454446 [main] INFO utilities.listener.WebEventListener  - Before Finding element: By.cssSelector: .v-expansion-panel__container:nth-child(5) .panel-header
2021-03-19/13:32:04.257  INFO: listener.WebEventListener - Before Finding element: By.cssSelector: .v-expansion-panel__container:nth-child(5) .panel-header
454728 [main] INFO utilities.listener.WebEventListener  - Before Finding element: By.cssSelector: .v-expansion-panel__container:nth-child(5) .panel-header
454728 [main] INFO utilities.listener.WebEventListener  - Before Finding element: By.cssSelector: .v-expansion-panel__container:nth-child(5) .panel-header
2021-03-19/13:32:04.524  INFO: listener.WebEventListener - Before Finding element: By.cssSelector: .v-expansion-panel__container:nth-child(5) .panel-header
454995 [main] INFO utilities.listener.WebEventListener  - Before Finding element: By.cssSelector: .v-expansion-panel__container:nth-child(5) .panel-header
454995 [main] INFO utilities.listener.WebEventListener  - Before Finding element: By.cssSelector: .v-expansion-panel__container:nth-child(5) .panel-header
2021-03-19/13:32:04.789  INFO: listener.WebEventListener - Before Finding element: By.cssSelector: .v-expansion-panel__container:nth-child(5) .panel-header
455260 [main] INFO utilities.listener.WebEventListener  - Before Finding element: By.cssSelector: .v-expansion-panel__container:nth-child(5) .panel-header
455260 [main] INFO utilities.listener.WebEventListener  - Before Finding element: By.cssSelector: .v-expansion-panel__container:nth-child(5) .panel-header
2021-03-19/13:32:05.053  INFO: listener.WebEventListener - Before Finding element: By.cssSelector: .v-expansion-panel__container:nth-child(5) .panel-header
455524 [main] INFO utilities.listener.WebEventListener  - Before Finding element: By.cssSelector: .v-expansion-panel__container:nth-child(5) .panel-header
455524 [main] INFO utilities.listener.WebEventListener  - Before Finding element: By.cssSelector: .v-expansion-panel__container:nth-child(5) .panel-header
2021-03-19/13:32:05.317  INFO: listener.WebEventListener - Before Finding element: By.cssSelector: .v-expansion-panel__container:nth-child(5) .panel-header
455788 [main] INFO utilities.listener.WebEventListener  - Before Finding element: By.cssSelector: .v-expansion-panel__container:nth-child(5) .panel-header
455788 [main] INFO utilities.listener.WebEventListener  - Before Finding element: By.cssSelector: .v-expansion-panel__container:nth-child(5) .panel-header
2021-03-19/13:32:05.584  INFO: listener.WebEventListener - Before Finding element: By.cssSelector: .v-expansion-panel__container:nth-child(5) .panel-header
456055 [main] INFO utilities.listener.WebEventListener  - Before Finding element: By.cssSelector: .v-expansion-panel__container:nth-child(5) .panel-header
456055 [main] INFO utilities.listener.WebEventListener  - Before Finding element: By.cssSelector: .v-expansion-panel__container:nth-child(5) .panel-header
2021-03-19/13:32:05.853  INFO: listener.WebEventListener - Before Finding element: By.cssSelector: .v-expansion-panel__container:nth-child(5) .panel-header
456324 [main] INFO utilities.listener.WebEventListener  - Before Finding element: By.cssSelector: .v-expansion-panel__container:nth-child(5) .panel-header
456324 [main] INFO utilities.listener.WebEventListener  - Before Finding element: By.cssSelector: .v-expansion-panel__container:nth-child(5) .panel-header
2021-03-19/13:32:06.118  INFO: listener.WebEventListener - Before Finding element: By.cssSelector: .v-expansion-panel__container:nth-child(5) .panel-header
456589 [main] INFO utilities.listener.WebEventListener  - Before Finding element: By.cssSelector: .v-expansion-panel__container:nth-child(5) .panel-header
456589 [main] INFO utilities.listener.WebEventListener  - Before Finding element: By.cssSelector: .v-expansion-panel__container:nth-child(5) .panel-header
2021-03-19/13:32:06.384  INFO: listener.WebEventListener - Before Finding element: By.cssSelector: .v-expansion-panel__container:nth-child(5) .panel-header
456855 [main] INFO utilities.listener.WebEventListener  - Before Finding element: By.cssSelector: .v-expansion-panel__container:nth-child(5) .panel-header
456855 [main] INFO utilities.listener.WebEventListener  - Before Finding element: By.cssSelector: .v-expansion-panel__container:nth-child(5) .panel-header
2021-03-19/13:32:06.652  INFO: listener.WebEventListener - Before Finding element: By.cssSelector: .v-expansion-panel__container:nth-child(5) .panel-header
457123 [main] INFO utilities.listener.WebEventListener  - Before Finding element: By.cssSelector: .v-expansion-panel__container:nth-child(5) .panel-header
457123 [main] INFO utilities.listener.WebEventListener  - Before Finding element: By.cssSelector: .v-expansion-panel__container:nth-child(5) .panel-header
2021-03-19/13:32:06.919  INFO: listener.WebEventListener - Before Finding element: By.cssSelector: .v-expansion-panel__container:nth-child(5) .panel-header
457390 [main] INFO utilities.listener.WebEventListener  - Before Finding element: By.cssSelector: .v-expansion-panel__container:nth-child(5) .panel-header
457390 [main] INFO utilities.listener.WebEventListener  - Before Finding element: By.cssSelector: .v-expansion-panel__container:nth-child(5) .panel-header
2021-03-19/13:32:07.185  INFO: listener.WebEventListener - Before Finding element: By.cssSelector: .v-expansion-panel__container:nth-child(5) .panel-header
457656 [main] INFO utilities.listener.WebEventListener  - Before Finding element: By.cssSelector: .v-expansion-panel__container:nth-child(5) .panel-header
457656 [main] INFO utilities.listener.WebEventListener  - Before Finding element: By.cssSelector: .v-expansion-panel__container:nth-child(5) .panel-header
2021-03-19/13:32:07.457  INFO: listener.WebEventListener - Before Finding element: By.cssSelector: .v-expansion-panel__container:nth-child(5) .panel-header
457928 [main] INFO utilities.listener.WebEventListener  - Before Finding element: By.cssSelector: .v-expansion-panel__container:nth-child(5) .panel-header
457928 [main] INFO utilities.listener.WebEventListener  - Before Finding element: By.cssSelector: .v-expansion-panel__container:nth-child(5) .panel-header
2021-03-19/13:32:07.733  INFO: listener.WebEventListener - Before Finding element: By.cssSelector: .v-expansion-panel__container:nth-child(5) .panel-header
458204 [main] INFO utilities.listener.WebEventListener  - Before Finding element: By.cssSelector: .v-expansion-panel__container:nth-child(5) .panel-header
458204 [main] INFO utilities.listener.WebEventListener  - Before Finding element: By.cssSelector: .v-expansion-panel__container:nth-child(5) .panel-header
2021-03-19/13:32:08.001  INFO: listener.WebEventListener - Before Finding element: By.cssSelector: .v-expansion-panel__container:nth-child(5) .panel-header
458472 [main] INFO utilities.listener.WebEventListener  - Before Finding element: By.cssSelector: .v-expansion-panel__container:nth-child(5) .panel-header
458472 [main] INFO utilities.listener.WebEventListener  - Before Finding element: By.cssSelector: .v-expansion-panel__container:nth-child(5) .panel-header
2021-03-19/13:32:08.268  INFO: listener.WebEventListener - Before Finding element: By.cssSelector: .v-expansion-panel__container:nth-child(5) .panel-header
458739 [main] INFO utilities.listener.WebEventListener  - Before Finding element: By.cssSelector: .v-expansion-panel__container:nth-child(5) .panel-header
458739 [main] INFO utilities.listener.WebEventListener  - Before Finding element: By.cssSelector: .v-expansion-panel__container:nth-child(5) .panel-header
2021-03-19/13:32:08.537  INFO: listener.WebEventListener - Before Finding element: By.cssSelector: .v-expansion-panel__container:nth-child(5) .panel-header
459008 [main] INFO utilities.listener.WebEventListener  - Before Finding element: By.cssSelector: .v-expansion-panel__container:nth-child(5) .panel-header
459008 [main] INFO utilities.listener.WebEventListener  - Before Finding element: By.cssSelector: .v-expansion-panel__container:nth-child(5) .panel-header
2021-03-19/13:32:08.803  INFO: listener.WebEventListener - Before Finding element: By.cssSelector: .v-expansion-panel__container:nth-child(5) .panel-header
459274 [main] INFO utilities.listener.WebEventListener  - Before Finding element: By.cssSelector: .v-expansion-panel__container:nth-child(5) .panel-header
459274 [main] INFO utilities.listener.WebEventListener  - Before Finding element: By.cssSelector: .v-expansion-panel__container:nth-child(5) .panel-header
2021-03-19/13:32:09.071  INFO: listener.WebEventListener - Before Finding element: By.cssSelector: .v-expansion-panel__container:nth-child(5) .panel-header
459542 [main] INFO utilities.listener.WebEventListener  - Before Finding element: By.cssSelector: .v-expansion-panel__container:nth-child(5) .panel-header
459542 [main] INFO utilities.listener.WebEventListener  - Before Finding element: By.cssSelector: .v-expansion-panel__container:nth-child(5) .panel-header
2021-03-19/13:32:09.338  INFO: listener.WebEventListener - Before Finding element: By.cssSelector: .v-expansion-panel__container:nth-child(5) .panel-header
459809 [main] INFO utilities.listener.WebEventListener  - Before Finding element: By.cssSelector: .v-expansion-panel__container:nth-child(5) .panel-header
459809 [main] INFO utilities.listener.WebEventListener  - Before Finding element: By.cssSelector: .v-expansion-panel__container:nth-child(5) .panel-header
2021-03-19/13:32:09.606  INFO: listener.WebEventListener - Before Finding element: By.cssSelector: .v-expansion-panel__container:nth-child(5) .panel-header
460077 [main] INFO utilities.listener.WebEventListener  - Before Finding element: By.cssSelector: .v-expansion-panel__container:nth-child(5) .panel-header
460077 [main] INFO utilities.listener.WebEventListener  - Before Finding element: By.cssSelector: .v-expansion-panel__container:nth-child(5) .panel-header
2021-03-19/13:32:09.870  INFO: listener.WebEventListener - Before Finding element: By.cssSelector: .v-expansion-panel__container:nth-child(5) .panel-header
460341 [main] INFO utilities.listener.WebEventListener  - Before Finding element: By.cssSelector: .v-expansion-panel__container:nth-child(5) .panel-header
460341 [main] INFO utilities.listener.WebEventListener  - Before Finding element: By.cssSelector: .v-expansion-panel__container:nth-child(5) .panel-header
2021-03-19/13:32:10.137  INFO: listener.WebEventListener - Before Finding element: By.cssSelector: .v-expansion-panel__container:nth-child(5) .panel-header
460608 [main] INFO utilities.listener.WebEventListener  - Before Finding element: By.cssSelector: .v-expansion-panel__container:nth-child(5) .panel-header
460608 [main] INFO utilities.listener.WebEventListener  - Before Finding element: By.cssSelector: .v-expansion-panel__container:nth-child(5) .panel-header
2021-03-19/13:32:10.404  INFO: listener.WebEventListener - Before Finding element: By.cssSelector: .v-expansion-panel__container:nth-child(5) .panel-header
460875 [main] INFO utilities.listener.WebEventListener  - Before Finding element: By.cssSelector: .v-expansion-panel__container:nth-child(5) .panel-header
460875 [main] INFO utilities.listener.WebEventListener  - Before Finding element: By.cssSelector: .v-expansion-panel__container:nth-child(5) .panel-header
2021-03-19/13:32:10.672  INFO: listener.WebEventListener - Before Finding element: By.cssSelector: .v-expansion-panel__container:nth-child(5) .panel-header
461143 [main] INFO utilities.listener.WebEventListener  - Before Finding element: By.cssSelector: .v-expansion-panel__container:nth-child(5) .panel-header
461143 [main] INFO utilities.listener.WebEventListener  - Before Finding element: By.cssSelector: .v-expansion-panel__container:nth-child(5) .panel-header
2021-03-19/13:32:10.938  INFO: listener.WebEventListener - Before Finding element: By.cssSelector: .v-expansion-panel__container:nth-child(5) .panel-header
461409 [main] INFO utilities.listener.WebEventListener  - Before Finding element: By.cssSelector: .v-expansion-panel__container:nth-child(5) .panel-header
461409 [main] INFO utilities.listener.WebEventListener  - Before Finding element: By.cssSelector: .v-expansion-panel__container:nth-child(5) .panel-header
2021-03-19/13:32:11.209  INFO: listener.WebEventListener - Before Finding element: By.cssSelector: .v-expansion-panel__container:nth-child(5) .panel-header
461680 [main] INFO utilities.listener.WebEventListener  - Before Finding element: By.cssSelector: .v-expansion-panel__container:nth-child(5) .panel-header
461680 [main] INFO utilities.listener.WebEventListener  - Before Finding element: By.cssSelector: .v-expansion-panel__container:nth-child(5) .panel-header
2021-03-19/13:32:11.474  INFO: listener.WebEventListener - Before Finding element: By.cssSelector: .v-expansion-panel__container:nth-child(5) .panel-header
461945 [main] INFO utilities.listener.WebEventListener  - Before Finding element: By.cssSelector: .v-expansion-panel__container:nth-child(5) .panel-header
461945 [main] INFO utilities.listener.WebEventListener  - Before Finding element: By.cssSelector: .v-expansion-panel__container:nth-child(5) .panel-header
2021-03-19/13:32:11.743  INFO: listener.WebEventListener - Before Finding element: By.cssSelector: .v-expansion-panel__container:nth-child(5) .panel-header
462214 [main] INFO utilities.listener.WebEventListener  - Before Finding element: By.cssSelector: .v-expansion-panel__container:nth-child(5) .panel-header
462214 [main] INFO utilities.listener.WebEventListener  - Before Finding element: By.cssSelector: .v-expansion-panel__container:nth-child(5) .panel-header
2021-03-19/13:32:12.009  INFO: listener.WebEventListener - Before Finding element: By.cssSelector: .v-expansion-panel__container:nth-child(5) .panel-header
462480 [main] INFO utilities.listener.WebEventListener  - Before Finding element: By.cssSelector: .v-expansion-panel__container:nth-child(5) .panel-header
462480 [main] INFO utilities.listener.WebEventListener  - Before Finding element: By.cssSelector: .v-expansion-panel__container:nth-child(5) .panel-header
2021-03-19/13:32:12.287  INFO: listener.WebEventListener - Before Finding element: By.cssSelector: .v-expansion-panel__container:nth-child(5) .panel-header
462758 [main] INFO utilities.listener.WebEventListener  - Before Finding element: By.cssSelector: .v-expansion-panel__container:nth-child(5) .panel-header
462758 [main] INFO utilities.listener.WebEventListener  - Before Finding element: By.cssSelector: .v-expansion-panel__container:nth-child(5) .panel-header
2021-03-19/13:32:12.558  INFO: listener.WebEventListener - Before Finding element: By.cssSelector: .v-expansion-panel__container:nth-child(5) .panel-header
463029 [main] INFO utilities.listener.WebEventListener  - Before Finding element: By.cssSelector: .v-expansion-panel__container:nth-child(5) .panel-header
463029 [main] INFO utilities.listener.WebEventListener  - Before Finding element: By.cssSelector: .v-expansion-panel__container:nth-child(5) .panel-header
2021-03-19/13:32:12.827  INFO: listener.WebEventListener - Before Finding element: By.cssSelector: .v-expansion-panel__container:nth-child(5) .panel-header
463298 [main] INFO utilities.listener.WebEventListener  - Before Finding element: By.cssSelector: .v-expansion-panel__container:nth-child(5) .panel-header
463298 [main] INFO utilities.listener.WebEventListener  - Before Finding element: By.cssSelector: .v-expansion-panel__container:nth-child(5) .panel-header
2021-03-19/13:32:13.093  INFO: listener.WebEventListener - Before Finding element: By.cssSelector: .v-expansion-panel__container:nth-child(5) .panel-header
463564 [main] INFO utilities.listener.WebEventListener  - Before Finding element: By.cssSelector: .v-expansion-panel__container:nth-child(5) .panel-header
463564 [main] INFO utilities.listener.WebEventListener  - Before Finding element: By.cssSelector: .v-expansion-panel__container:nth-child(5) .panel-header
2021-03-19/13:32:13.365  INFO: listener.WebEventListener - Before Finding element: By.cssSelector: .v-expansion-panel__container:nth-child(5) .panel-header
463836 [main] INFO utilities.listener.WebEventListener  - Before Finding element: By.cssSelector: .v-expansion-panel__container:nth-child(5) .panel-header
463836 [main] INFO utilities.listener.WebEventListener  - Before Finding element: By.cssSelector: .v-expansion-panel__container:nth-child(5) .panel-header
2021-03-19/13:32:13.651  INFO: listener.WebEventListener - Before Finding element: By.cssSelector: .v-expansion-panel__container:nth-child(5) .panel-header
464122 [main] INFO utilities.listener.WebEventListener  - Before Finding element: By.cssSelector: .v-expansion-panel__container:nth-child(5) .panel-header
464122 [main] INFO utilities.listener.WebEventListener  - Before Finding element: By.cssSelector: .v-expansion-panel__container:nth-child(5) .panel-header
2021-03-19/13:32:13.920  INFO: listener.WebEventListener - Before Finding element: By.cssSelector: .v-expansion-panel__container:nth-child(5) .panel-header
464391 [main] INFO utilities.listener.WebEventListener  - Before Finding element: By.cssSelector: .v-expansion-panel__container:nth-child(5) .panel-header
464391 [main] INFO utilities.listener.WebEventListener  - Before Finding element: By.cssSelector: .v-expansion-panel__container:nth-child(5) .panel-header
2021-03-19/13:32:14.189  INFO: listener.WebEventListener - Before Finding element: By.cssSelector: .v-expansion-panel__container:nth-child(5) .panel-header
464660 [main] INFO utilities.listener.WebEventListener  - Before Finding element: By.cssSelector: .v-expansion-panel__container:nth-child(5) .panel-header
464660 [main] INFO utilities.listener.WebEventListener  - Before Finding element: By.cssSelector: .v-expansion-panel__container:nth-child(5) .panel-header
2021-03-19/13:32:14.454  INFO: listener.WebEventListener - Before Finding element: By.cssSelector: .v-expansion-panel__container:nth-child(5) .panel-header
464925 [main] INFO utilities.listener.WebEventListener  - Before Finding element: By.cssSelector: .v-expansion-panel__container:nth-child(5) .panel-header
464925 [main] INFO utilities.listener.WebEventListener  - Before Finding element: By.cssSelector: .v-expansion-panel__container:nth-child(5) .panel-header
2021-03-19/13:32:14.720  INFO: listener.WebEventListener - Before Finding element: By.cssSelector: .v-expansion-panel__container:nth-child(5) .panel-header
465191 [main] INFO utilities.listener.WebEventListener  - Before Finding element: By.cssSelector: .v-expansion-panel__container:nth-child(5) .panel-header
465191 [main] INFO utilities.listener.WebEventListener  - Before Finding element: By.cssSelector: .v-expansion-panel__container:nth-child(5) .panel-header
2021-03-19/13:32:14.989  INFO: listener.WebEventListener - Before Finding element: By.cssSelector: .v-expansion-panel__container:nth-child(5) .panel-header
465460 [main] INFO utilities.listener.WebEventListener  - Before Finding element: By.cssSelector: .v-expansion-panel__container:nth-child(5) .panel-header
465460 [main] INFO utilities.listener.WebEventListener  - Before Finding element: By.cssSelector: .v-expansion-panel__container:nth-child(5) .panel-header
2021-03-19/13:32:15.256  INFO: listener.WebEventListener - Before Finding element: By.cssSelector: .v-expansion-panel__container:nth-child(5) .panel-header
465727 [main] INFO utilities.listener.WebEventListener  - Before Finding element: By.cssSelector: .v-expansion-panel__container:nth-child(5) .panel-header
465727 [main] INFO utilities.listener.WebEventListener  - Before Finding element: By.cssSelector: .v-expansion-panel__container:nth-child(5) .panel-header
2021-03-19/13:32:15.524  INFO: listener.WebEventListener - Before Finding element: By.cssSelector: .v-expansion-panel__container:nth-child(5) .panel-header
465995 [main] INFO utilities.listener.WebEventListener  - Before Finding element: By.cssSelector: .v-expansion-panel__container:nth-child(5) .panel-header
465995 [main] INFO utilities.listener.WebEventListener  - Before Finding element: By.cssSelector: .v-expansion-panel__container:nth-child(5) .panel-header
2021-03-19/13:32:15.790  INFO: listener.WebEventListener - Before Finding element: By.cssSelector: .v-expansion-panel__container:nth-child(5) .panel-header
466261 [main] INFO utilities.listener.WebEventListener  - Before Finding element: By.cssSelector: .v-expansion-panel__container:nth-child(5) .panel-header
466261 [main] INFO utilities.listener.WebEventListener  - Before Finding element: By.cssSelector: .v-expansion-panel__container:nth-child(5) .panel-header
2021-03-19/13:32:16.057  INFO: listener.WebEventListener - Before Finding element: By.cssSelector: .v-expansion-panel__container:nth-child(5) .panel-header
466528 [main] INFO utilities.listener.WebEventListener  - Before Finding element: By.cssSelector: .v-expansion-panel__container:nth-child(5) .panel-header
466528 [main] INFO utilities.listener.WebEventListener  - Before Finding element: By.cssSelector: .v-expansion-panel__container:nth-child(5) .panel-header
2021-03-19/13:32:16.413  INFO: listener.WebEventListener - Before Finding element: By.cssSelector: .v-expansion-panel__container:nth-child(5) .panel-header
466884 [main] INFO utilities.listener.WebEventListener  - Before Finding element: By.cssSelector: .v-expansion-panel__container:nth-child(5) .panel-header
466884 [main] INFO utilities.listener.WebEventListener  - Before Finding element: By.cssSelector: .v-expansion-panel__container:nth-child(5) .panel-header
2021-03-19/13:32:16.685  INFO: listener.WebEventListener - Before Finding element: By.cssSelector: .v-expansion-panel__container:nth-child(5) .panel-header
467156 [main] INFO utilities.listener.WebEventListener  - Before Finding element: By.cssSelector: .v-expansion-panel__container:nth-child(5) .panel-header
467156 [main] INFO utilities.listener.WebEventListener  - Before Finding element: By.cssSelector: .v-expansion-panel__container:nth-child(5) .panel-header
2021-03-19/13:32:16.957  INFO: listener.WebEventListener - Before Finding element: By.cssSelector: .v-expansion-panel__container:nth-child(5) .panel-header
467428 [main] INFO utilities.listener.WebEventListener  - Before Finding element: By.cssSelector: .v-expansion-panel__container:nth-child(5) .panel-header
467428 [main] INFO utilities.listener.WebEventListener  - Before Finding element: By.cssSelector: .v-expansion-panel__container:nth-child(5) .panel-header
2021-03-19/13:32:17.229  INFO: listener.WebEventListener - Before Finding element: By.cssSelector: .v-expansion-panel__container:nth-child(5) .panel-header
467700 [main] INFO utilities.listener.WebEventListener  - Before Finding element: By.cssSelector: .v-expansion-panel__container:nth-child(5) .panel-header
467700 [main] INFO utilities.listener.WebEventListener  - Before Finding element: By.cssSelector: .v-expansion-panel__container:nth-child(5) .panel-header
2021-03-19/13:32:17.501  INFO: listener.WebEventListener - Before Finding element: By.cssSelector: .v-expansion-panel__container:nth-child(5) .panel-header
467972 [main] INFO utilities.listener.WebEventListener  - Before Finding element: By.cssSelector: .v-expansion-panel__container:nth-child(5) .panel-header
467972 [main] INFO utilities.listener.WebEventListener  - Before Finding element: By.cssSelector: .v-expansion-panel__container:nth-child(5) .panel-header
2021-03-19/13:32:17.775  INFO: listener.WebEventListener - Before Finding element: By.cssSelector: .v-expansion-panel__container:nth-child(5) .panel-header
468246 [main] INFO utilities.listener.WebEventListener  - Before Finding element: By.cssSelector: .v-expansion-panel__container:nth-child(5) .panel-header
468246 [main] INFO utilities.listener.WebEventListener  - Before Finding element: By.cssSelector: .v-expansion-panel__container:nth-child(5) .panel-header
2021-03-19/13:32:18.041  INFO: listener.WebEventListener - Before Finding element: By.cssSelector: .v-expansion-panel__container:nth-child(5) .panel-header
468512 [main] INFO utilities.listener.WebEventListener  - Before Finding element: By.cssSelector: .v-expansion-panel__container:nth-child(5) .panel-header
468512 [main] INFO utilities.listener.WebEventListener  - Before Finding element: By.cssSelector: .v-expansion-panel__container:nth-child(5) .panel-header
2021-03-19/13:32:18.307  INFO: listener.WebEventListener - Before Finding element: By.cssSelector: .v-expansion-panel__container:nth-child(5) .panel-header
468778 [main] INFO utilities.listener.WebEventListener  - Before Finding element: By.cssSelector: .v-expansion-panel__container:nth-child(5) .panel-header
468778 [main] INFO utilities.listener.WebEventListener  - Before Finding element: By.cssSelector: .v-expansion-panel__container:nth-child(5) .panel-header
2021-03-19/13:32:18.576  INFO: listener.WebEventListener - Before Finding element: By.cssSelector: .v-expansion-panel__container:nth-child(5) .panel-header
469047 [main] INFO utilities.listener.WebEventListener  - Before Finding element: By.cssSelector: .v-expansion-panel__container:nth-child(5) .panel-header
469047 [main] INFO utilities.listener.WebEventListener  - Before Finding element: By.cssSelector: .v-expansion-panel__container:nth-child(5) .panel-header
2021-03-19/13:32:18.847  INFO: listener.WebEventListener - Before Finding element: By.cssSelector: .v-expansion-panel__container:nth-child(5) .panel-header
469318 [main] INFO utilities.listener.WebEventListener  - Before Finding element: By.cssSelector: .v-expansion-panel__container:nth-child(5) .panel-header
469318 [main] INFO utilities.listener.WebEventListener  - Before Finding element: By.cssSelector: .v-expansion-panel__container:nth-child(5) .panel-header
2021-03-19/13:32:19.113  INFO: listener.WebEventListener - Before Finding element: By.cssSelector: .v-expansion-panel__container:nth-child(5) .panel-header
469584 [main] INFO utilities.listener.WebEventListener  - Before Finding element: By.cssSelector: .v-expansion-panel__container:nth-child(5) .panel-header
469584 [main] INFO utilities.listener.WebEventListener  - Before Finding element: By.cssSelector: .v-expansion-panel__container:nth-child(5) .panel-header
2021-03-19/13:32:19.380  INFO: listener.WebEventListener - Before Finding element: By.cssSelector: .v-expansion-panel__container:nth-child(5) .panel-header
469851 [main] INFO utilities.listener.WebEventListener  - Before Finding element: By.cssSelector: .v-expansion-panel__container:nth-child(5) .panel-header
469851 [main] INFO utilities.listener.WebEventListener  - Before Finding element: By.cssSelector: .v-expansion-panel__container:nth-child(5) .panel-header
2021-03-19/13:32:19.646  INFO: listener.WebEventListener - Before Finding element: By.cssSelector: .v-expansion-panel__container:nth-child(5) .panel-header
470117 [main] INFO utilities.listener.WebEventListener  - Before Finding element: By.cssSelector: .v-expansion-panel__container:nth-child(5) .panel-header
470117 [main] INFO utilities.listener.WebEventListener  - Before Finding element: By.cssSelector: .v-expansion-panel__container:nth-child(5) .panel-header
2021-03-19/13:32:19.911  INFO: listener.WebEventListener - Before Finding element: By.cssSelector: .v-expansion-panel__container:nth-child(5) .panel-header
470382 [main] INFO utilities.listener.WebEventListener  - Before Finding element: By.cssSelector: .v-expansion-panel__container:nth-child(5) .panel-header
470382 [main] INFO utilities.listener.WebEventListener  - Before Finding element: By.cssSelector: .v-expansion-panel__container:nth-child(5) .panel-header
2021-03-19/13:32:20.178  INFO: listener.WebEventListener - Before Finding element: By.cssSelector: .v-expansion-panel__container:nth-child(5) .panel-header
470649 [main] INFO utilities.listener.WebEventListener  - Before Finding element: By.cssSelector: .v-expansion-panel__container:nth-child(5) .panel-header
470649 [main] INFO utilities.listener.WebEventListener  - Before Finding element: By.cssSelector: .v-expansion-panel__container:nth-child(5) .panel-header
2021-03-19/13:32:20.444  INFO: listener.WebEventListener - Before Finding element: By.cssSelector: .v-expansion-panel__container:nth-child(5) .panel-header
470915 [main] INFO utilities.listener.WebEventListener  - Before Finding element: By.cssSelector: .v-expansion-panel__container:nth-child(5) .panel-header
470915 [main] INFO utilities.listener.WebEventListener  - Before Finding element: By.cssSelector: .v-expansion-panel__container:nth-child(5) .panel-header
2021-03-19/13:32:20.717  INFO: listener.WebEventListener - Before Finding element: By.cssSelector: .v-expansion-panel__container:nth-child(5) .panel-header
471188 [main] INFO utilities.listener.WebEventListener  - Before Finding element: By.cssSelector: .v-expansion-panel__container:nth-child(5) .panel-header
471188 [main] INFO utilities.listener.WebEventListener  - Before Finding element: By.cssSelector: .v-expansion-panel__container:nth-child(5) .panel-header
2021-03-19/13:32:20.982  INFO: listener.WebEventListener - Before Finding element: By.cssSelector: .v-expansion-panel__container:nth-child(5) .panel-header
471453 [main] INFO utilities.listener.WebEventListener  - Before Finding element: By.cssSelector: .v-expansion-panel__container:nth-child(5) .panel-header
471453 [main] INFO utilities.listener.WebEventListener  - Before Finding element: By.cssSelector: .v-expansion-panel__container:nth-child(5) .panel-header
2021-03-19/13:32:21.246  INFO: listener.WebEventListener - Before Finding element: By.cssSelector: .v-expansion-panel__container:nth-child(5) .panel-header
471717 [main] INFO utilities.listener.WebEventListener  - Before Finding element: By.cssSelector: .v-expansion-panel__container:nth-child(5) .panel-header
471717 [main] INFO utilities.listener.WebEventListener  - Before Finding element: By.cssSelector: .v-expansion-panel__container:nth-child(5) .panel-header
2021-03-19/13:32:21.510  INFO: listener.WebEventListener - Before Finding element: By.cssSelector: .v-expansion-panel__container:nth-child(5) .panel-header
471981 [main] INFO utilities.listener.WebEventListener  - Before Finding element: By.cssSelector: .v-expansion-panel__container:nth-child(5) .panel-header
471981 [main] INFO utilities.listener.WebEventListener  - Before Finding element: By.cssSelector: .v-expansion-panel__container:nth-child(5) .panel-header
2021-03-19/13:32:21.851  INFO: listener.WebEventListener - Before Finding element: By.cssSelector: .v-expansion-panel__container:nth-child(5) .panel-header
472322 [main] INFO utilities.listener.WebEventListener  - Before Finding element: By.cssSelector: .v-expansion-panel__container:nth-child(5) .panel-header
472322 [main] INFO utilities.listener.WebEventListener  - Before Finding element: By.cssSelector: .v-expansion-panel__container:nth-child(5) .panel-header
2021-03-19/13:32:22.221  INFO: listener.WebEventListener - Before Finding element: By.cssSelector: .v-expansion-panel__container:nth-child(5) .panel-header
472692 [main] INFO utilities.listener.WebEventListener  - Before Finding element: By.cssSelector: .v-expansion-panel__container:nth-child(5) .panel-header
472692 [main] INFO utilities.listener.WebEventListener  - Before Finding element: By.cssSelector: .v-expansion-panel__container:nth-child(5) .panel-header
2021-03-19/13:32:22.557  INFO: listener.WebEventListener - Before Finding element: By.cssSelector: .v-expansion-panel__container:nth-child(5) .panel-header
473028 [main] INFO utilities.listener.WebEventListener  - Before Finding element: By.cssSelector: .v-expansion-panel__container:nth-child(5) .panel-header
473028 [main] INFO utilities.listener.WebEventListener  - Before Finding element: By.cssSelector: .v-expansion-panel__container:nth-child(5) .panel-header
2021-03-19/13:32:22.837  INFO: listener.WebEventListener - Before Finding element: By.cssSelector: .v-expansion-panel__container:nth-child(5) .panel-header
473308 [main] INFO utilities.listener.WebEventListener  - Before Finding element: By.cssSelector: .v-expansion-panel__container:nth-child(5) .panel-header
473308 [main] INFO utilities.listener.WebEventListener  - Before Finding element: By.cssSelector: .v-expansion-panel__container:nth-child(5) .panel-header
2021-03-19/13:32:23.106  INFO: listener.WebEventListener - Before Finding element: By.cssSelector: .v-expansion-panel__container:nth-child(5) .panel-header
473577 [main] INFO utilities.listener.WebEventListener  - Before Finding element: By.cssSelector: .v-expansion-panel__container:nth-child(5) .panel-header
473577 [main] INFO utilities.listener.WebEventListener  - Before Finding element: By.cssSelector: .v-expansion-panel__container:nth-child(5) .panel-header
2021-03-19/13:32:23.373  INFO: listener.WebEventListener - Before Finding element: By.cssSelector: .v-expansion-panel__container:nth-child(5) .panel-header
473844 [main] INFO utilities.listener.WebEventListener  - Before Finding element: By.cssSelector: .v-expansion-panel__container:nth-child(5) .panel-header
473844 [main] INFO utilities.listener.WebEventListener  - Before Finding element: By.cssSelector: .v-expansion-panel__container:nth-child(5) .panel-header
2021-03-19/13:32:23.640  INFO: listener.WebEventListener - Before Finding element: By.cssSelector: .v-expansion-panel__container:nth-child(5) .panel-header
474111 [main] INFO utilities.listener.WebEventListener  - Before Finding element: By.cssSelector: .v-expansion-panel__container:nth-child(5) .panel-header
474111 [main] INFO utilities.listener.WebEventListener  - Before Finding element: By.cssSelector: .v-expansion-panel__container:nth-child(5) .panel-header
2021-03-19/13:32:23.908  INFO: listener.WebEventListener - Before Finding element: By.cssSelector: .v-expansion-panel__container:nth-child(5) .panel-header
474379 [main] INFO utilities.listener.WebEventListener  - Before Finding element: By.cssSelector: .v-expansion-panel__container:nth-child(5) .panel-header
474379 [main] INFO utilities.listener.WebEventListener  - Before Finding element: By.cssSelector: .v-expansion-panel__container:nth-child(5) .panel-header
2021-03-19/13:32:24.173  INFO: listener.WebEventListener - Before Finding element: By.cssSelector: .v-expansion-panel__container:nth-child(5) .panel-header
474644 [main] INFO utilities.listener.WebEventListener  - Before Finding element: By.cssSelector: .v-expansion-panel__container:nth-child(5) .panel-header
474644 [main] INFO utilities.listener.WebEventListener  - Before Finding element: By.cssSelector: .v-expansion-panel__container:nth-child(5) .panel-header
2021-03-19/13:32:24.441  INFO: listener.WebEventListener - Before Finding element: By.cssSelector: .v-expansion-panel__container:nth-child(5) .panel-header
474912 [main] INFO utilities.listener.WebEventListener  - Before Finding element: By.cssSelector: .v-expansion-panel__container:nth-child(5) .panel-header
474912 [main] INFO utilities.listener.WebEventListener  - Before Finding element: By.cssSelector: .v-expansion-panel__container:nth-child(5) .panel-header
2021-03-19/13:32:24.722  INFO: listener.WebEventListener - Before Finding element: By.cssSelector: .v-expansion-panel__container:nth-child(5) .panel-header
475193 [main] INFO utilities.listener.WebEventListener  - Before Finding element: By.cssSelector: .v-expansion-panel__container:nth-child(5) .panel-header
475193 [main] INFO utilities.listener.WebEventListener  - Before Finding element: By.cssSelector: .v-expansion-panel__container:nth-child(5) .panel-header
2021-03-19/13:32:24.999  INFO: listener.WebEventListener - Before Finding element: By.cssSelector: .v-expansion-panel__container:nth-child(5) .panel-header
475470 [main] INFO utilities.listener.WebEventListener  - Before Finding element: By.cssSelector: .v-expansion-panel__container:nth-child(5) .panel-header
475470 [main] INFO utilities.listener.WebEventListener  - Before Finding element: By.cssSelector: .v-expansion-panel__container:nth-child(5) .panel-header
2021-03-19/13:32:25.265  INFO: listener.WebEventListener - Before Finding element: By.cssSelector: .v-expansion-panel__container:nth-child(5) .panel-header
475736 [main] INFO utilities.listener.WebEventListener  - Before Finding element: By.cssSelector: .v-expansion-panel__container:nth-child(5) .panel-header
475736 [main] INFO utilities.listener.WebEventListener  - Before Finding element: By.cssSelector: .v-expansion-panel__container:nth-child(5) .panel-header
2021-03-19/13:32:25.531  INFO: listener.WebEventListener - Before Finding element: By.cssSelector: .v-expansion-panel__container:nth-child(5) .panel-header
476002 [main] INFO utilities.listener.WebEventListener  - Before Finding element: By.cssSelector: .v-expansion-panel__container:nth-child(5) .panel-header
476002 [main] INFO utilities.listener.WebEventListener  - Before Finding element: By.cssSelector: .v-expansion-panel__container:nth-child(5) .panel-header
2021-03-19/13:32:25.799  INFO: listener.WebEventListener - Before Finding element: By.cssSelector: .v-expansion-panel__container:nth-child(5) .panel-header
476270 [main] INFO utilities.listener.WebEventListener  - Before Finding element: By.cssSelector: .v-expansion-panel__container:nth-child(5) .panel-header
476270 [main] INFO utilities.listener.WebEventListener  - Before Finding element: By.cssSelector: .v-expansion-panel__container:nth-child(5) .panel-header
2021-03-19/13:32:26.062  INFO: listener.WebEventListener - Before Finding element: By.cssSelector: .v-expansion-panel__container:nth-child(5) .panel-header
476533 [main] INFO utilities.listener.WebEventListener  - Before Finding element: By.cssSelector: .v-expansion-panel__container:nth-child(5) .panel-header
476533 [main] INFO utilities.listener.WebEventListener  - Before Finding element: By.cssSelector: .v-expansion-panel__container:nth-child(5) .panel-header
2021-03-19/13:32:26.328  INFO: listener.WebEventListener - Before Finding element: By.cssSelector: .v-expansion-panel__container:nth-child(5) .panel-header
476799 [main] INFO utilities.listener.WebEventListener  - Before Finding element: By.cssSelector: .v-expansion-panel__container:nth-child(5) .panel-header
476799 [main] INFO utilities.listener.WebEventListener  - Before Finding element: By.cssSelector: .v-expansion-panel__container:nth-child(5) .panel-header
2021-03-19/13:32:26.599  INFO: listener.WebEventListener - Before Finding element: By.cssSelector: .v-expansion-panel__container:nth-child(5) .panel-header
477070 [main] INFO utilities.listener.WebEventListener  - Before Finding element: By.cssSelector: .v-expansion-panel__container:nth-child(5) .panel-header
477070 [main] INFO utilities.listener.WebEventListener  - Before Finding element: By.cssSelector: .v-expansion-panel__container:nth-child(5) .panel-header
2021-03-19/13:32:26.866  INFO: listener.WebEventListener - Before Finding element: By.cssSelector: .v-expansion-panel__container:nth-child(5) .panel-header
477337 [main] INFO utilities.listener.WebEventListener  - Before Finding element: By.cssSelector: .v-expansion-panel__container:nth-child(5) .panel-header
477337 [main] INFO utilities.listener.WebEventListener  - Before Finding element: By.cssSelector: .v-expansion-panel__container:nth-child(5) .panel-header
2021-03-19/13:32:27.132  INFO: listener.WebEventListener - Before Finding element: By.cssSelector: .v-expansion-panel__container:nth-child(5) .panel-header
477603 [main] INFO utilities.listener.WebEventListener  - Before Finding element: By.cssSelector: .v-expansion-panel__container:nth-child(5) .panel-header
477603 [main] INFO utilities.listener.WebEventListener  - Before Finding element: By.cssSelector: .v-expansion-panel__container:nth-child(5) .panel-header
2021-03-19/13:32:27.403  INFO: listener.WebEventListener - Before Finding element: By.cssSelector: .v-expansion-panel__container:nth-child(5) .panel-header
477874 [main] INFO utilities.listener.WebEventListener  - Before Finding element: By.cssSelector: .v-expansion-panel__container:nth-child(5) .panel-header
477874 [main] INFO utilities.listener.WebEventListener  - Before Finding element: By.cssSelector: .v-expansion-panel__container:nth-child(5) .panel-header
2021-03-19/13:32:27.671  INFO: listener.WebEventListener - Before Finding element: By.cssSelector: .v-expansion-panel__container:nth-child(5) .panel-header
478142 [main] INFO utilities.listener.WebEventListener  - Before Finding element: By.cssSelector: .v-expansion-panel__container:nth-child(5) .panel-header
478142 [main] INFO utilities.listener.WebEventListener  - Before Finding element: By.cssSelector: .v-expansion-panel__container:nth-child(5) .panel-header
2021-03-19/13:32:27.940  INFO: listener.WebEventListener - Before Finding element: By.cssSelector: .v-expansion-panel__container:nth-child(5) .panel-header
478411 [main] INFO utilities.listener.WebEventListener  - Before Finding element: By.cssSelector: .v-expansion-panel__container:nth-child(5) .panel-header
478411 [main] INFO utilities.listener.WebEventListener  - Before Finding element: By.cssSelector: .v-expansion-panel__container:nth-child(5) .panel-header
2021-03-19/13:32:28.205  INFO: listener.WebEventListener - Before Finding element: By.cssSelector: .v-expansion-panel__container:nth-child(5) .panel-header
478676 [main] INFO utilities.listener.WebEventListener  - Before Finding element: By.cssSelector: .v-expansion-panel__container:nth-child(5) .panel-header
478676 [main] INFO utilities.listener.WebEventListener  - Before Finding element: By.cssSelector: .v-expansion-panel__container:nth-child(5) .panel-header
2021-03-19/13:32:28.472  INFO: listener.WebEventListener - Before Finding element: By.cssSelector: .v-expansion-panel__container:nth-child(5) .panel-header
478943 [main] INFO utilities.listener.WebEventListener  - Before Finding element: By.cssSelector: .v-expansion-panel__container:nth-child(5) .panel-header
478943 [main] INFO utilities.listener.WebEventListener  - Before Finding element: By.cssSelector: .v-expansion-panel__container:nth-child(5) .panel-header
2021-03-19/13:32:28.741  INFO: listener.WebEventListener - Before Finding element: By.cssSelector: .v-expansion-panel__container:nth-child(5) .panel-header
479212 [main] INFO utilities.listener.WebEventListener  - Before Finding element: By.cssSelector: .v-expansion-panel__container:nth-child(5) .panel-header
479212 [main] INFO utilities.listener.WebEventListener  - Before Finding element: By.cssSelector: .v-expansion-panel__container:nth-child(5) .panel-header
2021-03-19/13:32:29.009  INFO: listener.WebEventListener - Before Finding element: By.cssSelector: .v-expansion-panel__container:nth-child(5) .panel-header
479480 [main] INFO utilities.listener.WebEventListener  - Before Finding element: By.cssSelector: .v-expansion-panel__container:nth-child(5) .panel-header
479480 [main] INFO utilities.listener.WebEventListener  - Before Finding element: By.cssSelector: .v-expansion-panel__container:nth-child(5) .panel-header
2021-03-19/13:32:29.274  INFO: listener.WebEventListener - Before Finding element: By.cssSelector: .v-expansion-panel__container:nth-child(5) .panel-header
479745 [main] INFO utilities.listener.WebEventListener  - Before Finding element: By.cssSelector: .v-expansion-panel__container:nth-child(5) .panel-header
479745 [main] INFO utilities.listener.WebEventListener  - Before Finding element: By.cssSelector: .v-expansion-panel__container:nth-child(5) .panel-header
2021-03-19/13:32:29.540  INFO: listener.WebEventListener - Before Finding element: By.cssSelector: .v-expansion-panel__container:nth-child(5) .panel-header
480011 [main] INFO utilities.listener.WebEventListener  - Before Finding element: By.cssSelector: .v-expansion-panel__container:nth-child(5) .panel-header
480011 [main] INFO utilities.listener.WebEventListener  - Before Finding element: By.cssSelector: .v-expansion-panel__container:nth-child(5) .panel-header
2021-03-19/13:32:29.806  INFO: listener.WebEventListener - Before Finding element: By.cssSelector: .v-expansion-panel__container:nth-child(5) .panel-header
480277 [main] INFO utilities.listener.WebEventListener  - Before Finding element: By.cssSelector: .v-expansion-panel__container:nth-child(5) .panel-header
480277 [main] INFO utilities.listener.WebEventListener  - Before Finding element: By.cssSelector: .v-expansion-panel__container:nth-child(5) .panel-header
2021-03-19/13:32:30.074  INFO: listener.WebEventListener - Before Finding element: By.cssSelector: .v-expansion-panel__container:nth-child(5) .panel-header
480545 [main] INFO utilities.listener.WebEventListener  - Before Finding element: By.cssSelector: .v-expansion-panel__container:nth-child(5) .panel-header
480545 [main] INFO utilities.listener.WebEventListener  - Before Finding element: By.cssSelector: .v-expansion-panel__container:nth-child(5) .panel-header
2021-03-19/13:32:30.342  INFO: listener.WebEventListener - Before Finding element: By.cssSelector: .v-expansion-panel__container:nth-child(5) .panel-header
480813 [main] INFO utilities.listener.WebEventListener  - Before Finding element: By.cssSelector: .v-expansion-panel__container:nth-child(5) .panel-header
480813 [main] INFO utilities.listener.WebEventListener  - Before Finding element: By.cssSelector: .v-expansion-panel__container:nth-child(5) .panel-header
2021-03-19/13:32:30.613  INFO: listener.WebEventListener - Before Finding element: By.cssSelector: .v-expansion-panel__container:nth-child(5) .panel-header
481084 [main] INFO utilities.listener.WebEventListener  - Before Finding element: By.cssSelector: .v-expansion-panel__container:nth-child(5) .panel-header
481084 [main] INFO utilities.listener.WebEventListener  - Before Finding element: By.cssSelector: .v-expansion-panel__container:nth-child(5) .panel-header
2021-03-19/13:32:30.879  INFO: listener.WebEventListener - Before Finding element: By.cssSelector: .v-expansion-panel__container:nth-child(5) .panel-header
481350 [main] INFO utilities.listener.WebEventListener  - Before Finding element: By.cssSelector: .v-expansion-panel__container:nth-child(5) .panel-header
481350 [main] INFO utilities.listener.WebEventListener  - Before Finding element: By.cssSelector: .v-expansion-panel__container:nth-child(5) .panel-header
2021-03-19/13:32:31.146  INFO: listener.WebEventListener - Before Finding element: By.cssSelector: .v-expansion-panel__container:nth-child(5) .panel-header
481617 [main] INFO utilities.listener.WebEventListener  - Before Finding element: By.cssSelector: .v-expansion-panel__container:nth-child(5) .panel-header
481617 [main] INFO utilities.listener.WebEventListener  - Before Finding element: By.cssSelector: .v-expansion-panel__container:nth-child(5) .panel-header
2021-03-19/13:32:31.411  INFO: listener.WebEventListener - Before Finding element: By.cssSelector: .v-expansion-panel__container:nth-child(5) .panel-header
481882 [main] INFO utilities.listener.WebEventListener  - Before Finding element: By.cssSelector: .v-expansion-panel__container:nth-child(5) .panel-header
481882 [main] INFO utilities.listener.WebEventListener  - Before Finding element: By.cssSelector: .v-expansion-panel__container:nth-child(5) .panel-header
2021-03-19/13:32:31.678  INFO: listener.WebEventListener - Before Finding element: By.cssSelector: .v-expansion-panel__container:nth-child(5) .panel-header
482149 [main] INFO utilities.listener.WebEventListener  - Before Finding element: By.cssSelector: .v-expansion-panel__container:nth-child(5) .panel-header
482149 [main] INFO utilities.listener.WebEventListener  - Before Finding element: By.cssSelector: .v-expansion-panel__container:nth-child(5) .panel-header
2021-03-19/13:32:31.944  INFO: listener.WebEventListener - Before Finding element: By.cssSelector: .v-expansion-panel__container:nth-child(5) .panel-header
482415 [main] INFO utilities.listener.WebEventListener  - Before Finding element: By.cssSelector: .v-expansion-panel__container:nth-child(5) .panel-header
482415 [main] INFO utilities.listener.WebEventListener  - Before Finding element: By.cssSelector: .v-expansion-panel__container:nth-child(5) .panel-header
2021-03-19/13:32:31.975  INFO: listener.WebEventListener - Before Finding element: By.cssSelector: .v-expansion-panel__container:nth-child(5) .panel-header
482446 [main] INFO utilities.listener.WebEventListener  - Before Finding element: By.cssSelector: .v-expansion-panel__container:nth-child(5) .panel-header
482446 [main] INFO utilities.listener.WebEventListener  - Before Finding element: By.cssSelector: .v-expansion-panel__container:nth-child(5) .panel-header
2021-03-19/13:32:32.002  INFO: listener.WebEventListener - Before Finding element: By.cssSelector: .v-expansion-panel__container:nth-child(5) .panel-header
482473 [main] INFO utilities.listener.WebEventListener  - Before Finding element: By.cssSelector: .v-expansion-panel__container:nth-child(5) .panel-header
482473 [main] INFO utilities.listener.WebEventListener  - Before Finding element: By.cssSelector: .v-expansion-panel__container:nth-child(5) .panel-header
2021-03-19/13:32:32.327  INFO: listener.WebEventListener - Before Finding element: By.cssSelector: .v-expansion-panel__container:nth-child(5) .panel-header
482798 [main] INFO utilities.listener.WebEventListener  - Before Finding element: By.cssSelector: .v-expansion-panel__container:nth-child(5) .panel-header
482798 [main] INFO utilities.listener.WebEventListener  - Before Finding element: By.cssSelector: .v-expansion-panel__container:nth-child(5) .panel-header
2021-03-19/13:32:32.600  INFO: listener.WebEventListener - Before Finding element: By.cssSelector: .v-expansion-panel__container:nth-child(5) .panel-header
483071 [main] INFO utilities.listener.WebEventListener  - Before Finding element: By.cssSelector: .v-expansion-panel__container:nth-child(5) .panel-header
483071 [main] INFO utilities.listener.WebEventListener  - Before Finding element: By.cssSelector: .v-expansion-panel__container:nth-child(5) .panel-header
2021-03-19/13:32:32.869  INFO: listener.WebEventListener - Before Finding element: By.cssSelector: .v-expansion-panel__container:nth-child(5) .panel-header
483340 [main] INFO utilities.listener.WebEventListener  - Before Finding element: By.cssSelector: .v-expansion-panel__container:nth-child(5) .panel-header
483340 [main] INFO utilities.listener.WebEventListener  - Before Finding element: By.cssSelector: .v-expansion-panel__container:nth-child(5) .panel-header
2021-03-19/13:32:33.132  INFO: listener.WebEventListener - Before Finding element: By.cssSelector: .v-expansion-panel__container:nth-child(5) .panel-header
483603 [main] INFO utilities.listener.WebEventListener  - Before Finding element: By.cssSelector: .v-expansion-panel__container:nth-child(5) .panel-header
483603 [main] INFO utilities.listener.WebEventListener  - Before Finding element: By.cssSelector: .v-expansion-panel__container:nth-child(5) .panel-header
2021-03-19/13:32:33.396  INFO: listener.WebEventListener - Before Finding element: By.cssSelector: .v-expansion-panel__container:nth-child(5) .panel-header
483867 [main] INFO utilities.listener.WebEventListener  - Before Finding element: By.cssSelector: .v-expansion-panel__container:nth-child(5) .panel-header
483867 [main] INFO utilities.listener.WebEventListener  - Before Finding element: By.cssSelector: .v-expansion-panel__container:nth-child(5) .panel-header
2021-03-19/13:32:33.664  INFO: listener.WebEventListener - Before Finding element: By.cssSelector: .v-expansion-panel__container:nth-child(5) .panel-header
484135 [main] INFO utilities.listener.WebEventListener  - Before Finding element: By.cssSelector: .v-expansion-panel__container:nth-child(5) .panel-header
484135 [main] INFO utilities.listener.WebEventListener  - Before Finding element: By.cssSelector: .v-expansion-panel__container:nth-child(5) .panel-header
2021-03-19/13:32:33.931  INFO: listener.WebEventListener - Before Finding element: By.cssSelector: .v-expansion-panel__container:nth-child(5) .panel-header
484402 [main] INFO utilities.listener.WebEventListener  - Before Finding element: By.cssSelector: .v-expansion-panel__container:nth-child(5) .panel-header
484402 [main] INFO utilities.listener.WebEventListener  - Before Finding element: By.cssSelector: .v-expansion-panel__container:nth-child(5) .panel-header
2021-03-19/13:32:34.196  INFO: listener.WebEventListener - Before Finding element: By.cssSelector: .v-expansion-panel__container:nth-child(5) .panel-header
484667 [main] INFO utilities.listener.WebEventListener  - Before Finding element: By.cssSelector: .v-expansion-panel__container:nth-child(5) .panel-header
484667 [main] INFO utilities.listener.WebEventListener  - Before Finding element: By.cssSelector: .v-expansion-panel__container:nth-child(5) .panel-header
2021-03-19/13:32:34.463  INFO: listener.WebEventListener - Before Finding element: By.cssSelector: .v-expansion-panel__container:nth-child(5) .panel-header
484934 [main] INFO utilities.listener.WebEventListener  - Before Finding element: By.cssSelector: .v-expansion-panel__container:nth-child(5) .panel-header
484934 [main] INFO utilities.listener.WebEventListener  - Before Finding element: By.cssSelector: .v-expansion-panel__container:nth-child(5) .panel-header
2021-03-19/13:32:34.777  INFO: listener.WebEventListener - Before Finding element: By.cssSelector: .v-expansion-panel__container:nth-child(5) .panel-header
485248 [main] INFO utilities.listener.WebEventListener  - Before Finding element: By.cssSelector: .v-expansion-panel__container:nth-child(5) .panel-header
485248 [main] INFO utilities.listener.WebEventListener  - Before Finding element: By.cssSelector: .v-expansion-panel__container:nth-child(5) .panel-header
2021-03-19/13:32:35.046  INFO: listener.WebEventListener - Before Finding element: By.cssSelector: .v-expansion-panel__container:nth-child(5) .panel-header
485517 [main] INFO utilities.listener.WebEventListener  - Before Finding element: By.cssSelector: .v-expansion-panel__container:nth-child(5) .panel-header
485517 [main] INFO utilities.listener.WebEventListener  - Before Finding element: By.cssSelector: .v-expansion-panel__container:nth-child(5) .panel-header
2021-03-19/13:32:35.351  INFO: listener.WebEventListener - Before Finding element: By.cssSelector: .v-expansion-panel__container:nth-child(5) .panel-header
485822 [main] INFO utilities.listener.WebEventListener  - Before Finding element: By.cssSelector: .v-expansion-panel__container:nth-child(5) .panel-header
485822 [main] INFO utilities.listener.WebEventListener  - Before Finding element: By.cssSelector: .v-expansion-panel__container:nth-child(5) .panel-header
2021-03-19/13:32:35.621  INFO: listener.WebEventListener - Before Finding element: By.cssSelector: .v-expansion-panel__container:nth-child(5) .panel-header
486092 [main] INFO utilities.listener.WebEventListener  - Before Finding element: By.cssSelector: .v-expansion-panel__container:nth-child(5) .panel-header
486092 [main] INFO utilities.listener.WebEventListener  - Before Finding element: By.cssSelector: .v-expansion-panel__container:nth-child(5) .panel-header
2021-03-19/13:32:35.893  INFO: listener.WebEventListener - Before Finding element: By.cssSelector: .v-expansion-panel__container:nth-child(5) .panel-header
486364 [main] INFO utilities.listener.WebEventListener  - Before Finding element: By.cssSelector: .v-expansion-panel__container:nth-child(5) .panel-header
486364 [main] INFO utilities.listener.WebEventListener  - Before Finding element: By.cssSelector: .v-expansion-panel__container:nth-child(5) .panel-header
2021-03-19/13:32:36.165  INFO: listener.WebEventListener - Before Finding element: By.cssSelector: .v-expansion-panel__container:nth-child(5) .panel-header
486636 [main] INFO utilities.listener.WebEventListener  - Before Finding element: By.cssSelector: .v-expansion-panel__container:nth-child(5) .panel-header
486636 [main] INFO utilities.listener.WebEventListener  - Before Finding element: By.cssSelector: .v-expansion-panel__container:nth-child(5) .panel-header
2021-03-19/13:32:36.447  INFO: listener.WebEventListener - Before Finding element: By.cssSelector: .v-expansion-panel__container:nth-child(5) .panel-header
486918 [main] INFO utilities.listener.WebEventListener  - Before Finding element: By.cssSelector: .v-expansion-panel__container:nth-child(5) .panel-header
486918 [main] INFO utilities.listener.WebEventListener  - Before Finding element: By.cssSelector: .v-expansion-panel__container:nth-child(5) .panel-header
2021-03-19/13:32:36.720  INFO: listener.WebEventListener - Before Finding element: By.cssSelector: .v-expansion-panel__container:nth-child(5) .panel-header
487191 [main] INFO utilities.listener.WebEventListener  - Before Finding element: By.cssSelector: .v-expansion-panel__container:nth-child(5) .panel-header
487191 [main] INFO utilities.listener.WebEventListener  - Before Finding element: By.cssSelector: .v-expansion-panel__container:nth-child(5) .panel-header
2021-03-19/13:32:36.990  INFO: listener.WebEventListener - Before Finding element: By.cssSelector: .v-expansion-panel__container:nth-child(5) .panel-header
487461 [main] INFO utilities.listener.WebEventListener  - Before Finding element: By.cssSelector: .v-expansion-panel__container:nth-child(5) .panel-header
487461 [main] INFO utilities.listener.WebEventListener  - Before Finding element: By.cssSelector: .v-expansion-panel__container:nth-child(5) .panel-header
2021-03-19/13:32:37.294  INFO: listener.WebEventListener - Before Finding element: By.cssSelector: .v-expansion-panel__container:nth-child(5) .panel-header
487765 [main] INFO utilities.listener.WebEventListener  - Before Finding element: By.cssSelector: .v-expansion-panel__container:nth-child(5) .panel-header
487765 [main] INFO utilities.listener.WebEventListener  - Before Finding element: By.cssSelector: .v-expansion-panel__container:nth-child(5) .panel-header
2021-03-19/13:32:37.575  INFO: listener.WebEventListener - Before Finding element: By.cssSelector: .v-expansion-panel__container:nth-child(5) .panel-header
488046 [main] INFO utilities.listener.WebEventListener  - Before Finding element: By.cssSelector: .v-expansion-panel__container:nth-child(5) .panel-header
488046 [main] INFO utilities.listener.WebEventListener  - Before Finding element: By.cssSelector: .v-expansion-panel__container:nth-child(5) .panel-header
2021-03-19/13:32:37.846  INFO: listener.WebEventListener - Before Finding element: By.cssSelector: .v-expansion-panel__container:nth-child(5) .panel-header
488317 [main] INFO utilities.listener.WebEventListener  - Before Finding element: By.cssSelector: .v-expansion-panel__container:nth-child(5) .panel-header
488317 [main] INFO utilities.listener.WebEventListener  - Before Finding element: By.cssSelector: .v-expansion-panel__container:nth-child(5) .panel-header
2021-03-19/13:32:38.112  INFO: listener.WebEventListener - Before Finding element: By.cssSelector: .v-expansion-panel__container:nth-child(5) .panel-header
488583 [main] INFO utilities.listener.WebEventListener  - Before Finding element: By.cssSelector: .v-expansion-panel__container:nth-child(5) .panel-header
488583 [main] INFO utilities.listener.WebEventListener  - Before Finding element: By.cssSelector: .v-expansion-panel__container:nth-child(5) .panel-header
2021-03-19/13:32:38.376  INFO: listener.WebEventListener - Before Finding element: By.cssSelector: .v-expansion-panel__container:nth-child(5) .panel-header
488847 [main] INFO utilities.listener.WebEventListener  - Before Finding element: By.cssSelector: .v-expansion-panel__container:nth-child(5) .panel-header
488847 [main] INFO utilities.listener.WebEventListener  - Before Finding element: By.cssSelector: .v-expansion-panel__container:nth-child(5) .panel-header
2021-03-19/13:32:38.643  INFO: listener.WebEventListener - Before Finding element: By.cssSelector: .v-expansion-panel__container:nth-child(5) .panel-header
489114 [main] INFO utilities.listener.WebEventListener  - Before Finding element: By.cssSelector: .v-expansion-panel__container:nth-child(5) .panel-header
489114 [main] INFO utilities.listener.WebEventListener  - Before Finding element: By.cssSelector: .v-expansion-panel__container:nth-child(5) .panel-header
2021-03-19/13:32:38.910  INFO: listener.WebEventListener - Before Finding element: By.cssSelector: .v-expansion-panel__container:nth-child(5) .panel-header
489381 [main] INFO utilities.listener.WebEventListener  - Before Finding element: By.cssSelector: .v-expansion-panel__container:nth-child(5) .panel-header
489381 [main] INFO utilities.listener.WebEventListener  - Before Finding element: By.cssSelector: .v-expansion-panel__container:nth-child(5) .panel-header
2021-03-19/13:32:39.177  INFO: listener.WebEventListener - Before Finding element: By.cssSelector: .v-expansion-panel__container:nth-child(5) .panel-header
489648 [main] INFO utilities.listener.WebEventListener  - Before Finding element: By.cssSelector: .v-expansion-panel__container:nth-child(5) .panel-header
489648 [main] INFO utilities.listener.WebEventListener  - Before Finding element: By.cssSelector: .v-expansion-panel__container:nth-child(5) .panel-header
2021-03-19/13:32:39.442  INFO: listener.WebEventListener - Before Finding element: By.cssSelector: .v-expansion-panel__container:nth-child(5) .panel-header
489913 [main] INFO utilities.listener.WebEventListener  - Before Finding element: By.cssSelector: .v-expansion-panel__container:nth-child(5) .panel-header
489913 [main] INFO utilities.listener.WebEventListener  - Before Finding element: By.cssSelector: .v-expansion-panel__container:nth-child(5) .panel-header
2021-03-19/13:32:39.709  INFO: listener.WebEventListener - Before Finding element: By.cssSelector: .v-expansion-panel__container:nth-child(5) .panel-header
490180 [main] INFO utilities.listener.WebEventListener  - Before Finding element: By.cssSelector: .v-expansion-panel__container:nth-child(5) .panel-header
490180 [main] INFO utilities.listener.WebEventListener  - Before Finding element: By.cssSelector: .v-expansion-panel__container:nth-child(5) .panel-header
2021-03-19/13:32:39.977  INFO: listener.WebEventListener - Before Finding element: By.cssSelector: .v-expansion-panel__container:nth-child(5) .panel-header
490448 [main] INFO utilities.listener.WebEventListener  - Before Finding element: By.cssSelector: .v-expansion-panel__container:nth-child(5) .panel-header
490448 [main] INFO utilities.listener.WebEventListener  - Before Finding element: By.cssSelector: .v-expansion-panel__container:nth-child(5) .panel-header
2021-03-19/13:32:40.242  INFO: listener.WebEventListener - Before Finding element: By.cssSelector: .v-expansion-panel__container:nth-child(5) .panel-header
490713 [main] INFO utilities.listener.WebEventListener  - Before Finding element: By.cssSelector: .v-expansion-panel__container:nth-child(5) .panel-header
490713 [main] INFO utilities.listener.WebEventListener  - Before Finding element: By.cssSelector: .v-expansion-panel__container:nth-child(5) .panel-header
2021-03-19/13:32:40.512  INFO: listener.WebEventListener - Before Finding element: By.cssSelector: .v-expansion-panel__container:nth-child(5) .panel-header
490983 [main] INFO utilities.listener.WebEventListener  - Before Finding element: By.cssSelector: .v-expansion-panel__container:nth-child(5) .panel-header
490983 [main] INFO utilities.listener.WebEventListener  - Before Finding element: By.cssSelector: .v-expansion-panel__container:nth-child(5) .panel-header
2021-03-19/13:32:40.780  INFO: listener.WebEventListener - Before Finding element: By.cssSelector: .v-expansion-panel__container:nth-child(5) .panel-header
491251 [main] INFO utilities.listener.WebEventListener  - Before Finding element: By.cssSelector: .v-expansion-panel__container:nth-child(5) .panel-header
491251 [main] INFO utilities.listener.WebEventListener  - Before Finding element: By.cssSelector: .v-expansion-panel__container:nth-child(5) .panel-header
2021-03-19/13:32:41.047  INFO: listener.WebEventListener - Before Finding element: By.cssSelector: .v-expansion-panel__container:nth-child(5) .panel-header
491518 [main] INFO utilities.listener.WebEventListener  - Before Finding element: By.cssSelector: .v-expansion-panel__container:nth-child(5) .panel-header
491518 [main] INFO utilities.listener.WebEventListener  - Before Finding element: By.cssSelector: .v-expansion-panel__container:nth-child(5) .panel-header
2021-03-19/13:32:41.313  INFO: listener.WebEventListener - Before Finding element: By.cssSelector: .v-expansion-panel__container:nth-child(5) .panel-header
491784 [main] INFO utilities.listener.WebEventListener  - Before Finding element: By.cssSelector: .v-expansion-panel__container:nth-child(5) .panel-header
491784 [main] INFO utilities.listener.WebEventListener  - Before Finding element: By.cssSelector: .v-expansion-panel__container:nth-child(5) .panel-header
2021-03-19/13:32:41.580  INFO: listener.WebEventListener - Before Finding element: By.cssSelector: .v-expansion-panel__container:nth-child(5) .panel-header
492051 [main] INFO utilities.listener.WebEventListener  - Before Finding element: By.cssSelector: .v-expansion-panel__container:nth-child(5) .panel-header
492051 [main] INFO utilities.listener.WebEventListener  - Before Finding element: By.cssSelector: .v-expansion-panel__container:nth-child(5) .panel-header
2021-03-19/13:32:41.849  INFO: listener.WebEventListener - Before Finding element: By.cssSelector: .v-expansion-panel__container:nth-child(5) .panel-header
492320 [main] INFO utilities.listener.WebEventListener  - Before Finding element: By.cssSelector: .v-expansion-panel__container:nth-child(5) .panel-header
492320 [main] INFO utilities.listener.WebEventListener  - Before Finding element: By.cssSelector: .v-expansion-panel__container:nth-child(5) .panel-header
2021-03-19/13:32:42.115  INFO: listener.WebEventListener - Before Finding element: By.cssSelector: .v-expansion-panel__container:nth-child(5) .panel-header
492586 [main] INFO utilities.listener.WebEventListener  - Before Finding element: By.cssSelector: .v-expansion-panel__container:nth-child(5) .panel-header
492586 [main] INFO utilities.listener.WebEventListener  - Before Finding element: By.cssSelector: .v-expansion-panel__container:nth-child(5) .panel-header
2021-03-19/13:32:42.384  INFO: listener.WebEventListener - Before Finding element: By.cssSelector: .v-expansion-panel__container:nth-child(5) .panel-header
492855 [main] INFO utilities.listener.WebEventListener  - Before Finding element: By.cssSelector: .v-expansion-panel__container:nth-child(5) .panel-header
492855 [main] INFO utilities.listener.WebEventListener  - Before Finding element: By.cssSelector: .v-expansion-panel__container:nth-child(5) .panel-header
2021-03-19/13:32:42.657  INFO: listener.WebEventListener - Before Finding element: By.cssSelector: .v-expansion-panel__container:nth-child(5) .panel-header
493128 [main] INFO utilities.listener.WebEventListener  - Before Finding element: By.cssSelector: .v-expansion-panel__container:nth-child(5) .panel-header
493128 [main] INFO utilities.listener.WebEventListener  - Before Finding element: By.cssSelector: .v-expansion-panel__container:nth-child(5) .panel-header
2021-03-19/13:32:42.925  INFO: listener.WebEventListener - Before Finding element: By.cssSelector: .v-expansion-panel__container:nth-child(5) .panel-header
493396 [main] INFO utilities.listener.WebEventListener  - Before Finding element: By.cssSelector: .v-expansion-panel__container:nth-child(5) .panel-header
493396 [main] INFO utilities.listener.WebEventListener  - Before Finding element: By.cssSelector: .v-expansion-panel__container:nth-child(5) .panel-header
2021-03-19/13:32:43.192  INFO: listener.WebEventListener - Before Finding element: By.cssSelector: .v-expansion-panel__container:nth-child(5) .panel-header
493663 [main] INFO utilities.listener.WebEventListener  - Before Finding element: By.cssSelector: .v-expansion-panel__container:nth-child(5) .panel-header
493663 [main] INFO utilities.listener.WebEventListener  - Before Finding element: By.cssSelector: .v-expansion-panel__container:nth-child(5) .panel-header
2021-03-19/13:32:43.458  INFO: listener.WebEventListener - Before Finding element: By.cssSelector: .v-expansion-panel__container:nth-child(5) .panel-header
493929 [main] INFO utilities.listener.WebEventListener  - Before Finding element: By.cssSelector: .v-expansion-panel__container:nth-child(5) .panel-header
493929 [main] INFO utilities.listener.WebEventListener  - Before Finding element: By.cssSelector: .v-expansion-panel__container:nth-child(5) .panel-header
2021-03-19/13:32:43.723  INFO: listener.WebEventListener - Before Finding element: By.cssSelector: .v-expansion-panel__container:nth-child(5) .panel-header
494194 [main] INFO utilities.listener.WebEventListener  - Before Finding element: By.cssSelector: .v-expansion-panel__container:nth-child(5) .panel-header
494194 [main] INFO utilities.listener.WebEventListener  - Before Finding element: By.cssSelector: .v-expansion-panel__container:nth-child(5) .panel-header
2021-03-19/13:32:43.989  INFO: listener.WebEventListener - Before Finding element: By.cssSelector: .v-expansion-panel__container:nth-child(5) .panel-header
494460 [main] INFO utilities.listener.WebEventListener  - Before Finding element: By.cssSelector: .v-expansion-panel__container:nth-child(5) .panel-header
494460 [main] INFO utilities.listener.WebEventListener  - Before Finding element: By.cssSelector: .v-expansion-panel__container:nth-child(5) .panel-header
2021-03-19/13:32:44.256  INFO: listener.WebEventListener - Before Finding element: By.cssSelector: .v-expansion-panel__container:nth-child(5) .panel-header
494727 [main] INFO utilities.listener.WebEventListener  - Before Finding element: By.cssSelector: .v-expansion-panel__container:nth-child(5) .panel-header
494727 [main] INFO utilities.listener.WebEventListener  - Before Finding element: By.cssSelector: .v-expansion-panel__container:nth-child(5) .panel-header
2021-03-19/13:32:44.525  INFO: listener.WebEventListener - Before Finding element: By.cssSelector: .v-expansion-panel__container:nth-child(5) .panel-header
494996 [main] INFO utilities.listener.WebEventListener  - Before Finding element: By.cssSelector: .v-expansion-panel__container:nth-child(5) .panel-header
494996 [main] INFO utilities.listener.WebEventListener  - Before Finding element: By.cssSelector: .v-expansion-panel__container:nth-child(5) .panel-header
2021-03-19/13:32:44.805  INFO: listener.WebEventListener - Before Finding element: By.cssSelector: .v-expansion-panel__container:nth-child(5) .panel-header
495276 [main] INFO utilities.listener.WebEventListener  - Before Finding element: By.cssSelector: .v-expansion-panel__container:nth-child(5) .panel-header
495276 [main] INFO utilities.listener.WebEventListener  - Before Finding element: By.cssSelector: .v-expansion-panel__container:nth-child(5) .panel-header
2021-03-19/13:32:45.073  INFO: listener.WebEventListener - Before Finding element: By.cssSelector: .v-expansion-panel__container:nth-child(5) .panel-header
495544 [main] INFO utilities.listener.WebEventListener  - Before Finding element: By.cssSelector: .v-expansion-panel__container:nth-child(5) .panel-header
495544 [main] INFO utilities.listener.WebEventListener  - Before Finding element: By.cssSelector: .v-expansion-panel__container:nth-child(5) .panel-header
2021-03-19/13:32:45.340  INFO: listener.WebEventListener - Before Finding element: By.cssSelector: .v-expansion-panel__container:nth-child(5) .panel-header
495811 [main] INFO utilities.listener.WebEventListener  - Before Finding element: By.cssSelector: .v-expansion-panel__container:nth-child(5) .panel-header
495811 [main] INFO utilities.listener.WebEventListener  - Before Finding element: By.cssSelector: .v-expansion-panel__container:nth-child(5) .panel-header
2021-03-19/13:32:45.608  INFO: listener.WebEventListener - Before Finding element: By.cssSelector: .v-expansion-panel__container:nth-child(5) .panel-header
496079 [main] INFO utilities.listener.WebEventListener  - Before Finding element: By.cssSelector: .v-expansion-panel__container:nth-child(5) .panel-header
496079 [main] INFO utilities.listener.WebEventListener  - Before Finding element: By.cssSelector: .v-expansion-panel__container:nth-child(5) .panel-header
2021-03-19/13:32:45.873  INFO: listener.WebEventListener - Before Finding element: By.cssSelector: .v-expansion-panel__container:nth-child(5) .panel-header
496344 [main] INFO utilities.listener.WebEventListener  - Before Finding element: By.cssSelector: .v-expansion-panel__container:nth-child(5) .panel-header
496344 [main] INFO utilities.listener.WebEventListener  - Before Finding element: By.cssSelector: .v-expansion-panel__container:nth-child(5) .panel-header
2021-03-19/13:32:46.140  INFO: listener.WebEventListener - Before Finding element: By.cssSelector: .v-expansion-panel__container:nth-child(5) .panel-header
496611 [main] INFO utilities.listener.WebEventListener  - Before Finding element: By.cssSelector: .v-expansion-panel__container:nth-child(5) .panel-header
496611 [main] INFO utilities.listener.WebEventListener  - Before Finding element: By.cssSelector: .v-expansion-panel__container:nth-child(5) .panel-header
2021-03-19/13:32:46.410  INFO: listener.WebEventListener - Before Finding element: By.cssSelector: .v-expansion-panel__container:nth-child(5) .panel-header
496881 [main] INFO utilities.listener.WebEventListener  - Before Finding element: By.cssSelector: .v-expansion-panel__container:nth-child(5) .panel-header
496881 [main] INFO utilities.listener.WebEventListener  - Before Finding element: By.cssSelector: .v-expansion-panel__container:nth-child(5) .panel-header
2021-03-19/13:32:46.675  INFO: listener.WebEventListener - Before Finding element: By.cssSelector: .v-expansion-panel__container:nth-child(5) .panel-header
497146 [main] INFO utilities.listener.WebEventListener  - Before Finding element: By.cssSelector: .v-expansion-panel__container:nth-child(5) .panel-header
497146 [main] INFO utilities.listener.WebEventListener  - Before Finding element: By.cssSelector: .v-expansion-panel__container:nth-child(5) .panel-header
2021-03-19/13:32:46.943  INFO: listener.WebEventListener - Before Finding element: By.cssSelector: .v-expansion-panel__container:nth-child(5) .panel-header
497414 [main] INFO utilities.listener.WebEventListener  - Before Finding element: By.cssSelector: .v-expansion-panel__container:nth-child(5) .panel-header
497414 [main] INFO utilities.listener.WebEventListener  - Before Finding element: By.cssSelector: .v-expansion-panel__container:nth-child(5) .panel-header
2021-03-19/13:32:47.208  INFO: listener.WebEventListener - Before Finding element: By.cssSelector: .v-expansion-panel__container:nth-child(5) .panel-header
497679 [main] INFO utilities.listener.WebEventListener  - Before Finding element: By.cssSelector: .v-expansion-panel__container:nth-child(5) .panel-header
497679 [main] INFO utilities.listener.WebEventListener  - Before Finding element: By.cssSelector: .v-expansion-panel__container:nth-child(5) .panel-header
2021-03-19/13:32:47.479  INFO: listener.WebEventListener - Before Finding element: By.cssSelector: .v-expansion-panel__container:nth-child(5) .panel-header
497950 [main] INFO utilities.listener.WebEventListener  - Before Finding element: By.cssSelector: .v-expansion-panel__container:nth-child(5) .panel-header
497950 [main] INFO utilities.listener.WebEventListener  - Before Finding element: By.cssSelector: .v-expansion-panel__container:nth-child(5) .panel-header
2021-03-19/13:32:47.759  INFO: listener.WebEventListener - Before Finding element: By.cssSelector: .v-expansion-panel__container:nth-child(5) .panel-header
498230 [main] INFO utilities.listener.WebEventListener  - Before Finding element: By.cssSelector: .v-expansion-panel__container:nth-child(5) .panel-header
498230 [main] INFO utilities.listener.WebEventListener  - Before Finding element: By.cssSelector: .v-expansion-panel__container:nth-child(5) .panel-header
2021-03-19/13:32:48.025  INFO: listener.WebEventListener - Before Finding element: By.cssSelector: .v-expansion-panel__container:nth-child(5) .panel-header
498496 [main] INFO utilities.listener.WebEventListener  - Before Finding element: By.cssSelector: .v-expansion-panel__container:nth-child(5) .panel-header
498496 [main] INFO utilities.listener.WebEventListener  - Before Finding element: By.cssSelector: .v-expansion-panel__container:nth-child(5) .panel-header
2021-03-19/13:32:48.292  INFO: listener.WebEventListener - Before Finding element: By.cssSelector: .v-expansion-panel__container:nth-child(5) .panel-header
498763 [main] INFO utilities.listener.WebEventListener  - Before Finding element: By.cssSelector: .v-expansion-panel__container:nth-child(5) .panel-header
498763 [main] INFO utilities.listener.WebEventListener  - Before Finding element: By.cssSelector: .v-expansion-panel__container:nth-child(5) .panel-header
2021-03-19/13:32:48.561  INFO: listener.WebEventListener - Before Finding element: By.cssSelector: .v-expansion-panel__container:nth-child(5) .panel-header
499032 [main] INFO utilities.listener.WebEventListener  - Before Finding element: By.cssSelector: .v-expansion-panel__container:nth-child(5) .panel-header
499032 [main] INFO utilities.listener.WebEventListener  - Before Finding element: By.cssSelector: .v-expansion-panel__container:nth-child(5) .panel-header
2021-03-19/13:32:48.828  INFO: listener.WebEventListener - Before Finding element: By.cssSelector: .v-expansion-panel__container:nth-child(5) .panel-header
499299 [main] INFO utilities.listener.WebEventListener  - Before Finding element: By.cssSelector: .v-expansion-panel__container:nth-child(5) .panel-header
499299 [main] INFO utilities.listener.WebEventListener  - Before Finding element: By.cssSelector: .v-expansion-panel__container:nth-child(5) .panel-header
2021-03-19/13:32:49.093  INFO: listener.WebEventListener - Before Finding element: By.cssSelector: .v-expansion-panel__container:nth-child(5) .panel-header
499564 [main] INFO utilities.listener.WebEventListener  - Before Finding element: By.cssSelector: .v-expansion-panel__container:nth-child(5) .panel-header
499564 [main] INFO utilities.listener.WebEventListener  - Before Finding element: By.cssSelector: .v-expansion-panel__container:nth-child(5) .panel-header
2021-03-19/13:32:49.359  INFO: listener.WebEventListener - Before Finding element: By.cssSelector: .v-expansion-panel__container:nth-child(5) .panel-header
499830 [main] INFO utilities.listener.WebEventListener  - Before Finding element: By.cssSelector: .v-expansion-panel__container:nth-child(5) .panel-header
499830 [main] INFO utilities.listener.WebEventListener  - Before Finding element: By.cssSelector: .v-expansion-panel__container:nth-child(5) .panel-header
2021-03-19/13:32:49.627  INFO: listener.WebEventListener - Before Finding element: By.cssSelector: .v-expansion-panel__container:nth-child(5) .panel-header
500098 [main] INFO utilities.listener.WebEventListener  - Before Finding element: By.cssSelector: .v-expansion-panel__container:nth-child(5) .panel-header
500098 [main] INFO utilities.listener.WebEventListener  - Before Finding element: By.cssSelector: .v-expansion-panel__container:nth-child(5) .panel-header
2021-03-19/13:32:49.895  INFO: listener.WebEventListener - Before Finding element: By.cssSelector: .v-expansion-panel__container:nth-child(5) .panel-header
500366 [main] INFO utilities.listener.WebEventListener  - Before Finding element: By.cssSelector: .v-expansion-panel__container:nth-child(5) .panel-header
500366 [main] INFO utilities.listener.WebEventListener  - Before Finding element: By.cssSelector: .v-expansion-panel__container:nth-child(5) .panel-header
2021-03-19/13:32:50.164  INFO: listener.WebEventListener - Before Finding element: By.cssSelector: .v-expansion-panel__container:nth-child(5) .panel-header
500635 [main] INFO utilities.listener.WebEventListener  - Before Finding element: By.cssSelector: .v-expansion-panel__container:nth-child(5) .panel-header
500635 [main] INFO utilities.listener.WebEventListener  - Before Finding element: By.cssSelector: .v-expansion-panel__container:nth-child(5) .panel-header
2021-03-19/13:32:50.429  INFO: listener.WebEventListener - Before Finding element: By.cssSelector: .v-expansion-panel__container:nth-child(5) .panel-header
500900 [main] INFO utilities.listener.WebEventListener  - Before Finding element: By.cssSelector: .v-expansion-panel__container:nth-child(5) .panel-header
500900 [main] INFO utilities.listener.WebEventListener  - Before Finding element: By.cssSelector: .v-expansion-panel__container:nth-child(5) .panel-header
2021-03-19/13:32:50.699  INFO: listener.WebEventListener - Before Finding element: By.cssSelector: .v-expansion-panel__container:nth-child(5) .panel-header
501170 [main] INFO utilities.listener.WebEventListener  - Before Finding element: By.cssSelector: .v-expansion-panel__container:nth-child(5) .panel-header
501170 [main] INFO utilities.listener.WebEventListener  - Before Finding element: By.cssSelector: .v-expansion-panel__container:nth-child(5) .panel-header
2021-03-19/13:32:50.967  INFO: listener.WebEventListener - Before Finding element: By.cssSelector: .v-expansion-panel__container:nth-child(5) .panel-header
501438 [main] INFO utilities.listener.WebEventListener  - Before Finding element: By.cssSelector: .v-expansion-panel__container:nth-child(5) .panel-header
501438 [main] INFO utilities.listener.WebEventListener  - Before Finding element: By.cssSelector: .v-expansion-panel__container:nth-child(5) .panel-header
2021-03-19/13:32:51.232  INFO: listener.WebEventListener - Before Finding element: By.cssSelector: .v-expansion-panel__container:nth-child(5) .panel-header
501703 [main] INFO utilities.listener.WebEventListener  - Before Finding element: By.cssSelector: .v-expansion-panel__container:nth-child(5) .panel-header
501703 [main] INFO utilities.listener.WebEventListener  - Before Finding element: By.cssSelector: .v-expansion-panel__container:nth-child(5) .panel-header
2021-03-19/13:32:51.498  INFO: listener.WebEventListener - Before Finding element: By.cssSelector: .v-expansion-panel__container:nth-child(5) .panel-header
501969 [main] INFO utilities.listener.WebEventListener  - Before Finding element: By.cssSelector: .v-expansion-panel__container:nth-child(5) .panel-header
501969 [main] INFO utilities.listener.WebEventListener  - Before Finding element: By.cssSelector: .v-expansion-panel__container:nth-child(5) .panel-header
2021-03-19/13:32:51.763  INFO: listener.WebEventListener - Before Finding element: By.cssSelector: .v-expansion-panel__container:nth-child(5) .panel-header
502234 [main] INFO utilities.listener.WebEventListener  - Before Finding element: By.cssSelector: .v-expansion-panel__container:nth-child(5) .panel-header
502234 [main] INFO utilities.listener.WebEventListener  - Before Finding element: By.cssSelector: .v-expansion-panel__container:nth-child(5) .panel-header
2021-03-19/13:32:52.030  INFO: listener.WebEventListener - Before Finding element: By.cssSelector: .v-expansion-panel__container:nth-child(5) .panel-header
502501 [main] INFO utilities.listener.WebEventListener  - Before Finding element: By.cssSelector: .v-expansion-panel__container:nth-child(5) .panel-header
502501 [main] INFO utilities.listener.WebEventListener  - Before Finding element: By.cssSelector: .v-expansion-panel__container:nth-child(5) .panel-header
2021-03-19/13:32:52.302  INFO: listener.WebEventListener - Before Finding element: By.cssSelector: .v-expansion-panel__container:nth-child(5) .panel-header
502773 [main] INFO utilities.listener.WebEventListener  - Before Finding element: By.cssSelector: .v-expansion-panel__container:nth-child(5) .panel-header
502773 [main] INFO utilities.listener.WebEventListener  - Before Finding element: By.cssSelector: .v-expansion-panel__container:nth-child(5) .panel-header
2021-03-19/13:32:52.581  INFO: listener.WebEventListener - Before Finding element: By.cssSelector: .v-expansion-panel__container:nth-child(5) .panel-header
503052 [main] INFO utilities.listener.WebEventListener  - Before Finding element: By.cssSelector: .v-expansion-panel__container:nth-child(5) .panel-header
503052 [main] INFO utilities.listener.WebEventListener  - Before Finding element: By.cssSelector: .v-expansion-panel__container:nth-child(5) .panel-header
2021-03-19/13:32:52.858  INFO: listener.WebEventListener - Before Finding element: By.cssSelector: .v-expansion-panel__container:nth-child(5) .panel-header
503329 [main] INFO utilities.listener.WebEventListener  - Before Finding element: By.cssSelector: .v-expansion-panel__container:nth-child(5) .panel-header
503329 [main] INFO utilities.listener.WebEventListener  - Before Finding element: By.cssSelector: .v-expansion-panel__container:nth-child(5) .panel-header
2021-03-19/13:32:53.127  INFO: listener.WebEventListener - Before Finding element: By.cssSelector: .v-expansion-panel__container:nth-child(5) .panel-header
503598 [main] INFO utilities.listener.WebEventListener  - Before Finding element: By.cssSelector: .v-expansion-panel__container:nth-child(5) .panel-header
503598 [main] INFO utilities.listener.WebEventListener  - Before Finding element: By.cssSelector: .v-expansion-panel__container:nth-child(5) .panel-header
2021-03-19/13:32:53.394  INFO: listener.WebEventListener - Before Finding element: By.cssSelector: .v-expansion-panel__container:nth-child(5) .panel-header
503865 [main] INFO utilities.listener.WebEventListener  - Before Finding element: By.cssSelector: .v-expansion-panel__container:nth-child(5) .panel-header
503865 [main] INFO utilities.listener.WebEventListener  - Before Finding element: By.cssSelector: .v-expansion-panel__container:nth-child(5) .panel-header
2021-03-19/13:32:53.662  INFO: listener.WebEventListener - Before Finding element: By.cssSelector: .v-expansion-panel__container:nth-child(5) .panel-header
504133 [main] INFO utilities.listener.WebEventListener  - Before Finding element: By.cssSelector: .v-expansion-panel__container:nth-child(5) .panel-header
504133 [main] INFO utilities.listener.WebEventListener  - Before Finding element: By.cssSelector: .v-expansion-panel__container:nth-child(5) .panel-header
2021-03-19/13:32:53.926  INFO: listener.WebEventListener - Before Finding element: By.cssSelector: .v-expansion-panel__container:nth-child(5) .panel-header
504397 [main] INFO utilities.listener.WebEventListener  - Before Finding element: By.cssSelector: .v-expansion-panel__container:nth-child(5) .panel-header
504397 [main] INFO utilities.listener.WebEventListener  - Before Finding element: By.cssSelector: .v-expansion-panel__container:nth-child(5) .panel-header
2021-03-19/13:32:54.191  INFO: listener.WebEventListener - Before Finding element: By.cssSelector: .v-expansion-panel__container:nth-child(5) .panel-header
504662 [main] INFO utilities.listener.WebEventListener  - Before Finding element: By.cssSelector: .v-expansion-panel__container:nth-child(5) .panel-header
504662 [main] INFO utilities.listener.WebEventListener  - Before Finding element: By.cssSelector: .v-expansion-panel__container:nth-child(5) .panel-header
2021-03-19/13:32:54.457  INFO: listener.WebEventListener - Before Finding element: By.cssSelector: .v-expansion-panel__container:nth-child(5) .panel-header
504928 [main] INFO utilities.listener.WebEventListener  - Before Finding element: By.cssSelector: .v-expansion-panel__container:nth-child(5) .panel-header
504928 [main] INFO utilities.listener.WebEventListener  - Before Finding element: By.cssSelector: .v-expansion-panel__container:nth-child(5) .panel-header
2021-03-19/13:32:54.721  INFO: listener.WebEventListener - Before Finding element: By.cssSelector: .v-expansion-panel__container:nth-child(5) .panel-header
505192 [main] INFO utilities.listener.WebEventListener  - Before Finding element: By.cssSelector: .v-expansion-panel__container:nth-child(5) .panel-header
505192 [main] INFO utilities.listener.WebEventListener  - Before Finding element: By.cssSelector: .v-expansion-panel__container:nth-child(5) .panel-header
2021-03-19/13:32:54.986  INFO: listener.WebEventListener - Before Finding element: By.cssSelector: .v-expansion-panel__container:nth-child(5) .panel-header
505457 [main] INFO utilities.listener.WebEventListener  - Before Finding element: By.cssSelector: .v-expansion-panel__container:nth-child(5) .panel-header
505457 [main] INFO utilities.listener.WebEventListener  - Before Finding element: By.cssSelector: .v-expansion-panel__container:nth-child(5) .panel-header
2021-03-19/13:32:55.252  INFO: listener.WebEventListener - Before Finding element: By.cssSelector: .v-expansion-panel__container:nth-child(5) .panel-header
505723 [main] INFO utilities.listener.WebEventListener  - Before Finding element: By.cssSelector: .v-expansion-panel__container:nth-child(5) .panel-header
505723 [main] INFO utilities.listener.WebEventListener  - Before Finding element: By.cssSelector: .v-expansion-panel__container:nth-child(5) .panel-header
2021-03-19/13:32:55.518  INFO: listener.WebEventListener - Before Finding element: By.cssSelector: .v-expansion-panel__container:nth-child(5) .panel-header
505989 [main] INFO utilities.listener.WebEventListener  - Before Finding element: By.cssSelector: .v-expansion-panel__container:nth-child(5) .panel-header
505989 [main] INFO utilities.listener.WebEventListener  - Before Finding element: By.cssSelector: .v-expansion-panel__container:nth-child(5) .panel-header
2021-03-19/13:32:55.785  INFO: listener.WebEventListener - Before Finding element: By.cssSelector: .v-expansion-panel__container:nth-child(5) .panel-header
506256 [main] INFO utilities.listener.WebEventListener  - Before Finding element: By.cssSelector: .v-expansion-panel__container:nth-child(5) .panel-header
506256 [main] INFO utilities.listener.WebEventListener  - Before Finding element: By.cssSelector: .v-expansion-panel__container:nth-child(5) .panel-header
2021-03-19/13:32:56.050  INFO: listener.WebEventListener - Before Finding element: By.cssSelector: .v-expansion-panel__container:nth-child(5) .panel-header
506521 [main] INFO utilities.listener.WebEventListener  - Before Finding element: By.cssSelector: .v-expansion-panel__container:nth-child(5) .panel-header
506521 [main] INFO utilities.listener.WebEventListener  - Before Finding element: By.cssSelector: .v-expansion-panel__container:nth-child(5) .panel-header
2021-03-19/13:32:56.317  INFO: listener.WebEventListener - Before Finding element: By.cssSelector: .v-expansion-panel__container:nth-child(5) .panel-header
506788 [main] INFO utilities.listener.WebEventListener  - Before Finding element: By.cssSelector: .v-expansion-panel__container:nth-child(5) .panel-header
506788 [main] INFO utilities.listener.WebEventListener  - Before Finding element: By.cssSelector: .v-expansion-panel__container:nth-child(5) .panel-header
2021-03-19/13:32:56.583  INFO: listener.WebEventListener - Before Finding element: By.cssSelector: .v-expansion-panel__container:nth-child(5) .panel-header
507054 [main] INFO utilities.listener.WebEventListener  - Before Finding element: By.cssSelector: .v-expansion-panel__container:nth-child(5) .panel-header
507054 [main] INFO utilities.listener.WebEventListener  - Before Finding element: By.cssSelector: .v-expansion-panel__container:nth-child(5) .panel-header
2021-03-19/13:32:56.851  INFO: listener.WebEventListener - Before Finding element: By.cssSelector: .v-expansion-panel__container:nth-child(5) .panel-header
507322 [main] INFO utilities.listener.WebEventListener  - Before Finding element: By.cssSelector: .v-expansion-panel__container:nth-child(5) .panel-header
507322 [main] INFO utilities.listener.WebEventListener  - Before Finding element: By.cssSelector: .v-expansion-panel__container:nth-child(5) .panel-header
2021-03-19/13:32:57.122  INFO: listener.WebEventListener - Before Finding element: By.cssSelector: .v-expansion-panel__container:nth-child(5) .panel-header
507593 [main] INFO utilities.listener.WebEventListener  - Before Finding element: By.cssSelector: .v-expansion-panel__container:nth-child(5) .panel-header
507593 [main] INFO utilities.listener.WebEventListener  - Before Finding element: By.cssSelector: .v-expansion-panel__container:nth-child(5) .panel-header
2021-03-19/13:32:57.395  INFO: listener.WebEventListener - Before Finding element: By.cssSelector: .v-expansion-panel__container:nth-child(5) .panel-header
507866 [main] INFO utilities.listener.WebEventListener  - Before Finding element: By.cssSelector: .v-expansion-panel__container:nth-child(5) .panel-header
507866 [main] INFO utilities.listener.WebEventListener  - Before Finding element: By.cssSelector: .v-expansion-panel__container:nth-child(5) .panel-header
2021-03-19/13:32:57.668  INFO: listener.WebEventListener - Before Finding element: By.cssSelector: .v-expansion-panel__container:nth-child(5) .panel-header
508139 [main] INFO utilities.listener.WebEventListener  - Before Finding element: By.cssSelector: .v-expansion-panel__container:nth-child(5) .panel-header
508139 [main] INFO utilities.listener.WebEventListener  - Before Finding element: By.cssSelector: .v-expansion-panel__container:nth-child(5) .panel-header
2021-03-19/13:32:57.934  INFO: listener.WebEventListener - Before Finding element: By.cssSelector: .v-expansion-panel__container:nth-child(5) .panel-header
508405 [main] INFO utilities.listener.WebEventListener  - Before Finding element: By.cssSelector: .v-expansion-panel__container:nth-child(5) .panel-header
508405 [main] INFO utilities.listener.WebEventListener  - Before Finding element: By.cssSelector: .v-expansion-panel__container:nth-child(5) .panel-header
2021-03-19/13:32:58.205  INFO: listener.WebEventListener - Before Finding element: By.cssSelector: .v-expansion-panel__container:nth-child(5) .panel-header
508676 [main] INFO utilities.listener.WebEventListener  - Before Finding element: By.cssSelector: .v-expansion-panel__container:nth-child(5) .panel-header
508676 [main] INFO utilities.listener.WebEventListener  - Before Finding element: By.cssSelector: .v-expansion-panel__container:nth-child(5) .panel-header
2021-03-19/13:32:58.471  INFO: listener.WebEventListener - Before Finding element: By.cssSelector: .v-expansion-panel__container:nth-child(5) .panel-header
508942 [main] INFO utilities.listener.WebEventListener  - Before Finding element: By.cssSelector: .v-expansion-panel__container:nth-child(5) .panel-header
508942 [main] INFO utilities.listener.WebEventListener  - Before Finding element: By.cssSelector: .v-expansion-panel__container:nth-child(5) .panel-header
2021-03-19/13:32:58.743  INFO: listener.WebEventListener - Before Finding element: By.cssSelector: .v-expansion-panel__container:nth-child(5) .panel-header
509214 [main] INFO utilities.listener.WebEventListener  - Before Finding element: By.cssSelector: .v-expansion-panel__container:nth-child(5) .panel-header
509214 [main] INFO utilities.listener.WebEventListener  - Before Finding element: By.cssSelector: .v-expansion-panel__container:nth-child(5) .panel-header
2021-03-19/13:32:59.011  INFO: listener.WebEventListener - Before Finding element: By.cssSelector: .v-expansion-panel__container:nth-child(5) .panel-header
509482 [main] INFO utilities.listener.WebEventListener  - Before Finding element: By.cssSelector: .v-expansion-panel__container:nth-child(5) .panel-header
509482 [main] INFO utilities.listener.WebEventListener  - Before Finding element: By.cssSelector: .v-expansion-panel__container:nth-child(5) .panel-header
2021-03-19/13:32:59.277  INFO: listener.WebEventListener - Before Finding element: By.cssSelector: .v-expansion-panel__container:nth-child(5) .panel-header
509748 [main] INFO utilities.listener.WebEventListener  - Before Finding element: By.cssSelector: .v-expansion-panel__container:nth-child(5) .panel-header
509748 [main] INFO utilities.listener.WebEventListener  - Before Finding element: By.cssSelector: .v-expansion-panel__container:nth-child(5) .panel-header
2021-03-19/13:32:59.543  INFO: listener.WebEventListener - Before Finding element: By.cssSelector: .v-expansion-panel__container:nth-child(5) .panel-header
510014 [main] INFO utilities.listener.WebEventListener  - Before Finding element: By.cssSelector: .v-expansion-panel__container:nth-child(5) .panel-header
510014 [main] INFO utilities.listener.WebEventListener  - Before Finding element: By.cssSelector: .v-expansion-panel__container:nth-child(5) .panel-header
2021-03-19/13:32:59.809  INFO: listener.WebEventListener - Before Finding element: By.cssSelector: .v-expansion-panel__container:nth-child(5) .panel-header
510280 [main] INFO utilities.listener.WebEventListener  - Before Finding element: By.cssSelector: .v-expansion-panel__container:nth-child(5) .panel-header
510280 [main] INFO utilities.listener.WebEventListener  - Before Finding element: By.cssSelector: .v-expansion-panel__container:nth-child(5) .panel-header
2021-03-19/13:33:00.077  INFO: listener.WebEventListener - Before Finding element: By.cssSelector: .v-expansion-panel__container:nth-child(5) .panel-header
510548 [main] INFO utilities.listener.WebEventListener  - Before Finding element: By.cssSelector: .v-expansion-panel__container:nth-child(5) .panel-header
510548 [main] INFO utilities.listener.WebEventListener  - Before Finding element: By.cssSelector: .v-expansion-panel__container:nth-child(5) .panel-header
2021-03-19/13:33:00.345  INFO: listener.WebEventListener - Before Finding element: By.cssSelector: .v-expansion-panel__container:nth-child(5) .panel-header
510816 [main] INFO utilities.listener.WebEventListener  - Before Finding element: By.cssSelector: .v-expansion-panel__container:nth-child(5) .panel-header
510816 [main] INFO utilities.listener.WebEventListener  - Before Finding element: By.cssSelector: .v-expansion-panel__container:nth-child(5) .panel-header
2021-03-19/13:33:00.611  INFO: listener.WebEventListener - Before Finding element: By.cssSelector: .v-expansion-panel__container:nth-child(5) .panel-header
511082 [main] INFO utilities.listener.WebEventListener  - Before Finding element: By.cssSelector: .v-expansion-panel__container:nth-child(5) .panel-header
511082 [main] INFO utilities.listener.WebEventListener  - Before Finding element: By.cssSelector: .v-expansion-panel__container:nth-child(5) .panel-header
2021-03-19/13:33:00.879  INFO: listener.WebEventListener - Before Finding element: By.cssSelector: .v-expansion-panel__container:nth-child(5) .panel-header
511350 [main] INFO utilities.listener.WebEventListener  - Before Finding element: By.cssSelector: .v-expansion-panel__container:nth-child(5) .panel-header
511350 [main] INFO utilities.listener.WebEventListener  - Before Finding element: By.cssSelector: .v-expansion-panel__container:nth-child(5) .panel-header
2021-03-19/13:33:01.146  INFO: listener.WebEventListener - Before Finding element: By.cssSelector: .v-expansion-panel__container:nth-child(5) .panel-header
511617 [main] INFO utilities.listener.WebEventListener  - Before Finding element: By.cssSelector: .v-expansion-panel__container:nth-child(5) .panel-header
511617 [main] INFO utilities.listener.WebEventListener  - Before Finding element: By.cssSelector: .v-expansion-panel__container:nth-child(5) .panel-header
2021-03-19/13:33:01.412  INFO: listener.WebEventListener - Before Finding element: By.cssSelector: .v-expansion-panel__container:nth-child(5) .panel-header
511883 [main] INFO utilities.listener.WebEventListener  - Before Finding element: By.cssSelector: .v-expansion-panel__container:nth-child(5) .panel-header
511883 [main] INFO utilities.listener.WebEventListener  - Before Finding element: By.cssSelector: .v-expansion-panel__container:nth-child(5) .panel-header
2021-03-19/13:33:01.677  INFO: listener.WebEventListener - Before Finding element: By.cssSelector: .v-expansion-panel__container:nth-child(5) .panel-header
512148 [main] INFO utilities.listener.WebEventListener  - Before Finding element: By.cssSelector: .v-expansion-panel__container:nth-child(5) .panel-header
512148 [main] INFO utilities.listener.WebEventListener  - Before Finding element: By.cssSelector: .v-expansion-panel__container:nth-child(5) .panel-header
2021-03-19/13:33:01.947  INFO: listener.WebEventListener - Before Finding element: By.cssSelector: .v-expansion-panel__container:nth-child(5) .panel-header
512418 [main] INFO utilities.listener.WebEventListener  - Before Finding element: By.cssSelector: .v-expansion-panel__container:nth-child(5) .panel-header
512418 [main] INFO utilities.listener.WebEventListener  - Before Finding element: By.cssSelector: .v-expansion-panel__container:nth-child(5) .panel-header
2021-03-19/13:33:02.223  INFO: listener.WebEventListener - Before Finding element: By.cssSelector: .v-expansion-panel__container:nth-child(5) .panel-header
512694 [main] INFO utilities.listener.WebEventListener  - Before Finding element: By.cssSelector: .v-expansion-panel__container:nth-child(5) .panel-header
512694 [main] INFO utilities.listener.WebEventListener  - Before Finding element: By.cssSelector: .v-expansion-panel__container:nth-child(5) .panel-header
2021-03-19/13:33:02.491  INFO: listener.WebEventListener - Before Finding element: By.cssSelector: .v-expansion-panel__container:nth-child(5) .panel-header
512962 [main] INFO utilities.listener.WebEventListener  - Before Finding element: By.cssSelector: .v-expansion-panel__container:nth-child(5) .panel-header
512962 [main] INFO utilities.listener.WebEventListener  - Before Finding element: By.cssSelector: .v-expansion-panel__container:nth-child(5) .panel-header
2021-03-19/13:33:02.761  INFO: listener.WebEventListener - Before Finding element: By.cssSelector: .v-expansion-panel__container:nth-child(5) .panel-header
513232 [main] INFO utilities.listener.WebEventListener  - Before Finding element: By.cssSelector: .v-expansion-panel__container:nth-child(5) .panel-header
513232 [main] INFO utilities.listener.WebEventListener  - Before Finding element: By.cssSelector: .v-expansion-panel__container:nth-child(5) .panel-header
2021-03-19/13:33:03.029  INFO: listener.WebEventListener - Before Finding element: By.cssSelector: .v-expansion-panel__container:nth-child(5) .panel-header
513500 [main] INFO utilities.listener.WebEventListener  - Before Finding element: By.cssSelector: .v-expansion-panel__container:nth-child(5) .panel-header
513500 [main] INFO utilities.listener.WebEventListener  - Before Finding element: By.cssSelector: .v-expansion-panel__container:nth-child(5) .panel-header
2021-03-19/13:33:03.295  INFO: listener.WebEventListener - Before Finding element: By.cssSelector: .v-expansion-panel__container:nth-child(5) .panel-header
513766 [main] INFO utilities.listener.WebEventListener  - Before Finding element: By.cssSelector: .v-expansion-panel__container:nth-child(5) .panel-header
513766 [main] INFO utilities.listener.WebEventListener  - Before Finding element: By.cssSelector: .v-expansion-panel__container:nth-child(5) .panel-header
2021-03-19/13:33:03.563  INFO: listener.WebEventListener - Before Finding element: By.cssSelector: .v-expansion-panel__container:nth-child(5) .panel-header
514034 [main] INFO utilities.listener.WebEventListener  - Before Finding element: By.cssSelector: .v-expansion-panel__container:nth-child(5) .panel-header
514034 [main] INFO utilities.listener.WebEventListener  - Before Finding element: By.cssSelector: .v-expansion-panel__container:nth-child(5) .panel-header
2021-03-19/13:33:03.830  INFO: listener.WebEventListener - Before Finding element: By.cssSelector: .v-expansion-panel__container:nth-child(5) .panel-header
514301 [main] INFO utilities.listener.WebEventListener  - Before Finding element: By.cssSelector: .v-expansion-panel__container:nth-child(5) .panel-header
514301 [main] INFO utilities.listener.WebEventListener  - Before Finding element: By.cssSelector: .v-expansion-panel__container:nth-child(5) .panel-header
2021-03-19/13:33:04.097  INFO: listener.WebEventListener - Before Finding element: By.cssSelector: .v-expansion-panel__container:nth-child(5) .panel-header
514568 [main] INFO utilities.listener.WebEventListener  - Before Finding element: By.cssSelector: .v-expansion-panel__container:nth-child(5) .panel-header
514568 [main] INFO utilities.listener.WebEventListener  - Before Finding element: By.cssSelector: .v-expansion-panel__container:nth-child(5) .panel-header
2021-03-19/13:33:04.364  INFO: listener.WebEventListener - Before Finding element: By.cssSelector: .v-expansion-panel__container:nth-child(5) .panel-header
514835 [main] INFO utilities.listener.WebEventListener  - Before Finding element: By.cssSelector: .v-expansion-panel__container:nth-child(5) .panel-header
514835 [main] INFO utilities.listener.WebEventListener  - Before Finding element: By.cssSelector: .v-expansion-panel__container:nth-child(5) .panel-header
2021-03-19/13:33:04.629  INFO: listener.WebEventListener - Before Finding element: By.cssSelector: .v-expansion-panel__container:nth-child(5) .panel-header
515100 [main] INFO utilities.listener.WebEventListener  - Before Finding element: By.cssSelector: .v-expansion-panel__container:nth-child(5) .panel-header
515100 [main] INFO utilities.listener.WebEventListener  - Before Finding element: By.cssSelector: .v-expansion-panel__container:nth-child(5) .panel-header
2021-03-19/13:33:04.896  INFO: listener.WebEventListener - Before Finding element: By.cssSelector: .v-expansion-panel__container:nth-child(5) .panel-header
515367 [main] INFO utilities.listener.WebEventListener  - Before Finding element: By.cssSelector: .v-expansion-panel__container:nth-child(5) .panel-header
515367 [main] INFO utilities.listener.WebEventListener  - Before Finding element: By.cssSelector: .v-expansion-panel__container:nth-child(5) .panel-header
2021-03-19/13:33:05.165  INFO: listener.WebEventListener - Before Finding element: By.cssSelector: .v-expansion-panel__container:nth-child(5) .panel-header
515636 [main] INFO utilities.listener.WebEventListener  - Before Finding element: By.cssSelector: .v-expansion-panel__container:nth-child(5) .panel-header
515636 [main] INFO utilities.listener.WebEventListener  - Before Finding element: By.cssSelector: .v-expansion-panel__container:nth-child(5) .panel-header
2021-03-19/13:33:05.431  INFO: listener.WebEventListener - Before Finding element: By.cssSelector: .v-expansion-panel__container:nth-child(5) .panel-header
515902 [main] INFO utilities.listener.WebEventListener  - Before Finding element: By.cssSelector: .v-expansion-panel__container:nth-child(5) .panel-header
515902 [main] INFO utilities.listener.WebEventListener  - Before Finding element: By.cssSelector: .v-expansion-panel__container:nth-child(5) .panel-header
2021-03-19/13:33:05.699  INFO: listener.WebEventListener - Before Finding element: By.cssSelector: .v-expansion-panel__container:nth-child(5) .panel-header
516170 [main] INFO utilities.listener.WebEventListener  - Before Finding element: By.cssSelector: .v-expansion-panel__container:nth-child(5) .panel-header
516170 [main] INFO utilities.listener.WebEventListener  - Before Finding element: By.cssSelector: .v-expansion-panel__container:nth-child(5) .panel-header
2021-03-19/13:33:05.966  INFO: listener.WebEventListener - Before Finding element: By.cssSelector: .v-expansion-panel__container:nth-child(5) .panel-header
516437 [main] INFO utilities.listener.WebEventListener  - Before Finding element: By.cssSelector: .v-expansion-panel__container:nth-child(5) .panel-header
516437 [main] INFO utilities.listener.WebEventListener  - Before Finding element: By.cssSelector: .v-expansion-panel__container:nth-child(5) .panel-header
2021-03-19/13:33:06.232  INFO: listener.WebEventListener - Before Finding element: By.cssSelector: .v-expansion-panel__container:nth-child(5) .panel-header
516703 [main] INFO utilities.listener.WebEventListener  - Before Finding element: By.cssSelector: .v-expansion-panel__container:nth-child(5) .panel-header
516703 [main] INFO utilities.listener.WebEventListener  - Before Finding element: By.cssSelector: .v-expansion-panel__container:nth-child(5) .panel-header
2021-03-19/13:33:06.498  INFO: listener.WebEventListener - Before Finding element: By.cssSelector: .v-expansion-panel__container:nth-child(5) .panel-header
516969 [main] INFO utilities.listener.WebEventListener  - Before Finding element: By.cssSelector: .v-expansion-panel__container:nth-child(5) .panel-header
516969 [main] INFO utilities.listener.WebEventListener  - Before Finding element: By.cssSelector: .v-expansion-panel__container:nth-child(5) .panel-header
2021-03-19/13:33:06.767  INFO: listener.WebEventListener - Before Finding element: By.cssSelector: .v-expansion-panel__container:nth-child(5) .panel-header
517238 [main] INFO utilities.listener.WebEventListener  - Before Finding element: By.cssSelector: .v-expansion-panel__container:nth-child(5) .panel-header
517238 [main] INFO utilities.listener.WebEventListener  - Before Finding element: By.cssSelector: .v-expansion-panel__container:nth-child(5) .panel-header
2021-03-19/13:33:07.040  INFO: listener.WebEventListener - Before Finding element: By.cssSelector: .v-expansion-panel__container:nth-child(5) .panel-header
517511 [main] INFO utilities.listener.WebEventListener  - Before Finding element: By.cssSelector: .v-expansion-panel__container:nth-child(5) .panel-header
517511 [main] INFO utilities.listener.WebEventListener  - Before Finding element: By.cssSelector: .v-expansion-panel__container:nth-child(5) .panel-header
2021-03-19/13:33:07.311  INFO: listener.WebEventListener - Before Finding element: By.cssSelector: .v-expansion-panel__container:nth-child(5) .panel-header
517782 [main] INFO utilities.listener.WebEventListener  - Before Finding element: By.cssSelector: .v-expansion-panel__container:nth-child(5) .panel-header
517782 [main] INFO utilities.listener.WebEventListener  - Before Finding element: By.cssSelector: .v-expansion-panel__container:nth-child(5) .panel-header
2021-03-19/13:33:07.588  INFO: listener.WebEventListener - Before Finding element: By.cssSelector: .v-expansion-panel__container:nth-child(5) .panel-header
518059 [main] INFO utilities.listener.WebEventListener  - Before Finding element: By.cssSelector: .v-expansion-panel__container:nth-child(5) .panel-header
518059 [main] INFO utilities.listener.WebEventListener  - Before Finding element: By.cssSelector: .v-expansion-panel__container:nth-child(5) .panel-header
2021-03-19/13:33:07.858  INFO: listener.WebEventListener - Before Finding element: By.cssSelector: .v-expansion-panel__container:nth-child(5) .panel-header
518329 [main] INFO utilities.listener.WebEventListener  - Before Finding element: By.cssSelector: .v-expansion-panel__container:nth-child(5) .panel-header
518329 [main] INFO utilities.listener.WebEventListener  - Before Finding element: By.cssSelector: .v-expansion-panel__container:nth-child(5) .panel-header
2021-03-19/13:33:08.124  INFO: listener.WebEventListener - Before Finding element: By.cssSelector: .v-expansion-panel__container:nth-child(5) .panel-header
518595 [main] INFO utilities.listener.WebEventListener  - Before Finding element: By.cssSelector: .v-expansion-panel__container:nth-child(5) .panel-header
518595 [main] INFO utilities.listener.WebEventListener  - Before Finding element: By.cssSelector: .v-expansion-panel__container:nth-child(5) .panel-header
2021-03-19/13:33:08.388  INFO: listener.WebEventListener - Before Finding element: By.cssSelector: .v-expansion-panel__container:nth-child(5) .panel-header
518859 [main] INFO utilities.listener.WebEventListener  - Before Finding element: By.cssSelector: .v-expansion-panel__container:nth-child(5) .panel-header
518859 [main] INFO utilities.listener.WebEventListener  - Before Finding element: By.cssSelector: .v-expansion-panel__container:nth-child(5) .panel-header
2021-03-19/13:33:08.656  INFO: listener.WebEventListener - Before Finding element: By.cssSelector: .v-expansion-panel__container:nth-child(5) .panel-header
519127 [main] INFO utilities.listener.WebEventListener  - Before Finding element: By.cssSelector: .v-expansion-panel__container:nth-child(5) .panel-header
519127 [main] INFO utilities.listener.WebEventListener  - Before Finding element: By.cssSelector: .v-expansion-panel__container:nth-child(5) .panel-header
2021-03-19/13:33:08.931  INFO: listener.WebEventListener - Before Finding element: By.cssSelector: .v-expansion-panel__container:nth-child(5) .panel-header
519402 [main] INFO utilities.listener.WebEventListener  - Before Finding element: By.cssSelector: .v-expansion-panel__container:nth-child(5) .panel-header
519402 [main] INFO utilities.listener.WebEventListener  - Before Finding element: By.cssSelector: .v-expansion-panel__container:nth-child(5) .panel-header
2021-03-19/13:33:09.203  INFO: listener.WebEventListener - Before Finding element: By.cssSelector: .v-expansion-panel__container:nth-child(5) .panel-header
519674 [main] INFO utilities.listener.WebEventListener  - Before Finding element: By.cssSelector: .v-expansion-panel__container:nth-child(5) .panel-header
519674 [main] INFO utilities.listener.WebEventListener  - Before Finding element: By.cssSelector: .v-expansion-panel__container:nth-child(5) .panel-header
2021-03-19/13:33:09.561  INFO: listener.WebEventListener - Before Finding element: By.cssSelector: .v-expansion-panel__container:nth-child(5) .panel-header
520032 [main] INFO utilities.listener.WebEventListener  - Before Finding element: By.cssSelector: .v-expansion-panel__container:nth-child(5) .panel-header
520032 [main] INFO utilities.listener.WebEventListener  - Before Finding element: By.cssSelector: .v-expansion-panel__container:nth-child(5) .panel-header
2021-03-19/13:33:09.827  INFO: listener.WebEventListener - Before Finding element: By.cssSelector: .v-expansion-panel__container:nth-child(5) .panel-header
520298 [main] INFO utilities.listener.WebEventListener  - Before Finding element: By.cssSelector: .v-expansion-panel__container:nth-child(5) .panel-header
520298 [main] INFO utilities.listener.WebEventListener  - Before Finding element: By.cssSelector: .v-expansion-panel__container:nth-child(5) .panel-header
2021-03-19/13:33:10.096  INFO: listener.WebEventListener - Before Finding element: By.cssSelector: .v-expansion-panel__container:nth-child(5) .panel-header
520567 [main] INFO utilities.listener.WebEventListener  - Before Finding element: By.cssSelector: .v-expansion-panel__container:nth-child(5) .panel-header
520567 [main] INFO utilities.listener.WebEventListener  - Before Finding element: By.cssSelector: .v-expansion-panel__container:nth-child(5) .panel-header
2021-03-19/13:33:10.366  INFO: listener.WebEventListener - Before Finding element: By.cssSelector: .v-expansion-panel__container:nth-child(5) .panel-header
520837 [main] INFO utilities.listener.WebEventListener  - Before Finding element: By.cssSelector: .v-expansion-panel__container:nth-child(5) .panel-header
520837 [main] INFO utilities.listener.WebEventListener  - Before Finding element: By.cssSelector: .v-expansion-panel__container:nth-child(5) .panel-header
2021-03-19/13:33:10.631  INFO: listener.WebEventListener - Before Finding element: By.cssSelector: .v-expansion-panel__container:nth-child(5) .panel-header
521102 [main] INFO utilities.listener.WebEventListener  - Before Finding element: By.cssSelector: .v-expansion-panel__container:nth-child(5) .panel-header
521102 [main] INFO utilities.listener.WebEventListener  - Before Finding element: By.cssSelector: .v-expansion-panel__container:nth-child(5) .panel-header
2021-03-19/13:33:10.898  INFO: listener.WebEventListener - Before Finding element: By.cssSelector: .v-expansion-panel__container:nth-child(5) .panel-header
521369 [main] INFO utilities.listener.WebEventListener  - Before Finding element: By.cssSelector: .v-expansion-panel__container:nth-child(5) .panel-header
521369 [main] INFO utilities.listener.WebEventListener  - Before Finding element: By.cssSelector: .v-expansion-panel__container:nth-child(5) .panel-header
2021-03-19/13:33:11.166  INFO: listener.WebEventListener - Before Finding element: By.cssSelector: .v-expansion-panel__container:nth-child(5) .panel-header
521637 [main] INFO utilities.listener.WebEventListener  - Before Finding element: By.cssSelector: .v-expansion-panel__container:nth-child(5) .panel-header
521637 [main] INFO utilities.listener.WebEventListener  - Before Finding element: By.cssSelector: .v-expansion-panel__container:nth-child(5) .panel-header
2021-03-19/13:33:11.432  INFO: listener.WebEventListener - Before Finding element: By.cssSelector: .v-expansion-panel__container:nth-child(5) .panel-header
521903 [main] INFO utilities.listener.WebEventListener  - Before Finding element: By.cssSelector: .v-expansion-panel__container:nth-child(5) .panel-header
521903 [main] INFO utilities.listener.WebEventListener  - Before Finding element: By.cssSelector: .v-expansion-panel__container:nth-child(5) .panel-header
2021-03-19/13:33:11.702  INFO: listener.WebEventListener - Before Finding element: By.cssSelector: .v-expansion-panel__container:nth-child(5) .panel-header
522173 [main] INFO utilities.listener.WebEventListener  - Before Finding element: By.cssSelector: .v-expansion-panel__container:nth-child(5) .panel-header
522173 [main] INFO utilities.listener.WebEventListener  - Before Finding element: By.cssSelector: .v-expansion-panel__container:nth-child(5) .panel-header
2021-03-19/13:33:11.967  INFO: listener.WebEventListener - Before Finding element: By.cssSelector: .v-expansion-panel__container:nth-child(5) .panel-header
522438 [main] INFO utilities.listener.WebEventListener  - Before Finding element: By.cssSelector: .v-expansion-panel__container:nth-child(5) .panel-header
522438 [main] INFO utilities.listener.WebEventListener  - Before Finding element: By.cssSelector: .v-expansion-panel__container:nth-child(5) .panel-header
2021-03-19/13:33:12.239  INFO: listener.WebEventListener - Before Finding element: By.cssSelector: .v-expansion-panel__container:nth-child(5) .panel-header
522710 [main] INFO utilities.listener.WebEventListener  - Before Finding element: By.cssSelector: .v-expansion-panel__container:nth-child(5) .panel-header
522710 [main] INFO utilities.listener.WebEventListener  - Before Finding element: By.cssSelector: .v-expansion-panel__container:nth-child(5) .panel-header
2021-03-19/13:33:12.750  INFO: listener.WebEventListener - Before Finding element: By.cssSelector: .v-expansion-panel__container:nth-child(5) .panel-header
523221 [main] INFO utilities.listener.WebEventListener  - Before Finding element: By.cssSelector: .v-expansion-panel__container:nth-child(5) .panel-header
523221 [main] INFO utilities.listener.WebEventListener  - Before Finding element: By.cssSelector: .v-expansion-panel__container:nth-child(5) .panel-header
2021-03-19/13:33:13.092  INFO: listener.WebEventListener - Before Finding element: By.cssSelector: .v-expansion-panel__container:nth-child(5) .panel-header
523563 [main] INFO utilities.listener.WebEventListener  - Before Finding element: By.cssSelector: .v-expansion-panel__container:nth-child(5) .panel-header
523563 [main] INFO utilities.listener.WebEventListener  - Before Finding element: By.cssSelector: .v-expansion-panel__container:nth-child(5) .panel-header
2021-03-19/13:33:13.371  INFO: listener.WebEventListener - Before Finding element: By.cssSelector: .v-expansion-panel__container:nth-child(5) .panel-header
523842 [main] INFO utilities.listener.WebEventListener  - Before Finding element: By.cssSelector: .v-expansion-panel__container:nth-child(5) .panel-header
523842 [main] INFO utilities.listener.WebEventListener  - Before Finding element: By.cssSelector: .v-expansion-panel__container:nth-child(5) .panel-header
2021-03-19/13:33:13.643  INFO: listener.WebEventListener - Before Finding element: By.cssSelector: .v-expansion-panel__container:nth-child(5) .panel-header
524114 [main] INFO utilities.listener.WebEventListener  - Before Finding element: By.cssSelector: .v-expansion-panel__container:nth-child(5) .panel-header
524114 [main] INFO utilities.listener.WebEventListener  - Before Finding element: By.cssSelector: .v-expansion-panel__container:nth-child(5) .panel-header
2021-03-19/13:33:13.954  INFO: listener.WebEventListener - Before Finding element: By.cssSelector: .v-expansion-panel__container:nth-child(5) .panel-header
524425 [main] INFO utilities.listener.WebEventListener  - Before Finding element: By.cssSelector: .v-expansion-panel__container:nth-child(5) .panel-header
524425 [main] INFO utilities.listener.WebEventListener  - Before Finding element: By.cssSelector: .v-expansion-panel__container:nth-child(5) .panel-header
2021-03-19/13:33:14.229  INFO: listener.WebEventListener - Before Finding element: By.cssSelector: .v-expansion-panel__container:nth-child(5) .panel-header
524700 [main] INFO utilities.listener.WebEventListener  - Before Finding element: By.cssSelector: .v-expansion-panel__container:nth-child(5) .panel-header
524700 [main] INFO utilities.listener.WebEventListener  - Before Finding element: By.cssSelector: .v-expansion-panel__container:nth-child(5) .panel-header
2021-03-19/13:33:14.497  INFO: listener.WebEventListener - Before Finding element: By.cssSelector: .v-expansion-panel__container:nth-child(5) .panel-header
524968 [main] INFO utilities.listener.WebEventListener  - Before Finding element: By.cssSelector: .v-expansion-panel__container:nth-child(5) .panel-header
524968 [main] INFO utilities.listener.WebEventListener  - Before Finding element: By.cssSelector: .v-expansion-panel__container:nth-child(5) .panel-header
2021-03-19/13:33:14.763  INFO: listener.WebEventListener - Before Finding element: By.cssSelector: .v-expansion-panel__container:nth-child(5) .panel-header
525234 [main] INFO utilities.listener.WebEventListener  - Before Finding element: By.cssSelector: .v-expansion-panel__container:nth-child(5) .panel-header
525234 [main] INFO utilities.listener.WebEventListener  - Before Finding element: By.cssSelector: .v-expansion-panel__container:nth-child(5) .panel-header
2021-03-19/13:33:15.033  INFO: listener.WebEventListener - Before Finding element: By.cssSelector: .v-expansion-panel__container:nth-child(5) .panel-header
525504 [main] INFO utilities.listener.WebEventListener  - Before Finding element: By.cssSelector: .v-expansion-panel__container:nth-child(5) .panel-header
525504 [main] INFO utilities.listener.WebEventListener  - Before Finding element: By.cssSelector: .v-expansion-panel__container:nth-child(5) .panel-header
2021-03-19/13:33:15.302  INFO: listener.WebEventListener - Before Finding element: By.cssSelector: .v-expansion-panel__container:nth-child(5) .panel-header
525773 [main] INFO utilities.listener.WebEventListener  - Before Finding element: By.cssSelector: .v-expansion-panel__container:nth-child(5) .panel-header
525773 [main] INFO utilities.listener.WebEventListener  - Before Finding element: By.cssSelector: .v-expansion-panel__container:nth-child(5) .panel-header
2021-03-19/13:33:15.569  INFO: listener.WebEventListener - Before Finding element: By.cssSelector: .v-expansion-panel__container:nth-child(5) .panel-header
526040 [main] INFO utilities.listener.WebEventListener  - Before Finding element: By.cssSelector: .v-expansion-panel__container:nth-child(5) .panel-header
526040 [main] INFO utilities.listener.WebEventListener  - Before Finding element: By.cssSelector: .v-expansion-panel__container:nth-child(5) .panel-header
2021-03-19/13:33:15.859  INFO: listener.WebEventListener - Before Finding element: By.cssSelector: .v-expansion-panel__container:nth-child(5) .panel-header
526330 [main] INFO utilities.listener.WebEventListener  - Before Finding element: By.cssSelector: .v-expansion-panel__container:nth-child(5) .panel-header
526330 [main] INFO utilities.listener.WebEventListener  - Before Finding element: By.cssSelector: .v-expansion-panel__container:nth-child(5) .panel-header
2021-03-19/13:33:16.224  INFO: listener.WebEventListener - Before Finding element: By.cssSelector: .v-expansion-panel__container:nth-child(5) .panel-header
526695 [main] INFO utilities.listener.WebEventListener  - Before Finding element: By.cssSelector: .v-expansion-panel__container:nth-child(5) .panel-header
526695 [main] INFO utilities.listener.WebEventListener  - Before Finding element: By.cssSelector: .v-expansion-panel__container:nth-child(5) .panel-header
2021-03-19/13:33:16.568  INFO: listener.WebEventListener - Before Finding element: By.cssSelector: .v-expansion-panel__container:nth-child(5) .panel-header
527039 [main] INFO utilities.listener.WebEventListener  - Before Finding element: By.cssSelector: .v-expansion-panel__container:nth-child(5) .panel-header
527039 [main] INFO utilities.listener.WebEventListener  - Before Finding element: By.cssSelector: .v-expansion-panel__container:nth-child(5) .panel-header
2021-03-19/13:33:16.835  INFO: listener.WebEventListener - Before Finding element: By.cssSelector: .v-expansion-panel__container:nth-child(5) .panel-header
527306 [main] INFO utilities.listener.WebEventListener  - Before Finding element: By.cssSelector: .v-expansion-panel__container:nth-child(5) .panel-header
527306 [main] INFO utilities.listener.WebEventListener  - Before Finding element: By.cssSelector: .v-expansion-panel__container:nth-child(5) .panel-header
2021-03-19/13:33:17.111  INFO: listener.WebEventListener - Before Finding element: By.cssSelector: .v-expansion-panel__container:nth-child(5) .panel-header
527582 [main] INFO utilities.listener.WebEventListener  - Before Finding element: By.cssSelector: .v-expansion-panel__container:nth-child(5) .panel-header
527582 [main] INFO utilities.listener.WebEventListener  - Before Finding element: By.cssSelector: .v-expansion-panel__container:nth-child(5) .panel-header
2021-03-19/13:33:17.389  INFO: listener.WebEventListener - Before Finding element: By.cssSelector: .v-expansion-panel__container:nth-child(5) .panel-header
527860 [main] INFO utilities.listener.WebEventListener  - Before Finding element: By.cssSelector: .v-expansion-panel__container:nth-child(5) .panel-header
527860 [main] INFO utilities.listener.WebEventListener  - Before Finding element: By.cssSelector: .v-expansion-panel__container:nth-child(5) .panel-header
2021-03-19/13:33:17.673  INFO: listener.WebEventListener - Before Finding element: By.cssSelector: .v-expansion-panel__container:nth-child(5) .panel-header
528144 [main] INFO utilities.listener.WebEventListener  - Before Finding element: By.cssSelector: .v-expansion-panel__container:nth-child(5) .panel-header
528144 [main] INFO utilities.listener.WebEventListener  - Before Finding element: By.cssSelector: .v-expansion-panel__container:nth-child(5) .panel-header
2021-03-19/13:33:17.940  INFO: listener.WebEventListener - Before Finding element: By.cssSelector: .v-expansion-panel__container:nth-child(5) .panel-header
528411 [main] INFO utilities.listener.WebEventListener  - Before Finding element: By.cssSelector: .v-expansion-panel__container:nth-child(5) .panel-header
528411 [main] INFO utilities.listener.WebEventListener  - Before Finding element: By.cssSelector: .v-expansion-panel__container:nth-child(5) .panel-header
2021-03-19/13:33:18.207  INFO: listener.WebEventListener - Before Finding element: By.cssSelector: .v-expansion-panel__container:nth-child(5) .panel-header
528678 [main] INFO utilities.listener.WebEventListener  - Before Finding element: By.cssSelector: .v-expansion-panel__container:nth-child(5) .panel-header
528678 [main] INFO utilities.listener.WebEventListener  - Before Finding element: By.cssSelector: .v-expansion-panel__container:nth-child(5) .panel-header
2021-03-19/13:33:18.483  INFO: listener.WebEventListener - Before Finding element: By.cssSelector: .v-expansion-panel__container:nth-child(5) .panel-header
528954 [main] INFO utilities.listener.WebEventListener  - Before Finding element: By.cssSelector: .v-expansion-panel__container:nth-child(5) .panel-header
528954 [main] INFO utilities.listener.WebEventListener  - Before Finding element: By.cssSelector: .v-expansion-panel__container:nth-child(5) .panel-header
2021-03-19/13:33:18.750  INFO: listener.WebEventListener - Before Finding element: By.cssSelector: .v-expansion-panel__container:nth-child(5) .panel-header
529221 [main] INFO utilities.listener.WebEventListener  - Before Finding element: By.cssSelector: .v-expansion-panel__container:nth-child(5) .panel-header
529221 [main] INFO utilities.listener.WebEventListener  - Before Finding element: By.cssSelector: .v-expansion-panel__container:nth-child(5) .panel-header
2021-03-19/13:33:19.018  INFO: listener.WebEventListener - Before Finding element: By.cssSelector: .v-expansion-panel__container:nth-child(5) .panel-header
529489 [main] INFO utilities.listener.WebEventListener  - Before Finding element: By.cssSelector: .v-expansion-panel__container:nth-child(5) .panel-header
529489 [main] INFO utilities.listener.WebEventListener  - Before Finding element: By.cssSelector: .v-expansion-panel__container:nth-child(5) .panel-header
2021-03-19/13:33:19.284  INFO: listener.WebEventListener - Before Finding element: By.cssSelector: .v-expansion-panel__container:nth-child(5) .panel-header
529755 [main] INFO utilities.listener.WebEventListener  - Before Finding element: By.cssSelector: .v-expansion-panel__container:nth-child(5) .panel-header
529755 [main] INFO utilities.listener.WebEventListener  - Before Finding element: By.cssSelector: .v-expansion-panel__container:nth-child(5) .panel-header
2021-03-19/13:33:19.549  INFO: listener.WebEventListener - Before Finding element: By.cssSelector: .v-expansion-panel__container:nth-child(5) .panel-header
530020 [main] INFO utilities.listener.WebEventListener  - Before Finding element: By.cssSelector: .v-expansion-panel__container:nth-child(5) .panel-header
530020 [main] INFO utilities.listener.WebEventListener  - Before Finding element: By.cssSelector: .v-expansion-panel__container:nth-child(5) .panel-header
2021-03-19/13:33:19.815  INFO: listener.WebEventListener - Before Finding element: By.cssSelector: .v-expansion-panel__container:nth-child(5) .panel-header
530286 [main] INFO utilities.listener.WebEventListener  - Before Finding element: By.cssSelector: .v-expansion-panel__container:nth-child(5) .panel-header
530286 [main] INFO utilities.listener.WebEventListener  - Before Finding element: By.cssSelector: .v-expansion-panel__container:nth-child(5) .panel-header
2021-03-19/13:33:20.083  INFO: listener.WebEventListener - Before Finding element: By.cssSelector: .v-expansion-panel__container:nth-child(5) .panel-header
530554 [main] INFO utilities.listener.WebEventListener  - Before Finding element: By.cssSelector: .v-expansion-panel__container:nth-child(5) .panel-header
530554 [main] INFO utilities.listener.WebEventListener  - Before Finding element: By.cssSelector: .v-expansion-panel__container:nth-child(5) .panel-header
2021-03-19/13:33:20.350  INFO: listener.WebEventListener - Before Finding element: By.cssSelector: .v-expansion-panel__container:nth-child(5) .panel-header
530821 [main] INFO utilities.listener.WebEventListener  - Before Finding element: By.cssSelector: .v-expansion-panel__container:nth-child(5) .panel-header
530821 [main] INFO utilities.listener.WebEventListener  - Before Finding element: By.cssSelector: .v-expansion-panel__container:nth-child(5) .panel-header
2021-03-19/13:33:20.615  INFO: listener.WebEventListener - Before Finding element: By.cssSelector: .v-expansion-panel__container:nth-child(5) .panel-header
531086 [main] INFO utilities.listener.WebEventListener  - Before Finding element: By.cssSelector: .v-expansion-panel__container:nth-child(5) .panel-header
531086 [main] INFO utilities.listener.WebEventListener  - Before Finding element: By.cssSelector: .v-expansion-panel__container:nth-child(5) .panel-header
2021-03-19/13:33:20.882  INFO: listener.WebEventListener - Before Finding element: By.cssSelector: .v-expansion-panel__container:nth-child(5) .panel-header
531353 [main] INFO utilities.listener.WebEventListener  - Before Finding element: By.cssSelector: .v-expansion-panel__container:nth-child(5) .panel-header
531353 [main] INFO utilities.listener.WebEventListener  - Before Finding element: By.cssSelector: .v-expansion-panel__container:nth-child(5) .panel-header
2021-03-19/13:33:21.150  INFO: listener.WebEventListener - Before Finding element: By.cssSelector: .v-expansion-panel__container:nth-child(5) .panel-header
531621 [main] INFO utilities.listener.WebEventListener  - Before Finding element: By.cssSelector: .v-expansion-panel__container:nth-child(5) .panel-header
531621 [main] INFO utilities.listener.WebEventListener  - Before Finding element: By.cssSelector: .v-expansion-panel__container:nth-child(5) .panel-header
2021-03-19/13:33:21.415  INFO: listener.WebEventListener - Before Finding element: By.cssSelector: .v-expansion-panel__container:nth-child(5) .panel-header
531886 [main] INFO utilities.listener.WebEventListener  - Before Finding element: By.cssSelector: .v-expansion-panel__container:nth-child(5) .panel-header
531886 [main] INFO utilities.listener.WebEventListener  - Before Finding element: By.cssSelector: .v-expansion-panel__container:nth-child(5) .panel-header
2021-03-19/13:33:21.681  INFO: listener.WebEventListener - Before Finding element: By.cssSelector: .v-expansion-panel__container:nth-child(5) .panel-header
532152 [main] INFO utilities.listener.WebEventListener  - Before Finding element: By.cssSelector: .v-expansion-panel__container:nth-child(5) .panel-header
532152 [main] INFO utilities.listener.WebEventListener  - Before Finding element: By.cssSelector: .v-expansion-panel__container:nth-child(5) .panel-header
2021-03-19/13:33:21.949  INFO: listener.WebEventListener - Before Finding element: By.cssSelector: .v-expansion-panel__container:nth-child(5) .panel-header
532420 [main] INFO utilities.listener.WebEventListener  - Before Finding element: By.cssSelector: .v-expansion-panel__container:nth-child(5) .panel-header
532420 [main] INFO utilities.listener.WebEventListener  - Before Finding element: By.cssSelector: .v-expansion-panel__container:nth-child(5) .panel-header
2021-03-19/13:33:22.217  INFO: listener.WebEventListener - Before Finding element: By.cssSelector: .v-expansion-panel__container:nth-child(5) .panel-header
532688 [main] INFO utilities.listener.WebEventListener  - Before Finding element: By.cssSelector: .v-expansion-panel__container:nth-child(5) .panel-header
532688 [main] INFO utilities.listener.WebEventListener  - Before Finding element: By.cssSelector: .v-expansion-panel__container:nth-child(5) .panel-header
2021-03-19/13:33:22.487  INFO: listener.WebEventListener - Before Finding element: By.cssSelector: .v-expansion-panel__container:nth-child(5) .panel-header
532958 [main] INFO utilities.listener.WebEventListener  - Before Finding element: By.cssSelector: .v-expansion-panel__container:nth-child(5) .panel-header
532958 [main] INFO utilities.listener.WebEventListener  - Before Finding element: By.cssSelector: .v-expansion-panel__container:nth-child(5) .panel-header
2021-03-19/13:33:22.755  INFO: listener.WebEventListener - Before Finding element: By.cssSelector: .v-expansion-panel__container:nth-child(5) .panel-header
533226 [main] INFO utilities.listener.WebEventListener  - Before Finding element: By.cssSelector: .v-expansion-panel__container:nth-child(5) .panel-header
533226 [main] INFO utilities.listener.WebEventListener  - Before Finding element: By.cssSelector: .v-expansion-panel__container:nth-child(5) .panel-header
2021-03-19/13:33:23.032  INFO: listener.WebEventListener - Before Finding element: By.cssSelector: .v-expansion-panel__container:nth-child(5) .panel-header
533503 [main] INFO utilities.listener.WebEventListener  - Before Finding element: By.cssSelector: .v-expansion-panel__container:nth-child(5) .panel-header
533503 [main] INFO utilities.listener.WebEventListener  - Before Finding element: By.cssSelector: .v-expansion-panel__container:nth-child(5) .panel-header
2021-03-19/13:33:23.297  INFO: listener.WebEventListener - Before Finding element: By.cssSelector: .v-expansion-panel__container:nth-child(5) .panel-header
533768 [main] INFO utilities.listener.WebEventListener  - Before Finding element: By.cssSelector: .v-expansion-panel__container:nth-child(5) .panel-header
533768 [main] INFO utilities.listener.WebEventListener  - Before Finding element: By.cssSelector: .v-expansion-panel__container:nth-child(5) .panel-header
2021-03-19/13:33:23.563  INFO: listener.WebEventListener - Before Finding element: By.cssSelector: .v-expansion-panel__container:nth-child(5) .panel-header
534034 [main] INFO utilities.listener.WebEventListener  - Before Finding element: By.cssSelector: .v-expansion-panel__container:nth-child(5) .panel-header
534034 [main] INFO utilities.listener.WebEventListener  - Before Finding element: By.cssSelector: .v-expansion-panel__container:nth-child(5) .panel-header
2021-03-19/13:33:23.829  INFO: listener.WebEventListener - Before Finding element: By.cssSelector: .v-expansion-panel__container:nth-child(5) .panel-header
534300 [main] INFO utilities.listener.WebEventListener  - Before Finding element: By.cssSelector: .v-expansion-panel__container:nth-child(5) .panel-header
534300 [main] INFO utilities.listener.WebEventListener  - Before Finding element: By.cssSelector: .v-expansion-panel__container:nth-child(5) .panel-header
2021-03-19/13:33:24.093  INFO: listener.WebEventListener - Before Finding element: By.cssSelector: .v-expansion-panel__container:nth-child(5) .panel-header
534564 [main] INFO utilities.listener.WebEventListener  - Before Finding element: By.cssSelector: .v-expansion-panel__container:nth-child(5) .panel-header
534564 [main] INFO utilities.listener.WebEventListener  - Before Finding element: By.cssSelector: .v-expansion-panel__container:nth-child(5) .panel-header
2021-03-19/13:33:24.357  INFO: listener.WebEventListener - Before Finding element: By.cssSelector: .v-expansion-panel__container:nth-child(5) .panel-header
534828 [main] INFO utilities.listener.WebEventListener  - Before Finding element: By.cssSelector: .v-expansion-panel__container:nth-child(5) .panel-header
534828 [main] INFO utilities.listener.WebEventListener  - Before Finding element: By.cssSelector: .v-expansion-panel__container:nth-child(5) .panel-header
2021-03-19/13:33:24.623  INFO: listener.WebEventListener - Before Finding element: By.cssSelector: .v-expansion-panel__container:nth-child(5) .panel-header
535094 [main] INFO utilities.listener.WebEventListener  - Before Finding element: By.cssSelector: .v-expansion-panel__container:nth-child(5) .panel-header
535094 [main] INFO utilities.listener.WebEventListener  - Before Finding element: By.cssSelector: .v-expansion-panel__container:nth-child(5) .panel-header
2021-03-19/13:33:25.053  INFO: listener.WebEventListener - Before Finding element: By.cssSelector: .v-expansion-panel__container:nth-child(5) .panel-header
535524 [main] INFO utilities.listener.WebEventListener  - Before Finding element: By.cssSelector: .v-expansion-panel__container:nth-child(5) .panel-header
535524 [main] INFO utilities.listener.WebEventListener  - Before Finding element: By.cssSelector: .v-expansion-panel__container:nth-child(5) .panel-header
2021-03-19/13:33:25.321  INFO: listener.WebEventListener - Before Finding element: By.cssSelector: .v-expansion-panel__container:nth-child(5) .panel-header
535792 [main] INFO utilities.listener.WebEventListener  - Before Finding element: By.cssSelector: .v-expansion-panel__container:nth-child(5) .panel-header
535792 [main] INFO utilities.listener.WebEventListener  - Before Finding element: By.cssSelector: .v-expansion-panel__container:nth-child(5) .panel-header
2021-03-19/13:33:25.588  INFO: listener.WebEventListener - Before Finding element: By.cssSelector: .v-expansion-panel__container:nth-child(5) .panel-header
536059 [main] INFO utilities.listener.WebEventListener  - Before Finding element: By.cssSelector: .v-expansion-panel__container:nth-child(5) .panel-header
536059 [main] INFO utilities.listener.WebEventListener  - Before Finding element: By.cssSelector: .v-expansion-panel__container:nth-child(5) .panel-header
2021-03-19/13:33:25.857  INFO: listener.WebEventListener - Before Finding element: By.cssSelector: .v-expansion-panel__container:nth-child(5) .panel-header
536328 [main] INFO utilities.listener.WebEventListener  - Before Finding element: By.cssSelector: .v-expansion-panel__container:nth-child(5) .panel-header
536328 [main] INFO utilities.listener.WebEventListener  - Before Finding element: By.cssSelector: .v-expansion-panel__container:nth-child(5) .panel-header
2021-03-19/13:33:26.123  INFO: listener.WebEventListener - Before Finding element: By.cssSelector: .v-expansion-panel__container:nth-child(5) .panel-header
536594 [main] INFO utilities.listener.WebEventListener  - Before Finding element: By.cssSelector: .v-expansion-panel__container:nth-child(5) .panel-header
536594 [main] INFO utilities.listener.WebEventListener  - Before Finding element: By.cssSelector: .v-expansion-panel__container:nth-child(5) .panel-header
2021-03-19/13:33:26.390  INFO: listener.WebEventListener - Before Finding element: By.cssSelector: .v-expansion-panel__container:nth-child(5) .panel-header
536861 [main] INFO utilities.listener.WebEventListener  - Before Finding element: By.cssSelector: .v-expansion-panel__container:nth-child(5) .panel-header
536861 [main] INFO utilities.listener.WebEventListener  - Before Finding element: By.cssSelector: .v-expansion-panel__container:nth-child(5) .panel-header
2021-03-19/13:33:26.658  INFO: listener.WebEventListener - Before Finding element: By.cssSelector: .v-expansion-panel__container:nth-child(5) .panel-header
537129 [main] INFO utilities.listener.WebEventListener  - Before Finding element: By.cssSelector: .v-expansion-panel__container:nth-child(5) .panel-header
537129 [main] INFO utilities.listener.WebEventListener  - Before Finding element: By.cssSelector: .v-expansion-panel__container:nth-child(5) .panel-header
2021-03-19/13:33:26.924  INFO: listener.WebEventListener - Before Finding element: By.cssSelector: .v-expansion-panel__container:nth-child(5) .panel-header
537395 [main] INFO utilities.listener.WebEventListener  - Before Finding element: By.cssSelector: .v-expansion-panel__container:nth-child(5) .panel-header
537395 [main] INFO utilities.listener.WebEventListener  - Before Finding element: By.cssSelector: .v-expansion-panel__container:nth-child(5) .panel-header
2021-03-19/13:33:27.197  INFO: listener.WebEventListener - Before Finding element: By.cssSelector: .v-expansion-panel__container:nth-child(5) .panel-header
537668 [main] INFO utilities.listener.WebEventListener  - Before Finding element: By.cssSelector: .v-expansion-panel__container:nth-child(5) .panel-header
537668 [main] INFO utilities.listener.WebEventListener  - Before Finding element: By.cssSelector: .v-expansion-panel__container:nth-child(5) .panel-header
2021-03-19/13:33:27.477  INFO: listener.WebEventListener - Before Finding element: By.cssSelector: .v-expansion-panel__container:nth-child(5) .panel-header
537948 [main] INFO utilities.listener.WebEventListener  - Before Finding element: By.cssSelector: .v-expansion-panel__container:nth-child(5) .panel-header
537948 [main] INFO utilities.listener.WebEventListener  - Before Finding element: By.cssSelector: .v-expansion-panel__container:nth-child(5) .panel-header
2021-03-19/13:33:27.749  INFO: listener.WebEventListener - Before Finding element: By.cssSelector: .v-expansion-panel__container:nth-child(5) .panel-header
538220 [main] INFO utilities.listener.WebEventListener  - Before Finding element: By.cssSelector: .v-expansion-panel__container:nth-child(5) .panel-header
538220 [main] INFO utilities.listener.WebEventListener  - Before Finding element: By.cssSelector: .v-expansion-panel__container:nth-child(5) .panel-header
2021-03-19/13:33:28.019  INFO: listener.WebEventListener - Before Finding element: By.cssSelector: .v-expansion-panel__container:nth-child(5) .panel-header
538490 [main] INFO utilities.listener.WebEventListener  - Before Finding element: By.cssSelector: .v-expansion-panel__container:nth-child(5) .panel-header
538490 [main] INFO utilities.listener.WebEventListener  - Before Finding element: By.cssSelector: .v-expansion-panel__container:nth-child(5) .panel-header
2021-03-19/13:33:28.284  INFO: listener.WebEventListener - Before Finding element: By.cssSelector: .v-expansion-panel__container:nth-child(5) .panel-header
538755 [main] INFO utilities.listener.WebEventListener  - Before Finding element: By.cssSelector: .v-expansion-panel__container:nth-child(5) .panel-header
538755 [main] INFO utilities.listener.WebEventListener  - Before Finding element: By.cssSelector: .v-expansion-panel__container:nth-child(5) .panel-header
2021-03-19/13:33:28.548  INFO: listener.WebEventListener - Before Finding element: By.cssSelector: .v-expansion-panel__container:nth-child(5) .panel-header
539019 [main] INFO utilities.listener.WebEventListener  - Before Finding element: By.cssSelector: .v-expansion-panel__container:nth-child(5) .panel-header
539019 [main] INFO utilities.listener.WebEventListener  - Before Finding element: By.cssSelector: .v-expansion-panel__container:nth-child(5) .panel-header
2021-03-19/13:33:28.813  INFO: listener.WebEventListener - Before Finding element: By.cssSelector: .v-expansion-panel__container:nth-child(5) .panel-header
539284 [main] INFO utilities.listener.WebEventListener  - Before Finding element: By.cssSelector: .v-expansion-panel__container:nth-child(5) .panel-header
539284 [main] INFO utilities.listener.WebEventListener  - Before Finding element: By.cssSelector: .v-expansion-panel__container:nth-child(5) .panel-header
2021-03-19/13:33:29.082  INFO: listener.WebEventListener - Before Finding element: By.cssSelector: .v-expansion-panel__container:nth-child(5) .panel-header
539553 [main] INFO utilities.listener.WebEventListener  - Before Finding element: By.cssSelector: .v-expansion-panel__container:nth-child(5) .panel-header
539553 [main] INFO utilities.listener.WebEventListener  - Before Finding element: By.cssSelector: .v-expansion-panel__container:nth-child(5) .panel-header
2021-03-19/13:33:29.347  INFO: listener.WebEventListener - Before Finding element: By.cssSelector: .v-expansion-panel__container:nth-child(5) .panel-header
539818 [main] INFO utilities.listener.WebEventListener  - Before Finding element: By.cssSelector: .v-expansion-panel__container:nth-child(5) .panel-header
539818 [main] INFO utilities.listener.WebEventListener  - Before Finding element: By.cssSelector: .v-expansion-panel__container:nth-child(5) .panel-header
2021-03-19/13:33:29.613  INFO: listener.WebEventListener - Before Finding element: By.cssSelector: .v-expansion-panel__container:nth-child(5) .panel-header
540084 [main] INFO utilities.listener.WebEventListener  - Before Finding element: By.cssSelector: .v-expansion-panel__container:nth-child(5) .panel-header
540084 [main] INFO utilities.listener.WebEventListener  - Before Finding element: By.cssSelector: .v-expansion-panel__container:nth-child(5) .panel-header
2021-03-19/13:33:29.881  INFO: listener.WebEventListener - Before Finding element: By.cssSelector: .v-expansion-panel__container:nth-child(5) .panel-header
540352 [main] INFO utilities.listener.WebEventListener  - Before Finding element: By.cssSelector: .v-expansion-panel__container:nth-child(5) .panel-header
540352 [main] INFO utilities.listener.WebEventListener  - Before Finding element: By.cssSelector: .v-expansion-panel__container:nth-child(5) .panel-header
2021-03-19/13:33:30.149  INFO: listener.WebEventListener - Before Finding element: By.cssSelector: .v-expansion-panel__container:nth-child(5) .panel-header
540620 [main] INFO utilities.listener.WebEventListener  - Before Finding element: By.cssSelector: .v-expansion-panel__container:nth-child(5) .panel-header
540620 [main] INFO utilities.listener.WebEventListener  - Before Finding element: By.cssSelector: .v-expansion-panel__container:nth-child(5) .panel-header
2021-03-19/13:33:30.414  INFO: listener.WebEventListener - Before Finding element: By.cssSelector: .v-expansion-panel__container:nth-child(5) .panel-header
540885 [main] INFO utilities.listener.WebEventListener  - Before Finding element: By.cssSelector: .v-expansion-panel__container:nth-child(5) .panel-header
540885 [main] INFO utilities.listener.WebEventListener  - Before Finding element: By.cssSelector: .v-expansion-panel__container:nth-child(5) .panel-header
2021-03-19/13:33:30.682  INFO: listener.WebEventListener - Before Finding element: By.cssSelector: .v-expansion-panel__container:nth-child(5) .panel-header
541153 [main] INFO utilities.listener.WebEventListener  - Before Finding element: By.cssSelector: .v-expansion-panel__container:nth-child(5) .panel-header
541153 [main] INFO utilities.listener.WebEventListener  - Before Finding element: By.cssSelector: .v-expansion-panel__container:nth-child(5) .panel-header
2021-03-19/13:33:30.949  INFO: listener.WebEventListener - Before Finding element: By.cssSelector: .v-expansion-panel__container:nth-child(5) .panel-header
541420 [main] INFO utilities.listener.WebEventListener  - Before Finding element: By.cssSelector: .v-expansion-panel__container:nth-child(5) .panel-header
541420 [main] INFO utilities.listener.WebEventListener  - Before Finding element: By.cssSelector: .v-expansion-panel__container:nth-child(5) .panel-header
2021-03-19/13:33:31.214  INFO: listener.WebEventListener - Before Finding element: By.cssSelector: .v-expansion-panel__container:nth-child(5) .panel-header
541685 [main] INFO utilities.listener.WebEventListener  - Before Finding element: By.cssSelector: .v-expansion-panel__container:nth-child(5) .panel-header
541685 [main] INFO utilities.listener.WebEventListener  - Before Finding element: By.cssSelector: .v-expansion-panel__container:nth-child(5) .panel-header
2021-03-19/13:33:31.480  INFO: listener.WebEventListener - Before Finding element: By.cssSelector: .v-expansion-panel__container:nth-child(5) .panel-header
541951 [main] INFO utilities.listener.WebEventListener  - Before Finding element: By.cssSelector: .v-expansion-panel__container:nth-child(5) .panel-header
541951 [main] INFO utilities.listener.WebEventListener  - Before Finding element: By.cssSelector: .v-expansion-panel__container:nth-child(5) .panel-header
2021-03-19/13:33:31.748  INFO: listener.WebEventListener - Before Finding element: By.cssSelector: .v-expansion-panel__container:nth-child(5) .panel-header
542219 [main] INFO utilities.listener.WebEventListener  - Before Finding element: By.cssSelector: .v-expansion-panel__container:nth-child(5) .panel-header
542219 [main] INFO utilities.listener.WebEventListener  - Before Finding element: By.cssSelector: .v-expansion-panel__container:nth-child(5) .panel-header
2021-03-19/13:33:32.019  INFO: listener.WebEventListener - Before Finding element: By.cssSelector: .v-expansion-panel__container:nth-child(5) .panel-header
542490 [main] INFO utilities.listener.WebEventListener  - Before Finding element: By.cssSelector: .v-expansion-panel__container:nth-child(5) .panel-header
542490 [main] INFO utilities.listener.WebEventListener  - Before Finding element: By.cssSelector: .v-expansion-panel__container:nth-child(5) .panel-header
I am in onTestFailure method clickOnAccordian failed
]]></system-out>
  </testcase>
  <testcase name="consignmentInboundEmailAndSave" classname="pages.TestPageConsignmentInbound" time="120.548">
    <failure message="Expected condition failed: waiting for visibility of Proxy element for: AjaxElementLocator &apos;By.xpath: //input[@id=&apos;ConsignmentID&apos;]&apos; (tried for 60 second(s) with 500 milliseconds interval)" type="org.openqa.selenium.TimeoutException"><![CDATA[org.openqa.selenium.TimeoutException: Expected condition failed: waiting for visibility of Proxy element for: AjaxElementLocator 'By.xpath: //input[@id='ConsignmentID']' (tried for 60 second(s) with 500 milliseconds interval)
	at pages.TestPageConsignmentInbound.consignmentInboundEmailAndSave(TestPageConsignmentInbound.java:55)
Caused by: org.openqa.selenium.NoSuchElementException: Timed out after 60 seconds. Unable to locate the element
	at pages.TestPageConsignmentInbound.consignmentInboundEmailAndSave(TestPageConsignmentInbound.java:55)
Caused by: org.openqa.selenium.NoSuchElementException: 
no such element: Unable to locate element: {"method":"xpath","selector":"//input[@id='ConsignmentID']"}
  (Session info: headless chrome=89.0.4389.90)
For documentation on this error, please visit: https://www.seleniumhq.org/exceptions/no_such_element.html
Build info: version: '3.141.59', revision: 'e82be7d358', time: '2018-11-14T08:17:03'
System info: host: 'WJLP-1098', ip: '192.168.65.1', os.name: 'Windows 10', os.arch: 'amd64', os.version: '10.0', java.version: '11.0.7'
Driver info: org.openqa.selenium.chrome.ChromeDriver
Capabilities {acceptInsecureCerts: false, browserName: chrome, browserVersion: 89.0.4389.90, chrome: {chromedriverVersion: 89.0.4389.23 (61b08ee2c5002..., userDataDir: C:\Users\nasreenk\AppData\L...}, goog:chromeOptions: {debuggerAddress: localhost:53878}, javascriptEnabled: true, networkConnectionEnabled: false, pageLoadStrategy: none, platform: WINDOWS, platformName: WINDOWS, proxy: Proxy(), setWindowRect: true, strictFileInteractability: false, timeouts: {implicit: 0, pageLoad: 300000, script: 30000}, unhandledPromptBehavior: dismiss and notify, webauthn:extension:largeBlob: true, webauthn:virtualAuthenticators: true}
Session ID: 2c385f64303c21b7fc3507e4f9935a94
*** Element info: {Using=xpath, value=//input[@id='ConsignmentID']}
	at pages.TestPageConsignmentInbound.consignmentInboundEmailAndSave(TestPageConsignmentInbound.java:55)
]]></failure>
    <system-out><![CDATA[I am in onTestStart method consignmentInboundEmailAndSave start
2021-03-19/13:33:33.003  INFO: listener.WebEventListener - Before Finding element: By.xpath: //input[@id='ConsignmentID']
543474 [main] INFO utilities.listener.WebEventListener  - Before Finding element: By.xpath: //input[@id='ConsignmentID']
543474 [main] INFO utilities.listener.WebEventListener  - Before Finding element: By.xpath: //input[@id='ConsignmentID']
2021-03-19/13:33:33.056  INFO: listener.WebEventListener - Before Finding element: By.xpath: //input[@id='ConsignmentID']
543527 [main] INFO utilities.listener.WebEventListener  - Before Finding element: By.xpath: //input[@id='ConsignmentID']
543527 [main] INFO utilities.listener.WebEventListener  - Before Finding element: By.xpath: //input[@id='ConsignmentID']
2021-03-19/13:33:33.332  INFO: listener.WebEventListener - Before Finding element: By.xpath: //input[@id='ConsignmentID']
543803 [main] INFO utilities.listener.WebEventListener  - Before Finding element: By.xpath: //input[@id='ConsignmentID']
543803 [main] INFO utilities.listener.WebEventListener  - Before Finding element: By.xpath: //input[@id='ConsignmentID']
2021-03-19/13:33:33.603  INFO: listener.WebEventListener - Before Finding element: By.xpath: //input[@id='ConsignmentID']
544074 [main] INFO utilities.listener.WebEventListener  - Before Finding element: By.xpath: //input[@id='ConsignmentID']
544074 [main] INFO utilities.listener.WebEventListener  - Before Finding element: By.xpath: //input[@id='ConsignmentID']
2021-03-19/13:33:33.870  INFO: listener.WebEventListener - Before Finding element: By.xpath: //input[@id='ConsignmentID']
544341 [main] INFO utilities.listener.WebEventListener  - Before Finding element: By.xpath: //input[@id='ConsignmentID']
544341 [main] INFO utilities.listener.WebEventListener  - Before Finding element: By.xpath: //input[@id='ConsignmentID']
2021-03-19/13:33:34.141  INFO: listener.WebEventListener - Before Finding element: By.xpath: //input[@id='ConsignmentID']
544612 [main] INFO utilities.listener.WebEventListener  - Before Finding element: By.xpath: //input[@id='ConsignmentID']
544612 [main] INFO utilities.listener.WebEventListener  - Before Finding element: By.xpath: //input[@id='ConsignmentID']
2021-03-19/13:33:34.407  INFO: listener.WebEventListener - Before Finding element: By.xpath: //input[@id='ConsignmentID']
544878 [main] INFO utilities.listener.WebEventListener  - Before Finding element: By.xpath: //input[@id='ConsignmentID']
544878 [main] INFO utilities.listener.WebEventListener  - Before Finding element: By.xpath: //input[@id='ConsignmentID']
2021-03-19/13:33:34.678  INFO: listener.WebEventListener - Before Finding element: By.xpath: //input[@id='ConsignmentID']
545149 [main] INFO utilities.listener.WebEventListener  - Before Finding element: By.xpath: //input[@id='ConsignmentID']
545149 [main] INFO utilities.listener.WebEventListener  - Before Finding element: By.xpath: //input[@id='ConsignmentID']
2021-03-19/13:33:34.945  INFO: listener.WebEventListener - Before Finding element: By.xpath: //input[@id='ConsignmentID']
545416 [main] INFO utilities.listener.WebEventListener  - Before Finding element: By.xpath: //input[@id='ConsignmentID']
545416 [main] INFO utilities.listener.WebEventListener  - Before Finding element: By.xpath: //input[@id='ConsignmentID']
2021-03-19/13:33:35.213  INFO: listener.WebEventListener - Before Finding element: By.xpath: //input[@id='ConsignmentID']
545684 [main] INFO utilities.listener.WebEventListener  - Before Finding element: By.xpath: //input[@id='ConsignmentID']
545684 [main] INFO utilities.listener.WebEventListener  - Before Finding element: By.xpath: //input[@id='ConsignmentID']
2021-03-19/13:33:35.480  INFO: listener.WebEventListener - Before Finding element: By.xpath: //input[@id='ConsignmentID']
545951 [main] INFO utilities.listener.WebEventListener  - Before Finding element: By.xpath: //input[@id='ConsignmentID']
545951 [main] INFO utilities.listener.WebEventListener  - Before Finding element: By.xpath: //input[@id='ConsignmentID']
2021-03-19/13:33:35.750  INFO: listener.WebEventListener - Before Finding element: By.xpath: //input[@id='ConsignmentID']
546221 [main] INFO utilities.listener.WebEventListener  - Before Finding element: By.xpath: //input[@id='ConsignmentID']
546221 [main] INFO utilities.listener.WebEventListener  - Before Finding element: By.xpath: //input[@id='ConsignmentID']
2021-03-19/13:33:36.022  INFO: listener.WebEventListener - Before Finding element: By.xpath: //input[@id='ConsignmentID']
546493 [main] INFO utilities.listener.WebEventListener  - Before Finding element: By.xpath: //input[@id='ConsignmentID']
546493 [main] INFO utilities.listener.WebEventListener  - Before Finding element: By.xpath: //input[@id='ConsignmentID']
2021-03-19/13:33:36.320  INFO: listener.WebEventListener - Before Finding element: By.xpath: //input[@id='ConsignmentID']
546791 [main] INFO utilities.listener.WebEventListener  - Before Finding element: By.xpath: //input[@id='ConsignmentID']
546791 [main] INFO utilities.listener.WebEventListener  - Before Finding element: By.xpath: //input[@id='ConsignmentID']
2021-03-19/13:33:36.653  INFO: listener.WebEventListener - Before Finding element: By.xpath: //input[@id='ConsignmentID']
547124 [main] INFO utilities.listener.WebEventListener  - Before Finding element: By.xpath: //input[@id='ConsignmentID']
547124 [main] INFO utilities.listener.WebEventListener  - Before Finding element: By.xpath: //input[@id='ConsignmentID']
2021-03-19/13:33:36.960  INFO: listener.WebEventListener - Before Finding element: By.xpath: //input[@id='ConsignmentID']
547431 [main] INFO utilities.listener.WebEventListener  - Before Finding element: By.xpath: //input[@id='ConsignmentID']
547431 [main] INFO utilities.listener.WebEventListener  - Before Finding element: By.xpath: //input[@id='ConsignmentID']
2021-03-19/13:33:37.225  INFO: listener.WebEventListener - Before Finding element: By.xpath: //input[@id='ConsignmentID']
547696 [main] INFO utilities.listener.WebEventListener  - Before Finding element: By.xpath: //input[@id='ConsignmentID']
547696 [main] INFO utilities.listener.WebEventListener  - Before Finding element: By.xpath: //input[@id='ConsignmentID']
2021-03-19/13:33:37.491  INFO: listener.WebEventListener - Before Finding element: By.xpath: //input[@id='ConsignmentID']
547962 [main] INFO utilities.listener.WebEventListener  - Before Finding element: By.xpath: //input[@id='ConsignmentID']
547962 [main] INFO utilities.listener.WebEventListener  - Before Finding element: By.xpath: //input[@id='ConsignmentID']
2021-03-19/13:33:37.759  INFO: listener.WebEventListener - Before Finding element: By.xpath: //input[@id='ConsignmentID']
548230 [main] INFO utilities.listener.WebEventListener  - Before Finding element: By.xpath: //input[@id='ConsignmentID']
548230 [main] INFO utilities.listener.WebEventListener  - Before Finding element: By.xpath: //input[@id='ConsignmentID']
2021-03-19/13:33:38.035  INFO: listener.WebEventListener - Before Finding element: By.xpath: //input[@id='ConsignmentID']
548506 [main] INFO utilities.listener.WebEventListener  - Before Finding element: By.xpath: //input[@id='ConsignmentID']
548506 [main] INFO utilities.listener.WebEventListener  - Before Finding element: By.xpath: //input[@id='ConsignmentID']
2021-03-19/13:33:38.303  INFO: listener.WebEventListener - Before Finding element: By.xpath: //input[@id='ConsignmentID']
548774 [main] INFO utilities.listener.WebEventListener  - Before Finding element: By.xpath: //input[@id='ConsignmentID']
548774 [main] INFO utilities.listener.WebEventListener  - Before Finding element: By.xpath: //input[@id='ConsignmentID']
2021-03-19/13:33:38.571  INFO: listener.WebEventListener - Before Finding element: By.xpath: //input[@id='ConsignmentID']
549042 [main] INFO utilities.listener.WebEventListener  - Before Finding element: By.xpath: //input[@id='ConsignmentID']
549042 [main] INFO utilities.listener.WebEventListener  - Before Finding element: By.xpath: //input[@id='ConsignmentID']
2021-03-19/13:33:38.839  INFO: listener.WebEventListener - Before Finding element: By.xpath: //input[@id='ConsignmentID']
549310 [main] INFO utilities.listener.WebEventListener  - Before Finding element: By.xpath: //input[@id='ConsignmentID']
549310 [main] INFO utilities.listener.WebEventListener  - Before Finding element: By.xpath: //input[@id='ConsignmentID']
2021-03-19/13:33:39.104  INFO: listener.WebEventListener - Before Finding element: By.xpath: //input[@id='ConsignmentID']
549575 [main] INFO utilities.listener.WebEventListener  - Before Finding element: By.xpath: //input[@id='ConsignmentID']
549575 [main] INFO utilities.listener.WebEventListener  - Before Finding element: By.xpath: //input[@id='ConsignmentID']
2021-03-19/13:33:39.369  INFO: listener.WebEventListener - Before Finding element: By.xpath: //input[@id='ConsignmentID']
549840 [main] INFO utilities.listener.WebEventListener  - Before Finding element: By.xpath: //input[@id='ConsignmentID']
549840 [main] INFO utilities.listener.WebEventListener  - Before Finding element: By.xpath: //input[@id='ConsignmentID']
2021-03-19/13:33:39.637  INFO: listener.WebEventListener - Before Finding element: By.xpath: //input[@id='ConsignmentID']
550108 [main] INFO utilities.listener.WebEventListener  - Before Finding element: By.xpath: //input[@id='ConsignmentID']
550108 [main] INFO utilities.listener.WebEventListener  - Before Finding element: By.xpath: //input[@id='ConsignmentID']
2021-03-19/13:33:39.903  INFO: listener.WebEventListener - Before Finding element: By.xpath: //input[@id='ConsignmentID']
550374 [main] INFO utilities.listener.WebEventListener  - Before Finding element: By.xpath: //input[@id='ConsignmentID']
550374 [main] INFO utilities.listener.WebEventListener  - Before Finding element: By.xpath: //input[@id='ConsignmentID']
2021-03-19/13:33:40.169  INFO: listener.WebEventListener - Before Finding element: By.xpath: //input[@id='ConsignmentID']
550640 [main] INFO utilities.listener.WebEventListener  - Before Finding element: By.xpath: //input[@id='ConsignmentID']
550640 [main] INFO utilities.listener.WebEventListener  - Before Finding element: By.xpath: //input[@id='ConsignmentID']
2021-03-19/13:33:40.437  INFO: listener.WebEventListener - Before Finding element: By.xpath: //input[@id='ConsignmentID']
550908 [main] INFO utilities.listener.WebEventListener  - Before Finding element: By.xpath: //input[@id='ConsignmentID']
550908 [main] INFO utilities.listener.WebEventListener  - Before Finding element: By.xpath: //input[@id='ConsignmentID']
2021-03-19/13:33:40.707  INFO: listener.WebEventListener - Before Finding element: By.xpath: //input[@id='ConsignmentID']
551178 [main] INFO utilities.listener.WebEventListener  - Before Finding element: By.xpath: //input[@id='ConsignmentID']
551178 [main] INFO utilities.listener.WebEventListener  - Before Finding element: By.xpath: //input[@id='ConsignmentID']
2021-03-19/13:33:40.973  INFO: listener.WebEventListener - Before Finding element: By.xpath: //input[@id='ConsignmentID']
551444 [main] INFO utilities.listener.WebEventListener  - Before Finding element: By.xpath: //input[@id='ConsignmentID']
551444 [main] INFO utilities.listener.WebEventListener  - Before Finding element: By.xpath: //input[@id='ConsignmentID']
2021-03-19/13:33:41.244  INFO: listener.WebEventListener - Before Finding element: By.xpath: //input[@id='ConsignmentID']
551715 [main] INFO utilities.listener.WebEventListener  - Before Finding element: By.xpath: //input[@id='ConsignmentID']
551715 [main] INFO utilities.listener.WebEventListener  - Before Finding element: By.xpath: //input[@id='ConsignmentID']
2021-03-19/13:33:41.510  INFO: listener.WebEventListener - Before Finding element: By.xpath: //input[@id='ConsignmentID']
551981 [main] INFO utilities.listener.WebEventListener  - Before Finding element: By.xpath: //input[@id='ConsignmentID']
551981 [main] INFO utilities.listener.WebEventListener  - Before Finding element: By.xpath: //input[@id='ConsignmentID']
2021-03-19/13:33:41.774  INFO: listener.WebEventListener - Before Finding element: By.xpath: //input[@id='ConsignmentID']
552245 [main] INFO utilities.listener.WebEventListener  - Before Finding element: By.xpath: //input[@id='ConsignmentID']
552245 [main] INFO utilities.listener.WebEventListener  - Before Finding element: By.xpath: //input[@id='ConsignmentID']
2021-03-19/13:33:42.041  INFO: listener.WebEventListener - Before Finding element: By.xpath: //input[@id='ConsignmentID']
552512 [main] INFO utilities.listener.WebEventListener  - Before Finding element: By.xpath: //input[@id='ConsignmentID']
552512 [main] INFO utilities.listener.WebEventListener  - Before Finding element: By.xpath: //input[@id='ConsignmentID']
2021-03-19/13:33:42.313  INFO: listener.WebEventListener - Before Finding element: By.xpath: //input[@id='ConsignmentID']
552784 [main] INFO utilities.listener.WebEventListener  - Before Finding element: By.xpath: //input[@id='ConsignmentID']
552784 [main] INFO utilities.listener.WebEventListener  - Before Finding element: By.xpath: //input[@id='ConsignmentID']
2021-03-19/13:33:42.599  INFO: listener.WebEventListener - Before Finding element: By.xpath: //input[@id='ConsignmentID']
553070 [main] INFO utilities.listener.WebEventListener  - Before Finding element: By.xpath: //input[@id='ConsignmentID']
553070 [main] INFO utilities.listener.WebEventListener  - Before Finding element: By.xpath: //input[@id='ConsignmentID']
2021-03-19/13:33:42.869  INFO: listener.WebEventListener - Before Finding element: By.xpath: //input[@id='ConsignmentID']
553340 [main] INFO utilities.listener.WebEventListener  - Before Finding element: By.xpath: //input[@id='ConsignmentID']
553340 [main] INFO utilities.listener.WebEventListener  - Before Finding element: By.xpath: //input[@id='ConsignmentID']
2021-03-19/13:33:43.135  INFO: listener.WebEventListener - Before Finding element: By.xpath: //input[@id='ConsignmentID']
553606 [main] INFO utilities.listener.WebEventListener  - Before Finding element: By.xpath: //input[@id='ConsignmentID']
553606 [main] INFO utilities.listener.WebEventListener  - Before Finding element: By.xpath: //input[@id='ConsignmentID']
2021-03-19/13:33:43.400  INFO: listener.WebEventListener - Before Finding element: By.xpath: //input[@id='ConsignmentID']
553871 [main] INFO utilities.listener.WebEventListener  - Before Finding element: By.xpath: //input[@id='ConsignmentID']
553871 [main] INFO utilities.listener.WebEventListener  - Before Finding element: By.xpath: //input[@id='ConsignmentID']
2021-03-19/13:33:43.667  INFO: listener.WebEventListener - Before Finding element: By.xpath: //input[@id='ConsignmentID']
554138 [main] INFO utilities.listener.WebEventListener  - Before Finding element: By.xpath: //input[@id='ConsignmentID']
554138 [main] INFO utilities.listener.WebEventListener  - Before Finding element: By.xpath: //input[@id='ConsignmentID']
2021-03-19/13:33:43.935  INFO: listener.WebEventListener - Before Finding element: By.xpath: //input[@id='ConsignmentID']
554406 [main] INFO utilities.listener.WebEventListener  - Before Finding element: By.xpath: //input[@id='ConsignmentID']
554406 [main] INFO utilities.listener.WebEventListener  - Before Finding element: By.xpath: //input[@id='ConsignmentID']
2021-03-19/13:33:44.204  INFO: listener.WebEventListener - Before Finding element: By.xpath: //input[@id='ConsignmentID']
554675 [main] INFO utilities.listener.WebEventListener  - Before Finding element: By.xpath: //input[@id='ConsignmentID']
554675 [main] INFO utilities.listener.WebEventListener  - Before Finding element: By.xpath: //input[@id='ConsignmentID']
2021-03-19/13:33:44.469  INFO: listener.WebEventListener - Before Finding element: By.xpath: //input[@id='ConsignmentID']
554940 [main] INFO utilities.listener.WebEventListener  - Before Finding element: By.xpath: //input[@id='ConsignmentID']
554940 [main] INFO utilities.listener.WebEventListener  - Before Finding element: By.xpath: //input[@id='ConsignmentID']
2021-03-19/13:33:44.736  INFO: listener.WebEventListener - Before Finding element: By.xpath: //input[@id='ConsignmentID']
555207 [main] INFO utilities.listener.WebEventListener  - Before Finding element: By.xpath: //input[@id='ConsignmentID']
555207 [main] INFO utilities.listener.WebEventListener  - Before Finding element: By.xpath: //input[@id='ConsignmentID']
2021-03-19/13:33:45.004  INFO: listener.WebEventListener - Before Finding element: By.xpath: //input[@id='ConsignmentID']
555475 [main] INFO utilities.listener.WebEventListener  - Before Finding element: By.xpath: //input[@id='ConsignmentID']
555475 [main] INFO utilities.listener.WebEventListener  - Before Finding element: By.xpath: //input[@id='ConsignmentID']
2021-03-19/13:33:45.274  INFO: listener.WebEventListener - Before Finding element: By.xpath: //input[@id='ConsignmentID']
555745 [main] INFO utilities.listener.WebEventListener  - Before Finding element: By.xpath: //input[@id='ConsignmentID']
555745 [main] INFO utilities.listener.WebEventListener  - Before Finding element: By.xpath: //input[@id='ConsignmentID']
2021-03-19/13:33:45.541  INFO: listener.WebEventListener - Before Finding element: By.xpath: //input[@id='ConsignmentID']
556012 [main] INFO utilities.listener.WebEventListener  - Before Finding element: By.xpath: //input[@id='ConsignmentID']
556012 [main] INFO utilities.listener.WebEventListener  - Before Finding element: By.xpath: //input[@id='ConsignmentID']
2021-03-19/13:33:45.810  INFO: listener.WebEventListener - Before Finding element: By.xpath: //input[@id='ConsignmentID']
556281 [main] INFO utilities.listener.WebEventListener  - Before Finding element: By.xpath: //input[@id='ConsignmentID']
556281 [main] INFO utilities.listener.WebEventListener  - Before Finding element: By.xpath: //input[@id='ConsignmentID']
2021-03-19/13:33:46.086  INFO: listener.WebEventListener - Before Finding element: By.xpath: //input[@id='ConsignmentID']
556557 [main] INFO utilities.listener.WebEventListener  - Before Finding element: By.xpath: //input[@id='ConsignmentID']
556557 [main] INFO utilities.listener.WebEventListener  - Before Finding element: By.xpath: //input[@id='ConsignmentID']
2021-03-19/13:33:46.358  INFO: listener.WebEventListener - Before Finding element: By.xpath: //input[@id='ConsignmentID']
556829 [main] INFO utilities.listener.WebEventListener  - Before Finding element: By.xpath: //input[@id='ConsignmentID']
556829 [main] INFO utilities.listener.WebEventListener  - Before Finding element: By.xpath: //input[@id='ConsignmentID']
2021-03-19/13:33:46.626  INFO: listener.WebEventListener - Before Finding element: By.xpath: //input[@id='ConsignmentID']
557097 [main] INFO utilities.listener.WebEventListener  - Before Finding element: By.xpath: //input[@id='ConsignmentID']
557097 [main] INFO utilities.listener.WebEventListener  - Before Finding element: By.xpath: //input[@id='ConsignmentID']
2021-03-19/13:33:46.900  INFO: listener.WebEventListener - Before Finding element: By.xpath: //input[@id='ConsignmentID']
557371 [main] INFO utilities.listener.WebEventListener  - Before Finding element: By.xpath: //input[@id='ConsignmentID']
557371 [main] INFO utilities.listener.WebEventListener  - Before Finding element: By.xpath: //input[@id='ConsignmentID']
2021-03-19/13:33:47.407  INFO: listener.WebEventListener - Before Finding element: By.xpath: //input[@id='ConsignmentID']
557878 [main] INFO utilities.listener.WebEventListener  - Before Finding element: By.xpath: //input[@id='ConsignmentID']
557878 [main] INFO utilities.listener.WebEventListener  - Before Finding element: By.xpath: //input[@id='ConsignmentID']
2021-03-19/13:33:48.021  INFO: listener.WebEventListener - Before Finding element: By.xpath: //input[@id='ConsignmentID']
558492 [main] INFO utilities.listener.WebEventListener  - Before Finding element: By.xpath: //input[@id='ConsignmentID']
558492 [main] INFO utilities.listener.WebEventListener  - Before Finding element: By.xpath: //input[@id='ConsignmentID']
2021-03-19/13:33:48.306  INFO: listener.WebEventListener - Before Finding element: By.xpath: //input[@id='ConsignmentID']
558777 [main] INFO utilities.listener.WebEventListener  - Before Finding element: By.xpath: //input[@id='ConsignmentID']
558777 [main] INFO utilities.listener.WebEventListener  - Before Finding element: By.xpath: //input[@id='ConsignmentID']
2021-03-19/13:33:48.572  INFO: listener.WebEventListener - Before Finding element: By.xpath: //input[@id='ConsignmentID']
559043 [main] INFO utilities.listener.WebEventListener  - Before Finding element: By.xpath: //input[@id='ConsignmentID']
559043 [main] INFO utilities.listener.WebEventListener  - Before Finding element: By.xpath: //input[@id='ConsignmentID']
2021-03-19/13:33:48.836  INFO: listener.WebEventListener - Before Finding element: By.xpath: //input[@id='ConsignmentID']
559307 [main] INFO utilities.listener.WebEventListener  - Before Finding element: By.xpath: //input[@id='ConsignmentID']
559307 [main] INFO utilities.listener.WebEventListener  - Before Finding element: By.xpath: //input[@id='ConsignmentID']
2021-03-19/13:33:49.101  INFO: listener.WebEventListener - Before Finding element: By.xpath: //input[@id='ConsignmentID']
559572 [main] INFO utilities.listener.WebEventListener  - Before Finding element: By.xpath: //input[@id='ConsignmentID']
559572 [main] INFO utilities.listener.WebEventListener  - Before Finding element: By.xpath: //input[@id='ConsignmentID']
2021-03-19/13:33:49.365  INFO: listener.WebEventListener - Before Finding element: By.xpath: //input[@id='ConsignmentID']
559836 [main] INFO utilities.listener.WebEventListener  - Before Finding element: By.xpath: //input[@id='ConsignmentID']
559836 [main] INFO utilities.listener.WebEventListener  - Before Finding element: By.xpath: //input[@id='ConsignmentID']
2021-03-19/13:33:49.629  INFO: listener.WebEventListener - Before Finding element: By.xpath: //input[@id='ConsignmentID']
560100 [main] INFO utilities.listener.WebEventListener  - Before Finding element: By.xpath: //input[@id='ConsignmentID']
560100 [main] INFO utilities.listener.WebEventListener  - Before Finding element: By.xpath: //input[@id='ConsignmentID']
2021-03-19/13:33:49.895  INFO: listener.WebEventListener - Before Finding element: By.xpath: //input[@id='ConsignmentID']
560366 [main] INFO utilities.listener.WebEventListener  - Before Finding element: By.xpath: //input[@id='ConsignmentID']
560366 [main] INFO utilities.listener.WebEventListener  - Before Finding element: By.xpath: //input[@id='ConsignmentID']
2021-03-19/13:33:50.161  INFO: listener.WebEventListener - Before Finding element: By.xpath: //input[@id='ConsignmentID']
560632 [main] INFO utilities.listener.WebEventListener  - Before Finding element: By.xpath: //input[@id='ConsignmentID']
560632 [main] INFO utilities.listener.WebEventListener  - Before Finding element: By.xpath: //input[@id='ConsignmentID']
2021-03-19/13:33:50.431  INFO: listener.WebEventListener - Before Finding element: By.xpath: //input[@id='ConsignmentID']
560902 [main] INFO utilities.listener.WebEventListener  - Before Finding element: By.xpath: //input[@id='ConsignmentID']
560902 [main] INFO utilities.listener.WebEventListener  - Before Finding element: By.xpath: //input[@id='ConsignmentID']
2021-03-19/13:33:50.705  INFO: listener.WebEventListener - Before Finding element: By.xpath: //input[@id='ConsignmentID']
561176 [main] INFO utilities.listener.WebEventListener  - Before Finding element: By.xpath: //input[@id='ConsignmentID']
561176 [main] INFO utilities.listener.WebEventListener  - Before Finding element: By.xpath: //input[@id='ConsignmentID']
2021-03-19/13:33:50.973  INFO: listener.WebEventListener - Before Finding element: By.xpath: //input[@id='ConsignmentID']
561444 [main] INFO utilities.listener.WebEventListener  - Before Finding element: By.xpath: //input[@id='ConsignmentID']
561444 [main] INFO utilities.listener.WebEventListener  - Before Finding element: By.xpath: //input[@id='ConsignmentID']
2021-03-19/13:33:51.237  INFO: listener.WebEventListener - Before Finding element: By.xpath: //input[@id='ConsignmentID']
561708 [main] INFO utilities.listener.WebEventListener  - Before Finding element: By.xpath: //input[@id='ConsignmentID']
561708 [main] INFO utilities.listener.WebEventListener  - Before Finding element: By.xpath: //input[@id='ConsignmentID']
2021-03-19/13:33:51.503  INFO: listener.WebEventListener - Before Finding element: By.xpath: //input[@id='ConsignmentID']
561974 [main] INFO utilities.listener.WebEventListener  - Before Finding element: By.xpath: //input[@id='ConsignmentID']
561974 [main] INFO utilities.listener.WebEventListener  - Before Finding element: By.xpath: //input[@id='ConsignmentID']
2021-03-19/13:33:51.767  INFO: listener.WebEventListener - Before Finding element: By.xpath: //input[@id='ConsignmentID']
562238 [main] INFO utilities.listener.WebEventListener  - Before Finding element: By.xpath: //input[@id='ConsignmentID']
562238 [main] INFO utilities.listener.WebEventListener  - Before Finding element: By.xpath: //input[@id='ConsignmentID']
2021-03-19/13:33:52.033  INFO: listener.WebEventListener - Before Finding element: By.xpath: //input[@id='ConsignmentID']
562504 [main] INFO utilities.listener.WebEventListener  - Before Finding element: By.xpath: //input[@id='ConsignmentID']
562504 [main] INFO utilities.listener.WebEventListener  - Before Finding element: By.xpath: //input[@id='ConsignmentID']
2021-03-19/13:33:52.303  INFO: listener.WebEventListener - Before Finding element: By.xpath: //input[@id='ConsignmentID']
562774 [main] INFO utilities.listener.WebEventListener  - Before Finding element: By.xpath: //input[@id='ConsignmentID']
562774 [main] INFO utilities.listener.WebEventListener  - Before Finding element: By.xpath: //input[@id='ConsignmentID']
2021-03-19/13:33:52.576  INFO: listener.WebEventListener - Before Finding element: By.xpath: //input[@id='ConsignmentID']
563047 [main] INFO utilities.listener.WebEventListener  - Before Finding element: By.xpath: //input[@id='ConsignmentID']
563047 [main] INFO utilities.listener.WebEventListener  - Before Finding element: By.xpath: //input[@id='ConsignmentID']
2021-03-19/13:33:52.848  INFO: listener.WebEventListener - Before Finding element: By.xpath: //input[@id='ConsignmentID']
563319 [main] INFO utilities.listener.WebEventListener  - Before Finding element: By.xpath: //input[@id='ConsignmentID']
563319 [main] INFO utilities.listener.WebEventListener  - Before Finding element: By.xpath: //input[@id='ConsignmentID']
2021-03-19/13:33:53.115  INFO: listener.WebEventListener - Before Finding element: By.xpath: //input[@id='ConsignmentID']
563586 [main] INFO utilities.listener.WebEventListener  - Before Finding element: By.xpath: //input[@id='ConsignmentID']
563586 [main] INFO utilities.listener.WebEventListener  - Before Finding element: By.xpath: //input[@id='ConsignmentID']
2021-03-19/13:33:53.387  INFO: listener.WebEventListener - Before Finding element: By.xpath: //input[@id='ConsignmentID']
563858 [main] INFO utilities.listener.WebEventListener  - Before Finding element: By.xpath: //input[@id='ConsignmentID']
563858 [main] INFO utilities.listener.WebEventListener  - Before Finding element: By.xpath: //input[@id='ConsignmentID']
2021-03-19/13:33:53.653  INFO: listener.WebEventListener - Before Finding element: By.xpath: //input[@id='ConsignmentID']
564124 [main] INFO utilities.listener.WebEventListener  - Before Finding element: By.xpath: //input[@id='ConsignmentID']
564124 [main] INFO utilities.listener.WebEventListener  - Before Finding element: By.xpath: //input[@id='ConsignmentID']
2021-03-19/13:33:53.920  INFO: listener.WebEventListener - Before Finding element: By.xpath: //input[@id='ConsignmentID']
564391 [main] INFO utilities.listener.WebEventListener  - Before Finding element: By.xpath: //input[@id='ConsignmentID']
564391 [main] INFO utilities.listener.WebEventListener  - Before Finding element: By.xpath: //input[@id='ConsignmentID']
2021-03-19/13:33:54.190  INFO: listener.WebEventListener - Before Finding element: By.xpath: //input[@id='ConsignmentID']
564661 [main] INFO utilities.listener.WebEventListener  - Before Finding element: By.xpath: //input[@id='ConsignmentID']
564661 [main] INFO utilities.listener.WebEventListener  - Before Finding element: By.xpath: //input[@id='ConsignmentID']
2021-03-19/13:33:54.456  INFO: listener.WebEventListener - Before Finding element: By.xpath: //input[@id='ConsignmentID']
564927 [main] INFO utilities.listener.WebEventListener  - Before Finding element: By.xpath: //input[@id='ConsignmentID']
564927 [main] INFO utilities.listener.WebEventListener  - Before Finding element: By.xpath: //input[@id='ConsignmentID']
2021-03-19/13:33:54.724  INFO: listener.WebEventListener - Before Finding element: By.xpath: //input[@id='ConsignmentID']
565195 [main] INFO utilities.listener.WebEventListener  - Before Finding element: By.xpath: //input[@id='ConsignmentID']
565195 [main] INFO utilities.listener.WebEventListener  - Before Finding element: By.xpath: //input[@id='ConsignmentID']
2021-03-19/13:33:54.990  INFO: listener.WebEventListener - Before Finding element: By.xpath: //input[@id='ConsignmentID']
565461 [main] INFO utilities.listener.WebEventListener  - Before Finding element: By.xpath: //input[@id='ConsignmentID']
565461 [main] INFO utilities.listener.WebEventListener  - Before Finding element: By.xpath: //input[@id='ConsignmentID']
2021-03-19/13:33:55.258  INFO: listener.WebEventListener - Before Finding element: By.xpath: //input[@id='ConsignmentID']
565729 [main] INFO utilities.listener.WebEventListener  - Before Finding element: By.xpath: //input[@id='ConsignmentID']
565729 [main] INFO utilities.listener.WebEventListener  - Before Finding element: By.xpath: //input[@id='ConsignmentID']
2021-03-19/13:33:55.527  INFO: listener.WebEventListener - Before Finding element: By.xpath: //input[@id='ConsignmentID']
565998 [main] INFO utilities.listener.WebEventListener  - Before Finding element: By.xpath: //input[@id='ConsignmentID']
565998 [main] INFO utilities.listener.WebEventListener  - Before Finding element: By.xpath: //input[@id='ConsignmentID']
2021-03-19/13:33:55.792  INFO: listener.WebEventListener - Before Finding element: By.xpath: //input[@id='ConsignmentID']
566263 [main] INFO utilities.listener.WebEventListener  - Before Finding element: By.xpath: //input[@id='ConsignmentID']
566263 [main] INFO utilities.listener.WebEventListener  - Before Finding element: By.xpath: //input[@id='ConsignmentID']
2021-03-19/13:33:56.060  INFO: listener.WebEventListener - Before Finding element: By.xpath: //input[@id='ConsignmentID']
566531 [main] INFO utilities.listener.WebEventListener  - Before Finding element: By.xpath: //input[@id='ConsignmentID']
566531 [main] INFO utilities.listener.WebEventListener  - Before Finding element: By.xpath: //input[@id='ConsignmentID']
2021-03-19/13:33:56.326  INFO: listener.WebEventListener - Before Finding element: By.xpath: //input[@id='ConsignmentID']
566797 [main] INFO utilities.listener.WebEventListener  - Before Finding element: By.xpath: //input[@id='ConsignmentID']
566797 [main] INFO utilities.listener.WebEventListener  - Before Finding element: By.xpath: //input[@id='ConsignmentID']
2021-03-19/13:33:56.592  INFO: listener.WebEventListener - Before Finding element: By.xpath: //input[@id='ConsignmentID']
567063 [main] INFO utilities.listener.WebEventListener  - Before Finding element: By.xpath: //input[@id='ConsignmentID']
567063 [main] INFO utilities.listener.WebEventListener  - Before Finding element: By.xpath: //input[@id='ConsignmentID']
2021-03-19/13:33:56.857  INFO: listener.WebEventListener - Before Finding element: By.xpath: //input[@id='ConsignmentID']
567328 [main] INFO utilities.listener.WebEventListener  - Before Finding element: By.xpath: //input[@id='ConsignmentID']
567328 [main] INFO utilities.listener.WebEventListener  - Before Finding element: By.xpath: //input[@id='ConsignmentID']
2021-03-19/13:33:57.122  INFO: listener.WebEventListener - Before Finding element: By.xpath: //input[@id='ConsignmentID']
567593 [main] INFO utilities.listener.WebEventListener  - Before Finding element: By.xpath: //input[@id='ConsignmentID']
567593 [main] INFO utilities.listener.WebEventListener  - Before Finding element: By.xpath: //input[@id='ConsignmentID']
2021-03-19/13:33:57.390  INFO: listener.WebEventListener - Before Finding element: By.xpath: //input[@id='ConsignmentID']
567861 [main] INFO utilities.listener.WebEventListener  - Before Finding element: By.xpath: //input[@id='ConsignmentID']
567861 [main] INFO utilities.listener.WebEventListener  - Before Finding element: By.xpath: //input[@id='ConsignmentID']
2021-03-19/13:33:57.657  INFO: listener.WebEventListener - Before Finding element: By.xpath: //input[@id='ConsignmentID']
568128 [main] INFO utilities.listener.WebEventListener  - Before Finding element: By.xpath: //input[@id='ConsignmentID']
568128 [main] INFO utilities.listener.WebEventListener  - Before Finding element: By.xpath: //input[@id='ConsignmentID']
2021-03-19/13:33:57.926  INFO: listener.WebEventListener - Before Finding element: By.xpath: //input[@id='ConsignmentID']
568397 [main] INFO utilities.listener.WebEventListener  - Before Finding element: By.xpath: //input[@id='ConsignmentID']
568397 [main] INFO utilities.listener.WebEventListener  - Before Finding element: By.xpath: //input[@id='ConsignmentID']
2021-03-19/13:33:58.193  INFO: listener.WebEventListener - Before Finding element: By.xpath: //input[@id='ConsignmentID']
568664 [main] INFO utilities.listener.WebEventListener  - Before Finding element: By.xpath: //input[@id='ConsignmentID']
568664 [main] INFO utilities.listener.WebEventListener  - Before Finding element: By.xpath: //input[@id='ConsignmentID']
2021-03-19/13:33:58.460  INFO: listener.WebEventListener - Before Finding element: By.xpath: //input[@id='ConsignmentID']
568931 [main] INFO utilities.listener.WebEventListener  - Before Finding element: By.xpath: //input[@id='ConsignmentID']
568931 [main] INFO utilities.listener.WebEventListener  - Before Finding element: By.xpath: //input[@id='ConsignmentID']
2021-03-19/13:33:58.727  INFO: listener.WebEventListener - Before Finding element: By.xpath: //input[@id='ConsignmentID']
569198 [main] INFO utilities.listener.WebEventListener  - Before Finding element: By.xpath: //input[@id='ConsignmentID']
569198 [main] INFO utilities.listener.WebEventListener  - Before Finding element: By.xpath: //input[@id='ConsignmentID']
2021-03-19/13:33:58.993  INFO: listener.WebEventListener - Before Finding element: By.xpath: //input[@id='ConsignmentID']
569464 [main] INFO utilities.listener.WebEventListener  - Before Finding element: By.xpath: //input[@id='ConsignmentID']
569464 [main] INFO utilities.listener.WebEventListener  - Before Finding element: By.xpath: //input[@id='ConsignmentID']
2021-03-19/13:33:59.258  INFO: listener.WebEventListener - Before Finding element: By.xpath: //input[@id='ConsignmentID']
569729 [main] INFO utilities.listener.WebEventListener  - Before Finding element: By.xpath: //input[@id='ConsignmentID']
569729 [main] INFO utilities.listener.WebEventListener  - Before Finding element: By.xpath: //input[@id='ConsignmentID']
2021-03-19/13:33:59.524  INFO: listener.WebEventListener - Before Finding element: By.xpath: //input[@id='ConsignmentID']
569995 [main] INFO utilities.listener.WebEventListener  - Before Finding element: By.xpath: //input[@id='ConsignmentID']
569995 [main] INFO utilities.listener.WebEventListener  - Before Finding element: By.xpath: //input[@id='ConsignmentID']
2021-03-19/13:33:59.788  INFO: listener.WebEventListener - Before Finding element: By.xpath: //input[@id='ConsignmentID']
570259 [main] INFO utilities.listener.WebEventListener  - Before Finding element: By.xpath: //input[@id='ConsignmentID']
570259 [main] INFO utilities.listener.WebEventListener  - Before Finding element: By.xpath: //input[@id='ConsignmentID']
2021-03-19/13:34:00.053  INFO: listener.WebEventListener - Before Finding element: By.xpath: //input[@id='ConsignmentID']
570524 [main] INFO utilities.listener.WebEventListener  - Before Finding element: By.xpath: //input[@id='ConsignmentID']
570524 [main] INFO utilities.listener.WebEventListener  - Before Finding element: By.xpath: //input[@id='ConsignmentID']
2021-03-19/13:34:00.327  INFO: listener.WebEventListener - Before Finding element: By.xpath: //input[@id='ConsignmentID']
570798 [main] INFO utilities.listener.WebEventListener  - Before Finding element: By.xpath: //input[@id='ConsignmentID']
570798 [main] INFO utilities.listener.WebEventListener  - Before Finding element: By.xpath: //input[@id='ConsignmentID']
2021-03-19/13:34:00.594  INFO: listener.WebEventListener - Before Finding element: By.xpath: //input[@id='ConsignmentID']
571065 [main] INFO utilities.listener.WebEventListener  - Before Finding element: By.xpath: //input[@id='ConsignmentID']
571065 [main] INFO utilities.listener.WebEventListener  - Before Finding element: By.xpath: //input[@id='ConsignmentID']
2021-03-19/13:34:00.861  INFO: listener.WebEventListener - Before Finding element: By.xpath: //input[@id='ConsignmentID']
571332 [main] INFO utilities.listener.WebEventListener  - Before Finding element: By.xpath: //input[@id='ConsignmentID']
571332 [main] INFO utilities.listener.WebEventListener  - Before Finding element: By.xpath: //input[@id='ConsignmentID']
2021-03-19/13:34:01.130  INFO: listener.WebEventListener - Before Finding element: By.xpath: //input[@id='ConsignmentID']
571601 [main] INFO utilities.listener.WebEventListener  - Before Finding element: By.xpath: //input[@id='ConsignmentID']
571601 [main] INFO utilities.listener.WebEventListener  - Before Finding element: By.xpath: //input[@id='ConsignmentID']
2021-03-19/13:34:01.396  INFO: listener.WebEventListener - Before Finding element: By.xpath: //input[@id='ConsignmentID']
571867 [main] INFO utilities.listener.WebEventListener  - Before Finding element: By.xpath: //input[@id='ConsignmentID']
571867 [main] INFO utilities.listener.WebEventListener  - Before Finding element: By.xpath: //input[@id='ConsignmentID']
2021-03-19/13:34:01.661  INFO: listener.WebEventListener - Before Finding element: By.xpath: //input[@id='ConsignmentID']
572132 [main] INFO utilities.listener.WebEventListener  - Before Finding element: By.xpath: //input[@id='ConsignmentID']
572132 [main] INFO utilities.listener.WebEventListener  - Before Finding element: By.xpath: //input[@id='ConsignmentID']
2021-03-19/13:34:01.926  INFO: listener.WebEventListener - Before Finding element: By.xpath: //input[@id='ConsignmentID']
572397 [main] INFO utilities.listener.WebEventListener  - Before Finding element: By.xpath: //input[@id='ConsignmentID']
572397 [main] INFO utilities.listener.WebEventListener  - Before Finding element: By.xpath: //input[@id='ConsignmentID']
2021-03-19/13:34:02.190  INFO: listener.WebEventListener - Before Finding element: By.xpath: //input[@id='ConsignmentID']
572661 [main] INFO utilities.listener.WebEventListener  - Before Finding element: By.xpath: //input[@id='ConsignmentID']
572661 [main] INFO utilities.listener.WebEventListener  - Before Finding element: By.xpath: //input[@id='ConsignmentID']
2021-03-19/13:34:02.458  INFO: listener.WebEventListener - Before Finding element: By.xpath: //input[@id='ConsignmentID']
572929 [main] INFO utilities.listener.WebEventListener  - Before Finding element: By.xpath: //input[@id='ConsignmentID']
572929 [main] INFO utilities.listener.WebEventListener  - Before Finding element: By.xpath: //input[@id='ConsignmentID']
2021-03-19/13:34:02.727  INFO: listener.WebEventListener - Before Finding element: By.xpath: //input[@id='ConsignmentID']
573198 [main] INFO utilities.listener.WebEventListener  - Before Finding element: By.xpath: //input[@id='ConsignmentID']
573198 [main] INFO utilities.listener.WebEventListener  - Before Finding element: By.xpath: //input[@id='ConsignmentID']
2021-03-19/13:34:02.992  INFO: listener.WebEventListener - Before Finding element: By.xpath: //input[@id='ConsignmentID']
573463 [main] INFO utilities.listener.WebEventListener  - Before Finding element: By.xpath: //input[@id='ConsignmentID']
573463 [main] INFO utilities.listener.WebEventListener  - Before Finding element: By.xpath: //input[@id='ConsignmentID']
2021-03-19/13:34:03.258  INFO: listener.WebEventListener - Before Finding element: By.xpath: //input[@id='ConsignmentID']
573729 [main] INFO utilities.listener.WebEventListener  - Before Finding element: By.xpath: //input[@id='ConsignmentID']
573729 [main] INFO utilities.listener.WebEventListener  - Before Finding element: By.xpath: //input[@id='ConsignmentID']
2021-03-19/13:34:03.524  INFO: listener.WebEventListener - Before Finding element: By.xpath: //input[@id='ConsignmentID']
573995 [main] INFO utilities.listener.WebEventListener  - Before Finding element: By.xpath: //input[@id='ConsignmentID']
573995 [main] INFO utilities.listener.WebEventListener  - Before Finding element: By.xpath: //input[@id='ConsignmentID']
2021-03-19/13:34:03.789  INFO: listener.WebEventListener - Before Finding element: By.xpath: //input[@id='ConsignmentID']
574260 [main] INFO utilities.listener.WebEventListener  - Before Finding element: By.xpath: //input[@id='ConsignmentID']
574260 [main] INFO utilities.listener.WebEventListener  - Before Finding element: By.xpath: //input[@id='ConsignmentID']
2021-03-19/13:34:04.058  INFO: listener.WebEventListener - Before Finding element: By.xpath: //input[@id='ConsignmentID']
574529 [main] INFO utilities.listener.WebEventListener  - Before Finding element: By.xpath: //input[@id='ConsignmentID']
574529 [main] INFO utilities.listener.WebEventListener  - Before Finding element: By.xpath: //input[@id='ConsignmentID']
2021-03-19/13:34:04.326  INFO: listener.WebEventListener - Before Finding element: By.xpath: //input[@id='ConsignmentID']
574797 [main] INFO utilities.listener.WebEventListener  - Before Finding element: By.xpath: //input[@id='ConsignmentID']
574797 [main] INFO utilities.listener.WebEventListener  - Before Finding element: By.xpath: //input[@id='ConsignmentID']
2021-03-19/13:34:04.593  INFO: listener.WebEventListener - Before Finding element: By.xpath: //input[@id='ConsignmentID']
575064 [main] INFO utilities.listener.WebEventListener  - Before Finding element: By.xpath: //input[@id='ConsignmentID']
575064 [main] INFO utilities.listener.WebEventListener  - Before Finding element: By.xpath: //input[@id='ConsignmentID']
2021-03-19/13:34:04.859  INFO: listener.WebEventListener - Before Finding element: By.xpath: //input[@id='ConsignmentID']
575330 [main] INFO utilities.listener.WebEventListener  - Before Finding element: By.xpath: //input[@id='ConsignmentID']
575330 [main] INFO utilities.listener.WebEventListener  - Before Finding element: By.xpath: //input[@id='ConsignmentID']
2021-03-19/13:34:05.123  INFO: listener.WebEventListener - Before Finding element: By.xpath: //input[@id='ConsignmentID']
575594 [main] INFO utilities.listener.WebEventListener  - Before Finding element: By.xpath: //input[@id='ConsignmentID']
575594 [main] INFO utilities.listener.WebEventListener  - Before Finding element: By.xpath: //input[@id='ConsignmentID']
2021-03-19/13:34:05.388  INFO: listener.WebEventListener - Before Finding element: By.xpath: //input[@id='ConsignmentID']
575859 [main] INFO utilities.listener.WebEventListener  - Before Finding element: By.xpath: //input[@id='ConsignmentID']
575859 [main] INFO utilities.listener.WebEventListener  - Before Finding element: By.xpath: //input[@id='ConsignmentID']
2021-03-19/13:34:05.652  INFO: listener.WebEventListener - Before Finding element: By.xpath: //input[@id='ConsignmentID']
576123 [main] INFO utilities.listener.WebEventListener  - Before Finding element: By.xpath: //input[@id='ConsignmentID']
576123 [main] INFO utilities.listener.WebEventListener  - Before Finding element: By.xpath: //input[@id='ConsignmentID']
2021-03-19/13:34:05.917  INFO: listener.WebEventListener - Before Finding element: By.xpath: //input[@id='ConsignmentID']
576388 [main] INFO utilities.listener.WebEventListener  - Before Finding element: By.xpath: //input[@id='ConsignmentID']
576388 [main] INFO utilities.listener.WebEventListener  - Before Finding element: By.xpath: //input[@id='ConsignmentID']
2021-03-19/13:34:06.182  INFO: listener.WebEventListener - Before Finding element: By.xpath: //input[@id='ConsignmentID']
576653 [main] INFO utilities.listener.WebEventListener  - Before Finding element: By.xpath: //input[@id='ConsignmentID']
576653 [main] INFO utilities.listener.WebEventListener  - Before Finding element: By.xpath: //input[@id='ConsignmentID']
2021-03-19/13:34:06.447  INFO: listener.WebEventListener - Before Finding element: By.xpath: //input[@id='ConsignmentID']
576918 [main] INFO utilities.listener.WebEventListener  - Before Finding element: By.xpath: //input[@id='ConsignmentID']
576918 [main] INFO utilities.listener.WebEventListener  - Before Finding element: By.xpath: //input[@id='ConsignmentID']
2021-03-19/13:34:06.715  INFO: listener.WebEventListener - Before Finding element: By.xpath: //input[@id='ConsignmentID']
577186 [main] INFO utilities.listener.WebEventListener  - Before Finding element: By.xpath: //input[@id='ConsignmentID']
577186 [main] INFO utilities.listener.WebEventListener  - Before Finding element: By.xpath: //input[@id='ConsignmentID']
2021-03-19/13:34:06.983  INFO: listener.WebEventListener - Before Finding element: By.xpath: //input[@id='ConsignmentID']
577454 [main] INFO utilities.listener.WebEventListener  - Before Finding element: By.xpath: //input[@id='ConsignmentID']
577454 [main] INFO utilities.listener.WebEventListener  - Before Finding element: By.xpath: //input[@id='ConsignmentID']
2021-03-19/13:34:07.249  INFO: listener.WebEventListener - Before Finding element: By.xpath: //input[@id='ConsignmentID']
577720 [main] INFO utilities.listener.WebEventListener  - Before Finding element: By.xpath: //input[@id='ConsignmentID']
577720 [main] INFO utilities.listener.WebEventListener  - Before Finding element: By.xpath: //input[@id='ConsignmentID']
2021-03-19/13:34:07.522  INFO: listener.WebEventListener - Before Finding element: By.xpath: //input[@id='ConsignmentID']
577993 [main] INFO utilities.listener.WebEventListener  - Before Finding element: By.xpath: //input[@id='ConsignmentID']
577993 [main] INFO utilities.listener.WebEventListener  - Before Finding element: By.xpath: //input[@id='ConsignmentID']
2021-03-19/13:34:07.788  INFO: listener.WebEventListener - Before Finding element: By.xpath: //input[@id='ConsignmentID']
578259 [main] INFO utilities.listener.WebEventListener  - Before Finding element: By.xpath: //input[@id='ConsignmentID']
578259 [main] INFO utilities.listener.WebEventListener  - Before Finding element: By.xpath: //input[@id='ConsignmentID']
2021-03-19/13:34:08.052  INFO: listener.WebEventListener - Before Finding element: By.xpath: //input[@id='ConsignmentID']
578523 [main] INFO utilities.listener.WebEventListener  - Before Finding element: By.xpath: //input[@id='ConsignmentID']
578523 [main] INFO utilities.listener.WebEventListener  - Before Finding element: By.xpath: //input[@id='ConsignmentID']
2021-03-19/13:34:08.318  INFO: listener.WebEventListener - Before Finding element: By.xpath: //input[@id='ConsignmentID']
578789 [main] INFO utilities.listener.WebEventListener  - Before Finding element: By.xpath: //input[@id='ConsignmentID']
578789 [main] INFO utilities.listener.WebEventListener  - Before Finding element: By.xpath: //input[@id='ConsignmentID']
2021-03-19/13:34:08.587  INFO: listener.WebEventListener - Before Finding element: By.xpath: //input[@id='ConsignmentID']
579058 [main] INFO utilities.listener.WebEventListener  - Before Finding element: By.xpath: //input[@id='ConsignmentID']
579058 [main] INFO utilities.listener.WebEventListener  - Before Finding element: By.xpath: //input[@id='ConsignmentID']
2021-03-19/13:34:08.849  INFO: listener.WebEventListener - Before Finding element: By.xpath: //input[@id='ConsignmentID']
579320 [main] INFO utilities.listener.WebEventListener  - Before Finding element: By.xpath: //input[@id='ConsignmentID']
579320 [main] INFO utilities.listener.WebEventListener  - Before Finding element: By.xpath: //input[@id='ConsignmentID']
2021-03-19/13:34:09.159  INFO: listener.WebEventListener - Before Finding element: By.xpath: //input[@id='ConsignmentID']
579630 [main] INFO utilities.listener.WebEventListener  - Before Finding element: By.xpath: //input[@id='ConsignmentID']
579630 [main] INFO utilities.listener.WebEventListener  - Before Finding element: By.xpath: //input[@id='ConsignmentID']
2021-03-19/13:34:09.425  INFO: listener.WebEventListener - Before Finding element: By.xpath: //input[@id='ConsignmentID']
579896 [main] INFO utilities.listener.WebEventListener  - Before Finding element: By.xpath: //input[@id='ConsignmentID']
579896 [main] INFO utilities.listener.WebEventListener  - Before Finding element: By.xpath: //input[@id='ConsignmentID']
2021-03-19/13:34:09.693  INFO: listener.WebEventListener - Before Finding element: By.xpath: //input[@id='ConsignmentID']
580164 [main] INFO utilities.listener.WebEventListener  - Before Finding element: By.xpath: //input[@id='ConsignmentID']
580164 [main] INFO utilities.listener.WebEventListener  - Before Finding element: By.xpath: //input[@id='ConsignmentID']
2021-03-19/13:34:09.961  INFO: listener.WebEventListener - Before Finding element: By.xpath: //input[@id='ConsignmentID']
580432 [main] INFO utilities.listener.WebEventListener  - Before Finding element: By.xpath: //input[@id='ConsignmentID']
580432 [main] INFO utilities.listener.WebEventListener  - Before Finding element: By.xpath: //input[@id='ConsignmentID']
2021-03-19/13:34:10.230  INFO: listener.WebEventListener - Before Finding element: By.xpath: //input[@id='ConsignmentID']
580701 [main] INFO utilities.listener.WebEventListener  - Before Finding element: By.xpath: //input[@id='ConsignmentID']
580701 [main] INFO utilities.listener.WebEventListener  - Before Finding element: By.xpath: //input[@id='ConsignmentID']
2021-03-19/13:34:10.497  INFO: listener.WebEventListener - Before Finding element: By.xpath: //input[@id='ConsignmentID']
580968 [main] INFO utilities.listener.WebEventListener  - Before Finding element: By.xpath: //input[@id='ConsignmentID']
580968 [main] INFO utilities.listener.WebEventListener  - Before Finding element: By.xpath: //input[@id='ConsignmentID']
2021-03-19/13:34:10.762  INFO: listener.WebEventListener - Before Finding element: By.xpath: //input[@id='ConsignmentID']
581233 [main] INFO utilities.listener.WebEventListener  - Before Finding element: By.xpath: //input[@id='ConsignmentID']
581233 [main] INFO utilities.listener.WebEventListener  - Before Finding element: By.xpath: //input[@id='ConsignmentID']
2021-03-19/13:34:11.027  INFO: listener.WebEventListener - Before Finding element: By.xpath: //input[@id='ConsignmentID']
581498 [main] INFO utilities.listener.WebEventListener  - Before Finding element: By.xpath: //input[@id='ConsignmentID']
581498 [main] INFO utilities.listener.WebEventListener  - Before Finding element: By.xpath: //input[@id='ConsignmentID']
2021-03-19/13:34:11.294  INFO: listener.WebEventListener - Before Finding element: By.xpath: //input[@id='ConsignmentID']
581765 [main] INFO utilities.listener.WebEventListener  - Before Finding element: By.xpath: //input[@id='ConsignmentID']
581765 [main] INFO utilities.listener.WebEventListener  - Before Finding element: By.xpath: //input[@id='ConsignmentID']
2021-03-19/13:34:11.563  INFO: listener.WebEventListener - Before Finding element: By.xpath: //input[@id='ConsignmentID']
582034 [main] INFO utilities.listener.WebEventListener  - Before Finding element: By.xpath: //input[@id='ConsignmentID']
582034 [main] INFO utilities.listener.WebEventListener  - Before Finding element: By.xpath: //input[@id='ConsignmentID']
2021-03-19/13:34:11.829  INFO: listener.WebEventListener - Before Finding element: By.xpath: //input[@id='ConsignmentID']
582300 [main] INFO utilities.listener.WebEventListener  - Before Finding element: By.xpath: //input[@id='ConsignmentID']
582300 [main] INFO utilities.listener.WebEventListener  - Before Finding element: By.xpath: //input[@id='ConsignmentID']
2021-03-19/13:34:12.099  INFO: listener.WebEventListener - Before Finding element: By.xpath: //input[@id='ConsignmentID']
582570 [main] INFO utilities.listener.WebEventListener  - Before Finding element: By.xpath: //input[@id='ConsignmentID']
582570 [main] INFO utilities.listener.WebEventListener  - Before Finding element: By.xpath: //input[@id='ConsignmentID']
2021-03-19/13:34:12.367  INFO: listener.WebEventListener - Before Finding element: By.xpath: //input[@id='ConsignmentID']
582838 [main] INFO utilities.listener.WebEventListener  - Before Finding element: By.xpath: //input[@id='ConsignmentID']
582838 [main] INFO utilities.listener.WebEventListener  - Before Finding element: By.xpath: //input[@id='ConsignmentID']
2021-03-19/13:34:12.638  INFO: listener.WebEventListener - Before Finding element: By.xpath: //input[@id='ConsignmentID']
583109 [main] INFO utilities.listener.WebEventListener  - Before Finding element: By.xpath: //input[@id='ConsignmentID']
583109 [main] INFO utilities.listener.WebEventListener  - Before Finding element: By.xpath: //input[@id='ConsignmentID']
2021-03-19/13:34:12.907  INFO: listener.WebEventListener - Before Finding element: By.xpath: //input[@id='ConsignmentID']
583378 [main] INFO utilities.listener.WebEventListener  - Before Finding element: By.xpath: //input[@id='ConsignmentID']
583378 [main] INFO utilities.listener.WebEventListener  - Before Finding element: By.xpath: //input[@id='ConsignmentID']
2021-03-19/13:34:13.174  INFO: listener.WebEventListener - Before Finding element: By.xpath: //input[@id='ConsignmentID']
583645 [main] INFO utilities.listener.WebEventListener  - Before Finding element: By.xpath: //input[@id='ConsignmentID']
583645 [main] INFO utilities.listener.WebEventListener  - Before Finding element: By.xpath: //input[@id='ConsignmentID']
2021-03-19/13:34:13.443  INFO: listener.WebEventListener - Before Finding element: By.xpath: //input[@id='ConsignmentID']
583914 [main] INFO utilities.listener.WebEventListener  - Before Finding element: By.xpath: //input[@id='ConsignmentID']
583914 [main] INFO utilities.listener.WebEventListener  - Before Finding element: By.xpath: //input[@id='ConsignmentID']
2021-03-19/13:34:13.710  INFO: listener.WebEventListener - Before Finding element: By.xpath: //input[@id='ConsignmentID']
584181 [main] INFO utilities.listener.WebEventListener  - Before Finding element: By.xpath: //input[@id='ConsignmentID']
584181 [main] INFO utilities.listener.WebEventListener  - Before Finding element: By.xpath: //input[@id='ConsignmentID']
2021-03-19/13:34:13.980  INFO: listener.WebEventListener - Before Finding element: By.xpath: //input[@id='ConsignmentID']
584451 [main] INFO utilities.listener.WebEventListener  - Before Finding element: By.xpath: //input[@id='ConsignmentID']
584451 [main] INFO utilities.listener.WebEventListener  - Before Finding element: By.xpath: //input[@id='ConsignmentID']
2021-03-19/13:34:14.250  INFO: listener.WebEventListener - Before Finding element: By.xpath: //input[@id='ConsignmentID']
584721 [main] INFO utilities.listener.WebEventListener  - Before Finding element: By.xpath: //input[@id='ConsignmentID']
584721 [main] INFO utilities.listener.WebEventListener  - Before Finding element: By.xpath: //input[@id='ConsignmentID']
2021-03-19/13:34:14.516  INFO: listener.WebEventListener - Before Finding element: By.xpath: //input[@id='ConsignmentID']
584987 [main] INFO utilities.listener.WebEventListener  - Before Finding element: By.xpath: //input[@id='ConsignmentID']
584987 [main] INFO utilities.listener.WebEventListener  - Before Finding element: By.xpath: //input[@id='ConsignmentID']
2021-03-19/13:34:14.782  INFO: listener.WebEventListener - Before Finding element: By.xpath: //input[@id='ConsignmentID']
585253 [main] INFO utilities.listener.WebEventListener  - Before Finding element: By.xpath: //input[@id='ConsignmentID']
585253 [main] INFO utilities.listener.WebEventListener  - Before Finding element: By.xpath: //input[@id='ConsignmentID']
2021-03-19/13:34:15.052  INFO: listener.WebEventListener - Before Finding element: By.xpath: //input[@id='ConsignmentID']
585523 [main] INFO utilities.listener.WebEventListener  - Before Finding element: By.xpath: //input[@id='ConsignmentID']
585523 [main] INFO utilities.listener.WebEventListener  - Before Finding element: By.xpath: //input[@id='ConsignmentID']
2021-03-19/13:34:15.318  INFO: listener.WebEventListener - Before Finding element: By.xpath: //input[@id='ConsignmentID']
585789 [main] INFO utilities.listener.WebEventListener  - Before Finding element: By.xpath: //input[@id='ConsignmentID']
585789 [main] INFO utilities.listener.WebEventListener  - Before Finding element: By.xpath: //input[@id='ConsignmentID']
2021-03-19/13:34:15.587  INFO: listener.WebEventListener - Before Finding element: By.xpath: //input[@id='ConsignmentID']
586058 [main] INFO utilities.listener.WebEventListener  - Before Finding element: By.xpath: //input[@id='ConsignmentID']
586058 [main] INFO utilities.listener.WebEventListener  - Before Finding element: By.xpath: //input[@id='ConsignmentID']
2021-03-19/13:34:15.867  INFO: listener.WebEventListener - Before Finding element: By.xpath: //input[@id='ConsignmentID']
586338 [main] INFO utilities.listener.WebEventListener  - Before Finding element: By.xpath: //input[@id='ConsignmentID']
586338 [main] INFO utilities.listener.WebEventListener  - Before Finding element: By.xpath: //input[@id='ConsignmentID']
2021-03-19/13:34:16.180  INFO: listener.WebEventListener - Before Finding element: By.xpath: //input[@id='ConsignmentID']
586651 [main] INFO utilities.listener.WebEventListener  - Before Finding element: By.xpath: //input[@id='ConsignmentID']
586651 [main] INFO utilities.listener.WebEventListener  - Before Finding element: By.xpath: //input[@id='ConsignmentID']
2021-03-19/13:34:16.467  INFO: listener.WebEventListener - Before Finding element: By.xpath: //input[@id='ConsignmentID']
586938 [main] INFO utilities.listener.WebEventListener  - Before Finding element: By.xpath: //input[@id='ConsignmentID']
586938 [main] INFO utilities.listener.WebEventListener  - Before Finding element: By.xpath: //input[@id='ConsignmentID']
2021-03-19/13:34:16.733  INFO: listener.WebEventListener - Before Finding element: By.xpath: //input[@id='ConsignmentID']
587204 [main] INFO utilities.listener.WebEventListener  - Before Finding element: By.xpath: //input[@id='ConsignmentID']
587204 [main] INFO utilities.listener.WebEventListener  - Before Finding element: By.xpath: //input[@id='ConsignmentID']
2021-03-19/13:34:17.002  INFO: listener.WebEventListener - Before Finding element: By.xpath: //input[@id='ConsignmentID']
587473 [main] INFO utilities.listener.WebEventListener  - Before Finding element: By.xpath: //input[@id='ConsignmentID']
587473 [main] INFO utilities.listener.WebEventListener  - Before Finding element: By.xpath: //input[@id='ConsignmentID']
2021-03-19/13:34:17.268  INFO: listener.WebEventListener - Before Finding element: By.xpath: //input[@id='ConsignmentID']
587739 [main] INFO utilities.listener.WebEventListener  - Before Finding element: By.xpath: //input[@id='ConsignmentID']
587739 [main] INFO utilities.listener.WebEventListener  - Before Finding element: By.xpath: //input[@id='ConsignmentID']
2021-03-19/13:34:17.546  INFO: listener.WebEventListener - Before Finding element: By.xpath: //input[@id='ConsignmentID']
588017 [main] INFO utilities.listener.WebEventListener  - Before Finding element: By.xpath: //input[@id='ConsignmentID']
588017 [main] INFO utilities.listener.WebEventListener  - Before Finding element: By.xpath: //input[@id='ConsignmentID']
2021-03-19/13:34:17.814  INFO: listener.WebEventListener - Before Finding element: By.xpath: //input[@id='ConsignmentID']
588285 [main] INFO utilities.listener.WebEventListener  - Before Finding element: By.xpath: //input[@id='ConsignmentID']
588285 [main] INFO utilities.listener.WebEventListener  - Before Finding element: By.xpath: //input[@id='ConsignmentID']
2021-03-19/13:34:18.081  INFO: listener.WebEventListener - Before Finding element: By.xpath: //input[@id='ConsignmentID']
588552 [main] INFO utilities.listener.WebEventListener  - Before Finding element: By.xpath: //input[@id='ConsignmentID']
588552 [main] INFO utilities.listener.WebEventListener  - Before Finding element: By.xpath: //input[@id='ConsignmentID']
2021-03-19/13:34:18.348  INFO: listener.WebEventListener - Before Finding element: By.xpath: //input[@id='ConsignmentID']
588819 [main] INFO utilities.listener.WebEventListener  - Before Finding element: By.xpath: //input[@id='ConsignmentID']
588819 [main] INFO utilities.listener.WebEventListener  - Before Finding element: By.xpath: //input[@id='ConsignmentID']
2021-03-19/13:34:18.621  INFO: listener.WebEventListener - Before Finding element: By.xpath: //input[@id='ConsignmentID']
589092 [main] INFO utilities.listener.WebEventListener  - Before Finding element: By.xpath: //input[@id='ConsignmentID']
589092 [main] INFO utilities.listener.WebEventListener  - Before Finding element: By.xpath: //input[@id='ConsignmentID']
2021-03-19/13:34:18.886  INFO: listener.WebEventListener - Before Finding element: By.xpath: //input[@id='ConsignmentID']
589357 [main] INFO utilities.listener.WebEventListener  - Before Finding element: By.xpath: //input[@id='ConsignmentID']
589357 [main] INFO utilities.listener.WebEventListener  - Before Finding element: By.xpath: //input[@id='ConsignmentID']
2021-03-19/13:34:19.151  INFO: listener.WebEventListener - Before Finding element: By.xpath: //input[@id='ConsignmentID']
589622 [main] INFO utilities.listener.WebEventListener  - Before Finding element: By.xpath: //input[@id='ConsignmentID']
589622 [main] INFO utilities.listener.WebEventListener  - Before Finding element: By.xpath: //input[@id='ConsignmentID']
2021-03-19/13:34:19.415  INFO: listener.WebEventListener - Before Finding element: By.xpath: //input[@id='ConsignmentID']
589886 [main] INFO utilities.listener.WebEventListener  - Before Finding element: By.xpath: //input[@id='ConsignmentID']
589886 [main] INFO utilities.listener.WebEventListener  - Before Finding element: By.xpath: //input[@id='ConsignmentID']
2021-03-19/13:34:19.680  INFO: listener.WebEventListener - Before Finding element: By.xpath: //input[@id='ConsignmentID']
590151 [main] INFO utilities.listener.WebEventListener  - Before Finding element: By.xpath: //input[@id='ConsignmentID']
590151 [main] INFO utilities.listener.WebEventListener  - Before Finding element: By.xpath: //input[@id='ConsignmentID']
2021-03-19/13:34:19.947  INFO: listener.WebEventListener - Before Finding element: By.xpath: //input[@id='ConsignmentID']
590418 [main] INFO utilities.listener.WebEventListener  - Before Finding element: By.xpath: //input[@id='ConsignmentID']
590418 [main] INFO utilities.listener.WebEventListener  - Before Finding element: By.xpath: //input[@id='ConsignmentID']
2021-03-19/13:34:20.211  INFO: listener.WebEventListener - Before Finding element: By.xpath: //input[@id='ConsignmentID']
590682 [main] INFO utilities.listener.WebEventListener  - Before Finding element: By.xpath: //input[@id='ConsignmentID']
590682 [main] INFO utilities.listener.WebEventListener  - Before Finding element: By.xpath: //input[@id='ConsignmentID']
2021-03-19/13:34:20.478  INFO: listener.WebEventListener - Before Finding element: By.xpath: //input[@id='ConsignmentID']
590949 [main] INFO utilities.listener.WebEventListener  - Before Finding element: By.xpath: //input[@id='ConsignmentID']
590949 [main] INFO utilities.listener.WebEventListener  - Before Finding element: By.xpath: //input[@id='ConsignmentID']
2021-03-19/13:34:20.743  INFO: listener.WebEventListener - Before Finding element: By.xpath: //input[@id='ConsignmentID']
591214 [main] INFO utilities.listener.WebEventListener  - Before Finding element: By.xpath: //input[@id='ConsignmentID']
591214 [main] INFO utilities.listener.WebEventListener  - Before Finding element: By.xpath: //input[@id='ConsignmentID']
2021-03-19/13:34:21.009  INFO: listener.WebEventListener - Before Finding element: By.xpath: //input[@id='ConsignmentID']
591480 [main] INFO utilities.listener.WebEventListener  - Before Finding element: By.xpath: //input[@id='ConsignmentID']
591480 [main] INFO utilities.listener.WebEventListener  - Before Finding element: By.xpath: //input[@id='ConsignmentID']
2021-03-19/13:34:21.273  INFO: listener.WebEventListener - Before Finding element: By.xpath: //input[@id='ConsignmentID']
591744 [main] INFO utilities.listener.WebEventListener  - Before Finding element: By.xpath: //input[@id='ConsignmentID']
591744 [main] INFO utilities.listener.WebEventListener  - Before Finding element: By.xpath: //input[@id='ConsignmentID']
2021-03-19/13:34:21.542  INFO: listener.WebEventListener - Before Finding element: By.xpath: //input[@id='ConsignmentID']
592013 [main] INFO utilities.listener.WebEventListener  - Before Finding element: By.xpath: //input[@id='ConsignmentID']
592013 [main] INFO utilities.listener.WebEventListener  - Before Finding element: By.xpath: //input[@id='ConsignmentID']
2021-03-19/13:34:21.817  INFO: listener.WebEventListener - Before Finding element: By.xpath: //input[@id='ConsignmentID']
592288 [main] INFO utilities.listener.WebEventListener  - Before Finding element: By.xpath: //input[@id='ConsignmentID']
592288 [main] INFO utilities.listener.WebEventListener  - Before Finding element: By.xpath: //input[@id='ConsignmentID']
2021-03-19/13:34:22.097  INFO: listener.WebEventListener - Before Finding element: By.xpath: //input[@id='ConsignmentID']
592568 [main] INFO utilities.listener.WebEventListener  - Before Finding element: By.xpath: //input[@id='ConsignmentID']
592568 [main] INFO utilities.listener.WebEventListener  - Before Finding element: By.xpath: //input[@id='ConsignmentID']
2021-03-19/13:34:22.367  INFO: listener.WebEventListener - Before Finding element: By.xpath: //input[@id='ConsignmentID']
592838 [main] INFO utilities.listener.WebEventListener  - Before Finding element: By.xpath: //input[@id='ConsignmentID']
592838 [main] INFO utilities.listener.WebEventListener  - Before Finding element: By.xpath: //input[@id='ConsignmentID']
2021-03-19/13:34:22.632  INFO: listener.WebEventListener - Before Finding element: By.xpath: //input[@id='ConsignmentID']
593103 [main] INFO utilities.listener.WebEventListener  - Before Finding element: By.xpath: //input[@id='ConsignmentID']
593103 [main] INFO utilities.listener.WebEventListener  - Before Finding element: By.xpath: //input[@id='ConsignmentID']
2021-03-19/13:34:22.937  INFO: listener.WebEventListener - Before Finding element: By.xpath: //input[@id='ConsignmentID']
593408 [main] INFO utilities.listener.WebEventListener  - Before Finding element: By.xpath: //input[@id='ConsignmentID']
593408 [main] INFO utilities.listener.WebEventListener  - Before Finding element: By.xpath: //input[@id='ConsignmentID']
2021-03-19/13:34:23.202  INFO: listener.WebEventListener - Before Finding element: By.xpath: //input[@id='ConsignmentID']
593673 [main] INFO utilities.listener.WebEventListener  - Before Finding element: By.xpath: //input[@id='ConsignmentID']
593673 [main] INFO utilities.listener.WebEventListener  - Before Finding element: By.xpath: //input[@id='ConsignmentID']
2021-03-19/13:34:23.471  INFO: listener.WebEventListener - Before Finding element: By.xpath: //input[@id='ConsignmentID']
593942 [main] INFO utilities.listener.WebEventListener  - Before Finding element: By.xpath: //input[@id='ConsignmentID']
593942 [main] INFO utilities.listener.WebEventListener  - Before Finding element: By.xpath: //input[@id='ConsignmentID']
2021-03-19/13:34:23.746  INFO: listener.WebEventListener - Before Finding element: By.xpath: //input[@id='ConsignmentID']
594217 [main] INFO utilities.listener.WebEventListener  - Before Finding element: By.xpath: //input[@id='ConsignmentID']
594217 [main] INFO utilities.listener.WebEventListener  - Before Finding element: By.xpath: //input[@id='ConsignmentID']
2021-03-19/13:34:24.012  INFO: listener.WebEventListener - Before Finding element: By.xpath: //input[@id='ConsignmentID']
594483 [main] INFO utilities.listener.WebEventListener  - Before Finding element: By.xpath: //input[@id='ConsignmentID']
594483 [main] INFO utilities.listener.WebEventListener  - Before Finding element: By.xpath: //input[@id='ConsignmentID']
2021-03-19/13:34:24.288  INFO: listener.WebEventListener - Before Finding element: By.xpath: //input[@id='ConsignmentID']
594759 [main] INFO utilities.listener.WebEventListener  - Before Finding element: By.xpath: //input[@id='ConsignmentID']
594759 [main] INFO utilities.listener.WebEventListener  - Before Finding element: By.xpath: //input[@id='ConsignmentID']
2021-03-19/13:34:24.563  INFO: listener.WebEventListener - Before Finding element: By.xpath: //input[@id='ConsignmentID']
595034 [main] INFO utilities.listener.WebEventListener  - Before Finding element: By.xpath: //input[@id='ConsignmentID']
595034 [main] INFO utilities.listener.WebEventListener  - Before Finding element: By.xpath: //input[@id='ConsignmentID']
2021-03-19/13:34:24.830  INFO: listener.WebEventListener - Before Finding element: By.xpath: //input[@id='ConsignmentID']
595301 [main] INFO utilities.listener.WebEventListener  - Before Finding element: By.xpath: //input[@id='ConsignmentID']
595301 [main] INFO utilities.listener.WebEventListener  - Before Finding element: By.xpath: //input[@id='ConsignmentID']
2021-03-19/13:34:25.095  INFO: listener.WebEventListener - Before Finding element: By.xpath: //input[@id='ConsignmentID']
595566 [main] INFO utilities.listener.WebEventListener  - Before Finding element: By.xpath: //input[@id='ConsignmentID']
595566 [main] INFO utilities.listener.WebEventListener  - Before Finding element: By.xpath: //input[@id='ConsignmentID']
2021-03-19/13:34:25.363  INFO: listener.WebEventListener - Before Finding element: By.xpath: //input[@id='ConsignmentID']
595834 [main] INFO utilities.listener.WebEventListener  - Before Finding element: By.xpath: //input[@id='ConsignmentID']
595834 [main] INFO utilities.listener.WebEventListener  - Before Finding element: By.xpath: //input[@id='ConsignmentID']
2021-03-19/13:34:25.629  INFO: listener.WebEventListener - Before Finding element: By.xpath: //input[@id='ConsignmentID']
596100 [main] INFO utilities.listener.WebEventListener  - Before Finding element: By.xpath: //input[@id='ConsignmentID']
596100 [main] INFO utilities.listener.WebEventListener  - Before Finding element: By.xpath: //input[@id='ConsignmentID']
2021-03-19/13:34:25.893  INFO: listener.WebEventListener - Before Finding element: By.xpath: //input[@id='ConsignmentID']
596364 [main] INFO utilities.listener.WebEventListener  - Before Finding element: By.xpath: //input[@id='ConsignmentID']
596364 [main] INFO utilities.listener.WebEventListener  - Before Finding element: By.xpath: //input[@id='ConsignmentID']
2021-03-19/13:34:26.158  INFO: listener.WebEventListener - Before Finding element: By.xpath: //input[@id='ConsignmentID']
596629 [main] INFO utilities.listener.WebEventListener  - Before Finding element: By.xpath: //input[@id='ConsignmentID']
596629 [main] INFO utilities.listener.WebEventListener  - Before Finding element: By.xpath: //input[@id='ConsignmentID']
2021-03-19/13:34:26.424  INFO: listener.WebEventListener - Before Finding element: By.xpath: //input[@id='ConsignmentID']
596895 [main] INFO utilities.listener.WebEventListener  - Before Finding element: By.xpath: //input[@id='ConsignmentID']
596895 [main] INFO utilities.listener.WebEventListener  - Before Finding element: By.xpath: //input[@id='ConsignmentID']
2021-03-19/13:34:26.688  INFO: listener.WebEventListener - Before Finding element: By.xpath: //input[@id='ConsignmentID']
597159 [main] INFO utilities.listener.WebEventListener  - Before Finding element: By.xpath: //input[@id='ConsignmentID']
597159 [main] INFO utilities.listener.WebEventListener  - Before Finding element: By.xpath: //input[@id='ConsignmentID']
2021-03-19/13:34:26.952  INFO: listener.WebEventListener - Before Finding element: By.xpath: //input[@id='ConsignmentID']
597423 [main] INFO utilities.listener.WebEventListener  - Before Finding element: By.xpath: //input[@id='ConsignmentID']
597423 [main] INFO utilities.listener.WebEventListener  - Before Finding element: By.xpath: //input[@id='ConsignmentID']
2021-03-19/13:34:27.218  INFO: listener.WebEventListener - Before Finding element: By.xpath: //input[@id='ConsignmentID']
597689 [main] INFO utilities.listener.WebEventListener  - Before Finding element: By.xpath: //input[@id='ConsignmentID']
597689 [main] INFO utilities.listener.WebEventListener  - Before Finding element: By.xpath: //input[@id='ConsignmentID']
2021-03-19/13:34:27.487  INFO: listener.WebEventListener - Before Finding element: By.xpath: //input[@id='ConsignmentID']
597958 [main] INFO utilities.listener.WebEventListener  - Before Finding element: By.xpath: //input[@id='ConsignmentID']
597958 [main] INFO utilities.listener.WebEventListener  - Before Finding element: By.xpath: //input[@id='ConsignmentID']
2021-03-19/13:34:27.757  INFO: listener.WebEventListener - Before Finding element: By.xpath: //input[@id='ConsignmentID']
598228 [main] INFO utilities.listener.WebEventListener  - Before Finding element: By.xpath: //input[@id='ConsignmentID']
598228 [main] INFO utilities.listener.WebEventListener  - Before Finding element: By.xpath: //input[@id='ConsignmentID']
2021-03-19/13:34:28.022  INFO: listener.WebEventListener - Before Finding element: By.xpath: //input[@id='ConsignmentID']
598493 [main] INFO utilities.listener.WebEventListener  - Before Finding element: By.xpath: //input[@id='ConsignmentID']
598493 [main] INFO utilities.listener.WebEventListener  - Before Finding element: By.xpath: //input[@id='ConsignmentID']
2021-03-19/13:34:28.290  INFO: listener.WebEventListener - Before Finding element: By.xpath: //input[@id='ConsignmentID']
598761 [main] INFO utilities.listener.WebEventListener  - Before Finding element: By.xpath: //input[@id='ConsignmentID']
598761 [main] INFO utilities.listener.WebEventListener  - Before Finding element: By.xpath: //input[@id='ConsignmentID']
2021-03-19/13:34:28.561  INFO: listener.WebEventListener - Before Finding element: By.xpath: //input[@id='ConsignmentID']
599032 [main] INFO utilities.listener.WebEventListener  - Before Finding element: By.xpath: //input[@id='ConsignmentID']
599032 [main] INFO utilities.listener.WebEventListener  - Before Finding element: By.xpath: //input[@id='ConsignmentID']
2021-03-19/13:34:28.826  INFO: listener.WebEventListener - Before Finding element: By.xpath: //input[@id='ConsignmentID']
599297 [main] INFO utilities.listener.WebEventListener  - Before Finding element: By.xpath: //input[@id='ConsignmentID']
599297 [main] INFO utilities.listener.WebEventListener  - Before Finding element: By.xpath: //input[@id='ConsignmentID']
2021-03-19/13:34:29.103  INFO: listener.WebEventListener - Before Finding element: By.xpath: //input[@id='ConsignmentID']
599574 [main] INFO utilities.listener.WebEventListener  - Before Finding element: By.xpath: //input[@id='ConsignmentID']
599574 [main] INFO utilities.listener.WebEventListener  - Before Finding element: By.xpath: //input[@id='ConsignmentID']
2021-03-19/13:34:29.372  INFO: listener.WebEventListener - Before Finding element: By.xpath: //input[@id='ConsignmentID']
599843 [main] INFO utilities.listener.WebEventListener  - Before Finding element: By.xpath: //input[@id='ConsignmentID']
599843 [main] INFO utilities.listener.WebEventListener  - Before Finding element: By.xpath: //input[@id='ConsignmentID']
2021-03-19/13:34:29.642  INFO: listener.WebEventListener - Before Finding element: By.xpath: //input[@id='ConsignmentID']
600113 [main] INFO utilities.listener.WebEventListener  - Before Finding element: By.xpath: //input[@id='ConsignmentID']
600113 [main] INFO utilities.listener.WebEventListener  - Before Finding element: By.xpath: //input[@id='ConsignmentID']
2021-03-19/13:34:29.908  INFO: listener.WebEventListener - Before Finding element: By.xpath: //input[@id='ConsignmentID']
600379 [main] INFO utilities.listener.WebEventListener  - Before Finding element: By.xpath: //input[@id='ConsignmentID']
600379 [main] INFO utilities.listener.WebEventListener  - Before Finding element: By.xpath: //input[@id='ConsignmentID']
2021-03-19/13:34:30.174  INFO: listener.WebEventListener - Before Finding element: By.xpath: //input[@id='ConsignmentID']
600645 [main] INFO utilities.listener.WebEventListener  - Before Finding element: By.xpath: //input[@id='ConsignmentID']
600645 [main] INFO utilities.listener.WebEventListener  - Before Finding element: By.xpath: //input[@id='ConsignmentID']
2021-03-19/13:34:30.442  INFO: listener.WebEventListener - Before Finding element: By.xpath: //input[@id='ConsignmentID']
600913 [main] INFO utilities.listener.WebEventListener  - Before Finding element: By.xpath: //input[@id='ConsignmentID']
600913 [main] INFO utilities.listener.WebEventListener  - Before Finding element: By.xpath: //input[@id='ConsignmentID']
2021-03-19/13:34:30.708  INFO: listener.WebEventListener - Before Finding element: By.xpath: //input[@id='ConsignmentID']
601179 [main] INFO utilities.listener.WebEventListener  - Before Finding element: By.xpath: //input[@id='ConsignmentID']
601179 [main] INFO utilities.listener.WebEventListener  - Before Finding element: By.xpath: //input[@id='ConsignmentID']
2021-03-19/13:34:30.978  INFO: listener.WebEventListener - Before Finding element: By.xpath: //input[@id='ConsignmentID']
601449 [main] INFO utilities.listener.WebEventListener  - Before Finding element: By.xpath: //input[@id='ConsignmentID']
601449 [main] INFO utilities.listener.WebEventListener  - Before Finding element: By.xpath: //input[@id='ConsignmentID']
2021-03-19/13:34:31.242  INFO: listener.WebEventListener - Before Finding element: By.xpath: //input[@id='ConsignmentID']
601713 [main] INFO utilities.listener.WebEventListener  - Before Finding element: By.xpath: //input[@id='ConsignmentID']
601713 [main] INFO utilities.listener.WebEventListener  - Before Finding element: By.xpath: //input[@id='ConsignmentID']
2021-03-19/13:34:31.510  INFO: listener.WebEventListener - Before Finding element: By.xpath: //input[@id='ConsignmentID']
601981 [main] INFO utilities.listener.WebEventListener  - Before Finding element: By.xpath: //input[@id='ConsignmentID']
601981 [main] INFO utilities.listener.WebEventListener  - Before Finding element: By.xpath: //input[@id='ConsignmentID']
2021-03-19/13:34:31.777  INFO: listener.WebEventListener - Before Finding element: By.xpath: //input[@id='ConsignmentID']
602248 [main] INFO utilities.listener.WebEventListener  - Before Finding element: By.xpath: //input[@id='ConsignmentID']
602248 [main] INFO utilities.listener.WebEventListener  - Before Finding element: By.xpath: //input[@id='ConsignmentID']
2021-03-19/13:34:32.043  INFO: listener.WebEventListener - Before Finding element: By.xpath: //input[@id='ConsignmentID']
602514 [main] INFO utilities.listener.WebEventListener  - Before Finding element: By.xpath: //input[@id='ConsignmentID']
602514 [main] INFO utilities.listener.WebEventListener  - Before Finding element: By.xpath: //input[@id='ConsignmentID']
2021-03-19/13:34:32.321  INFO: listener.WebEventListener - Before Finding element: By.xpath: //input[@id='ConsignmentID']
602792 [main] INFO utilities.listener.WebEventListener  - Before Finding element: By.xpath: //input[@id='ConsignmentID']
602792 [main] INFO utilities.listener.WebEventListener  - Before Finding element: By.xpath: //input[@id='ConsignmentID']
2021-03-19/13:34:32.591  INFO: listener.WebEventListener - Before Finding element: By.xpath: //input[@id='ConsignmentID']
603062 [main] INFO utilities.listener.WebEventListener  - Before Finding element: By.xpath: //input[@id='ConsignmentID']
603062 [main] INFO utilities.listener.WebEventListener  - Before Finding element: By.xpath: //input[@id='ConsignmentID']
2021-03-19/13:34:32.864  INFO: listener.WebEventListener - Before Finding element: By.xpath: //input[@id='ConsignmentID']
603335 [main] INFO utilities.listener.WebEventListener  - Before Finding element: By.xpath: //input[@id='ConsignmentID']
603335 [main] INFO utilities.listener.WebEventListener  - Before Finding element: By.xpath: //input[@id='ConsignmentID']
2021-03-19/13:34:33.129  INFO: listener.WebEventListener - Before Finding element: By.xpath: //input[@id='ConsignmentID']
603600 [main] INFO utilities.listener.WebEventListener  - Before Finding element: By.xpath: //input[@id='ConsignmentID']
603600 [main] INFO utilities.listener.WebEventListener  - Before Finding element: By.xpath: //input[@id='ConsignmentID']
2021-03-19/13:34:33.143  INFO: listener.WebEventListener - Before Finding element: By.xpath: //input[@id='ConsignmentID']
603614 [main] INFO utilities.listener.WebEventListener  - Before Finding element: By.xpath: //input[@id='ConsignmentID']
603614 [main] INFO utilities.listener.WebEventListener  - Before Finding element: By.xpath: //input[@id='ConsignmentID']
2021-03-19/13:34:33.158  INFO: listener.WebEventListener - Before Finding element: By.xpath: //input[@id='ConsignmentID']
603629 [main] INFO utilities.listener.WebEventListener  - Before Finding element: By.xpath: //input[@id='ConsignmentID']
603629 [main] INFO utilities.listener.WebEventListener  - Before Finding element: By.xpath: //input[@id='ConsignmentID']
2021-03-19/13:34:33.423  INFO: listener.WebEventListener - Before Finding element: By.xpath: //input[@id='ConsignmentID']
603894 [main] INFO utilities.listener.WebEventListener  - Before Finding element: By.xpath: //input[@id='ConsignmentID']
603894 [main] INFO utilities.listener.WebEventListener  - Before Finding element: By.xpath: //input[@id='ConsignmentID']
2021-03-19/13:34:33.693  INFO: listener.WebEventListener - Before Finding element: By.xpath: //input[@id='ConsignmentID']
604164 [main] INFO utilities.listener.WebEventListener  - Before Finding element: By.xpath: //input[@id='ConsignmentID']
604164 [main] INFO utilities.listener.WebEventListener  - Before Finding element: By.xpath: //input[@id='ConsignmentID']
2021-03-19/13:34:33.960  INFO: listener.WebEventListener - Before Finding element: By.xpath: //input[@id='ConsignmentID']
604431 [main] INFO utilities.listener.WebEventListener  - Before Finding element: By.xpath: //input[@id='ConsignmentID']
604431 [main] INFO utilities.listener.WebEventListener  - Before Finding element: By.xpath: //input[@id='ConsignmentID']
2021-03-19/13:34:34.224  INFO: listener.WebEventListener - Before Finding element: By.xpath: //input[@id='ConsignmentID']
604695 [main] INFO utilities.listener.WebEventListener  - Before Finding element: By.xpath: //input[@id='ConsignmentID']
604695 [main] INFO utilities.listener.WebEventListener  - Before Finding element: By.xpath: //input[@id='ConsignmentID']
2021-03-19/13:34:34.489  INFO: listener.WebEventListener - Before Finding element: By.xpath: //input[@id='ConsignmentID']
604960 [main] INFO utilities.listener.WebEventListener  - Before Finding element: By.xpath: //input[@id='ConsignmentID']
604960 [main] INFO utilities.listener.WebEventListener  - Before Finding element: By.xpath: //input[@id='ConsignmentID']
2021-03-19/13:34:34.753  INFO: listener.WebEventListener - Before Finding element: By.xpath: //input[@id='ConsignmentID']
605224 [main] INFO utilities.listener.WebEventListener  - Before Finding element: By.xpath: //input[@id='ConsignmentID']
605224 [main] INFO utilities.listener.WebEventListener  - Before Finding element: By.xpath: //input[@id='ConsignmentID']
2021-03-19/13:34:35.019  INFO: listener.WebEventListener - Before Finding element: By.xpath: //input[@id='ConsignmentID']
605490 [main] INFO utilities.listener.WebEventListener  - Before Finding element: By.xpath: //input[@id='ConsignmentID']
605490 [main] INFO utilities.listener.WebEventListener  - Before Finding element: By.xpath: //input[@id='ConsignmentID']
2021-03-19/13:34:35.284  INFO: listener.WebEventListener - Before Finding element: By.xpath: //input[@id='ConsignmentID']
605755 [main] INFO utilities.listener.WebEventListener  - Before Finding element: By.xpath: //input[@id='ConsignmentID']
605755 [main] INFO utilities.listener.WebEventListener  - Before Finding element: By.xpath: //input[@id='ConsignmentID']
2021-03-19/13:34:35.550  INFO: listener.WebEventListener - Before Finding element: By.xpath: //input[@id='ConsignmentID']
606021 [main] INFO utilities.listener.WebEventListener  - Before Finding element: By.xpath: //input[@id='ConsignmentID']
606021 [main] INFO utilities.listener.WebEventListener  - Before Finding element: By.xpath: //input[@id='ConsignmentID']
2021-03-19/13:34:35.817  INFO: listener.WebEventListener - Before Finding element: By.xpath: //input[@id='ConsignmentID']
606288 [main] INFO utilities.listener.WebEventListener  - Before Finding element: By.xpath: //input[@id='ConsignmentID']
606288 [main] INFO utilities.listener.WebEventListener  - Before Finding element: By.xpath: //input[@id='ConsignmentID']
2021-03-19/13:34:36.085  INFO: listener.WebEventListener - Before Finding element: By.xpath: //input[@id='ConsignmentID']
606556 [main] INFO utilities.listener.WebEventListener  - Before Finding element: By.xpath: //input[@id='ConsignmentID']
606556 [main] INFO utilities.listener.WebEventListener  - Before Finding element: By.xpath: //input[@id='ConsignmentID']
2021-03-19/13:34:36.351  INFO: listener.WebEventListener - Before Finding element: By.xpath: //input[@id='ConsignmentID']
606822 [main] INFO utilities.listener.WebEventListener  - Before Finding element: By.xpath: //input[@id='ConsignmentID']
606822 [main] INFO utilities.listener.WebEventListener  - Before Finding element: By.xpath: //input[@id='ConsignmentID']
2021-03-19/13:34:36.620  INFO: listener.WebEventListener - Before Finding element: By.xpath: //input[@id='ConsignmentID']
607091 [main] INFO utilities.listener.WebEventListener  - Before Finding element: By.xpath: //input[@id='ConsignmentID']
607091 [main] INFO utilities.listener.WebEventListener  - Before Finding element: By.xpath: //input[@id='ConsignmentID']
2021-03-19/13:34:36.884  INFO: listener.WebEventListener - Before Finding element: By.xpath: //input[@id='ConsignmentID']
607355 [main] INFO utilities.listener.WebEventListener  - Before Finding element: By.xpath: //input[@id='ConsignmentID']
607355 [main] INFO utilities.listener.WebEventListener  - Before Finding element: By.xpath: //input[@id='ConsignmentID']
2021-03-19/13:34:37.151  INFO: listener.WebEventListener - Before Finding element: By.xpath: //input[@id='ConsignmentID']
607622 [main] INFO utilities.listener.WebEventListener  - Before Finding element: By.xpath: //input[@id='ConsignmentID']
607622 [main] INFO utilities.listener.WebEventListener  - Before Finding element: By.xpath: //input[@id='ConsignmentID']
2021-03-19/13:34:37.421  INFO: listener.WebEventListener - Before Finding element: By.xpath: //input[@id='ConsignmentID']
607892 [main] INFO utilities.listener.WebEventListener  - Before Finding element: By.xpath: //input[@id='ConsignmentID']
607892 [main] INFO utilities.listener.WebEventListener  - Before Finding element: By.xpath: //input[@id='ConsignmentID']
2021-03-19/13:34:37.693  INFO: listener.WebEventListener - Before Finding element: By.xpath: //input[@id='ConsignmentID']
608164 [main] INFO utilities.listener.WebEventListener  - Before Finding element: By.xpath: //input[@id='ConsignmentID']
608164 [main] INFO utilities.listener.WebEventListener  - Before Finding element: By.xpath: //input[@id='ConsignmentID']
2021-03-19/13:34:37.963  INFO: listener.WebEventListener - Before Finding element: By.xpath: //input[@id='ConsignmentID']
608434 [main] INFO utilities.listener.WebEventListener  - Before Finding element: By.xpath: //input[@id='ConsignmentID']
608434 [main] INFO utilities.listener.WebEventListener  - Before Finding element: By.xpath: //input[@id='ConsignmentID']
2021-03-19/13:34:38.230  INFO: listener.WebEventListener - Before Finding element: By.xpath: //input[@id='ConsignmentID']
608701 [main] INFO utilities.listener.WebEventListener  - Before Finding element: By.xpath: //input[@id='ConsignmentID']
608701 [main] INFO utilities.listener.WebEventListener  - Before Finding element: By.xpath: //input[@id='ConsignmentID']
2021-03-19/13:34:38.498  INFO: listener.WebEventListener - Before Finding element: By.xpath: //input[@id='ConsignmentID']
608969 [main] INFO utilities.listener.WebEventListener  - Before Finding element: By.xpath: //input[@id='ConsignmentID']
608969 [main] INFO utilities.listener.WebEventListener  - Before Finding element: By.xpath: //input[@id='ConsignmentID']
2021-03-19/13:34:38.763  INFO: listener.WebEventListener - Before Finding element: By.xpath: //input[@id='ConsignmentID']
609234 [main] INFO utilities.listener.WebEventListener  - Before Finding element: By.xpath: //input[@id='ConsignmentID']
609234 [main] INFO utilities.listener.WebEventListener  - Before Finding element: By.xpath: //input[@id='ConsignmentID']
2021-03-19/13:34:39.028  INFO: listener.WebEventListener - Before Finding element: By.xpath: //input[@id='ConsignmentID']
609499 [main] INFO utilities.listener.WebEventListener  - Before Finding element: By.xpath: //input[@id='ConsignmentID']
609499 [main] INFO utilities.listener.WebEventListener  - Before Finding element: By.xpath: //input[@id='ConsignmentID']
2021-03-19/13:34:39.292  INFO: listener.WebEventListener - Before Finding element: By.xpath: //input[@id='ConsignmentID']
609763 [main] INFO utilities.listener.WebEventListener  - Before Finding element: By.xpath: //input[@id='ConsignmentID']
609763 [main] INFO utilities.listener.WebEventListener  - Before Finding element: By.xpath: //input[@id='ConsignmentID']
2021-03-19/13:34:39.557  INFO: listener.WebEventListener - Before Finding element: By.xpath: //input[@id='ConsignmentID']
610028 [main] INFO utilities.listener.WebEventListener  - Before Finding element: By.xpath: //input[@id='ConsignmentID']
610028 [main] INFO utilities.listener.WebEventListener  - Before Finding element: By.xpath: //input[@id='ConsignmentID']
2021-03-19/13:34:39.822  INFO: listener.WebEventListener - Before Finding element: By.xpath: //input[@id='ConsignmentID']
610293 [main] INFO utilities.listener.WebEventListener  - Before Finding element: By.xpath: //input[@id='ConsignmentID']
610293 [main] INFO utilities.listener.WebEventListener  - Before Finding element: By.xpath: //input[@id='ConsignmentID']
2021-03-19/13:34:40.087  INFO: listener.WebEventListener - Before Finding element: By.xpath: //input[@id='ConsignmentID']
610558 [main] INFO utilities.listener.WebEventListener  - Before Finding element: By.xpath: //input[@id='ConsignmentID']
610558 [main] INFO utilities.listener.WebEventListener  - Before Finding element: By.xpath: //input[@id='ConsignmentID']
2021-03-19/13:34:40.353  INFO: listener.WebEventListener - Before Finding element: By.xpath: //input[@id='ConsignmentID']
610824 [main] INFO utilities.listener.WebEventListener  - Before Finding element: By.xpath: //input[@id='ConsignmentID']
610824 [main] INFO utilities.listener.WebEventListener  - Before Finding element: By.xpath: //input[@id='ConsignmentID']
2021-03-19/13:34:40.618  INFO: listener.WebEventListener - Before Finding element: By.xpath: //input[@id='ConsignmentID']
611089 [main] INFO utilities.listener.WebEventListener  - Before Finding element: By.xpath: //input[@id='ConsignmentID']
611089 [main] INFO utilities.listener.WebEventListener  - Before Finding element: By.xpath: //input[@id='ConsignmentID']
2021-03-19/13:34:40.884  INFO: listener.WebEventListener - Before Finding element: By.xpath: //input[@id='ConsignmentID']
611355 [main] INFO utilities.listener.WebEventListener  - Before Finding element: By.xpath: //input[@id='ConsignmentID']
611355 [main] INFO utilities.listener.WebEventListener  - Before Finding element: By.xpath: //input[@id='ConsignmentID']
2021-03-19/13:34:41.162  INFO: listener.WebEventListener - Before Finding element: By.xpath: //input[@id='ConsignmentID']
611633 [main] INFO utilities.listener.WebEventListener  - Before Finding element: By.xpath: //input[@id='ConsignmentID']
611633 [main] INFO utilities.listener.WebEventListener  - Before Finding element: By.xpath: //input[@id='ConsignmentID']
2021-03-19/13:34:41.427  INFO: listener.WebEventListener - Before Finding element: By.xpath: //input[@id='ConsignmentID']
611898 [main] INFO utilities.listener.WebEventListener  - Before Finding element: By.xpath: //input[@id='ConsignmentID']
611898 [main] INFO utilities.listener.WebEventListener  - Before Finding element: By.xpath: //input[@id='ConsignmentID']
2021-03-19/13:34:41.702  INFO: listener.WebEventListener - Before Finding element: By.xpath: //input[@id='ConsignmentID']
612173 [main] INFO utilities.listener.WebEventListener  - Before Finding element: By.xpath: //input[@id='ConsignmentID']
612173 [main] INFO utilities.listener.WebEventListener  - Before Finding element: By.xpath: //input[@id='ConsignmentID']
2021-03-19/13:34:41.970  INFO: listener.WebEventListener - Before Finding element: By.xpath: //input[@id='ConsignmentID']
612441 [main] INFO utilities.listener.WebEventListener  - Before Finding element: By.xpath: //input[@id='ConsignmentID']
612441 [main] INFO utilities.listener.WebEventListener  - Before Finding element: By.xpath: //input[@id='ConsignmentID']
2021-03-19/13:34:42.236  INFO: listener.WebEventListener - Before Finding element: By.xpath: //input[@id='ConsignmentID']
612707 [main] INFO utilities.listener.WebEventListener  - Before Finding element: By.xpath: //input[@id='ConsignmentID']
612707 [main] INFO utilities.listener.WebEventListener  - Before Finding element: By.xpath: //input[@id='ConsignmentID']
2021-03-19/13:34:42.503  INFO: listener.WebEventListener - Before Finding element: By.xpath: //input[@id='ConsignmentID']
612974 [main] INFO utilities.listener.WebEventListener  - Before Finding element: By.xpath: //input[@id='ConsignmentID']
612974 [main] INFO utilities.listener.WebEventListener  - Before Finding element: By.xpath: //input[@id='ConsignmentID']
2021-03-19/13:34:42.769  INFO: listener.WebEventListener - Before Finding element: By.xpath: //input[@id='ConsignmentID']
613240 [main] INFO utilities.listener.WebEventListener  - Before Finding element: By.xpath: //input[@id='ConsignmentID']
613240 [main] INFO utilities.listener.WebEventListener  - Before Finding element: By.xpath: //input[@id='ConsignmentID']
2021-03-19/13:34:43.042  INFO: listener.WebEventListener - Before Finding element: By.xpath: //input[@id='ConsignmentID']
613513 [main] INFO utilities.listener.WebEventListener  - Before Finding element: By.xpath: //input[@id='ConsignmentID']
613513 [main] INFO utilities.listener.WebEventListener  - Before Finding element: By.xpath: //input[@id='ConsignmentID']
2021-03-19/13:34:43.307  INFO: listener.WebEventListener - Before Finding element: By.xpath: //input[@id='ConsignmentID']
613778 [main] INFO utilities.listener.WebEventListener  - Before Finding element: By.xpath: //input[@id='ConsignmentID']
613778 [main] INFO utilities.listener.WebEventListener  - Before Finding element: By.xpath: //input[@id='ConsignmentID']
2021-03-19/13:34:43.573  INFO: listener.WebEventListener - Before Finding element: By.xpath: //input[@id='ConsignmentID']
614044 [main] INFO utilities.listener.WebEventListener  - Before Finding element: By.xpath: //input[@id='ConsignmentID']
614044 [main] INFO utilities.listener.WebEventListener  - Before Finding element: By.xpath: //input[@id='ConsignmentID']
2021-03-19/13:34:43.837  INFO: listener.WebEventListener - Before Finding element: By.xpath: //input[@id='ConsignmentID']
614308 [main] INFO utilities.listener.WebEventListener  - Before Finding element: By.xpath: //input[@id='ConsignmentID']
614308 [main] INFO utilities.listener.WebEventListener  - Before Finding element: By.xpath: //input[@id='ConsignmentID']
2021-03-19/13:34:44.105  INFO: listener.WebEventListener - Before Finding element: By.xpath: //input[@id='ConsignmentID']
614576 [main] INFO utilities.listener.WebEventListener  - Before Finding element: By.xpath: //input[@id='ConsignmentID']
614576 [main] INFO utilities.listener.WebEventListener  - Before Finding element: By.xpath: //input[@id='ConsignmentID']
2021-03-19/13:34:44.369  INFO: listener.WebEventListener - Before Finding element: By.xpath: //input[@id='ConsignmentID']
614840 [main] INFO utilities.listener.WebEventListener  - Before Finding element: By.xpath: //input[@id='ConsignmentID']
614840 [main] INFO utilities.listener.WebEventListener  - Before Finding element: By.xpath: //input[@id='ConsignmentID']
2021-03-19/13:34:44.634  INFO: listener.WebEventListener - Before Finding element: By.xpath: //input[@id='ConsignmentID']
615105 [main] INFO utilities.listener.WebEventListener  - Before Finding element: By.xpath: //input[@id='ConsignmentID']
615105 [main] INFO utilities.listener.WebEventListener  - Before Finding element: By.xpath: //input[@id='ConsignmentID']
2021-03-19/13:34:44.899  INFO: listener.WebEventListener - Before Finding element: By.xpath: //input[@id='ConsignmentID']
615370 [main] INFO utilities.listener.WebEventListener  - Before Finding element: By.xpath: //input[@id='ConsignmentID']
615370 [main] INFO utilities.listener.WebEventListener  - Before Finding element: By.xpath: //input[@id='ConsignmentID']
2021-03-19/13:34:45.167  INFO: listener.WebEventListener - Before Finding element: By.xpath: //input[@id='ConsignmentID']
615638 [main] INFO utilities.listener.WebEventListener  - Before Finding element: By.xpath: //input[@id='ConsignmentID']
615638 [main] INFO utilities.listener.WebEventListener  - Before Finding element: By.xpath: //input[@id='ConsignmentID']
2021-03-19/13:34:45.437  INFO: listener.WebEventListener - Before Finding element: By.xpath: //input[@id='ConsignmentID']
615908 [main] INFO utilities.listener.WebEventListener  - Before Finding element: By.xpath: //input[@id='ConsignmentID']
615908 [main] INFO utilities.listener.WebEventListener  - Before Finding element: By.xpath: //input[@id='ConsignmentID']
2021-03-19/13:34:45.703  INFO: listener.WebEventListener - Before Finding element: By.xpath: //input[@id='ConsignmentID']
616174 [main] INFO utilities.listener.WebEventListener  - Before Finding element: By.xpath: //input[@id='ConsignmentID']
616174 [main] INFO utilities.listener.WebEventListener  - Before Finding element: By.xpath: //input[@id='ConsignmentID']
2021-03-19/13:34:45.968  INFO: listener.WebEventListener - Before Finding element: By.xpath: //input[@id='ConsignmentID']
616439 [main] INFO utilities.listener.WebEventListener  - Before Finding element: By.xpath: //input[@id='ConsignmentID']
616439 [main] INFO utilities.listener.WebEventListener  - Before Finding element: By.xpath: //input[@id='ConsignmentID']
2021-03-19/13:34:46.235  INFO: listener.WebEventListener - Before Finding element: By.xpath: //input[@id='ConsignmentID']
616706 [main] INFO utilities.listener.WebEventListener  - Before Finding element: By.xpath: //input[@id='ConsignmentID']
616706 [main] INFO utilities.listener.WebEventListener  - Before Finding element: By.xpath: //input[@id='ConsignmentID']
2021-03-19/13:34:46.500  INFO: listener.WebEventListener - Before Finding element: By.xpath: //input[@id='ConsignmentID']
616971 [main] INFO utilities.listener.WebEventListener  - Before Finding element: By.xpath: //input[@id='ConsignmentID']
616971 [main] INFO utilities.listener.WebEventListener  - Before Finding element: By.xpath: //input[@id='ConsignmentID']
2021-03-19/13:34:46.770  INFO: listener.WebEventListener - Before Finding element: By.xpath: //input[@id='ConsignmentID']
617241 [main] INFO utilities.listener.WebEventListener  - Before Finding element: By.xpath: //input[@id='ConsignmentID']
617241 [main] INFO utilities.listener.WebEventListener  - Before Finding element: By.xpath: //input[@id='ConsignmentID']
2021-03-19/13:34:47.033  INFO: listener.WebEventListener - Before Finding element: By.xpath: //input[@id='ConsignmentID']
617504 [main] INFO utilities.listener.WebEventListener  - Before Finding element: By.xpath: //input[@id='ConsignmentID']
617504 [main] INFO utilities.listener.WebEventListener  - Before Finding element: By.xpath: //input[@id='ConsignmentID']
2021-03-19/13:34:47.298  INFO: listener.WebEventListener - Before Finding element: By.xpath: //input[@id='ConsignmentID']
617769 [main] INFO utilities.listener.WebEventListener  - Before Finding element: By.xpath: //input[@id='ConsignmentID']
617769 [main] INFO utilities.listener.WebEventListener  - Before Finding element: By.xpath: //input[@id='ConsignmentID']
2021-03-19/13:34:47.565  INFO: listener.WebEventListener - Before Finding element: By.xpath: //input[@id='ConsignmentID']
618036 [main] INFO utilities.listener.WebEventListener  - Before Finding element: By.xpath: //input[@id='ConsignmentID']
618036 [main] INFO utilities.listener.WebEventListener  - Before Finding element: By.xpath: //input[@id='ConsignmentID']
2021-03-19/13:34:47.834  INFO: listener.WebEventListener - Before Finding element: By.xpath: //input[@id='ConsignmentID']
618305 [main] INFO utilities.listener.WebEventListener  - Before Finding element: By.xpath: //input[@id='ConsignmentID']
618305 [main] INFO utilities.listener.WebEventListener  - Before Finding element: By.xpath: //input[@id='ConsignmentID']
2021-03-19/13:34:48.100  INFO: listener.WebEventListener - Before Finding element: By.xpath: //input[@id='ConsignmentID']
618571 [main] INFO utilities.listener.WebEventListener  - Before Finding element: By.xpath: //input[@id='ConsignmentID']
618571 [main] INFO utilities.listener.WebEventListener  - Before Finding element: By.xpath: //input[@id='ConsignmentID']
2021-03-19/13:34:48.365  INFO: listener.WebEventListener - Before Finding element: By.xpath: //input[@id='ConsignmentID']
618836 [main] INFO utilities.listener.WebEventListener  - Before Finding element: By.xpath: //input[@id='ConsignmentID']
618836 [main] INFO utilities.listener.WebEventListener  - Before Finding element: By.xpath: //input[@id='ConsignmentID']
2021-03-19/13:34:48.635  INFO: listener.WebEventListener - Before Finding element: By.xpath: //input[@id='ConsignmentID']
619106 [main] INFO utilities.listener.WebEventListener  - Before Finding element: By.xpath: //input[@id='ConsignmentID']
619106 [main] INFO utilities.listener.WebEventListener  - Before Finding element: By.xpath: //input[@id='ConsignmentID']
2021-03-19/13:34:48.903  INFO: listener.WebEventListener - Before Finding element: By.xpath: //input[@id='ConsignmentID']
619374 [main] INFO utilities.listener.WebEventListener  - Before Finding element: By.xpath: //input[@id='ConsignmentID']
619374 [main] INFO utilities.listener.WebEventListener  - Before Finding element: By.xpath: //input[@id='ConsignmentID']
2021-03-19/13:34:49.167  INFO: listener.WebEventListener - Before Finding element: By.xpath: //input[@id='ConsignmentID']
619638 [main] INFO utilities.listener.WebEventListener  - Before Finding element: By.xpath: //input[@id='ConsignmentID']
619638 [main] INFO utilities.listener.WebEventListener  - Before Finding element: By.xpath: //input[@id='ConsignmentID']
2021-03-19/13:34:49.435  INFO: listener.WebEventListener - Before Finding element: By.xpath: //input[@id='ConsignmentID']
619906 [main] INFO utilities.listener.WebEventListener  - Before Finding element: By.xpath: //input[@id='ConsignmentID']
619906 [main] INFO utilities.listener.WebEventListener  - Before Finding element: By.xpath: //input[@id='ConsignmentID']
2021-03-19/13:34:49.703  INFO: listener.WebEventListener - Before Finding element: By.xpath: //input[@id='ConsignmentID']
620174 [main] INFO utilities.listener.WebEventListener  - Before Finding element: By.xpath: //input[@id='ConsignmentID']
620174 [main] INFO utilities.listener.WebEventListener  - Before Finding element: By.xpath: //input[@id='ConsignmentID']
2021-03-19/13:34:49.967  INFO: listener.WebEventListener - Before Finding element: By.xpath: //input[@id='ConsignmentID']
620438 [main] INFO utilities.listener.WebEventListener  - Before Finding element: By.xpath: //input[@id='ConsignmentID']
620438 [main] INFO utilities.listener.WebEventListener  - Before Finding element: By.xpath: //input[@id='ConsignmentID']
2021-03-19/13:34:50.241  INFO: listener.WebEventListener - Before Finding element: By.xpath: //input[@id='ConsignmentID']
620712 [main] INFO utilities.listener.WebEventListener  - Before Finding element: By.xpath: //input[@id='ConsignmentID']
620712 [main] INFO utilities.listener.WebEventListener  - Before Finding element: By.xpath: //input[@id='ConsignmentID']
2021-03-19/13:34:50.506  INFO: listener.WebEventListener - Before Finding element: By.xpath: //input[@id='ConsignmentID']
620977 [main] INFO utilities.listener.WebEventListener  - Before Finding element: By.xpath: //input[@id='ConsignmentID']
620977 [main] INFO utilities.listener.WebEventListener  - Before Finding element: By.xpath: //input[@id='ConsignmentID']
2021-03-19/13:34:50.771  INFO: listener.WebEventListener - Before Finding element: By.xpath: //input[@id='ConsignmentID']
621242 [main] INFO utilities.listener.WebEventListener  - Before Finding element: By.xpath: //input[@id='ConsignmentID']
621242 [main] INFO utilities.listener.WebEventListener  - Before Finding element: By.xpath: //input[@id='ConsignmentID']
2021-03-19/13:34:51.036  INFO: listener.WebEventListener - Before Finding element: By.xpath: //input[@id='ConsignmentID']
621507 [main] INFO utilities.listener.WebEventListener  - Before Finding element: By.xpath: //input[@id='ConsignmentID']
621507 [main] INFO utilities.listener.WebEventListener  - Before Finding element: By.xpath: //input[@id='ConsignmentID']
2021-03-19/13:34:51.300  INFO: listener.WebEventListener - Before Finding element: By.xpath: //input[@id='ConsignmentID']
621771 [main] INFO utilities.listener.WebEventListener  - Before Finding element: By.xpath: //input[@id='ConsignmentID']
621771 [main] INFO utilities.listener.WebEventListener  - Before Finding element: By.xpath: //input[@id='ConsignmentID']
2021-03-19/13:34:51.567  INFO: listener.WebEventListener - Before Finding element: By.xpath: //input[@id='ConsignmentID']
622038 [main] INFO utilities.listener.WebEventListener  - Before Finding element: By.xpath: //input[@id='ConsignmentID']
622038 [main] INFO utilities.listener.WebEventListener  - Before Finding element: By.xpath: //input[@id='ConsignmentID']
2021-03-19/13:34:51.832  INFO: listener.WebEventListener - Before Finding element: By.xpath: //input[@id='ConsignmentID']
622303 [main] INFO utilities.listener.WebEventListener  - Before Finding element: By.xpath: //input[@id='ConsignmentID']
622303 [main] INFO utilities.listener.WebEventListener  - Before Finding element: By.xpath: //input[@id='ConsignmentID']
2021-03-19/13:34:52.098  INFO: listener.WebEventListener - Before Finding element: By.xpath: //input[@id='ConsignmentID']
622569 [main] INFO utilities.listener.WebEventListener  - Before Finding element: By.xpath: //input[@id='ConsignmentID']
622569 [main] INFO utilities.listener.WebEventListener  - Before Finding element: By.xpath: //input[@id='ConsignmentID']
2021-03-19/13:34:52.368  INFO: listener.WebEventListener - Before Finding element: By.xpath: //input[@id='ConsignmentID']
622839 [main] INFO utilities.listener.WebEventListener  - Before Finding element: By.xpath: //input[@id='ConsignmentID']
622839 [main] INFO utilities.listener.WebEventListener  - Before Finding element: By.xpath: //input[@id='ConsignmentID']
2021-03-19/13:34:52.635  INFO: listener.WebEventListener - Before Finding element: By.xpath: //input[@id='ConsignmentID']
623106 [main] INFO utilities.listener.WebEventListener  - Before Finding element: By.xpath: //input[@id='ConsignmentID']
623106 [main] INFO utilities.listener.WebEventListener  - Before Finding element: By.xpath: //input[@id='ConsignmentID']
2021-03-19/13:34:52.907  INFO: listener.WebEventListener - Before Finding element: By.xpath: //input[@id='ConsignmentID']
623378 [main] INFO utilities.listener.WebEventListener  - Before Finding element: By.xpath: //input[@id='ConsignmentID']
623378 [main] INFO utilities.listener.WebEventListener  - Before Finding element: By.xpath: //input[@id='ConsignmentID']
2021-03-19/13:34:53.177  INFO: listener.WebEventListener - Before Finding element: By.xpath: //input[@id='ConsignmentID']
623648 [main] INFO utilities.listener.WebEventListener  - Before Finding element: By.xpath: //input[@id='ConsignmentID']
623648 [main] INFO utilities.listener.WebEventListener  - Before Finding element: By.xpath: //input[@id='ConsignmentID']
2021-03-19/13:34:53.444  INFO: listener.WebEventListener - Before Finding element: By.xpath: //input[@id='ConsignmentID']
623915 [main] INFO utilities.listener.WebEventListener  - Before Finding element: By.xpath: //input[@id='ConsignmentID']
623915 [main] INFO utilities.listener.WebEventListener  - Before Finding element: By.xpath: //input[@id='ConsignmentID']
2021-03-19/13:34:53.708  INFO: listener.WebEventListener - Before Finding element: By.xpath: //input[@id='ConsignmentID']
624179 [main] INFO utilities.listener.WebEventListener  - Before Finding element: By.xpath: //input[@id='ConsignmentID']
624179 [main] INFO utilities.listener.WebEventListener  - Before Finding element: By.xpath: //input[@id='ConsignmentID']
2021-03-19/13:34:53.972  INFO: listener.WebEventListener - Before Finding element: By.xpath: //input[@id='ConsignmentID']
624443 [main] INFO utilities.listener.WebEventListener  - Before Finding element: By.xpath: //input[@id='ConsignmentID']
624443 [main] INFO utilities.listener.WebEventListener  - Before Finding element: By.xpath: //input[@id='ConsignmentID']
2021-03-19/13:34:54.239  INFO: listener.WebEventListener - Before Finding element: By.xpath: //input[@id='ConsignmentID']
624710 [main] INFO utilities.listener.WebEventListener  - Before Finding element: By.xpath: //input[@id='ConsignmentID']
624710 [main] INFO utilities.listener.WebEventListener  - Before Finding element: By.xpath: //input[@id='ConsignmentID']
2021-03-19/13:34:54.504  INFO: listener.WebEventListener - Before Finding element: By.xpath: //input[@id='ConsignmentID']
624975 [main] INFO utilities.listener.WebEventListener  - Before Finding element: By.xpath: //input[@id='ConsignmentID']
624975 [main] INFO utilities.listener.WebEventListener  - Before Finding element: By.xpath: //input[@id='ConsignmentID']
2021-03-19/13:34:54.769  INFO: listener.WebEventListener - Before Finding element: By.xpath: //input[@id='ConsignmentID']
625240 [main] INFO utilities.listener.WebEventListener  - Before Finding element: By.xpath: //input[@id='ConsignmentID']
625240 [main] INFO utilities.listener.WebEventListener  - Before Finding element: By.xpath: //input[@id='ConsignmentID']
2021-03-19/13:34:55.034  INFO: listener.WebEventListener - Before Finding element: By.xpath: //input[@id='ConsignmentID']
625505 [main] INFO utilities.listener.WebEventListener  - Before Finding element: By.xpath: //input[@id='ConsignmentID']
625505 [main] INFO utilities.listener.WebEventListener  - Before Finding element: By.xpath: //input[@id='ConsignmentID']
2021-03-19/13:34:55.300  INFO: listener.WebEventListener - Before Finding element: By.xpath: //input[@id='ConsignmentID']
625771 [main] INFO utilities.listener.WebEventListener  - Before Finding element: By.xpath: //input[@id='ConsignmentID']
625771 [main] INFO utilities.listener.WebEventListener  - Before Finding element: By.xpath: //input[@id='ConsignmentID']
2021-03-19/13:34:55.565  INFO: listener.WebEventListener - Before Finding element: By.xpath: //input[@id='ConsignmentID']
626036 [main] INFO utilities.listener.WebEventListener  - Before Finding element: By.xpath: //input[@id='ConsignmentID']
626036 [main] INFO utilities.listener.WebEventListener  - Before Finding element: By.xpath: //input[@id='ConsignmentID']
2021-03-19/13:34:55.830  INFO: listener.WebEventListener - Before Finding element: By.xpath: //input[@id='ConsignmentID']
626301 [main] INFO utilities.listener.WebEventListener  - Before Finding element: By.xpath: //input[@id='ConsignmentID']
626301 [main] INFO utilities.listener.WebEventListener  - Before Finding element: By.xpath: //input[@id='ConsignmentID']
2021-03-19/13:34:56.094  INFO: listener.WebEventListener - Before Finding element: By.xpath: //input[@id='ConsignmentID']
626565 [main] INFO utilities.listener.WebEventListener  - Before Finding element: By.xpath: //input[@id='ConsignmentID']
626565 [main] INFO utilities.listener.WebEventListener  - Before Finding element: By.xpath: //input[@id='ConsignmentID']
2021-03-19/13:34:56.360  INFO: listener.WebEventListener - Before Finding element: By.xpath: //input[@id='ConsignmentID']
626831 [main] INFO utilities.listener.WebEventListener  - Before Finding element: By.xpath: //input[@id='ConsignmentID']
626831 [main] INFO utilities.listener.WebEventListener  - Before Finding element: By.xpath: //input[@id='ConsignmentID']
2021-03-19/13:34:56.627  INFO: listener.WebEventListener - Before Finding element: By.xpath: //input[@id='ConsignmentID']
627098 [main] INFO utilities.listener.WebEventListener  - Before Finding element: By.xpath: //input[@id='ConsignmentID']
627098 [main] INFO utilities.listener.WebEventListener  - Before Finding element: By.xpath: //input[@id='ConsignmentID']
2021-03-19/13:34:56.892  INFO: listener.WebEventListener - Before Finding element: By.xpath: //input[@id='ConsignmentID']
627363 [main] INFO utilities.listener.WebEventListener  - Before Finding element: By.xpath: //input[@id='ConsignmentID']
627363 [main] INFO utilities.listener.WebEventListener  - Before Finding element: By.xpath: //input[@id='ConsignmentID']
2021-03-19/13:34:57.158  INFO: listener.WebEventListener - Before Finding element: By.xpath: //input[@id='ConsignmentID']
627629 [main] INFO utilities.listener.WebEventListener  - Before Finding element: By.xpath: //input[@id='ConsignmentID']
627629 [main] INFO utilities.listener.WebEventListener  - Before Finding element: By.xpath: //input[@id='ConsignmentID']
2021-03-19/13:34:57.434  INFO: listener.WebEventListener - Before Finding element: By.xpath: //input[@id='ConsignmentID']
627905 [main] INFO utilities.listener.WebEventListener  - Before Finding element: By.xpath: //input[@id='ConsignmentID']
627905 [main] INFO utilities.listener.WebEventListener  - Before Finding element: By.xpath: //input[@id='ConsignmentID']
2021-03-19/13:34:57.712  INFO: listener.WebEventListener - Before Finding element: By.xpath: //input[@id='ConsignmentID']
628183 [main] INFO utilities.listener.WebEventListener  - Before Finding element: By.xpath: //input[@id='ConsignmentID']
628183 [main] INFO utilities.listener.WebEventListener  - Before Finding element: By.xpath: //input[@id='ConsignmentID']
2021-03-19/13:34:57.976  INFO: listener.WebEventListener - Before Finding element: By.xpath: //input[@id='ConsignmentID']
628447 [main] INFO utilities.listener.WebEventListener  - Before Finding element: By.xpath: //input[@id='ConsignmentID']
628447 [main] INFO utilities.listener.WebEventListener  - Before Finding element: By.xpath: //input[@id='ConsignmentID']
2021-03-19/13:34:58.241  INFO: listener.WebEventListener - Before Finding element: By.xpath: //input[@id='ConsignmentID']
628712 [main] INFO utilities.listener.WebEventListener  - Before Finding element: By.xpath: //input[@id='ConsignmentID']
628712 [main] INFO utilities.listener.WebEventListener  - Before Finding element: By.xpath: //input[@id='ConsignmentID']
2021-03-19/13:34:58.509  INFO: listener.WebEventListener - Before Finding element: By.xpath: //input[@id='ConsignmentID']
628980 [main] INFO utilities.listener.WebEventListener  - Before Finding element: By.xpath: //input[@id='ConsignmentID']
628980 [main] INFO utilities.listener.WebEventListener  - Before Finding element: By.xpath: //input[@id='ConsignmentID']
2021-03-19/13:34:58.773  INFO: listener.WebEventListener - Before Finding element: By.xpath: //input[@id='ConsignmentID']
629244 [main] INFO utilities.listener.WebEventListener  - Before Finding element: By.xpath: //input[@id='ConsignmentID']
629244 [main] INFO utilities.listener.WebEventListener  - Before Finding element: By.xpath: //input[@id='ConsignmentID']
2021-03-19/13:34:59.039  INFO: listener.WebEventListener - Before Finding element: By.xpath: //input[@id='ConsignmentID']
629510 [main] INFO utilities.listener.WebEventListener  - Before Finding element: By.xpath: //input[@id='ConsignmentID']
629510 [main] INFO utilities.listener.WebEventListener  - Before Finding element: By.xpath: //input[@id='ConsignmentID']
2021-03-19/13:34:59.310  INFO: listener.WebEventListener - Before Finding element: By.xpath: //input[@id='ConsignmentID']
629781 [main] INFO utilities.listener.WebEventListener  - Before Finding element: By.xpath: //input[@id='ConsignmentID']
629781 [main] INFO utilities.listener.WebEventListener  - Before Finding element: By.xpath: //input[@id='ConsignmentID']
2021-03-19/13:34:59.577  INFO: listener.WebEventListener - Before Finding element: By.xpath: //input[@id='ConsignmentID']
630048 [main] INFO utilities.listener.WebEventListener  - Before Finding element: By.xpath: //input[@id='ConsignmentID']
630048 [main] INFO utilities.listener.WebEventListener  - Before Finding element: By.xpath: //input[@id='ConsignmentID']
2021-03-19/13:34:59.842  INFO: listener.WebEventListener - Before Finding element: By.xpath: //input[@id='ConsignmentID']
630313 [main] INFO utilities.listener.WebEventListener  - Before Finding element: By.xpath: //input[@id='ConsignmentID']
630313 [main] INFO utilities.listener.WebEventListener  - Before Finding element: By.xpath: //input[@id='ConsignmentID']
2021-03-19/13:35:00.109  INFO: listener.WebEventListener - Before Finding element: By.xpath: //input[@id='ConsignmentID']
630580 [main] INFO utilities.listener.WebEventListener  - Before Finding element: By.xpath: //input[@id='ConsignmentID']
630580 [main] INFO utilities.listener.WebEventListener  - Before Finding element: By.xpath: //input[@id='ConsignmentID']
2021-03-19/13:35:00.378  INFO: listener.WebEventListener - Before Finding element: By.xpath: //input[@id='ConsignmentID']
630849 [main] INFO utilities.listener.WebEventListener  - Before Finding element: By.xpath: //input[@id='ConsignmentID']
630849 [main] INFO utilities.listener.WebEventListener  - Before Finding element: By.xpath: //input[@id='ConsignmentID']
2021-03-19/13:35:00.643  INFO: listener.WebEventListener - Before Finding element: By.xpath: //input[@id='ConsignmentID']
631114 [main] INFO utilities.listener.WebEventListener  - Before Finding element: By.xpath: //input[@id='ConsignmentID']
631114 [main] INFO utilities.listener.WebEventListener  - Before Finding element: By.xpath: //input[@id='ConsignmentID']
2021-03-19/13:35:00.907  INFO: listener.WebEventListener - Before Finding element: By.xpath: //input[@id='ConsignmentID']
631378 [main] INFO utilities.listener.WebEventListener  - Before Finding element: By.xpath: //input[@id='ConsignmentID']
631378 [main] INFO utilities.listener.WebEventListener  - Before Finding element: By.xpath: //input[@id='ConsignmentID']
2021-03-19/13:35:01.171  INFO: listener.WebEventListener - Before Finding element: By.xpath: //input[@id='ConsignmentID']
631642 [main] INFO utilities.listener.WebEventListener  - Before Finding element: By.xpath: //input[@id='ConsignmentID']
631642 [main] INFO utilities.listener.WebEventListener  - Before Finding element: By.xpath: //input[@id='ConsignmentID']
2021-03-19/13:35:01.440  INFO: listener.WebEventListener - Before Finding element: By.xpath: //input[@id='ConsignmentID']
631911 [main] INFO utilities.listener.WebEventListener  - Before Finding element: By.xpath: //input[@id='ConsignmentID']
631911 [main] INFO utilities.listener.WebEventListener  - Before Finding element: By.xpath: //input[@id='ConsignmentID']
2021-03-19/13:35:01.708  INFO: listener.WebEventListener - Before Finding element: By.xpath: //input[@id='ConsignmentID']
632179 [main] INFO utilities.listener.WebEventListener  - Before Finding element: By.xpath: //input[@id='ConsignmentID']
632179 [main] INFO utilities.listener.WebEventListener  - Before Finding element: By.xpath: //input[@id='ConsignmentID']
2021-03-19/13:35:01.973  INFO: listener.WebEventListener - Before Finding element: By.xpath: //input[@id='ConsignmentID']
632444 [main] INFO utilities.listener.WebEventListener  - Before Finding element: By.xpath: //input[@id='ConsignmentID']
632444 [main] INFO utilities.listener.WebEventListener  - Before Finding element: By.xpath: //input[@id='ConsignmentID']
2021-03-19/13:35:02.240  INFO: listener.WebEventListener - Before Finding element: By.xpath: //input[@id='ConsignmentID']
632711 [main] INFO utilities.listener.WebEventListener  - Before Finding element: By.xpath: //input[@id='ConsignmentID']
632711 [main] INFO utilities.listener.WebEventListener  - Before Finding element: By.xpath: //input[@id='ConsignmentID']
2021-03-19/13:35:02.507  INFO: listener.WebEventListener - Before Finding element: By.xpath: //input[@id='ConsignmentID']
632978 [main] INFO utilities.listener.WebEventListener  - Before Finding element: By.xpath: //input[@id='ConsignmentID']
632978 [main] INFO utilities.listener.WebEventListener  - Before Finding element: By.xpath: //input[@id='ConsignmentID']
2021-03-19/13:35:02.777  INFO: listener.WebEventListener - Before Finding element: By.xpath: //input[@id='ConsignmentID']
633248 [main] INFO utilities.listener.WebEventListener  - Before Finding element: By.xpath: //input[@id='ConsignmentID']
633248 [main] INFO utilities.listener.WebEventListener  - Before Finding element: By.xpath: //input[@id='ConsignmentID']
2021-03-19/13:35:03.042  INFO: listener.WebEventListener - Before Finding element: By.xpath: //input[@id='ConsignmentID']
633513 [main] INFO utilities.listener.WebEventListener  - Before Finding element: By.xpath: //input[@id='ConsignmentID']
633513 [main] INFO utilities.listener.WebEventListener  - Before Finding element: By.xpath: //input[@id='ConsignmentID']
2021-03-19/13:35:03.308  INFO: listener.WebEventListener - Before Finding element: By.xpath: //input[@id='ConsignmentID']
633779 [main] INFO utilities.listener.WebEventListener  - Before Finding element: By.xpath: //input[@id='ConsignmentID']
633779 [main] INFO utilities.listener.WebEventListener  - Before Finding element: By.xpath: //input[@id='ConsignmentID']
2021-03-19/13:35:03.571  INFO: listener.WebEventListener - Before Finding element: By.xpath: //input[@id='ConsignmentID']
634042 [main] INFO utilities.listener.WebEventListener  - Before Finding element: By.xpath: //input[@id='ConsignmentID']
634042 [main] INFO utilities.listener.WebEventListener  - Before Finding element: By.xpath: //input[@id='ConsignmentID']
2021-03-19/13:35:03.838  INFO: listener.WebEventListener - Before Finding element: By.xpath: //input[@id='ConsignmentID']
634309 [main] INFO utilities.listener.WebEventListener  - Before Finding element: By.xpath: //input[@id='ConsignmentID']
634309 [main] INFO utilities.listener.WebEventListener  - Before Finding element: By.xpath: //input[@id='ConsignmentID']
2021-03-19/13:35:04.105  INFO: listener.WebEventListener - Before Finding element: By.xpath: //input[@id='ConsignmentID']
634576 [main] INFO utilities.listener.WebEventListener  - Before Finding element: By.xpath: //input[@id='ConsignmentID']
634576 [main] INFO utilities.listener.WebEventListener  - Before Finding element: By.xpath: //input[@id='ConsignmentID']
2021-03-19/13:35:04.371  INFO: listener.WebEventListener - Before Finding element: By.xpath: //input[@id='ConsignmentID']
634842 [main] INFO utilities.listener.WebEventListener  - Before Finding element: By.xpath: //input[@id='ConsignmentID']
634842 [main] INFO utilities.listener.WebEventListener  - Before Finding element: By.xpath: //input[@id='ConsignmentID']
2021-03-19/13:35:04.636  INFO: listener.WebEventListener - Before Finding element: By.xpath: //input[@id='ConsignmentID']
635107 [main] INFO utilities.listener.WebEventListener  - Before Finding element: By.xpath: //input[@id='ConsignmentID']
635107 [main] INFO utilities.listener.WebEventListener  - Before Finding element: By.xpath: //input[@id='ConsignmentID']
2021-03-19/13:35:04.902  INFO: listener.WebEventListener - Before Finding element: By.xpath: //input[@id='ConsignmentID']
635373 [main] INFO utilities.listener.WebEventListener  - Before Finding element: By.xpath: //input[@id='ConsignmentID']
635373 [main] INFO utilities.listener.WebEventListener  - Before Finding element: By.xpath: //input[@id='ConsignmentID']
2021-03-19/13:35:05.167  INFO: listener.WebEventListener - Before Finding element: By.xpath: //input[@id='ConsignmentID']
635638 [main] INFO utilities.listener.WebEventListener  - Before Finding element: By.xpath: //input[@id='ConsignmentID']
635638 [main] INFO utilities.listener.WebEventListener  - Before Finding element: By.xpath: //input[@id='ConsignmentID']
2021-03-19/13:35:05.433  INFO: listener.WebEventListener - Before Finding element: By.xpath: //input[@id='ConsignmentID']
635904 [main] INFO utilities.listener.WebEventListener  - Before Finding element: By.xpath: //input[@id='ConsignmentID']
635904 [main] INFO utilities.listener.WebEventListener  - Before Finding element: By.xpath: //input[@id='ConsignmentID']
2021-03-19/13:35:05.698  INFO: listener.WebEventListener - Before Finding element: By.xpath: //input[@id='ConsignmentID']
636169 [main] INFO utilities.listener.WebEventListener  - Before Finding element: By.xpath: //input[@id='ConsignmentID']
636169 [main] INFO utilities.listener.WebEventListener  - Before Finding element: By.xpath: //input[@id='ConsignmentID']
2021-03-19/13:35:05.966  INFO: listener.WebEventListener - Before Finding element: By.xpath: //input[@id='ConsignmentID']
636437 [main] INFO utilities.listener.WebEventListener  - Before Finding element: By.xpath: //input[@id='ConsignmentID']
636437 [main] INFO utilities.listener.WebEventListener  - Before Finding element: By.xpath: //input[@id='ConsignmentID']
2021-03-19/13:35:06.236  INFO: listener.WebEventListener - Before Finding element: By.xpath: //input[@id='ConsignmentID']
636707 [main] INFO utilities.listener.WebEventListener  - Before Finding element: By.xpath: //input[@id='ConsignmentID']
636707 [main] INFO utilities.listener.WebEventListener  - Before Finding element: By.xpath: //input[@id='ConsignmentID']
2021-03-19/13:35:06.500  INFO: listener.WebEventListener - Before Finding element: By.xpath: //input[@id='ConsignmentID']
636971 [main] INFO utilities.listener.WebEventListener  - Before Finding element: By.xpath: //input[@id='ConsignmentID']
636971 [main] INFO utilities.listener.WebEventListener  - Before Finding element: By.xpath: //input[@id='ConsignmentID']
2021-03-19/13:35:06.765  INFO: listener.WebEventListener - Before Finding element: By.xpath: //input[@id='ConsignmentID']
637236 [main] INFO utilities.listener.WebEventListener  - Before Finding element: By.xpath: //input[@id='ConsignmentID']
637236 [main] INFO utilities.listener.WebEventListener  - Before Finding element: By.xpath: //input[@id='ConsignmentID']
2021-03-19/13:35:07.029  INFO: listener.WebEventListener - Before Finding element: By.xpath: //input[@id='ConsignmentID']
637500 [main] INFO utilities.listener.WebEventListener  - Before Finding element: By.xpath: //input[@id='ConsignmentID']
637500 [main] INFO utilities.listener.WebEventListener  - Before Finding element: By.xpath: //input[@id='ConsignmentID']
2021-03-19/13:35:07.292  INFO: listener.WebEventListener - Before Finding element: By.xpath: //input[@id='ConsignmentID']
637763 [main] INFO utilities.listener.WebEventListener  - Before Finding element: By.xpath: //input[@id='ConsignmentID']
637763 [main] INFO utilities.listener.WebEventListener  - Before Finding element: By.xpath: //input[@id='ConsignmentID']
2021-03-19/13:35:07.626  INFO: listener.WebEventListener - Before Finding element: By.xpath: //input[@id='ConsignmentID']
638097 [main] INFO utilities.listener.WebEventListener  - Before Finding element: By.xpath: //input[@id='ConsignmentID']
638097 [main] INFO utilities.listener.WebEventListener  - Before Finding element: By.xpath: //input[@id='ConsignmentID']
2021-03-19/13:35:08.059  INFO: listener.WebEventListener - Before Finding element: By.xpath: //input[@id='ConsignmentID']
638530 [main] INFO utilities.listener.WebEventListener  - Before Finding element: By.xpath: //input[@id='ConsignmentID']
638530 [main] INFO utilities.listener.WebEventListener  - Before Finding element: By.xpath: //input[@id='ConsignmentID']
2021-03-19/13:35:08.363  INFO: listener.WebEventListener - Before Finding element: By.xpath: //input[@id='ConsignmentID']
638834 [main] INFO utilities.listener.WebEventListener  - Before Finding element: By.xpath: //input[@id='ConsignmentID']
638834 [main] INFO utilities.listener.WebEventListener  - Before Finding element: By.xpath: //input[@id='ConsignmentID']
2021-03-19/13:35:08.632  INFO: listener.WebEventListener - Before Finding element: By.xpath: //input[@id='ConsignmentID']
639103 [main] INFO utilities.listener.WebEventListener  - Before Finding element: By.xpath: //input[@id='ConsignmentID']
639103 [main] INFO utilities.listener.WebEventListener  - Before Finding element: By.xpath: //input[@id='ConsignmentID']
2021-03-19/13:35:08.907  INFO: listener.WebEventListener - Before Finding element: By.xpath: //input[@id='ConsignmentID']
639378 [main] INFO utilities.listener.WebEventListener  - Before Finding element: By.xpath: //input[@id='ConsignmentID']
639378 [main] INFO utilities.listener.WebEventListener  - Before Finding element: By.xpath: //input[@id='ConsignmentID']
2021-03-19/13:35:09.173  INFO: listener.WebEventListener - Before Finding element: By.xpath: //input[@id='ConsignmentID']
639644 [main] INFO utilities.listener.WebEventListener  - Before Finding element: By.xpath: //input[@id='ConsignmentID']
639644 [main] INFO utilities.listener.WebEventListener  - Before Finding element: By.xpath: //input[@id='ConsignmentID']
2021-03-19/13:35:09.446  INFO: listener.WebEventListener - Before Finding element: By.xpath: //input[@id='ConsignmentID']
639917 [main] INFO utilities.listener.WebEventListener  - Before Finding element: By.xpath: //input[@id='ConsignmentID']
639917 [main] INFO utilities.listener.WebEventListener  - Before Finding element: By.xpath: //input[@id='ConsignmentID']
2021-03-19/13:35:09.728  INFO: listener.WebEventListener - Before Finding element: By.xpath: //input[@id='ConsignmentID']
640199 [main] INFO utilities.listener.WebEventListener  - Before Finding element: By.xpath: //input[@id='ConsignmentID']
640199 [main] INFO utilities.listener.WebEventListener  - Before Finding element: By.xpath: //input[@id='ConsignmentID']
2021-03-19/13:35:10.082  INFO: listener.WebEventListener - Before Finding element: By.xpath: //input[@id='ConsignmentID']
640553 [main] INFO utilities.listener.WebEventListener  - Before Finding element: By.xpath: //input[@id='ConsignmentID']
640553 [main] INFO utilities.listener.WebEventListener  - Before Finding element: By.xpath: //input[@id='ConsignmentID']
2021-03-19/13:35:10.394  INFO: listener.WebEventListener - Before Finding element: By.xpath: //input[@id='ConsignmentID']
640865 [main] INFO utilities.listener.WebEventListener  - Before Finding element: By.xpath: //input[@id='ConsignmentID']
640865 [main] INFO utilities.listener.WebEventListener  - Before Finding element: By.xpath: //input[@id='ConsignmentID']
2021-03-19/13:35:10.709  INFO: listener.WebEventListener - Before Finding element: By.xpath: //input[@id='ConsignmentID']
641180 [main] INFO utilities.listener.WebEventListener  - Before Finding element: By.xpath: //input[@id='ConsignmentID']
641180 [main] INFO utilities.listener.WebEventListener  - Before Finding element: By.xpath: //input[@id='ConsignmentID']
2021-03-19/13:35:10.977  INFO: listener.WebEventListener - Before Finding element: By.xpath: //input[@id='ConsignmentID']
641448 [main] INFO utilities.listener.WebEventListener  - Before Finding element: By.xpath: //input[@id='ConsignmentID']
641448 [main] INFO utilities.listener.WebEventListener  - Before Finding element: By.xpath: //input[@id='ConsignmentID']
2021-03-19/13:35:11.244  INFO: listener.WebEventListener - Before Finding element: By.xpath: //input[@id='ConsignmentID']
641715 [main] INFO utilities.listener.WebEventListener  - Before Finding element: By.xpath: //input[@id='ConsignmentID']
641715 [main] INFO utilities.listener.WebEventListener  - Before Finding element: By.xpath: //input[@id='ConsignmentID']
2021-03-19/13:35:11.509  INFO: listener.WebEventListener - Before Finding element: By.xpath: //input[@id='ConsignmentID']
641980 [main] INFO utilities.listener.WebEventListener  - Before Finding element: By.xpath: //input[@id='ConsignmentID']
641980 [main] INFO utilities.listener.WebEventListener  - Before Finding element: By.xpath: //input[@id='ConsignmentID']
2021-03-19/13:35:11.776  INFO: listener.WebEventListener - Before Finding element: By.xpath: //input[@id='ConsignmentID']
642247 [main] INFO utilities.listener.WebEventListener  - Before Finding element: By.xpath: //input[@id='ConsignmentID']
642247 [main] INFO utilities.listener.WebEventListener  - Before Finding element: By.xpath: //input[@id='ConsignmentID']
2021-03-19/13:35:12.044  INFO: listener.WebEventListener - Before Finding element: By.xpath: //input[@id='ConsignmentID']
642515 [main] INFO utilities.listener.WebEventListener  - Before Finding element: By.xpath: //input[@id='ConsignmentID']
642515 [main] INFO utilities.listener.WebEventListener  - Before Finding element: By.xpath: //input[@id='ConsignmentID']
2021-03-19/13:35:12.311  INFO: listener.WebEventListener - Before Finding element: By.xpath: //input[@id='ConsignmentID']
642782 [main] INFO utilities.listener.WebEventListener  - Before Finding element: By.xpath: //input[@id='ConsignmentID']
642782 [main] INFO utilities.listener.WebEventListener  - Before Finding element: By.xpath: //input[@id='ConsignmentID']
2021-03-19/13:35:12.590  INFO: listener.WebEventListener - Before Finding element: By.xpath: //input[@id='ConsignmentID']
643061 [main] INFO utilities.listener.WebEventListener  - Before Finding element: By.xpath: //input[@id='ConsignmentID']
643061 [main] INFO utilities.listener.WebEventListener  - Before Finding element: By.xpath: //input[@id='ConsignmentID']
2021-03-19/13:35:12.867  INFO: listener.WebEventListener - Before Finding element: By.xpath: //input[@id='ConsignmentID']
643338 [main] INFO utilities.listener.WebEventListener  - Before Finding element: By.xpath: //input[@id='ConsignmentID']
643338 [main] INFO utilities.listener.WebEventListener  - Before Finding element: By.xpath: //input[@id='ConsignmentID']
2021-03-19/13:35:13.133  INFO: listener.WebEventListener - Before Finding element: By.xpath: //input[@id='ConsignmentID']
643604 [main] INFO utilities.listener.WebEventListener  - Before Finding element: By.xpath: //input[@id='ConsignmentID']
643604 [main] INFO utilities.listener.WebEventListener  - Before Finding element: By.xpath: //input[@id='ConsignmentID']
2021-03-19/13:35:13.402  INFO: listener.WebEventListener - Before Finding element: By.xpath: //input[@id='ConsignmentID']
643873 [main] INFO utilities.listener.WebEventListener  - Before Finding element: By.xpath: //input[@id='ConsignmentID']
643873 [main] INFO utilities.listener.WebEventListener  - Before Finding element: By.xpath: //input[@id='ConsignmentID']
2021-03-19/13:35:13.672  INFO: listener.WebEventListener - Before Finding element: By.xpath: //input[@id='ConsignmentID']
644143 [main] INFO utilities.listener.WebEventListener  - Before Finding element: By.xpath: //input[@id='ConsignmentID']
644143 [main] INFO utilities.listener.WebEventListener  - Before Finding element: By.xpath: //input[@id='ConsignmentID']
2021-03-19/13:35:13.940  INFO: listener.WebEventListener - Before Finding element: By.xpath: //input[@id='ConsignmentID']
644411 [main] INFO utilities.listener.WebEventListener  - Before Finding element: By.xpath: //input[@id='ConsignmentID']
644411 [main] INFO utilities.listener.WebEventListener  - Before Finding element: By.xpath: //input[@id='ConsignmentID']
2021-03-19/13:35:14.206  INFO: listener.WebEventListener - Before Finding element: By.xpath: //input[@id='ConsignmentID']
644677 [main] INFO utilities.listener.WebEventListener  - Before Finding element: By.xpath: //input[@id='ConsignmentID']
644677 [main] INFO utilities.listener.WebEventListener  - Before Finding element: By.xpath: //input[@id='ConsignmentID']
2021-03-19/13:35:14.472  INFO: listener.WebEventListener - Before Finding element: By.xpath: //input[@id='ConsignmentID']
644943 [main] INFO utilities.listener.WebEventListener  - Before Finding element: By.xpath: //input[@id='ConsignmentID']
644943 [main] INFO utilities.listener.WebEventListener  - Before Finding element: By.xpath: //input[@id='ConsignmentID']
2021-03-19/13:35:14.738  INFO: listener.WebEventListener - Before Finding element: By.xpath: //input[@id='ConsignmentID']
645209 [main] INFO utilities.listener.WebEventListener  - Before Finding element: By.xpath: //input[@id='ConsignmentID']
645209 [main] INFO utilities.listener.WebEventListener  - Before Finding element: By.xpath: //input[@id='ConsignmentID']
2021-03-19/13:35:15.007  INFO: listener.WebEventListener - Before Finding element: By.xpath: //input[@id='ConsignmentID']
645478 [main] INFO utilities.listener.WebEventListener  - Before Finding element: By.xpath: //input[@id='ConsignmentID']
645478 [main] INFO utilities.listener.WebEventListener  - Before Finding element: By.xpath: //input[@id='ConsignmentID']
2021-03-19/13:35:15.274  INFO: listener.WebEventListener - Before Finding element: By.xpath: //input[@id='ConsignmentID']
645745 [main] INFO utilities.listener.WebEventListener  - Before Finding element: By.xpath: //input[@id='ConsignmentID']
645745 [main] INFO utilities.listener.WebEventListener  - Before Finding element: By.xpath: //input[@id='ConsignmentID']
2021-03-19/13:35:15.540  INFO: listener.WebEventListener - Before Finding element: By.xpath: //input[@id='ConsignmentID']
646011 [main] INFO utilities.listener.WebEventListener  - Before Finding element: By.xpath: //input[@id='ConsignmentID']
646011 [main] INFO utilities.listener.WebEventListener  - Before Finding element: By.xpath: //input[@id='ConsignmentID']
2021-03-19/13:35:15.809  INFO: listener.WebEventListener - Before Finding element: By.xpath: //input[@id='ConsignmentID']
646280 [main] INFO utilities.listener.WebEventListener  - Before Finding element: By.xpath: //input[@id='ConsignmentID']
646280 [main] INFO utilities.listener.WebEventListener  - Before Finding element: By.xpath: //input[@id='ConsignmentID']
2021-03-19/13:35:16.076  INFO: listener.WebEventListener - Before Finding element: By.xpath: //input[@id='ConsignmentID']
646547 [main] INFO utilities.listener.WebEventListener  - Before Finding element: By.xpath: //input[@id='ConsignmentID']
646547 [main] INFO utilities.listener.WebEventListener  - Before Finding element: By.xpath: //input[@id='ConsignmentID']
2021-03-19/13:35:16.355  INFO: listener.WebEventListener - Before Finding element: By.xpath: //input[@id='ConsignmentID']
646826 [main] INFO utilities.listener.WebEventListener  - Before Finding element: By.xpath: //input[@id='ConsignmentID']
646826 [main] INFO utilities.listener.WebEventListener  - Before Finding element: By.xpath: //input[@id='ConsignmentID']
2021-03-19/13:35:16.621  INFO: listener.WebEventListener - Before Finding element: By.xpath: //input[@id='ConsignmentID']
647092 [main] INFO utilities.listener.WebEventListener  - Before Finding element: By.xpath: //input[@id='ConsignmentID']
647092 [main] INFO utilities.listener.WebEventListener  - Before Finding element: By.xpath: //input[@id='ConsignmentID']
2021-03-19/13:35:16.888  INFO: listener.WebEventListener - Before Finding element: By.xpath: //input[@id='ConsignmentID']
647359 [main] INFO utilities.listener.WebEventListener  - Before Finding element: By.xpath: //input[@id='ConsignmentID']
647359 [main] INFO utilities.listener.WebEventListener  - Before Finding element: By.xpath: //input[@id='ConsignmentID']
2021-03-19/13:35:17.155  INFO: listener.WebEventListener - Before Finding element: By.xpath: //input[@id='ConsignmentID']
647626 [main] INFO utilities.listener.WebEventListener  - Before Finding element: By.xpath: //input[@id='ConsignmentID']
647626 [main] INFO utilities.listener.WebEventListener  - Before Finding element: By.xpath: //input[@id='ConsignmentID']
2021-03-19/13:35:17.423  INFO: listener.WebEventListener - Before Finding element: By.xpath: //input[@id='ConsignmentID']
647894 [main] INFO utilities.listener.WebEventListener  - Before Finding element: By.xpath: //input[@id='ConsignmentID']
647894 [main] INFO utilities.listener.WebEventListener  - Before Finding element: By.xpath: //input[@id='ConsignmentID']
2021-03-19/13:35:17.701  INFO: listener.WebEventListener - Before Finding element: By.xpath: //input[@id='ConsignmentID']
648172 [main] INFO utilities.listener.WebEventListener  - Before Finding element: By.xpath: //input[@id='ConsignmentID']
648172 [main] INFO utilities.listener.WebEventListener  - Before Finding element: By.xpath: //input[@id='ConsignmentID']
2021-03-19/13:35:17.971  INFO: listener.WebEventListener - Before Finding element: By.xpath: //input[@id='ConsignmentID']
648442 [main] INFO utilities.listener.WebEventListener  - Before Finding element: By.xpath: //input[@id='ConsignmentID']
648442 [main] INFO utilities.listener.WebEventListener  - Before Finding element: By.xpath: //input[@id='ConsignmentID']
2021-03-19/13:35:18.237  INFO: listener.WebEventListener - Before Finding element: By.xpath: //input[@id='ConsignmentID']
648708 [main] INFO utilities.listener.WebEventListener  - Before Finding element: By.xpath: //input[@id='ConsignmentID']
648708 [main] INFO utilities.listener.WebEventListener  - Before Finding element: By.xpath: //input[@id='ConsignmentID']
2021-03-19/13:35:18.504  INFO: listener.WebEventListener - Before Finding element: By.xpath: //input[@id='ConsignmentID']
648975 [main] INFO utilities.listener.WebEventListener  - Before Finding element: By.xpath: //input[@id='ConsignmentID']
648975 [main] INFO utilities.listener.WebEventListener  - Before Finding element: By.xpath: //input[@id='ConsignmentID']
2021-03-19/13:35:18.770  INFO: listener.WebEventListener - Before Finding element: By.xpath: //input[@id='ConsignmentID']
649241 [main] INFO utilities.listener.WebEventListener  - Before Finding element: By.xpath: //input[@id='ConsignmentID']
649241 [main] INFO utilities.listener.WebEventListener  - Before Finding element: By.xpath: //input[@id='ConsignmentID']
2021-03-19/13:35:19.036  INFO: listener.WebEventListener - Before Finding element: By.xpath: //input[@id='ConsignmentID']
649507 [main] INFO utilities.listener.WebEventListener  - Before Finding element: By.xpath: //input[@id='ConsignmentID']
649507 [main] INFO utilities.listener.WebEventListener  - Before Finding element: By.xpath: //input[@id='ConsignmentID']
2021-03-19/13:35:19.311  INFO: listener.WebEventListener - Before Finding element: By.xpath: //input[@id='ConsignmentID']
649782 [main] INFO utilities.listener.WebEventListener  - Before Finding element: By.xpath: //input[@id='ConsignmentID']
649782 [main] INFO utilities.listener.WebEventListener  - Before Finding element: By.xpath: //input[@id='ConsignmentID']
2021-03-19/13:35:19.577  INFO: listener.WebEventListener - Before Finding element: By.xpath: //input[@id='ConsignmentID']
650048 [main] INFO utilities.listener.WebEventListener  - Before Finding element: By.xpath: //input[@id='ConsignmentID']
650048 [main] INFO utilities.listener.WebEventListener  - Before Finding element: By.xpath: //input[@id='ConsignmentID']
2021-03-19/13:35:19.846  INFO: listener.WebEventListener - Before Finding element: By.xpath: //input[@id='ConsignmentID']
650317 [main] INFO utilities.listener.WebEventListener  - Before Finding element: By.xpath: //input[@id='ConsignmentID']
650317 [main] INFO utilities.listener.WebEventListener  - Before Finding element: By.xpath: //input[@id='ConsignmentID']
2021-03-19/13:35:20.117  INFO: listener.WebEventListener - Before Finding element: By.xpath: //input[@id='ConsignmentID']
650588 [main] INFO utilities.listener.WebEventListener  - Before Finding element: By.xpath: //input[@id='ConsignmentID']
650588 [main] INFO utilities.listener.WebEventListener  - Before Finding element: By.xpath: //input[@id='ConsignmentID']
2021-03-19/13:35:20.382  INFO: listener.WebEventListener - Before Finding element: By.xpath: //input[@id='ConsignmentID']
650853 [main] INFO utilities.listener.WebEventListener  - Before Finding element: By.xpath: //input[@id='ConsignmentID']
650853 [main] INFO utilities.listener.WebEventListener  - Before Finding element: By.xpath: //input[@id='ConsignmentID']
2021-03-19/13:35:20.651  INFO: listener.WebEventListener - Before Finding element: By.xpath: //input[@id='ConsignmentID']
651122 [main] INFO utilities.listener.WebEventListener  - Before Finding element: By.xpath: //input[@id='ConsignmentID']
651122 [main] INFO utilities.listener.WebEventListener  - Before Finding element: By.xpath: //input[@id='ConsignmentID']
2021-03-19/13:35:20.915  INFO: listener.WebEventListener - Before Finding element: By.xpath: //input[@id='ConsignmentID']
651386 [main] INFO utilities.listener.WebEventListener  - Before Finding element: By.xpath: //input[@id='ConsignmentID']
651386 [main] INFO utilities.listener.WebEventListener  - Before Finding element: By.xpath: //input[@id='ConsignmentID']
2021-03-19/13:35:21.181  INFO: listener.WebEventListener - Before Finding element: By.xpath: //input[@id='ConsignmentID']
651652 [main] INFO utilities.listener.WebEventListener  - Before Finding element: By.xpath: //input[@id='ConsignmentID']
651652 [main] INFO utilities.listener.WebEventListener  - Before Finding element: By.xpath: //input[@id='ConsignmentID']
2021-03-19/13:35:21.450  INFO: listener.WebEventListener - Before Finding element: By.xpath: //input[@id='ConsignmentID']
651921 [main] INFO utilities.listener.WebEventListener  - Before Finding element: By.xpath: //input[@id='ConsignmentID']
651921 [main] INFO utilities.listener.WebEventListener  - Before Finding element: By.xpath: //input[@id='ConsignmentID']
2021-03-19/13:35:21.718  INFO: listener.WebEventListener - Before Finding element: By.xpath: //input[@id='ConsignmentID']
652189 [main] INFO utilities.listener.WebEventListener  - Before Finding element: By.xpath: //input[@id='ConsignmentID']
652189 [main] INFO utilities.listener.WebEventListener  - Before Finding element: By.xpath: //input[@id='ConsignmentID']
2021-03-19/13:35:21.983  INFO: listener.WebEventListener - Before Finding element: By.xpath: //input[@id='ConsignmentID']
652454 [main] INFO utilities.listener.WebEventListener  - Before Finding element: By.xpath: //input[@id='ConsignmentID']
652454 [main] INFO utilities.listener.WebEventListener  - Before Finding element: By.xpath: //input[@id='ConsignmentID']
2021-03-19/13:35:22.249  INFO: listener.WebEventListener - Before Finding element: By.xpath: //input[@id='ConsignmentID']
652720 [main] INFO utilities.listener.WebEventListener  - Before Finding element: By.xpath: //input[@id='ConsignmentID']
652720 [main] INFO utilities.listener.WebEventListener  - Before Finding element: By.xpath: //input[@id='ConsignmentID']
2021-03-19/13:35:22.522  INFO: listener.WebEventListener - Before Finding element: By.xpath: //input[@id='ConsignmentID']
652993 [main] INFO utilities.listener.WebEventListener  - Before Finding element: By.xpath: //input[@id='ConsignmentID']
652993 [main] INFO utilities.listener.WebEventListener  - Before Finding element: By.xpath: //input[@id='ConsignmentID']
2021-03-19/13:35:22.796  INFO: listener.WebEventListener - Before Finding element: By.xpath: //input[@id='ConsignmentID']
653267 [main] INFO utilities.listener.WebEventListener  - Before Finding element: By.xpath: //input[@id='ConsignmentID']
653267 [main] INFO utilities.listener.WebEventListener  - Before Finding element: By.xpath: //input[@id='ConsignmentID']
2021-03-19/13:35:23.063  INFO: listener.WebEventListener - Before Finding element: By.xpath: //input[@id='ConsignmentID']
653534 [main] INFO utilities.listener.WebEventListener  - Before Finding element: By.xpath: //input[@id='ConsignmentID']
653534 [main] INFO utilities.listener.WebEventListener  - Before Finding element: By.xpath: //input[@id='ConsignmentID']
2021-03-19/13:35:23.331  INFO: listener.WebEventListener - Before Finding element: By.xpath: //input[@id='ConsignmentID']
653802 [main] INFO utilities.listener.WebEventListener  - Before Finding element: By.xpath: //input[@id='ConsignmentID']
653802 [main] INFO utilities.listener.WebEventListener  - Before Finding element: By.xpath: //input[@id='ConsignmentID']
2021-03-19/13:35:23.600  INFO: listener.WebEventListener - Before Finding element: By.xpath: //input[@id='ConsignmentID']
654071 [main] INFO utilities.listener.WebEventListener  - Before Finding element: By.xpath: //input[@id='ConsignmentID']
654071 [main] INFO utilities.listener.WebEventListener  - Before Finding element: By.xpath: //input[@id='ConsignmentID']
2021-03-19/13:35:23.870  INFO: listener.WebEventListener - Before Finding element: By.xpath: //input[@id='ConsignmentID']
654341 [main] INFO utilities.listener.WebEventListener  - Before Finding element: By.xpath: //input[@id='ConsignmentID']
654341 [main] INFO utilities.listener.WebEventListener  - Before Finding element: By.xpath: //input[@id='ConsignmentID']
2021-03-19/13:35:24.142  INFO: listener.WebEventListener - Before Finding element: By.xpath: //input[@id='ConsignmentID']
654613 [main] INFO utilities.listener.WebEventListener  - Before Finding element: By.xpath: //input[@id='ConsignmentID']
654613 [main] INFO utilities.listener.WebEventListener  - Before Finding element: By.xpath: //input[@id='ConsignmentID']
2021-03-19/13:35:24.410  INFO: listener.WebEventListener - Before Finding element: By.xpath: //input[@id='ConsignmentID']
654881 [main] INFO utilities.listener.WebEventListener  - Before Finding element: By.xpath: //input[@id='ConsignmentID']
654881 [main] INFO utilities.listener.WebEventListener  - Before Finding element: By.xpath: //input[@id='ConsignmentID']
2021-03-19/13:35:24.676  INFO: listener.WebEventListener - Before Finding element: By.xpath: //input[@id='ConsignmentID']
655147 [main] INFO utilities.listener.WebEventListener  - Before Finding element: By.xpath: //input[@id='ConsignmentID']
655147 [main] INFO utilities.listener.WebEventListener  - Before Finding element: By.xpath: //input[@id='ConsignmentID']
2021-03-19/13:35:24.944  INFO: listener.WebEventListener - Before Finding element: By.xpath: //input[@id='ConsignmentID']
655415 [main] INFO utilities.listener.WebEventListener  - Before Finding element: By.xpath: //input[@id='ConsignmentID']
655415 [main] INFO utilities.listener.WebEventListener  - Before Finding element: By.xpath: //input[@id='ConsignmentID']
2021-03-19/13:35:25.211  INFO: listener.WebEventListener - Before Finding element: By.xpath: //input[@id='ConsignmentID']
655682 [main] INFO utilities.listener.WebEventListener  - Before Finding element: By.xpath: //input[@id='ConsignmentID']
655682 [main] INFO utilities.listener.WebEventListener  - Before Finding element: By.xpath: //input[@id='ConsignmentID']
2021-03-19/13:35:25.477  INFO: listener.WebEventListener - Before Finding element: By.xpath: //input[@id='ConsignmentID']
655948 [main] INFO utilities.listener.WebEventListener  - Before Finding element: By.xpath: //input[@id='ConsignmentID']
655948 [main] INFO utilities.listener.WebEventListener  - Before Finding element: By.xpath: //input[@id='ConsignmentID']
2021-03-19/13:35:25.744  INFO: listener.WebEventListener - Before Finding element: By.xpath: //input[@id='ConsignmentID']
656215 [main] INFO utilities.listener.WebEventListener  - Before Finding element: By.xpath: //input[@id='ConsignmentID']
656215 [main] INFO utilities.listener.WebEventListener  - Before Finding element: By.xpath: //input[@id='ConsignmentID']
2021-03-19/13:35:26.010  INFO: listener.WebEventListener - Before Finding element: By.xpath: //input[@id='ConsignmentID']
656481 [main] INFO utilities.listener.WebEventListener  - Before Finding element: By.xpath: //input[@id='ConsignmentID']
656481 [main] INFO utilities.listener.WebEventListener  - Before Finding element: By.xpath: //input[@id='ConsignmentID']
2021-03-19/13:35:26.278  INFO: listener.WebEventListener - Before Finding element: By.xpath: //input[@id='ConsignmentID']
656749 [main] INFO utilities.listener.WebEventListener  - Before Finding element: By.xpath: //input[@id='ConsignmentID']
656749 [main] INFO utilities.listener.WebEventListener  - Before Finding element: By.xpath: //input[@id='ConsignmentID']
2021-03-19/13:35:26.543  INFO: listener.WebEventListener - Before Finding element: By.xpath: //input[@id='ConsignmentID']
657014 [main] INFO utilities.listener.WebEventListener  - Before Finding element: By.xpath: //input[@id='ConsignmentID']
657014 [main] INFO utilities.listener.WebEventListener  - Before Finding element: By.xpath: //input[@id='ConsignmentID']
2021-03-19/13:35:26.810  INFO: listener.WebEventListener - Before Finding element: By.xpath: //input[@id='ConsignmentID']
657281 [main] INFO utilities.listener.WebEventListener  - Before Finding element: By.xpath: //input[@id='ConsignmentID']
657281 [main] INFO utilities.listener.WebEventListener  - Before Finding element: By.xpath: //input[@id='ConsignmentID']
2021-03-19/13:35:27.079  INFO: listener.WebEventListener - Before Finding element: By.xpath: //input[@id='ConsignmentID']
657550 [main] INFO utilities.listener.WebEventListener  - Before Finding element: By.xpath: //input[@id='ConsignmentID']
657550 [main] INFO utilities.listener.WebEventListener  - Before Finding element: By.xpath: //input[@id='ConsignmentID']
2021-03-19/13:35:27.351  INFO: listener.WebEventListener - Before Finding element: By.xpath: //input[@id='ConsignmentID']
657822 [main] INFO utilities.listener.WebEventListener  - Before Finding element: By.xpath: //input[@id='ConsignmentID']
657822 [main] INFO utilities.listener.WebEventListener  - Before Finding element: By.xpath: //input[@id='ConsignmentID']
2021-03-19/13:35:27.623  INFO: listener.WebEventListener - Before Finding element: By.xpath: //input[@id='ConsignmentID']
658094 [main] INFO utilities.listener.WebEventListener  - Before Finding element: By.xpath: //input[@id='ConsignmentID']
658094 [main] INFO utilities.listener.WebEventListener  - Before Finding element: By.xpath: //input[@id='ConsignmentID']
2021-03-19/13:35:27.894  INFO: listener.WebEventListener - Before Finding element: By.xpath: //input[@id='ConsignmentID']
658365 [main] INFO utilities.listener.WebEventListener  - Before Finding element: By.xpath: //input[@id='ConsignmentID']
658365 [main] INFO utilities.listener.WebEventListener  - Before Finding element: By.xpath: //input[@id='ConsignmentID']
2021-03-19/13:35:28.160  INFO: listener.WebEventListener - Before Finding element: By.xpath: //input[@id='ConsignmentID']
658631 [main] INFO utilities.listener.WebEventListener  - Before Finding element: By.xpath: //input[@id='ConsignmentID']
658631 [main] INFO utilities.listener.WebEventListener  - Before Finding element: By.xpath: //input[@id='ConsignmentID']
2021-03-19/13:35:28.428  INFO: listener.WebEventListener - Before Finding element: By.xpath: //input[@id='ConsignmentID']
658899 [main] INFO utilities.listener.WebEventListener  - Before Finding element: By.xpath: //input[@id='ConsignmentID']
658899 [main] INFO utilities.listener.WebEventListener  - Before Finding element: By.xpath: //input[@id='ConsignmentID']
2021-03-19/13:35:28.695  INFO: listener.WebEventListener - Before Finding element: By.xpath: //input[@id='ConsignmentID']
659166 [main] INFO utilities.listener.WebEventListener  - Before Finding element: By.xpath: //input[@id='ConsignmentID']
659166 [main] INFO utilities.listener.WebEventListener  - Before Finding element: By.xpath: //input[@id='ConsignmentID']
2021-03-19/13:35:28.963  INFO: listener.WebEventListener - Before Finding element: By.xpath: //input[@id='ConsignmentID']
659434 [main] INFO utilities.listener.WebEventListener  - Before Finding element: By.xpath: //input[@id='ConsignmentID']
659434 [main] INFO utilities.listener.WebEventListener  - Before Finding element: By.xpath: //input[@id='ConsignmentID']
2021-03-19/13:35:29.229  INFO: listener.WebEventListener - Before Finding element: By.xpath: //input[@id='ConsignmentID']
659700 [main] INFO utilities.listener.WebEventListener  - Before Finding element: By.xpath: //input[@id='ConsignmentID']
659700 [main] INFO utilities.listener.WebEventListener  - Before Finding element: By.xpath: //input[@id='ConsignmentID']
2021-03-19/13:35:29.496  INFO: listener.WebEventListener - Before Finding element: By.xpath: //input[@id='ConsignmentID']
659967 [main] INFO utilities.listener.WebEventListener  - Before Finding element: By.xpath: //input[@id='ConsignmentID']
659967 [main] INFO utilities.listener.WebEventListener  - Before Finding element: By.xpath: //input[@id='ConsignmentID']
2021-03-19/13:35:29.762  INFO: listener.WebEventListener - Before Finding element: By.xpath: //input[@id='ConsignmentID']
660233 [main] INFO utilities.listener.WebEventListener  - Before Finding element: By.xpath: //input[@id='ConsignmentID']
660233 [main] INFO utilities.listener.WebEventListener  - Before Finding element: By.xpath: //input[@id='ConsignmentID']
2021-03-19/13:35:30.029  INFO: listener.WebEventListener - Before Finding element: By.xpath: //input[@id='ConsignmentID']
660500 [main] INFO utilities.listener.WebEventListener  - Before Finding element: By.xpath: //input[@id='ConsignmentID']
660500 [main] INFO utilities.listener.WebEventListener  - Before Finding element: By.xpath: //input[@id='ConsignmentID']
2021-03-19/13:35:30.297  INFO: listener.WebEventListener - Before Finding element: By.xpath: //input[@id='ConsignmentID']
660768 [main] INFO utilities.listener.WebEventListener  - Before Finding element: By.xpath: //input[@id='ConsignmentID']
660768 [main] INFO utilities.listener.WebEventListener  - Before Finding element: By.xpath: //input[@id='ConsignmentID']
2021-03-19/13:35:30.567  INFO: listener.WebEventListener - Before Finding element: By.xpath: //input[@id='ConsignmentID']
661038 [main] INFO utilities.listener.WebEventListener  - Before Finding element: By.xpath: //input[@id='ConsignmentID']
661038 [main] INFO utilities.listener.WebEventListener  - Before Finding element: By.xpath: //input[@id='ConsignmentID']
2021-03-19/13:35:30.835  INFO: listener.WebEventListener - Before Finding element: By.xpath: //input[@id='ConsignmentID']
661306 [main] INFO utilities.listener.WebEventListener  - Before Finding element: By.xpath: //input[@id='ConsignmentID']
661306 [main] INFO utilities.listener.WebEventListener  - Before Finding element: By.xpath: //input[@id='ConsignmentID']
2021-03-19/13:35:31.104  INFO: listener.WebEventListener - Before Finding element: By.xpath: //input[@id='ConsignmentID']
661575 [main] INFO utilities.listener.WebEventListener  - Before Finding element: By.xpath: //input[@id='ConsignmentID']
661575 [main] INFO utilities.listener.WebEventListener  - Before Finding element: By.xpath: //input[@id='ConsignmentID']
2021-03-19/13:35:31.393  INFO: listener.WebEventListener - Before Finding element: By.xpath: //input[@id='ConsignmentID']
661864 [main] INFO utilities.listener.WebEventListener  - Before Finding element: By.xpath: //input[@id='ConsignmentID']
661864 [main] INFO utilities.listener.WebEventListener  - Before Finding element: By.xpath: //input[@id='ConsignmentID']
2021-03-19/13:35:31.664  INFO: listener.WebEventListener - Before Finding element: By.xpath: //input[@id='ConsignmentID']
662135 [main] INFO utilities.listener.WebEventListener  - Before Finding element: By.xpath: //input[@id='ConsignmentID']
662135 [main] INFO utilities.listener.WebEventListener  - Before Finding element: By.xpath: //input[@id='ConsignmentID']
2021-03-19/13:35:31.932  INFO: listener.WebEventListener - Before Finding element: By.xpath: //input[@id='ConsignmentID']
662403 [main] INFO utilities.listener.WebEventListener  - Before Finding element: By.xpath: //input[@id='ConsignmentID']
662403 [main] INFO utilities.listener.WebEventListener  - Before Finding element: By.xpath: //input[@id='ConsignmentID']
2021-03-19/13:35:32.199  INFO: listener.WebEventListener - Before Finding element: By.xpath: //input[@id='ConsignmentID']
662670 [main] INFO utilities.listener.WebEventListener  - Before Finding element: By.xpath: //input[@id='ConsignmentID']
662670 [main] INFO utilities.listener.WebEventListener  - Before Finding element: By.xpath: //input[@id='ConsignmentID']
2021-03-19/13:35:32.468  INFO: listener.WebEventListener - Before Finding element: By.xpath: //input[@id='ConsignmentID']
662939 [main] INFO utilities.listener.WebEventListener  - Before Finding element: By.xpath: //input[@id='ConsignmentID']
662939 [main] INFO utilities.listener.WebEventListener  - Before Finding element: By.xpath: //input[@id='ConsignmentID']
2021-03-19/13:35:32.822  INFO: listener.WebEventListener - Before Finding element: By.xpath: //input[@id='ConsignmentID']
663293 [main] INFO utilities.listener.WebEventListener  - Before Finding element: By.xpath: //input[@id='ConsignmentID']
663293 [main] INFO utilities.listener.WebEventListener  - Before Finding element: By.xpath: //input[@id='ConsignmentID']
2021-03-19/13:35:33.093  INFO: listener.WebEventListener - Before Finding element: By.xpath: //input[@id='ConsignmentID']
663564 [main] INFO utilities.listener.WebEventListener  - Before Finding element: By.xpath: //input[@id='ConsignmentID']
663564 [main] INFO utilities.listener.WebEventListener  - Before Finding element: By.xpath: //input[@id='ConsignmentID']
2021-03-19/13:35:33.376  INFO: listener.WebEventListener - Before Finding element: By.xpath: //input[@id='ConsignmentID']
663847 [main] INFO utilities.listener.WebEventListener  - Before Finding element: By.xpath: //input[@id='ConsignmentID']
663847 [main] INFO utilities.listener.WebEventListener  - Before Finding element: By.xpath: //input[@id='ConsignmentID']
I am in onTestFailure method consignmentInboundEmailAndSave failed
]]></system-out>
  </testcase>
  <testcase name="consignmentInboundSave" classname="pages.TestPageConsignmentInbound" time="120.617">
    <failure message="Expected condition failed: waiting for visibility of Proxy element for: AjaxElementLocator &apos;By.xpath: //input[@id=&apos;ConsignmentID&apos;]&apos; (tried for 60 second(s) with 500 milliseconds interval)" type="org.openqa.selenium.TimeoutException"><![CDATA[org.openqa.selenium.TimeoutException: Expected condition failed: waiting for visibility of Proxy element for: AjaxElementLocator 'By.xpath: //input[@id='ConsignmentID']' (tried for 60 second(s) with 500 milliseconds interval)
	at pages.TestPageConsignmentInbound.consignmentInboundSave(TestPageConsignmentInbound.java:232)
Caused by: org.openqa.selenium.NoSuchElementException: Timed out after 60 seconds. Unable to locate the element
	at pages.TestPageConsignmentInbound.consignmentInboundSave(TestPageConsignmentInbound.java:232)
Caused by: org.openqa.selenium.NoSuchElementException: 
no such element: Unable to locate element: {"method":"xpath","selector":"//input[@id='ConsignmentID']"}
  (Session info: headless chrome=89.0.4389.90)
For documentation on this error, please visit: https://www.seleniumhq.org/exceptions/no_such_element.html
Build info: version: '3.141.59', revision: 'e82be7d358', time: '2018-11-14T08:17:03'
System info: host: 'WJLP-1098', ip: '192.168.65.1', os.name: 'Windows 10', os.arch: 'amd64', os.version: '10.0', java.version: '11.0.7'
Driver info: org.openqa.selenium.chrome.ChromeDriver
Capabilities {acceptInsecureCerts: false, browserName: chrome, browserVersion: 89.0.4389.90, chrome: {chromedriverVersion: 89.0.4389.23 (61b08ee2c5002..., userDataDir: C:\Users\nasreenk\AppData\L...}, goog:chromeOptions: {debuggerAddress: localhost:53878}, javascriptEnabled: true, networkConnectionEnabled: false, pageLoadStrategy: none, platform: WINDOWS, platformName: WINDOWS, proxy: Proxy(), setWindowRect: true, strictFileInteractability: false, timeouts: {implicit: 0, pageLoad: 300000, script: 30000}, unhandledPromptBehavior: dismiss and notify, webauthn:extension:largeBlob: true, webauthn:virtualAuthenticators: true}
Session ID: 2c385f64303c21b7fc3507e4f9935a94
*** Element info: {Using=xpath, value=//input[@id='ConsignmentID']}
	at pages.TestPageConsignmentInbound.consignmentInboundSave(TestPageConsignmentInbound.java:232)
]]></failure>
    <system-out><![CDATA[I am in onTestStart method consignmentInboundSave start
2021-03-19/13:35:34.192  INFO: listener.WebEventListener - Before Finding element: By.xpath: //input[@id='ConsignmentID']
664663 [main] INFO utilities.listener.WebEventListener  - Before Finding element: By.xpath: //input[@id='ConsignmentID']
664663 [main] INFO utilities.listener.WebEventListener  - Before Finding element: By.xpath: //input[@id='ConsignmentID']
2021-03-19/13:35:34.557  INFO: listener.WebEventListener - Before Finding element: By.xpath: //input[@id='ConsignmentID']
665028 [main] INFO utilities.listener.WebEventListener  - Before Finding element: By.xpath: //input[@id='ConsignmentID']
665028 [main] INFO utilities.listener.WebEventListener  - Before Finding element: By.xpath: //input[@id='ConsignmentID']
2021-03-19/13:35:34.891  INFO: listener.WebEventListener - Before Finding element: By.xpath: //input[@id='ConsignmentID']
665362 [main] INFO utilities.listener.WebEventListener  - Before Finding element: By.xpath: //input[@id='ConsignmentID']
665362 [main] INFO utilities.listener.WebEventListener  - Before Finding element: By.xpath: //input[@id='ConsignmentID']
2021-03-19/13:35:35.183  INFO: listener.WebEventListener - Before Finding element: By.xpath: //input[@id='ConsignmentID']
665654 [main] INFO utilities.listener.WebEventListener  - Before Finding element: By.xpath: //input[@id='ConsignmentID']
665654 [main] INFO utilities.listener.WebEventListener  - Before Finding element: By.xpath: //input[@id='ConsignmentID']
2021-03-19/13:35:35.454  INFO: listener.WebEventListener - Before Finding element: By.xpath: //input[@id='ConsignmentID']
665925 [main] INFO utilities.listener.WebEventListener  - Before Finding element: By.xpath: //input[@id='ConsignmentID']
665925 [main] INFO utilities.listener.WebEventListener  - Before Finding element: By.xpath: //input[@id='ConsignmentID']
2021-03-19/13:35:35.727  INFO: listener.WebEventListener - Before Finding element: By.xpath: //input[@id='ConsignmentID']
666198 [main] INFO utilities.listener.WebEventListener  - Before Finding element: By.xpath: //input[@id='ConsignmentID']
666198 [main] INFO utilities.listener.WebEventListener  - Before Finding element: By.xpath: //input[@id='ConsignmentID']
2021-03-19/13:35:36.000  INFO: listener.WebEventListener - Before Finding element: By.xpath: //input[@id='ConsignmentID']
666471 [main] INFO utilities.listener.WebEventListener  - Before Finding element: By.xpath: //input[@id='ConsignmentID']
666471 [main] INFO utilities.listener.WebEventListener  - Before Finding element: By.xpath: //input[@id='ConsignmentID']
2021-03-19/13:35:36.265  INFO: listener.WebEventListener - Before Finding element: By.xpath: //input[@id='ConsignmentID']
666736 [main] INFO utilities.listener.WebEventListener  - Before Finding element: By.xpath: //input[@id='ConsignmentID']
666736 [main] INFO utilities.listener.WebEventListener  - Before Finding element: By.xpath: //input[@id='ConsignmentID']
2021-03-19/13:35:36.530  INFO: listener.WebEventListener - Before Finding element: By.xpath: //input[@id='ConsignmentID']
667001 [main] INFO utilities.listener.WebEventListener  - Before Finding element: By.xpath: //input[@id='ConsignmentID']
667001 [main] INFO utilities.listener.WebEventListener  - Before Finding element: By.xpath: //input[@id='ConsignmentID']
2021-03-19/13:35:36.797  INFO: listener.WebEventListener - Before Finding element: By.xpath: //input[@id='ConsignmentID']
667268 [main] INFO utilities.listener.WebEventListener  - Before Finding element: By.xpath: //input[@id='ConsignmentID']
667268 [main] INFO utilities.listener.WebEventListener  - Before Finding element: By.xpath: //input[@id='ConsignmentID']
2021-03-19/13:35:37.063  INFO: listener.WebEventListener - Before Finding element: By.xpath: //input[@id='ConsignmentID']
667534 [main] INFO utilities.listener.WebEventListener  - Before Finding element: By.xpath: //input[@id='ConsignmentID']
667534 [main] INFO utilities.listener.WebEventListener  - Before Finding element: By.xpath: //input[@id='ConsignmentID']
2021-03-19/13:35:37.332  INFO: listener.WebEventListener - Before Finding element: By.xpath: //input[@id='ConsignmentID']
667803 [main] INFO utilities.listener.WebEventListener  - Before Finding element: By.xpath: //input[@id='ConsignmentID']
667803 [main] INFO utilities.listener.WebEventListener  - Before Finding element: By.xpath: //input[@id='ConsignmentID']
2021-03-19/13:35:37.600  INFO: listener.WebEventListener - Before Finding element: By.xpath: //input[@id='ConsignmentID']
668071 [main] INFO utilities.listener.WebEventListener  - Before Finding element: By.xpath: //input[@id='ConsignmentID']
668071 [main] INFO utilities.listener.WebEventListener  - Before Finding element: By.xpath: //input[@id='ConsignmentID']
2021-03-19/13:35:37.865  INFO: listener.WebEventListener - Before Finding element: By.xpath: //input[@id='ConsignmentID']
668336 [main] INFO utilities.listener.WebEventListener  - Before Finding element: By.xpath: //input[@id='ConsignmentID']
668336 [main] INFO utilities.listener.WebEventListener  - Before Finding element: By.xpath: //input[@id='ConsignmentID']
2021-03-19/13:35:38.129  INFO: listener.WebEventListener - Before Finding element: By.xpath: //input[@id='ConsignmentID']
668600 [main] INFO utilities.listener.WebEventListener  - Before Finding element: By.xpath: //input[@id='ConsignmentID']
668600 [main] INFO utilities.listener.WebEventListener  - Before Finding element: By.xpath: //input[@id='ConsignmentID']
2021-03-19/13:35:38.394  INFO: listener.WebEventListener - Before Finding element: By.xpath: //input[@id='ConsignmentID']
668865 [main] INFO utilities.listener.WebEventListener  - Before Finding element: By.xpath: //input[@id='ConsignmentID']
668865 [main] INFO utilities.listener.WebEventListener  - Before Finding element: By.xpath: //input[@id='ConsignmentID']
2021-03-19/13:35:38.660  INFO: listener.WebEventListener - Before Finding element: By.xpath: //input[@id='ConsignmentID']
669131 [main] INFO utilities.listener.WebEventListener  - Before Finding element: By.xpath: //input[@id='ConsignmentID']
669131 [main] INFO utilities.listener.WebEventListener  - Before Finding element: By.xpath: //input[@id='ConsignmentID']
2021-03-19/13:35:38.925  INFO: listener.WebEventListener - Before Finding element: By.xpath: //input[@id='ConsignmentID']
669396 [main] INFO utilities.listener.WebEventListener  - Before Finding element: By.xpath: //input[@id='ConsignmentID']
669396 [main] INFO utilities.listener.WebEventListener  - Before Finding element: By.xpath: //input[@id='ConsignmentID']
2021-03-19/13:35:39.192  INFO: listener.WebEventListener - Before Finding element: By.xpath: //input[@id='ConsignmentID']
669663 [main] INFO utilities.listener.WebEventListener  - Before Finding element: By.xpath: //input[@id='ConsignmentID']
669663 [main] INFO utilities.listener.WebEventListener  - Before Finding element: By.xpath: //input[@id='ConsignmentID']
2021-03-19/13:35:39.463  INFO: listener.WebEventListener - Before Finding element: By.xpath: //input[@id='ConsignmentID']
669934 [main] INFO utilities.listener.WebEventListener  - Before Finding element: By.xpath: //input[@id='ConsignmentID']
669934 [main] INFO utilities.listener.WebEventListener  - Before Finding element: By.xpath: //input[@id='ConsignmentID']
2021-03-19/13:35:39.727  INFO: listener.WebEventListener - Before Finding element: By.xpath: //input[@id='ConsignmentID']
670198 [main] INFO utilities.listener.WebEventListener  - Before Finding element: By.xpath: //input[@id='ConsignmentID']
670198 [main] INFO utilities.listener.WebEventListener  - Before Finding element: By.xpath: //input[@id='ConsignmentID']
2021-03-19/13:35:39.992  INFO: listener.WebEventListener - Before Finding element: By.xpath: //input[@id='ConsignmentID']
670463 [main] INFO utilities.listener.WebEventListener  - Before Finding element: By.xpath: //input[@id='ConsignmentID']
670463 [main] INFO utilities.listener.WebEventListener  - Before Finding element: By.xpath: //input[@id='ConsignmentID']
2021-03-19/13:35:40.257  INFO: listener.WebEventListener - Before Finding element: By.xpath: //input[@id='ConsignmentID']
670728 [main] INFO utilities.listener.WebEventListener  - Before Finding element: By.xpath: //input[@id='ConsignmentID']
670728 [main] INFO utilities.listener.WebEventListener  - Before Finding element: By.xpath: //input[@id='ConsignmentID']
2021-03-19/13:35:40.523  INFO: listener.WebEventListener - Before Finding element: By.xpath: //input[@id='ConsignmentID']
670994 [main] INFO utilities.listener.WebEventListener  - Before Finding element: By.xpath: //input[@id='ConsignmentID']
670994 [main] INFO utilities.listener.WebEventListener  - Before Finding element: By.xpath: //input[@id='ConsignmentID']
2021-03-19/13:35:40.789  INFO: listener.WebEventListener - Before Finding element: By.xpath: //input[@id='ConsignmentID']
671260 [main] INFO utilities.listener.WebEventListener  - Before Finding element: By.xpath: //input[@id='ConsignmentID']
671260 [main] INFO utilities.listener.WebEventListener  - Before Finding element: By.xpath: //input[@id='ConsignmentID']
2021-03-19/13:35:41.056  INFO: listener.WebEventListener - Before Finding element: By.xpath: //input[@id='ConsignmentID']
671527 [main] INFO utilities.listener.WebEventListener  - Before Finding element: By.xpath: //input[@id='ConsignmentID']
671527 [main] INFO utilities.listener.WebEventListener  - Before Finding element: By.xpath: //input[@id='ConsignmentID']
2021-03-19/13:35:41.322  INFO: listener.WebEventListener - Before Finding element: By.xpath: //input[@id='ConsignmentID']
671793 [main] INFO utilities.listener.WebEventListener  - Before Finding element: By.xpath: //input[@id='ConsignmentID']
671793 [main] INFO utilities.listener.WebEventListener  - Before Finding element: By.xpath: //input[@id='ConsignmentID']
2021-03-19/13:35:41.592  INFO: listener.WebEventListener - Before Finding element: By.xpath: //input[@id='ConsignmentID']
672063 [main] INFO utilities.listener.WebEventListener  - Before Finding element: By.xpath: //input[@id='ConsignmentID']
672063 [main] INFO utilities.listener.WebEventListener  - Before Finding element: By.xpath: //input[@id='ConsignmentID']
2021-03-19/13:35:41.857  INFO: listener.WebEventListener - Before Finding element: By.xpath: //input[@id='ConsignmentID']
672328 [main] INFO utilities.listener.WebEventListener  - Before Finding element: By.xpath: //input[@id='ConsignmentID']
672328 [main] INFO utilities.listener.WebEventListener  - Before Finding element: By.xpath: //input[@id='ConsignmentID']
2021-03-19/13:35:42.125  INFO: listener.WebEventListener - Before Finding element: By.xpath: //input[@id='ConsignmentID']
672596 [main] INFO utilities.listener.WebEventListener  - Before Finding element: By.xpath: //input[@id='ConsignmentID']
672596 [main] INFO utilities.listener.WebEventListener  - Before Finding element: By.xpath: //input[@id='ConsignmentID']
2021-03-19/13:35:42.392  INFO: listener.WebEventListener - Before Finding element: By.xpath: //input[@id='ConsignmentID']
672863 [main] INFO utilities.listener.WebEventListener  - Before Finding element: By.xpath: //input[@id='ConsignmentID']
672863 [main] INFO utilities.listener.WebEventListener  - Before Finding element: By.xpath: //input[@id='ConsignmentID']
2021-03-19/13:35:42.662  INFO: listener.WebEventListener - Before Finding element: By.xpath: //input[@id='ConsignmentID']
673133 [main] INFO utilities.listener.WebEventListener  - Before Finding element: By.xpath: //input[@id='ConsignmentID']
673133 [main] INFO utilities.listener.WebEventListener  - Before Finding element: By.xpath: //input[@id='ConsignmentID']
2021-03-19/13:35:42.930  INFO: listener.WebEventListener - Before Finding element: By.xpath: //input[@id='ConsignmentID']
673401 [main] INFO utilities.listener.WebEventListener  - Before Finding element: By.xpath: //input[@id='ConsignmentID']
673401 [main] INFO utilities.listener.WebEventListener  - Before Finding element: By.xpath: //input[@id='ConsignmentID']
2021-03-19/13:35:43.194  INFO: listener.WebEventListener - Before Finding element: By.xpath: //input[@id='ConsignmentID']
673665 [main] INFO utilities.listener.WebEventListener  - Before Finding element: By.xpath: //input[@id='ConsignmentID']
673665 [main] INFO utilities.listener.WebEventListener  - Before Finding element: By.xpath: //input[@id='ConsignmentID']
2021-03-19/13:35:43.459  INFO: listener.WebEventListener - Before Finding element: By.xpath: //input[@id='ConsignmentID']
673930 [main] INFO utilities.listener.WebEventListener  - Before Finding element: By.xpath: //input[@id='ConsignmentID']
673930 [main] INFO utilities.listener.WebEventListener  - Before Finding element: By.xpath: //input[@id='ConsignmentID']
2021-03-19/13:35:43.727  INFO: listener.WebEventListener - Before Finding element: By.xpath: //input[@id='ConsignmentID']
674198 [main] INFO utilities.listener.WebEventListener  - Before Finding element: By.xpath: //input[@id='ConsignmentID']
674198 [main] INFO utilities.listener.WebEventListener  - Before Finding element: By.xpath: //input[@id='ConsignmentID']
2021-03-19/13:35:43.997  INFO: listener.WebEventListener - Before Finding element: By.xpath: //input[@id='ConsignmentID']
674468 [main] INFO utilities.listener.WebEventListener  - Before Finding element: By.xpath: //input[@id='ConsignmentID']
674468 [main] INFO utilities.listener.WebEventListener  - Before Finding element: By.xpath: //input[@id='ConsignmentID']
2021-03-19/13:35:44.262  INFO: listener.WebEventListener - Before Finding element: By.xpath: //input[@id='ConsignmentID']
674733 [main] INFO utilities.listener.WebEventListener  - Before Finding element: By.xpath: //input[@id='ConsignmentID']
674733 [main] INFO utilities.listener.WebEventListener  - Before Finding element: By.xpath: //input[@id='ConsignmentID']
2021-03-19/13:35:44.528  INFO: listener.WebEventListener - Before Finding element: By.xpath: //input[@id='ConsignmentID']
674999 [main] INFO utilities.listener.WebEventListener  - Before Finding element: By.xpath: //input[@id='ConsignmentID']
674999 [main] INFO utilities.listener.WebEventListener  - Before Finding element: By.xpath: //input[@id='ConsignmentID']
2021-03-19/13:35:44.792  INFO: listener.WebEventListener - Before Finding element: By.xpath: //input[@id='ConsignmentID']
675263 [main] INFO utilities.listener.WebEventListener  - Before Finding element: By.xpath: //input[@id='ConsignmentID']
675263 [main] INFO utilities.listener.WebEventListener  - Before Finding element: By.xpath: //input[@id='ConsignmentID']
2021-03-19/13:35:45.059  INFO: listener.WebEventListener - Before Finding element: By.xpath: //input[@id='ConsignmentID']
675530 [main] INFO utilities.listener.WebEventListener  - Before Finding element: By.xpath: //input[@id='ConsignmentID']
675530 [main] INFO utilities.listener.WebEventListener  - Before Finding element: By.xpath: //input[@id='ConsignmentID']
2021-03-19/13:35:45.325  INFO: listener.WebEventListener - Before Finding element: By.xpath: //input[@id='ConsignmentID']
675796 [main] INFO utilities.listener.WebEventListener  - Before Finding element: By.xpath: //input[@id='ConsignmentID']
675796 [main] INFO utilities.listener.WebEventListener  - Before Finding element: By.xpath: //input[@id='ConsignmentID']
2021-03-19/13:35:45.593  INFO: listener.WebEventListener - Before Finding element: By.xpath: //input[@id='ConsignmentID']
676064 [main] INFO utilities.listener.WebEventListener  - Before Finding element: By.xpath: //input[@id='ConsignmentID']
676064 [main] INFO utilities.listener.WebEventListener  - Before Finding element: By.xpath: //input[@id='ConsignmentID']
2021-03-19/13:35:45.857  INFO: listener.WebEventListener - Before Finding element: By.xpath: //input[@id='ConsignmentID']
676328 [main] INFO utilities.listener.WebEventListener  - Before Finding element: By.xpath: //input[@id='ConsignmentID']
676328 [main] INFO utilities.listener.WebEventListener  - Before Finding element: By.xpath: //input[@id='ConsignmentID']
2021-03-19/13:35:46.124  INFO: listener.WebEventListener - Before Finding element: By.xpath: //input[@id='ConsignmentID']
676595 [main] INFO utilities.listener.WebEventListener  - Before Finding element: By.xpath: //input[@id='ConsignmentID']
676595 [main] INFO utilities.listener.WebEventListener  - Before Finding element: By.xpath: //input[@id='ConsignmentID']
2021-03-19/13:35:46.390  INFO: listener.WebEventListener - Before Finding element: By.xpath: //input[@id='ConsignmentID']
676861 [main] INFO utilities.listener.WebEventListener  - Before Finding element: By.xpath: //input[@id='ConsignmentID']
676861 [main] INFO utilities.listener.WebEventListener  - Before Finding element: By.xpath: //input[@id='ConsignmentID']
2021-03-19/13:35:46.655  INFO: listener.WebEventListener - Before Finding element: By.xpath: //input[@id='ConsignmentID']
677126 [main] INFO utilities.listener.WebEventListener  - Before Finding element: By.xpath: //input[@id='ConsignmentID']
677126 [main] INFO utilities.listener.WebEventListener  - Before Finding element: By.xpath: //input[@id='ConsignmentID']
2021-03-19/13:35:46.919  INFO: listener.WebEventListener - Before Finding element: By.xpath: //input[@id='ConsignmentID']
677390 [main] INFO utilities.listener.WebEventListener  - Before Finding element: By.xpath: //input[@id='ConsignmentID']
677390 [main] INFO utilities.listener.WebEventListener  - Before Finding element: By.xpath: //input[@id='ConsignmentID']
2021-03-19/13:35:47.219  INFO: listener.WebEventListener - Before Finding element: By.xpath: //input[@id='ConsignmentID']
677690 [main] INFO utilities.listener.WebEventListener  - Before Finding element: By.xpath: //input[@id='ConsignmentID']
677690 [main] INFO utilities.listener.WebEventListener  - Before Finding element: By.xpath: //input[@id='ConsignmentID']
2021-03-19/13:35:47.657  INFO: listener.WebEventListener - Before Finding element: By.xpath: //input[@id='ConsignmentID']
678128 [main] INFO utilities.listener.WebEventListener  - Before Finding element: By.xpath: //input[@id='ConsignmentID']
678128 [main] INFO utilities.listener.WebEventListener  - Before Finding element: By.xpath: //input[@id='ConsignmentID']
2021-03-19/13:35:48.034  INFO: listener.WebEventListener - Before Finding element: By.xpath: //input[@id='ConsignmentID']
678505 [main] INFO utilities.listener.WebEventListener  - Before Finding element: By.xpath: //input[@id='ConsignmentID']
678505 [main] INFO utilities.listener.WebEventListener  - Before Finding element: By.xpath: //input[@id='ConsignmentID']
2021-03-19/13:35:48.301  INFO: listener.WebEventListener - Before Finding element: By.xpath: //input[@id='ConsignmentID']
678772 [main] INFO utilities.listener.WebEventListener  - Before Finding element: By.xpath: //input[@id='ConsignmentID']
678772 [main] INFO utilities.listener.WebEventListener  - Before Finding element: By.xpath: //input[@id='ConsignmentID']
2021-03-19/13:35:48.566  INFO: listener.WebEventListener - Before Finding element: By.xpath: //input[@id='ConsignmentID']
679037 [main] INFO utilities.listener.WebEventListener  - Before Finding element: By.xpath: //input[@id='ConsignmentID']
679037 [main] INFO utilities.listener.WebEventListener  - Before Finding element: By.xpath: //input[@id='ConsignmentID']
2021-03-19/13:35:48.836  INFO: listener.WebEventListener - Before Finding element: By.xpath: //input[@id='ConsignmentID']
679307 [main] INFO utilities.listener.WebEventListener  - Before Finding element: By.xpath: //input[@id='ConsignmentID']
679307 [main] INFO utilities.listener.WebEventListener  - Before Finding element: By.xpath: //input[@id='ConsignmentID']
2021-03-19/13:35:49.101  INFO: listener.WebEventListener - Before Finding element: By.xpath: //input[@id='ConsignmentID']
679572 [main] INFO utilities.listener.WebEventListener  - Before Finding element: By.xpath: //input[@id='ConsignmentID']
679572 [main] INFO utilities.listener.WebEventListener  - Before Finding element: By.xpath: //input[@id='ConsignmentID']
2021-03-19/13:35:49.366  INFO: listener.WebEventListener - Before Finding element: By.xpath: //input[@id='ConsignmentID']
679837 [main] INFO utilities.listener.WebEventListener  - Before Finding element: By.xpath: //input[@id='ConsignmentID']
679837 [main] INFO utilities.listener.WebEventListener  - Before Finding element: By.xpath: //input[@id='ConsignmentID']
2021-03-19/13:35:49.633  INFO: listener.WebEventListener - Before Finding element: By.xpath: //input[@id='ConsignmentID']
680104 [main] INFO utilities.listener.WebEventListener  - Before Finding element: By.xpath: //input[@id='ConsignmentID']
680104 [main] INFO utilities.listener.WebEventListener  - Before Finding element: By.xpath: //input[@id='ConsignmentID']
2021-03-19/13:35:49.899  INFO: listener.WebEventListener - Before Finding element: By.xpath: //input[@id='ConsignmentID']
680370 [main] INFO utilities.listener.WebEventListener  - Before Finding element: By.xpath: //input[@id='ConsignmentID']
680370 [main] INFO utilities.listener.WebEventListener  - Before Finding element: By.xpath: //input[@id='ConsignmentID']
2021-03-19/13:35:50.164  INFO: listener.WebEventListener - Before Finding element: By.xpath: //input[@id='ConsignmentID']
680635 [main] INFO utilities.listener.WebEventListener  - Before Finding element: By.xpath: //input[@id='ConsignmentID']
680635 [main] INFO utilities.listener.WebEventListener  - Before Finding element: By.xpath: //input[@id='ConsignmentID']
2021-03-19/13:35:50.433  INFO: listener.WebEventListener - Before Finding element: By.xpath: //input[@id='ConsignmentID']
680904 [main] INFO utilities.listener.WebEventListener  - Before Finding element: By.xpath: //input[@id='ConsignmentID']
680904 [main] INFO utilities.listener.WebEventListener  - Before Finding element: By.xpath: //input[@id='ConsignmentID']
2021-03-19/13:35:50.699  INFO: listener.WebEventListener - Before Finding element: By.xpath: //input[@id='ConsignmentID']
681170 [main] INFO utilities.listener.WebEventListener  - Before Finding element: By.xpath: //input[@id='ConsignmentID']
681170 [main] INFO utilities.listener.WebEventListener  - Before Finding element: By.xpath: //input[@id='ConsignmentID']
2021-03-19/13:35:50.964  INFO: listener.WebEventListener - Before Finding element: By.xpath: //input[@id='ConsignmentID']
681435 [main] INFO utilities.listener.WebEventListener  - Before Finding element: By.xpath: //input[@id='ConsignmentID']
681435 [main] INFO utilities.listener.WebEventListener  - Before Finding element: By.xpath: //input[@id='ConsignmentID']
2021-03-19/13:35:51.231  INFO: listener.WebEventListener - Before Finding element: By.xpath: //input[@id='ConsignmentID']
681702 [main] INFO utilities.listener.WebEventListener  - Before Finding element: By.xpath: //input[@id='ConsignmentID']
681702 [main] INFO utilities.listener.WebEventListener  - Before Finding element: By.xpath: //input[@id='ConsignmentID']
2021-03-19/13:35:51.498  INFO: listener.WebEventListener - Before Finding element: By.xpath: //input[@id='ConsignmentID']
681969 [main] INFO utilities.listener.WebEventListener  - Before Finding element: By.xpath: //input[@id='ConsignmentID']
681969 [main] INFO utilities.listener.WebEventListener  - Before Finding element: By.xpath: //input[@id='ConsignmentID']
2021-03-19/13:35:51.764  INFO: listener.WebEventListener - Before Finding element: By.xpath: //input[@id='ConsignmentID']
682235 [main] INFO utilities.listener.WebEventListener  - Before Finding element: By.xpath: //input[@id='ConsignmentID']
682235 [main] INFO utilities.listener.WebEventListener  - Before Finding element: By.xpath: //input[@id='ConsignmentID']
2021-03-19/13:35:52.030  INFO: listener.WebEventListener - Before Finding element: By.xpath: //input[@id='ConsignmentID']
682501 [main] INFO utilities.listener.WebEventListener  - Before Finding element: By.xpath: //input[@id='ConsignmentID']
682501 [main] INFO utilities.listener.WebEventListener  - Before Finding element: By.xpath: //input[@id='ConsignmentID']
2021-03-19/13:35:52.296  INFO: listener.WebEventListener - Before Finding element: By.xpath: //input[@id='ConsignmentID']
682767 [main] INFO utilities.listener.WebEventListener  - Before Finding element: By.xpath: //input[@id='ConsignmentID']
682767 [main] INFO utilities.listener.WebEventListener  - Before Finding element: By.xpath: //input[@id='ConsignmentID']
2021-03-19/13:35:52.564  INFO: listener.WebEventListener - Before Finding element: By.xpath: //input[@id='ConsignmentID']
683035 [main] INFO utilities.listener.WebEventListener  - Before Finding element: By.xpath: //input[@id='ConsignmentID']
683035 [main] INFO utilities.listener.WebEventListener  - Before Finding element: By.xpath: //input[@id='ConsignmentID']
2021-03-19/13:35:52.830  INFO: listener.WebEventListener - Before Finding element: By.xpath: //input[@id='ConsignmentID']
683301 [main] INFO utilities.listener.WebEventListener  - Before Finding element: By.xpath: //input[@id='ConsignmentID']
683301 [main] INFO utilities.listener.WebEventListener  - Before Finding element: By.xpath: //input[@id='ConsignmentID']
2021-03-19/13:35:53.099  INFO: listener.WebEventListener - Before Finding element: By.xpath: //input[@id='ConsignmentID']
683570 [main] INFO utilities.listener.WebEventListener  - Before Finding element: By.xpath: //input[@id='ConsignmentID']
683570 [main] INFO utilities.listener.WebEventListener  - Before Finding element: By.xpath: //input[@id='ConsignmentID']
2021-03-19/13:35:53.364  INFO: listener.WebEventListener - Before Finding element: By.xpath: //input[@id='ConsignmentID']
683835 [main] INFO utilities.listener.WebEventListener  - Before Finding element: By.xpath: //input[@id='ConsignmentID']
683835 [main] INFO utilities.listener.WebEventListener  - Before Finding element: By.xpath: //input[@id='ConsignmentID']
2021-03-19/13:35:53.628  INFO: listener.WebEventListener - Before Finding element: By.xpath: //input[@id='ConsignmentID']
684099 [main] INFO utilities.listener.WebEventListener  - Before Finding element: By.xpath: //input[@id='ConsignmentID']
684099 [main] INFO utilities.listener.WebEventListener  - Before Finding element: By.xpath: //input[@id='ConsignmentID']
2021-03-19/13:35:53.892  INFO: listener.WebEventListener - Before Finding element: By.xpath: //input[@id='ConsignmentID']
684363 [main] INFO utilities.listener.WebEventListener  - Before Finding element: By.xpath: //input[@id='ConsignmentID']
684363 [main] INFO utilities.listener.WebEventListener  - Before Finding element: By.xpath: //input[@id='ConsignmentID']
2021-03-19/13:35:54.158  INFO: listener.WebEventListener - Before Finding element: By.xpath: //input[@id='ConsignmentID']
684629 [main] INFO utilities.listener.WebEventListener  - Before Finding element: By.xpath: //input[@id='ConsignmentID']
684629 [main] INFO utilities.listener.WebEventListener  - Before Finding element: By.xpath: //input[@id='ConsignmentID']
2021-03-19/13:35:54.423  INFO: listener.WebEventListener - Before Finding element: By.xpath: //input[@id='ConsignmentID']
684894 [main] INFO utilities.listener.WebEventListener  - Before Finding element: By.xpath: //input[@id='ConsignmentID']
684894 [main] INFO utilities.listener.WebEventListener  - Before Finding element: By.xpath: //input[@id='ConsignmentID']
2021-03-19/13:35:54.688  INFO: listener.WebEventListener - Before Finding element: By.xpath: //input[@id='ConsignmentID']
685159 [main] INFO utilities.listener.WebEventListener  - Before Finding element: By.xpath: //input[@id='ConsignmentID']
685159 [main] INFO utilities.listener.WebEventListener  - Before Finding element: By.xpath: //input[@id='ConsignmentID']
2021-03-19/13:35:54.952  INFO: listener.WebEventListener - Before Finding element: By.xpath: //input[@id='ConsignmentID']
685423 [main] INFO utilities.listener.WebEventListener  - Before Finding element: By.xpath: //input[@id='ConsignmentID']
685423 [main] INFO utilities.listener.WebEventListener  - Before Finding element: By.xpath: //input[@id='ConsignmentID']
2021-03-19/13:35:55.217  INFO: listener.WebEventListener - Before Finding element: By.xpath: //input[@id='ConsignmentID']
685688 [main] INFO utilities.listener.WebEventListener  - Before Finding element: By.xpath: //input[@id='ConsignmentID']
685688 [main] INFO utilities.listener.WebEventListener  - Before Finding element: By.xpath: //input[@id='ConsignmentID']
2021-03-19/13:35:55.482  INFO: listener.WebEventListener - Before Finding element: By.xpath: //input[@id='ConsignmentID']
685953 [main] INFO utilities.listener.WebEventListener  - Before Finding element: By.xpath: //input[@id='ConsignmentID']
685953 [main] INFO utilities.listener.WebEventListener  - Before Finding element: By.xpath: //input[@id='ConsignmentID']
2021-03-19/13:35:55.746  INFO: listener.WebEventListener - Before Finding element: By.xpath: //input[@id='ConsignmentID']
686217 [main] INFO utilities.listener.WebEventListener  - Before Finding element: By.xpath: //input[@id='ConsignmentID']
686217 [main] INFO utilities.listener.WebEventListener  - Before Finding element: By.xpath: //input[@id='ConsignmentID']
2021-03-19/13:35:56.013  INFO: listener.WebEventListener - Before Finding element: By.xpath: //input[@id='ConsignmentID']
686484 [main] INFO utilities.listener.WebEventListener  - Before Finding element: By.xpath: //input[@id='ConsignmentID']
686484 [main] INFO utilities.listener.WebEventListener  - Before Finding element: By.xpath: //input[@id='ConsignmentID']
2021-03-19/13:35:56.281  INFO: listener.WebEventListener - Before Finding element: By.xpath: //input[@id='ConsignmentID']
686752 [main] INFO utilities.listener.WebEventListener  - Before Finding element: By.xpath: //input[@id='ConsignmentID']
686752 [main] INFO utilities.listener.WebEventListener  - Before Finding element: By.xpath: //input[@id='ConsignmentID']
2021-03-19/13:35:56.546  INFO: listener.WebEventListener - Before Finding element: By.xpath: //input[@id='ConsignmentID']
687017 [main] INFO utilities.listener.WebEventListener  - Before Finding element: By.xpath: //input[@id='ConsignmentID']
687017 [main] INFO utilities.listener.WebEventListener  - Before Finding element: By.xpath: //input[@id='ConsignmentID']
2021-03-19/13:35:56.812  INFO: listener.WebEventListener - Before Finding element: By.xpath: //input[@id='ConsignmentID']
687283 [main] INFO utilities.listener.WebEventListener  - Before Finding element: By.xpath: //input[@id='ConsignmentID']
687283 [main] INFO utilities.listener.WebEventListener  - Before Finding element: By.xpath: //input[@id='ConsignmentID']
2021-03-19/13:35:57.092  INFO: listener.WebEventListener - Before Finding element: By.xpath: //input[@id='ConsignmentID']
687563 [main] INFO utilities.listener.WebEventListener  - Before Finding element: By.xpath: //input[@id='ConsignmentID']
687563 [main] INFO utilities.listener.WebEventListener  - Before Finding element: By.xpath: //input[@id='ConsignmentID']
2021-03-19/13:35:57.446  INFO: listener.WebEventListener - Before Finding element: By.xpath: //input[@id='ConsignmentID']
687917 [main] INFO utilities.listener.WebEventListener  - Before Finding element: By.xpath: //input[@id='ConsignmentID']
687917 [main] INFO utilities.listener.WebEventListener  - Before Finding element: By.xpath: //input[@id='ConsignmentID']
2021-03-19/13:35:57.807  INFO: listener.WebEventListener - Before Finding element: By.xpath: //input[@id='ConsignmentID']
688278 [main] INFO utilities.listener.WebEventListener  - Before Finding element: By.xpath: //input[@id='ConsignmentID']
688278 [main] INFO utilities.listener.WebEventListener  - Before Finding element: By.xpath: //input[@id='ConsignmentID']
2021-03-19/13:35:58.075  INFO: listener.WebEventListener - Before Finding element: By.xpath: //input[@id='ConsignmentID']
688546 [main] INFO utilities.listener.WebEventListener  - Before Finding element: By.xpath: //input[@id='ConsignmentID']
688546 [main] INFO utilities.listener.WebEventListener  - Before Finding element: By.xpath: //input[@id='ConsignmentID']
2021-03-19/13:35:58.341  INFO: listener.WebEventListener - Before Finding element: By.xpath: //input[@id='ConsignmentID']
688812 [main] INFO utilities.listener.WebEventListener  - Before Finding element: By.xpath: //input[@id='ConsignmentID']
688812 [main] INFO utilities.listener.WebEventListener  - Before Finding element: By.xpath: //input[@id='ConsignmentID']
2021-03-19/13:35:58.617  INFO: listener.WebEventListener - Before Finding element: By.xpath: //input[@id='ConsignmentID']
689088 [main] INFO utilities.listener.WebEventListener  - Before Finding element: By.xpath: //input[@id='ConsignmentID']
689088 [main] INFO utilities.listener.WebEventListener  - Before Finding element: By.xpath: //input[@id='ConsignmentID']
2021-03-19/13:35:58.886  INFO: listener.WebEventListener - Before Finding element: By.xpath: //input[@id='ConsignmentID']
689357 [main] INFO utilities.listener.WebEventListener  - Before Finding element: By.xpath: //input[@id='ConsignmentID']
689357 [main] INFO utilities.listener.WebEventListener  - Before Finding element: By.xpath: //input[@id='ConsignmentID']
2021-03-19/13:35:59.150  INFO: listener.WebEventListener - Before Finding element: By.xpath: //input[@id='ConsignmentID']
689621 [main] INFO utilities.listener.WebEventListener  - Before Finding element: By.xpath: //input[@id='ConsignmentID']
689621 [main] INFO utilities.listener.WebEventListener  - Before Finding element: By.xpath: //input[@id='ConsignmentID']
2021-03-19/13:35:59.448  INFO: listener.WebEventListener - Before Finding element: By.xpath: //input[@id='ConsignmentID']
689919 [main] INFO utilities.listener.WebEventListener  - Before Finding element: By.xpath: //input[@id='ConsignmentID']
689919 [main] INFO utilities.listener.WebEventListener  - Before Finding element: By.xpath: //input[@id='ConsignmentID']
2021-03-19/13:35:59.713  INFO: listener.WebEventListener - Before Finding element: By.xpath: //input[@id='ConsignmentID']
690184 [main] INFO utilities.listener.WebEventListener  - Before Finding element: By.xpath: //input[@id='ConsignmentID']
690184 [main] INFO utilities.listener.WebEventListener  - Before Finding element: By.xpath: //input[@id='ConsignmentID']
2021-03-19/13:35:59.979  INFO: listener.WebEventListener - Before Finding element: By.xpath: //input[@id='ConsignmentID']
690450 [main] INFO utilities.listener.WebEventListener  - Before Finding element: By.xpath: //input[@id='ConsignmentID']
690450 [main] INFO utilities.listener.WebEventListener  - Before Finding element: By.xpath: //input[@id='ConsignmentID']
2021-03-19/13:36:00.245  INFO: listener.WebEventListener - Before Finding element: By.xpath: //input[@id='ConsignmentID']
690716 [main] INFO utilities.listener.WebEventListener  - Before Finding element: By.xpath: //input[@id='ConsignmentID']
690716 [main] INFO utilities.listener.WebEventListener  - Before Finding element: By.xpath: //input[@id='ConsignmentID']
2021-03-19/13:36:00.510  INFO: listener.WebEventListener - Before Finding element: By.xpath: //input[@id='ConsignmentID']
690981 [main] INFO utilities.listener.WebEventListener  - Before Finding element: By.xpath: //input[@id='ConsignmentID']
690981 [main] INFO utilities.listener.WebEventListener  - Before Finding element: By.xpath: //input[@id='ConsignmentID']
2021-03-19/13:36:00.775  INFO: listener.WebEventListener - Before Finding element: By.xpath: //input[@id='ConsignmentID']
691246 [main] INFO utilities.listener.WebEventListener  - Before Finding element: By.xpath: //input[@id='ConsignmentID']
691246 [main] INFO utilities.listener.WebEventListener  - Before Finding element: By.xpath: //input[@id='ConsignmentID']
2021-03-19/13:36:01.038  INFO: listener.WebEventListener - Before Finding element: By.xpath: //input[@id='ConsignmentID']
691509 [main] INFO utilities.listener.WebEventListener  - Before Finding element: By.xpath: //input[@id='ConsignmentID']
691509 [main] INFO utilities.listener.WebEventListener  - Before Finding element: By.xpath: //input[@id='ConsignmentID']
2021-03-19/13:36:01.304  INFO: listener.WebEventListener - Before Finding element: By.xpath: //input[@id='ConsignmentID']
691775 [main] INFO utilities.listener.WebEventListener  - Before Finding element: By.xpath: //input[@id='ConsignmentID']
691775 [main] INFO utilities.listener.WebEventListener  - Before Finding element: By.xpath: //input[@id='ConsignmentID']
2021-03-19/13:36:01.570  INFO: listener.WebEventListener - Before Finding element: By.xpath: //input[@id='ConsignmentID']
692041 [main] INFO utilities.listener.WebEventListener  - Before Finding element: By.xpath: //input[@id='ConsignmentID']
692041 [main] INFO utilities.listener.WebEventListener  - Before Finding element: By.xpath: //input[@id='ConsignmentID']
2021-03-19/13:36:01.837  INFO: listener.WebEventListener - Before Finding element: By.xpath: //input[@id='ConsignmentID']
692308 [main] INFO utilities.listener.WebEventListener  - Before Finding element: By.xpath: //input[@id='ConsignmentID']
692308 [main] INFO utilities.listener.WebEventListener  - Before Finding element: By.xpath: //input[@id='ConsignmentID']
2021-03-19/13:36:02.101  INFO: listener.WebEventListener - Before Finding element: By.xpath: //input[@id='ConsignmentID']
692572 [main] INFO utilities.listener.WebEventListener  - Before Finding element: By.xpath: //input[@id='ConsignmentID']
692572 [main] INFO utilities.listener.WebEventListener  - Before Finding element: By.xpath: //input[@id='ConsignmentID']
2021-03-19/13:36:02.369  INFO: listener.WebEventListener - Before Finding element: By.xpath: //input[@id='ConsignmentID']
692840 [main] INFO utilities.listener.WebEventListener  - Before Finding element: By.xpath: //input[@id='ConsignmentID']
692840 [main] INFO utilities.listener.WebEventListener  - Before Finding element: By.xpath: //input[@id='ConsignmentID']
2021-03-19/13:36:02.637  INFO: listener.WebEventListener - Before Finding element: By.xpath: //input[@id='ConsignmentID']
693108 [main] INFO utilities.listener.WebEventListener  - Before Finding element: By.xpath: //input[@id='ConsignmentID']
693108 [main] INFO utilities.listener.WebEventListener  - Before Finding element: By.xpath: //input[@id='ConsignmentID']
2021-03-19/13:36:02.903  INFO: listener.WebEventListener - Before Finding element: By.xpath: //input[@id='ConsignmentID']
693374 [main] INFO utilities.listener.WebEventListener  - Before Finding element: By.xpath: //input[@id='ConsignmentID']
693374 [main] INFO utilities.listener.WebEventListener  - Before Finding element: By.xpath: //input[@id='ConsignmentID']
2021-03-19/13:36:03.170  INFO: listener.WebEventListener - Before Finding element: By.xpath: //input[@id='ConsignmentID']
693641 [main] INFO utilities.listener.WebEventListener  - Before Finding element: By.xpath: //input[@id='ConsignmentID']
693641 [main] INFO utilities.listener.WebEventListener  - Before Finding element: By.xpath: //input[@id='ConsignmentID']
2021-03-19/13:36:03.436  INFO: listener.WebEventListener - Before Finding element: By.xpath: //input[@id='ConsignmentID']
693907 [main] INFO utilities.listener.WebEventListener  - Before Finding element: By.xpath: //input[@id='ConsignmentID']
693907 [main] INFO utilities.listener.WebEventListener  - Before Finding element: By.xpath: //input[@id='ConsignmentID']
2021-03-19/13:36:03.703  INFO: listener.WebEventListener - Before Finding element: By.xpath: //input[@id='ConsignmentID']
694174 [main] INFO utilities.listener.WebEventListener  - Before Finding element: By.xpath: //input[@id='ConsignmentID']
694174 [main] INFO utilities.listener.WebEventListener  - Before Finding element: By.xpath: //input[@id='ConsignmentID']
2021-03-19/13:36:03.969  INFO: listener.WebEventListener - Before Finding element: By.xpath: //input[@id='ConsignmentID']
694440 [main] INFO utilities.listener.WebEventListener  - Before Finding element: By.xpath: //input[@id='ConsignmentID']
694440 [main] INFO utilities.listener.WebEventListener  - Before Finding element: By.xpath: //input[@id='ConsignmentID']
2021-03-19/13:36:04.247  INFO: listener.WebEventListener - Before Finding element: By.xpath: //input[@id='ConsignmentID']
694718 [main] INFO utilities.listener.WebEventListener  - Before Finding element: By.xpath: //input[@id='ConsignmentID']
694718 [main] INFO utilities.listener.WebEventListener  - Before Finding element: By.xpath: //input[@id='ConsignmentID']
2021-03-19/13:36:04.514  INFO: listener.WebEventListener - Before Finding element: By.xpath: //input[@id='ConsignmentID']
694985 [main] INFO utilities.listener.WebEventListener  - Before Finding element: By.xpath: //input[@id='ConsignmentID']
694985 [main] INFO utilities.listener.WebEventListener  - Before Finding element: By.xpath: //input[@id='ConsignmentID']
2021-03-19/13:36:04.780  INFO: listener.WebEventListener - Before Finding element: By.xpath: //input[@id='ConsignmentID']
695251 [main] INFO utilities.listener.WebEventListener  - Before Finding element: By.xpath: //input[@id='ConsignmentID']
695251 [main] INFO utilities.listener.WebEventListener  - Before Finding element: By.xpath: //input[@id='ConsignmentID']
2021-03-19/13:36:05.044  INFO: listener.WebEventListener - Before Finding element: By.xpath: //input[@id='ConsignmentID']
695515 [main] INFO utilities.listener.WebEventListener  - Before Finding element: By.xpath: //input[@id='ConsignmentID']
695515 [main] INFO utilities.listener.WebEventListener  - Before Finding element: By.xpath: //input[@id='ConsignmentID']
2021-03-19/13:36:05.308  INFO: listener.WebEventListener - Before Finding element: By.xpath: //input[@id='ConsignmentID']
695779 [main] INFO utilities.listener.WebEventListener  - Before Finding element: By.xpath: //input[@id='ConsignmentID']
695779 [main] INFO utilities.listener.WebEventListener  - Before Finding element: By.xpath: //input[@id='ConsignmentID']
2021-03-19/13:36:05.574  INFO: listener.WebEventListener - Before Finding element: By.xpath: //input[@id='ConsignmentID']
696045 [main] INFO utilities.listener.WebEventListener  - Before Finding element: By.xpath: //input[@id='ConsignmentID']
696045 [main] INFO utilities.listener.WebEventListener  - Before Finding element: By.xpath: //input[@id='ConsignmentID']
2021-03-19/13:36:05.839  INFO: listener.WebEventListener - Before Finding element: By.xpath: //input[@id='ConsignmentID']
696310 [main] INFO utilities.listener.WebEventListener  - Before Finding element: By.xpath: //input[@id='ConsignmentID']
696310 [main] INFO utilities.listener.WebEventListener  - Before Finding element: By.xpath: //input[@id='ConsignmentID']
2021-03-19/13:36:06.103  INFO: listener.WebEventListener - Before Finding element: By.xpath: //input[@id='ConsignmentID']
696574 [main] INFO utilities.listener.WebEventListener  - Before Finding element: By.xpath: //input[@id='ConsignmentID']
696574 [main] INFO utilities.listener.WebEventListener  - Before Finding element: By.xpath: //input[@id='ConsignmentID']
2021-03-19/13:36:06.367  INFO: listener.WebEventListener - Before Finding element: By.xpath: //input[@id='ConsignmentID']
696838 [main] INFO utilities.listener.WebEventListener  - Before Finding element: By.xpath: //input[@id='ConsignmentID']
696838 [main] INFO utilities.listener.WebEventListener  - Before Finding element: By.xpath: //input[@id='ConsignmentID']
2021-03-19/13:36:06.633  INFO: listener.WebEventListener - Before Finding element: By.xpath: //input[@id='ConsignmentID']
697104 [main] INFO utilities.listener.WebEventListener  - Before Finding element: By.xpath: //input[@id='ConsignmentID']
697104 [main] INFO utilities.listener.WebEventListener  - Before Finding element: By.xpath: //input[@id='ConsignmentID']
2021-03-19/13:36:06.897  INFO: listener.WebEventListener - Before Finding element: By.xpath: //input[@id='ConsignmentID']
697368 [main] INFO utilities.listener.WebEventListener  - Before Finding element: By.xpath: //input[@id='ConsignmentID']
697368 [main] INFO utilities.listener.WebEventListener  - Before Finding element: By.xpath: //input[@id='ConsignmentID']
2021-03-19/13:36:07.163  INFO: listener.WebEventListener - Before Finding element: By.xpath: //input[@id='ConsignmentID']
697634 [main] INFO utilities.listener.WebEventListener  - Before Finding element: By.xpath: //input[@id='ConsignmentID']
697634 [main] INFO utilities.listener.WebEventListener  - Before Finding element: By.xpath: //input[@id='ConsignmentID']
2021-03-19/13:36:07.433  INFO: listener.WebEventListener - Before Finding element: By.xpath: //input[@id='ConsignmentID']
697904 [main] INFO utilities.listener.WebEventListener  - Before Finding element: By.xpath: //input[@id='ConsignmentID']
697904 [main] INFO utilities.listener.WebEventListener  - Before Finding element: By.xpath: //input[@id='ConsignmentID']
2021-03-19/13:36:07.701  INFO: listener.WebEventListener - Before Finding element: By.xpath: //input[@id='ConsignmentID']
698172 [main] INFO utilities.listener.WebEventListener  - Before Finding element: By.xpath: //input[@id='ConsignmentID']
698172 [main] INFO utilities.listener.WebEventListener  - Before Finding element: By.xpath: //input[@id='ConsignmentID']
2021-03-19/13:36:07.968  INFO: listener.WebEventListener - Before Finding element: By.xpath: //input[@id='ConsignmentID']
698439 [main] INFO utilities.listener.WebEventListener  - Before Finding element: By.xpath: //input[@id='ConsignmentID']
698439 [main] INFO utilities.listener.WebEventListener  - Before Finding element: By.xpath: //input[@id='ConsignmentID']
2021-03-19/13:36:08.232  INFO: listener.WebEventListener - Before Finding element: By.xpath: //input[@id='ConsignmentID']
698703 [main] INFO utilities.listener.WebEventListener  - Before Finding element: By.xpath: //input[@id='ConsignmentID']
698703 [main] INFO utilities.listener.WebEventListener  - Before Finding element: By.xpath: //input[@id='ConsignmentID']
2021-03-19/13:36:08.497  INFO: listener.WebEventListener - Before Finding element: By.xpath: //input[@id='ConsignmentID']
698968 [main] INFO utilities.listener.WebEventListener  - Before Finding element: By.xpath: //input[@id='ConsignmentID']
698968 [main] INFO utilities.listener.WebEventListener  - Before Finding element: By.xpath: //input[@id='ConsignmentID']
2021-03-19/13:36:08.763  INFO: listener.WebEventListener - Before Finding element: By.xpath: //input[@id='ConsignmentID']
699234 [main] INFO utilities.listener.WebEventListener  - Before Finding element: By.xpath: //input[@id='ConsignmentID']
699234 [main] INFO utilities.listener.WebEventListener  - Before Finding element: By.xpath: //input[@id='ConsignmentID']
2021-03-19/13:36:09.033  INFO: listener.WebEventListener - Before Finding element: By.xpath: //input[@id='ConsignmentID']
699504 [main] INFO utilities.listener.WebEventListener  - Before Finding element: By.xpath: //input[@id='ConsignmentID']
699504 [main] INFO utilities.listener.WebEventListener  - Before Finding element: By.xpath: //input[@id='ConsignmentID']
2021-03-19/13:36:09.298  INFO: listener.WebEventListener - Before Finding element: By.xpath: //input[@id='ConsignmentID']
699769 [main] INFO utilities.listener.WebEventListener  - Before Finding element: By.xpath: //input[@id='ConsignmentID']
699769 [main] INFO utilities.listener.WebEventListener  - Before Finding element: By.xpath: //input[@id='ConsignmentID']
2021-03-19/13:36:09.563  INFO: listener.WebEventListener - Before Finding element: By.xpath: //input[@id='ConsignmentID']
700034 [main] INFO utilities.listener.WebEventListener  - Before Finding element: By.xpath: //input[@id='ConsignmentID']
700034 [main] INFO utilities.listener.WebEventListener  - Before Finding element: By.xpath: //input[@id='ConsignmentID']
2021-03-19/13:36:09.839  INFO: listener.WebEventListener - Before Finding element: By.xpath: //input[@id='ConsignmentID']
700310 [main] INFO utilities.listener.WebEventListener  - Before Finding element: By.xpath: //input[@id='ConsignmentID']
700310 [main] INFO utilities.listener.WebEventListener  - Before Finding element: By.xpath: //input[@id='ConsignmentID']
2021-03-19/13:36:10.104  INFO: listener.WebEventListener - Before Finding element: By.xpath: //input[@id='ConsignmentID']
700575 [main] INFO utilities.listener.WebEventListener  - Before Finding element: By.xpath: //input[@id='ConsignmentID']
700575 [main] INFO utilities.listener.WebEventListener  - Before Finding element: By.xpath: //input[@id='ConsignmentID']
2021-03-19/13:36:10.371  INFO: listener.WebEventListener - Before Finding element: By.xpath: //input[@id='ConsignmentID']
700842 [main] INFO utilities.listener.WebEventListener  - Before Finding element: By.xpath: //input[@id='ConsignmentID']
700842 [main] INFO utilities.listener.WebEventListener  - Before Finding element: By.xpath: //input[@id='ConsignmentID']
2021-03-19/13:36:10.636  INFO: listener.WebEventListener - Before Finding element: By.xpath: //input[@id='ConsignmentID']
701107 [main] INFO utilities.listener.WebEventListener  - Before Finding element: By.xpath: //input[@id='ConsignmentID']
701107 [main] INFO utilities.listener.WebEventListener  - Before Finding element: By.xpath: //input[@id='ConsignmentID']
2021-03-19/13:36:10.903  INFO: listener.WebEventListener - Before Finding element: By.xpath: //input[@id='ConsignmentID']
701374 [main] INFO utilities.listener.WebEventListener  - Before Finding element: By.xpath: //input[@id='ConsignmentID']
701374 [main] INFO utilities.listener.WebEventListener  - Before Finding element: By.xpath: //input[@id='ConsignmentID']
2021-03-19/13:36:11.170  INFO: listener.WebEventListener - Before Finding element: By.xpath: //input[@id='ConsignmentID']
701641 [main] INFO utilities.listener.WebEventListener  - Before Finding element: By.xpath: //input[@id='ConsignmentID']
701641 [main] INFO utilities.listener.WebEventListener  - Before Finding element: By.xpath: //input[@id='ConsignmentID']
2021-03-19/13:36:11.436  INFO: listener.WebEventListener - Before Finding element: By.xpath: //input[@id='ConsignmentID']
701907 [main] INFO utilities.listener.WebEventListener  - Before Finding element: By.xpath: //input[@id='ConsignmentID']
701907 [main] INFO utilities.listener.WebEventListener  - Before Finding element: By.xpath: //input[@id='ConsignmentID']
2021-03-19/13:36:11.702  INFO: listener.WebEventListener - Before Finding element: By.xpath: //input[@id='ConsignmentID']
702173 [main] INFO utilities.listener.WebEventListener  - Before Finding element: By.xpath: //input[@id='ConsignmentID']
702173 [main] INFO utilities.listener.WebEventListener  - Before Finding element: By.xpath: //input[@id='ConsignmentID']
2021-03-19/13:36:11.968  INFO: listener.WebEventListener - Before Finding element: By.xpath: //input[@id='ConsignmentID']
702439 [main] INFO utilities.listener.WebEventListener  - Before Finding element: By.xpath: //input[@id='ConsignmentID']
702439 [main] INFO utilities.listener.WebEventListener  - Before Finding element: By.xpath: //input[@id='ConsignmentID']
2021-03-19/13:36:12.239  INFO: listener.WebEventListener - Before Finding element: By.xpath: //input[@id='ConsignmentID']
702710 [main] INFO utilities.listener.WebEventListener  - Before Finding element: By.xpath: //input[@id='ConsignmentID']
702710 [main] INFO utilities.listener.WebEventListener  - Before Finding element: By.xpath: //input[@id='ConsignmentID']
2021-03-19/13:36:12.508  INFO: listener.WebEventListener - Before Finding element: By.xpath: //input[@id='ConsignmentID']
702979 [main] INFO utilities.listener.WebEventListener  - Before Finding element: By.xpath: //input[@id='ConsignmentID']
702979 [main] INFO utilities.listener.WebEventListener  - Before Finding element: By.xpath: //input[@id='ConsignmentID']
2021-03-19/13:36:12.781  INFO: listener.WebEventListener - Before Finding element: By.xpath: //input[@id='ConsignmentID']
703252 [main] INFO utilities.listener.WebEventListener  - Before Finding element: By.xpath: //input[@id='ConsignmentID']
703252 [main] INFO utilities.listener.WebEventListener  - Before Finding element: By.xpath: //input[@id='ConsignmentID']
2021-03-19/13:36:13.049  INFO: listener.WebEventListener - Before Finding element: By.xpath: //input[@id='ConsignmentID']
703520 [main] INFO utilities.listener.WebEventListener  - Before Finding element: By.xpath: //input[@id='ConsignmentID']
703520 [main] INFO utilities.listener.WebEventListener  - Before Finding element: By.xpath: //input[@id='ConsignmentID']
2021-03-19/13:36:13.313  INFO: listener.WebEventListener - Before Finding element: By.xpath: //input[@id='ConsignmentID']
703784 [main] INFO utilities.listener.WebEventListener  - Before Finding element: By.xpath: //input[@id='ConsignmentID']
703784 [main] INFO utilities.listener.WebEventListener  - Before Finding element: By.xpath: //input[@id='ConsignmentID']
2021-03-19/13:36:13.591  INFO: listener.WebEventListener - Before Finding element: By.xpath: //input[@id='ConsignmentID']
704062 [main] INFO utilities.listener.WebEventListener  - Before Finding element: By.xpath: //input[@id='ConsignmentID']
704062 [main] INFO utilities.listener.WebEventListener  - Before Finding element: By.xpath: //input[@id='ConsignmentID']
2021-03-19/13:36:13.856  INFO: listener.WebEventListener - Before Finding element: By.xpath: //input[@id='ConsignmentID']
704327 [main] INFO utilities.listener.WebEventListener  - Before Finding element: By.xpath: //input[@id='ConsignmentID']
704327 [main] INFO utilities.listener.WebEventListener  - Before Finding element: By.xpath: //input[@id='ConsignmentID']
2021-03-19/13:36:14.120  INFO: listener.WebEventListener - Before Finding element: By.xpath: //input[@id='ConsignmentID']
704591 [main] INFO utilities.listener.WebEventListener  - Before Finding element: By.xpath: //input[@id='ConsignmentID']
704591 [main] INFO utilities.listener.WebEventListener  - Before Finding element: By.xpath: //input[@id='ConsignmentID']
2021-03-19/13:36:14.387  INFO: listener.WebEventListener - Before Finding element: By.xpath: //input[@id='ConsignmentID']
704858 [main] INFO utilities.listener.WebEventListener  - Before Finding element: By.xpath: //input[@id='ConsignmentID']
704858 [main] INFO utilities.listener.WebEventListener  - Before Finding element: By.xpath: //input[@id='ConsignmentID']
2021-03-19/13:36:14.652  INFO: listener.WebEventListener - Before Finding element: By.xpath: //input[@id='ConsignmentID']
705123 [main] INFO utilities.listener.WebEventListener  - Before Finding element: By.xpath: //input[@id='ConsignmentID']
705123 [main] INFO utilities.listener.WebEventListener  - Before Finding element: By.xpath: //input[@id='ConsignmentID']
2021-03-19/13:36:14.918  INFO: listener.WebEventListener - Before Finding element: By.xpath: //input[@id='ConsignmentID']
705389 [main] INFO utilities.listener.WebEventListener  - Before Finding element: By.xpath: //input[@id='ConsignmentID']
705389 [main] INFO utilities.listener.WebEventListener  - Before Finding element: By.xpath: //input[@id='ConsignmentID']
2021-03-19/13:36:15.184  INFO: listener.WebEventListener - Before Finding element: By.xpath: //input[@id='ConsignmentID']
705655 [main] INFO utilities.listener.WebEventListener  - Before Finding element: By.xpath: //input[@id='ConsignmentID']
705655 [main] INFO utilities.listener.WebEventListener  - Before Finding element: By.xpath: //input[@id='ConsignmentID']
2021-03-19/13:36:15.455  INFO: listener.WebEventListener - Before Finding element: By.xpath: //input[@id='ConsignmentID']
705926 [main] INFO utilities.listener.WebEventListener  - Before Finding element: By.xpath: //input[@id='ConsignmentID']
705926 [main] INFO utilities.listener.WebEventListener  - Before Finding element: By.xpath: //input[@id='ConsignmentID']
2021-03-19/13:36:15.721  INFO: listener.WebEventListener - Before Finding element: By.xpath: //input[@id='ConsignmentID']
706192 [main] INFO utilities.listener.WebEventListener  - Before Finding element: By.xpath: //input[@id='ConsignmentID']
706192 [main] INFO utilities.listener.WebEventListener  - Before Finding element: By.xpath: //input[@id='ConsignmentID']
2021-03-19/13:36:15.989  INFO: listener.WebEventListener - Before Finding element: By.xpath: //input[@id='ConsignmentID']
706460 [main] INFO utilities.listener.WebEventListener  - Before Finding element: By.xpath: //input[@id='ConsignmentID']
706460 [main] INFO utilities.listener.WebEventListener  - Before Finding element: By.xpath: //input[@id='ConsignmentID']
2021-03-19/13:36:16.332  INFO: listener.WebEventListener - Before Finding element: By.xpath: //input[@id='ConsignmentID']
706803 [main] INFO utilities.listener.WebEventListener  - Before Finding element: By.xpath: //input[@id='ConsignmentID']
706803 [main] INFO utilities.listener.WebEventListener  - Before Finding element: By.xpath: //input[@id='ConsignmentID']
2021-03-19/13:36:16.600  INFO: listener.WebEventListener - Before Finding element: By.xpath: //input[@id='ConsignmentID']
707071 [main] INFO utilities.listener.WebEventListener  - Before Finding element: By.xpath: //input[@id='ConsignmentID']
707071 [main] INFO utilities.listener.WebEventListener  - Before Finding element: By.xpath: //input[@id='ConsignmentID']
2021-03-19/13:36:16.866  INFO: listener.WebEventListener - Before Finding element: By.xpath: //input[@id='ConsignmentID']
707337 [main] INFO utilities.listener.WebEventListener  - Before Finding element: By.xpath: //input[@id='ConsignmentID']
707337 [main] INFO utilities.listener.WebEventListener  - Before Finding element: By.xpath: //input[@id='ConsignmentID']
2021-03-19/13:36:17.130  INFO: listener.WebEventListener - Before Finding element: By.xpath: //input[@id='ConsignmentID']
707601 [main] INFO utilities.listener.WebEventListener  - Before Finding element: By.xpath: //input[@id='ConsignmentID']
707601 [main] INFO utilities.listener.WebEventListener  - Before Finding element: By.xpath: //input[@id='ConsignmentID']
2021-03-19/13:36:17.403  INFO: listener.WebEventListener - Before Finding element: By.xpath: //input[@id='ConsignmentID']
707874 [main] INFO utilities.listener.WebEventListener  - Before Finding element: By.xpath: //input[@id='ConsignmentID']
707874 [main] INFO utilities.listener.WebEventListener  - Before Finding element: By.xpath: //input[@id='ConsignmentID']
2021-03-19/13:36:17.671  INFO: listener.WebEventListener - Before Finding element: By.xpath: //input[@id='ConsignmentID']
708142 [main] INFO utilities.listener.WebEventListener  - Before Finding element: By.xpath: //input[@id='ConsignmentID']
708142 [main] INFO utilities.listener.WebEventListener  - Before Finding element: By.xpath: //input[@id='ConsignmentID']
2021-03-19/13:36:17.940  INFO: listener.WebEventListener - Before Finding element: By.xpath: //input[@id='ConsignmentID']
708411 [main] INFO utilities.listener.WebEventListener  - Before Finding element: By.xpath: //input[@id='ConsignmentID']
708411 [main] INFO utilities.listener.WebEventListener  - Before Finding element: By.xpath: //input[@id='ConsignmentID']
2021-03-19/13:36:18.206  INFO: listener.WebEventListener - Before Finding element: By.xpath: //input[@id='ConsignmentID']
708677 [main] INFO utilities.listener.WebEventListener  - Before Finding element: By.xpath: //input[@id='ConsignmentID']
708677 [main] INFO utilities.listener.WebEventListener  - Before Finding element: By.xpath: //input[@id='ConsignmentID']
2021-03-19/13:36:18.472  INFO: listener.WebEventListener - Before Finding element: By.xpath: //input[@id='ConsignmentID']
708943 [main] INFO utilities.listener.WebEventListener  - Before Finding element: By.xpath: //input[@id='ConsignmentID']
708943 [main] INFO utilities.listener.WebEventListener  - Before Finding element: By.xpath: //input[@id='ConsignmentID']
2021-03-19/13:36:18.736  INFO: listener.WebEventListener - Before Finding element: By.xpath: //input[@id='ConsignmentID']
709207 [main] INFO utilities.listener.WebEventListener  - Before Finding element: By.xpath: //input[@id='ConsignmentID']
709207 [main] INFO utilities.listener.WebEventListener  - Before Finding element: By.xpath: //input[@id='ConsignmentID']
2021-03-19/13:36:19.002  INFO: listener.WebEventListener - Before Finding element: By.xpath: //input[@id='ConsignmentID']
709473 [main] INFO utilities.listener.WebEventListener  - Before Finding element: By.xpath: //input[@id='ConsignmentID']
709473 [main] INFO utilities.listener.WebEventListener  - Before Finding element: By.xpath: //input[@id='ConsignmentID']
2021-03-19/13:36:19.268  INFO: listener.WebEventListener - Before Finding element: By.xpath: //input[@id='ConsignmentID']
709739 [main] INFO utilities.listener.WebEventListener  - Before Finding element: By.xpath: //input[@id='ConsignmentID']
709739 [main] INFO utilities.listener.WebEventListener  - Before Finding element: By.xpath: //input[@id='ConsignmentID']
2021-03-19/13:36:19.532  INFO: listener.WebEventListener - Before Finding element: By.xpath: //input[@id='ConsignmentID']
710003 [main] INFO utilities.listener.WebEventListener  - Before Finding element: By.xpath: //input[@id='ConsignmentID']
710003 [main] INFO utilities.listener.WebEventListener  - Before Finding element: By.xpath: //input[@id='ConsignmentID']
2021-03-19/13:36:19.799  INFO: listener.WebEventListener - Before Finding element: By.xpath: //input[@id='ConsignmentID']
710270 [main] INFO utilities.listener.WebEventListener  - Before Finding element: By.xpath: //input[@id='ConsignmentID']
710270 [main] INFO utilities.listener.WebEventListener  - Before Finding element: By.xpath: //input[@id='ConsignmentID']
2021-03-19/13:36:20.064  INFO: listener.WebEventListener - Before Finding element: By.xpath: //input[@id='ConsignmentID']
710535 [main] INFO utilities.listener.WebEventListener  - Before Finding element: By.xpath: //input[@id='ConsignmentID']
710535 [main] INFO utilities.listener.WebEventListener  - Before Finding element: By.xpath: //input[@id='ConsignmentID']
2021-03-19/13:36:20.331  INFO: listener.WebEventListener - Before Finding element: By.xpath: //input[@id='ConsignmentID']
710802 [main] INFO utilities.listener.WebEventListener  - Before Finding element: By.xpath: //input[@id='ConsignmentID']
710802 [main] INFO utilities.listener.WebEventListener  - Before Finding element: By.xpath: //input[@id='ConsignmentID']
2021-03-19/13:36:20.599  INFO: listener.WebEventListener - Before Finding element: By.xpath: //input[@id='ConsignmentID']
711070 [main] INFO utilities.listener.WebEventListener  - Before Finding element: By.xpath: //input[@id='ConsignmentID']
711070 [main] INFO utilities.listener.WebEventListener  - Before Finding element: By.xpath: //input[@id='ConsignmentID']
2021-03-19/13:36:20.864  INFO: listener.WebEventListener - Before Finding element: By.xpath: //input[@id='ConsignmentID']
711335 [main] INFO utilities.listener.WebEventListener  - Before Finding element: By.xpath: //input[@id='ConsignmentID']
711335 [main] INFO utilities.listener.WebEventListener  - Before Finding element: By.xpath: //input[@id='ConsignmentID']
2021-03-19/13:36:21.130  INFO: listener.WebEventListener - Before Finding element: By.xpath: //input[@id='ConsignmentID']
711601 [main] INFO utilities.listener.WebEventListener  - Before Finding element: By.xpath: //input[@id='ConsignmentID']
711601 [main] INFO utilities.listener.WebEventListener  - Before Finding element: By.xpath: //input[@id='ConsignmentID']
2021-03-19/13:36:21.395  INFO: listener.WebEventListener - Before Finding element: By.xpath: //input[@id='ConsignmentID']
711866 [main] INFO utilities.listener.WebEventListener  - Before Finding element: By.xpath: //input[@id='ConsignmentID']
711866 [main] INFO utilities.listener.WebEventListener  - Before Finding element: By.xpath: //input[@id='ConsignmentID']
2021-03-19/13:36:21.659  INFO: listener.WebEventListener - Before Finding element: By.xpath: //input[@id='ConsignmentID']
712130 [main] INFO utilities.listener.WebEventListener  - Before Finding element: By.xpath: //input[@id='ConsignmentID']
712130 [main] INFO utilities.listener.WebEventListener  - Before Finding element: By.xpath: //input[@id='ConsignmentID']
2021-03-19/13:36:21.925  INFO: listener.WebEventListener - Before Finding element: By.xpath: //input[@id='ConsignmentID']
712396 [main] INFO utilities.listener.WebEventListener  - Before Finding element: By.xpath: //input[@id='ConsignmentID']
712396 [main] INFO utilities.listener.WebEventListener  - Before Finding element: By.xpath: //input[@id='ConsignmentID']
2021-03-19/13:36:22.194  INFO: listener.WebEventListener - Before Finding element: By.xpath: //input[@id='ConsignmentID']
712665 [main] INFO utilities.listener.WebEventListener  - Before Finding element: By.xpath: //input[@id='ConsignmentID']
712665 [main] INFO utilities.listener.WebEventListener  - Before Finding element: By.xpath: //input[@id='ConsignmentID']
2021-03-19/13:36:22.469  INFO: listener.WebEventListener - Before Finding element: By.xpath: //input[@id='ConsignmentID']
712940 [main] INFO utilities.listener.WebEventListener  - Before Finding element: By.xpath: //input[@id='ConsignmentID']
712940 [main] INFO utilities.listener.WebEventListener  - Before Finding element: By.xpath: //input[@id='ConsignmentID']
2021-03-19/13:36:22.738  INFO: listener.WebEventListener - Before Finding element: By.xpath: //input[@id='ConsignmentID']
713209 [main] INFO utilities.listener.WebEventListener  - Before Finding element: By.xpath: //input[@id='ConsignmentID']
713209 [main] INFO utilities.listener.WebEventListener  - Before Finding element: By.xpath: //input[@id='ConsignmentID']
2021-03-19/13:36:23.006  INFO: listener.WebEventListener - Before Finding element: By.xpath: //input[@id='ConsignmentID']
713477 [main] INFO utilities.listener.WebEventListener  - Before Finding element: By.xpath: //input[@id='ConsignmentID']
713477 [main] INFO utilities.listener.WebEventListener  - Before Finding element: By.xpath: //input[@id='ConsignmentID']
2021-03-19/13:36:23.271  INFO: listener.WebEventListener - Before Finding element: By.xpath: //input[@id='ConsignmentID']
713742 [main] INFO utilities.listener.WebEventListener  - Before Finding element: By.xpath: //input[@id='ConsignmentID']
713742 [main] INFO utilities.listener.WebEventListener  - Before Finding element: By.xpath: //input[@id='ConsignmentID']
2021-03-19/13:36:23.535  INFO: listener.WebEventListener - Before Finding element: By.xpath: //input[@id='ConsignmentID']
714006 [main] INFO utilities.listener.WebEventListener  - Before Finding element: By.xpath: //input[@id='ConsignmentID']
714006 [main] INFO utilities.listener.WebEventListener  - Before Finding element: By.xpath: //input[@id='ConsignmentID']
2021-03-19/13:36:23.802  INFO: listener.WebEventListener - Before Finding element: By.xpath: //input[@id='ConsignmentID']
714273 [main] INFO utilities.listener.WebEventListener  - Before Finding element: By.xpath: //input[@id='ConsignmentID']
714273 [main] INFO utilities.listener.WebEventListener  - Before Finding element: By.xpath: //input[@id='ConsignmentID']
2021-03-19/13:36:24.069  INFO: listener.WebEventListener - Before Finding element: By.xpath: //input[@id='ConsignmentID']
714540 [main] INFO utilities.listener.WebEventListener  - Before Finding element: By.xpath: //input[@id='ConsignmentID']
714540 [main] INFO utilities.listener.WebEventListener  - Before Finding element: By.xpath: //input[@id='ConsignmentID']
2021-03-19/13:36:24.334  INFO: listener.WebEventListener - Before Finding element: By.xpath: //input[@id='ConsignmentID']
714805 [main] INFO utilities.listener.WebEventListener  - Before Finding element: By.xpath: //input[@id='ConsignmentID']
714805 [main] INFO utilities.listener.WebEventListener  - Before Finding element: By.xpath: //input[@id='ConsignmentID']
2021-03-19/13:36:24.603  INFO: listener.WebEventListener - Before Finding element: By.xpath: //input[@id='ConsignmentID']
715074 [main] INFO utilities.listener.WebEventListener  - Before Finding element: By.xpath: //input[@id='ConsignmentID']
715074 [main] INFO utilities.listener.WebEventListener  - Before Finding element: By.xpath: //input[@id='ConsignmentID']
2021-03-19/13:36:24.868  INFO: listener.WebEventListener - Before Finding element: By.xpath: //input[@id='ConsignmentID']
715339 [main] INFO utilities.listener.WebEventListener  - Before Finding element: By.xpath: //input[@id='ConsignmentID']
715339 [main] INFO utilities.listener.WebEventListener  - Before Finding element: By.xpath: //input[@id='ConsignmentID']
2021-03-19/13:36:25.137  INFO: listener.WebEventListener - Before Finding element: By.xpath: //input[@id='ConsignmentID']
715608 [main] INFO utilities.listener.WebEventListener  - Before Finding element: By.xpath: //input[@id='ConsignmentID']
715608 [main] INFO utilities.listener.WebEventListener  - Before Finding element: By.xpath: //input[@id='ConsignmentID']
2021-03-19/13:36:25.403  INFO: listener.WebEventListener - Before Finding element: By.xpath: //input[@id='ConsignmentID']
715874 [main] INFO utilities.listener.WebEventListener  - Before Finding element: By.xpath: //input[@id='ConsignmentID']
715874 [main] INFO utilities.listener.WebEventListener  - Before Finding element: By.xpath: //input[@id='ConsignmentID']
2021-03-19/13:36:25.671  INFO: listener.WebEventListener - Before Finding element: By.xpath: //input[@id='ConsignmentID']
716142 [main] INFO utilities.listener.WebEventListener  - Before Finding element: By.xpath: //input[@id='ConsignmentID']
716142 [main] INFO utilities.listener.WebEventListener  - Before Finding element: By.xpath: //input[@id='ConsignmentID']
2021-03-19/13:36:25.938  INFO: listener.WebEventListener - Before Finding element: By.xpath: //input[@id='ConsignmentID']
716409 [main] INFO utilities.listener.WebEventListener  - Before Finding element: By.xpath: //input[@id='ConsignmentID']
716409 [main] INFO utilities.listener.WebEventListener  - Before Finding element: By.xpath: //input[@id='ConsignmentID']
2021-03-19/13:36:26.203  INFO: listener.WebEventListener - Before Finding element: By.xpath: //input[@id='ConsignmentID']
716674 [main] INFO utilities.listener.WebEventListener  - Before Finding element: By.xpath: //input[@id='ConsignmentID']
716674 [main] INFO utilities.listener.WebEventListener  - Before Finding element: By.xpath: //input[@id='ConsignmentID']
2021-03-19/13:36:26.469  INFO: listener.WebEventListener - Before Finding element: By.xpath: //input[@id='ConsignmentID']
716940 [main] INFO utilities.listener.WebEventListener  - Before Finding element: By.xpath: //input[@id='ConsignmentID']
716940 [main] INFO utilities.listener.WebEventListener  - Before Finding element: By.xpath: //input[@id='ConsignmentID']
2021-03-19/13:36:26.735  INFO: listener.WebEventListener - Before Finding element: By.xpath: //input[@id='ConsignmentID']
717206 [main] INFO utilities.listener.WebEventListener  - Before Finding element: By.xpath: //input[@id='ConsignmentID']
717206 [main] INFO utilities.listener.WebEventListener  - Before Finding element: By.xpath: //input[@id='ConsignmentID']
2021-03-19/13:36:27.002  INFO: listener.WebEventListener - Before Finding element: By.xpath: //input[@id='ConsignmentID']
717473 [main] INFO utilities.listener.WebEventListener  - Before Finding element: By.xpath: //input[@id='ConsignmentID']
717473 [main] INFO utilities.listener.WebEventListener  - Before Finding element: By.xpath: //input[@id='ConsignmentID']
2021-03-19/13:36:27.267  INFO: listener.WebEventListener - Before Finding element: By.xpath: //input[@id='ConsignmentID']
717738 [main] INFO utilities.listener.WebEventListener  - Before Finding element: By.xpath: //input[@id='ConsignmentID']
717738 [main] INFO utilities.listener.WebEventListener  - Before Finding element: By.xpath: //input[@id='ConsignmentID']
2021-03-19/13:36:27.533  INFO: listener.WebEventListener - Before Finding element: By.xpath: //input[@id='ConsignmentID']
718004 [main] INFO utilities.listener.WebEventListener  - Before Finding element: By.xpath: //input[@id='ConsignmentID']
718004 [main] INFO utilities.listener.WebEventListener  - Before Finding element: By.xpath: //input[@id='ConsignmentID']
2021-03-19/13:36:27.807  INFO: listener.WebEventListener - Before Finding element: By.xpath: //input[@id='ConsignmentID']
718278 [main] INFO utilities.listener.WebEventListener  - Before Finding element: By.xpath: //input[@id='ConsignmentID']
718278 [main] INFO utilities.listener.WebEventListener  - Before Finding element: By.xpath: //input[@id='ConsignmentID']
2021-03-19/13:36:28.074  INFO: listener.WebEventListener - Before Finding element: By.xpath: //input[@id='ConsignmentID']
718545 [main] INFO utilities.listener.WebEventListener  - Before Finding element: By.xpath: //input[@id='ConsignmentID']
718545 [main] INFO utilities.listener.WebEventListener  - Before Finding element: By.xpath: //input[@id='ConsignmentID']
2021-03-19/13:36:28.339  INFO: listener.WebEventListener - Before Finding element: By.xpath: //input[@id='ConsignmentID']
718810 [main] INFO utilities.listener.WebEventListener  - Before Finding element: By.xpath: //input[@id='ConsignmentID']
718810 [main] INFO utilities.listener.WebEventListener  - Before Finding element: By.xpath: //input[@id='ConsignmentID']
2021-03-19/13:36:28.608  INFO: listener.WebEventListener - Before Finding element: By.xpath: //input[@id='ConsignmentID']
719079 [main] INFO utilities.listener.WebEventListener  - Before Finding element: By.xpath: //input[@id='ConsignmentID']
719079 [main] INFO utilities.listener.WebEventListener  - Before Finding element: By.xpath: //input[@id='ConsignmentID']
2021-03-19/13:36:28.881  INFO: listener.WebEventListener - Before Finding element: By.xpath: //input[@id='ConsignmentID']
719352 [main] INFO utilities.listener.WebEventListener  - Before Finding element: By.xpath: //input[@id='ConsignmentID']
719352 [main] INFO utilities.listener.WebEventListener  - Before Finding element: By.xpath: //input[@id='ConsignmentID']
2021-03-19/13:36:29.146  INFO: listener.WebEventListener - Before Finding element: By.xpath: //input[@id='ConsignmentID']
719617 [main] INFO utilities.listener.WebEventListener  - Before Finding element: By.xpath: //input[@id='ConsignmentID']
719617 [main] INFO utilities.listener.WebEventListener  - Before Finding element: By.xpath: //input[@id='ConsignmentID']
2021-03-19/13:36:29.414  INFO: listener.WebEventListener - Before Finding element: By.xpath: //input[@id='ConsignmentID']
719885 [main] INFO utilities.listener.WebEventListener  - Before Finding element: By.xpath: //input[@id='ConsignmentID']
719885 [main] INFO utilities.listener.WebEventListener  - Before Finding element: By.xpath: //input[@id='ConsignmentID']
2021-03-19/13:36:29.680  INFO: listener.WebEventListener - Before Finding element: By.xpath: //input[@id='ConsignmentID']
720151 [main] INFO utilities.listener.WebEventListener  - Before Finding element: By.xpath: //input[@id='ConsignmentID']
720151 [main] INFO utilities.listener.WebEventListener  - Before Finding element: By.xpath: //input[@id='ConsignmentID']
2021-03-19/13:36:29.943  INFO: listener.WebEventListener - Before Finding element: By.xpath: //input[@id='ConsignmentID']
720414 [main] INFO utilities.listener.WebEventListener  - Before Finding element: By.xpath: //input[@id='ConsignmentID']
720414 [main] INFO utilities.listener.WebEventListener  - Before Finding element: By.xpath: //input[@id='ConsignmentID']
2021-03-19/13:36:30.209  INFO: listener.WebEventListener - Before Finding element: By.xpath: //input[@id='ConsignmentID']
720680 [main] INFO utilities.listener.WebEventListener  - Before Finding element: By.xpath: //input[@id='ConsignmentID']
720680 [main] INFO utilities.listener.WebEventListener  - Before Finding element: By.xpath: //input[@id='ConsignmentID']
2021-03-19/13:36:30.474  INFO: listener.WebEventListener - Before Finding element: By.xpath: //input[@id='ConsignmentID']
720945 [main] INFO utilities.listener.WebEventListener  - Before Finding element: By.xpath: //input[@id='ConsignmentID']
720945 [main] INFO utilities.listener.WebEventListener  - Before Finding element: By.xpath: //input[@id='ConsignmentID']
2021-03-19/13:36:30.740  INFO: listener.WebEventListener - Before Finding element: By.xpath: //input[@id='ConsignmentID']
721211 [main] INFO utilities.listener.WebEventListener  - Before Finding element: By.xpath: //input[@id='ConsignmentID']
721211 [main] INFO utilities.listener.WebEventListener  - Before Finding element: By.xpath: //input[@id='ConsignmentID']
2021-03-19/13:36:31.007  INFO: listener.WebEventListener - Before Finding element: By.xpath: //input[@id='ConsignmentID']
721478 [main] INFO utilities.listener.WebEventListener  - Before Finding element: By.xpath: //input[@id='ConsignmentID']
721478 [main] INFO utilities.listener.WebEventListener  - Before Finding element: By.xpath: //input[@id='ConsignmentID']
2021-03-19/13:36:31.273  INFO: listener.WebEventListener - Before Finding element: By.xpath: //input[@id='ConsignmentID']
721744 [main] INFO utilities.listener.WebEventListener  - Before Finding element: By.xpath: //input[@id='ConsignmentID']
721744 [main] INFO utilities.listener.WebEventListener  - Before Finding element: By.xpath: //input[@id='ConsignmentID']
2021-03-19/13:36:31.539  INFO: listener.WebEventListener - Before Finding element: By.xpath: //input[@id='ConsignmentID']
722010 [main] INFO utilities.listener.WebEventListener  - Before Finding element: By.xpath: //input[@id='ConsignmentID']
722010 [main] INFO utilities.listener.WebEventListener  - Before Finding element: By.xpath: //input[@id='ConsignmentID']
2021-03-19/13:36:31.804  INFO: listener.WebEventListener - Before Finding element: By.xpath: //input[@id='ConsignmentID']
722275 [main] INFO utilities.listener.WebEventListener  - Before Finding element: By.xpath: //input[@id='ConsignmentID']
722275 [main] INFO utilities.listener.WebEventListener  - Before Finding element: By.xpath: //input[@id='ConsignmentID']
2021-03-19/13:36:32.069  INFO: listener.WebEventListener - Before Finding element: By.xpath: //input[@id='ConsignmentID']
722540 [main] INFO utilities.listener.WebEventListener  - Before Finding element: By.xpath: //input[@id='ConsignmentID']
722540 [main] INFO utilities.listener.WebEventListener  - Before Finding element: By.xpath: //input[@id='ConsignmentID']
2021-03-19/13:36:32.332  INFO: listener.WebEventListener - Before Finding element: By.xpath: //input[@id='ConsignmentID']
722803 [main] INFO utilities.listener.WebEventListener  - Before Finding element: By.xpath: //input[@id='ConsignmentID']
722803 [main] INFO utilities.listener.WebEventListener  - Before Finding element: By.xpath: //input[@id='ConsignmentID']
2021-03-19/13:36:32.598  INFO: listener.WebEventListener - Before Finding element: By.xpath: //input[@id='ConsignmentID']
723069 [main] INFO utilities.listener.WebEventListener  - Before Finding element: By.xpath: //input[@id='ConsignmentID']
723069 [main] INFO utilities.listener.WebEventListener  - Before Finding element: By.xpath: //input[@id='ConsignmentID']
2021-03-19/13:36:32.865  INFO: listener.WebEventListener - Before Finding element: By.xpath: //input[@id='ConsignmentID']
723336 [main] INFO utilities.listener.WebEventListener  - Before Finding element: By.xpath: //input[@id='ConsignmentID']
723336 [main] INFO utilities.listener.WebEventListener  - Before Finding element: By.xpath: //input[@id='ConsignmentID']
2021-03-19/13:36:33.131  INFO: listener.WebEventListener - Before Finding element: By.xpath: //input[@id='ConsignmentID']
723602 [main] INFO utilities.listener.WebEventListener  - Before Finding element: By.xpath: //input[@id='ConsignmentID']
723602 [main] INFO utilities.listener.WebEventListener  - Before Finding element: By.xpath: //input[@id='ConsignmentID']
2021-03-19/13:36:33.396  INFO: listener.WebEventListener - Before Finding element: By.xpath: //input[@id='ConsignmentID']
723867 [main] INFO utilities.listener.WebEventListener  - Before Finding element: By.xpath: //input[@id='ConsignmentID']
723867 [main] INFO utilities.listener.WebEventListener  - Before Finding element: By.xpath: //input[@id='ConsignmentID']
2021-03-19/13:36:33.659  INFO: listener.WebEventListener - Before Finding element: By.xpath: //input[@id='ConsignmentID']
724130 [main] INFO utilities.listener.WebEventListener  - Before Finding element: By.xpath: //input[@id='ConsignmentID']
724130 [main] INFO utilities.listener.WebEventListener  - Before Finding element: By.xpath: //input[@id='ConsignmentID']
2021-03-19/13:36:33.924  INFO: listener.WebEventListener - Before Finding element: By.xpath: //input[@id='ConsignmentID']
724395 [main] INFO utilities.listener.WebEventListener  - Before Finding element: By.xpath: //input[@id='ConsignmentID']
724395 [main] INFO utilities.listener.WebEventListener  - Before Finding element: By.xpath: //input[@id='ConsignmentID']
2021-03-19/13:36:34.191  INFO: listener.WebEventListener - Before Finding element: By.xpath: //input[@id='ConsignmentID']
724662 [main] INFO utilities.listener.WebEventListener  - Before Finding element: By.xpath: //input[@id='ConsignmentID']
724662 [main] INFO utilities.listener.WebEventListener  - Before Finding element: By.xpath: //input[@id='ConsignmentID']
2021-03-19/13:36:34.459  INFO: listener.WebEventListener - Before Finding element: By.xpath: //input[@id='ConsignmentID']
724930 [main] INFO utilities.listener.WebEventListener  - Before Finding element: By.xpath: //input[@id='ConsignmentID']
724930 [main] INFO utilities.listener.WebEventListener  - Before Finding element: By.xpath: //input[@id='ConsignmentID']
2021-03-19/13:36:34.726  INFO: listener.WebEventListener - Before Finding element: By.xpath: //input[@id='ConsignmentID']
725197 [main] INFO utilities.listener.WebEventListener  - Before Finding element: By.xpath: //input[@id='ConsignmentID']
725197 [main] INFO utilities.listener.WebEventListener  - Before Finding element: By.xpath: //input[@id='ConsignmentID']
2021-03-19/13:36:34.741  INFO: listener.WebEventListener - Before Finding element: By.xpath: //input[@id='ConsignmentID']
725212 [main] INFO utilities.listener.WebEventListener  - Before Finding element: By.xpath: //input[@id='ConsignmentID']
725212 [main] INFO utilities.listener.WebEventListener  - Before Finding element: By.xpath: //input[@id='ConsignmentID']
2021-03-19/13:36:34.755  INFO: listener.WebEventListener - Before Finding element: By.xpath: //input[@id='ConsignmentID']
725226 [main] INFO utilities.listener.WebEventListener  - Before Finding element: By.xpath: //input[@id='ConsignmentID']
725226 [main] INFO utilities.listener.WebEventListener  - Before Finding element: By.xpath: //input[@id='ConsignmentID']
2021-03-19/13:36:35.020  INFO: listener.WebEventListener - Before Finding element: By.xpath: //input[@id='ConsignmentID']
725491 [main] INFO utilities.listener.WebEventListener  - Before Finding element: By.xpath: //input[@id='ConsignmentID']
725491 [main] INFO utilities.listener.WebEventListener  - Before Finding element: By.xpath: //input[@id='ConsignmentID']
2021-03-19/13:36:35.288  INFO: listener.WebEventListener - Before Finding element: By.xpath: //input[@id='ConsignmentID']
725759 [main] INFO utilities.listener.WebEventListener  - Before Finding element: By.xpath: //input[@id='ConsignmentID']
725759 [main] INFO utilities.listener.WebEventListener  - Before Finding element: By.xpath: //input[@id='ConsignmentID']
2021-03-19/13:36:35.553  INFO: listener.WebEventListener - Before Finding element: By.xpath: //input[@id='ConsignmentID']
726024 [main] INFO utilities.listener.WebEventListener  - Before Finding element: By.xpath: //input[@id='ConsignmentID']
726024 [main] INFO utilities.listener.WebEventListener  - Before Finding element: By.xpath: //input[@id='ConsignmentID']
2021-03-19/13:36:35.819  INFO: listener.WebEventListener - Before Finding element: By.xpath: //input[@id='ConsignmentID']
726290 [main] INFO utilities.listener.WebEventListener  - Before Finding element: By.xpath: //input[@id='ConsignmentID']
726290 [main] INFO utilities.listener.WebEventListener  - Before Finding element: By.xpath: //input[@id='ConsignmentID']
2021-03-19/13:36:36.084  INFO: listener.WebEventListener - Before Finding element: By.xpath: //input[@id='ConsignmentID']
726555 [main] INFO utilities.listener.WebEventListener  - Before Finding element: By.xpath: //input[@id='ConsignmentID']
726555 [main] INFO utilities.listener.WebEventListener  - Before Finding element: By.xpath: //input[@id='ConsignmentID']
2021-03-19/13:36:36.352  INFO: listener.WebEventListener - Before Finding element: By.xpath: //input[@id='ConsignmentID']
726823 [main] INFO utilities.listener.WebEventListener  - Before Finding element: By.xpath: //input[@id='ConsignmentID']
726823 [main] INFO utilities.listener.WebEventListener  - Before Finding element: By.xpath: //input[@id='ConsignmentID']
2021-03-19/13:36:36.617  INFO: listener.WebEventListener - Before Finding element: By.xpath: //input[@id='ConsignmentID']
727088 [main] INFO utilities.listener.WebEventListener  - Before Finding element: By.xpath: //input[@id='ConsignmentID']
727088 [main] INFO utilities.listener.WebEventListener  - Before Finding element: By.xpath: //input[@id='ConsignmentID']
2021-03-19/13:36:36.885  INFO: listener.WebEventListener - Before Finding element: By.xpath: //input[@id='ConsignmentID']
727356 [main] INFO utilities.listener.WebEventListener  - Before Finding element: By.xpath: //input[@id='ConsignmentID']
727356 [main] INFO utilities.listener.WebEventListener  - Before Finding element: By.xpath: //input[@id='ConsignmentID']
2021-03-19/13:36:37.152  INFO: listener.WebEventListener - Before Finding element: By.xpath: //input[@id='ConsignmentID']
727623 [main] INFO utilities.listener.WebEventListener  - Before Finding element: By.xpath: //input[@id='ConsignmentID']
727623 [main] INFO utilities.listener.WebEventListener  - Before Finding element: By.xpath: //input[@id='ConsignmentID']
2021-03-19/13:36:37.419  INFO: listener.WebEventListener - Before Finding element: By.xpath: //input[@id='ConsignmentID']
727890 [main] INFO utilities.listener.WebEventListener  - Before Finding element: By.xpath: //input[@id='ConsignmentID']
727890 [main] INFO utilities.listener.WebEventListener  - Before Finding element: By.xpath: //input[@id='ConsignmentID']
2021-03-19/13:36:37.687  INFO: listener.WebEventListener - Before Finding element: By.xpath: //input[@id='ConsignmentID']
728158 [main] INFO utilities.listener.WebEventListener  - Before Finding element: By.xpath: //input[@id='ConsignmentID']
728158 [main] INFO utilities.listener.WebEventListener  - Before Finding element: By.xpath: //input[@id='ConsignmentID']
2021-03-19/13:36:37.954  INFO: listener.WebEventListener - Before Finding element: By.xpath: //input[@id='ConsignmentID']
728425 [main] INFO utilities.listener.WebEventListener  - Before Finding element: By.xpath: //input[@id='ConsignmentID']
728425 [main] INFO utilities.listener.WebEventListener  - Before Finding element: By.xpath: //input[@id='ConsignmentID']
2021-03-19/13:36:38.222  INFO: listener.WebEventListener - Before Finding element: By.xpath: //input[@id='ConsignmentID']
728693 [main] INFO utilities.listener.WebEventListener  - Before Finding element: By.xpath: //input[@id='ConsignmentID']
728693 [main] INFO utilities.listener.WebEventListener  - Before Finding element: By.xpath: //input[@id='ConsignmentID']
2021-03-19/13:36:38.488  INFO: listener.WebEventListener - Before Finding element: By.xpath: //input[@id='ConsignmentID']
728959 [main] INFO utilities.listener.WebEventListener  - Before Finding element: By.xpath: //input[@id='ConsignmentID']
728959 [main] INFO utilities.listener.WebEventListener  - Before Finding element: By.xpath: //input[@id='ConsignmentID']
2021-03-19/13:36:38.752  INFO: listener.WebEventListener - Before Finding element: By.xpath: //input[@id='ConsignmentID']
729223 [main] INFO utilities.listener.WebEventListener  - Before Finding element: By.xpath: //input[@id='ConsignmentID']
729223 [main] INFO utilities.listener.WebEventListener  - Before Finding element: By.xpath: //input[@id='ConsignmentID']
2021-03-19/13:36:39.017  INFO: listener.WebEventListener - Before Finding element: By.xpath: //input[@id='ConsignmentID']
729488 [main] INFO utilities.listener.WebEventListener  - Before Finding element: By.xpath: //input[@id='ConsignmentID']
729488 [main] INFO utilities.listener.WebEventListener  - Before Finding element: By.xpath: //input[@id='ConsignmentID']
2021-03-19/13:36:39.291  INFO: listener.WebEventListener - Before Finding element: By.xpath: //input[@id='ConsignmentID']
729762 [main] INFO utilities.listener.WebEventListener  - Before Finding element: By.xpath: //input[@id='ConsignmentID']
729762 [main] INFO utilities.listener.WebEventListener  - Before Finding element: By.xpath: //input[@id='ConsignmentID']
2021-03-19/13:36:39.556  INFO: listener.WebEventListener - Before Finding element: By.xpath: //input[@id='ConsignmentID']
730027 [main] INFO utilities.listener.WebEventListener  - Before Finding element: By.xpath: //input[@id='ConsignmentID']
730027 [main] INFO utilities.listener.WebEventListener  - Before Finding element: By.xpath: //input[@id='ConsignmentID']
2021-03-19/13:36:39.822  INFO: listener.WebEventListener - Before Finding element: By.xpath: //input[@id='ConsignmentID']
730293 [main] INFO utilities.listener.WebEventListener  - Before Finding element: By.xpath: //input[@id='ConsignmentID']
730293 [main] INFO utilities.listener.WebEventListener  - Before Finding element: By.xpath: //input[@id='ConsignmentID']
2021-03-19/13:36:40.088  INFO: listener.WebEventListener - Before Finding element: By.xpath: //input[@id='ConsignmentID']
730559 [main] INFO utilities.listener.WebEventListener  - Before Finding element: By.xpath: //input[@id='ConsignmentID']
730559 [main] INFO utilities.listener.WebEventListener  - Before Finding element: By.xpath: //input[@id='ConsignmentID']
2021-03-19/13:36:40.355  INFO: listener.WebEventListener - Before Finding element: By.xpath: //input[@id='ConsignmentID']
730826 [main] INFO utilities.listener.WebEventListener  - Before Finding element: By.xpath: //input[@id='ConsignmentID']
730826 [main] INFO utilities.listener.WebEventListener  - Before Finding element: By.xpath: //input[@id='ConsignmentID']
2021-03-19/13:36:40.622  INFO: listener.WebEventListener - Before Finding element: By.xpath: //input[@id='ConsignmentID']
731093 [main] INFO utilities.listener.WebEventListener  - Before Finding element: By.xpath: //input[@id='ConsignmentID']
731093 [main] INFO utilities.listener.WebEventListener  - Before Finding element: By.xpath: //input[@id='ConsignmentID']
2021-03-19/13:36:40.887  INFO: listener.WebEventListener - Before Finding element: By.xpath: //input[@id='ConsignmentID']
731358 [main] INFO utilities.listener.WebEventListener  - Before Finding element: By.xpath: //input[@id='ConsignmentID']
731358 [main] INFO utilities.listener.WebEventListener  - Before Finding element: By.xpath: //input[@id='ConsignmentID']
2021-03-19/13:36:41.153  INFO: listener.WebEventListener - Before Finding element: By.xpath: //input[@id='ConsignmentID']
731624 [main] INFO utilities.listener.WebEventListener  - Before Finding element: By.xpath: //input[@id='ConsignmentID']
731624 [main] INFO utilities.listener.WebEventListener  - Before Finding element: By.xpath: //input[@id='ConsignmentID']
2021-03-19/13:36:41.418  INFO: listener.WebEventListener - Before Finding element: By.xpath: //input[@id='ConsignmentID']
731889 [main] INFO utilities.listener.WebEventListener  - Before Finding element: By.xpath: //input[@id='ConsignmentID']
731889 [main] INFO utilities.listener.WebEventListener  - Before Finding element: By.xpath: //input[@id='ConsignmentID']
2021-03-19/13:36:41.683  INFO: listener.WebEventListener - Before Finding element: By.xpath: //input[@id='ConsignmentID']
732154 [main] INFO utilities.listener.WebEventListener  - Before Finding element: By.xpath: //input[@id='ConsignmentID']
732154 [main] INFO utilities.listener.WebEventListener  - Before Finding element: By.xpath: //input[@id='ConsignmentID']
2021-03-19/13:36:41.950  INFO: listener.WebEventListener - Before Finding element: By.xpath: //input[@id='ConsignmentID']
732421 [main] INFO utilities.listener.WebEventListener  - Before Finding element: By.xpath: //input[@id='ConsignmentID']
732421 [main] INFO utilities.listener.WebEventListener  - Before Finding element: By.xpath: //input[@id='ConsignmentID']
2021-03-19/13:36:42.218  INFO: listener.WebEventListener - Before Finding element: By.xpath: //input[@id='ConsignmentID']
732689 [main] INFO utilities.listener.WebEventListener  - Before Finding element: By.xpath: //input[@id='ConsignmentID']
732689 [main] INFO utilities.listener.WebEventListener  - Before Finding element: By.xpath: //input[@id='ConsignmentID']
2021-03-19/13:36:42.491  INFO: listener.WebEventListener - Before Finding element: By.xpath: //input[@id='ConsignmentID']
732962 [main] INFO utilities.listener.WebEventListener  - Before Finding element: By.xpath: //input[@id='ConsignmentID']
732962 [main] INFO utilities.listener.WebEventListener  - Before Finding element: By.xpath: //input[@id='ConsignmentID']
2021-03-19/13:36:42.762  INFO: listener.WebEventListener - Before Finding element: By.xpath: //input[@id='ConsignmentID']
733233 [main] INFO utilities.listener.WebEventListener  - Before Finding element: By.xpath: //input[@id='ConsignmentID']
733233 [main] INFO utilities.listener.WebEventListener  - Before Finding element: By.xpath: //input[@id='ConsignmentID']
2021-03-19/13:36:43.030  INFO: listener.WebEventListener - Before Finding element: By.xpath: //input[@id='ConsignmentID']
733501 [main] INFO utilities.listener.WebEventListener  - Before Finding element: By.xpath: //input[@id='ConsignmentID']
733501 [main] INFO utilities.listener.WebEventListener  - Before Finding element: By.xpath: //input[@id='ConsignmentID']
2021-03-19/13:36:43.300  INFO: listener.WebEventListener - Before Finding element: By.xpath: //input[@id='ConsignmentID']
733771 [main] INFO utilities.listener.WebEventListener  - Before Finding element: By.xpath: //input[@id='ConsignmentID']
733771 [main] INFO utilities.listener.WebEventListener  - Before Finding element: By.xpath: //input[@id='ConsignmentID']
2021-03-19/13:36:43.564  INFO: listener.WebEventListener - Before Finding element: By.xpath: //input[@id='ConsignmentID']
734035 [main] INFO utilities.listener.WebEventListener  - Before Finding element: By.xpath: //input[@id='ConsignmentID']
734035 [main] INFO utilities.listener.WebEventListener  - Before Finding element: By.xpath: //input[@id='ConsignmentID']
2021-03-19/13:36:43.832  INFO: listener.WebEventListener - Before Finding element: By.xpath: //input[@id='ConsignmentID']
734303 [main] INFO utilities.listener.WebEventListener  - Before Finding element: By.xpath: //input[@id='ConsignmentID']
734303 [main] INFO utilities.listener.WebEventListener  - Before Finding element: By.xpath: //input[@id='ConsignmentID']
2021-03-19/13:36:44.098  INFO: listener.WebEventListener - Before Finding element: By.xpath: //input[@id='ConsignmentID']
734569 [main] INFO utilities.listener.WebEventListener  - Before Finding element: By.xpath: //input[@id='ConsignmentID']
734569 [main] INFO utilities.listener.WebEventListener  - Before Finding element: By.xpath: //input[@id='ConsignmentID']
2021-03-19/13:36:44.365  INFO: listener.WebEventListener - Before Finding element: By.xpath: //input[@id='ConsignmentID']
734836 [main] INFO utilities.listener.WebEventListener  - Before Finding element: By.xpath: //input[@id='ConsignmentID']
734836 [main] INFO utilities.listener.WebEventListener  - Before Finding element: By.xpath: //input[@id='ConsignmentID']
2021-03-19/13:36:44.632  INFO: listener.WebEventListener - Before Finding element: By.xpath: //input[@id='ConsignmentID']
735103 [main] INFO utilities.listener.WebEventListener  - Before Finding element: By.xpath: //input[@id='ConsignmentID']
735103 [main] INFO utilities.listener.WebEventListener  - Before Finding element: By.xpath: //input[@id='ConsignmentID']
2021-03-19/13:36:44.897  INFO: listener.WebEventListener - Before Finding element: By.xpath: //input[@id='ConsignmentID']
735368 [main] INFO utilities.listener.WebEventListener  - Before Finding element: By.xpath: //input[@id='ConsignmentID']
735368 [main] INFO utilities.listener.WebEventListener  - Before Finding element: By.xpath: //input[@id='ConsignmentID']
2021-03-19/13:36:45.168  INFO: listener.WebEventListener - Before Finding element: By.xpath: //input[@id='ConsignmentID']
735639 [main] INFO utilities.listener.WebEventListener  - Before Finding element: By.xpath: //input[@id='ConsignmentID']
735639 [main] INFO utilities.listener.WebEventListener  - Before Finding element: By.xpath: //input[@id='ConsignmentID']
2021-03-19/13:36:45.442  INFO: listener.WebEventListener - Before Finding element: By.xpath: //input[@id='ConsignmentID']
735913 [main] INFO utilities.listener.WebEventListener  - Before Finding element: By.xpath: //input[@id='ConsignmentID']
735913 [main] INFO utilities.listener.WebEventListener  - Before Finding element: By.xpath: //input[@id='ConsignmentID']
2021-03-19/13:36:45.710  INFO: listener.WebEventListener - Before Finding element: By.xpath: //input[@id='ConsignmentID']
736181 [main] INFO utilities.listener.WebEventListener  - Before Finding element: By.xpath: //input[@id='ConsignmentID']
736181 [main] INFO utilities.listener.WebEventListener  - Before Finding element: By.xpath: //input[@id='ConsignmentID']
2021-03-19/13:36:45.981  INFO: listener.WebEventListener - Before Finding element: By.xpath: //input[@id='ConsignmentID']
736452 [main] INFO utilities.listener.WebEventListener  - Before Finding element: By.xpath: //input[@id='ConsignmentID']
736452 [main] INFO utilities.listener.WebEventListener  - Before Finding element: By.xpath: //input[@id='ConsignmentID']
2021-03-19/13:36:46.253  INFO: listener.WebEventListener - Before Finding element: By.xpath: //input[@id='ConsignmentID']
736724 [main] INFO utilities.listener.WebEventListener  - Before Finding element: By.xpath: //input[@id='ConsignmentID']
736724 [main] INFO utilities.listener.WebEventListener  - Before Finding element: By.xpath: //input[@id='ConsignmentID']
2021-03-19/13:36:46.526  INFO: listener.WebEventListener - Before Finding element: By.xpath: //input[@id='ConsignmentID']
736997 [main] INFO utilities.listener.WebEventListener  - Before Finding element: By.xpath: //input[@id='ConsignmentID']
736997 [main] INFO utilities.listener.WebEventListener  - Before Finding element: By.xpath: //input[@id='ConsignmentID']
2021-03-19/13:36:46.792  INFO: listener.WebEventListener - Before Finding element: By.xpath: //input[@id='ConsignmentID']
737263 [main] INFO utilities.listener.WebEventListener  - Before Finding element: By.xpath: //input[@id='ConsignmentID']
737263 [main] INFO utilities.listener.WebEventListener  - Before Finding element: By.xpath: //input[@id='ConsignmentID']
2021-03-19/13:36:47.059  INFO: listener.WebEventListener - Before Finding element: By.xpath: //input[@id='ConsignmentID']
737530 [main] INFO utilities.listener.WebEventListener  - Before Finding element: By.xpath: //input[@id='ConsignmentID']
737530 [main] INFO utilities.listener.WebEventListener  - Before Finding element: By.xpath: //input[@id='ConsignmentID']
2021-03-19/13:36:47.325  INFO: listener.WebEventListener - Before Finding element: By.xpath: //input[@id='ConsignmentID']
737796 [main] INFO utilities.listener.WebEventListener  - Before Finding element: By.xpath: //input[@id='ConsignmentID']
737796 [main] INFO utilities.listener.WebEventListener  - Before Finding element: By.xpath: //input[@id='ConsignmentID']
2021-03-19/13:36:47.603  INFO: listener.WebEventListener - Before Finding element: By.xpath: //input[@id='ConsignmentID']
738074 [main] INFO utilities.listener.WebEventListener  - Before Finding element: By.xpath: //input[@id='ConsignmentID']
738074 [main] INFO utilities.listener.WebEventListener  - Before Finding element: By.xpath: //input[@id='ConsignmentID']
2021-03-19/13:36:47.872  INFO: listener.WebEventListener - Before Finding element: By.xpath: //input[@id='ConsignmentID']
738343 [main] INFO utilities.listener.WebEventListener  - Before Finding element: By.xpath: //input[@id='ConsignmentID']
738343 [main] INFO utilities.listener.WebEventListener  - Before Finding element: By.xpath: //input[@id='ConsignmentID']
2021-03-19/13:36:48.150  INFO: listener.WebEventListener - Before Finding element: By.xpath: //input[@id='ConsignmentID']
738621 [main] INFO utilities.listener.WebEventListener  - Before Finding element: By.xpath: //input[@id='ConsignmentID']
738621 [main] INFO utilities.listener.WebEventListener  - Before Finding element: By.xpath: //input[@id='ConsignmentID']
2021-03-19/13:36:49.238  INFO: listener.WebEventListener - Before Finding element: By.xpath: //input[@id='ConsignmentID']
739709 [main] INFO utilities.listener.WebEventListener  - Before Finding element: By.xpath: //input[@id='ConsignmentID']
739709 [main] INFO utilities.listener.WebEventListener  - Before Finding element: By.xpath: //input[@id='ConsignmentID']
2021-03-19/13:36:49.509  INFO: listener.WebEventListener - Before Finding element: By.xpath: //input[@id='ConsignmentID']
739980 [main] INFO utilities.listener.WebEventListener  - Before Finding element: By.xpath: //input[@id='ConsignmentID']
739980 [main] INFO utilities.listener.WebEventListener  - Before Finding element: By.xpath: //input[@id='ConsignmentID']
2021-03-19/13:36:49.776  INFO: listener.WebEventListener - Before Finding element: By.xpath: //input[@id='ConsignmentID']
740247 [main] INFO utilities.listener.WebEventListener  - Before Finding element: By.xpath: //input[@id='ConsignmentID']
740247 [main] INFO utilities.listener.WebEventListener  - Before Finding element: By.xpath: //input[@id='ConsignmentID']
2021-03-19/13:36:50.045  INFO: listener.WebEventListener - Before Finding element: By.xpath: //input[@id='ConsignmentID']
740516 [main] INFO utilities.listener.WebEventListener  - Before Finding element: By.xpath: //input[@id='ConsignmentID']
740516 [main] INFO utilities.listener.WebEventListener  - Before Finding element: By.xpath: //input[@id='ConsignmentID']
2021-03-19/13:36:50.312  INFO: listener.WebEventListener - Before Finding element: By.xpath: //input[@id='ConsignmentID']
740783 [main] INFO utilities.listener.WebEventListener  - Before Finding element: By.xpath: //input[@id='ConsignmentID']
740783 [main] INFO utilities.listener.WebEventListener  - Before Finding element: By.xpath: //input[@id='ConsignmentID']
2021-03-19/13:36:50.579  INFO: listener.WebEventListener - Before Finding element: By.xpath: //input[@id='ConsignmentID']
741050 [main] INFO utilities.listener.WebEventListener  - Before Finding element: By.xpath: //input[@id='ConsignmentID']
741050 [main] INFO utilities.listener.WebEventListener  - Before Finding element: By.xpath: //input[@id='ConsignmentID']
2021-03-19/13:36:50.845  INFO: listener.WebEventListener - Before Finding element: By.xpath: //input[@id='ConsignmentID']
741316 [main] INFO utilities.listener.WebEventListener  - Before Finding element: By.xpath: //input[@id='ConsignmentID']
741316 [main] INFO utilities.listener.WebEventListener  - Before Finding element: By.xpath: //input[@id='ConsignmentID']
2021-03-19/13:36:51.112  INFO: listener.WebEventListener - Before Finding element: By.xpath: //input[@id='ConsignmentID']
741583 [main] INFO utilities.listener.WebEventListener  - Before Finding element: By.xpath: //input[@id='ConsignmentID']
741583 [main] INFO utilities.listener.WebEventListener  - Before Finding element: By.xpath: //input[@id='ConsignmentID']
2021-03-19/13:36:51.379  INFO: listener.WebEventListener - Before Finding element: By.xpath: //input[@id='ConsignmentID']
741850 [main] INFO utilities.listener.WebEventListener  - Before Finding element: By.xpath: //input[@id='ConsignmentID']
741850 [main] INFO utilities.listener.WebEventListener  - Before Finding element: By.xpath: //input[@id='ConsignmentID']
2021-03-19/13:36:51.649  INFO: listener.WebEventListener - Before Finding element: By.xpath: //input[@id='ConsignmentID']
742120 [main] INFO utilities.listener.WebEventListener  - Before Finding element: By.xpath: //input[@id='ConsignmentID']
742120 [main] INFO utilities.listener.WebEventListener  - Before Finding element: By.xpath: //input[@id='ConsignmentID']
2021-03-19/13:36:51.913  INFO: listener.WebEventListener - Before Finding element: By.xpath: //input[@id='ConsignmentID']
742384 [main] INFO utilities.listener.WebEventListener  - Before Finding element: By.xpath: //input[@id='ConsignmentID']
742384 [main] INFO utilities.listener.WebEventListener  - Before Finding element: By.xpath: //input[@id='ConsignmentID']
2021-03-19/13:36:52.178  INFO: listener.WebEventListener - Before Finding element: By.xpath: //input[@id='ConsignmentID']
742649 [main] INFO utilities.listener.WebEventListener  - Before Finding element: By.xpath: //input[@id='ConsignmentID']
742649 [main] INFO utilities.listener.WebEventListener  - Before Finding element: By.xpath: //input[@id='ConsignmentID']
2021-03-19/13:36:52.446  INFO: listener.WebEventListener - Before Finding element: By.xpath: //input[@id='ConsignmentID']
742917 [main] INFO utilities.listener.WebEventListener  - Before Finding element: By.xpath: //input[@id='ConsignmentID']
742917 [main] INFO utilities.listener.WebEventListener  - Before Finding element: By.xpath: //input[@id='ConsignmentID']
2021-03-19/13:36:52.711  INFO: listener.WebEventListener - Before Finding element: By.xpath: //input[@id='ConsignmentID']
743182 [main] INFO utilities.listener.WebEventListener  - Before Finding element: By.xpath: //input[@id='ConsignmentID']
743182 [main] INFO utilities.listener.WebEventListener  - Before Finding element: By.xpath: //input[@id='ConsignmentID']
2021-03-19/13:36:52.978  INFO: listener.WebEventListener - Before Finding element: By.xpath: //input[@id='ConsignmentID']
743449 [main] INFO utilities.listener.WebEventListener  - Before Finding element: By.xpath: //input[@id='ConsignmentID']
743449 [main] INFO utilities.listener.WebEventListener  - Before Finding element: By.xpath: //input[@id='ConsignmentID']
2021-03-19/13:36:53.244  INFO: listener.WebEventListener - Before Finding element: By.xpath: //input[@id='ConsignmentID']
743715 [main] INFO utilities.listener.WebEventListener  - Before Finding element: By.xpath: //input[@id='ConsignmentID']
743715 [main] INFO utilities.listener.WebEventListener  - Before Finding element: By.xpath: //input[@id='ConsignmentID']
2021-03-19/13:36:53.512  INFO: listener.WebEventListener - Before Finding element: By.xpath: //input[@id='ConsignmentID']
743983 [main] INFO utilities.listener.WebEventListener  - Before Finding element: By.xpath: //input[@id='ConsignmentID']
743983 [main] INFO utilities.listener.WebEventListener  - Before Finding element: By.xpath: //input[@id='ConsignmentID']
2021-03-19/13:36:53.777  INFO: listener.WebEventListener - Before Finding element: By.xpath: //input[@id='ConsignmentID']
744248 [main] INFO utilities.listener.WebEventListener  - Before Finding element: By.xpath: //input[@id='ConsignmentID']
744248 [main] INFO utilities.listener.WebEventListener  - Before Finding element: By.xpath: //input[@id='ConsignmentID']
2021-03-19/13:36:54.045  INFO: listener.WebEventListener - Before Finding element: By.xpath: //input[@id='ConsignmentID']
744516 [main] INFO utilities.listener.WebEventListener  - Before Finding element: By.xpath: //input[@id='ConsignmentID']
744516 [main] INFO utilities.listener.WebEventListener  - Before Finding element: By.xpath: //input[@id='ConsignmentID']
2021-03-19/13:36:54.310  INFO: listener.WebEventListener - Before Finding element: By.xpath: //input[@id='ConsignmentID']
744781 [main] INFO utilities.listener.WebEventListener  - Before Finding element: By.xpath: //input[@id='ConsignmentID']
744781 [main] INFO utilities.listener.WebEventListener  - Before Finding element: By.xpath: //input[@id='ConsignmentID']
2021-03-19/13:36:54.575  INFO: listener.WebEventListener - Before Finding element: By.xpath: //input[@id='ConsignmentID']
745046 [main] INFO utilities.listener.WebEventListener  - Before Finding element: By.xpath: //input[@id='ConsignmentID']
745046 [main] INFO utilities.listener.WebEventListener  - Before Finding element: By.xpath: //input[@id='ConsignmentID']
2021-03-19/13:36:54.839  INFO: listener.WebEventListener - Before Finding element: By.xpath: //input[@id='ConsignmentID']
745310 [main] INFO utilities.listener.WebEventListener  - Before Finding element: By.xpath: //input[@id='ConsignmentID']
745310 [main] INFO utilities.listener.WebEventListener  - Before Finding element: By.xpath: //input[@id='ConsignmentID']
2021-03-19/13:36:55.105  INFO: listener.WebEventListener - Before Finding element: By.xpath: //input[@id='ConsignmentID']
745576 [main] INFO utilities.listener.WebEventListener  - Before Finding element: By.xpath: //input[@id='ConsignmentID']
745576 [main] INFO utilities.listener.WebEventListener  - Before Finding element: By.xpath: //input[@id='ConsignmentID']
2021-03-19/13:36:55.372  INFO: listener.WebEventListener - Before Finding element: By.xpath: //input[@id='ConsignmentID']
745843 [main] INFO utilities.listener.WebEventListener  - Before Finding element: By.xpath: //input[@id='ConsignmentID']
745843 [main] INFO utilities.listener.WebEventListener  - Before Finding element: By.xpath: //input[@id='ConsignmentID']
2021-03-19/13:36:55.640  INFO: listener.WebEventListener - Before Finding element: By.xpath: //input[@id='ConsignmentID']
746111 [main] INFO utilities.listener.WebEventListener  - Before Finding element: By.xpath: //input[@id='ConsignmentID']
746111 [main] INFO utilities.listener.WebEventListener  - Before Finding element: By.xpath: //input[@id='ConsignmentID']
2021-03-19/13:36:55.907  INFO: listener.WebEventListener - Before Finding element: By.xpath: //input[@id='ConsignmentID']
746378 [main] INFO utilities.listener.WebEventListener  - Before Finding element: By.xpath: //input[@id='ConsignmentID']
746378 [main] INFO utilities.listener.WebEventListener  - Before Finding element: By.xpath: //input[@id='ConsignmentID']
2021-03-19/13:36:56.174  INFO: listener.WebEventListener - Before Finding element: By.xpath: //input[@id='ConsignmentID']
746645 [main] INFO utilities.listener.WebEventListener  - Before Finding element: By.xpath: //input[@id='ConsignmentID']
746645 [main] INFO utilities.listener.WebEventListener  - Before Finding element: By.xpath: //input[@id='ConsignmentID']
2021-03-19/13:36:56.442  INFO: listener.WebEventListener - Before Finding element: By.xpath: //input[@id='ConsignmentID']
746913 [main] INFO utilities.listener.WebEventListener  - Before Finding element: By.xpath: //input[@id='ConsignmentID']
746913 [main] INFO utilities.listener.WebEventListener  - Before Finding element: By.xpath: //input[@id='ConsignmentID']
2021-03-19/13:36:56.709  INFO: listener.WebEventListener - Before Finding element: By.xpath: //input[@id='ConsignmentID']
747180 [main] INFO utilities.listener.WebEventListener  - Before Finding element: By.xpath: //input[@id='ConsignmentID']
747180 [main] INFO utilities.listener.WebEventListener  - Before Finding element: By.xpath: //input[@id='ConsignmentID']
2021-03-19/13:36:56.973  INFO: listener.WebEventListener - Before Finding element: By.xpath: //input[@id='ConsignmentID']
747444 [main] INFO utilities.listener.WebEventListener  - Before Finding element: By.xpath: //input[@id='ConsignmentID']
747444 [main] INFO utilities.listener.WebEventListener  - Before Finding element: By.xpath: //input[@id='ConsignmentID']
2021-03-19/13:36:57.240  INFO: listener.WebEventListener - Before Finding element: By.xpath: //input[@id='ConsignmentID']
747711 [main] INFO utilities.listener.WebEventListener  - Before Finding element: By.xpath: //input[@id='ConsignmentID']
747711 [main] INFO utilities.listener.WebEventListener  - Before Finding element: By.xpath: //input[@id='ConsignmentID']
2021-03-19/13:36:57.508  INFO: listener.WebEventListener - Before Finding element: By.xpath: //input[@id='ConsignmentID']
747979 [main] INFO utilities.listener.WebEventListener  - Before Finding element: By.xpath: //input[@id='ConsignmentID']
747979 [main] INFO utilities.listener.WebEventListener  - Before Finding element: By.xpath: //input[@id='ConsignmentID']
2021-03-19/13:36:57.776  INFO: listener.WebEventListener - Before Finding element: By.xpath: //input[@id='ConsignmentID']
748247 [main] INFO utilities.listener.WebEventListener  - Before Finding element: By.xpath: //input[@id='ConsignmentID']
748247 [main] INFO utilities.listener.WebEventListener  - Before Finding element: By.xpath: //input[@id='ConsignmentID']
2021-03-19/13:36:58.043  INFO: listener.WebEventListener - Before Finding element: By.xpath: //input[@id='ConsignmentID']
748514 [main] INFO utilities.listener.WebEventListener  - Before Finding element: By.xpath: //input[@id='ConsignmentID']
748514 [main] INFO utilities.listener.WebEventListener  - Before Finding element: By.xpath: //input[@id='ConsignmentID']
2021-03-19/13:36:58.310  INFO: listener.WebEventListener - Before Finding element: By.xpath: //input[@id='ConsignmentID']
748781 [main] INFO utilities.listener.WebEventListener  - Before Finding element: By.xpath: //input[@id='ConsignmentID']
748781 [main] INFO utilities.listener.WebEventListener  - Before Finding element: By.xpath: //input[@id='ConsignmentID']
2021-03-19/13:36:58.575  INFO: listener.WebEventListener - Before Finding element: By.xpath: //input[@id='ConsignmentID']
749046 [main] INFO utilities.listener.WebEventListener  - Before Finding element: By.xpath: //input[@id='ConsignmentID']
749046 [main] INFO utilities.listener.WebEventListener  - Before Finding element: By.xpath: //input[@id='ConsignmentID']
2021-03-19/13:36:58.839  INFO: listener.WebEventListener - Before Finding element: By.xpath: //input[@id='ConsignmentID']
749310 [main] INFO utilities.listener.WebEventListener  - Before Finding element: By.xpath: //input[@id='ConsignmentID']
749310 [main] INFO utilities.listener.WebEventListener  - Before Finding element: By.xpath: //input[@id='ConsignmentID']
2021-03-19/13:36:59.104  INFO: listener.WebEventListener - Before Finding element: By.xpath: //input[@id='ConsignmentID']
749575 [main] INFO utilities.listener.WebEventListener  - Before Finding element: By.xpath: //input[@id='ConsignmentID']
749575 [main] INFO utilities.listener.WebEventListener  - Before Finding element: By.xpath: //input[@id='ConsignmentID']
2021-03-19/13:36:59.368  INFO: listener.WebEventListener - Before Finding element: By.xpath: //input[@id='ConsignmentID']
749839 [main] INFO utilities.listener.WebEventListener  - Before Finding element: By.xpath: //input[@id='ConsignmentID']
749839 [main] INFO utilities.listener.WebEventListener  - Before Finding element: By.xpath: //input[@id='ConsignmentID']
2021-03-19/13:36:59.636  INFO: listener.WebEventListener - Before Finding element: By.xpath: //input[@id='ConsignmentID']
750107 [main] INFO utilities.listener.WebEventListener  - Before Finding element: By.xpath: //input[@id='ConsignmentID']
750107 [main] INFO utilities.listener.WebEventListener  - Before Finding element: By.xpath: //input[@id='ConsignmentID']
2021-03-19/13:36:59.902  INFO: listener.WebEventListener - Before Finding element: By.xpath: //input[@id='ConsignmentID']
750373 [main] INFO utilities.listener.WebEventListener  - Before Finding element: By.xpath: //input[@id='ConsignmentID']
750373 [main] INFO utilities.listener.WebEventListener  - Before Finding element: By.xpath: //input[@id='ConsignmentID']
2021-03-19/13:37:00.171  INFO: listener.WebEventListener - Before Finding element: By.xpath: //input[@id='ConsignmentID']
750642 [main] INFO utilities.listener.WebEventListener  - Before Finding element: By.xpath: //input[@id='ConsignmentID']
750642 [main] INFO utilities.listener.WebEventListener  - Before Finding element: By.xpath: //input[@id='ConsignmentID']
2021-03-19/13:37:00.437  INFO: listener.WebEventListener - Before Finding element: By.xpath: //input[@id='ConsignmentID']
750908 [main] INFO utilities.listener.WebEventListener  - Before Finding element: By.xpath: //input[@id='ConsignmentID']
750908 [main] INFO utilities.listener.WebEventListener  - Before Finding element: By.xpath: //input[@id='ConsignmentID']
2021-03-19/13:37:00.705  INFO: listener.WebEventListener - Before Finding element: By.xpath: //input[@id='ConsignmentID']
751176 [main] INFO utilities.listener.WebEventListener  - Before Finding element: By.xpath: //input[@id='ConsignmentID']
751176 [main] INFO utilities.listener.WebEventListener  - Before Finding element: By.xpath: //input[@id='ConsignmentID']
2021-03-19/13:37:00.970  INFO: listener.WebEventListener - Before Finding element: By.xpath: //input[@id='ConsignmentID']
751441 [main] INFO utilities.listener.WebEventListener  - Before Finding element: By.xpath: //input[@id='ConsignmentID']
751441 [main] INFO utilities.listener.WebEventListener  - Before Finding element: By.xpath: //input[@id='ConsignmentID']
2021-03-19/13:37:01.237  INFO: listener.WebEventListener - Before Finding element: By.xpath: //input[@id='ConsignmentID']
751708 [main] INFO utilities.listener.WebEventListener  - Before Finding element: By.xpath: //input[@id='ConsignmentID']
751708 [main] INFO utilities.listener.WebEventListener  - Before Finding element: By.xpath: //input[@id='ConsignmentID']
2021-03-19/13:37:01.502  INFO: listener.WebEventListener - Before Finding element: By.xpath: //input[@id='ConsignmentID']
751973 [main] INFO utilities.listener.WebEventListener  - Before Finding element: By.xpath: //input[@id='ConsignmentID']
751973 [main] INFO utilities.listener.WebEventListener  - Before Finding element: By.xpath: //input[@id='ConsignmentID']
2021-03-19/13:37:01.767  INFO: listener.WebEventListener - Before Finding element: By.xpath: //input[@id='ConsignmentID']
752238 [main] INFO utilities.listener.WebEventListener  - Before Finding element: By.xpath: //input[@id='ConsignmentID']
752238 [main] INFO utilities.listener.WebEventListener  - Before Finding element: By.xpath: //input[@id='ConsignmentID']
2021-03-19/13:37:02.032  INFO: listener.WebEventListener - Before Finding element: By.xpath: //input[@id='ConsignmentID']
752503 [main] INFO utilities.listener.WebEventListener  - Before Finding element: By.xpath: //input[@id='ConsignmentID']
752503 [main] INFO utilities.listener.WebEventListener  - Before Finding element: By.xpath: //input[@id='ConsignmentID']
2021-03-19/13:37:02.297  INFO: listener.WebEventListener - Before Finding element: By.xpath: //input[@id='ConsignmentID']
752768 [main] INFO utilities.listener.WebEventListener  - Before Finding element: By.xpath: //input[@id='ConsignmentID']
752768 [main] INFO utilities.listener.WebEventListener  - Before Finding element: By.xpath: //input[@id='ConsignmentID']
2021-03-19/13:37:02.563  INFO: listener.WebEventListener - Before Finding element: By.xpath: //input[@id='ConsignmentID']
753034 [main] INFO utilities.listener.WebEventListener  - Before Finding element: By.xpath: //input[@id='ConsignmentID']
753034 [main] INFO utilities.listener.WebEventListener  - Before Finding element: By.xpath: //input[@id='ConsignmentID']
2021-03-19/13:37:02.832  INFO: listener.WebEventListener - Before Finding element: By.xpath: //input[@id='ConsignmentID']
753303 [main] INFO utilities.listener.WebEventListener  - Before Finding element: By.xpath: //input[@id='ConsignmentID']
753303 [main] INFO utilities.listener.WebEventListener  - Before Finding element: By.xpath: //input[@id='ConsignmentID']
2021-03-19/13:37:03.097  INFO: listener.WebEventListener - Before Finding element: By.xpath: //input[@id='ConsignmentID']
753568 [main] INFO utilities.listener.WebEventListener  - Before Finding element: By.xpath: //input[@id='ConsignmentID']
753568 [main] INFO utilities.listener.WebEventListener  - Before Finding element: By.xpath: //input[@id='ConsignmentID']
2021-03-19/13:37:03.364  INFO: listener.WebEventListener - Before Finding element: By.xpath: //input[@id='ConsignmentID']
753835 [main] INFO utilities.listener.WebEventListener  - Before Finding element: By.xpath: //input[@id='ConsignmentID']
753835 [main] INFO utilities.listener.WebEventListener  - Before Finding element: By.xpath: //input[@id='ConsignmentID']
2021-03-19/13:37:03.630  INFO: listener.WebEventListener - Before Finding element: By.xpath: //input[@id='ConsignmentID']
754101 [main] INFO utilities.listener.WebEventListener  - Before Finding element: By.xpath: //input[@id='ConsignmentID']
754101 [main] INFO utilities.listener.WebEventListener  - Before Finding element: By.xpath: //input[@id='ConsignmentID']
2021-03-19/13:37:03.895  INFO: listener.WebEventListener - Before Finding element: By.xpath: //input[@id='ConsignmentID']
754366 [main] INFO utilities.listener.WebEventListener  - Before Finding element: By.xpath: //input[@id='ConsignmentID']
754366 [main] INFO utilities.listener.WebEventListener  - Before Finding element: By.xpath: //input[@id='ConsignmentID']
2021-03-19/13:37:04.160  INFO: listener.WebEventListener - Before Finding element: By.xpath: //input[@id='ConsignmentID']
754631 [main] INFO utilities.listener.WebEventListener  - Before Finding element: By.xpath: //input[@id='ConsignmentID']
754631 [main] INFO utilities.listener.WebEventListener  - Before Finding element: By.xpath: //input[@id='ConsignmentID']
2021-03-19/13:37:04.426  INFO: listener.WebEventListener - Before Finding element: By.xpath: //input[@id='ConsignmentID']
754897 [main] INFO utilities.listener.WebEventListener  - Before Finding element: By.xpath: //input[@id='ConsignmentID']
754897 [main] INFO utilities.listener.WebEventListener  - Before Finding element: By.xpath: //input[@id='ConsignmentID']
2021-03-19/13:37:04.692  INFO: listener.WebEventListener - Before Finding element: By.xpath: //input[@id='ConsignmentID']
755163 [main] INFO utilities.listener.WebEventListener  - Before Finding element: By.xpath: //input[@id='ConsignmentID']
755163 [main] INFO utilities.listener.WebEventListener  - Before Finding element: By.xpath: //input[@id='ConsignmentID']
2021-03-19/13:37:04.959  INFO: listener.WebEventListener - Before Finding element: By.xpath: //input[@id='ConsignmentID']
755430 [main] INFO utilities.listener.WebEventListener  - Before Finding element: By.xpath: //input[@id='ConsignmentID']
755430 [main] INFO utilities.listener.WebEventListener  - Before Finding element: By.xpath: //input[@id='ConsignmentID']
2021-03-19/13:37:05.225  INFO: listener.WebEventListener - Before Finding element: By.xpath: //input[@id='ConsignmentID']
755696 [main] INFO utilities.listener.WebEventListener  - Before Finding element: By.xpath: //input[@id='ConsignmentID']
755696 [main] INFO utilities.listener.WebEventListener  - Before Finding element: By.xpath: //input[@id='ConsignmentID']
2021-03-19/13:37:05.491  INFO: listener.WebEventListener - Before Finding element: By.xpath: //input[@id='ConsignmentID']
755962 [main] INFO utilities.listener.WebEventListener  - Before Finding element: By.xpath: //input[@id='ConsignmentID']
755962 [main] INFO utilities.listener.WebEventListener  - Before Finding element: By.xpath: //input[@id='ConsignmentID']
2021-03-19/13:37:05.756  INFO: listener.WebEventListener - Before Finding element: By.xpath: //input[@id='ConsignmentID']
756227 [main] INFO utilities.listener.WebEventListener  - Before Finding element: By.xpath: //input[@id='ConsignmentID']
756227 [main] INFO utilities.listener.WebEventListener  - Before Finding element: By.xpath: //input[@id='ConsignmentID']
2021-03-19/13:37:06.022  INFO: listener.WebEventListener - Before Finding element: By.xpath: //input[@id='ConsignmentID']
756493 [main] INFO utilities.listener.WebEventListener  - Before Finding element: By.xpath: //input[@id='ConsignmentID']
756493 [main] INFO utilities.listener.WebEventListener  - Before Finding element: By.xpath: //input[@id='ConsignmentID']
2021-03-19/13:37:06.289  INFO: listener.WebEventListener - Before Finding element: By.xpath: //input[@id='ConsignmentID']
756760 [main] INFO utilities.listener.WebEventListener  - Before Finding element: By.xpath: //input[@id='ConsignmentID']
756760 [main] INFO utilities.listener.WebEventListener  - Before Finding element: By.xpath: //input[@id='ConsignmentID']
2021-03-19/13:37:06.558  INFO: listener.WebEventListener - Before Finding element: By.xpath: //input[@id='ConsignmentID']
757029 [main] INFO utilities.listener.WebEventListener  - Before Finding element: By.xpath: //input[@id='ConsignmentID']
757029 [main] INFO utilities.listener.WebEventListener  - Before Finding element: By.xpath: //input[@id='ConsignmentID']
2021-03-19/13:37:06.828  INFO: listener.WebEventListener - Before Finding element: By.xpath: //input[@id='ConsignmentID']
757299 [main] INFO utilities.listener.WebEventListener  - Before Finding element: By.xpath: //input[@id='ConsignmentID']
757299 [main] INFO utilities.listener.WebEventListener  - Before Finding element: By.xpath: //input[@id='ConsignmentID']
2021-03-19/13:37:07.098  INFO: listener.WebEventListener - Before Finding element: By.xpath: //input[@id='ConsignmentID']
757569 [main] INFO utilities.listener.WebEventListener  - Before Finding element: By.xpath: //input[@id='ConsignmentID']
757569 [main] INFO utilities.listener.WebEventListener  - Before Finding element: By.xpath: //input[@id='ConsignmentID']
2021-03-19/13:37:07.365  INFO: listener.WebEventListener - Before Finding element: By.xpath: //input[@id='ConsignmentID']
757836 [main] INFO utilities.listener.WebEventListener  - Before Finding element: By.xpath: //input[@id='ConsignmentID']
757836 [main] INFO utilities.listener.WebEventListener  - Before Finding element: By.xpath: //input[@id='ConsignmentID']
2021-03-19/13:37:07.634  INFO: listener.WebEventListener - Before Finding element: By.xpath: //input[@id='ConsignmentID']
758105 [main] INFO utilities.listener.WebEventListener  - Before Finding element: By.xpath: //input[@id='ConsignmentID']
758105 [main] INFO utilities.listener.WebEventListener  - Before Finding element: By.xpath: //input[@id='ConsignmentID']
2021-03-19/13:37:07.909  INFO: listener.WebEventListener - Before Finding element: By.xpath: //input[@id='ConsignmentID']
758380 [main] INFO utilities.listener.WebEventListener  - Before Finding element: By.xpath: //input[@id='ConsignmentID']
758380 [main] INFO utilities.listener.WebEventListener  - Before Finding element: By.xpath: //input[@id='ConsignmentID']
2021-03-19/13:37:08.175  INFO: listener.WebEventListener - Before Finding element: By.xpath: //input[@id='ConsignmentID']
758646 [main] INFO utilities.listener.WebEventListener  - Before Finding element: By.xpath: //input[@id='ConsignmentID']
758646 [main] INFO utilities.listener.WebEventListener  - Before Finding element: By.xpath: //input[@id='ConsignmentID']
2021-03-19/13:37:08.440  INFO: listener.WebEventListener - Before Finding element: By.xpath: //input[@id='ConsignmentID']
758911 [main] INFO utilities.listener.WebEventListener  - Before Finding element: By.xpath: //input[@id='ConsignmentID']
758911 [main] INFO utilities.listener.WebEventListener  - Before Finding element: By.xpath: //input[@id='ConsignmentID']
2021-03-19/13:37:08.708  INFO: listener.WebEventListener - Before Finding element: By.xpath: //input[@id='ConsignmentID']
759179 [main] INFO utilities.listener.WebEventListener  - Before Finding element: By.xpath: //input[@id='ConsignmentID']
759179 [main] INFO utilities.listener.WebEventListener  - Before Finding element: By.xpath: //input[@id='ConsignmentID']
2021-03-19/13:37:08.979  INFO: listener.WebEventListener - Before Finding element: By.xpath: //input[@id='ConsignmentID']
759450 [main] INFO utilities.listener.WebEventListener  - Before Finding element: By.xpath: //input[@id='ConsignmentID']
759450 [main] INFO utilities.listener.WebEventListener  - Before Finding element: By.xpath: //input[@id='ConsignmentID']
2021-03-19/13:37:09.315  INFO: listener.WebEventListener - Before Finding element: By.xpath: //input[@id='ConsignmentID']
759786 [main] INFO utilities.listener.WebEventListener  - Before Finding element: By.xpath: //input[@id='ConsignmentID']
759786 [main] INFO utilities.listener.WebEventListener  - Before Finding element: By.xpath: //input[@id='ConsignmentID']
2021-03-19/13:37:09.581  INFO: listener.WebEventListener - Before Finding element: By.xpath: //input[@id='ConsignmentID']
760052 [main] INFO utilities.listener.WebEventListener  - Before Finding element: By.xpath: //input[@id='ConsignmentID']
760052 [main] INFO utilities.listener.WebEventListener  - Before Finding element: By.xpath: //input[@id='ConsignmentID']
2021-03-19/13:37:09.849  INFO: listener.WebEventListener - Before Finding element: By.xpath: //input[@id='ConsignmentID']
760320 [main] INFO utilities.listener.WebEventListener  - Before Finding element: By.xpath: //input[@id='ConsignmentID']
760320 [main] INFO utilities.listener.WebEventListener  - Before Finding element: By.xpath: //input[@id='ConsignmentID']
2021-03-19/13:37:10.116  INFO: listener.WebEventListener - Before Finding element: By.xpath: //input[@id='ConsignmentID']
760587 [main] INFO utilities.listener.WebEventListener  - Before Finding element: By.xpath: //input[@id='ConsignmentID']
760587 [main] INFO utilities.listener.WebEventListener  - Before Finding element: By.xpath: //input[@id='ConsignmentID']
2021-03-19/13:37:10.382  INFO: listener.WebEventListener - Before Finding element: By.xpath: //input[@id='ConsignmentID']
760853 [main] INFO utilities.listener.WebEventListener  - Before Finding element: By.xpath: //input[@id='ConsignmentID']
760853 [main] INFO utilities.listener.WebEventListener  - Before Finding element: By.xpath: //input[@id='ConsignmentID']
2021-03-19/13:37:10.649  INFO: listener.WebEventListener - Before Finding element: By.xpath: //input[@id='ConsignmentID']
761120 [main] INFO utilities.listener.WebEventListener  - Before Finding element: By.xpath: //input[@id='ConsignmentID']
761120 [main] INFO utilities.listener.WebEventListener  - Before Finding element: By.xpath: //input[@id='ConsignmentID']
2021-03-19/13:37:10.915  INFO: listener.WebEventListener - Before Finding element: By.xpath: //input[@id='ConsignmentID']
761386 [main] INFO utilities.listener.WebEventListener  - Before Finding element: By.xpath: //input[@id='ConsignmentID']
761386 [main] INFO utilities.listener.WebEventListener  - Before Finding element: By.xpath: //input[@id='ConsignmentID']
2021-03-19/13:37:11.180  INFO: listener.WebEventListener - Before Finding element: By.xpath: //input[@id='ConsignmentID']
761651 [main] INFO utilities.listener.WebEventListener  - Before Finding element: By.xpath: //input[@id='ConsignmentID']
761651 [main] INFO utilities.listener.WebEventListener  - Before Finding element: By.xpath: //input[@id='ConsignmentID']
2021-03-19/13:37:11.446  INFO: listener.WebEventListener - Before Finding element: By.xpath: //input[@id='ConsignmentID']
761917 [main] INFO utilities.listener.WebEventListener  - Before Finding element: By.xpath: //input[@id='ConsignmentID']
761917 [main] INFO utilities.listener.WebEventListener  - Before Finding element: By.xpath: //input[@id='ConsignmentID']
2021-03-19/13:37:11.712  INFO: listener.WebEventListener - Before Finding element: By.xpath: //input[@id='ConsignmentID']
762183 [main] INFO utilities.listener.WebEventListener  - Before Finding element: By.xpath: //input[@id='ConsignmentID']
762183 [main] INFO utilities.listener.WebEventListener  - Before Finding element: By.xpath: //input[@id='ConsignmentID']
2021-03-19/13:37:11.976  INFO: listener.WebEventListener - Before Finding element: By.xpath: //input[@id='ConsignmentID']
762447 [main] INFO utilities.listener.WebEventListener  - Before Finding element: By.xpath: //input[@id='ConsignmentID']
762447 [main] INFO utilities.listener.WebEventListener  - Before Finding element: By.xpath: //input[@id='ConsignmentID']
2021-03-19/13:37:12.245  INFO: listener.WebEventListener - Before Finding element: By.xpath: //input[@id='ConsignmentID']
762716 [main] INFO utilities.listener.WebEventListener  - Before Finding element: By.xpath: //input[@id='ConsignmentID']
762716 [main] INFO utilities.listener.WebEventListener  - Before Finding element: By.xpath: //input[@id='ConsignmentID']
2021-03-19/13:37:12.517  INFO: listener.WebEventListener - Before Finding element: By.xpath: //input[@id='ConsignmentID']
762988 [main] INFO utilities.listener.WebEventListener  - Before Finding element: By.xpath: //input[@id='ConsignmentID']
762988 [main] INFO utilities.listener.WebEventListener  - Before Finding element: By.xpath: //input[@id='ConsignmentID']
2021-03-19/13:37:12.786  INFO: listener.WebEventListener - Before Finding element: By.xpath: //input[@id='ConsignmentID']
763257 [main] INFO utilities.listener.WebEventListener  - Before Finding element: By.xpath: //input[@id='ConsignmentID']
763257 [main] INFO utilities.listener.WebEventListener  - Before Finding element: By.xpath: //input[@id='ConsignmentID']
2021-03-19/13:37:13.061  INFO: listener.WebEventListener - Before Finding element: By.xpath: //input[@id='ConsignmentID']
763532 [main] INFO utilities.listener.WebEventListener  - Before Finding element: By.xpath: //input[@id='ConsignmentID']
763532 [main] INFO utilities.listener.WebEventListener  - Before Finding element: By.xpath: //input[@id='ConsignmentID']
2021-03-19/13:37:13.329  INFO: listener.WebEventListener - Before Finding element: By.xpath: //input[@id='ConsignmentID']
763800 [main] INFO utilities.listener.WebEventListener  - Before Finding element: By.xpath: //input[@id='ConsignmentID']
763800 [main] INFO utilities.listener.WebEventListener  - Before Finding element: By.xpath: //input[@id='ConsignmentID']
2021-03-19/13:37:13.596  INFO: listener.WebEventListener - Before Finding element: By.xpath: //input[@id='ConsignmentID']
764067 [main] INFO utilities.listener.WebEventListener  - Before Finding element: By.xpath: //input[@id='ConsignmentID']
764067 [main] INFO utilities.listener.WebEventListener  - Before Finding element: By.xpath: //input[@id='ConsignmentID']
2021-03-19/13:37:13.865  INFO: listener.WebEventListener - Before Finding element: By.xpath: //input[@id='ConsignmentID']
764336 [main] INFO utilities.listener.WebEventListener  - Before Finding element: By.xpath: //input[@id='ConsignmentID']
764336 [main] INFO utilities.listener.WebEventListener  - Before Finding element: By.xpath: //input[@id='ConsignmentID']
2021-03-19/13:37:14.134  INFO: listener.WebEventListener - Before Finding element: By.xpath: //input[@id='ConsignmentID']
764605 [main] INFO utilities.listener.WebEventListener  - Before Finding element: By.xpath: //input[@id='ConsignmentID']
764605 [main] INFO utilities.listener.WebEventListener  - Before Finding element: By.xpath: //input[@id='ConsignmentID']
2021-03-19/13:37:14.405  INFO: listener.WebEventListener - Before Finding element: By.xpath: //input[@id='ConsignmentID']
764876 [main] INFO utilities.listener.WebEventListener  - Before Finding element: By.xpath: //input[@id='ConsignmentID']
764876 [main] INFO utilities.listener.WebEventListener  - Before Finding element: By.xpath: //input[@id='ConsignmentID']
2021-03-19/13:37:14.672  INFO: listener.WebEventListener - Before Finding element: By.xpath: //input[@id='ConsignmentID']
765143 [main] INFO utilities.listener.WebEventListener  - Before Finding element: By.xpath: //input[@id='ConsignmentID']
765143 [main] INFO utilities.listener.WebEventListener  - Before Finding element: By.xpath: //input[@id='ConsignmentID']
2021-03-19/13:37:14.944  INFO: listener.WebEventListener - Before Finding element: By.xpath: //input[@id='ConsignmentID']
765415 [main] INFO utilities.listener.WebEventListener  - Before Finding element: By.xpath: //input[@id='ConsignmentID']
765415 [main] INFO utilities.listener.WebEventListener  - Before Finding element: By.xpath: //input[@id='ConsignmentID']
2021-03-19/13:37:15.207  INFO: listener.WebEventListener - Before Finding element: By.xpath: //input[@id='ConsignmentID']
765678 [main] INFO utilities.listener.WebEventListener  - Before Finding element: By.xpath: //input[@id='ConsignmentID']
765678 [main] INFO utilities.listener.WebEventListener  - Before Finding element: By.xpath: //input[@id='ConsignmentID']
2021-03-19/13:37:15.477  INFO: listener.WebEventListener - Before Finding element: By.xpath: //input[@id='ConsignmentID']
765948 [main] INFO utilities.listener.WebEventListener  - Before Finding element: By.xpath: //input[@id='ConsignmentID']
765948 [main] INFO utilities.listener.WebEventListener  - Before Finding element: By.xpath: //input[@id='ConsignmentID']
2021-03-19/13:37:15.743  INFO: listener.WebEventListener - Before Finding element: By.xpath: //input[@id='ConsignmentID']
766214 [main] INFO utilities.listener.WebEventListener  - Before Finding element: By.xpath: //input[@id='ConsignmentID']
766214 [main] INFO utilities.listener.WebEventListener  - Before Finding element: By.xpath: //input[@id='ConsignmentID']
2021-03-19/13:37:16.028  INFO: listener.WebEventListener - Before Finding element: By.xpath: //input[@id='ConsignmentID']
766499 [main] INFO utilities.listener.WebEventListener  - Before Finding element: By.xpath: //input[@id='ConsignmentID']
766499 [main] INFO utilities.listener.WebEventListener  - Before Finding element: By.xpath: //input[@id='ConsignmentID']
2021-03-19/13:37:16.337  INFO: listener.WebEventListener - Before Finding element: By.xpath: //input[@id='ConsignmentID']
766808 [main] INFO utilities.listener.WebEventListener  - Before Finding element: By.xpath: //input[@id='ConsignmentID']
766808 [main] INFO utilities.listener.WebEventListener  - Before Finding element: By.xpath: //input[@id='ConsignmentID']
2021-03-19/13:37:16.602  INFO: listener.WebEventListener - Before Finding element: By.xpath: //input[@id='ConsignmentID']
767073 [main] INFO utilities.listener.WebEventListener  - Before Finding element: By.xpath: //input[@id='ConsignmentID']
767073 [main] INFO utilities.listener.WebEventListener  - Before Finding element: By.xpath: //input[@id='ConsignmentID']
2021-03-19/13:37:16.866  INFO: listener.WebEventListener - Before Finding element: By.xpath: //input[@id='ConsignmentID']
767337 [main] INFO utilities.listener.WebEventListener  - Before Finding element: By.xpath: //input[@id='ConsignmentID']
767337 [main] INFO utilities.listener.WebEventListener  - Before Finding element: By.xpath: //input[@id='ConsignmentID']
2021-03-19/13:37:17.133  INFO: listener.WebEventListener - Before Finding element: By.xpath: //input[@id='ConsignmentID']
767604 [main] INFO utilities.listener.WebEventListener  - Before Finding element: By.xpath: //input[@id='ConsignmentID']
767604 [main] INFO utilities.listener.WebEventListener  - Before Finding element: By.xpath: //input[@id='ConsignmentID']
2021-03-19/13:37:17.398  INFO: listener.WebEventListener - Before Finding element: By.xpath: //input[@id='ConsignmentID']
767869 [main] INFO utilities.listener.WebEventListener  - Before Finding element: By.xpath: //input[@id='ConsignmentID']
767869 [main] INFO utilities.listener.WebEventListener  - Before Finding element: By.xpath: //input[@id='ConsignmentID']
2021-03-19/13:37:17.665  INFO: listener.WebEventListener - Before Finding element: By.xpath: //input[@id='ConsignmentID']
768136 [main] INFO utilities.listener.WebEventListener  - Before Finding element: By.xpath: //input[@id='ConsignmentID']
768136 [main] INFO utilities.listener.WebEventListener  - Before Finding element: By.xpath: //input[@id='ConsignmentID']
2021-03-19/13:37:17.942  INFO: listener.WebEventListener - Before Finding element: By.xpath: //input[@id='ConsignmentID']
768413 [main] INFO utilities.listener.WebEventListener  - Before Finding element: By.xpath: //input[@id='ConsignmentID']
768413 [main] INFO utilities.listener.WebEventListener  - Before Finding element: By.xpath: //input[@id='ConsignmentID']
2021-03-19/13:37:18.211  INFO: listener.WebEventListener - Before Finding element: By.xpath: //input[@id='ConsignmentID']
768682 [main] INFO utilities.listener.WebEventListener  - Before Finding element: By.xpath: //input[@id='ConsignmentID']
768682 [main] INFO utilities.listener.WebEventListener  - Before Finding element: By.xpath: //input[@id='ConsignmentID']
2021-03-19/13:37:18.486  INFO: listener.WebEventListener - Before Finding element: By.xpath: //input[@id='ConsignmentID']
768957 [main] INFO utilities.listener.WebEventListener  - Before Finding element: By.xpath: //input[@id='ConsignmentID']
768957 [main] INFO utilities.listener.WebEventListener  - Before Finding element: By.xpath: //input[@id='ConsignmentID']
2021-03-19/13:37:18.751  INFO: listener.WebEventListener - Before Finding element: By.xpath: //input[@id='ConsignmentID']
769222 [main] INFO utilities.listener.WebEventListener  - Before Finding element: By.xpath: //input[@id='ConsignmentID']
769222 [main] INFO utilities.listener.WebEventListener  - Before Finding element: By.xpath: //input[@id='ConsignmentID']
2021-03-19/13:37:19.015  INFO: listener.WebEventListener - Before Finding element: By.xpath: //input[@id='ConsignmentID']
769486 [main] INFO utilities.listener.WebEventListener  - Before Finding element: By.xpath: //input[@id='ConsignmentID']
769486 [main] INFO utilities.listener.WebEventListener  - Before Finding element: By.xpath: //input[@id='ConsignmentID']
2021-03-19/13:37:19.280  INFO: listener.WebEventListener - Before Finding element: By.xpath: //input[@id='ConsignmentID']
769751 [main] INFO utilities.listener.WebEventListener  - Before Finding element: By.xpath: //input[@id='ConsignmentID']
769751 [main] INFO utilities.listener.WebEventListener  - Before Finding element: By.xpath: //input[@id='ConsignmentID']
2021-03-19/13:37:19.545  INFO: listener.WebEventListener - Before Finding element: By.xpath: //input[@id='ConsignmentID']
770016 [main] INFO utilities.listener.WebEventListener  - Before Finding element: By.xpath: //input[@id='ConsignmentID']
770016 [main] INFO utilities.listener.WebEventListener  - Before Finding element: By.xpath: //input[@id='ConsignmentID']
2021-03-19/13:37:19.809  INFO: listener.WebEventListener - Before Finding element: By.xpath: //input[@id='ConsignmentID']
770280 [main] INFO utilities.listener.WebEventListener  - Before Finding element: By.xpath: //input[@id='ConsignmentID']
770280 [main] INFO utilities.listener.WebEventListener  - Before Finding element: By.xpath: //input[@id='ConsignmentID']
2021-03-19/13:37:20.077  INFO: listener.WebEventListener - Before Finding element: By.xpath: //input[@id='ConsignmentID']
770548 [main] INFO utilities.listener.WebEventListener  - Before Finding element: By.xpath: //input[@id='ConsignmentID']
770548 [main] INFO utilities.listener.WebEventListener  - Before Finding element: By.xpath: //input[@id='ConsignmentID']
2021-03-19/13:37:20.342  INFO: listener.WebEventListener - Before Finding element: By.xpath: //input[@id='ConsignmentID']
770813 [main] INFO utilities.listener.WebEventListener  - Before Finding element: By.xpath: //input[@id='ConsignmentID']
770813 [main] INFO utilities.listener.WebEventListener  - Before Finding element: By.xpath: //input[@id='ConsignmentID']
2021-03-19/13:37:20.610  INFO: listener.WebEventListener - Before Finding element: By.xpath: //input[@id='ConsignmentID']
771081 [main] INFO utilities.listener.WebEventListener  - Before Finding element: By.xpath: //input[@id='ConsignmentID']
771081 [main] INFO utilities.listener.WebEventListener  - Before Finding element: By.xpath: //input[@id='ConsignmentID']
2021-03-19/13:37:20.874  INFO: listener.WebEventListener - Before Finding element: By.xpath: //input[@id='ConsignmentID']
771345 [main] INFO utilities.listener.WebEventListener  - Before Finding element: By.xpath: //input[@id='ConsignmentID']
771345 [main] INFO utilities.listener.WebEventListener  - Before Finding element: By.xpath: //input[@id='ConsignmentID']
2021-03-19/13:37:21.139  INFO: listener.WebEventListener - Before Finding element: By.xpath: //input[@id='ConsignmentID']
771610 [main] INFO utilities.listener.WebEventListener  - Before Finding element: By.xpath: //input[@id='ConsignmentID']
771610 [main] INFO utilities.listener.WebEventListener  - Before Finding element: By.xpath: //input[@id='ConsignmentID']
2021-03-19/13:37:21.406  INFO: listener.WebEventListener - Before Finding element: By.xpath: //input[@id='ConsignmentID']
771877 [main] INFO utilities.listener.WebEventListener  - Before Finding element: By.xpath: //input[@id='ConsignmentID']
771877 [main] INFO utilities.listener.WebEventListener  - Before Finding element: By.xpath: //input[@id='ConsignmentID']
2021-03-19/13:37:21.673  INFO: listener.WebEventListener - Before Finding element: By.xpath: //input[@id='ConsignmentID']
772144 [main] INFO utilities.listener.WebEventListener  - Before Finding element: By.xpath: //input[@id='ConsignmentID']
772144 [main] INFO utilities.listener.WebEventListener  - Before Finding element: By.xpath: //input[@id='ConsignmentID']
2021-03-19/13:37:21.939  INFO: listener.WebEventListener - Before Finding element: By.xpath: //input[@id='ConsignmentID']
772410 [main] INFO utilities.listener.WebEventListener  - Before Finding element: By.xpath: //input[@id='ConsignmentID']
772410 [main] INFO utilities.listener.WebEventListener  - Before Finding element: By.xpath: //input[@id='ConsignmentID']
2021-03-19/13:37:22.205  INFO: listener.WebEventListener - Before Finding element: By.xpath: //input[@id='ConsignmentID']
772676 [main] INFO utilities.listener.WebEventListener  - Before Finding element: By.xpath: //input[@id='ConsignmentID']
772676 [main] INFO utilities.listener.WebEventListener  - Before Finding element: By.xpath: //input[@id='ConsignmentID']
2021-03-19/13:37:22.477  INFO: listener.WebEventListener - Before Finding element: By.xpath: //input[@id='ConsignmentID']
772948 [main] INFO utilities.listener.WebEventListener  - Before Finding element: By.xpath: //input[@id='ConsignmentID']
772948 [main] INFO utilities.listener.WebEventListener  - Before Finding element: By.xpath: //input[@id='ConsignmentID']
2021-03-19/13:37:22.746  INFO: listener.WebEventListener - Before Finding element: By.xpath: //input[@id='ConsignmentID']
773217 [main] INFO utilities.listener.WebEventListener  - Before Finding element: By.xpath: //input[@id='ConsignmentID']
773217 [main] INFO utilities.listener.WebEventListener  - Before Finding element: By.xpath: //input[@id='ConsignmentID']
2021-03-19/13:37:23.014  INFO: listener.WebEventListener - Before Finding element: By.xpath: //input[@id='ConsignmentID']
773485 [main] INFO utilities.listener.WebEventListener  - Before Finding element: By.xpath: //input[@id='ConsignmentID']
773485 [main] INFO utilities.listener.WebEventListener  - Before Finding element: By.xpath: //input[@id='ConsignmentID']
2021-03-19/13:37:23.281  INFO: listener.WebEventListener - Before Finding element: By.xpath: //input[@id='ConsignmentID']
773752 [main] INFO utilities.listener.WebEventListener  - Before Finding element: By.xpath: //input[@id='ConsignmentID']
773752 [main] INFO utilities.listener.WebEventListener  - Before Finding element: By.xpath: //input[@id='ConsignmentID']
2021-03-19/13:37:23.545  INFO: listener.WebEventListener - Before Finding element: By.xpath: //input[@id='ConsignmentID']
774016 [main] INFO utilities.listener.WebEventListener  - Before Finding element: By.xpath: //input[@id='ConsignmentID']
774016 [main] INFO utilities.listener.WebEventListener  - Before Finding element: By.xpath: //input[@id='ConsignmentID']
2021-03-19/13:37:23.811  INFO: listener.WebEventListener - Before Finding element: By.xpath: //input[@id='ConsignmentID']
774282 [main] INFO utilities.listener.WebEventListener  - Before Finding element: By.xpath: //input[@id='ConsignmentID']
774282 [main] INFO utilities.listener.WebEventListener  - Before Finding element: By.xpath: //input[@id='ConsignmentID']
2021-03-19/13:37:24.076  INFO: listener.WebEventListener - Before Finding element: By.xpath: //input[@id='ConsignmentID']
774547 [main] INFO utilities.listener.WebEventListener  - Before Finding element: By.xpath: //input[@id='ConsignmentID']
774547 [main] INFO utilities.listener.WebEventListener  - Before Finding element: By.xpath: //input[@id='ConsignmentID']
2021-03-19/13:37:24.343  INFO: listener.WebEventListener - Before Finding element: By.xpath: //input[@id='ConsignmentID']
774814 [main] INFO utilities.listener.WebEventListener  - Before Finding element: By.xpath: //input[@id='ConsignmentID']
774814 [main] INFO utilities.listener.WebEventListener  - Before Finding element: By.xpath: //input[@id='ConsignmentID']
2021-03-19/13:37:24.608  INFO: listener.WebEventListener - Before Finding element: By.xpath: //input[@id='ConsignmentID']
775079 [main] INFO utilities.listener.WebEventListener  - Before Finding element: By.xpath: //input[@id='ConsignmentID']
775079 [main] INFO utilities.listener.WebEventListener  - Before Finding element: By.xpath: //input[@id='ConsignmentID']
2021-03-19/13:37:24.873  INFO: listener.WebEventListener - Before Finding element: By.xpath: //input[@id='ConsignmentID']
775344 [main] INFO utilities.listener.WebEventListener  - Before Finding element: By.xpath: //input[@id='ConsignmentID']
775344 [main] INFO utilities.listener.WebEventListener  - Before Finding element: By.xpath: //input[@id='ConsignmentID']
2021-03-19/13:37:25.139  INFO: listener.WebEventListener - Before Finding element: By.xpath: //input[@id='ConsignmentID']
775610 [main] INFO utilities.listener.WebEventListener  - Before Finding element: By.xpath: //input[@id='ConsignmentID']
775610 [main] INFO utilities.listener.WebEventListener  - Before Finding element: By.xpath: //input[@id='ConsignmentID']
2021-03-19/13:37:25.405  INFO: listener.WebEventListener - Before Finding element: By.xpath: //input[@id='ConsignmentID']
775876 [main] INFO utilities.listener.WebEventListener  - Before Finding element: By.xpath: //input[@id='ConsignmentID']
775876 [main] INFO utilities.listener.WebEventListener  - Before Finding element: By.xpath: //input[@id='ConsignmentID']
2021-03-19/13:37:25.680  INFO: listener.WebEventListener - Before Finding element: By.xpath: //input[@id='ConsignmentID']
776151 [main] INFO utilities.listener.WebEventListener  - Before Finding element: By.xpath: //input[@id='ConsignmentID']
776151 [main] INFO utilities.listener.WebEventListener  - Before Finding element: By.xpath: //input[@id='ConsignmentID']
2021-03-19/13:37:25.963  INFO: listener.WebEventListener - Before Finding element: By.xpath: //input[@id='ConsignmentID']
776434 [main] INFO utilities.listener.WebEventListener  - Before Finding element: By.xpath: //input[@id='ConsignmentID']
776434 [main] INFO utilities.listener.WebEventListener  - Before Finding element: By.xpath: //input[@id='ConsignmentID']
2021-03-19/13:37:26.229  INFO: listener.WebEventListener - Before Finding element: By.xpath: //input[@id='ConsignmentID']
776700 [main] INFO utilities.listener.WebEventListener  - Before Finding element: By.xpath: //input[@id='ConsignmentID']
776700 [main] INFO utilities.listener.WebEventListener  - Before Finding element: By.xpath: //input[@id='ConsignmentID']
2021-03-19/13:37:26.499  INFO: listener.WebEventListener - Before Finding element: By.xpath: //input[@id='ConsignmentID']
776970 [main] INFO utilities.listener.WebEventListener  - Before Finding element: By.xpath: //input[@id='ConsignmentID']
776970 [main] INFO utilities.listener.WebEventListener  - Before Finding element: By.xpath: //input[@id='ConsignmentID']
2021-03-19/13:37:26.763  INFO: listener.WebEventListener - Before Finding element: By.xpath: //input[@id='ConsignmentID']
777234 [main] INFO utilities.listener.WebEventListener  - Before Finding element: By.xpath: //input[@id='ConsignmentID']
777234 [main] INFO utilities.listener.WebEventListener  - Before Finding element: By.xpath: //input[@id='ConsignmentID']
2021-03-19/13:37:27.031  INFO: listener.WebEventListener - Before Finding element: By.xpath: //input[@id='ConsignmentID']
777502 [main] INFO utilities.listener.WebEventListener  - Before Finding element: By.xpath: //input[@id='ConsignmentID']
777502 [main] INFO utilities.listener.WebEventListener  - Before Finding element: By.xpath: //input[@id='ConsignmentID']
2021-03-19/13:37:27.297  INFO: listener.WebEventListener - Before Finding element: By.xpath: //input[@id='ConsignmentID']
777768 [main] INFO utilities.listener.WebEventListener  - Before Finding element: By.xpath: //input[@id='ConsignmentID']
777768 [main] INFO utilities.listener.WebEventListener  - Before Finding element: By.xpath: //input[@id='ConsignmentID']
2021-03-19/13:37:27.565  INFO: listener.WebEventListener - Before Finding element: By.xpath: //input[@id='ConsignmentID']
778036 [main] INFO utilities.listener.WebEventListener  - Before Finding element: By.xpath: //input[@id='ConsignmentID']
778036 [main] INFO utilities.listener.WebEventListener  - Before Finding element: By.xpath: //input[@id='ConsignmentID']
2021-03-19/13:37:27.832  INFO: listener.WebEventListener - Before Finding element: By.xpath: //input[@id='ConsignmentID']
778303 [main] INFO utilities.listener.WebEventListener  - Before Finding element: By.xpath: //input[@id='ConsignmentID']
778303 [main] INFO utilities.listener.WebEventListener  - Before Finding element: By.xpath: //input[@id='ConsignmentID']
2021-03-19/13:37:28.097  INFO: listener.WebEventListener - Before Finding element: By.xpath: //input[@id='ConsignmentID']
778568 [main] INFO utilities.listener.WebEventListener  - Before Finding element: By.xpath: //input[@id='ConsignmentID']
778568 [main] INFO utilities.listener.WebEventListener  - Before Finding element: By.xpath: //input[@id='ConsignmentID']
2021-03-19/13:37:28.365  INFO: listener.WebEventListener - Before Finding element: By.xpath: //input[@id='ConsignmentID']
778836 [main] INFO utilities.listener.WebEventListener  - Before Finding element: By.xpath: //input[@id='ConsignmentID']
778836 [main] INFO utilities.listener.WebEventListener  - Before Finding element: By.xpath: //input[@id='ConsignmentID']
2021-03-19/13:37:28.632  INFO: listener.WebEventListener - Before Finding element: By.xpath: //input[@id='ConsignmentID']
779103 [main] INFO utilities.listener.WebEventListener  - Before Finding element: By.xpath: //input[@id='ConsignmentID']
779103 [main] INFO utilities.listener.WebEventListener  - Before Finding element: By.xpath: //input[@id='ConsignmentID']
2021-03-19/13:37:28.899  INFO: listener.WebEventListener - Before Finding element: By.xpath: //input[@id='ConsignmentID']
779370 [main] INFO utilities.listener.WebEventListener  - Before Finding element: By.xpath: //input[@id='ConsignmentID']
779370 [main] INFO utilities.listener.WebEventListener  - Before Finding element: By.xpath: //input[@id='ConsignmentID']
2021-03-19/13:37:29.164  INFO: listener.WebEventListener - Before Finding element: By.xpath: //input[@id='ConsignmentID']
779635 [main] INFO utilities.listener.WebEventListener  - Before Finding element: By.xpath: //input[@id='ConsignmentID']
779635 [main] INFO utilities.listener.WebEventListener  - Before Finding element: By.xpath: //input[@id='ConsignmentID']
2021-03-19/13:37:29.433  INFO: listener.WebEventListener - Before Finding element: By.xpath: //input[@id='ConsignmentID']
779904 [main] INFO utilities.listener.WebEventListener  - Before Finding element: By.xpath: //input[@id='ConsignmentID']
779904 [main] INFO utilities.listener.WebEventListener  - Before Finding element: By.xpath: //input[@id='ConsignmentID']
2021-03-19/13:37:29.699  INFO: listener.WebEventListener - Before Finding element: By.xpath: //input[@id='ConsignmentID']
780170 [main] INFO utilities.listener.WebEventListener  - Before Finding element: By.xpath: //input[@id='ConsignmentID']
780170 [main] INFO utilities.listener.WebEventListener  - Before Finding element: By.xpath: //input[@id='ConsignmentID']
2021-03-19/13:37:29.964  INFO: listener.WebEventListener - Before Finding element: By.xpath: //input[@id='ConsignmentID']
780435 [main] INFO utilities.listener.WebEventListener  - Before Finding element: By.xpath: //input[@id='ConsignmentID']
780435 [main] INFO utilities.listener.WebEventListener  - Before Finding element: By.xpath: //input[@id='ConsignmentID']
2021-03-19/13:37:30.228  INFO: listener.WebEventListener - Before Finding element: By.xpath: //input[@id='ConsignmentID']
780699 [main] INFO utilities.listener.WebEventListener  - Before Finding element: By.xpath: //input[@id='ConsignmentID']
780699 [main] INFO utilities.listener.WebEventListener  - Before Finding element: By.xpath: //input[@id='ConsignmentID']
2021-03-19/13:37:30.496  INFO: listener.WebEventListener - Before Finding element: By.xpath: //input[@id='ConsignmentID']
780967 [main] INFO utilities.listener.WebEventListener  - Before Finding element: By.xpath: //input[@id='ConsignmentID']
780967 [main] INFO utilities.listener.WebEventListener  - Before Finding element: By.xpath: //input[@id='ConsignmentID']
2021-03-19/13:37:30.760  INFO: listener.WebEventListener - Before Finding element: By.xpath: //input[@id='ConsignmentID']
781231 [main] INFO utilities.listener.WebEventListener  - Before Finding element: By.xpath: //input[@id='ConsignmentID']
781231 [main] INFO utilities.listener.WebEventListener  - Before Finding element: By.xpath: //input[@id='ConsignmentID']
2021-03-19/13:37:31.026  INFO: listener.WebEventListener - Before Finding element: By.xpath: //input[@id='ConsignmentID']
781497 [main] INFO utilities.listener.WebEventListener  - Before Finding element: By.xpath: //input[@id='ConsignmentID']
781497 [main] INFO utilities.listener.WebEventListener  - Before Finding element: By.xpath: //input[@id='ConsignmentID']
2021-03-19/13:37:31.293  INFO: listener.WebEventListener - Before Finding element: By.xpath: //input[@id='ConsignmentID']
781764 [main] INFO utilities.listener.WebEventListener  - Before Finding element: By.xpath: //input[@id='ConsignmentID']
781764 [main] INFO utilities.listener.WebEventListener  - Before Finding element: By.xpath: //input[@id='ConsignmentID']
2021-03-19/13:37:31.558  INFO: listener.WebEventListener - Before Finding element: By.xpath: //input[@id='ConsignmentID']
782029 [main] INFO utilities.listener.WebEventListener  - Before Finding element: By.xpath: //input[@id='ConsignmentID']
782029 [main] INFO utilities.listener.WebEventListener  - Before Finding element: By.xpath: //input[@id='ConsignmentID']
2021-03-19/13:37:31.820  INFO: listener.WebEventListener - Before Finding element: By.xpath: //input[@id='ConsignmentID']
782291 [main] INFO utilities.listener.WebEventListener  - Before Finding element: By.xpath: //input[@id='ConsignmentID']
782291 [main] INFO utilities.listener.WebEventListener  - Before Finding element: By.xpath: //input[@id='ConsignmentID']
2021-03-19/13:37:32.084  INFO: listener.WebEventListener - Before Finding element: By.xpath: //input[@id='ConsignmentID']
782555 [main] INFO utilities.listener.WebEventListener  - Before Finding element: By.xpath: //input[@id='ConsignmentID']
782555 [main] INFO utilities.listener.WebEventListener  - Before Finding element: By.xpath: //input[@id='ConsignmentID']
2021-03-19/13:37:32.347  INFO: listener.WebEventListener - Before Finding element: By.xpath: //input[@id='ConsignmentID']
782818 [main] INFO utilities.listener.WebEventListener  - Before Finding element: By.xpath: //input[@id='ConsignmentID']
782818 [main] INFO utilities.listener.WebEventListener  - Before Finding element: By.xpath: //input[@id='ConsignmentID']
2021-03-19/13:37:32.616  INFO: listener.WebEventListener - Before Finding element: By.xpath: //input[@id='ConsignmentID']
783087 [main] INFO utilities.listener.WebEventListener  - Before Finding element: By.xpath: //input[@id='ConsignmentID']
783087 [main] INFO utilities.listener.WebEventListener  - Before Finding element: By.xpath: //input[@id='ConsignmentID']
2021-03-19/13:37:32.886  INFO: listener.WebEventListener - Before Finding element: By.xpath: //input[@id='ConsignmentID']
783357 [main] INFO utilities.listener.WebEventListener  - Before Finding element: By.xpath: //input[@id='ConsignmentID']
783357 [main] INFO utilities.listener.WebEventListener  - Before Finding element: By.xpath: //input[@id='ConsignmentID']
2021-03-19/13:37:33.153  INFO: listener.WebEventListener - Before Finding element: By.xpath: //input[@id='ConsignmentID']
783624 [main] INFO utilities.listener.WebEventListener  - Before Finding element: By.xpath: //input[@id='ConsignmentID']
783624 [main] INFO utilities.listener.WebEventListener  - Before Finding element: By.xpath: //input[@id='ConsignmentID']
2021-03-19/13:37:33.419  INFO: listener.WebEventListener - Before Finding element: By.xpath: //input[@id='ConsignmentID']
783890 [main] INFO utilities.listener.WebEventListener  - Before Finding element: By.xpath: //input[@id='ConsignmentID']
783890 [main] INFO utilities.listener.WebEventListener  - Before Finding element: By.xpath: //input[@id='ConsignmentID']
2021-03-19/13:37:33.688  INFO: listener.WebEventListener - Before Finding element: By.xpath: //input[@id='ConsignmentID']
784159 [main] INFO utilities.listener.WebEventListener  - Before Finding element: By.xpath: //input[@id='ConsignmentID']
784159 [main] INFO utilities.listener.WebEventListener  - Before Finding element: By.xpath: //input[@id='ConsignmentID']
2021-03-19/13:37:33.953  INFO: listener.WebEventListener - Before Finding element: By.xpath: //input[@id='ConsignmentID']
784424 [main] INFO utilities.listener.WebEventListener  - Before Finding element: By.xpath: //input[@id='ConsignmentID']
784424 [main] INFO utilities.listener.WebEventListener  - Before Finding element: By.xpath: //input[@id='ConsignmentID']
2021-03-19/13:37:34.221  INFO: listener.WebEventListener - Before Finding element: By.xpath: //input[@id='ConsignmentID']
784692 [main] INFO utilities.listener.WebEventListener  - Before Finding element: By.xpath: //input[@id='ConsignmentID']
784692 [main] INFO utilities.listener.WebEventListener  - Before Finding element: By.xpath: //input[@id='ConsignmentID']
2021-03-19/13:37:34.489  INFO: listener.WebEventListener - Before Finding element: By.xpath: //input[@id='ConsignmentID']
784960 [main] INFO utilities.listener.WebEventListener  - Before Finding element: By.xpath: //input[@id='ConsignmentID']
784960 [main] INFO utilities.listener.WebEventListener  - Before Finding element: By.xpath: //input[@id='ConsignmentID']
2021-03-19/13:37:34.758  INFO: listener.WebEventListener - Before Finding element: By.xpath: //input[@id='ConsignmentID']
785229 [main] INFO utilities.listener.WebEventListener  - Before Finding element: By.xpath: //input[@id='ConsignmentID']
785229 [main] INFO utilities.listener.WebEventListener  - Before Finding element: By.xpath: //input[@id='ConsignmentID']
I am in onTestFailure method consignmentInboundSave failed
]]></system-out>
  </testcase>
</testsuite>