<?xml version="1.0" encoding="UTF-8"?>
<!-- Generated by org.testng.reporters.JUnitReportReporter -->
<testsuite hostname="WJLP-1098" failures="0" tests="2" name="pages.LoginPageTest" time="30.322" errors="0" timestamp="2021-03-19T13:37:38 IST" skipped="0">
  <testcase classname="pages.LoginPageTest" name="signIn" time="5.606"/>
  <system-out/>
  <testcase classname="pages.LoginPageTest" name="signIn" time="24.716"/>
  <system-out/>
</testsuite> <!-- pages.LoginPageTest -->
