<?xml version="1.0" encoding="UTF-8"?>
<!-- Generated by org.testng.reporters.JUnitReportReporter -->
<testsuite hostname="WJLP-1270" failures="0" tests="4" name="pages.TestPageConsinment" time="342.731" errors="0" timestamp="2021-07-06T13:06:48 IST" skipped="0">
  <testcase classname="pages.TestPageConsinment" name="clickOnConsignment" time="30.668"/>
  <system-out/>
  <testcase classname="pages.TestPageConsinment" name="clickOnAccordian" time="5.470"/>
  <system-out/>
  <testcase classname="pages.TestPageConsinment" name="verifyValueStepperIsNotPresentOnSelectionOfDoc" time="149.248"/>
  <system-out/>
  <testcase classname="pages.TestPageConsinment" name="doStarted" time="157.345"/>
  <system-out/>
</testsuite> <!-- pages.TestPageConsinment -->
