<?xml version="1.0" encoding="UTF-8"?>
<!-- Generated by org.testng.reporters.JUnitReportReporter -->
<testsuite hostname="WJLP-1270" failures="0" tests="4" name="pages.TestPageConsignmentInbound" time="493.062" errors="0" timestamp="2021-07-06T13:06:48 IST" skipped="0">
  <testcase classname="pages.TestPageConsignmentInbound" name="consignmentInboundEmailAndSave" time="251.808"/>
  <system-out/>
  <testcase classname="pages.TestPageConsignmentInbound" name="clickOnAccordian" time="21.477"/>
  <system-out/>
  <testcase classname="pages.TestPageConsignmentInbound" name="consignmentInboundSave" time="189.367"/>
  <system-out/>
  <testcase classname="pages.TestPageConsignmentInbound" name="clickOnConsignment" time="30.410"/>
  <system-out/>
</testsuite> <!-- pages.TestPageConsignmentInbound -->
