<?xml version="1.0" encoding="UTF-8"?>
<!-- Generated by org.testng.reporters.JUnitReportReporter -->
<testsuite hostname="WJLP-1270" failures="0" tests="3" name="pages.TestPageRMSProd" time="262.241" errors="0" timestamp="2021-07-12T13:45:52 IST" skipped="0">
  <testcase classname="pages.TestPageRMSProd" name="clickOnConsignment" time="30.512"/>
  <system-out/>
  <testcase classname="pages.TestPageRMSProd" name="verifyDataOnRMSEditConsignment" time="0.829"/>
  <system-out/>
  <testcase classname="pages.TestPageRMSProd" name="clickOnRMSPortalAndVerifyConsignmentISCreated" time="230.900"/>
  <system-out/>
</testsuite> <!-- pages.TestPageRMSProd -->
