<?xml version="1.0" encoding="UTF-8"?>
<!-- Generated by org.testng.reporters.JUnitReportReporter -->
<testsuite hostname="WJLP-1270" failures="0" tests="4" name="pages.TestPageConsignmentInbound" time="469.854" errors="0" timestamp="2021-03-30T15:22:48 IST" skipped="0">
  <testcase classname="pages.TestPageConsignmentInbound" name="consignmentInboundEmailAndSave" time="246.449"/>
  <system-out/>
  <testcase classname="pages.TestPageConsignmentInbound" name="clickOnAccordian" time="21.481"/>
  <system-out/>
  <testcase classname="pages.TestPageConsignmentInbound" name="clickOnConsignment" time="30.555"/>
  <system-out/>
  <testcase classname="pages.TestPageConsignmentInbound" name="consignmentInboundSave" time="171.369"/>
  <system-out/>
</testsuite> <!-- pages.TestPageConsignmentInbound -->
