<?xml version="1.0" encoding="UTF-8"?>
<!-- Generated by org.testng.reporters.JUnitReportReporter -->
<testsuite hostname="WJLP-1098" failures="0" tests="1" name="pages.LoginPageTest" time="4.104" errors="0" timestamp="2020-07-02T15:42:07 IST" skipped="0">
  <testcase classname="pages.LoginPageTest" name="signIn" time="4.104"/>
  <system-out/>
</testsuite> <!-- pages.LoginPageTest -->
