<?xml version="1.0" encoding="UTF-8"?>
<!-- Generated by org.testng.reporters.JUnitReportReporter -->
<testsuite hostname="WJLP-1098" failures="0" tests="4" name="pages.TestPageConsignmentInbound" time="478.296" errors="0" timestamp="2021-03-19T18:20:21 IST" skipped="0">
  <testcase classname="pages.TestPageConsignmentInbound" name="consignmentInboundEmailAndSave" time="251.709"/>
  <system-out/>
  <testcase classname="pages.TestPageConsignmentInbound" name="consignmentInboundSave" time="173.452"/>
  <system-out/>
  <testcase classname="pages.TestPageConsignmentInbound" name="clickOnAccordian" time="22.119"/>
  <system-out/>
  <testcase classname="pages.TestPageConsignmentInbound" name="clickOnConsignment" time="31.016"/>
  <system-out/>
</testsuite> <!-- pages.TestPageConsignmentInbound -->
