<?xml version="1.0" encoding="UTF-8"?>
<!-- Generated by org.testng.reporters.JUnitReportReporter -->
<testsuite hostname="WJLP-1098" failures="0" tests="3" name="pages.TestPageConsinment" time="238.219" errors="0" timestamp="2020-07-02T15:42:07 IST" skipped="0">
  <testcase classname="pages.TestPageConsinment" name="doStarted" time="121.294"/>
  <system-out/>
  <testcase classname="pages.TestPageConsinment" name="clickOnConsignment" time="18.709"/>
  <system-out/>
  <testcase classname="pages.TestPageConsinment" name="doStarted" time="98.216"/>
  <system-out/>
</testsuite> <!-- pages.TestPageConsinment -->
