<?xml version="1.0" encoding="UTF-8"?>
<!-- Generated by org.testng.reporters.JUnitReportReporter -->
<testsuite hostname="WJLP-1098" failures="0" tests="4" name="pages.TestPageConsignmentInbound" time="505.818" errors="0" timestamp="2021-03-22T18:45:47 IST" skipped="0">
  <testcase classname="pages.TestPageConsignmentInbound" name="clickOnAccordian" time="21.898"/>
  <system-out/>
  <testcase classname="pages.TestPageConsignmentInbound" name="clickOnConsignment" time="30.513"/>
  <system-out/>
  <testcase classname="pages.TestPageConsignmentInbound" name="consignmentInboundEmailAndSave" time="266.527"/>
  <system-out/>
  <testcase classname="pages.TestPageConsignmentInbound" name="consignmentInboundSave" time="186.880"/>
  <system-out/>
</testsuite> <!-- pages.TestPageConsignmentInbound -->
