<?xml version="1.0" encoding="UTF-8"?>
<!-- Generated by org.testng.reporters.JUnitReportReporter -->
<testsuite hostname="WJLP-1098" failures="0" tests="4" name="pages.TestPageConsignmentInbound" time="457.629" errors="0" timestamp="2021-03-22T12:00:57 IST" skipped="0">
  <testcase classname="pages.TestPageConsignmentInbound" name="clickOnConsignment" time="30.930"/>
  <system-out/>
  <testcase classname="pages.TestPageConsignmentInbound" name="consignmentInboundEmailAndSave" time="235.196"/>
  <system-out/>
  <testcase classname="pages.TestPageConsignmentInbound" name="consignmentInboundSave" time="169.507"/>
  <system-out/>
  <testcase classname="pages.TestPageConsignmentInbound" name="clickOnAccordian" time="21.996"/>
  <system-out/>
</testsuite> <!-- pages.TestPageConsignmentInbound -->
