<?xml version="1.0" encoding="UTF-8"?>
<!-- Generated by org.testng.reporters.JUnitReportReporter -->
<testsuite hostname="WJLP-1098" failures="0" tests="4" name="pages.TestPageConsinment" time="227.371" errors="0" timestamp="2021-03-22T18:45:46 IST" skipped="0">
  <testcase classname="pages.TestPageConsinment" name="clickOnAccordian" time="5.953"/>
  <system-out/>
  <testcase classname="pages.TestPageConsinment" name="verifyValueStepperIsNotPresentOnSelectionOfDoc" time="105.862"/>
  <system-out/>
  <testcase classname="pages.TestPageConsinment" name="clickOnConsignment" time="30.981"/>
  <system-out/>
  <testcase classname="pages.TestPageConsinment" name="doStarted" time="84.575"/>
  <system-out/>
</testsuite> <!-- pages.TestPageConsinment -->
