<?xml version="1.0" encoding="UTF-8"?>
<!-- Generated by org.testng.reporters.JUnitReportReporter -->
<testsuite hostname="WJLP-1098" failures="0" tests="4" name="pages.TestPageConsignmentInbound" time="441.614" errors="0" timestamp="2021-03-15T12:20:46 CAT" skipped="0">
  <testcase classname="pages.TestPageConsignmentInbound" name="consignmentInboundEmailAndSave" time="232.431"/>
  <system-out/>
  <testcase classname="pages.TestPageConsignmentInbound" name="clickOnConsignment" time="30.468"/>
  <system-out/>
  <testcase classname="pages.TestPageConsignmentInbound" name="clickOnAccordian" time="6.044"/>
  <system-out/>
  <testcase classname="pages.TestPageConsignmentInbound" name="consignmentInboundSave" time="172.671"/>
  <system-out/>
</testsuite> <!-- pages.TestPageConsignmentInbound -->
