<?xml version="1.0" encoding="UTF-8"?>
<!-- Generated by org.testng.reporters.JUnitReportReporter -->
<testsuite hostname="WJLP-1098" failures="0" tests="3" name="pages.TestPageConsinment" time="167.496" errors="0" timestamp="2021-03-23T19:02:37 IST" skipped="0">
  <testcase classname="pages.TestPageConsinment" name="doStarted" time="130.025"/>
  <system-out/>
  <testcase classname="pages.TestPageConsinment" name="clickOnConsignment" time="31.638"/>
  <system-out/>
  <testcase classname="pages.TestPageConsinment" name="clickOnAccordian" time="5.833"/>
  <system-out/>
</testsuite> <!-- pages.TestPageConsinment -->
