<?xml version="1.0" encoding="UTF-8"?>
<!-- Generated by org.testng.reporters.JUnitReportReporter -->
<testsuite hostname="WJLP-1270" failures="0" tests="4" name="pages.TestPageConsignmentInboundProd" time="581.011" errors="0" timestamp="2021-07-12T13:45:52 IST" skipped="0">
  <testcase classname="pages.TestPageConsignmentInboundProd" name="clickOnAccordian" time="21.630"/>
  <system-out/>
  <testcase classname="pages.TestPageConsignmentInboundProd" name="consignmentInboundEmailAndSave" time="277.696"/>
  <system-out/>
  <testcase classname="pages.TestPageConsignmentInboundProd" name="clickOnConsignment" time="30.550"/>
  <system-out/>
  <testcase classname="pages.TestPageConsignmentInboundProd" name="consignmentInboundSave" time="251.135"/>
  <system-out/>
</testsuite> <!-- pages.TestPageConsignmentInboundProd -->
