<?xml version="1.0" encoding="UTF-8"?>
<!-- Generated by org.testng.reporters.JUnitReportReporter -->
<testsuite hostname="WJLP-1098" failures="0" tests="4" name="pages.TestPageConsinment" time="280.335" errors="0" timestamp="2020-09-01T16:20:52 IST" skipped="0">
  <testcase classname="pages.TestPageConsinment" name="clickOnAccordian" time="23.889"/>
  <system-out/>
  <testcase classname="pages.TestPageConsinment" name="doStarted" time="120.962"/>
  <system-out/>
  <testcase classname="pages.TestPageConsinment" name="doStarted" time="113.728"/>
  <system-out/>
  <testcase classname="pages.TestPageConsinment" name="clickOnConsignment" time="21.756"/>
  <system-out/>
</testsuite> <!-- pages.TestPageConsinment -->
