<?xml version="1.0" encoding="UTF-8"?>
<!-- Generated by org.testng.reporters.JUnitReportReporter -->
<testsuite hostname="WJLP-1098" failures="0" tests="2" name="pages.LoginPageTest" time="43.255" errors="0" timestamp="2021-03-22T18:45:47 IST" skipped="0">
  <testcase classname="pages.LoginPageTest" name="signIn" time="21.919"/>
  <system-out/>
  <testcase classname="pages.LoginPageTest" name="signIn" time="21.336"/>
  <system-out/>
</testsuite> <!-- pages.LoginPageTest -->
