<?xml version="1.0" encoding="UTF-8"?>
<!-- Generated by org.testng.reporters.JUnitReportReporter -->
<testsuite hostname="WJLP-1270" failures="0" tests="3" name="pages.LoginPageTest" time="63.204" errors="0" timestamp="2021-07-06T13:06:48 IST" skipped="0">
  <testcase classname="pages.LoginPageTest" name="signIn" time="20.949"/>
  <system-out/>
  <testcase classname="pages.LoginPageTest" name="signIn" time="21.274"/>
  <system-out/>
  <testcase classname="pages.LoginPageTest" name="signIn" time="20.981"/>
  <system-out/>
</testsuite> <!-- pages.LoginPageTest -->
