<?xml version="1.0" encoding="UTF-8"?>
<!-- Generated by org.testng.reporters.JUnitReportReporter -->
<testsuite hostname="WJLP-1270" failures="0" tests="4" name="pages.TestPageConsignmentOutboundPROD" time="356.591" errors="0" timestamp="2022-01-31T12:27:40 IST" skipped="0">
  <testcase classname="pages.TestPageConsignmentOutboundPROD" name="doStartWithPrinterSetup" time="154.051"/>
  <system-out/>
  <testcase classname="pages.TestPageConsignmentOutboundPROD" name="doStarted" time="166.155"/>
  <system-out/>
  <testcase classname="pages.TestPageConsignmentOutboundPROD" name="clickOnAccordian" time="5.564"/>
  <system-out/>
  <testcase classname="pages.TestPageConsignmentOutboundPROD" name="clickOnConsignment" time="30.821"/>
  <system-out/>
</testsuite> <!-- pages.TestPageConsignmentOutboundPROD -->
