<?xml version="1.0" encoding="UTF-8"?>
<!-- Generated by org.testng.reporters.JUnitReportReporter -->
<testsuite hostname="WJLP-1270" failures="0" tests="4" name="pages.TestPageConsinment" time="310.787" errors="0" timestamp="2021-03-30T14:32:34 IST" skipped="0">
  <testcase classname="pages.TestPageConsinment" name="clickOnConsignment" time="30.557"/>
  <system-out/>
  <testcase classname="pages.TestPageConsinment" name="doStarted" time="115.810"/>
  <system-out/>
  <testcase classname="pages.TestPageConsinment" name="clickOnAccordian" time="5.456"/>
  <system-out/>
  <testcase classname="pages.TestPageConsinment" name="verifyValueStepperIsNotPresentOnSelectionOfDoc" time="158.964"/>
  <system-out/>
</testsuite> <!-- pages.TestPageConsinment -->
