<?xml version="1.0" encoding="UTF-8"?>
<!-- Generated by org.testng.reporters.JUnitReportReporter -->
<testsuite hostname="WJLP-1098" failures="0" tests="2" name="pages.TestPageConsinment" time="148.471" errors="0" timestamp="2020-08-27T12:29:14 IST" skipped="0">
  <testcase classname="pages.TestPageConsinment" name="clickOnConsignment" time="22.433"/>
  <system-out/>
  <testcase classname="pages.TestPageConsinment" name="doStarted" time="126.038"/>
  <system-out/>
</testsuite> <!-- pages.TestPageConsinment -->
