<?xml version="1.0" encoding="UTF-8"?>
<!-- Generated by org.testng.reporters.JUnitReportReporter -->
<testsuite hostname="WJLP-1098" failures="0" tests="1" name="pages.LoginPageTest" time="3.202" errors="0" timestamp="2020-08-27T12:29:14 IST" skipped="0">
  <testcase classname="pages.LoginPageTest" name="signIn" time="3.202"/>
  <system-out/>
</testsuite> <!-- pages.LoginPageTest -->
