<?xml version="1.0" encoding="UTF-8"?>
<!-- Generated by org.testng.reporters.JUnitReportReporter -->
<testsuite hostname="WJLP-1098" failures="0" tests="2" name="pages.LoginPageTest" time="12.191" errors="0" timestamp="2021-03-15T12:20:46 CAT" skipped="0">
  <testcase classname="pages.LoginPageTest" name="signIn" time="4.392"/>
  <system-out/>
  <testcase classname="pages.LoginPageTest" name="signIn" time="7.799"/>
  <system-out/>
</testsuite> <!-- pages.LoginPageTest -->
