<?xml version="1.0" encoding="UTF-8"?>
<!-- Generated by org.testng.reporters.JUnitReportReporter -->
<testsuite hostname="WJLP-1098" failures="0" tests="1" name="pages.LoginPageTest" time="21.784" errors="0" timestamp="2021-03-22T12:00:57 IST" skipped="0">
  <testcase classname="pages.LoginPageTest" name="signIn" time="21.784"/>
  <system-out/>
</testsuite> <!-- pages.LoginPageTest -->
