<?xml version="1.0" encoding="UTF-8"?>
<!-- Generated by org.testng.reporters.JUnitReportReporter -->
<testsuite hostname="WJLP-1098" failures="0" tests="4" name="pages.TestPageConsinment" time="178.652" errors="0" timestamp="2021-02-01T12:58:35 CAT" skipped="0">
  <testcase classname="pages.TestPageConsinment" name="clickOnConsignment" time="41.088"/>
  <system-out/>
  <testcase classname="pages.TestPageConsinment" name="clickOnAccordian" time="5.887"/>
  <system-out/>
  <testcase classname="pages.TestPageConsinment" name="doStarted" time="79.479"/>
  <system-out/>
  <testcase classname="pages.TestPageConsinment" name="verifyValueStepperIsNotPresentOnSelectionOfDoc" time="52.198"/>
  <system-out/>
</testsuite> <!-- pages.TestPageConsinment -->
