<?xml version="1.0" encoding="UTF-8"?>
<!-- Generated by org.testng.reporters.JUnitReportReporter -->
<testsuite hostname="WJLP-1270" failures="0" tests="3" name="pages.LoginPageTest" time="63.590" errors="0" timestamp="2022-01-31T12:27:40 IST" skipped="0">
  <testcase classname="pages.LoginPageTest" name="signIn" time="21.053"/>
  <system-out/>
  <testcase classname="pages.LoginPageTest" name="signIn" time="21.146"/>
  <system-out/>
  <testcase classname="pages.LoginPageTest" name="signIn" time="21.391"/>
  <system-out/>
</testsuite> <!-- pages.LoginPageTest -->
