<?xml version="1.0" encoding="UTF-8"?>
<!-- Generated by org.testng.reporters.JUnitReportReporter -->
<testsuite hostname="WJLP-1270" failures="0" tests="3" name="pages.LoginPageTest" time="63.650" errors="0" timestamp="2021-07-12T13:45:52 IST" skipped="0">
  <testcase classname="pages.LoginPageTest" name="signIn" time="21.165"/>
  <system-out/>
  <testcase classname="pages.LoginPageTest" name="signIn" time="21.406"/>
  <system-out/>
  <testcase classname="pages.LoginPageTest" name="signIn" time="21.079"/>
  <system-out/>
</testsuite> <!-- pages.LoginPageTest -->
