<?xml version="1.0" encoding="UTF-8"?>
<!-- Generated by org.testng.reporters.JUnitReportReporter -->
<testsuite hostname="WJLP-1098" failures="0" tests="4" name="pages.TestPageConsinment" time="211.173" errors="0" timestamp="2021-03-22T11:21:13 IST" skipped="0">
  <testcase classname="pages.TestPageConsinment" name="verifyValueStepperIsNotPresentOnSelectionOfDoc" time="89.720"/>
  <system-out/>
  <testcase classname="pages.TestPageConsinment" name="clickOnAccordian" time="5.829"/>
  <system-out/>
  <testcase classname="pages.TestPageConsinment" name="clickOnConsignment" time="31.304"/>
  <system-out/>
  <testcase classname="pages.TestPageConsinment" name="doStarted" time="84.320"/>
  <system-out/>
</testsuite> <!-- pages.TestPageConsinment -->
