<?xml version="1.0" encoding="UTF-8"?>
<!-- Generated by org.testng.reporters.JUnitReportReporter -->
<testsuite hostname="WJLP-1270" failures="0" tests="3" name="pages.TestPageRMSUAT" time="266.775" errors="0" timestamp="2021-07-06T13:06:48 IST" skipped="0">
  <testcase classname="pages.TestPageRMSUAT" name="clickOnConsignment" time="25.408"/>
  <system-out/>
  <testcase classname="pages.TestPageRMSUAT" name="verifyDataOnRMSEditConsignment" time="0.712"/>
  <system-out/>
  <testcase classname="pages.TestPageRMSUAT" name="clickOnRMSPortalAndVerifyConsignmentISCreated" time="240.655"/>
  <system-out/>
</testsuite> <!-- pages.TestPageRMSUAT -->
