<?xml version="1.0" encoding="UTF-8"?>
<!-- Generated by org.testng.reporters.JUnitReportReporter -->
<testsuite hostname="WJLP-1098" failures="0" tests="4" name="pages.TestPageConsinment" time="208.617" errors="0" timestamp="2021-03-15T12:20:46 CAT" skipped="0">
  <testcase classname="pages.TestPageConsinment" name="verifyValueStepperIsNotPresentOnSelectionOfDoc" time="84.287"/>
  <system-out/>
  <testcase classname="pages.TestPageConsinment" name="doStarted" time="86.179"/>
  <system-out/>
  <testcase classname="pages.TestPageConsinment" name="clickOnConsignment" time="31.714"/>
  <system-out/>
  <testcase classname="pages.TestPageConsinment" name="clickOnAccordian" time="6.437"/>
  <system-out/>
</testsuite> <!-- pages.TestPageConsinment -->
